[0.040s] Invoking command in '/home/wb/ros_ws/build/nav2_behaviors': CMAKE_PREFIX_PATH=/home/wb/ros_ws/install/nav2_core:/home/wb/ros_ws/install/nav2_costmap_2d:/home/wb/ros_ws/install/nav2_map_server:/home/wb/ros_ws/install/nav2_lifecycle_manager:/home/wb/ros_ws/install/nav2_behavior_tree:/home/wb/ros_ws/install/nav2_util:/home/wb/ros_ws/install/nav2_voxel_grid:/home/wb/ros_ws/install/nav2_msgs:/home/wb/ros_ws/install/nav2_common:/home/wb/ros_ws/install/simple_robot:/home/wb/ros_ws/install/nav2_system_tests:/home/wb/ros_ws/install/my_robot_navigation:/home/wb/ros_ws/install/nav2_bringup:/home/wb/ros_ws/install/navigation2:/home/wb/ros_ws/install/nav2_smoother:/home/wb/ros_ws/install/nav2_rotation_shim_controller:/home/wb/ros_ws/install/nav2_graceful_controller:/home/wb/ros_ws/install/nav2_dwb_controller:/home/wb/ros_ws/install/nav2_controller:/home/wb/ros_ws/install/dwb_plugins:/home/wb/ros_ws/install/dwb_critics:/home/wb/ros_ws/install/dwb_core:/home/wb/ros_ws/install/nav_2d_utils:/home/wb/ros_ws/install/dwb_msgs:/home/wb/ros_ws/install/nav_2d_msgs:/home/wb/ros_ws/install/nav2_waypoint_follower:/home/wb/ros_ws/install/nav2_theta_star_planner:/home/wb/ros_ws/install/nav2_smac_planner:/home/wb/ros_ws/install/nav2_regulated_pure_pursuit_controller:/home/wb/ros_ws/install/nav2_planner:/home/wb/ros_ws/install/nav2_navfn_planner:/home/wb/ros_ws/install/nav2_mppi_controller:/home/wb/ros_ws/install/nav2_constrained_smoother:/home/wb/ros_ws/install/nav2_bt_navigator:/home/wb/ros_ws/install/nav2_behaviors:/home/wb/ros_ws/install/nav2_collision_monitor:/home/wb/ros_ws/install/costmap_queue:/home/wb/ros_ws/install/nav2_velocity_smoother:/home/wb/ros_ws/install/nav2_rviz_plugins:/home/wb/ros_ws/install/nav2_amcl:/home/wb/ros_ws/install/my_robot_simulation:/home/wb/ros_ws/install/my_robot_description:/home/wb/ros_ws/install/nav2_simple_commander:/opt/ros/humble LD_LIBRARY_PATH=/home/wb/ros_ws/install/nav2_costmap_2d/lib:/home/wb/ros_ws/install/nav2_map_server/lib:/home/wb/ros_ws/install/nav2_lifecycle_manager/lib:/home/wb/ros_ws/install/nav2_behavior_tree/lib:/home/wb/ros_ws/install/nav2_util/lib:/home/wb/ros_ws/install/nav2_voxel_grid/lib:/home/wb/ros_ws/install/nav2_msgs/lib:/opt/ros/humble/lib:/home/wb/ros_ws/install/nav2_smoother/lib:/home/wb/ros_ws/install/nav2_rotation_shim_controller/lib:/home/wb/ros_ws/install/nav2_graceful_controller/lib:/home/wb/ros_ws/install/nav2_controller/lib:/home/wb/ros_ws/install/dwb_plugins/lib:/home/wb/ros_ws/install/dwb_critics/lib:/home/wb/ros_ws/install/dwb_core/lib:/home/wb/ros_ws/install/nav_2d_utils/lib:/home/wb/ros_ws/install/dwb_msgs/lib:/home/wb/ros_ws/install/nav_2d_msgs/lib:/home/wb/ros_ws/install/nav2_waypoint_follower/lib:/home/wb/ros_ws/install/nav2_theta_star_planner/lib:/home/wb/ros_ws/install/nav2_smac_planner/lib:/home/wb/ros_ws/install/nav2_regulated_pure_pursuit_controller/lib:/home/wb/ros_ws/install/nav2_planner/lib:/home/wb/ros_ws/install/nav2_navfn_planner/lib:/home/wb/ros_ws/install/nav2_mppi_controller/lib:/home/wb/ros_ws/install/nav2_constrained_smoother/lib:/home/wb/ros_ws/install/nav2_bt_navigator/lib:/home/wb/ros_ws/install/nav2_behaviors/lib:/home/wb/ros_ws/install/nav2_collision_monitor/lib:/home/wb/ros_ws/install/costmap_queue/lib:/home/wb/ros_ws/install/nav2_velocity_smoother/lib:/home/wb/ros_ws/install/nav2_rviz_plugins/lib:/home/wb/ros_ws/install/nav2_amcl/lib:/usr/lib/x86_64-linux-gnu/gazebo-11/plugins:/opt/ros/humble/opt/rviz_ogre_vendor/lib:/opt/ros/humble/lib/x86_64-linux-gnu:/opt/ros/humble/lib /usr/bin/cmake /home/wb/ros_ws/src/navigation2/nav2_behaviors -DAMENT_CMAKE_SYMLINK_INSTALL=1 -DCMAKE_INSTALL_PREFIX=/home/wb/ros_ws/install/nav2_behaviors
[0.096s] -- The C compiler identification is GNU 11.4.0
[0.149s] -- The CXX compiler identification is GNU 11.4.0
[0.156s] -- Detecting C compiler ABI info
[0.235s] -- Detecting C compiler ABI info - done
[0.238s] -- Check for working C compiler: /usr/bin/cc - skipped
[0.238s] -- Detecting C compile features
[0.239s] -- Detecting C compile features - done
[0.241s] -- Detecting CXX compiler ABI info
[0.330s] -- Detecting CXX compiler ABI info - done
[0.335s] -- Check for working CXX compiler: /usr/bin/c++ - skipped
[0.336s] -- Detecting CXX compile features
[0.336s] -- Detecting CXX compile features - done
[0.344s] -- Found ament_cmake: 1.3.11 (/opt/ros/humble/share/ament_cmake/cmake)
[0.479s] -- Found Python3: /usr/bin/python3 (found version "3.10.12") found components: Interpreter 
[0.535s] -- Override CMake install command with custom implementation using symlinks instead of copying resources
[0.590s] -- Found nav2_common: 1.1.18 (/home/wb/ros_ws/install/nav2_common/share/nav2_common/cmake)
[0.594s] -- Found rclcpp: 16.0.12 (/opt/ros/humble/share/rclcpp/cmake)
[0.662s] -- Found rosidl_generator_c: 3.1.6 (/opt/ros/humble/share/rosidl_generator_c/cmake)
[0.669s] -- Found rosidl_adapter: 3.1.6 (/opt/ros/humble/share/rosidl_adapter/cmake)
[0.681s] -- Found rosidl_generator_cpp: 3.1.6 (/opt/ros/humble/share/rosidl_generator_cpp/cmake)
[0.698s] -- Using all available rosidl_typesupport_c: rosidl_typesupport_fastrtps_c;rosidl_typesupport_introspection_c
[0.723s] -- Using all available rosidl_typesupport_cpp: rosidl_typesupport_fastrtps_cpp;rosidl_typesupport_introspection_cpp
[0.783s] -- Found rmw_implementation_cmake: 6.1.2 (/opt/ros/humble/share/rmw_implementation_cmake/cmake)
[0.789s] -- Found rmw_fastrtps_cpp: 6.2.7 (/opt/ros/humble/share/rmw_fastrtps_cpp/cmake)
[0.903s] -- Found OpenSSL: /usr/lib/x86_64-linux-gnu/libcrypto.so (found version "3.0.2")  
[0.930s] -- Found FastRTPS: /opt/ros/humble/include  
[0.970s] -- Using RMW implementation 'rmw_fastrtps_cpp' as default
[0.984s] -- Looking for pthread.h
[1.065s] -- Looking for pthread.h - found
[1.066s] -- Performing Test CMAKE_HAVE_LIBC_PTHREAD
[1.147s] -- Performing Test CMAKE_HAVE_LIBC_PTHREAD - Success
[1.149s] -- Found Threads: TRUE  
[1.200s] -- Found rclcpp_action: 16.0.12 (/opt/ros/humble/share/rclcpp_action/cmake)
[1.235s] -- Found rclcpp_lifecycle: 16.0.12 (/opt/ros/humble/share/rclcpp_lifecycle/cmake)
[1.257s] -- Found rclcpp_components: 16.0.12 (/opt/ros/humble/share/rclcpp_components/cmake)
[1.285s] -- Found nav2_behavior_tree: 1.1.18 (/home/wb/ros_ws/install/nav2_behavior_tree/share/nav2_behavior_tree/cmake)
[1.427s] -- Found eigen3_cmake_module: 0.1.1 (/opt/ros/humble/share/eigen3_cmake_module/cmake)
[1.427s] -- Found Eigen3: TRUE (found version "3.4.0") 
[1.427s] -- Ensuring Eigen3 include directory is part of orocos-kdl CMake target
[1.474s] -- Found nav2_costmap_2d: 1.1.18 (/home/wb/ros_ws/install/nav2_costmap_2d/share/nav2_costmap_2d/cmake)
[1.560s] -- Found nav2_core: 1.1.18 (/home/wb/ros_ws/install/nav2_core/share/nav2_core/cmake)
[1.569s] -- Setting build type to Release as none was specified.
[2.439s] -- Found ament_lint_auto: 0.12.12 (/opt/ros/humble/share/ament_lint_auto/cmake)
[2.544s] -- Found gtest sources under '/opt/ros/humble/src/gtest_vendor': C++ tests using 'Google Test' will be built
[2.653s] -- Added test 'copyright' to check source files copyright and LICENSE
[2.656s] -- Added test 'cppcheck' to perform static code analysis on C / C++ code
[2.658s] -- Configured cppcheck include dirs: /home/wb/ros_ws/src/navigation2/nav2_behaviors/include
[2.658s] -- Configured cppcheck exclude dirs and/or files: 
[2.660s] -- Added test 'cpplint' to check C / C++ code against the Google style
[2.661s] -- Configured cpplint exclude dirs and/or files: 
[2.661s] -- Added test 'lint_cmake' to check CMake code style
[2.664s] -- Added test 'uncrustify' to check C / C++ code style
[2.664s] -- Configured uncrustify additional arguments: 
[2.665s] -- Added test 'xmllint' to check XML markup files
[2.669s] -- Configuring done
[3.463s] -- Generating done
[3.492s] -- Build files have been written to: /home/wb/ros_ws/build/nav2_behaviors
[3.506s] Invoked command in '/home/wb/ros_ws/build/nav2_behaviors' returned '0': CMAKE_PREFIX_PATH=/home/wb/ros_ws/install/nav2_core:/home/wb/ros_ws/install/nav2_costmap_2d:/home/wb/ros_ws/install/nav2_map_server:/home/wb/ros_ws/install/nav2_lifecycle_manager:/home/wb/ros_ws/install/nav2_behavior_tree:/home/wb/ros_ws/install/nav2_util:/home/wb/ros_ws/install/nav2_voxel_grid:/home/wb/ros_ws/install/nav2_msgs:/home/wb/ros_ws/install/nav2_common:/home/wb/ros_ws/install/simple_robot:/home/wb/ros_ws/install/nav2_system_tests:/home/wb/ros_ws/install/my_robot_navigation:/home/wb/ros_ws/install/nav2_bringup:/home/wb/ros_ws/install/navigation2:/home/wb/ros_ws/install/nav2_smoother:/home/wb/ros_ws/install/nav2_rotation_shim_controller:/home/wb/ros_ws/install/nav2_graceful_controller:/home/wb/ros_ws/install/nav2_dwb_controller:/home/wb/ros_ws/install/nav2_controller:/home/wb/ros_ws/install/dwb_plugins:/home/wb/ros_ws/install/dwb_critics:/home/wb/ros_ws/install/dwb_core:/home/wb/ros_ws/install/nav_2d_utils:/home/wb/ros_ws/install/dwb_msgs:/home/wb/ros_ws/install/nav_2d_msgs:/home/wb/ros_ws/install/nav2_waypoint_follower:/home/wb/ros_ws/install/nav2_theta_star_planner:/home/wb/ros_ws/install/nav2_smac_planner:/home/wb/ros_ws/install/nav2_regulated_pure_pursuit_controller:/home/wb/ros_ws/install/nav2_planner:/home/wb/ros_ws/install/nav2_navfn_planner:/home/wb/ros_ws/install/nav2_mppi_controller:/home/wb/ros_ws/install/nav2_constrained_smoother:/home/wb/ros_ws/install/nav2_bt_navigator:/home/wb/ros_ws/install/nav2_behaviors:/home/wb/ros_ws/install/nav2_collision_monitor:/home/wb/ros_ws/install/costmap_queue:/home/wb/ros_ws/install/nav2_velocity_smoother:/home/wb/ros_ws/install/nav2_rviz_plugins:/home/wb/ros_ws/install/nav2_amcl:/home/wb/ros_ws/install/my_robot_simulation:/home/wb/ros_ws/install/my_robot_description:/home/wb/ros_ws/install/nav2_simple_commander:/opt/ros/humble LD_LIBRARY_PATH=/home/wb/ros_ws/install/nav2_costmap_2d/lib:/home/wb/ros_ws/install/nav2_map_server/lib:/home/wb/ros_ws/install/nav2_lifecycle_manager/lib:/home/wb/ros_ws/install/nav2_behavior_tree/lib:/home/wb/ros_ws/install/nav2_util/lib:/home/wb/ros_ws/install/nav2_voxel_grid/lib:/home/wb/ros_ws/install/nav2_msgs/lib:/opt/ros/humble/lib:/home/wb/ros_ws/install/nav2_smoother/lib:/home/wb/ros_ws/install/nav2_rotation_shim_controller/lib:/home/wb/ros_ws/install/nav2_graceful_controller/lib:/home/wb/ros_ws/install/nav2_controller/lib:/home/wb/ros_ws/install/dwb_plugins/lib:/home/wb/ros_ws/install/dwb_critics/lib:/home/wb/ros_ws/install/dwb_core/lib:/home/wb/ros_ws/install/nav_2d_utils/lib:/home/wb/ros_ws/install/dwb_msgs/lib:/home/wb/ros_ws/install/nav_2d_msgs/lib:/home/wb/ros_ws/install/nav2_waypoint_follower/lib:/home/wb/ros_ws/install/nav2_theta_star_planner/lib:/home/wb/ros_ws/install/nav2_smac_planner/lib:/home/wb/ros_ws/install/nav2_regulated_pure_pursuit_controller/lib:/home/wb/ros_ws/install/nav2_planner/lib:/home/wb/ros_ws/install/nav2_navfn_planner/lib:/home/wb/ros_ws/install/nav2_mppi_controller/lib:/home/wb/ros_ws/install/nav2_constrained_smoother/lib:/home/wb/ros_ws/install/nav2_bt_navigator/lib:/home/wb/ros_ws/install/nav2_behaviors/lib:/home/wb/ros_ws/install/nav2_collision_monitor/lib:/home/wb/ros_ws/install/costmap_queue/lib:/home/wb/ros_ws/install/nav2_velocity_smoother/lib:/home/wb/ros_ws/install/nav2_rviz_plugins/lib:/home/wb/ros_ws/install/nav2_amcl/lib:/usr/lib/x86_64-linux-gnu/gazebo-11/plugins:/opt/ros/humble/opt/rviz_ogre_vendor/lib:/opt/ros/humble/lib/x86_64-linux-gnu:/opt/ros/humble/lib /usr/bin/cmake /home/wb/ros_ws/src/navigation2/nav2_behaviors -DAMENT_CMAKE_SYMLINK_INSTALL=1 -DCMAKE_INSTALL_PREFIX=/home/wb/ros_ws/install/nav2_behaviors
[3.507s] Invoking command in '/home/wb/ros_ws/build/nav2_behaviors': CMAKE_PREFIX_PATH=/home/wb/ros_ws/install/nav2_core:/home/wb/ros_ws/install/nav2_costmap_2d:/home/wb/ros_ws/install/nav2_map_server:/home/wb/ros_ws/install/nav2_lifecycle_manager:/home/wb/ros_ws/install/nav2_behavior_tree:/home/wb/ros_ws/install/nav2_util:/home/wb/ros_ws/install/nav2_voxel_grid:/home/wb/ros_ws/install/nav2_msgs:/home/wb/ros_ws/install/nav2_common:/home/wb/ros_ws/install/simple_robot:/home/wb/ros_ws/install/nav2_system_tests:/home/wb/ros_ws/install/my_robot_navigation:/home/wb/ros_ws/install/nav2_bringup:/home/wb/ros_ws/install/navigation2:/home/wb/ros_ws/install/nav2_smoother:/home/wb/ros_ws/install/nav2_rotation_shim_controller:/home/wb/ros_ws/install/nav2_graceful_controller:/home/wb/ros_ws/install/nav2_dwb_controller:/home/wb/ros_ws/install/nav2_controller:/home/wb/ros_ws/install/dwb_plugins:/home/wb/ros_ws/install/dwb_critics:/home/wb/ros_ws/install/dwb_core:/home/wb/ros_ws/install/nav_2d_utils:/home/wb/ros_ws/install/dwb_msgs:/home/wb/ros_ws/install/nav_2d_msgs:/home/wb/ros_ws/install/nav2_waypoint_follower:/home/wb/ros_ws/install/nav2_theta_star_planner:/home/wb/ros_ws/install/nav2_smac_planner:/home/wb/ros_ws/install/nav2_regulated_pure_pursuit_controller:/home/wb/ros_ws/install/nav2_planner:/home/wb/ros_ws/install/nav2_navfn_planner:/home/wb/ros_ws/install/nav2_mppi_controller:/home/wb/ros_ws/install/nav2_constrained_smoother:/home/wb/ros_ws/install/nav2_bt_navigator:/home/wb/ros_ws/install/nav2_behaviors:/home/wb/ros_ws/install/nav2_collision_monitor:/home/wb/ros_ws/install/costmap_queue:/home/wb/ros_ws/install/nav2_velocity_smoother:/home/wb/ros_ws/install/nav2_rviz_plugins:/home/wb/ros_ws/install/nav2_amcl:/home/wb/ros_ws/install/my_robot_simulation:/home/wb/ros_ws/install/my_robot_description:/home/wb/ros_ws/install/nav2_simple_commander:/opt/ros/humble LD_LIBRARY_PATH=/home/wb/ros_ws/install/nav2_costmap_2d/lib:/home/wb/ros_ws/install/nav2_map_server/lib:/home/wb/ros_ws/install/nav2_lifecycle_manager/lib:/home/wb/ros_ws/install/nav2_behavior_tree/lib:/home/wb/ros_ws/install/nav2_util/lib:/home/wb/ros_ws/install/nav2_voxel_grid/lib:/home/wb/ros_ws/install/nav2_msgs/lib:/opt/ros/humble/lib:/home/wb/ros_ws/install/nav2_smoother/lib:/home/wb/ros_ws/install/nav2_rotation_shim_controller/lib:/home/wb/ros_ws/install/nav2_graceful_controller/lib:/home/wb/ros_ws/install/nav2_controller/lib:/home/wb/ros_ws/install/dwb_plugins/lib:/home/wb/ros_ws/install/dwb_critics/lib:/home/wb/ros_ws/install/dwb_core/lib:/home/wb/ros_ws/install/nav_2d_utils/lib:/home/wb/ros_ws/install/dwb_msgs/lib:/home/wb/ros_ws/install/nav_2d_msgs/lib:/home/wb/ros_ws/install/nav2_waypoint_follower/lib:/home/wb/ros_ws/install/nav2_theta_star_planner/lib:/home/wb/ros_ws/install/nav2_smac_planner/lib:/home/wb/ros_ws/install/nav2_regulated_pure_pursuit_controller/lib:/home/wb/ros_ws/install/nav2_planner/lib:/home/wb/ros_ws/install/nav2_navfn_planner/lib:/home/wb/ros_ws/install/nav2_mppi_controller/lib:/home/wb/ros_ws/install/nav2_constrained_smoother/lib:/home/wb/ros_ws/install/nav2_bt_navigator/lib:/home/wb/ros_ws/install/nav2_behaviors/lib:/home/wb/ros_ws/install/nav2_collision_monitor/lib:/home/wb/ros_ws/install/costmap_queue/lib:/home/wb/ros_ws/install/nav2_velocity_smoother/lib:/home/wb/ros_ws/install/nav2_rviz_plugins/lib:/home/wb/ros_ws/install/nav2_amcl/lib:/usr/lib/x86_64-linux-gnu/gazebo-11/plugins:/opt/ros/humble/opt/rviz_ogre_vendor/lib:/opt/ros/humble/lib/x86_64-linux-gnu:/opt/ros/humble/lib /usr/bin/cmake --build /home/wb/ros_ws/build/nav2_behaviors -- -j4 -l4
[3.573s] [  5%] [32mBuilding CXX object CMakeFiles/nav2_spin_behavior.dir/plugins/spin.cpp.o[0m
[10.224s] [ 10%] [32m[1mLinking CXX shared library libnav2_spin_behavior.so[0m
[10.599s] [ 10%] Built target nav2_spin_behavior
[10.627s] [ 15%] [32mBuilding CXX object CMakeFiles/nav2_back_up_behavior.dir/plugins/back_up.cpp.o[0m
[17.226s] [ 20%] [32m[1mLinking CXX shared library libnav2_back_up_behavior.so[0m
[17.560s] [ 20%] Built target nav2_back_up_behavior
[17.588s] [ 25%] [32mBuilding CXX object CMakeFiles/nav2_assisted_teleop_behavior.dir/plugins/assisted_teleop.cpp.o[0m
[31.728s] [ 30%] [32m[1mLinking CXX shared library libnav2_assisted_teleop_behavior.so[0m
[32.132s] [ 30%] Built target nav2_assisted_teleop_behavior
[32.160s] [ 35%] [32mBuilding CXX object CMakeFiles/behavior_server_core.dir/src/behavior_server.cpp.o[0m
[39.343s] [ 40%] [32m[1mLinking CXX shared library libbehavior_server_core.so[0m
[39.689s] [ 40%] Built target behavior_server_core
[39.713s] [ 45%] [32mBuilding CXX object gtest/CMakeFiles/gtest_main.dir/src/gtest_main.cc.o[0m
[40.395s] [ 50%] [32m[1mLinking CXX static library libgtest_main.a[0m
[40.435s] [ 50%] Built target gtest_main
[40.465s] [ 55%] [32mBuilding CXX object gtest/CMakeFiles/gtest.dir/src/gtest-all.cc.o[0m
[45.650s] [ 60%] [32m[1mLinking CXX static library libgtest.a[0m
[45.717s] [ 60%] Built target gtest
[45.752s] [ 65%] [32mBuilding CXX object CMakeFiles/behavior_server.dir/src/main.cpp.o[0m
[49.337s] [ 70%] [32m[1mLinking CXX executable behavior_server[0m
[49.634s] [ 70%] Built target behavior_server
[49.663s] [ 75%] [32mBuilding CXX object test/CMakeFiles/test_behaviors.dir/test_behaviors.cpp.o[0m
[58.240s] [ 80%] [32m[1mLinking CXX executable test_behaviors[0m
[58.660s] [ 80%] Built target test_behaviors
[58.688s] [ 85%] [32mBuilding CXX object CMakeFiles/nav2_drive_on_heading_behavior.dir/plugins/drive_on_heading.cpp.o[0m
[65.228s] [ 90%] [32m[1mLinking CXX shared library libnav2_drive_on_heading_behavior.so[0m
[65.561s] [ 90%] Built target nav2_drive_on_heading_behavior
[65.591s] [ 95%] [32mBuilding CXX object CMakeFiles/nav2_wait_behavior.dir/plugins/wait.cpp.o[0m
[71.934s] [100%] [32m[1mLinking CXX shared library libnav2_wait_behavior.so[0m
[72.271s] [100%] Built target nav2_wait_behavior
[72.284s] Invoked command in '/home/wb/ros_ws/build/nav2_behaviors' returned '0': CMAKE_PREFIX_PATH=/home/wb/ros_ws/install/nav2_core:/home/wb/ros_ws/install/nav2_costmap_2d:/home/wb/ros_ws/install/nav2_map_server:/home/wb/ros_ws/install/nav2_lifecycle_manager:/home/wb/ros_ws/install/nav2_behavior_tree:/home/wb/ros_ws/install/nav2_util:/home/wb/ros_ws/install/nav2_voxel_grid:/home/wb/ros_ws/install/nav2_msgs:/home/wb/ros_ws/install/nav2_common:/home/wb/ros_ws/install/simple_robot:/home/wb/ros_ws/install/nav2_system_tests:/home/wb/ros_ws/install/my_robot_navigation:/home/wb/ros_ws/install/nav2_bringup:/home/wb/ros_ws/install/navigation2:/home/wb/ros_ws/install/nav2_smoother:/home/wb/ros_ws/install/nav2_rotation_shim_controller:/home/wb/ros_ws/install/nav2_graceful_controller:/home/wb/ros_ws/install/nav2_dwb_controller:/home/wb/ros_ws/install/nav2_controller:/home/wb/ros_ws/install/dwb_plugins:/home/wb/ros_ws/install/dwb_critics:/home/wb/ros_ws/install/dwb_core:/home/wb/ros_ws/install/nav_2d_utils:/home/wb/ros_ws/install/dwb_msgs:/home/wb/ros_ws/install/nav_2d_msgs:/home/wb/ros_ws/install/nav2_waypoint_follower:/home/wb/ros_ws/install/nav2_theta_star_planner:/home/wb/ros_ws/install/nav2_smac_planner:/home/wb/ros_ws/install/nav2_regulated_pure_pursuit_controller:/home/wb/ros_ws/install/nav2_planner:/home/wb/ros_ws/install/nav2_navfn_planner:/home/wb/ros_ws/install/nav2_mppi_controller:/home/wb/ros_ws/install/nav2_constrained_smoother:/home/wb/ros_ws/install/nav2_bt_navigator:/home/wb/ros_ws/install/nav2_behaviors:/home/wb/ros_ws/install/nav2_collision_monitor:/home/wb/ros_ws/install/costmap_queue:/home/wb/ros_ws/install/nav2_velocity_smoother:/home/wb/ros_ws/install/nav2_rviz_plugins:/home/wb/ros_ws/install/nav2_amcl:/home/wb/ros_ws/install/my_robot_simulation:/home/wb/ros_ws/install/my_robot_description:/home/wb/ros_ws/install/nav2_simple_commander:/opt/ros/humble LD_LIBRARY_PATH=/home/wb/ros_ws/install/nav2_costmap_2d/lib:/home/wb/ros_ws/install/nav2_map_server/lib:/home/wb/ros_ws/install/nav2_lifecycle_manager/lib:/home/wb/ros_ws/install/nav2_behavior_tree/lib:/home/wb/ros_ws/install/nav2_util/lib:/home/wb/ros_ws/install/nav2_voxel_grid/lib:/home/wb/ros_ws/install/nav2_msgs/lib:/opt/ros/humble/lib:/home/wb/ros_ws/install/nav2_smoother/lib:/home/wb/ros_ws/install/nav2_rotation_shim_controller/lib:/home/wb/ros_ws/install/nav2_graceful_controller/lib:/home/wb/ros_ws/install/nav2_controller/lib:/home/wb/ros_ws/install/dwb_plugins/lib:/home/wb/ros_ws/install/dwb_critics/lib:/home/wb/ros_ws/install/dwb_core/lib:/home/wb/ros_ws/install/nav_2d_utils/lib:/home/wb/ros_ws/install/dwb_msgs/lib:/home/wb/ros_ws/install/nav_2d_msgs/lib:/home/wb/ros_ws/install/nav2_waypoint_follower/lib:/home/wb/ros_ws/install/nav2_theta_star_planner/lib:/home/wb/ros_ws/install/nav2_smac_planner/lib:/home/wb/ros_ws/install/nav2_regulated_pure_pursuit_controller/lib:/home/wb/ros_ws/install/nav2_planner/lib:/home/wb/ros_ws/install/nav2_navfn_planner/lib:/home/wb/ros_ws/install/nav2_mppi_controller/lib:/home/wb/ros_ws/install/nav2_constrained_smoother/lib:/home/wb/ros_ws/install/nav2_bt_navigator/lib:/home/wb/ros_ws/install/nav2_behaviors/lib:/home/wb/ros_ws/install/nav2_collision_monitor/lib:/home/wb/ros_ws/install/costmap_queue/lib:/home/wb/ros_ws/install/nav2_velocity_smoother/lib:/home/wb/ros_ws/install/nav2_rviz_plugins/lib:/home/wb/ros_ws/install/nav2_amcl/lib:/usr/lib/x86_64-linux-gnu/gazebo-11/plugins:/opt/ros/humble/opt/rviz_ogre_vendor/lib:/opt/ros/humble/lib/x86_64-linux-gnu:/opt/ros/humble/lib /usr/bin/cmake --build /home/wb/ros_ws/build/nav2_behaviors -- -j4 -l4
[72.287s] Invoking command in '/home/wb/ros_ws/build/nav2_behaviors': CMAKE_PREFIX_PATH=/home/wb/ros_ws/install/nav2_core:/home/wb/ros_ws/install/nav2_costmap_2d:/home/wb/ros_ws/install/nav2_map_server:/home/wb/ros_ws/install/nav2_lifecycle_manager:/home/wb/ros_ws/install/nav2_behavior_tree:/home/wb/ros_ws/install/nav2_util:/home/wb/ros_ws/install/nav2_voxel_grid:/home/wb/ros_ws/install/nav2_msgs:/home/wb/ros_ws/install/nav2_common:/home/wb/ros_ws/install/simple_robot:/home/wb/ros_ws/install/nav2_system_tests:/home/wb/ros_ws/install/my_robot_navigation:/home/wb/ros_ws/install/nav2_bringup:/home/wb/ros_ws/install/navigation2:/home/wb/ros_ws/install/nav2_smoother:/home/wb/ros_ws/install/nav2_rotation_shim_controller:/home/wb/ros_ws/install/nav2_graceful_controller:/home/wb/ros_ws/install/nav2_dwb_controller:/home/wb/ros_ws/install/nav2_controller:/home/wb/ros_ws/install/dwb_plugins:/home/wb/ros_ws/install/dwb_critics:/home/wb/ros_ws/install/dwb_core:/home/wb/ros_ws/install/nav_2d_utils:/home/wb/ros_ws/install/dwb_msgs:/home/wb/ros_ws/install/nav_2d_msgs:/home/wb/ros_ws/install/nav2_waypoint_follower:/home/wb/ros_ws/install/nav2_theta_star_planner:/home/wb/ros_ws/install/nav2_smac_planner:/home/wb/ros_ws/install/nav2_regulated_pure_pursuit_controller:/home/wb/ros_ws/install/nav2_planner:/home/wb/ros_ws/install/nav2_navfn_planner:/home/wb/ros_ws/install/nav2_mppi_controller:/home/wb/ros_ws/install/nav2_constrained_smoother:/home/wb/ros_ws/install/nav2_bt_navigator:/home/wb/ros_ws/install/nav2_behaviors:/home/wb/ros_ws/install/nav2_collision_monitor:/home/wb/ros_ws/install/costmap_queue:/home/wb/ros_ws/install/nav2_velocity_smoother:/home/wb/ros_ws/install/nav2_rviz_plugins:/home/wb/ros_ws/install/nav2_amcl:/home/wb/ros_ws/install/my_robot_simulation:/home/wb/ros_ws/install/my_robot_description:/home/wb/ros_ws/install/nav2_simple_commander:/opt/ros/humble LD_LIBRARY_PATH=/home/wb/ros_ws/install/nav2_costmap_2d/lib:/home/wb/ros_ws/install/nav2_map_server/lib:/home/wb/ros_ws/install/nav2_lifecycle_manager/lib:/home/wb/ros_ws/install/nav2_behavior_tree/lib:/home/wb/ros_ws/install/nav2_util/lib:/home/wb/ros_ws/install/nav2_voxel_grid/lib:/home/wb/ros_ws/install/nav2_msgs/lib:/opt/ros/humble/lib:/home/wb/ros_ws/install/nav2_smoother/lib:/home/wb/ros_ws/install/nav2_rotation_shim_controller/lib:/home/wb/ros_ws/install/nav2_graceful_controller/lib:/home/wb/ros_ws/install/nav2_controller/lib:/home/wb/ros_ws/install/dwb_plugins/lib:/home/wb/ros_ws/install/dwb_critics/lib:/home/wb/ros_ws/install/dwb_core/lib:/home/wb/ros_ws/install/nav_2d_utils/lib:/home/wb/ros_ws/install/dwb_msgs/lib:/home/wb/ros_ws/install/nav_2d_msgs/lib:/home/wb/ros_ws/install/nav2_waypoint_follower/lib:/home/wb/ros_ws/install/nav2_theta_star_planner/lib:/home/wb/ros_ws/install/nav2_smac_planner/lib:/home/wb/ros_ws/install/nav2_regulated_pure_pursuit_controller/lib:/home/wb/ros_ws/install/nav2_planner/lib:/home/wb/ros_ws/install/nav2_navfn_planner/lib:/home/wb/ros_ws/install/nav2_mppi_controller/lib:/home/wb/ros_ws/install/nav2_constrained_smoother/lib:/home/wb/ros_ws/install/nav2_bt_navigator/lib:/home/wb/ros_ws/install/nav2_behaviors/lib:/home/wb/ros_ws/install/nav2_collision_monitor/lib:/home/wb/ros_ws/install/costmap_queue/lib:/home/wb/ros_ws/install/nav2_velocity_smoother/lib:/home/wb/ros_ws/install/nav2_rviz_plugins/lib:/home/wb/ros_ws/install/nav2_amcl/lib:/usr/lib/x86_64-linux-gnu/gazebo-11/plugins:/opt/ros/humble/opt/rviz_ogre_vendor/lib:/opt/ros/humble/lib/x86_64-linux-gnu:/opt/ros/humble/lib /usr/bin/cmake --install /home/wb/ros_ws/build/nav2_behaviors
[72.294s] -- Install configuration: "Release"
[72.295s] -- Execute custom install script
[72.295s] -- Symlinking: /home/wb/ros_ws/install/nav2_behaviors/share/nav2_behaviors//behavior_plugin.xml
[72.305s] -- Symlinking: /home/wb/ros_ws/install/nav2_behaviors/lib/libbehavior_server_core.so
[72.317s] -- Symlinking: /home/wb/ros_ws/install/nav2_behaviors/lib/libnav2_spin_behavior.so
[72.328s] -- Symlinking: /home/wb/ros_ws/install/nav2_behaviors/lib/libnav2_wait_behavior.so
[72.338s] -- Symlinking: /home/wb/ros_ws/install/nav2_behaviors/lib/libnav2_assisted_teleop_behavior.so
[72.349s] -- Symlinking: /home/wb/ros_ws/install/nav2_behaviors/lib/libnav2_drive_on_heading_behavior.so
[72.358s] -- Symlinking: /home/wb/ros_ws/install/nav2_behaviors/lib/libnav2_back_up_behavior.so
[72.368s] -- Symlinking: /home/wb/ros_ws/install/nav2_behaviors/lib/nav2_behaviors/behavior_server
[72.379s] -- Symlinking: /home/wb/ros_ws/install/nav2_behaviors/include//nav2_behaviors/behavior_server.hpp
[72.389s] -- Symlinking: /home/wb/ros_ws/install/nav2_behaviors/include//nav2_behaviors/plugins/assisted_teleop.hpp
[72.399s] -- Symlinking: /home/wb/ros_ws/install/nav2_behaviors/include//nav2_behaviors/plugins/back_up.hpp
[72.411s] -- Symlinking: /home/wb/ros_ws/install/nav2_behaviors/include//nav2_behaviors/plugins/drive_on_heading.hpp
[72.420s] -- Symlinking: /home/wb/ros_ws/install/nav2_behaviors/include//nav2_behaviors/plugins/spin.hpp
[72.431s] -- Symlinking: /home/wb/ros_ws/install/nav2_behaviors/include//nav2_behaviors/plugins/wait.hpp
[72.444s] -- Symlinking: /home/wb/ros_ws/install/nav2_behaviors/include//nav2_behaviors/timed_behavior.hpp
[72.454s] -- Up-to-date symlink: /home/wb/ros_ws/install/nav2_behaviors/share/nav2_behaviors/behavior_plugin.xml
[72.454s] -- Symlinking: /home/wb/ros_ws/install/nav2_behaviors/share/nav2_behaviors/plugins//assisted_teleop.cpp
[72.464s] -- Symlinking: /home/wb/ros_ws/install/nav2_behaviors/share/nav2_behaviors/plugins//back_up.cpp
[72.473s] -- Symlinking: /home/wb/ros_ws/install/nav2_behaviors/share/nav2_behaviors/plugins//drive_on_heading.cpp
[72.485s] -- Symlinking: /home/wb/ros_ws/install/nav2_behaviors/share/nav2_behaviors/plugins//spin.cpp
[72.492s] -- Symlinking: /home/wb/ros_ws/install/nav2_behaviors/share/nav2_behaviors/plugins//wait.cpp
[72.502s] -- Symlinking: /home/wb/ros_ws/install/nav2_behaviors/share/nav2_behaviors/environment/library_path.sh
[72.528s] -- Symlinking: /home/wb/ros_ws/install/nav2_behaviors/share/nav2_behaviors/environment/library_path.dsv
[72.528s] -- Symlinking: /home/wb/ros_ws/install/nav2_behaviors/share/ament_index/resource_index/package_run_dependencies/nav2_behaviors
[72.542s] -- Symlinking: /home/wb/ros_ws/install/nav2_behaviors/share/ament_index/resource_index/parent_prefix_path/nav2_behaviors
[72.554s] -- Symlinking: /home/wb/ros_ws/install/nav2_behaviors/share/nav2_behaviors/environment/ament_prefix_path.sh
[72.578s] -- Symlinking: /home/wb/ros_ws/install/nav2_behaviors/share/nav2_behaviors/environment/ament_prefix_path.dsv
[72.588s] -- Symlinking: /home/wb/ros_ws/install/nav2_behaviors/share/nav2_behaviors/environment/path.sh
[72.602s] -- Symlinking: /home/wb/ros_ws/install/nav2_behaviors/share/nav2_behaviors/environment/path.dsv
[72.608s] -- Symlinking: /home/wb/ros_ws/install/nav2_behaviors/share/nav2_behaviors/local_setup.bash
[72.618s] -- Symlinking: /home/wb/ros_ws/install/nav2_behaviors/share/nav2_behaviors/local_setup.sh
[72.631s] -- Symlinking: /home/wb/ros_ws/install/nav2_behaviors/share/nav2_behaviors/local_setup.zsh
[72.640s] -- Symlinking: /home/wb/ros_ws/install/nav2_behaviors/share/nav2_behaviors/local_setup.dsv
[72.650s] -- Symlinking: /home/wb/ros_ws/install/nav2_behaviors/share/nav2_behaviors/package.dsv
[72.659s] -- Symlinking: /home/wb/ros_ws/install/nav2_behaviors/share/ament_index/resource_index/packages/nav2_behaviors
[72.669s] -- Symlinking: /home/wb/ros_ws/install/nav2_behaviors/share/ament_index/resource_index/nav2_core__pluginlib__plugin/nav2_behaviors
[72.678s] -- Symlinking: /home/wb/ros_ws/install/nav2_behaviors/share/ament_index/resource_index/rclcpp_components/nav2_behaviors
[72.688s] -- Symlinking: /home/wb/ros_ws/install/nav2_behaviors/share/nav2_behaviors/cmake/ament_cmake_export_include_directories-extras.cmake
[72.697s] -- Symlinking: /home/wb/ros_ws/install/nav2_behaviors/share/nav2_behaviors/cmake/ament_cmake_export_libraries-extras.cmake
[72.707s] -- Symlinking: /home/wb/ros_ws/install/nav2_behaviors/share/nav2_behaviors/cmake/ament_cmake_export_dependencies-extras.cmake
[72.716s] -- Symlinking: /home/wb/ros_ws/install/nav2_behaviors/share/nav2_behaviors/cmake/nav2_behaviorsConfig.cmake
[72.726s] -- Symlinking: /home/wb/ros_ws/install/nav2_behaviors/share/nav2_behaviors/cmake/nav2_behaviorsConfig-version.cmake
[72.739s] -- Symlinking: /home/wb/ros_ws/install/nav2_behaviors/share/nav2_behaviors/package.xml
[72.749s] Invoked command in '/home/wb/ros_ws/build/nav2_behaviors' returned '0': CMAKE_PREFIX_PATH=/home/wb/ros_ws/install/nav2_core:/home/wb/ros_ws/install/nav2_costmap_2d:/home/wb/ros_ws/install/nav2_map_server:/home/wb/ros_ws/install/nav2_lifecycle_manager:/home/wb/ros_ws/install/nav2_behavior_tree:/home/wb/ros_ws/install/nav2_util:/home/wb/ros_ws/install/nav2_voxel_grid:/home/wb/ros_ws/install/nav2_msgs:/home/wb/ros_ws/install/nav2_common:/home/wb/ros_ws/install/simple_robot:/home/wb/ros_ws/install/nav2_system_tests:/home/wb/ros_ws/install/my_robot_navigation:/home/wb/ros_ws/install/nav2_bringup:/home/wb/ros_ws/install/navigation2:/home/wb/ros_ws/install/nav2_smoother:/home/wb/ros_ws/install/nav2_rotation_shim_controller:/home/wb/ros_ws/install/nav2_graceful_controller:/home/wb/ros_ws/install/nav2_dwb_controller:/home/wb/ros_ws/install/nav2_controller:/home/wb/ros_ws/install/dwb_plugins:/home/wb/ros_ws/install/dwb_critics:/home/wb/ros_ws/install/dwb_core:/home/wb/ros_ws/install/nav_2d_utils:/home/wb/ros_ws/install/dwb_msgs:/home/wb/ros_ws/install/nav_2d_msgs:/home/wb/ros_ws/install/nav2_waypoint_follower:/home/wb/ros_ws/install/nav2_theta_star_planner:/home/wb/ros_ws/install/nav2_smac_planner:/home/wb/ros_ws/install/nav2_regulated_pure_pursuit_controller:/home/wb/ros_ws/install/nav2_planner:/home/wb/ros_ws/install/nav2_navfn_planner:/home/wb/ros_ws/install/nav2_mppi_controller:/home/wb/ros_ws/install/nav2_constrained_smoother:/home/wb/ros_ws/install/nav2_bt_navigator:/home/wb/ros_ws/install/nav2_behaviors:/home/wb/ros_ws/install/nav2_collision_monitor:/home/wb/ros_ws/install/costmap_queue:/home/wb/ros_ws/install/nav2_velocity_smoother:/home/wb/ros_ws/install/nav2_rviz_plugins:/home/wb/ros_ws/install/nav2_amcl:/home/wb/ros_ws/install/my_robot_simulation:/home/wb/ros_ws/install/my_robot_description:/home/wb/ros_ws/install/nav2_simple_commander:/opt/ros/humble LD_LIBRARY_PATH=/home/wb/ros_ws/install/nav2_costmap_2d/lib:/home/wb/ros_ws/install/nav2_map_server/lib:/home/wb/ros_ws/install/nav2_lifecycle_manager/lib:/home/wb/ros_ws/install/nav2_behavior_tree/lib:/home/wb/ros_ws/install/nav2_util/lib:/home/wb/ros_ws/install/nav2_voxel_grid/lib:/home/wb/ros_ws/install/nav2_msgs/lib:/opt/ros/humble/lib:/home/wb/ros_ws/install/nav2_smoother/lib:/home/wb/ros_ws/install/nav2_rotation_shim_controller/lib:/home/wb/ros_ws/install/nav2_graceful_controller/lib:/home/wb/ros_ws/install/nav2_controller/lib:/home/wb/ros_ws/install/dwb_plugins/lib:/home/wb/ros_ws/install/dwb_critics/lib:/home/wb/ros_ws/install/dwb_core/lib:/home/wb/ros_ws/install/nav_2d_utils/lib:/home/wb/ros_ws/install/dwb_msgs/lib:/home/wb/ros_ws/install/nav_2d_msgs/lib:/home/wb/ros_ws/install/nav2_waypoint_follower/lib:/home/wb/ros_ws/install/nav2_theta_star_planner/lib:/home/wb/ros_ws/install/nav2_smac_planner/lib:/home/wb/ros_ws/install/nav2_regulated_pure_pursuit_controller/lib:/home/wb/ros_ws/install/nav2_planner/lib:/home/wb/ros_ws/install/nav2_navfn_planner/lib:/home/wb/ros_ws/install/nav2_mppi_controller/lib:/home/wb/ros_ws/install/nav2_constrained_smoother/lib:/home/wb/ros_ws/install/nav2_bt_navigator/lib:/home/wb/ros_ws/install/nav2_behaviors/lib:/home/wb/ros_ws/install/nav2_collision_monitor/lib:/home/wb/ros_ws/install/costmap_queue/lib:/home/wb/ros_ws/install/nav2_velocity_smoother/lib:/home/wb/ros_ws/install/nav2_rviz_plugins/lib:/home/wb/ros_ws/install/nav2_amcl/lib:/usr/lib/x86_64-linux-gnu/gazebo-11/plugins:/opt/ros/humble/opt/rviz_ogre_vendor/lib:/opt/ros/humble/lib/x86_64-linux-gnu:/opt/ros/humble/lib /usr/bin/cmake --install /home/wb/ros_ws/build/nav2_behaviors
