[0.011s] Invoking command in '/home/wb/ros_ws/build/nav2_util': AMENT_PREFIX_PATH=/home/wb/ros_ws/install/nav2_msgs:/home/wb/ros_ws/install/nav2_common:${AMENT_PREFIX_PATH} CMAKE_PREFIX_PATH=/home/wb/ros_ws/install/nav2_msgs:/home/wb/ros_ws/install/nav2_common:/home/wb/ros_ws/install/simple_robot:/home/wb/ros_ws/install/my_robot_navigation:/home/wb/ros_ws/install/my_robot_simulation:/home/wb/ros_ws/install/my_robot_description:/opt/ros/humble LD_LIBRARY_PATH=/home/wb/ros_ws/install/nav2_msgs/lib:${LD_LIBRARY_PATH} PYTHONPATH=/home/wb/ros_ws/install/nav2_msgs/local/lib/python3.10/dist-packages:/home/wb/ros_ws/install/nav2_common/local/lib/python3.10/dist-packages:${PYTHONPATH} /usr/bin/cmake /home/wb/ros_ws/src/navigation2/nav2_util -DCMAKE_INSTALL_PREFIX=/home/wb/ros_ws/install/nav2_util
[0.061s] -- The C compiler identification is GNU 11.4.0
[0.114s] -- The CXX compiler identification is GNU 11.4.0
[0.122s] -- Detecting C compiler ABI info
[0.199s] -- Detecting C compiler ABI info - done
[0.203s] -- Check for working C compiler: /usr/bin/cc - skipped
[0.204s] -- Detecting C compile features
[0.204s] -- Detecting C compile features - done
[0.207s] -- Detecting CXX compiler ABI info
[0.312s] -- Detecting CXX compiler ABI info - done
[0.316s] -- Check for working CXX compiler: /usr/bin/c++ - skipped
[0.317s] -- Detecting CXX compile features
[0.317s] -- Detecting CXX compile features - done
[0.319s] -- Found ament_cmake: 1.3.11 (/opt/ros/humble/share/ament_cmake/cmake)
[0.523s] -- Found Python3: /usr/bin/python3 (found version "3.10.12") found components: Interpreter 
[0.629s] -- Found nav2_common: 1.1.18 (/home/wb/ros_ws/install/nav2_common/share/nav2_common/cmake)
[0.630s] -- Found nav2_msgs: 1.1.18 (/home/wb/ros_ws/install/nav2_msgs/share/nav2_msgs/cmake)
[0.670s] -- Found rosidl_generator_c: 3.1.6 (/opt/ros/humble/share/rosidl_generator_c/cmake)
[0.677s] -- Found rosidl_adapter: 3.1.6 (/opt/ros/humble/share/rosidl_adapter/cmake)
[0.683s] -- Found rosidl_generator_cpp: 3.1.6 (/opt/ros/humble/share/rosidl_generator_cpp/cmake)
[0.698s] -- Using all available rosidl_typesupport_c: rosidl_typesupport_fastrtps_c;rosidl_typesupport_introspection_c
[0.715s] -- Using all available rosidl_typesupport_cpp: rosidl_typesupport_fastrtps_cpp;rosidl_typesupport_introspection_cpp
[0.812s] -- Found tf2_ros: 0.25.12 (/opt/ros/humble/share/tf2_ros/cmake)
[0.898s] -- Found rmw_implementation_cmake: 6.1.2 (/opt/ros/humble/share/rmw_implementation_cmake/cmake)
[0.900s] -- Found rmw_fastrtps_cpp: 6.2.7 (/opt/ros/humble/share/rmw_fastrtps_cpp/cmake)
[0.978s] -- Found OpenSSL: /usr/lib/x86_64-linux-gnu/libcrypto.so (found version "3.0.2")  
[1.007s] -- Found FastRTPS: /opt/ros/humble/include  
[1.048s] -- Using RMW implementation 'rmw_fastrtps_cpp' as default
[1.056s] -- Looking for pthread.h
[1.127s] -- Looking for pthread.h - found
[1.127s] -- Performing Test CMAKE_HAVE_LIBC_PTHREAD
[1.203s] -- Performing Test CMAKE_HAVE_LIBC_PTHREAD - Success
[1.204s] -- Found Threads: TRUE  
[1.292s] -- Found tf2_geometry_msgs: 0.25.12 (/opt/ros/humble/share/tf2_geometry_msgs/cmake)
[1.310s] -- Found eigen3_cmake_module: 0.1.1 (/opt/ros/humble/share/eigen3_cmake_module/cmake)
[1.312s] -- Found Eigen3: TRUE (found version "3.4.0") 
[1.312s] -- Ensuring Eigen3 include directory is part of orocos-kdl CMake target
[1.315s] -- Found lifecycle_msgs: 1.2.1 (/opt/ros/humble/share/lifecycle_msgs/cmake)
[1.331s] -- Found rclcpp_lifecycle: 16.0.12 (/opt/ros/humble/share/rclcpp_lifecycle/cmake)
[1.347s] -- Found bondcpp: 4.1.2 (/opt/ros/humble/share/bondcpp/cmake)
[1.378s] -- Setting build type to Release as none was specified.
[1.397s] -- Found Boost: /usr/lib/x86_64-linux-gnu/cmake/Boost-1.74.0/BoostConfig.cmake (found version "1.74.0") found components: program_options 
[1.400s] -- Found ament_lint_auto: 0.12.12 (/opt/ros/humble/share/ament_lint_auto/cmake)
[1.402s] -- Found ament_cmake_pytest: 1.3.11 (/opt/ros/humble/share/ament_cmake_pytest/cmake)
[1.405s] -- Found launch_testing_ament_cmake: 1.0.9 (/opt/ros/humble/share/launch_testing_ament_cmake/cmake)
[1.407s] -- Found python_cmake_module: 0.10.0 (/opt/ros/humble/share/python_cmake_module/cmake)
[1.428s] -- Found PythonInterp: /usr/bin/python3 (found suitable version "3.10.12", minimum required is "3.6") 
[1.431s] -- Found PythonLibs: /usr/lib/x86_64-linux-gnu/libpython3.10.so (found suitable version "3.10.12", minimum required is "3.5") 
[1.432s] -- Using PYTHON_EXECUTABLE: /usr/bin/python3
[1.432s] -- Using PYTHON_INCLUDE_DIRS: /usr/include/python3.10
[1.432s] -- Using PYTHON_LIBRARIES: /usr/lib/x86_64-linux-gnu/libpython3.10.so
[1.449s] -- Found PythonExtra: .so  
[1.567s] -- Found gtest sources under '/opt/ros/humble/src/gtest_vendor': C++ tests using 'Google Test' will be built
[1.592s] -- Added test 'copyright' to check source files copyright and LICENSE
[1.595s] -- Added test 'cppcheck' to perform static code analysis on C / C++ code
[1.595s] -- Configured cppcheck include dirs: /home/wb/ros_ws/src/navigation2/nav2_util/include
[1.595s] -- Configured cppcheck exclude dirs and/or files: 
[1.597s] -- Added test 'cpplint' to check C / C++ code against the Google style
[1.597s] -- Configured cpplint exclude dirs and/or files: 
[1.598s] -- Added test 'lint_cmake' to check CMake code style
[1.600s] -- Added test 'uncrustify' to check C / C++ code style
[1.600s] -- Configured uncrustify additional arguments: 
[1.601s] -- Added test 'xmllint' to check XML markup files
[1.603s] -- Configuring done
[1.671s] -- Generating done
[1.693s] -- Build files have been written to: /home/wb/ros_ws/build/nav2_util
[1.705s] Invoked command in '/home/wb/ros_ws/build/nav2_util' returned '0': AMENT_PREFIX_PATH=/home/wb/ros_ws/install/nav2_msgs:/home/wb/ros_ws/install/nav2_common:${AMENT_PREFIX_PATH} CMAKE_PREFIX_PATH=/home/wb/ros_ws/install/nav2_msgs:/home/wb/ros_ws/install/nav2_common:/home/wb/ros_ws/install/simple_robot:/home/wb/ros_ws/install/my_robot_navigation:/home/wb/ros_ws/install/my_robot_simulation:/home/wb/ros_ws/install/my_robot_description:/opt/ros/humble LD_LIBRARY_PATH=/home/wb/ros_ws/install/nav2_msgs/lib:${LD_LIBRARY_PATH} PYTHONPATH=/home/wb/ros_ws/install/nav2_msgs/local/lib/python3.10/dist-packages:/home/wb/ros_ws/install/nav2_common/local/lib/python3.10/dist-packages:${PYTHONPATH} /usr/bin/cmake /home/wb/ros_ws/src/navigation2/nav2_util -DCMAKE_INSTALL_PREFIX=/home/wb/ros_ws/install/nav2_util
[1.706s] Invoking command in '/home/wb/ros_ws/build/nav2_util': AMENT_PREFIX_PATH=/home/wb/ros_ws/install/nav2_msgs:/home/wb/ros_ws/install/nav2_common:${AMENT_PREFIX_PATH} CMAKE_PREFIX_PATH=/home/wb/ros_ws/install/nav2_msgs:/home/wb/ros_ws/install/nav2_common:/home/wb/ros_ws/install/simple_robot:/home/wb/ros_ws/install/my_robot_navigation:/home/wb/ros_ws/install/my_robot_simulation:/home/wb/ros_ws/install/my_robot_description:/opt/ros/humble LD_LIBRARY_PATH=/home/wb/ros_ws/install/nav2_msgs/lib:${LD_LIBRARY_PATH} PYTHONPATH=/home/wb/ros_ws/install/nav2_msgs/local/lib/python3.10/dist-packages:/home/wb/ros_ws/install/nav2_common/local/lib/python3.10/dist-packages:${PYTHONPATH} /usr/bin/cmake --build /home/wb/ros_ws/build/nav2_util -- -j4 -l4
[1.762s] [  2%] [32mBuilding CXX object gtest/CMakeFiles/gtest_main.dir/src/gtest_main.cc.o[0m
[1.762s] [  5%] [32mBuilding CXX object src/CMakeFiles/nav2_util_core.dir/node_utils.cpp.o[0m
[1.762s] [ 10%] [32mBuilding CXX object gtest/CMakeFiles/gtest.dir/src/gtest-all.cc.o[0m
[1.763s] [ 10%] [32mBuilding CXX object src/CMakeFiles/nav2_util_core.dir/costmap.cpp.o[0m
[2.915s] [ 12%] [32m[1mLinking CXX static library libgtest_main.a[0m
[2.990s] [ 12%] Built target gtest_main
[3.008s] [ 15%] [32mBuilding CXX object src/CMakeFiles/nav2_util_core.dir/lifecycle_service_client.cpp.o[0m
[7.479s] [ 17%] [32mBuilding CXX object src/CMakeFiles/nav2_util_core.dir/string_utils.cpp.o[0m
[7.815s] [ 20%] [32mBuilding CXX object src/CMakeFiles/nav2_util_core.dir/lifecycle_utils.cpp.o[0m
[8.024s] [ 22%] [32mBuilding CXX object src/CMakeFiles/nav2_util_core.dir/lifecycle_node.cpp.o[0m
[10.265s] [ 25%] [32mBuilding CXX object src/CMakeFiles/nav2_util_core.dir/robot_utils.cpp.o[0m
[10.639s] [ 27%] [32m[1mLinking CXX static library libgtest.a[0m
[10.681s] [ 27%] Built target gtest
[10.690s] [ 30%] [32mBuilding CXX object src/CMakeFiles/nav2_util_core.dir/node_thread.cpp.o[0m
[11.196s] [ 32%] [32mBuilding CXX object src/CMakeFiles/nav2_util_core.dir/odometry_utils.cpp.o[0m
[11.760s] [ 35%] [32mBuilding CXX object test/CMakeFiles/test_execution_timer.dir/test_execution_timer.cpp.o[0m
[12.680s] [ 37%] [32m[1mLinking CXX executable test_execution_timer[0m
[12.758s] [ 37%] Built target test_execution_timer
[18.642s] [ 40%] [32m[1mLinking CXX shared library libnav2_util_core.so[0m
[18.853s] [ 40%] Built target nav2_util_core
[18.877s] [ 42%] [32mBuilding CXX object src/CMakeFiles/lifecycle_bringup.dir/lifecycle_bringup_commandline.cpp.o[0m
[18.878s] [ 45%] [32mBuilding CXX object test/CMakeFiles/test_string_utils.dir/test_string_utils.cpp.o[0m
[18.879s] [ 47%] [32mBuilding CXX object test/CMakeFiles/test_node_utils.dir/test_node_utils.cpp.o[0m
[18.879s] [ 50%] [32mBuilding CXX object test/CMakeFiles/test_service_client.dir/test_service_client.cpp.o[0m
[20.151s] [ 52%] [32m[1mLinking CXX executable test_string_utils[0m
[20.287s] [ 52%] Built target test_string_utils
[20.309s] [ 55%] [32mBuilding CXX object test/CMakeFiles/test_lifecycle_utils.dir/test_lifecycle_utils.cpp.o[0m
[21.606s] [ 57%] [32m[1mLinking CXX executable lifecycle_bringup[0m
[21.761s] [ 57%] Built target lifecycle_bringup
[21.793s] [ 60%] [32mBuilding CXX object test/CMakeFiles/test_actions.dir/test_actions.cpp.o[0m
[23.031s] [ 62%] [32m[1mLinking CXX executable test_node_utils[0m
[23.174s] [ 62%] Built target test_node_utils
[23.195s] [ 65%] [32mBuilding CXX object test/CMakeFiles/test_lifecycle_node.dir/test_lifecycle_node.cpp.o[0m
[23.788s] [ 67%] [32m[1mLinking CXX executable test_lifecycle_utils[0m
[23.933s] [ 67%] Built target test_lifecycle_utils
[23.954s] [ 70%] [32mBuilding CXX object test/CMakeFiles/test_lifecycle_cli_node.dir/test_lifecycle_cli_node.cpp.o[0m
[26.407s] [ 72%] [32m[1mLinking CXX executable test_lifecycle_node[0m
[26.556s] [ 72%] Built target test_lifecycle_node
[26.577s] [ 75%] [32mBuilding CXX object test/CMakeFiles/test_geometry_utils.dir/test_geometry_utils.cpp.o[0m
[27.137s] [ 77%] [32m[1mLinking CXX executable test_lifecycle_cli_node[0m
[27.295s] [ 77%] Built target test_lifecycle_cli_node
[27.317s] [ 80%] [32mBuilding CXX object test/CMakeFiles/test_odometry_utils.dir/test_odometry_utils.cpp.o[0m
[28.819s] [ 82%] [32m[1mLinking CXX executable test_service_client[0m
[29.003s] [ 82%] Built target test_service_client
[29.020s] [ 85%] [32mBuilding CXX object test/CMakeFiles/test_robot_utils.dir/test_robot_utils.cpp.o[0m
[29.482s] [ 87%] [32m[1mLinking CXX executable test_geometry_utils[0m
[29.646s] [ 87%] Built target test_geometry_utils
[29.669s] [ 90%] [32mBuilding CXX object test/CMakeFiles/test_validation_messages.dir/test_validation_messages.cpp.o[0m
[30.985s] [ 92%] [32m[1mLinking CXX executable test_validation_messages[0m
[31.165s] [ 92%] Built target test_validation_messages
[32.219s] [ 95%] [32m[1mLinking CXX executable test_robot_utils[0m
[32.242s] [ 97%] [32m[1mLinking CXX executable test_odometry_utils[0m
[32.361s] [ 97%] Built target test_robot_utils
[32.383s] [ 97%] Built target test_odometry_utils
[34.710s] [100%] [32m[1mLinking CXX executable test_actions[0m
[34.894s] [100%] Built target test_actions
[34.906s] Invoked command in '/home/wb/ros_ws/build/nav2_util' returned '0': AMENT_PREFIX_PATH=/home/wb/ros_ws/install/nav2_msgs:/home/wb/ros_ws/install/nav2_common:${AMENT_PREFIX_PATH} CMAKE_PREFIX_PATH=/home/wb/ros_ws/install/nav2_msgs:/home/wb/ros_ws/install/nav2_common:/home/wb/ros_ws/install/simple_robot:/home/wb/ros_ws/install/my_robot_navigation:/home/wb/ros_ws/install/my_robot_simulation:/home/wb/ros_ws/install/my_robot_description:/opt/ros/humble LD_LIBRARY_PATH=/home/wb/ros_ws/install/nav2_msgs/lib:${LD_LIBRARY_PATH} PYTHONPATH=/home/wb/ros_ws/install/nav2_msgs/local/lib/python3.10/dist-packages:/home/wb/ros_ws/install/nav2_common/local/lib/python3.10/dist-packages:${PYTHONPATH} /usr/bin/cmake --build /home/wb/ros_ws/build/nav2_util -- -j4 -l4
[34.908s] Invoking command in '/home/wb/ros_ws/build/nav2_util': AMENT_PREFIX_PATH=/home/wb/ros_ws/install/nav2_msgs:/home/wb/ros_ws/install/nav2_common:${AMENT_PREFIX_PATH} CMAKE_PREFIX_PATH=/home/wb/ros_ws/install/nav2_msgs:/home/wb/ros_ws/install/nav2_common:/home/wb/ros_ws/install/simple_robot:/home/wb/ros_ws/install/my_robot_navigation:/home/wb/ros_ws/install/my_robot_simulation:/home/wb/ros_ws/install/my_robot_description:/opt/ros/humble LD_LIBRARY_PATH=/home/wb/ros_ws/install/nav2_msgs/lib:${LD_LIBRARY_PATH} PYTHONPATH=/home/wb/ros_ws/install/nav2_msgs/local/lib/python3.10/dist-packages:/home/wb/ros_ws/install/nav2_common/local/lib/python3.10/dist-packages:${PYTHONPATH} /usr/bin/cmake --install /home/wb/ros_ws/build/nav2_util
[34.914s] -- Install configuration: "Release"
[34.914s] -- Installing: /home/wb/ros_ws/install/nav2_util/include/
[34.914s] -- Installing: /home/wb/ros_ws/install/nav2_util/include//nav2_util
[34.914s] -- Installing: /home/wb/ros_ws/install/nav2_util/include//nav2_util/simple_action_server.hpp
[34.915s] -- Installing: /home/wb/ros_ws/install/nav2_util/include//nav2_util/lifecycle_utils.hpp
[34.915s] -- Installing: /home/wb/ros_ws/install/nav2_util/include//nav2_util/costmap.hpp
[34.915s] -- Installing: /home/wb/ros_ws/install/nav2_util/include//nav2_util/robot_utils.hpp
[34.915s] -- Installing: /home/wb/ros_ws/install/nav2_util/include//nav2_util/string_utils.hpp
[34.915s] -- Installing: /home/wb/ros_ws/install/nav2_util/include//nav2_util/execution_timer.hpp
[34.915s] -- Installing: /home/wb/ros_ws/install/nav2_util/include//nav2_util/occ_grid_values.hpp
[34.915s] -- Installing: /home/wb/ros_ws/install/nav2_util/include//nav2_util/node_utils.hpp
[34.915s] -- Installing: /home/wb/ros_ws/install/nav2_util/include//nav2_util/validate_messages.hpp
[34.915s] -- Installing: /home/wb/ros_ws/install/nav2_util/include//nav2_util/node_thread.hpp
[34.915s] -- Installing: /home/wb/ros_ws/install/nav2_util/include//nav2_util/odometry_utils.hpp
[34.915s] -- Installing: /home/wb/ros_ws/install/nav2_util/include//nav2_util/lifecycle_node.hpp
[34.915s] -- Installing: /home/wb/ros_ws/install/nav2_util/include//nav2_util/lifecycle_service_client.hpp
[34.915s] -- Installing: /home/wb/ros_ws/install/nav2_util/include//nav2_util/geometry_utils.hpp
[34.916s] -- Installing: /home/wb/ros_ws/install/nav2_util/include//nav2_util/line_iterator.hpp
[34.916s] -- Installing: /home/wb/ros_ws/install/nav2_util/include//nav2_util/service_client.hpp
[34.916s] -- Installing: /home/wb/ros_ws/install/nav2_util/include//nav2_util/clear_entirely_costmap_service_client.hpp
[34.916s] -- Installing: /home/wb/ros_ws/install/nav2_util/share/nav2_util/environment/library_path.sh
[34.916s] -- Installing: /home/wb/ros_ws/install/nav2_util/share/nav2_util/environment/library_path.dsv
[34.916s] -- Installing: /home/wb/ros_ws/install/nav2_util/share/ament_index/resource_index/package_run_dependencies/nav2_util
[34.916s] -- Installing: /home/wb/ros_ws/install/nav2_util/share/ament_index/resource_index/parent_prefix_path/nav2_util
[34.916s] -- Installing: /home/wb/ros_ws/install/nav2_util/share/nav2_util/environment/ament_prefix_path.sh
[34.916s] -- Installing: /home/wb/ros_ws/install/nav2_util/share/nav2_util/environment/ament_prefix_path.dsv
[34.916s] -- Installing: /home/wb/ros_ws/install/nav2_util/share/nav2_util/environment/path.sh
[34.916s] -- Installing: /home/wb/ros_ws/install/nav2_util/share/nav2_util/environment/path.dsv
[34.916s] -- Installing: /home/wb/ros_ws/install/nav2_util/share/nav2_util/local_setup.bash
[34.916s] -- Installing: /home/wb/ros_ws/install/nav2_util/share/nav2_util/local_setup.sh
[34.917s] -- Installing: /home/wb/ros_ws/install/nav2_util/share/nav2_util/local_setup.zsh
[34.917s] -- Installing: /home/wb/ros_ws/install/nav2_util/share/nav2_util/local_setup.dsv
[34.917s] -- Installing: /home/wb/ros_ws/install/nav2_util/share/nav2_util/package.dsv
[34.917s] -- Installing: /home/wb/ros_ws/install/nav2_util/share/ament_index/resource_index/packages/nav2_util
[34.917s] -- Installing: /home/wb/ros_ws/install/nav2_util/share/nav2_util/cmake/ament_cmake_export_include_directories-extras.cmake
[34.917s] -- Installing: /home/wb/ros_ws/install/nav2_util/share/nav2_util/cmake/ament_cmake_export_libraries-extras.cmake
[34.917s] -- Installing: /home/wb/ros_ws/install/nav2_util/share/nav2_util/cmake/ament_cmake_export_dependencies-extras.cmake
[34.917s] -- Installing: /home/wb/ros_ws/install/nav2_util/share/nav2_util/cmake/nav2_utilConfig.cmake
[34.918s] -- Installing: /home/wb/ros_ws/install/nav2_util/share/nav2_util/cmake/nav2_utilConfig-version.cmake
[34.918s] -- Installing: /home/wb/ros_ws/install/nav2_util/share/nav2_util/package.xml
[34.918s] -- Installing: /home/wb/ros_ws/install/nav2_util/lib/libnav2_util_core.so
[34.920s] -- Set runtime path of "/home/wb/ros_ws/install/nav2_util/lib/libnav2_util_core.so" to ""
[34.920s] -- Installing: /home/wb/ros_ws/install/nav2_util/lib/nav2_util/lifecycle_bringup
[34.920s] -- Set runtime path of "/home/wb/ros_ws/install/nav2_util/lib/nav2_util/lifecycle_bringup" to ""
[34.922s] Invoked command in '/home/wb/ros_ws/build/nav2_util' returned '0': AMENT_PREFIX_PATH=/home/wb/ros_ws/install/nav2_msgs:/home/wb/ros_ws/install/nav2_common:${AMENT_PREFIX_PATH} CMAKE_PREFIX_PATH=/home/wb/ros_ws/install/nav2_msgs:/home/wb/ros_ws/install/nav2_common:/home/wb/ros_ws/install/simple_robot:/home/wb/ros_ws/install/my_robot_navigation:/home/wb/ros_ws/install/my_robot_simulation:/home/wb/ros_ws/install/my_robot_description:/opt/ros/humble LD_LIBRARY_PATH=/home/wb/ros_ws/install/nav2_msgs/lib:${LD_LIBRARY_PATH} PYTHONPATH=/home/wb/ros_ws/install/nav2_msgs/local/lib/python3.10/dist-packages:/home/wb/ros_ws/install/nav2_common/local/lib/python3.10/dist-packages:${PYTHONPATH} /usr/bin/cmake --install /home/wb/ros_ws/build/nav2_util
