[0.076s] DEBUG:colcon:Command line arguments: ['/usr/bin/colcon', 'build']
[0.076s] DEBUG:colcon:Parsed command line arguments: Namespace(log_base=None, log_level=None, verb_name='build', build_base='build', install_base='install', merge_install=False, symlink_install=False, test_result_base=None, continue_on_error=False, executor='parallel', parallel_workers=4, event_handlers=None, ignore_user_meta=False, metas=['./colcon.meta'], base_paths=['.'], packages_ignore=None, packages_ignore_regex=None, paths=None, packages_up_to=None, packages_up_to_regex=None, packages_above=None, packages_above_and_dependencies=None, packages_above_depth=None, packages_select_by_dep=None, packages_skip_by_dep=None, packages_skip_up_to=None, packages_select_build_failed=False, packages_skip_build_finished=False, packages_select_test_failures=False, packages_skip_test_passed=False, packages_select=None, packages_skip=None, packages_select_regex=None, packages_skip_regex=None, packages_start=None, packages_end=None, allow_overriding=[], cmake_args=None, cmake_target=None, cmake_target_skip_unavailable=False, cmake_clean_cache=False, cmake_clean_first=False, cmake_force_configure=False, ament_cmake_args=None, catkin_cmake_args=None, catkin_skip_building_tests=False, mixin_files=None, mixin=None, verb_parser=<colcon_mixin.mixin.mixin_argument.MixinArgumentDecorator object at 0x74641c160e50>, verb_extension=<colcon_core.verb.build.BuildVerb object at 0x74641c160760>, main=<bound method BuildVerb.main of <colcon_core.verb.build.BuildVerb object at 0x74641c160760>>, mixin_verb=('build',))
[0.188s] Level 1:colcon.colcon_core.package_discovery:discover_packages(colcon_meta) check parameters
[0.188s] Level 1:colcon.colcon_core.package_discovery:discover_packages(recursive) check parameters
[0.188s] Level 1:colcon.colcon_core.package_discovery:discover_packages(ignore) check parameters
[0.188s] Level 1:colcon.colcon_core.package_discovery:discover_packages(path) check parameters
[0.188s] Level 1:colcon.colcon_core.package_discovery:discover_packages(colcon_meta) discover
[0.188s] Level 1:colcon.colcon_core.package_discovery:discover_packages(recursive) discover
[0.188s] INFO:colcon.colcon_core.package_discovery:Crawling recursively for packages in '/home/wb/ros_ws'
[0.188s] Level 1:colcon.colcon_core.package_identification:_identify(.) by extensions ['ignore', 'ignore_ament_install']
[0.189s] Level 1:colcon.colcon_core.package_identification:_identify(.) by extension 'ignore'
[0.189s] Level 1:colcon.colcon_core.package_identification:_identify(.) by extension 'ignore_ament_install'
[0.189s] Level 1:colcon.colcon_core.package_identification:_identify(.) by extensions ['colcon_pkg']
[0.189s] Level 1:colcon.colcon_core.package_identification:_identify(.) by extension 'colcon_pkg'
[0.189s] Level 1:colcon.colcon_core.package_identification:_identify(.) by extensions ['colcon_meta']
[0.189s] Level 1:colcon.colcon_core.package_identification:_identify(.) by extension 'colcon_meta'
[0.189s] Level 1:colcon.colcon_core.package_identification:_identify(.) by extensions ['ros']
[0.189s] Level 1:colcon.colcon_core.package_identification:_identify(.) by extension 'ros'
[0.196s] Level 1:colcon.colcon_core.package_identification:_identify(.) by extensions ['cmake', 'python']
[0.196s] Level 1:colcon.colcon_core.package_identification:_identify(.) by extension 'cmake'
[0.196s] Level 1:colcon.colcon_core.package_identification:_identify(.) by extension 'python'
[0.196s] Level 1:colcon.colcon_core.package_identification:_identify(.) by extensions ['python_setup_py']
[0.196s] Level 1:colcon.colcon_core.package_identification:_identify(.) by extension 'python_setup_py'
[0.196s] Level 1:colcon.colcon_core.package_identification:_identify(build) by extensions ['ignore', 'ignore_ament_install']
[0.197s] Level 1:colcon.colcon_core.package_identification:_identify(build) by extension 'ignore'
[0.197s] Level 1:colcon.colcon_core.package_identification:_identify(build) ignored
[0.197s] Level 1:colcon.colcon_core.package_identification:_identify(install) by extensions ['ignore', 'ignore_ament_install']
[0.197s] Level 1:colcon.colcon_core.package_identification:_identify(install) by extension 'ignore'
[0.197s] Level 1:colcon.colcon_core.package_identification:_identify(install) ignored
[0.197s] Level 1:colcon.colcon_core.package_identification:_identify(log) by extensions ['ignore', 'ignore_ament_install']
[0.197s] Level 1:colcon.colcon_core.package_identification:_identify(log) by extension 'ignore'
[0.197s] Level 1:colcon.colcon_core.package_identification:_identify(log) ignored
[0.197s] Level 1:colcon.colcon_core.package_identification:_identify(slam_training_data) by extensions ['ignore', 'ignore_ament_install']
[0.197s] Level 1:colcon.colcon_core.package_identification:_identify(slam_training_data) by extension 'ignore'
[0.197s] Level 1:colcon.colcon_core.package_identification:_identify(slam_training_data) by extension 'ignore_ament_install'
[0.197s] Level 1:colcon.colcon_core.package_identification:_identify(slam_training_data) by extensions ['colcon_pkg']
[0.197s] Level 1:colcon.colcon_core.package_identification:_identify(slam_training_data) by extension 'colcon_pkg'
[0.197s] Level 1:colcon.colcon_core.package_identification:_identify(slam_training_data) by extensions ['colcon_meta']
[0.197s] Level 1:colcon.colcon_core.package_identification:_identify(slam_training_data) by extension 'colcon_meta'
[0.197s] Level 1:colcon.colcon_core.package_identification:_identify(slam_training_data) by extensions ['ros']
[0.197s] Level 1:colcon.colcon_core.package_identification:_identify(slam_training_data) by extension 'ros'
[0.197s] Level 1:colcon.colcon_core.package_identification:_identify(slam_training_data) by extensions ['cmake', 'python']
[0.198s] Level 1:colcon.colcon_core.package_identification:_identify(slam_training_data) by extension 'cmake'
[0.198s] Level 1:colcon.colcon_core.package_identification:_identify(slam_training_data) by extension 'python'
[0.198s] Level 1:colcon.colcon_core.package_identification:_identify(slam_training_data) by extensions ['python_setup_py']
[0.198s] Level 1:colcon.colcon_core.package_identification:_identify(slam_training_data) by extension 'python_setup_py'
[0.198s] Level 1:colcon.colcon_core.package_identification:_identify(slam_training_data/raw_datasets) by extensions ['ignore', 'ignore_ament_install']
[0.198s] Level 1:colcon.colcon_core.package_identification:_identify(slam_training_data/raw_datasets) by extension 'ignore'
[0.198s] Level 1:colcon.colcon_core.package_identification:_identify(slam_training_data/raw_datasets) by extension 'ignore_ament_install'
[0.198s] Level 1:colcon.colcon_core.package_identification:_identify(slam_training_data/raw_datasets) by extensions ['colcon_pkg']
[0.198s] Level 1:colcon.colcon_core.package_identification:_identify(slam_training_data/raw_datasets) by extension 'colcon_pkg'
[0.198s] Level 1:colcon.colcon_core.package_identification:_identify(slam_training_data/raw_datasets) by extensions ['colcon_meta']
[0.198s] Level 1:colcon.colcon_core.package_identification:_identify(slam_training_data/raw_datasets) by extension 'colcon_meta'
[0.198s] Level 1:colcon.colcon_core.package_identification:_identify(slam_training_data/raw_datasets) by extensions ['ros']
[0.198s] Level 1:colcon.colcon_core.package_identification:_identify(slam_training_data/raw_datasets) by extension 'ros'
[0.198s] Level 1:colcon.colcon_core.package_identification:_identify(slam_training_data/raw_datasets) by extensions ['cmake', 'python']
[0.198s] Level 1:colcon.colcon_core.package_identification:_identify(slam_training_data/raw_datasets) by extension 'cmake'
[0.198s] Level 1:colcon.colcon_core.package_identification:_identify(slam_training_data/raw_datasets) by extension 'python'
[0.198s] Level 1:colcon.colcon_core.package_identification:_identify(slam_training_data/raw_datasets) by extensions ['python_setup_py']
[0.198s] Level 1:colcon.colcon_core.package_identification:_identify(slam_training_data/raw_datasets) by extension 'python_setup_py'
[0.198s] Level 1:colcon.colcon_core.package_identification:_identify(slam_training_data/simulation_data) by extensions ['ignore', 'ignore_ament_install']
[0.198s] Level 1:colcon.colcon_core.package_identification:_identify(slam_training_data/simulation_data) by extension 'ignore'
[0.198s] Level 1:colcon.colcon_core.package_identification:_identify(slam_training_data/simulation_data) by extension 'ignore_ament_install'
[0.198s] Level 1:colcon.colcon_core.package_identification:_identify(slam_training_data/simulation_data) by extensions ['colcon_pkg']
[0.198s] Level 1:colcon.colcon_core.package_identification:_identify(slam_training_data/simulation_data) by extension 'colcon_pkg'
[0.199s] Level 1:colcon.colcon_core.package_identification:_identify(slam_training_data/simulation_data) by extensions ['colcon_meta']
[0.199s] Level 1:colcon.colcon_core.package_identification:_identify(slam_training_data/simulation_data) by extension 'colcon_meta'
[0.199s] Level 1:colcon.colcon_core.package_identification:_identify(slam_training_data/simulation_data) by extensions ['ros']
[0.199s] Level 1:colcon.colcon_core.package_identification:_identify(slam_training_data/simulation_data) by extension 'ros'
[0.199s] Level 1:colcon.colcon_core.package_identification:_identify(slam_training_data/simulation_data) by extensions ['cmake', 'python']
[0.199s] Level 1:colcon.colcon_core.package_identification:_identify(slam_training_data/simulation_data) by extension 'cmake'
[0.199s] Level 1:colcon.colcon_core.package_identification:_identify(slam_training_data/simulation_data) by extension 'python'
[0.199s] Level 1:colcon.colcon_core.package_identification:_identify(slam_training_data/simulation_data) by extensions ['python_setup_py']
[0.199s] Level 1:colcon.colcon_core.package_identification:_identify(slam_training_data/simulation_data) by extension 'python_setup_py'
[0.199s] Level 1:colcon.colcon_core.package_identification:_identify(slam_training_data/simulation_data/depth) by extensions ['ignore', 'ignore_ament_install']
[0.199s] Level 1:colcon.colcon_core.package_identification:_identify(slam_training_data/simulation_data/depth) by extension 'ignore'
[0.199s] Level 1:colcon.colcon_core.package_identification:_identify(slam_training_data/simulation_data/depth) by extension 'ignore_ament_install'
[0.199s] Level 1:colcon.colcon_core.package_identification:_identify(slam_training_data/simulation_data/depth) by extensions ['colcon_pkg']
[0.199s] Level 1:colcon.colcon_core.package_identification:_identify(slam_training_data/simulation_data/depth) by extension 'colcon_pkg'
[0.199s] Level 1:colcon.colcon_core.package_identification:_identify(slam_training_data/simulation_data/depth) by extensions ['colcon_meta']
[0.199s] Level 1:colcon.colcon_core.package_identification:_identify(slam_training_data/simulation_data/depth) by extension 'colcon_meta'
[0.199s] Level 1:colcon.colcon_core.package_identification:_identify(slam_training_data/simulation_data/depth) by extensions ['ros']
[0.199s] Level 1:colcon.colcon_core.package_identification:_identify(slam_training_data/simulation_data/depth) by extension 'ros'
[0.199s] Level 1:colcon.colcon_core.package_identification:_identify(slam_training_data/simulation_data/depth) by extensions ['cmake', 'python']
[0.199s] Level 1:colcon.colcon_core.package_identification:_identify(slam_training_data/simulation_data/depth) by extension 'cmake'
[0.199s] Level 1:colcon.colcon_core.package_identification:_identify(slam_training_data/simulation_data/depth) by extension 'python'
[0.199s] Level 1:colcon.colcon_core.package_identification:_identify(slam_training_data/simulation_data/depth) by extensions ['python_setup_py']
[0.199s] Level 1:colcon.colcon_core.package_identification:_identify(slam_training_data/simulation_data/depth) by extension 'python_setup_py'
[0.200s] Level 1:colcon.colcon_core.package_identification:_identify(slam_training_data/simulation_data/images) by extensions ['ignore', 'ignore_ament_install']
[0.200s] Level 1:colcon.colcon_core.package_identification:_identify(slam_training_data/simulation_data/images) by extension 'ignore'
[0.200s] Level 1:colcon.colcon_core.package_identification:_identify(slam_training_data/simulation_data/images) by extension 'ignore_ament_install'
[0.200s] Level 1:colcon.colcon_core.package_identification:_identify(slam_training_data/simulation_data/images) by extensions ['colcon_pkg']
[0.200s] Level 1:colcon.colcon_core.package_identification:_identify(slam_training_data/simulation_data/images) by extension 'colcon_pkg'
[0.200s] Level 1:colcon.colcon_core.package_identification:_identify(slam_training_data/simulation_data/images) by extensions ['colcon_meta']
[0.200s] Level 1:colcon.colcon_core.package_identification:_identify(slam_training_data/simulation_data/images) by extension 'colcon_meta'
[0.200s] Level 1:colcon.colcon_core.package_identification:_identify(slam_training_data/simulation_data/images) by extensions ['ros']
[0.200s] Level 1:colcon.colcon_core.package_identification:_identify(slam_training_data/simulation_data/images) by extension 'ros'
[0.200s] Level 1:colcon.colcon_core.package_identification:_identify(slam_training_data/simulation_data/images) by extensions ['cmake', 'python']
[0.200s] Level 1:colcon.colcon_core.package_identification:_identify(slam_training_data/simulation_data/images) by extension 'cmake'
[0.200s] Level 1:colcon.colcon_core.package_identification:_identify(slam_training_data/simulation_data/images) by extension 'python'
[0.200s] Level 1:colcon.colcon_core.package_identification:_identify(slam_training_data/simulation_data/images) by extensions ['python_setup_py']
[0.200s] Level 1:colcon.colcon_core.package_identification:_identify(slam_training_data/simulation_data/images) by extension 'python_setup_py'
[0.200s] Level 1:colcon.colcon_core.package_identification:_identify(sm) by extensions ['ignore', 'ignore_ament_install']
[0.200s] Level 1:colcon.colcon_core.package_identification:_identify(sm) by extension 'ignore'
[0.200s] Level 1:colcon.colcon_core.package_identification:_identify(sm) by extension 'ignore_ament_install'
[0.200s] Level 1:colcon.colcon_core.package_identification:_identify(sm) by extensions ['colcon_pkg']
[0.200s] Level 1:colcon.colcon_core.package_identification:_identify(sm) by extension 'colcon_pkg'
[0.200s] Level 1:colcon.colcon_core.package_identification:_identify(sm) by extensions ['colcon_meta']
[0.200s] Level 1:colcon.colcon_core.package_identification:_identify(sm) by extension 'colcon_meta'
[0.200s] Level 1:colcon.colcon_core.package_identification:_identify(sm) by extensions ['ros']
[0.200s] Level 1:colcon.colcon_core.package_identification:_identify(sm) by extension 'ros'
[0.201s] Level 1:colcon.colcon_core.package_identification:_identify(sm) by extensions ['cmake', 'python']
[0.201s] Level 1:colcon.colcon_core.package_identification:_identify(sm) by extension 'cmake'
[0.201s] Level 1:colcon.colcon_core.package_identification:_identify(sm) by extension 'python'
[0.201s] Level 1:colcon.colcon_core.package_identification:_identify(sm) by extensions ['python_setup_py']
[0.201s] Level 1:colcon.colcon_core.package_identification:_identify(sm) by extension 'python_setup_py'
[0.201s] Level 1:colcon.colcon_core.package_identification:_identify(sm/Apple_Detection.v1i.yolov8) by extensions ['ignore', 'ignore_ament_install']
[0.201s] Level 1:colcon.colcon_core.package_identification:_identify(sm/Apple_Detection.v1i.yolov8) by extension 'ignore'
[0.201s] Level 1:colcon.colcon_core.package_identification:_identify(sm/Apple_Detection.v1i.yolov8) by extension 'ignore_ament_install'
[0.201s] Level 1:colcon.colcon_core.package_identification:_identify(sm/Apple_Detection.v1i.yolov8) by extensions ['colcon_pkg']
[0.201s] Level 1:colcon.colcon_core.package_identification:_identify(sm/Apple_Detection.v1i.yolov8) by extension 'colcon_pkg'
[0.201s] Level 1:colcon.colcon_core.package_identification:_identify(sm/Apple_Detection.v1i.yolov8) by extensions ['colcon_meta']
[0.201s] Level 1:colcon.colcon_core.package_identification:_identify(sm/Apple_Detection.v1i.yolov8) by extension 'colcon_meta'
[0.201s] Level 1:colcon.colcon_core.package_identification:_identify(sm/Apple_Detection.v1i.yolov8) by extensions ['ros']
[0.201s] Level 1:colcon.colcon_core.package_identification:_identify(sm/Apple_Detection.v1i.yolov8) by extension 'ros'
[0.201s] Level 1:colcon.colcon_core.package_identification:_identify(sm/Apple_Detection.v1i.yolov8) by extensions ['cmake', 'python']
[0.201s] Level 1:colcon.colcon_core.package_identification:_identify(sm/Apple_Detection.v1i.yolov8) by extension 'cmake'
[0.201s] Level 1:colcon.colcon_core.package_identification:_identify(sm/Apple_Detection.v1i.yolov8) by extension 'python'
[0.201s] Level 1:colcon.colcon_core.package_identification:_identify(sm/Apple_Detection.v1i.yolov8) by extensions ['python_setup_py']
[0.201s] Level 1:colcon.colcon_core.package_identification:_identify(sm/Apple_Detection.v1i.yolov8) by extension 'python_setup_py'
[0.201s] Level 1:colcon.colcon_core.package_identification:_identify(sm/Apple_Detection.v1i.yolov8/train) by extensions ['ignore', 'ignore_ament_install']
[0.201s] Level 1:colcon.colcon_core.package_identification:_identify(sm/Apple_Detection.v1i.yolov8/train) by extension 'ignore'
[0.201s] Level 1:colcon.colcon_core.package_identification:_identify(sm/Apple_Detection.v1i.yolov8/train) by extension 'ignore_ament_install'
[0.202s] Level 1:colcon.colcon_core.package_identification:_identify(sm/Apple_Detection.v1i.yolov8/train) by extensions ['colcon_pkg']
[0.202s] Level 1:colcon.colcon_core.package_identification:_identify(sm/Apple_Detection.v1i.yolov8/train) by extension 'colcon_pkg'
[0.202s] Level 1:colcon.colcon_core.package_identification:_identify(sm/Apple_Detection.v1i.yolov8/train) by extensions ['colcon_meta']
[0.202s] Level 1:colcon.colcon_core.package_identification:_identify(sm/Apple_Detection.v1i.yolov8/train) by extension 'colcon_meta'
[0.202s] Level 1:colcon.colcon_core.package_identification:_identify(sm/Apple_Detection.v1i.yolov8/train) by extensions ['ros']
[0.202s] Level 1:colcon.colcon_core.package_identification:_identify(sm/Apple_Detection.v1i.yolov8/train) by extension 'ros'
[0.202s] Level 1:colcon.colcon_core.package_identification:_identify(sm/Apple_Detection.v1i.yolov8/train) by extensions ['cmake', 'python']
[0.202s] Level 1:colcon.colcon_core.package_identification:_identify(sm/Apple_Detection.v1i.yolov8/train) by extension 'cmake'
[0.202s] Level 1:colcon.colcon_core.package_identification:_identify(sm/Apple_Detection.v1i.yolov8/train) by extension 'python'
[0.202s] Level 1:colcon.colcon_core.package_identification:_identify(sm/Apple_Detection.v1i.yolov8/train) by extensions ['python_setup_py']
[0.202s] Level 1:colcon.colcon_core.package_identification:_identify(sm/Apple_Detection.v1i.yolov8/train) by extension 'python_setup_py'
[0.202s] Level 1:colcon.colcon_core.package_identification:_identify(sm/Apple_Detection.v1i.yolov8/train/images) by extensions ['ignore', 'ignore_ament_install']
[0.202s] Level 1:colcon.colcon_core.package_identification:_identify(sm/Apple_Detection.v1i.yolov8/train/images) by extension 'ignore'
[0.202s] Level 1:colcon.colcon_core.package_identification:_identify(sm/Apple_Detection.v1i.yolov8/train/images) by extension 'ignore_ament_install'
[0.202s] Level 1:colcon.colcon_core.package_identification:_identify(sm/Apple_Detection.v1i.yolov8/train/images) by extensions ['colcon_pkg']
[0.202s] Level 1:colcon.colcon_core.package_identification:_identify(sm/Apple_Detection.v1i.yolov8/train/images) by extension 'colcon_pkg'
[0.202s] Level 1:colcon.colcon_core.package_identification:_identify(sm/Apple_Detection.v1i.yolov8/train/images) by extensions ['colcon_meta']
[0.202s] Level 1:colcon.colcon_core.package_identification:_identify(sm/Apple_Detection.v1i.yolov8/train/images) by extension 'colcon_meta'
[0.203s] Level 1:colcon.colcon_core.package_identification:_identify(sm/Apple_Detection.v1i.yolov8/train/images) by extensions ['ros']
[0.203s] Level 1:colcon.colcon_core.package_identification:_identify(sm/Apple_Detection.v1i.yolov8/train/images) by extension 'ros'
[0.203s] Level 1:colcon.colcon_core.package_identification:_identify(sm/Apple_Detection.v1i.yolov8/train/images) by extensions ['cmake', 'python']
[0.203s] Level 1:colcon.colcon_core.package_identification:_identify(sm/Apple_Detection.v1i.yolov8/train/images) by extension 'cmake'
[0.203s] Level 1:colcon.colcon_core.package_identification:_identify(sm/Apple_Detection.v1i.yolov8/train/images) by extension 'python'
[0.203s] Level 1:colcon.colcon_core.package_identification:_identify(sm/Apple_Detection.v1i.yolov8/train/images) by extensions ['python_setup_py']
[0.203s] Level 1:colcon.colcon_core.package_identification:_identify(sm/Apple_Detection.v1i.yolov8/train/images) by extension 'python_setup_py'
[0.203s] Level 1:colcon.colcon_core.package_identification:_identify(sm/Apple_Detection.v1i.yolov8/train/labels) by extensions ['ignore', 'ignore_ament_install']
[0.203s] Level 1:colcon.colcon_core.package_identification:_identify(sm/Apple_Detection.v1i.yolov8/train/labels) by extension 'ignore'
[0.203s] Level 1:colcon.colcon_core.package_identification:_identify(sm/Apple_Detection.v1i.yolov8/train/labels) by extension 'ignore_ament_install'
[0.203s] Level 1:colcon.colcon_core.package_identification:_identify(sm/Apple_Detection.v1i.yolov8/train/labels) by extensions ['colcon_pkg']
[0.203s] Level 1:colcon.colcon_core.package_identification:_identify(sm/Apple_Detection.v1i.yolov8/train/labels) by extension 'colcon_pkg'
[0.203s] Level 1:colcon.colcon_core.package_identification:_identify(sm/Apple_Detection.v1i.yolov8/train/labels) by extensions ['colcon_meta']
[0.203s] Level 1:colcon.colcon_core.package_identification:_identify(sm/Apple_Detection.v1i.yolov8/train/labels) by extension 'colcon_meta'
[0.203s] Level 1:colcon.colcon_core.package_identification:_identify(sm/Apple_Detection.v1i.yolov8/train/labels) by extensions ['ros']
[0.203s] Level 1:colcon.colcon_core.package_identification:_identify(sm/Apple_Detection.v1i.yolov8/train/labels) by extension 'ros'
[0.203s] Level 1:colcon.colcon_core.package_identification:_identify(sm/Apple_Detection.v1i.yolov8/train/labels) by extensions ['cmake', 'python']
[0.203s] Level 1:colcon.colcon_core.package_identification:_identify(sm/Apple_Detection.v1i.yolov8/train/labels) by extension 'cmake'
[0.204s] Level 1:colcon.colcon_core.package_identification:_identify(sm/Apple_Detection.v1i.yolov8/train/labels) by extension 'python'
[0.204s] Level 1:colcon.colcon_core.package_identification:_identify(sm/Apple_Detection.v1i.yolov8/train/labels) by extensions ['python_setup_py']
[0.204s] Level 1:colcon.colcon_core.package_identification:_identify(sm/Apple_Detection.v1i.yolov8/train/labels) by extension 'python_setup_py'
[0.204s] Level 1:colcon.colcon_core.package_identification:_identify(sm/Apple_Detection.v1i.yolov8/valid) by extensions ['ignore', 'ignore_ament_install']
[0.204s] Level 1:colcon.colcon_core.package_identification:_identify(sm/Apple_Detection.v1i.yolov8/valid) by extension 'ignore'
[0.204s] Level 1:colcon.colcon_core.package_identification:_identify(sm/Apple_Detection.v1i.yolov8/valid) by extension 'ignore_ament_install'
[0.204s] Level 1:colcon.colcon_core.package_identification:_identify(sm/Apple_Detection.v1i.yolov8/valid) by extensions ['colcon_pkg']
[0.204s] Level 1:colcon.colcon_core.package_identification:_identify(sm/Apple_Detection.v1i.yolov8/valid) by extension 'colcon_pkg'
[0.204s] Level 1:colcon.colcon_core.package_identification:_identify(sm/Apple_Detection.v1i.yolov8/valid) by extensions ['colcon_meta']
[0.204s] Level 1:colcon.colcon_core.package_identification:_identify(sm/Apple_Detection.v1i.yolov8/valid) by extension 'colcon_meta'
[0.204s] Level 1:colcon.colcon_core.package_identification:_identify(sm/Apple_Detection.v1i.yolov8/valid) by extensions ['ros']
[0.204s] Level 1:colcon.colcon_core.package_identification:_identify(sm/Apple_Detection.v1i.yolov8/valid) by extension 'ros'
[0.204s] Level 1:colcon.colcon_core.package_identification:_identify(sm/Apple_Detection.v1i.yolov8/valid) by extensions ['cmake', 'python']
[0.204s] Level 1:colcon.colcon_core.package_identification:_identify(sm/Apple_Detection.v1i.yolov8/valid) by extension 'cmake'
[0.204s] Level 1:colcon.colcon_core.package_identification:_identify(sm/Apple_Detection.v1i.yolov8/valid) by extension 'python'
[0.204s] Level 1:colcon.colcon_core.package_identification:_identify(sm/Apple_Detection.v1i.yolov8/valid) by extensions ['python_setup_py']
[0.204s] Level 1:colcon.colcon_core.package_identification:_identify(sm/Apple_Detection.v1i.yolov8/valid) by extension 'python_setup_py'
[0.204s] Level 1:colcon.colcon_core.package_identification:_identify(sm/Apple_Detection.v1i.yolov8/valid/images) by extensions ['ignore', 'ignore_ament_install']
[0.204s] Level 1:colcon.colcon_core.package_identification:_identify(sm/Apple_Detection.v1i.yolov8/valid/images) by extension 'ignore'
[0.204s] Level 1:colcon.colcon_core.package_identification:_identify(sm/Apple_Detection.v1i.yolov8/valid/images) by extension 'ignore_ament_install'
[0.204s] Level 1:colcon.colcon_core.package_identification:_identify(sm/Apple_Detection.v1i.yolov8/valid/images) by extensions ['colcon_pkg']
[0.205s] Level 1:colcon.colcon_core.package_identification:_identify(sm/Apple_Detection.v1i.yolov8/valid/images) by extension 'colcon_pkg'
[0.205s] Level 1:colcon.colcon_core.package_identification:_identify(sm/Apple_Detection.v1i.yolov8/valid/images) by extensions ['colcon_meta']
[0.205s] Level 1:colcon.colcon_core.package_identification:_identify(sm/Apple_Detection.v1i.yolov8/valid/images) by extension 'colcon_meta'
[0.205s] Level 1:colcon.colcon_core.package_identification:_identify(sm/Apple_Detection.v1i.yolov8/valid/images) by extensions ['ros']
[0.205s] Level 1:colcon.colcon_core.package_identification:_identify(sm/Apple_Detection.v1i.yolov8/valid/images) by extension 'ros'
[0.205s] Level 1:colcon.colcon_core.package_identification:_identify(sm/Apple_Detection.v1i.yolov8/valid/images) by extensions ['cmake', 'python']
[0.205s] Level 1:colcon.colcon_core.package_identification:_identify(sm/Apple_Detection.v1i.yolov8/valid/images) by extension 'cmake'
[0.205s] Level 1:colcon.colcon_core.package_identification:_identify(sm/Apple_Detection.v1i.yolov8/valid/images) by extension 'python'
[0.205s] Level 1:colcon.colcon_core.package_identification:_identify(sm/Apple_Detection.v1i.yolov8/valid/images) by extensions ['python_setup_py']
[0.205s] Level 1:colcon.colcon_core.package_identification:_identify(sm/Apple_Detection.v1i.yolov8/valid/images) by extension 'python_setup_py'
[0.205s] Level 1:colcon.colcon_core.package_identification:_identify(sm/Apple_Detection.v1i.yolov8/valid/labels) by extensions ['ignore', 'ignore_ament_install']
[0.205s] Level 1:colcon.colcon_core.package_identification:_identify(sm/Apple_Detection.v1i.yolov8/valid/labels) by extension 'ignore'
[0.205s] Level 1:colcon.colcon_core.package_identification:_identify(sm/Apple_Detection.v1i.yolov8/valid/labels) by extension 'ignore_ament_install'
[0.205s] Level 1:colcon.colcon_core.package_identification:_identify(sm/Apple_Detection.v1i.yolov8/valid/labels) by extensions ['colcon_pkg']
[0.205s] Level 1:colcon.colcon_core.package_identification:_identify(sm/Apple_Detection.v1i.yolov8/valid/labels) by extension 'colcon_pkg'
[0.205s] Level 1:colcon.colcon_core.package_identification:_identify(sm/Apple_Detection.v1i.yolov8/valid/labels) by extensions ['colcon_meta']
[0.205s] Level 1:colcon.colcon_core.package_identification:_identify(sm/Apple_Detection.v1i.yolov8/valid/labels) by extension 'colcon_meta'
[0.205s] Level 1:colcon.colcon_core.package_identification:_identify(sm/Apple_Detection.v1i.yolov8/valid/labels) by extensions ['ros']
[0.205s] Level 1:colcon.colcon_core.package_identification:_identify(sm/Apple_Detection.v1i.yolov8/valid/labels) by extension 'ros'
[0.205s] Level 1:colcon.colcon_core.package_identification:_identify(sm/Apple_Detection.v1i.yolov8/valid/labels) by extensions ['cmake', 'python']
[0.205s] Level 1:colcon.colcon_core.package_identification:_identify(sm/Apple_Detection.v1i.yolov8/valid/labels) by extension 'cmake'
[0.205s] Level 1:colcon.colcon_core.package_identification:_identify(sm/Apple_Detection.v1i.yolov8/valid/labels) by extension 'python'
[0.206s] Level 1:colcon.colcon_core.package_identification:_identify(sm/Apple_Detection.v1i.yolov8/valid/labels) by extensions ['python_setup_py']
[0.206s] Level 1:colcon.colcon_core.package_identification:_identify(sm/Apple_Detection.v1i.yolov8/valid/labels) by extension 'python_setup_py'
[0.206s] Level 1:colcon.colcon_core.package_identification:_identify(sm/exp) by extensions ['ignore', 'ignore_ament_install']
[0.206s] Level 1:colcon.colcon_core.package_identification:_identify(sm/exp) by extension 'ignore'
[0.206s] Level 1:colcon.colcon_core.package_identification:_identify(sm/exp) by extension 'ignore_ament_install'
[0.206s] Level 1:colcon.colcon_core.package_identification:_identify(sm/exp) by extensions ['colcon_pkg']
[0.206s] Level 1:colcon.colcon_core.package_identification:_identify(sm/exp) by extension 'colcon_pkg'
[0.206s] Level 1:colcon.colcon_core.package_identification:_identify(sm/exp) by extensions ['colcon_meta']
[0.206s] Level 1:colcon.colcon_core.package_identification:_identify(sm/exp) by extension 'colcon_meta'
[0.206s] Level 1:colcon.colcon_core.package_identification:_identify(sm/exp) by extensions ['ros']
[0.206s] Level 1:colcon.colcon_core.package_identification:_identify(sm/exp) by extension 'ros'
[0.206s] Level 1:colcon.colcon_core.package_identification:_identify(sm/exp) by extensions ['cmake', 'python']
[0.206s] Level 1:colcon.colcon_core.package_identification:_identify(sm/exp) by extension 'cmake'
[0.206s] Level 1:colcon.colcon_core.package_identification:_identify(sm/exp) by extension 'python'
[0.206s] Level 1:colcon.colcon_core.package_identification:_identify(sm/exp) by extensions ['python_setup_py']
[0.206s] Level 1:colcon.colcon_core.package_identification:_identify(sm/exp) by extension 'python_setup_py'
[0.206s] Level 1:colcon.colcon_core.package_identification:_identify(sm/exp2) by extensions ['ignore', 'ignore_ament_install']
[0.206s] Level 1:colcon.colcon_core.package_identification:_identify(sm/exp2) by extension 'ignore'
[0.206s] Level 1:colcon.colcon_core.package_identification:_identify(sm/exp2) by extension 'ignore_ament_install'
[0.206s] Level 1:colcon.colcon_core.package_identification:_identify(sm/exp2) by extensions ['colcon_pkg']
[0.206s] Level 1:colcon.colcon_core.package_identification:_identify(sm/exp2) by extension 'colcon_pkg'
[0.206s] Level 1:colcon.colcon_core.package_identification:_identify(sm/exp2) by extensions ['colcon_meta']
[0.207s] Level 1:colcon.colcon_core.package_identification:_identify(sm/exp2) by extension 'colcon_meta'
[0.207s] Level 1:colcon.colcon_core.package_identification:_identify(sm/exp2) by extensions ['ros']
[0.207s] Level 1:colcon.colcon_core.package_identification:_identify(sm/exp2) by extension 'ros'
[0.207s] Level 1:colcon.colcon_core.package_identification:_identify(sm/exp2) by extensions ['cmake', 'python']
[0.207s] Level 1:colcon.colcon_core.package_identification:_identify(sm/exp2) by extension 'cmake'
[0.207s] Level 1:colcon.colcon_core.package_identification:_identify(sm/exp2) by extension 'python'
[0.207s] Level 1:colcon.colcon_core.package_identification:_identify(sm/exp2) by extensions ['python_setup_py']
[0.207s] Level 1:colcon.colcon_core.package_identification:_identify(sm/exp2) by extension 'python_setup_py'
[0.207s] Level 1:colcon.colcon_core.package_identification:_identify(sm/exp3) by extensions ['ignore', 'ignore_ament_install']
[0.207s] Level 1:colcon.colcon_core.package_identification:_identify(sm/exp3) by extension 'ignore'
[0.207s] Level 1:colcon.colcon_core.package_identification:_identify(sm/exp3) by extension 'ignore_ament_install'
[0.207s] Level 1:colcon.colcon_core.package_identification:_identify(sm/exp3) by extensions ['colcon_pkg']
[0.207s] Level 1:colcon.colcon_core.package_identification:_identify(sm/exp3) by extension 'colcon_pkg'
[0.207s] Level 1:colcon.colcon_core.package_identification:_identify(sm/exp3) by extensions ['colcon_meta']
[0.207s] Level 1:colcon.colcon_core.package_identification:_identify(sm/exp3) by extension 'colcon_meta'
[0.207s] Level 1:colcon.colcon_core.package_identification:_identify(sm/exp3) by extensions ['ros']
[0.207s] Level 1:colcon.colcon_core.package_identification:_identify(sm/exp3) by extension 'ros'
[0.207s] Level 1:colcon.colcon_core.package_identification:_identify(sm/exp3) by extensions ['cmake', 'python']
[0.207s] Level 1:colcon.colcon_core.package_identification:_identify(sm/exp3) by extension 'cmake'
[0.207s] Level 1:colcon.colcon_core.package_identification:_identify(sm/exp3) by extension 'python'
[0.207s] Level 1:colcon.colcon_core.package_identification:_identify(sm/exp3) by extensions ['python_setup_py']
[0.207s] Level 1:colcon.colcon_core.package_identification:_identify(sm/exp3) by extension 'python_setup_py'
[0.208s] Level 1:colcon.colcon_core.package_identification:_identify(sm/exp4) by extensions ['ignore', 'ignore_ament_install']
[0.208s] Level 1:colcon.colcon_core.package_identification:_identify(sm/exp4) by extension 'ignore'
[0.208s] Level 1:colcon.colcon_core.package_identification:_identify(sm/exp4) by extension 'ignore_ament_install'
[0.208s] Level 1:colcon.colcon_core.package_identification:_identify(sm/exp4) by extensions ['colcon_pkg']
[0.208s] Level 1:colcon.colcon_core.package_identification:_identify(sm/exp4) by extension 'colcon_pkg'
[0.208s] Level 1:colcon.colcon_core.package_identification:_identify(sm/exp4) by extensions ['colcon_meta']
[0.208s] Level 1:colcon.colcon_core.package_identification:_identify(sm/exp4) by extension 'colcon_meta'
[0.208s] Level 1:colcon.colcon_core.package_identification:_identify(sm/exp4) by extensions ['ros']
[0.208s] Level 1:colcon.colcon_core.package_identification:_identify(sm/exp4) by extension 'ros'
[0.208s] Level 1:colcon.colcon_core.package_identification:_identify(sm/exp4) by extensions ['cmake', 'python']
[0.208s] Level 1:colcon.colcon_core.package_identification:_identify(sm/exp4) by extension 'cmake'
[0.208s] Level 1:colcon.colcon_core.package_identification:_identify(sm/exp4) by extension 'python'
[0.208s] Level 1:colcon.colcon_core.package_identification:_identify(sm/exp4) by extensions ['python_setup_py']
[0.208s] Level 1:colcon.colcon_core.package_identification:_identify(sm/exp4) by extension 'python_setup_py'
[0.208s] Level 1:colcon.colcon_core.package_identification:_identify(sm/exp4/weights) by extensions ['ignore', 'ignore_ament_install']
[0.208s] Level 1:colcon.colcon_core.package_identification:_identify(sm/exp4/weights) by extension 'ignore'
[0.208s] Level 1:colcon.colcon_core.package_identification:_identify(sm/exp4/weights) by extension 'ignore_ament_install'
[0.208s] Level 1:colcon.colcon_core.package_identification:_identify(sm/exp4/weights) by extensions ['colcon_pkg']
[0.208s] Level 1:colcon.colcon_core.package_identification:_identify(sm/exp4/weights) by extension 'colcon_pkg'
[0.208s] Level 1:colcon.colcon_core.package_identification:_identify(sm/exp4/weights) by extensions ['colcon_meta']
[0.208s] Level 1:colcon.colcon_core.package_identification:_identify(sm/exp4/weights) by extension 'colcon_meta'
[0.208s] Level 1:colcon.colcon_core.package_identification:_identify(sm/exp4/weights) by extensions ['ros']
[0.208s] Level 1:colcon.colcon_core.package_identification:_identify(sm/exp4/weights) by extension 'ros'
[0.209s] Level 1:colcon.colcon_core.package_identification:_identify(sm/exp4/weights) by extensions ['cmake', 'python']
[0.209s] Level 1:colcon.colcon_core.package_identification:_identify(sm/exp4/weights) by extension 'cmake'
[0.209s] Level 1:colcon.colcon_core.package_identification:_identify(sm/exp4/weights) by extension 'python'
[0.209s] Level 1:colcon.colcon_core.package_identification:_identify(sm/exp4/weights) by extensions ['python_setup_py']
[0.209s] Level 1:colcon.colcon_core.package_identification:_identify(sm/exp4/weights) by extension 'python_setup_py'
[0.209s] Level 1:colcon.colcon_core.package_identification:_identify(src) by extensions ['ignore', 'ignore_ament_install']
[0.209s] Level 1:colcon.colcon_core.package_identification:_identify(src) by extension 'ignore'
[0.209s] Level 1:colcon.colcon_core.package_identification:_identify(src) by extension 'ignore_ament_install'
[0.209s] Level 1:colcon.colcon_core.package_identification:_identify(src) by extensions ['colcon_pkg']
[0.209s] Level 1:colcon.colcon_core.package_identification:_identify(src) by extension 'colcon_pkg'
[0.209s] Level 1:colcon.colcon_core.package_identification:_identify(src) by extensions ['colcon_meta']
[0.209s] Level 1:colcon.colcon_core.package_identification:_identify(src) by extension 'colcon_meta'
[0.209s] Level 1:colcon.colcon_core.package_identification:_identify(src) by extensions ['ros']
[0.209s] Level 1:colcon.colcon_core.package_identification:_identify(src) by extension 'ros'
[0.209s] Level 1:colcon.colcon_core.package_identification:_identify(src) by extensions ['cmake', 'python']
[0.209s] Level 1:colcon.colcon_core.package_identification:_identify(src) by extension 'cmake'
[0.209s] Level 1:colcon.colcon_core.package_identification:_identify(src) by extension 'python'
[0.209s] Level 1:colcon.colcon_core.package_identification:_identify(src) by extensions ['python_setup_py']
[0.209s] Level 1:colcon.colcon_core.package_identification:_identify(src) by extension 'python_setup_py'
[0.209s] Level 1:colcon.colcon_core.package_identification:_identify(src/build) by extensions ['ignore', 'ignore_ament_install']
[0.209s] Level 1:colcon.colcon_core.package_identification:_identify(src/build) by extension 'ignore'
[0.209s] Level 1:colcon.colcon_core.package_identification:_identify(src/build) ignored
[0.210s] Level 1:colcon.colcon_core.package_identification:_identify(src/install) by extensions ['ignore', 'ignore_ament_install']
[0.210s] Level 1:colcon.colcon_core.package_identification:_identify(src/install) by extension 'ignore'
[0.210s] Level 1:colcon.colcon_core.package_identification:_identify(src/install) ignored
[0.210s] Level 1:colcon.colcon_core.package_identification:_identify(src/log) by extensions ['ignore', 'ignore_ament_install']
[0.210s] Level 1:colcon.colcon_core.package_identification:_identify(src/log) by extension 'ignore'
[0.210s] Level 1:colcon.colcon_core.package_identification:_identify(src/log) ignored
[0.210s] Level 1:colcon.colcon_core.package_identification:_identify(src/my_robot_description) by extensions ['ignore', 'ignore_ament_install']
[0.210s] Level 1:colcon.colcon_core.package_identification:_identify(src/my_robot_description) by extension 'ignore'
[0.210s] Level 1:colcon.colcon_core.package_identification:_identify(src/my_robot_description) by extension 'ignore_ament_install'
[0.210s] Level 1:colcon.colcon_core.package_identification:_identify(src/my_robot_description) by extensions ['colcon_pkg']
[0.210s] Level 1:colcon.colcon_core.package_identification:_identify(src/my_robot_description) by extension 'colcon_pkg'
[0.210s] Level 1:colcon.colcon_core.package_identification:_identify(src/my_robot_description) by extensions ['colcon_meta']
[0.210s] Level 1:colcon.colcon_core.package_identification:_identify(src/my_robot_description) by extension 'colcon_meta'
[0.210s] Level 1:colcon.colcon_core.package_identification:_identify(src/my_robot_description) by extensions ['ros']
[0.210s] Level 1:colcon.colcon_core.package_identification:_identify(src/my_robot_description) by extension 'ros'
[0.212s] DEBUG:colcon.colcon_core.package_identification:Package 'src/my_robot_description' with type 'ros.ament_cmake' and name 'my_robot_description'
[0.212s] Level 1:colcon.colcon_core.package_identification:_identify(src/my_robot_navigation) by extensions ['ignore', 'ignore_ament_install']
[0.212s] Level 1:colcon.colcon_core.package_identification:_identify(src/my_robot_navigation) by extension 'ignore'
[0.212s] Level 1:colcon.colcon_core.package_identification:_identify(src/my_robot_navigation) by extension 'ignore_ament_install'
[0.212s] Level 1:colcon.colcon_core.package_identification:_identify(src/my_robot_navigation) by extensions ['colcon_pkg']
[0.213s] Level 1:colcon.colcon_core.package_identification:_identify(src/my_robot_navigation) by extension 'colcon_pkg'
[0.213s] Level 1:colcon.colcon_core.package_identification:_identify(src/my_robot_navigation) by extensions ['colcon_meta']
[0.213s] Level 1:colcon.colcon_core.package_identification:_identify(src/my_robot_navigation) by extension 'colcon_meta'
[0.213s] Level 1:colcon.colcon_core.package_identification:_identify(src/my_robot_navigation) by extensions ['ros']
[0.213s] Level 1:colcon.colcon_core.package_identification:_identify(src/my_robot_navigation) by extension 'ros'
[0.214s] DEBUG:colcon.colcon_core.package_identification:Package 'src/my_robot_navigation' with type 'ros.ament_cmake' and name 'my_robot_navigation'
[0.214s] Level 1:colcon.colcon_core.package_identification:_identify(src/my_robot_simulation) by extensions ['ignore', 'ignore_ament_install']
[0.215s] Level 1:colcon.colcon_core.package_identification:_identify(src/my_robot_simulation) by extension 'ignore'
[0.215s] Level 1:colcon.colcon_core.package_identification:_identify(src/my_robot_simulation) by extension 'ignore_ament_install'
[0.215s] Level 1:colcon.colcon_core.package_identification:_identify(src/my_robot_simulation) by extensions ['colcon_pkg']
[0.215s] Level 1:colcon.colcon_core.package_identification:_identify(src/my_robot_simulation) by extension 'colcon_pkg'
[0.215s] Level 1:colcon.colcon_core.package_identification:_identify(src/my_robot_simulation) by extensions ['colcon_meta']
[0.215s] Level 1:colcon.colcon_core.package_identification:_identify(src/my_robot_simulation) by extension 'colcon_meta'
[0.215s] Level 1:colcon.colcon_core.package_identification:_identify(src/my_robot_simulation) by extensions ['ros']
[0.215s] Level 1:colcon.colcon_core.package_identification:_identify(src/my_robot_simulation) by extension 'ros'
[0.215s] DEBUG:colcon.colcon_core.package_identification:Package 'src/my_robot_simulation' with type 'ros.ament_cmake' and name 'my_robot_simulation'
[0.215s] Level 1:colcon.colcon_core.package_identification:_identify(src/my_robot_vision) by extensions ['ignore', 'ignore_ament_install']
[0.215s] Level 1:colcon.colcon_core.package_identification:_identify(src/my_robot_vision) by extension 'ignore'
[0.215s] Level 1:colcon.colcon_core.package_identification:_identify(src/my_robot_vision) by extension 'ignore_ament_install'
[0.215s] Level 1:colcon.colcon_core.package_identification:_identify(src/my_robot_vision) by extensions ['colcon_pkg']
[0.215s] Level 1:colcon.colcon_core.package_identification:_identify(src/my_robot_vision) by extension 'colcon_pkg'
[0.215s] Level 1:colcon.colcon_core.package_identification:_identify(src/my_robot_vision) by extensions ['colcon_meta']
[0.215s] Level 1:colcon.colcon_core.package_identification:_identify(src/my_robot_vision) by extension 'colcon_meta'
[0.215s] Level 1:colcon.colcon_core.package_identification:_identify(src/my_robot_vision) by extensions ['ros']
[0.215s] Level 1:colcon.colcon_core.package_identification:_identify(src/my_robot_vision) by extension 'ros'
[0.216s] DEBUG:colcon.colcon_core.package_identification:Package 'src/my_robot_vision' with type 'ros.ament_python' and name 'my_robot_vision'
[0.216s] Level 1:colcon.colcon_core.package_identification:_identify(src/navigation2) by extensions ['ignore', 'ignore_ament_install']
[0.216s] Level 1:colcon.colcon_core.package_identification:_identify(src/navigation2) by extension 'ignore'
[0.216s] Level 1:colcon.colcon_core.package_identification:_identify(src/navigation2) by extension 'ignore_ament_install'
[0.216s] Level 1:colcon.colcon_core.package_identification:_identify(src/navigation2) by extensions ['colcon_pkg']
[0.216s] Level 1:colcon.colcon_core.package_identification:_identify(src/navigation2) by extension 'colcon_pkg'
[0.216s] Level 1:colcon.colcon_core.package_identification:_identify(src/navigation2) by extensions ['colcon_meta']
[0.216s] Level 1:colcon.colcon_core.package_identification:_identify(src/navigation2) by extension 'colcon_meta'
[0.216s] Level 1:colcon.colcon_core.package_identification:_identify(src/navigation2) by extensions ['ros']
[0.216s] Level 1:colcon.colcon_core.package_identification:_identify(src/navigation2) by extension 'ros'
[0.216s] Level 1:colcon.colcon_core.package_identification:_identify(src/navigation2) by extensions ['cmake', 'python']
[0.216s] Level 1:colcon.colcon_core.package_identification:_identify(src/navigation2) by extension 'cmake'
[0.216s] Level 1:colcon.colcon_core.package_identification:_identify(src/navigation2) by extension 'python'
[0.217s] Level 1:colcon.colcon_core.package_identification:_identify(src/navigation2) by extensions ['python_setup_py']
[0.217s] Level 1:colcon.colcon_core.package_identification:_identify(src/navigation2) by extension 'python_setup_py'
[0.217s] Level 1:colcon.colcon_core.package_identification:_identify(src/orb_slam3_ai) by extensions ['ignore', 'ignore_ament_install']
[0.217s] Level 1:colcon.colcon_core.package_identification:_identify(src/orb_slam3_ai) by extension 'ignore'
[0.217s] Level 1:colcon.colcon_core.package_identification:_identify(src/orb_slam3_ai) by extension 'ignore_ament_install'
[0.217s] Level 1:colcon.colcon_core.package_identification:_identify(src/orb_slam3_ai) by extensions ['colcon_pkg']
[0.217s] Level 1:colcon.colcon_core.package_identification:_identify(src/orb_slam3_ai) by extension 'colcon_pkg'
[0.217s] Level 1:colcon.colcon_core.package_identification:_identify(src/orb_slam3_ai) by extensions ['colcon_meta']
[0.217s] Level 1:colcon.colcon_core.package_identification:_identify(src/orb_slam3_ai) by extension 'colcon_meta'
[0.217s] Level 1:colcon.colcon_core.package_identification:_identify(src/orb_slam3_ai) by extensions ['ros']
[0.217s] Level 1:colcon.colcon_core.package_identification:_identify(src/orb_slam3_ai) by extension 'ros'
[0.217s] DEBUG:colcon.colcon_core.package_identification:Package 'src/orb_slam3_ai' with type 'ros.ament_python' and name 'orb_slam3_ai'
[0.218s] Level 1:colcon.colcon_core.package_discovery:discover_packages(recursive) using defaults
[0.218s] Level 1:colcon.colcon_core.package_discovery:discover_packages(ignore) discover
[0.218s] Level 1:colcon.colcon_core.package_discovery:discover_packages(ignore) using defaults
[0.218s] Level 1:colcon.colcon_core.package_discovery:discover_packages(path) discover
[0.218s] Level 1:colcon.colcon_core.package_discovery:discover_packages(path) using defaults
[0.237s] Level 1:colcon.colcon_core.package_discovery:discover_packages(prefix_path) check parameters
[0.237s] Level 1:colcon.colcon_core.package_discovery:discover_packages(prefix_path) discover
[0.239s] DEBUG:colcon.colcon_installed_package_information.package_discovery:Found 5 installed packages in /home/wb/ros_ws/install
[0.240s] DEBUG:colcon.colcon_installed_package_information.package_discovery:Found 269 installed packages in /opt/ros/humble
[0.241s] Level 1:colcon.colcon_core.package_discovery:discover_packages(prefix_path) using defaults
[0.265s] Level 5:colcon.colcon_core.verb:set package 'my_robot_description' build argument 'cmake_args' from command line to 'None'
[0.265s] Level 5:colcon.colcon_core.verb:set package 'my_robot_description' build argument 'cmake_target' from command line to 'None'
[0.265s] Level 5:colcon.colcon_core.verb:set package 'my_robot_description' build argument 'cmake_target_skip_unavailable' from command line to 'False'
[0.265s] Level 5:colcon.colcon_core.verb:set package 'my_robot_description' build argument 'cmake_clean_cache' from command line to 'False'
[0.265s] Level 5:colcon.colcon_core.verb:set package 'my_robot_description' build argument 'cmake_clean_first' from command line to 'False'
[0.265s] Level 5:colcon.colcon_core.verb:set package 'my_robot_description' build argument 'cmake_force_configure' from command line to 'False'
[0.265s] Level 5:colcon.colcon_core.verb:set package 'my_robot_description' build argument 'ament_cmake_args' from command line to 'None'
[0.265s] Level 5:colcon.colcon_core.verb:set package 'my_robot_description' build argument 'catkin_cmake_args' from command line to 'None'
[0.265s] Level 5:colcon.colcon_core.verb:set package 'my_robot_description' build argument 'catkin_skip_building_tests' from command line to 'False'
[0.265s] DEBUG:colcon.colcon_core.verb:Building package 'my_robot_description' with the following arguments: {'ament_cmake_args': None, 'build_base': '/home/wb/ros_ws/build/my_robot_description', 'catkin_cmake_args': None, 'catkin_skip_building_tests': False, 'cmake_args': None, 'cmake_clean_cache': False, 'cmake_clean_first': False, 'cmake_force_configure': False, 'cmake_target': None, 'cmake_target_skip_unavailable': False, 'install_base': '/home/wb/ros_ws/install/my_robot_description', 'merge_install': False, 'path': '/home/wb/ros_ws/src/my_robot_description', 'symlink_install': False, 'test_result_base': None}
[0.266s] Level 5:colcon.colcon_core.verb:set package 'my_robot_simulation' build argument 'cmake_args' from command line to 'None'
[0.266s] Level 5:colcon.colcon_core.verb:set package 'my_robot_simulation' build argument 'cmake_target' from command line to 'None'
[0.266s] Level 5:colcon.colcon_core.verb:set package 'my_robot_simulation' build argument 'cmake_target_skip_unavailable' from command line to 'False'
[0.266s] Level 5:colcon.colcon_core.verb:set package 'my_robot_simulation' build argument 'cmake_clean_cache' from command line to 'False'
[0.266s] Level 5:colcon.colcon_core.verb:set package 'my_robot_simulation' build argument 'cmake_clean_first' from command line to 'False'
[0.266s] Level 5:colcon.colcon_core.verb:set package 'my_robot_simulation' build argument 'cmake_force_configure' from command line to 'False'
[0.266s] Level 5:colcon.colcon_core.verb:set package 'my_robot_simulation' build argument 'ament_cmake_args' from command line to 'None'
[0.266s] Level 5:colcon.colcon_core.verb:set package 'my_robot_simulation' build argument 'catkin_cmake_args' from command line to 'None'
[0.266s] Level 5:colcon.colcon_core.verb:set package 'my_robot_simulation' build argument 'catkin_skip_building_tests' from command line to 'False'
[0.266s] DEBUG:colcon.colcon_core.verb:Building package 'my_robot_simulation' with the following arguments: {'ament_cmake_args': None, 'build_base': '/home/wb/ros_ws/build/my_robot_simulation', 'catkin_cmake_args': None, 'catkin_skip_building_tests': False, 'cmake_args': None, 'cmake_clean_cache': False, 'cmake_clean_first': False, 'cmake_force_configure': False, 'cmake_target': None, 'cmake_target_skip_unavailable': False, 'install_base': '/home/wb/ros_ws/install/my_robot_simulation', 'merge_install': False, 'path': '/home/wb/ros_ws/src/my_robot_simulation', 'symlink_install': False, 'test_result_base': None}
[0.266s] Level 5:colcon.colcon_core.verb:set package 'my_robot_vision' build argument 'cmake_args' from command line to 'None'
[0.266s] Level 5:colcon.colcon_core.verb:set package 'my_robot_vision' build argument 'cmake_target' from command line to 'None'
[0.266s] Level 5:colcon.colcon_core.verb:set package 'my_robot_vision' build argument 'cmake_target_skip_unavailable' from command line to 'False'
[0.266s] Level 5:colcon.colcon_core.verb:set package 'my_robot_vision' build argument 'cmake_clean_cache' from command line to 'False'
[0.266s] Level 5:colcon.colcon_core.verb:set package 'my_robot_vision' build argument 'cmake_clean_first' from command line to 'False'
[0.266s] Level 5:colcon.colcon_core.verb:set package 'my_robot_vision' build argument 'cmake_force_configure' from command line to 'False'
[0.266s] Level 5:colcon.colcon_core.verb:set package 'my_robot_vision' build argument 'ament_cmake_args' from command line to 'None'
[0.266s] Level 5:colcon.colcon_core.verb:set package 'my_robot_vision' build argument 'catkin_cmake_args' from command line to 'None'
[0.266s] Level 5:colcon.colcon_core.verb:set package 'my_robot_vision' build argument 'catkin_skip_building_tests' from command line to 'False'
[0.266s] DEBUG:colcon.colcon_core.verb:Building package 'my_robot_vision' with the following arguments: {'ament_cmake_args': None, 'build_base': '/home/wb/ros_ws/build/my_robot_vision', 'catkin_cmake_args': None, 'catkin_skip_building_tests': False, 'cmake_args': None, 'cmake_clean_cache': False, 'cmake_clean_first': False, 'cmake_force_configure': False, 'cmake_target': None, 'cmake_target_skip_unavailable': False, 'install_base': '/home/wb/ros_ws/install/my_robot_vision', 'merge_install': False, 'path': '/home/wb/ros_ws/src/my_robot_vision', 'symlink_install': False, 'test_result_base': None}
[0.267s] Level 5:colcon.colcon_core.verb:set package 'orb_slam3_ai' build argument 'cmake_args' from command line to 'None'
[0.267s] Level 5:colcon.colcon_core.verb:set package 'orb_slam3_ai' build argument 'cmake_target' from command line to 'None'
[0.267s] Level 5:colcon.colcon_core.verb:set package 'orb_slam3_ai' build argument 'cmake_target_skip_unavailable' from command line to 'False'
[0.267s] Level 5:colcon.colcon_core.verb:set package 'orb_slam3_ai' build argument 'cmake_clean_cache' from command line to 'False'
[0.267s] Level 5:colcon.colcon_core.verb:set package 'orb_slam3_ai' build argument 'cmake_clean_first' from command line to 'False'
[0.267s] Level 5:colcon.colcon_core.verb:set package 'orb_slam3_ai' build argument 'cmake_force_configure' from command line to 'False'
[0.267s] Level 5:colcon.colcon_core.verb:set package 'orb_slam3_ai' build argument 'ament_cmake_args' from command line to 'None'
[0.267s] Level 5:colcon.colcon_core.verb:set package 'orb_slam3_ai' build argument 'catkin_cmake_args' from command line to 'None'
[0.267s] Level 5:colcon.colcon_core.verb:set package 'orb_slam3_ai' build argument 'catkin_skip_building_tests' from command line to 'False'
[0.267s] DEBUG:colcon.colcon_core.verb:Building package 'orb_slam3_ai' with the following arguments: {'ament_cmake_args': None, 'build_base': '/home/wb/ros_ws/build/orb_slam3_ai', 'catkin_cmake_args': None, 'catkin_skip_building_tests': False, 'cmake_args': None, 'cmake_clean_cache': False, 'cmake_clean_first': False, 'cmake_force_configure': False, 'cmake_target': None, 'cmake_target_skip_unavailable': False, 'install_base': '/home/wb/ros_ws/install/orb_slam3_ai', 'merge_install': False, 'path': '/home/wb/ros_ws/src/orb_slam3_ai', 'symlink_install': False, 'test_result_base': None}
[0.267s] Level 5:colcon.colcon_core.verb:set package 'my_robot_navigation' build argument 'cmake_args' from command line to 'None'
[0.267s] Level 5:colcon.colcon_core.verb:set package 'my_robot_navigation' build argument 'cmake_target' from command line to 'None'
[0.267s] Level 5:colcon.colcon_core.verb:set package 'my_robot_navigation' build argument 'cmake_target_skip_unavailable' from command line to 'False'
[0.267s] Level 5:colcon.colcon_core.verb:set package 'my_robot_navigation' build argument 'cmake_clean_cache' from command line to 'False'
[0.267s] Level 5:colcon.colcon_core.verb:set package 'my_robot_navigation' build argument 'cmake_clean_first' from command line to 'False'
[0.267s] Level 5:colcon.colcon_core.verb:set package 'my_robot_navigation' build argument 'cmake_force_configure' from command line to 'False'
[0.267s] Level 5:colcon.colcon_core.verb:set package 'my_robot_navigation' build argument 'ament_cmake_args' from command line to 'None'
[0.267s] Level 5:colcon.colcon_core.verb:set package 'my_robot_navigation' build argument 'catkin_cmake_args' from command line to 'None'
[0.267s] Level 5:colcon.colcon_core.verb:set package 'my_robot_navigation' build argument 'catkin_skip_building_tests' from command line to 'False'
[0.267s] DEBUG:colcon.colcon_core.verb:Building package 'my_robot_navigation' with the following arguments: {'ament_cmake_args': None, 'build_base': '/home/wb/ros_ws/build/my_robot_navigation', 'catkin_cmake_args': None, 'catkin_skip_building_tests': False, 'cmake_args': None, 'cmake_clean_cache': False, 'cmake_clean_first': False, 'cmake_force_configure': False, 'cmake_target': None, 'cmake_target_skip_unavailable': False, 'install_base': '/home/wb/ros_ws/install/my_robot_navigation', 'merge_install': False, 'path': '/home/wb/ros_ws/src/my_robot_navigation', 'symlink_install': False, 'test_result_base': None}
[0.267s] INFO:colcon.colcon_core.executor:Executing jobs using 'parallel' executor
[0.268s] DEBUG:colcon.colcon_parallel_executor.executor.parallel:run_until_complete
[0.268s] INFO:colcon.colcon_ros.task.ament_cmake.build:Building ROS package in '/home/wb/ros_ws/src/my_robot_description' with build type 'ament_cmake'
[0.268s] INFO:colcon.colcon_cmake.task.cmake.build:Building CMake package in '/home/wb/ros_ws/src/my_robot_description'
[0.270s] INFO:colcon.colcon_core.plugin_system:Skipping extension 'colcon_core.shell.bat': Not used on non-Windows systems
[0.270s] INFO:colcon.colcon_core.shell:Skip shell extension 'powershell' for command environment: Not usable outside of PowerShell
[0.270s] DEBUG:colcon.colcon_core.shell:Skip shell extension 'dsv' for command environment
[0.274s] INFO:colcon.colcon_ros.task.ament_cmake.build:Building ROS package in '/home/wb/ros_ws/src/my_robot_simulation' with build type 'ament_cmake'
[0.274s] INFO:colcon.colcon_cmake.task.cmake.build:Building CMake package in '/home/wb/ros_ws/src/my_robot_simulation'
[0.274s] INFO:colcon.colcon_core.shell:Skip shell extension 'powershell' for command environment: Not usable outside of PowerShell
[0.274s] DEBUG:colcon.colcon_core.shell:Skip shell extension 'dsv' for command environment
[0.278s] INFO:colcon.colcon_ros.task.ament_python.build:Building ROS package in '/home/wb/ros_ws/src/my_robot_vision' with build type 'ament_python'
[0.278s] Level 1:colcon.colcon_core.shell:create_environment_hook('my_robot_vision', 'ament_prefix_path')
[0.278s] INFO:colcon.colcon_core.shell:Creating environment hook '/home/wb/ros_ws/install/my_robot_vision/share/my_robot_vision/hook/ament_prefix_path.ps1'
[0.278s] INFO:colcon.colcon_core.shell:Creating environment descriptor '/home/wb/ros_ws/install/my_robot_vision/share/my_robot_vision/hook/ament_prefix_path.dsv'
[0.279s] INFO:colcon.colcon_core.shell:Creating environment hook '/home/wb/ros_ws/install/my_robot_vision/share/my_robot_vision/hook/ament_prefix_path.sh'
[0.279s] INFO:colcon.colcon_core.shell:Skip shell extension 'powershell' for command environment: Not usable outside of PowerShell
[0.279s] DEBUG:colcon.colcon_core.shell:Skip shell extension 'dsv' for command environment
[0.282s] INFO:colcon.colcon_ros.task.ament_python.build:Building ROS package in '/home/wb/ros_ws/src/orb_slam3_ai' with build type 'ament_python'
[0.282s] Level 1:colcon.colcon_core.shell:create_environment_hook('orb_slam3_ai', 'ament_prefix_path')
[0.282s] INFO:colcon.colcon_core.shell:Creating environment hook '/home/wb/ros_ws/install/orb_slam3_ai/share/orb_slam3_ai/hook/ament_prefix_path.ps1'
[0.283s] INFO:colcon.colcon_core.shell:Creating environment descriptor '/home/wb/ros_ws/install/orb_slam3_ai/share/orb_slam3_ai/hook/ament_prefix_path.dsv'
[0.283s] INFO:colcon.colcon_core.shell:Creating environment hook '/home/wb/ros_ws/install/orb_slam3_ai/share/orb_slam3_ai/hook/ament_prefix_path.sh'
[0.284s] INFO:colcon.colcon_core.shell:Skip shell extension 'powershell' for command environment: Not usable outside of PowerShell
[0.284s] DEBUG:colcon.colcon_core.shell:Skip shell extension 'dsv' for command environment
[0.292s] DEBUG:colcon.colcon_core.event_handler.log_command:Invoking command in '/home/wb/ros_ws/build/my_robot_description': CMAKE_PREFIX_PATH=${CMAKE_PREFIX_PATH}:/home/wb/ros_ws/install/orb_slam3_ai:/home/wb/ros_ws/install/my_robot_vision:/opt/ros/humble /usr/bin/cmake --build /home/wb/ros_ws/build/my_robot_description -- -j4 -l4
[0.294s] DEBUG:colcon.colcon_core.event_handler.log_command:Invoking command in '/home/wb/ros_ws/build/my_robot_simulation': CMAKE_PREFIX_PATH=${CMAKE_PREFIX_PATH}:/home/wb/ros_ws/install/orb_slam3_ai:/home/wb/ros_ws/install/my_robot_vision:/opt/ros/humble /usr/bin/cmake --build /home/wb/ros_ws/build/my_robot_simulation -- -j4 -l4
[0.468s] INFO:colcon.colcon_core.task.python.build:Building Python package in '/home/wb/ros_ws/src/my_robot_vision'
[0.468s] INFO:colcon.colcon_core.shell:Skip shell extension 'powershell' for command environment: Not usable outside of PowerShell
[0.468s] DEBUG:colcon.colcon_core.shell:Skip shell extension 'dsv' for command environment
[0.474s] DEBUG:colcon.colcon_core.event_handler.log_command:Invoked command in '/home/wb/ros_ws/build/my_robot_simulation' returned '0': CMAKE_PREFIX_PATH=${CMAKE_PREFIX_PATH}:/home/wb/ros_ws/install/orb_slam3_ai:/home/wb/ros_ws/install/my_robot_vision:/opt/ros/humble /usr/bin/cmake --build /home/wb/ros_ws/build/my_robot_simulation -- -j4 -l4
[0.483s] DEBUG:colcon.colcon_core.event_handler.log_command:Invoking command in '/home/wb/ros_ws/build/my_robot_simulation': CMAKE_PREFIX_PATH=${CMAKE_PREFIX_PATH}:/home/wb/ros_ws/install/orb_slam3_ai:/home/wb/ros_ws/install/my_robot_vision:/opt/ros/humble /usr/bin/cmake --install /home/wb/ros_ws/build/my_robot_simulation
[0.483s] DEBUG:colcon.colcon_core.event_handler.log_command:Invoked command in '/home/wb/ros_ws/build/my_robot_description' returned '0': CMAKE_PREFIX_PATH=${CMAKE_PREFIX_PATH}:/home/wb/ros_ws/install/orb_slam3_ai:/home/wb/ros_ws/install/my_robot_vision:/opt/ros/humble /usr/bin/cmake --build /home/wb/ros_ws/build/my_robot_description -- -j4 -l4
[0.483s] DEBUG:colcon.colcon_core.event_handler.log_command:Invoking command in '/home/wb/ros_ws/build/my_robot_description': CMAKE_PREFIX_PATH=${CMAKE_PREFIX_PATH}:/home/wb/ros_ws/install/orb_slam3_ai:/home/wb/ros_ws/install/my_robot_vision:/opt/ros/humble /usr/bin/cmake --install /home/wb/ros_ws/build/my_robot_description
[0.655s] INFO:colcon.colcon_core.task.python.build:Building Python package in '/home/wb/ros_ws/src/orb_slam3_ai'
[0.655s] INFO:colcon.colcon_core.shell:Skip shell extension 'powershell' for command environment: Not usable outside of PowerShell
[0.655s] DEBUG:colcon.colcon_core.shell:Skip shell extension 'dsv' for command environment
[0.665s] Level 1:colcon.colcon_core.environment:create_environment_scripts_only(my_robot_description)
[0.666s] DEBUG:colcon.colcon_core.event_handler.log_command:Invoked command in '/home/wb/ros_ws/build/my_robot_description' returned '0': CMAKE_PREFIX_PATH=${CMAKE_PREFIX_PATH}:/home/wb/ros_ws/install/orb_slam3_ai:/home/wb/ros_ws/install/my_robot_vision:/opt/ros/humble /usr/bin/cmake --install /home/wb/ros_ws/build/my_robot_description
[0.667s] Level 1:colcon.colcon_core.environment:checking '/home/wb/ros_ws/install/my_robot_description' for CMake module files
[0.667s] Level 1:colcon.colcon_core.environment:checking '/home/wb/ros_ws/install/my_robot_description' for CMake config files
[0.668s] Level 1:colcon.colcon_core.shell:create_environment_hook('my_robot_description', 'cmake_prefix_path')
[0.668s] INFO:colcon.colcon_core.shell:Creating environment hook '/home/wb/ros_ws/install/my_robot_description/share/my_robot_description/hook/cmake_prefix_path.ps1'
[0.668s] INFO:colcon.colcon_core.shell:Creating environment descriptor '/home/wb/ros_ws/install/my_robot_description/share/my_robot_description/hook/cmake_prefix_path.dsv'
[0.668s] INFO:colcon.colcon_core.shell:Creating environment hook '/home/wb/ros_ws/install/my_robot_description/share/my_robot_description/hook/cmake_prefix_path.sh'
[0.669s] Level 1:colcon.colcon_core.environment:checking '/home/wb/ros_ws/install/my_robot_description/bin'
[0.669s] Level 1:colcon.colcon_core.environment:checking '/home/wb/ros_ws/install/my_robot_description/lib/pkgconfig/my_robot_description.pc'
[0.669s] Level 1:colcon.colcon_core.environment:checking '/home/wb/ros_ws/install/my_robot_description/lib/python3.10/site-packages'
[0.669s] Level 1:colcon.colcon_core.environment:checking '/home/wb/ros_ws/install/my_robot_description/bin'
[0.669s] INFO:colcon.colcon_core.shell:Creating package script '/home/wb/ros_ws/install/my_robot_description/share/my_robot_description/package.ps1'
[0.670s] INFO:colcon.colcon_core.shell:Creating package descriptor '/home/wb/ros_ws/install/my_robot_description/share/my_robot_description/package.dsv'
[0.670s] INFO:colcon.colcon_core.shell:Creating package script '/home/wb/ros_ws/install/my_robot_description/share/my_robot_description/package.sh'
[0.671s] INFO:colcon.colcon_core.shell:Creating package script '/home/wb/ros_ws/install/my_robot_description/share/my_robot_description/package.bash'
[0.671s] INFO:colcon.colcon_core.shell:Creating package script '/home/wb/ros_ws/install/my_robot_description/share/my_robot_description/package.zsh'
[0.672s] Level 1:colcon.colcon_core.environment:create_file_with_runtime_dependencies(/home/wb/ros_ws/install/my_robot_description/share/colcon-core/packages/my_robot_description)
[0.672s] Level 1:colcon.colcon_core.environment:create_environment_scripts_only(my_robot_description)
[0.672s] Level 1:colcon.colcon_core.environment:checking '/home/wb/ros_ws/install/my_robot_description' for CMake module files
[0.673s] Level 1:colcon.colcon_core.environment:checking '/home/wb/ros_ws/install/my_robot_description' for CMake config files
[0.673s] Level 1:colcon.colcon_core.shell:create_environment_hook('my_robot_description', 'cmake_prefix_path')
[0.673s] INFO:colcon.colcon_core.shell:Creating environment hook '/home/wb/ros_ws/install/my_robot_description/share/my_robot_description/hook/cmake_prefix_path.ps1'
[0.673s] INFO:colcon.colcon_core.shell:Creating environment descriptor '/home/wb/ros_ws/install/my_robot_description/share/my_robot_description/hook/cmake_prefix_path.dsv'
[0.673s] INFO:colcon.colcon_core.shell:Creating environment hook '/home/wb/ros_ws/install/my_robot_description/share/my_robot_description/hook/cmake_prefix_path.sh'
[0.674s] Level 1:colcon.colcon_core.environment:checking '/home/wb/ros_ws/install/my_robot_description/bin'
[0.674s] Level 1:colcon.colcon_core.environment:checking '/home/wb/ros_ws/install/my_robot_description/lib/pkgconfig/my_robot_description.pc'
[0.674s] Level 1:colcon.colcon_core.environment:checking '/home/wb/ros_ws/install/my_robot_description/lib/python3.10/site-packages'
[0.674s] Level 1:colcon.colcon_core.environment:checking '/home/wb/ros_ws/install/my_robot_description/bin'
[0.674s] INFO:colcon.colcon_core.shell:Creating package script '/home/wb/ros_ws/install/my_robot_description/share/my_robot_description/package.ps1'
[0.675s] INFO:colcon.colcon_core.shell:Creating package descriptor '/home/wb/ros_ws/install/my_robot_description/share/my_robot_description/package.dsv'
[0.675s] INFO:colcon.colcon_core.shell:Creating package script '/home/wb/ros_ws/install/my_robot_description/share/my_robot_description/package.sh'
[0.675s] INFO:colcon.colcon_core.shell:Creating package script '/home/wb/ros_ws/install/my_robot_description/share/my_robot_description/package.bash'
[0.676s] INFO:colcon.colcon_core.shell:Creating package script '/home/wb/ros_ws/install/my_robot_description/share/my_robot_description/package.zsh'
[0.676s] Level 1:colcon.colcon_core.environment:create_file_with_runtime_dependencies(/home/wb/ros_ws/install/my_robot_description/share/colcon-core/packages/my_robot_description)
[0.676s] Level 1:colcon.colcon_core.environment:create_environment_scripts_only(my_robot_simulation)
[0.676s] Level 1:colcon.colcon_core.environment:checking '/home/wb/ros_ws/install/my_robot_simulation' for CMake module files
[0.677s] Level 1:colcon.colcon_core.environment:checking '/home/wb/ros_ws/install/my_robot_simulation' for CMake config files
[0.677s] Level 1:colcon.colcon_core.shell:create_environment_hook('my_robot_simulation', 'cmake_prefix_path')
[0.677s] INFO:colcon.colcon_core.shell:Creating environment hook '/home/wb/ros_ws/install/my_robot_simulation/share/my_robot_simulation/hook/cmake_prefix_path.ps1'
[0.677s] INFO:colcon.colcon_core.shell:Creating environment descriptor '/home/wb/ros_ws/install/my_robot_simulation/share/my_robot_simulation/hook/cmake_prefix_path.dsv'
[0.678s] INFO:colcon.colcon_core.shell:Creating environment hook '/home/wb/ros_ws/install/my_robot_simulation/share/my_robot_simulation/hook/cmake_prefix_path.sh'
[0.678s] Level 1:colcon.colcon_core.environment:checking '/home/wb/ros_ws/install/my_robot_simulation/bin'
[0.678s] Level 1:colcon.colcon_core.environment:checking '/home/wb/ros_ws/install/my_robot_simulation/lib/pkgconfig/my_robot_simulation.pc'
[0.678s] Level 1:colcon.colcon_core.environment:checking '/home/wb/ros_ws/install/my_robot_simulation/lib/python3.10/site-packages'
[0.678s] Level 1:colcon.colcon_core.environment:checking '/home/wb/ros_ws/install/my_robot_simulation/bin'
[0.678s] INFO:colcon.colcon_core.shell:Creating package script '/home/wb/ros_ws/install/my_robot_simulation/share/my_robot_simulation/package.ps1'
[0.679s] INFO:colcon.colcon_core.shell:Creating package descriptor '/home/wb/ros_ws/install/my_robot_simulation/share/my_robot_simulation/package.dsv'
[0.679s] INFO:colcon.colcon_core.shell:Creating package script '/home/wb/ros_ws/install/my_robot_simulation/share/my_robot_simulation/package.sh'
[0.679s] INFO:colcon.colcon_core.shell:Creating package script '/home/wb/ros_ws/install/my_robot_simulation/share/my_robot_simulation/package.bash'
[0.680s] INFO:colcon.colcon_core.shell:Creating package script '/home/wb/ros_ws/install/my_robot_simulation/share/my_robot_simulation/package.zsh'
[0.680s] Level 1:colcon.colcon_core.environment:create_file_with_runtime_dependencies(/home/wb/ros_ws/install/my_robot_simulation/share/colcon-core/packages/my_robot_simulation)
[0.681s] Level 1:colcon.colcon_core.environment:create_environment_scripts_only(my_robot_simulation)
[0.681s] Level 1:colcon.colcon_core.environment:checking '/home/wb/ros_ws/install/my_robot_simulation' for CMake module files
[0.681s] DEBUG:colcon.colcon_core.event_handler.log_command:Invoked command in '/home/wb/ros_ws/build/my_robot_simulation' returned '0': CMAKE_PREFIX_PATH=${CMAKE_PREFIX_PATH}:/home/wb/ros_ws/install/orb_slam3_ai:/home/wb/ros_ws/install/my_robot_vision:/opt/ros/humble /usr/bin/cmake --install /home/wb/ros_ws/build/my_robot_simulation
[0.682s] Level 1:colcon.colcon_core.environment:checking '/home/wb/ros_ws/install/my_robot_simulation' for CMake config files
[0.682s] Level 1:colcon.colcon_core.shell:create_environment_hook('my_robot_simulation', 'cmake_prefix_path')
[0.682s] INFO:colcon.colcon_core.shell:Creating environment hook '/home/wb/ros_ws/install/my_robot_simulation/share/my_robot_simulation/hook/cmake_prefix_path.ps1'
[0.682s] INFO:colcon.colcon_core.shell:Creating environment descriptor '/home/wb/ros_ws/install/my_robot_simulation/share/my_robot_simulation/hook/cmake_prefix_path.dsv'
[0.683s] INFO:colcon.colcon_core.shell:Creating environment hook '/home/wb/ros_ws/install/my_robot_simulation/share/my_robot_simulation/hook/cmake_prefix_path.sh'
[0.683s] Level 1:colcon.colcon_core.environment:checking '/home/wb/ros_ws/install/my_robot_simulation/bin'
[0.683s] Level 1:colcon.colcon_core.environment:checking '/home/wb/ros_ws/install/my_robot_simulation/lib/pkgconfig/my_robot_simulation.pc'
[0.683s] Level 1:colcon.colcon_core.environment:checking '/home/wb/ros_ws/install/my_robot_simulation/lib/python3.10/site-packages'
[0.683s] Level 1:colcon.colcon_core.environment:checking '/home/wb/ros_ws/install/my_robot_simulation/bin'
[0.683s] INFO:colcon.colcon_core.shell:Creating package script '/home/wb/ros_ws/install/my_robot_simulation/share/my_robot_simulation/package.ps1'
[0.684s] INFO:colcon.colcon_core.shell:Creating package descriptor '/home/wb/ros_ws/install/my_robot_simulation/share/my_robot_simulation/package.dsv'
[0.684s] INFO:colcon.colcon_core.shell:Creating package script '/home/wb/ros_ws/install/my_robot_simulation/share/my_robot_simulation/package.sh'
[0.684s] INFO:colcon.colcon_core.shell:Creating package script '/home/wb/ros_ws/install/my_robot_simulation/share/my_robot_simulation/package.bash'
[0.685s] INFO:colcon.colcon_core.shell:Creating package script '/home/wb/ros_ws/install/my_robot_simulation/share/my_robot_simulation/package.zsh'
[0.685s] Level 1:colcon.colcon_core.environment:create_file_with_runtime_dependencies(/home/wb/ros_ws/install/my_robot_simulation/share/colcon-core/packages/my_robot_simulation)
[0.690s] INFO:colcon.colcon_ros.task.ament_cmake.build:Building ROS package in '/home/wb/ros_ws/src/my_robot_navigation' with build type 'ament_cmake'
[0.690s] INFO:colcon.colcon_cmake.task.cmake.build:Building CMake package in '/home/wb/ros_ws/src/my_robot_navigation'
[0.690s] INFO:colcon.colcon_core.shell:Skip shell extension 'powershell' for command environment: Not usable outside of PowerShell
[0.690s] DEBUG:colcon.colcon_core.shell:Skip shell extension 'dsv' for command environment
[0.704s] DEBUG:colcon.colcon_core.event_handler.log_command:Invoking command in '/home/wb/ros_ws/build/my_robot_navigation': CMAKE_PREFIX_PATH=/home/wb/ros_ws/install/my_robot_simulation:/home/wb/ros_ws/install/my_robot_description:/home/wb/ros_ws/install/my_robot_navigation:/home/wb/ros_ws/install/orb_slam3_ai:/home/wb/ros_ws/install/my_robot_vision:/opt/ros/humble /usr/bin/cmake --build /home/wb/ros_ws/build/my_robot_navigation -- -j4 -l4
[0.740s] DEBUG:colcon.colcon_core.event_handler.log_command:Invoked command in '/home/wb/ros_ws/build/my_robot_navigation' returned '0': CMAKE_PREFIX_PATH=/home/wb/ros_ws/install/my_robot_simulation:/home/wb/ros_ws/install/my_robot_description:/home/wb/ros_ws/install/my_robot_navigation:/home/wb/ros_ws/install/orb_slam3_ai:/home/wb/ros_ws/install/my_robot_vision:/opt/ros/humble /usr/bin/cmake --build /home/wb/ros_ws/build/my_robot_navigation -- -j4 -l4
[0.740s] DEBUG:colcon.colcon_core.event_handler.log_command:Invoking command in '/home/wb/ros_ws/build/my_robot_navigation': CMAKE_PREFIX_PATH=/home/wb/ros_ws/install/my_robot_simulation:/home/wb/ros_ws/install/my_robot_description:/home/wb/ros_ws/install/my_robot_navigation:/home/wb/ros_ws/install/orb_slam3_ai:/home/wb/ros_ws/install/my_robot_vision:/opt/ros/humble /usr/bin/cmake --install /home/wb/ros_ws/build/my_robot_navigation
[0.750s] Level 1:colcon.colcon_core.environment:create_environment_scripts_only(my_robot_navigation)
[0.750s] Level 1:colcon.colcon_core.environment:checking '/home/wb/ros_ws/install/my_robot_navigation' for CMake module files
[0.751s] Level 1:colcon.colcon_core.environment:checking '/home/wb/ros_ws/install/my_robot_navigation' for CMake config files
[0.751s] DEBUG:colcon.colcon_core.event_handler.log_command:Invoked command in '/home/wb/ros_ws/build/my_robot_navigation' returned '0': CMAKE_PREFIX_PATH=/home/wb/ros_ws/install/my_robot_simulation:/home/wb/ros_ws/install/my_robot_description:/home/wb/ros_ws/install/my_robot_navigation:/home/wb/ros_ws/install/orb_slam3_ai:/home/wb/ros_ws/install/my_robot_vision:/opt/ros/humble /usr/bin/cmake --install /home/wb/ros_ws/build/my_robot_navigation
[0.751s] Level 1:colcon.colcon_core.shell:create_environment_hook('my_robot_navigation', 'cmake_prefix_path')
[0.752s] INFO:colcon.colcon_core.shell:Creating environment hook '/home/wb/ros_ws/install/my_robot_navigation/share/my_robot_navigation/hook/cmake_prefix_path.ps1'
[0.752s] INFO:colcon.colcon_core.shell:Creating environment descriptor '/home/wb/ros_ws/install/my_robot_navigation/share/my_robot_navigation/hook/cmake_prefix_path.dsv'
[0.753s] INFO:colcon.colcon_core.shell:Creating environment hook '/home/wb/ros_ws/install/my_robot_navigation/share/my_robot_navigation/hook/cmake_prefix_path.sh'
[0.753s] Level 1:colcon.colcon_core.environment:checking '/home/wb/ros_ws/install/my_robot_navigation/bin'
[0.753s] Level 1:colcon.colcon_core.environment:checking '/home/wb/ros_ws/install/my_robot_navigation/lib/pkgconfig/my_robot_navigation.pc'
[0.754s] Level 1:colcon.colcon_core.environment:checking '/home/wb/ros_ws/install/my_robot_navigation/lib/python3.10/site-packages'
[0.754s] Level 1:colcon.colcon_core.environment:checking '/home/wb/ros_ws/install/my_robot_navigation/bin'
[0.754s] INFO:colcon.colcon_core.shell:Creating package script '/home/wb/ros_ws/install/my_robot_navigation/share/my_robot_navigation/package.ps1'
[0.754s] INFO:colcon.colcon_core.shell:Creating package descriptor '/home/wb/ros_ws/install/my_robot_navigation/share/my_robot_navigation/package.dsv'
[0.755s] INFO:colcon.colcon_core.shell:Creating package script '/home/wb/ros_ws/install/my_robot_navigation/share/my_robot_navigation/package.sh'
[0.755s] INFO:colcon.colcon_core.shell:Creating package script '/home/wb/ros_ws/install/my_robot_navigation/share/my_robot_navigation/package.bash'
[0.756s] INFO:colcon.colcon_core.shell:Creating package script '/home/wb/ros_ws/install/my_robot_navigation/share/my_robot_navigation/package.zsh'
[0.756s] Level 1:colcon.colcon_core.environment:create_file_with_runtime_dependencies(/home/wb/ros_ws/install/my_robot_navigation/share/colcon-core/packages/my_robot_navigation)
[0.757s] Level 1:colcon.colcon_core.environment:create_environment_scripts_only(my_robot_navigation)
[0.757s] Level 1:colcon.colcon_core.environment:checking '/home/wb/ros_ws/install/my_robot_navigation' for CMake module files
[0.757s] Level 1:colcon.colcon_core.environment:checking '/home/wb/ros_ws/install/my_robot_navigation' for CMake config files
[0.758s] Level 1:colcon.colcon_core.shell:create_environment_hook('my_robot_navigation', 'cmake_prefix_path')
[0.758s] INFO:colcon.colcon_core.shell:Creating environment hook '/home/wb/ros_ws/install/my_robot_navigation/share/my_robot_navigation/hook/cmake_prefix_path.ps1'
[0.758s] INFO:colcon.colcon_core.shell:Creating environment descriptor '/home/wb/ros_ws/install/my_robot_navigation/share/my_robot_navigation/hook/cmake_prefix_path.dsv'
[0.758s] INFO:colcon.colcon_core.shell:Creating environment hook '/home/wb/ros_ws/install/my_robot_navigation/share/my_robot_navigation/hook/cmake_prefix_path.sh'
[0.759s] Level 1:colcon.colcon_core.environment:checking '/home/wb/ros_ws/install/my_robot_navigation/bin'
[0.759s] Level 1:colcon.colcon_core.environment:checking '/home/wb/ros_ws/install/my_robot_navigation/lib/pkgconfig/my_robot_navigation.pc'
[0.759s] Level 1:colcon.colcon_core.environment:checking '/home/wb/ros_ws/install/my_robot_navigation/lib/python3.10/site-packages'
[0.759s] Level 1:colcon.colcon_core.environment:checking '/home/wb/ros_ws/install/my_robot_navigation/bin'
[0.760s] INFO:colcon.colcon_core.shell:Creating package script '/home/wb/ros_ws/install/my_robot_navigation/share/my_robot_navigation/package.ps1'
[0.760s] INFO:colcon.colcon_core.shell:Creating package descriptor '/home/wb/ros_ws/install/my_robot_navigation/share/my_robot_navigation/package.dsv'
[0.760s] INFO:colcon.colcon_core.shell:Creating package script '/home/wb/ros_ws/install/my_robot_navigation/share/my_robot_navigation/package.sh'
[0.761s] INFO:colcon.colcon_core.shell:Creating package script '/home/wb/ros_ws/install/my_robot_navigation/share/my_robot_navigation/package.bash'
[0.761s] INFO:colcon.colcon_core.shell:Creating package script '/home/wb/ros_ws/install/my_robot_navigation/share/my_robot_navigation/package.zsh'
[0.762s] Level 1:colcon.colcon_core.environment:create_file_with_runtime_dependencies(/home/wb/ros_ws/install/my_robot_navigation/share/colcon-core/packages/my_robot_navigation)
[0.910s] DEBUG:colcon.colcon_core.event_handler.log_command:Invoking command in '/home/wb/ros_ws/src/my_robot_vision': PYTHONPATH=/home/wb/ros_ws/build/my_robot_vision/prefix_override:/usr/lib/python3/dist-packages/colcon_core/task/python/colcon_distutils_commands:/home/wb/ros_ws/install/my_robot_vision/lib/python3.10/site-packages:${PYTHONPATH} /usr/bin/python3 -W ignore:setup.py install is deprecated -W ignore:easy_install command is deprecated setup.py egg_info --egg-base ../../build/my_robot_vision build --build-base /home/wb/ros_ws/build/my_robot_vision/build install --record /home/wb/ros_ws/build/my_robot_vision/install.log --single-version-externally-managed install_data
[0.935s] DEBUG:colcon.colcon_core.event_handler.log_command:Invoking command in '/home/wb/ros_ws/src/orb_slam3_ai': PYTHONPATH=/home/wb/ros_ws/build/orb_slam3_ai/prefix_override:/usr/lib/python3/dist-packages/colcon_core/task/python/colcon_distutils_commands:/home/wb/ros_ws/install/orb_slam3_ai/lib/python3.10/site-packages:${PYTHONPATH} /usr/bin/python3 -W ignore:setup.py install is deprecated -W ignore:easy_install command is deprecated setup.py egg_info --egg-base ../../build/orb_slam3_ai build --build-base /home/wb/ros_ws/build/orb_slam3_ai/build install --record /home/wb/ros_ws/build/orb_slam3_ai/install.log --single-version-externally-managed install_data
[1.108s] Level 1:colcon.colcon_core.environment:checking '/home/wb/ros_ws/install/my_robot_vision' for CMake module files
[1.109s] Level 1:colcon.colcon_core.environment:checking '/home/wb/ros_ws/install/my_robot_vision' for CMake config files
[1.110s] DEBUG:colcon.colcon_core.event_handler.log_command:Invoked command in '/home/wb/ros_ws/src/my_robot_vision' returned '0': PYTHONPATH=/home/wb/ros_ws/build/my_robot_vision/prefix_override:/usr/lib/python3/dist-packages/colcon_core/task/python/colcon_distutils_commands:/home/wb/ros_ws/install/my_robot_vision/lib/python3.10/site-packages:${PYTHONPATH} /usr/bin/python3 -W ignore:setup.py install is deprecated -W ignore:easy_install command is deprecated setup.py egg_info --egg-base ../../build/my_robot_vision build --build-base /home/wb/ros_ws/build/my_robot_vision/build install --record /home/wb/ros_ws/build/my_robot_vision/install.log --single-version-externally-managed install_data
[1.111s] Level 1:colcon.colcon_core.environment:checking '/home/wb/ros_ws/install/my_robot_vision/lib'
[1.111s] Level 1:colcon.colcon_core.environment:checking '/home/wb/ros_ws/install/my_robot_vision/bin'
[1.111s] Level 1:colcon.colcon_core.environment:checking '/home/wb/ros_ws/install/my_robot_vision/lib/pkgconfig/my_robot_vision.pc'
[1.111s] Level 1:colcon.colcon_core.environment:checking '/home/wb/ros_ws/install/my_robot_vision/lib/python3.10/site-packages'
[1.111s] Level 1:colcon.colcon_core.shell:create_environment_hook('my_robot_vision', 'pythonpath')
[1.112s] INFO:colcon.colcon_core.shell:Creating environment hook '/home/wb/ros_ws/install/my_robot_vision/share/my_robot_vision/hook/pythonpath.ps1'
[1.112s] INFO:colcon.colcon_core.shell:Creating environment descriptor '/home/wb/ros_ws/install/my_robot_vision/share/my_robot_vision/hook/pythonpath.dsv'
[1.112s] INFO:colcon.colcon_core.shell:Creating environment hook '/home/wb/ros_ws/install/my_robot_vision/share/my_robot_vision/hook/pythonpath.sh'
[1.113s] Level 1:colcon.colcon_core.environment:checking '/home/wb/ros_ws/install/my_robot_vision/bin'
[1.113s] Level 1:colcon.colcon_core.environment:create_environment_scripts_only(my_robot_vision)
[1.113s] INFO:colcon.colcon_core.shell:Creating package script '/home/wb/ros_ws/install/my_robot_vision/share/my_robot_vision/package.ps1'
[1.113s] INFO:colcon.colcon_core.shell:Creating package descriptor '/home/wb/ros_ws/install/my_robot_vision/share/my_robot_vision/package.dsv'
[1.114s] INFO:colcon.colcon_core.shell:Creating package script '/home/wb/ros_ws/install/my_robot_vision/share/my_robot_vision/package.sh'
[1.114s] INFO:colcon.colcon_core.shell:Creating package script '/home/wb/ros_ws/install/my_robot_vision/share/my_robot_vision/package.bash'
[1.114s] INFO:colcon.colcon_core.shell:Creating package script '/home/wb/ros_ws/install/my_robot_vision/share/my_robot_vision/package.zsh'
[1.115s] Level 1:colcon.colcon_core.environment:create_file_with_runtime_dependencies(/home/wb/ros_ws/install/my_robot_vision/share/colcon-core/packages/my_robot_vision)
[1.142s] Level 1:colcon.colcon_core.environment:checking '/home/wb/ros_ws/install/orb_slam3_ai' for CMake module files
[1.143s] DEBUG:colcon.colcon_core.event_handler.log_command:Invoked command in '/home/wb/ros_ws/src/orb_slam3_ai' returned '0': PYTHONPATH=/home/wb/ros_ws/build/orb_slam3_ai/prefix_override:/usr/lib/python3/dist-packages/colcon_core/task/python/colcon_distutils_commands:/home/wb/ros_ws/install/orb_slam3_ai/lib/python3.10/site-packages:${PYTHONPATH} /usr/bin/python3 -W ignore:setup.py install is deprecated -W ignore:easy_install command is deprecated setup.py egg_info --egg-base ../../build/orb_slam3_ai build --build-base /home/wb/ros_ws/build/orb_slam3_ai/build install --record /home/wb/ros_ws/build/orb_slam3_ai/install.log --single-version-externally-managed install_data
[1.143s] Level 1:colcon.colcon_core.environment:checking '/home/wb/ros_ws/install/orb_slam3_ai' for CMake config files
[1.143s] Level 1:colcon.colcon_core.environment:checking '/home/wb/ros_ws/install/orb_slam3_ai/lib'
[1.143s] Level 1:colcon.colcon_core.environment:checking '/home/wb/ros_ws/install/orb_slam3_ai/bin'
[1.143s] Level 1:colcon.colcon_core.environment:checking '/home/wb/ros_ws/install/orb_slam3_ai/lib/pkgconfig/orb_slam3_ai.pc'
[1.144s] Level 1:colcon.colcon_core.environment:checking '/home/wb/ros_ws/install/orb_slam3_ai/lib/python3.10/site-packages'
[1.144s] Level 1:colcon.colcon_core.shell:create_environment_hook('orb_slam3_ai', 'pythonpath')
[1.144s] INFO:colcon.colcon_core.shell:Creating environment hook '/home/wb/ros_ws/install/orb_slam3_ai/share/orb_slam3_ai/hook/pythonpath.ps1'
[1.144s] INFO:colcon.colcon_core.shell:Creating environment descriptor '/home/wb/ros_ws/install/orb_slam3_ai/share/orb_slam3_ai/hook/pythonpath.dsv'
[1.145s] INFO:colcon.colcon_core.shell:Creating environment hook '/home/wb/ros_ws/install/orb_slam3_ai/share/orb_slam3_ai/hook/pythonpath.sh'
[1.146s] Level 1:colcon.colcon_core.environment:checking '/home/wb/ros_ws/install/orb_slam3_ai/bin'
[1.146s] Level 1:colcon.colcon_core.environment:create_environment_scripts_only(orb_slam3_ai)
[1.146s] INFO:colcon.colcon_core.shell:Creating package script '/home/wb/ros_ws/install/orb_slam3_ai/share/orb_slam3_ai/package.ps1'
[1.146s] INFO:colcon.colcon_core.shell:Creating package descriptor '/home/wb/ros_ws/install/orb_slam3_ai/share/orb_slam3_ai/package.dsv'
[1.147s] INFO:colcon.colcon_core.shell:Creating package script '/home/wb/ros_ws/install/orb_slam3_ai/share/orb_slam3_ai/package.sh'
[1.147s] INFO:colcon.colcon_core.shell:Creating package script '/home/wb/ros_ws/install/orb_slam3_ai/share/orb_slam3_ai/package.bash'
[1.147s] INFO:colcon.colcon_core.shell:Creating package script '/home/wb/ros_ws/install/orb_slam3_ai/share/orb_slam3_ai/package.zsh'
[1.148s] Level 1:colcon.colcon_core.environment:create_file_with_runtime_dependencies(/home/wb/ros_ws/install/orb_slam3_ai/share/colcon-core/packages/orb_slam3_ai)
[1.148s] DEBUG:colcon.colcon_parallel_executor.executor.parallel:closing loop
[1.149s] DEBUG:colcon.colcon_parallel_executor.executor.parallel:loop closed
[1.149s] DEBUG:colcon.colcon_parallel_executor.executor.parallel:run_until_complete finished with '0'
[1.149s] DEBUG:colcon.colcon_core.event_reactor:joining thread
[1.153s] INFO:colcon.colcon_core.plugin_system:Skipping extension 'colcon_notification.desktop_notification.terminal_notifier': Not used on non-Darwin systems
[1.153s] INFO:colcon.colcon_core.plugin_system:Skipping extension 'colcon_notification.desktop_notification.win32': Not used on non-Windows systems
[1.153s] INFO:colcon.colcon_notification.desktop_notification:Sending desktop notification using 'notify2'
[1.162s] DEBUG:colcon.colcon_core.event_reactor:joined thread
[1.162s] INFO:colcon.colcon_core.shell:Creating prefix script '/home/wb/ros_ws/install/local_setup.ps1'
[1.163s] INFO:colcon.colcon_core.shell:Creating prefix util module '/home/wb/ros_ws/install/_local_setup_util_ps1.py'
[1.164s] INFO:colcon.colcon_core.shell:Creating prefix chain script '/home/wb/ros_ws/install/setup.ps1'
[1.165s] INFO:colcon.colcon_core.shell:Creating prefix script '/home/wb/ros_ws/install/local_setup.sh'
[1.165s] INFO:colcon.colcon_core.shell:Creating prefix util module '/home/wb/ros_ws/install/_local_setup_util_sh.py'
[1.166s] INFO:colcon.colcon_core.shell:Creating prefix chain script '/home/wb/ros_ws/install/setup.sh'
[1.167s] INFO:colcon.colcon_core.shell:Creating prefix script '/home/wb/ros_ws/install/local_setup.bash'
[1.167s] INFO:colcon.colcon_core.shell:Creating prefix chain script '/home/wb/ros_ws/install/setup.bash'
[1.168s] INFO:colcon.colcon_core.shell:Creating prefix script '/home/wb/ros_ws/install/local_setup.zsh'
[1.169s] INFO:colcon.colcon_core.shell:Creating prefix chain script '/home/wb/ros_ws/install/setup.zsh'
