running egg_info
writing ../../build/my_robot_vision/my_robot_vision.egg-info/PKG-INFO
writing dependency_links to ../../build/my_robot_vision/my_robot_vision.egg-info/dependency_links.txt
writing entry points to ../../build/my_robot_vision/my_robot_vision.egg-info/entry_points.txt
writing requirements to ../../build/my_robot_vision/my_robot_vision.egg-info/requires.txt
writing top-level names to ../../build/my_robot_vision/my_robot_vision.egg-info/top_level.txt
reading manifest file '../../build/my_robot_vision/my_robot_vision.egg-info/SOURCES.txt'
writing manifest file '../../build/my_robot_vision/my_robot_vision.egg-info/SOURCES.txt'
running build
running build_py
copying my_robot_vision/apple_detector.py -> /home/wb/ros_ws/build/my_robot_vision/build/lib/my_robot_vision
running install
running install_lib
copying /home/wb/ros_ws/build/my_robot_vision/build/lib/my_robot_vision/apple_detector.py -> /home/wb/ros_ws/install/my_robot_vision/lib/python3.10/site-packages/my_robot_vision
byte-compiling /home/wb/ros_ws/install/my_robot_vision/lib/python3.10/site-packages/my_robot_vision/apple_detector.py to apple_detector.cpython-310.pyc
running install_data
running install_egg_info
removing '/home/wb/ros_ws/install/my_robot_vision/lib/python3.10/site-packages/my_robot_vision-0.0.0-py3.10.egg-info' (and everything under it)
Copying ../../build/my_robot_vision/my_robot_vision.egg-info to /home/wb/ros_ws/install/my_robot_vision/lib/python3.10/site-packages/my_robot_vision-0.0.0-py3.10.egg-info
running install_scripts
Installing apple_detector script to /home/wb/ros_ws/install/my_robot_vision/lib/my_robot_vision
writing list of installed files to '/home/wb/ros_ws/build/my_robot_vision/install.log'
