[0.016s] Invoking command in '/home/wb/ros_ws/build/nav2_behavior_tree': CMAKE_PREFIX_PATH=/home/wb/ros_ws/install/nav2_util:/home/wb/ros_ws/install/nav2_msgs:/home/wb/ros_ws/install/nav2_common:/home/wb/ros_ws/install/simple_robot:/home/wb/ros_ws/install/nav2_system_tests:/home/wb/ros_ws/install/my_robot_navigation:/home/wb/ros_ws/install/nav2_bringup:/home/wb/ros_ws/install/navigation2:/home/wb/ros_ws/install/nav2_smoother:/home/wb/ros_ws/install/nav2_rotation_shim_controller:/home/wb/ros_ws/install/nav2_graceful_controller:/home/wb/ros_ws/install/nav2_dwb_controller:/home/wb/ros_ws/install/nav2_controller:/home/wb/ros_ws/install/dwb_plugins:/home/wb/ros_ws/install/dwb_critics:/home/wb/ros_ws/install/dwb_core:/home/wb/ros_ws/install/nav_2d_utils:/home/wb/ros_ws/install/dwb_msgs:/home/wb/ros_ws/install/nav_2d_msgs:/home/wb/ros_ws/install/nav2_waypoint_follower:/home/wb/ros_ws/install/nav2_theta_star_planner:/home/wb/ros_ws/install/nav2_smac_planner:/home/wb/ros_ws/install/nav2_regulated_pure_pursuit_controller:/home/wb/ros_ws/install/nav2_planner:/home/wb/ros_ws/install/nav2_navfn_planner:/home/wb/ros_ws/install/nav2_mppi_controller:/home/wb/ros_ws/install/nav2_constrained_smoother:/home/wb/ros_ws/install/nav2_bt_navigator:/home/wb/ros_ws/install/nav2_behaviors:/home/wb/ros_ws/install/nav2_core:/home/wb/ros_ws/install/nav2_collision_monitor:/home/wb/ros_ws/install/costmap_queue:/home/wb/ros_ws/install/nav2_costmap_2d:/home/wb/ros_ws/install/nav2_voxel_grid:/home/wb/ros_ws/install/nav2_velocity_smoother:/home/wb/ros_ws/install/nav2_rviz_plugins:/home/wb/ros_ws/install/nav2_map_server:/home/wb/ros_ws/install/nav2_lifecycle_manager:/home/wb/ros_ws/install/nav2_behavior_tree:/home/wb/ros_ws/install/nav2_amcl:/home/wb/ros_ws/install/my_robot_simulation:/home/wb/ros_ws/install/my_robot_description:/home/wb/ros_ws/install/nav2_simple_commander:/opt/ros/humble LD_LIBRARY_PATH=/home/wb/ros_ws/install/nav2_util/lib:/home/wb/ros_ws/install/nav2_msgs/lib:/opt/ros/humble/lib:/home/wb/ros_ws/install/nav2_smoother/lib:/home/wb/ros_ws/install/nav2_rotation_shim_controller/lib:/home/wb/ros_ws/install/nav2_graceful_controller/lib:/home/wb/ros_ws/install/nav2_controller/lib:/home/wb/ros_ws/install/dwb_plugins/lib:/home/wb/ros_ws/install/dwb_critics/lib:/home/wb/ros_ws/install/dwb_core/lib:/home/wb/ros_ws/install/nav_2d_utils/lib:/home/wb/ros_ws/install/dwb_msgs/lib:/home/wb/ros_ws/install/nav_2d_msgs/lib:/home/wb/ros_ws/install/nav2_waypoint_follower/lib:/home/wb/ros_ws/install/nav2_theta_star_planner/lib:/home/wb/ros_ws/install/nav2_smac_planner/lib:/home/wb/ros_ws/install/nav2_regulated_pure_pursuit_controller/lib:/home/wb/ros_ws/install/nav2_planner/lib:/home/wb/ros_ws/install/nav2_navfn_planner/lib:/home/wb/ros_ws/install/nav2_mppi_controller/lib:/home/wb/ros_ws/install/nav2_constrained_smoother/lib:/home/wb/ros_ws/install/nav2_bt_navigator/lib:/home/wb/ros_ws/install/nav2_behaviors/lib:/home/wb/ros_ws/install/nav2_collision_monitor/lib:/home/wb/ros_ws/install/costmap_queue/lib:/home/wb/ros_ws/install/nav2_costmap_2d/lib:/home/wb/ros_ws/install/nav2_voxel_grid/lib:/home/wb/ros_ws/install/nav2_velocity_smoother/lib:/home/wb/ros_ws/install/nav2_rviz_plugins/lib:/home/wb/ros_ws/install/nav2_map_server/lib:/home/wb/ros_ws/install/nav2_lifecycle_manager/lib:/home/wb/ros_ws/install/nav2_behavior_tree/lib:/home/wb/ros_ws/install/nav2_amcl/lib:/usr/lib/x86_64-linux-gnu/gazebo-11/plugins:/opt/ros/humble/opt/rviz_ogre_vendor/lib:/opt/ros/humble/lib/x86_64-linux-gnu:/opt/ros/humble/lib /usr/bin/cmake /home/wb/ros_ws/src/navigation2/nav2_behavior_tree -DAMENT_CMAKE_SYMLINK_INSTALL=1 -DCMAKE_INSTALL_PREFIX=/home/wb/ros_ws/install/nav2_behavior_tree
[0.083s] -- The CXX compiler identification is GNU 11.4.0
[0.095s] -- Detecting CXX compiler ABI info
[0.177s] -- Detecting CXX compiler ABI info - done
[0.181s] -- Check for working CXX compiler: /usr/bin/c++ - skipped
[0.181s] -- Detecting CXX compile features
[0.182s] -- Detecting CXX compile features - done
[0.184s] -- Found ament_cmake: 1.3.11 (/opt/ros/humble/share/ament_cmake/cmake)
[0.318s] -- Found Python3: /usr/bin/python3 (found version "3.10.12") found components: Interpreter 
[0.371s] -- Override CMake install command with custom implementation using symlinks instead of copying resources
[0.400s] -- Found nav2_common: 1.1.18 (/home/wb/ros_ws/install/nav2_common/share/nav2_common/cmake)
[0.405s] -- Found rclcpp: 16.0.12 (/opt/ros/humble/share/rclcpp/cmake)
[0.442s] -- Found rosidl_generator_c: 3.1.6 (/opt/ros/humble/share/rosidl_generator_c/cmake)
[0.449s] -- Found rosidl_adapter: 3.1.6 (/opt/ros/humble/share/rosidl_adapter/cmake)
[0.458s] -- Found rosidl_generator_cpp: 3.1.6 (/opt/ros/humble/share/rosidl_generator_cpp/cmake)
[0.470s] -- Using all available rosidl_typesupport_c: rosidl_typesupport_fastrtps_c;rosidl_typesupport_introspection_c
[0.485s] -- Using all available rosidl_typesupport_cpp: rosidl_typesupport_fastrtps_cpp;rosidl_typesupport_introspection_cpp
[0.524s] -- Found rmw_implementation_cmake: 6.1.2 (/opt/ros/humble/share/rmw_implementation_cmake/cmake)
[0.529s] -- Found rmw_fastrtps_cpp: 6.2.7 (/opt/ros/humble/share/rmw_fastrtps_cpp/cmake)
[0.621s] -- Found OpenSSL: /usr/lib/x86_64-linux-gnu/libcrypto.so (found version "3.0.2")  
[0.645s] -- Found FastRTPS: /opt/ros/humble/include  
[0.680s] -- Using RMW implementation 'rmw_fastrtps_cpp' as default
[0.694s] -- Looking for C++ include pthread.h
[0.809s] -- Looking for C++ include pthread.h - found
[0.809s] -- Performing Test CMAKE_HAVE_LIBC_PTHREAD
[0.890s] -- Performing Test CMAKE_HAVE_LIBC_PTHREAD - Success
[0.890s] -- Found Threads: TRUE  
[0.936s] -- Found rclcpp_action: 16.0.12 (/opt/ros/humble/share/rclcpp_action/cmake)
[0.977s] -- Found rclcpp_lifecycle: 16.0.12 (/opt/ros/humble/share/rclcpp_lifecycle/cmake)
[0.998s] -- Found geometry_msgs: 4.8.0 (/opt/ros/humble/share/geometry_msgs/cmake)
[1.010s] -- Found sensor_msgs: 4.8.0 (/opt/ros/humble/share/sensor_msgs/cmake)
[1.033s] -- Found nav2_msgs: 1.1.18 (/home/wb/ros_ws/install/nav2_msgs/share/nav2_msgs/cmake)
[1.070s] -- Found tf2_ros: 0.25.12 (/opt/ros/humble/share/tf2_ros/cmake)
[1.121s] -- Found tf2_geometry_msgs: 0.25.12 (/opt/ros/humble/share/tf2_geometry_msgs/cmake)
[1.133s] -- Found eigen3_cmake_module: 0.1.1 (/opt/ros/humble/share/eigen3_cmake_module/cmake)
[1.134s] -- Found Eigen3: TRUE (found version "3.4.0") 
[1.134s] -- Ensuring Eigen3 include directory is part of orocos-kdl CMake target
[1.137s] -- Found std_srvs: 4.8.0 (/opt/ros/humble/share/std_srvs/cmake)
[1.143s] -- Found nav2_util: 1.1.18 (/home/wb/ros_ws/install/nav2_util/share/nav2_util/cmake)
[1.169s] -- Setting build type to Release as none was specified.
[5.678s] -- Found ament_lint_auto: 0.12.12 (/opt/ros/humble/share/ament_lint_auto/cmake)
[5.931s] -- Found gtest sources under '/opt/ros/humble/src/gtest_vendor': C++ tests using 'Google Test' will be built
[6.012s] -- The C compiler identification is GNU 11.4.0
[6.030s] -- Detecting C compiler ABI info
[6.254s] -- Detecting C compiler ABI info - done
[6.269s] -- Check for working C compiler: /usr/bin/cc - skipped
[6.269s] -- Detecting C compile features
[6.269s] -- Detecting C compile features - done
[10.589s] -- Added test 'copyright' to check source files copyright and LICENSE
[10.605s] -- Added test 'cppcheck' to perform static code analysis on C / C++ code
[10.620s] -- Configured cppcheck include dirs: /home/wb/ros_ws/src/navigation2/nav2_behavior_tree/include
[10.620s] -- Configured cppcheck exclude dirs and/or files: 
[10.635s] -- Added test 'cpplint' to check C / C++ code against the Google style
[10.635s] -- Configured cpplint exclude dirs and/or files: 
[10.648s] -- Added test 'lint_cmake' to check CMake code style
[10.665s] -- Added test 'uncrustify' to check C / C++ code style
[10.665s] -- Configured uncrustify additional arguments: 
[10.673s] -- Added test 'xmllint' to check XML markup files
[10.684s] -- Configuring done
[15.783s] -- Generating done
[16.000s] -- Build files have been written to: /home/wb/ros_ws/build/nav2_behavior_tree
[16.024s] Invoked command in '/home/wb/ros_ws/build/nav2_behavior_tree' returned '0': CMAKE_PREFIX_PATH=/home/wb/ros_ws/install/nav2_util:/home/wb/ros_ws/install/nav2_msgs:/home/wb/ros_ws/install/nav2_common:/home/wb/ros_ws/install/simple_robot:/home/wb/ros_ws/install/nav2_system_tests:/home/wb/ros_ws/install/my_robot_navigation:/home/wb/ros_ws/install/nav2_bringup:/home/wb/ros_ws/install/navigation2:/home/wb/ros_ws/install/nav2_smoother:/home/wb/ros_ws/install/nav2_rotation_shim_controller:/home/wb/ros_ws/install/nav2_graceful_controller:/home/wb/ros_ws/install/nav2_dwb_controller:/home/wb/ros_ws/install/nav2_controller:/home/wb/ros_ws/install/dwb_plugins:/home/wb/ros_ws/install/dwb_critics:/home/wb/ros_ws/install/dwb_core:/home/wb/ros_ws/install/nav_2d_utils:/home/wb/ros_ws/install/dwb_msgs:/home/wb/ros_ws/install/nav_2d_msgs:/home/wb/ros_ws/install/nav2_waypoint_follower:/home/wb/ros_ws/install/nav2_theta_star_planner:/home/wb/ros_ws/install/nav2_smac_planner:/home/wb/ros_ws/install/nav2_regulated_pure_pursuit_controller:/home/wb/ros_ws/install/nav2_planner:/home/wb/ros_ws/install/nav2_navfn_planner:/home/wb/ros_ws/install/nav2_mppi_controller:/home/wb/ros_ws/install/nav2_constrained_smoother:/home/wb/ros_ws/install/nav2_bt_navigator:/home/wb/ros_ws/install/nav2_behaviors:/home/wb/ros_ws/install/nav2_core:/home/wb/ros_ws/install/nav2_collision_monitor:/home/wb/ros_ws/install/costmap_queue:/home/wb/ros_ws/install/nav2_costmap_2d:/home/wb/ros_ws/install/nav2_voxel_grid:/home/wb/ros_ws/install/nav2_velocity_smoother:/home/wb/ros_ws/install/nav2_rviz_plugins:/home/wb/ros_ws/install/nav2_map_server:/home/wb/ros_ws/install/nav2_lifecycle_manager:/home/wb/ros_ws/install/nav2_behavior_tree:/home/wb/ros_ws/install/nav2_amcl:/home/wb/ros_ws/install/my_robot_simulation:/home/wb/ros_ws/install/my_robot_description:/home/wb/ros_ws/install/nav2_simple_commander:/opt/ros/humble LD_LIBRARY_PATH=/home/wb/ros_ws/install/nav2_util/lib:/home/wb/ros_ws/install/nav2_msgs/lib:/opt/ros/humble/lib:/home/wb/ros_ws/install/nav2_smoother/lib:/home/wb/ros_ws/install/nav2_rotation_shim_controller/lib:/home/wb/ros_ws/install/nav2_graceful_controller/lib:/home/wb/ros_ws/install/nav2_controller/lib:/home/wb/ros_ws/install/dwb_plugins/lib:/home/wb/ros_ws/install/dwb_critics/lib:/home/wb/ros_ws/install/dwb_core/lib:/home/wb/ros_ws/install/nav_2d_utils/lib:/home/wb/ros_ws/install/dwb_msgs/lib:/home/wb/ros_ws/install/nav_2d_msgs/lib:/home/wb/ros_ws/install/nav2_waypoint_follower/lib:/home/wb/ros_ws/install/nav2_theta_star_planner/lib:/home/wb/ros_ws/install/nav2_smac_planner/lib:/home/wb/ros_ws/install/nav2_regulated_pure_pursuit_controller/lib:/home/wb/ros_ws/install/nav2_planner/lib:/home/wb/ros_ws/install/nav2_navfn_planner/lib:/home/wb/ros_ws/install/nav2_mppi_controller/lib:/home/wb/ros_ws/install/nav2_constrained_smoother/lib:/home/wb/ros_ws/install/nav2_bt_navigator/lib:/home/wb/ros_ws/install/nav2_behaviors/lib:/home/wb/ros_ws/install/nav2_collision_monitor/lib:/home/wb/ros_ws/install/costmap_queue/lib:/home/wb/ros_ws/install/nav2_costmap_2d/lib:/home/wb/ros_ws/install/nav2_voxel_grid/lib:/home/wb/ros_ws/install/nav2_velocity_smoother/lib:/home/wb/ros_ws/install/nav2_rviz_plugins/lib:/home/wb/ros_ws/install/nav2_map_server/lib:/home/wb/ros_ws/install/nav2_lifecycle_manager/lib:/home/wb/ros_ws/install/nav2_behavior_tree/lib:/home/wb/ros_ws/install/nav2_amcl/lib:/usr/lib/x86_64-linux-gnu/gazebo-11/plugins:/opt/ros/humble/opt/rviz_ogre_vendor/lib:/opt/ros/humble/lib/x86_64-linux-gnu:/opt/ros/humble/lib /usr/bin/cmake /home/wb/ros_ws/src/navigation2/nav2_behavior_tree -DAMENT_CMAKE_SYMLINK_INSTALL=1 -DCMAKE_INSTALL_PREFIX=/home/wb/ros_ws/install/nav2_behavior_tree
[16.029s] Invoking command in '/home/wb/ros_ws/build/nav2_behavior_tree': CMAKE_PREFIX_PATH=/home/wb/ros_ws/install/nav2_util:/home/wb/ros_ws/install/nav2_msgs:/home/wb/ros_ws/install/nav2_common:/home/wb/ros_ws/install/simple_robot:/home/wb/ros_ws/install/nav2_system_tests:/home/wb/ros_ws/install/my_robot_navigation:/home/wb/ros_ws/install/nav2_bringup:/home/wb/ros_ws/install/navigation2:/home/wb/ros_ws/install/nav2_smoother:/home/wb/ros_ws/install/nav2_rotation_shim_controller:/home/wb/ros_ws/install/nav2_graceful_controller:/home/wb/ros_ws/install/nav2_dwb_controller:/home/wb/ros_ws/install/nav2_controller:/home/wb/ros_ws/install/dwb_plugins:/home/wb/ros_ws/install/dwb_critics:/home/wb/ros_ws/install/dwb_core:/home/wb/ros_ws/install/nav_2d_utils:/home/wb/ros_ws/install/dwb_msgs:/home/wb/ros_ws/install/nav_2d_msgs:/home/wb/ros_ws/install/nav2_waypoint_follower:/home/wb/ros_ws/install/nav2_theta_star_planner:/home/wb/ros_ws/install/nav2_smac_planner:/home/wb/ros_ws/install/nav2_regulated_pure_pursuit_controller:/home/wb/ros_ws/install/nav2_planner:/home/wb/ros_ws/install/nav2_navfn_planner:/home/wb/ros_ws/install/nav2_mppi_controller:/home/wb/ros_ws/install/nav2_constrained_smoother:/home/wb/ros_ws/install/nav2_bt_navigator:/home/wb/ros_ws/install/nav2_behaviors:/home/wb/ros_ws/install/nav2_core:/home/wb/ros_ws/install/nav2_collision_monitor:/home/wb/ros_ws/install/costmap_queue:/home/wb/ros_ws/install/nav2_costmap_2d:/home/wb/ros_ws/install/nav2_voxel_grid:/home/wb/ros_ws/install/nav2_velocity_smoother:/home/wb/ros_ws/install/nav2_rviz_plugins:/home/wb/ros_ws/install/nav2_map_server:/home/wb/ros_ws/install/nav2_lifecycle_manager:/home/wb/ros_ws/install/nav2_behavior_tree:/home/wb/ros_ws/install/nav2_amcl:/home/wb/ros_ws/install/my_robot_simulation:/home/wb/ros_ws/install/my_robot_description:/home/wb/ros_ws/install/nav2_simple_commander:/opt/ros/humble LD_LIBRARY_PATH=/home/wb/ros_ws/install/nav2_util/lib:/home/wb/ros_ws/install/nav2_msgs/lib:/opt/ros/humble/lib:/home/wb/ros_ws/install/nav2_smoother/lib:/home/wb/ros_ws/install/nav2_rotation_shim_controller/lib:/home/wb/ros_ws/install/nav2_graceful_controller/lib:/home/wb/ros_ws/install/nav2_controller/lib:/home/wb/ros_ws/install/dwb_plugins/lib:/home/wb/ros_ws/install/dwb_critics/lib:/home/wb/ros_ws/install/dwb_core/lib:/home/wb/ros_ws/install/nav_2d_utils/lib:/home/wb/ros_ws/install/dwb_msgs/lib:/home/wb/ros_ws/install/nav_2d_msgs/lib:/home/wb/ros_ws/install/nav2_waypoint_follower/lib:/home/wb/ros_ws/install/nav2_theta_star_planner/lib:/home/wb/ros_ws/install/nav2_smac_planner/lib:/home/wb/ros_ws/install/nav2_regulated_pure_pursuit_controller/lib:/home/wb/ros_ws/install/nav2_planner/lib:/home/wb/ros_ws/install/nav2_navfn_planner/lib:/home/wb/ros_ws/install/nav2_mppi_controller/lib:/home/wb/ros_ws/install/nav2_constrained_smoother/lib:/home/wb/ros_ws/install/nav2_bt_navigator/lib:/home/wb/ros_ws/install/nav2_behaviors/lib:/home/wb/ros_ws/install/nav2_collision_monitor/lib:/home/wb/ros_ws/install/costmap_queue/lib:/home/wb/ros_ws/install/nav2_costmap_2d/lib:/home/wb/ros_ws/install/nav2_voxel_grid/lib:/home/wb/ros_ws/install/nav2_velocity_smoother/lib:/home/wb/ros_ws/install/nav2_rviz_plugins/lib:/home/wb/ros_ws/install/nav2_map_server/lib:/home/wb/ros_ws/install/nav2_lifecycle_manager/lib:/home/wb/ros_ws/install/nav2_behavior_tree/lib:/home/wb/ros_ws/install/nav2_amcl/lib:/usr/lib/x86_64-linux-gnu/gazebo-11/plugins:/opt/ros/humble/opt/rviz_ogre_vendor/lib:/opt/ros/humble/lib/x86_64-linux-gnu:/opt/ros/humble/lib /usr/bin/cmake --build /home/wb/ros_ws/build/nav2_behavior_tree -- -j4 -l4
[16.089s] [  1%] [32mBuilding CXX object CMakeFiles/nav2_behavior_tree.dir/src/behavior_tree_engine.cpp.o[0m
[18.939s] [  1%] [32m[1mLinking CXX shared library libnav2_behavior_tree.so[0m
[19.105s] [  1%] Built target nav2_behavior_tree
[19.127s] [  2%] [32mBuilding CXX object CMakeFiles/nav2_controller_cancel_bt_node.dir/plugins/action/controller_cancel_node.cpp.o[0m
[23.155s] [  2%] [32m[1mLinking CXX shared library libnav2_controller_cancel_bt_node.so[0m
[23.322s] [  2%] Built target nav2_controller_cancel_bt_node
[23.353s] [  3%] [32mBuilding CXX object CMakeFiles/nav2_wait_cancel_bt_node.dir/plugins/action/wait_cancel_node.cpp.o[0m
[27.499s] [  3%] [32m[1mLinking CXX shared library libnav2_wait_cancel_bt_node.so[0m
[27.674s] [  3%] Built target nav2_wait_cancel_bt_node
[27.698s] [  4%] [32mBuilding CXX object CMakeFiles/nav2_spin_cancel_bt_node.dir/plugins/action/spin_cancel_node.cpp.o[0m
[31.757s] [  4%] [32m[1mLinking CXX shared library libnav2_spin_cancel_bt_node.so[0m
[31.915s] [  4%] Built target nav2_spin_cancel_bt_node
[31.945s] [  5%] [32mBuilding CXX object CMakeFiles/nav2_back_up_cancel_bt_node.dir/plugins/action/back_up_cancel_node.cpp.o[0m
[35.964s] [  5%] [32m[1mLinking CXX shared library libnav2_back_up_cancel_bt_node.so[0m
[36.123s] [  5%] Built target nav2_back_up_cancel_bt_node
[36.148s] [  6%] [32mBuilding CXX object CMakeFiles/nav2_assisted_teleop_cancel_bt_node.dir/plugins/action/assisted_teleop_cancel_node.cpp.o[0m
[40.332s] [  6%] [32m[1mLinking CXX shared library libnav2_assisted_teleop_cancel_bt_node.so[0m
[40.485s] [  6%] Built target nav2_assisted_teleop_cancel_bt_node
[40.509s] [  6%] [32mBuilding CXX object CMakeFiles/nav2_drive_on_heading_cancel_bt_node.dir/plugins/action/drive_on_heading_cancel_node.cpp.o[0m
[44.701s] [  7%] [32m[1mLinking CXX shared library libnav2_drive_on_heading_cancel_bt_node.so[0m
[44.856s] [  7%] Built target nav2_drive_on_heading_cancel_bt_node
[44.881s] [  7%] [32mBuilding CXX object CMakeFiles/nav2_smooth_path_action_bt_node.dir/plugins/action/smooth_path_action.cpp.o[0m
[50.362s] [  7%] [32m[1mLinking CXX shared library libnav2_smooth_path_action_bt_node.so[0m
[50.525s] [  7%] Built target nav2_smooth_path_action_bt_node
[50.556s] [  7%] [32mBuilding CXX object CMakeFiles/nav2_follow_path_action_bt_node.dir/plugins/action/follow_path_action.cpp.o[0m
[55.879s] [  8%] [32m[1mLinking CXX shared library libnav2_follow_path_action_bt_node.so[0m
[56.042s] [  8%] Built target nav2_follow_path_action_bt_node
[56.067s] [  9%] [32mBuilding CXX object CMakeFiles/nav2_back_up_action_bt_node.dir/plugins/action/back_up_action.cpp.o[0m
[61.212s] [  9%] [32m[1mLinking CXX shared library libnav2_back_up_action_bt_node.so[0m
[61.378s] [  9%] Built target nav2_back_up_action_bt_node
[61.404s] [  9%] [32mBuilding CXX object CMakeFiles/nav2_drive_on_heading_bt_node.dir/plugins/action/drive_on_heading_action.cpp.o[0m
[66.180s] [ 10%] [32m[1mLinking CXX shared library libnav2_drive_on_heading_bt_node.so[0m
[66.335s] [ 10%] Built target nav2_drive_on_heading_bt_node
[66.359s] [ 11%] [32mBuilding CXX object CMakeFiles/nav2_spin_action_bt_node.dir/plugins/action/spin_action.cpp.o[0m
[71.246s] [ 11%] [32m[1mLinking CXX shared library libnav2_spin_action_bt_node.so[0m
[71.422s] [ 11%] Built target nav2_spin_action_bt_node
[71.449s] [ 12%] [32mBuilding CXX object CMakeFiles/nav2_wait_action_bt_node.dir/plugins/action/wait_action.cpp.o[0m
[76.240s] [ 12%] [32m[1mLinking CXX shared library libnav2_wait_action_bt_node.so[0m
[76.401s] [ 12%] Built target nav2_wait_action_bt_node
[76.424s] [ 13%] [32mBuilding CXX object CMakeFiles/nav2_assisted_teleop_action_bt_node.dir/plugins/action/assisted_teleop_action.cpp.o[0m
[81.257s] [ 13%] [32m[1mLinking CXX shared library libnav2_assisted_teleop_action_bt_node.so[0m
[81.417s] [ 13%] Built target nav2_assisted_teleop_action_bt_node
[81.441s] [ 14%] [32mBuilding CXX object CMakeFiles/nav2_clear_costmap_service_bt_node.dir/plugins/action/clear_costmap_service.cpp.o[0m
[83.487s] [ 15%] [32mBuilding CXX object CMakeFiles/nav2_is_stuck_condition_bt_node.dir/plugins/condition/is_stuck_condition.cpp.o[0m
[85.518s] [ 16%] [32mBuilding CXX object CMakeFiles/nav2_compute_path_through_poses_action_bt_node.dir/plugins/action/compute_path_through_poses_action.cpp.o[0m
[86.574s] [ 17%] [32mBuilding CXX object CMakeFiles/nav2_compute_path_to_pose_action_bt_node.dir/plugins/action/compute_path_to_pose_action.cpp.o[0m
[88.974s] [ 17%] [32m[1mLinking CXX shared library libnav2_clear_costmap_service_bt_node.so[0m
[89.319s] [ 17%] Built target nav2_clear_costmap_service_bt_node
[94.963s] [ 17%] [32m[1mLinking CXX shared library libnav2_compute_path_to_pose_action_bt_node.so[0m
[94.969s] [ 17%] [32m[1mLinking CXX shared library libnav2_compute_path_through_poses_action_bt_node.so[0m
[95.190s] [ 17%] Built target nav2_compute_path_through_poses_action_bt_node
[95.196s] [ 17%] Built target nav2_compute_path_to_pose_action_bt_node
[95.592s] [ 17%] [32m[1mLinking CXX shared library libnav2_is_stuck_condition_bt_node.so[0m
[95.777s] [ 17%] Built target nav2_is_stuck_condition_bt_node
[95.802s] [ 17%] [32mBuilding CXX object CMakeFiles/nav2_globally_updated_goal_condition_bt_node.dir/plugins/condition/globally_updated_goal_condition.cpp.o[0m
[98.689s] [ 18%] [32m[1mLinking CXX shared library libnav2_globally_updated_goal_condition_bt_node.so[0m
[98.814s] [ 18%] Built target nav2_globally_updated_goal_condition_bt_node
[98.839s] [ 18%] [32mBuilding CXX object CMakeFiles/nav2_goal_updated_condition_bt_node.dir/plugins/condition/goal_updated_condition.cpp.o[0m
[100.143s] [ 18%] [32m[1mLinking CXX shared library libnav2_goal_updated_condition_bt_node.so[0m
[100.268s] [ 18%] Built target nav2_goal_updated_condition_bt_node
[100.291s] [ 19%] [32mBuilding CXX object CMakeFiles/nav2_is_path_valid_condition_bt_node.dir/plugins/condition/is_path_valid_condition.cpp.o[0m
[104.074s] [ 19%] [32m[1mLinking CXX shared library libnav2_is_path_valid_condition_bt_node.so[0m
[104.233s] [ 19%] Built target nav2_is_path_valid_condition_bt_node
[104.263s] [ 20%] [32mBuilding CXX object CMakeFiles/nav2_time_expired_condition_bt_node.dir/plugins/condition/time_expired_condition.cpp.o[0m
[107.536s] [ 20%] [32m[1mLinking CXX shared library libnav2_time_expired_condition_bt_node.so[0m
[107.686s] [ 20%] Built target nav2_time_expired_condition_bt_node
[107.709s] [ 21%] [32mBuilding CXX object CMakeFiles/nav2_path_expiring_timer_condition.dir/plugins/condition/path_expiring_timer_condition.cpp.o[0m
[110.822s] [ 21%] [32m[1mLinking CXX shared library libnav2_path_expiring_timer_condition.so[0m
[110.969s] [ 21%] Built target nav2_path_expiring_timer_condition
[110.994s] [ 21%] [32mBuilding CXX object CMakeFiles/nav2_distance_traveled_condition_bt_node.dir/plugins/condition/distance_traveled_condition.cpp.o[0m
[112.009s] [ 22%] [32mBuilding CXX object CMakeFiles/nav2_initial_pose_received_condition_bt_node.dir/plugins/condition/initial_pose_received_condition.cpp.o[0m
[113.044s] [ 22%] [32mBuilding CXX object CMakeFiles/nav2_goal_reached_condition_bt_node.dir/plugins/condition/goal_reached_condition.cpp.o[0m
[113.079s] [ 22%] [32m[1mLinking CXX shared library libnav2_initial_pose_received_condition_bt_node.so[0m
[113.226s] [ 22%] Built target nav2_initial_pose_received_condition_bt_node
[113.265s] [ 23%] [32mBuilding CXX object CMakeFiles/nav2_transform_available_condition_bt_node.dir/plugins/condition/transform_available_condition.cpp.o[0m
[114.295s] [ 24%] [32mBuilding CXX object CMakeFiles/nav2_is_battery_charging_condition_bt_node.dir/plugins/condition/is_battery_charging_condition.cpp.o[0m
[115.090s] [ 25%] [32m[1mLinking CXX shared library libnav2_distance_traveled_condition_bt_node.so[0m
[115.403s] [ 25%] Built target nav2_distance_traveled_condition_bt_node
[115.454s] [ 26%] [32mBuilding CXX object CMakeFiles/nav2_is_battery_low_condition_bt_node.dir/plugins/condition/is_battery_low_condition.cpp.o[0m
[117.829s] [ 27%] [32m[1mLinking CXX shared library libnav2_goal_reached_condition_bt_node.so[0m
[118.162s] [ 27%] Built target nav2_goal_reached_condition_bt_node
[118.166s] [ 27%] [32m[1mLinking CXX shared library libnav2_transform_available_condition_bt_node.so[0m
[118.461s] [ 27%] Built target nav2_transform_available_condition_bt_node
[122.490s] [ 27%] [32mBuilding CXX object CMakeFiles/nav2_rate_controller_bt_node.dir/plugins/decorator/rate_controller.cpp.o[0m
[123.404s] [ 27%] [32m[1mLinking CXX shared library libnav2_is_battery_charging_condition_bt_node.so[0m
[123.529s] [ 27%] [32mBuilding CXX object CMakeFiles/nav2_reinitialize_global_localization_service_bt_node.dir/plugins/action/reinitialize_global_localization_service.cpp.o[0m
[123.643s] [ 27%] Built target nav2_is_battery_charging_condition_bt_node
[123.694s] [ 27%] [32mBuilding CXX object CMakeFiles/nav2_distance_controller_bt_node.dir/plugins/decorator/distance_controller.cpp.o[0m
[123.874s] [ 28%] [32m[1mLinking CXX shared library libnav2_rate_controller_bt_node.so[0m
[124.143s] [ 28%] Built target nav2_rate_controller_bt_node
[124.209s] [ 29%] [32mBuilding CXX object CMakeFiles/nav2_speed_controller_bt_node.dir/plugins/decorator/speed_controller.cpp.o[0m
[124.706s] [ 29%] [32m[1mLinking CXX shared library libnav2_is_battery_low_condition_bt_node.so[0m
[125.052s] [ 29%] Built target nav2_is_battery_low_condition_bt_node
[125.100s] [ 30%] [32mBuilding CXX object CMakeFiles/nav2_truncate_path_action_bt_node.dir/plugins/action/truncate_path_action.cpp.o[0m
[128.400s] [ 31%] [32m[1mLinking CXX shared library libnav2_distance_controller_bt_node.so[0m
[128.527s] [ 32%] [32m[1mLinking CXX shared library libnav2_reinitialize_global_localization_service_bt_node.so[0m
[128.589s] [ 32%] Built target nav2_distance_controller_bt_node
[128.742s] [ 32%] Built target nav2_reinitialize_global_localization_service_bt_node
[129.351s] [ 32%] [32m[1mLinking CXX shared library libnav2_speed_controller_bt_node.so[0m
[129.501s] [ 32%] [32m[1mLinking CXX shared library libnav2_truncate_path_action_bt_node.so[0m
[129.506s] [ 32%] Built target nav2_speed_controller_bt_node
[129.646s] [ 32%] Built target nav2_truncate_path_action_bt_node
[129.670s] [ 32%] [32mBuilding CXX object CMakeFiles/nav2_path_longer_on_approach_bt_node.dir/plugins/decorator/path_longer_on_approach.cpp.o[0m
[132.687s] [ 32%] [32mBuilding CXX object CMakeFiles/nav2_recovery_node_bt_node.dir/plugins/control/recovery_node.cpp.o[0m
[132.867s] [ 33%] [32m[1mLinking CXX shared library libnav2_path_longer_on_approach_bt_node.so[0m
[132.993s] [ 33%] Built target nav2_path_longer_on_approach_bt_node
[133.018s] [ 34%] [32mBuilding CXX object CMakeFiles/nav2_goal_updater_node_bt_node.dir/plugins/decorator/goal_updater_node.cpp.o[0m
[134.052s] [ 35%] [32m[1mLinking CXX shared library libnav2_recovery_node_bt_node.so[0m
[134.179s] [ 35%] Built target nav2_recovery_node_bt_node
[135.213s] [ 36%] [32mBuilding CXX object CMakeFiles/nav2_navigate_through_poses_action_bt_node.dir/plugins/action/navigate_through_poses_action.cpp.o[0m
[141.281s] [ 36%] [32m[1mLinking CXX shared library libnav2_navigate_through_poses_action_bt_node.so[0m
[141.593s] [ 36%] Built target nav2_navigate_through_poses_action_bt_node
[142.185s] [ 36%] [32m[1mLinking CXX shared library libnav2_goal_updater_node_bt_node.so[0m
[142.402s] [ 36%] Built target nav2_goal_updater_node_bt_node
[142.427s] [ 36%] [32mBuilding CXX object CMakeFiles/nav2_remove_passed_goals_action_bt_node.dir/plugins/action/remove_passed_goals_action.cpp.o[0m
[146.127s] [ 37%] [32m[1mLinking CXX shared library libnav2_remove_passed_goals_action_bt_node.so[0m
[146.295s] [ 37%] Built target nav2_remove_passed_goals_action_bt_node
[146.320s] [ 37%] [32mBuilding CXX object CMakeFiles/nav2_get_pose_from_path_action_bt_node.dir/plugins/action/get_pose_from_path_action.cpp.o[0m
[149.705s] [ 38%] [32m[1mLinking CXX shared library libnav2_get_pose_from_path_action_bt_node.so[0m
[149.834s] [ 38%] Built target nav2_get_pose_from_path_action_bt_node
[149.860s] [ 38%] [32mBuilding CXX object CMakeFiles/nav2_pipeline_sequence_bt_node.dir/plugins/control/pipeline_sequence.cpp.o[0m
[150.882s] [ 39%] [32m[1mLinking CXX shared library libnav2_pipeline_sequence_bt_node.so[0m
[151.005s] [ 39%] Built target nav2_pipeline_sequence_bt_node
[151.032s] [ 39%] [32mBuilding CXX object CMakeFiles/nav2_round_robin_node_bt_node.dir/plugins/control/round_robin_node.cpp.o[0m
[152.051s] [ 40%] [32m[1mLinking CXX shared library libnav2_round_robin_node_bt_node.so[0m
[152.172s] [ 40%] Built target nav2_round_robin_node_bt_node
[152.196s] [ 40%] [32mBuilding CXX object CMakeFiles/nav2_single_trigger_bt_node.dir/plugins/decorator/single_trigger_node.cpp.o[0m
[153.131s] [ 41%] [32m[1mLinking CXX shared library libnav2_single_trigger_bt_node.so[0m
[153.249s] [ 41%] Built target nav2_single_trigger_bt_node
[153.273s] [ 41%] [32mBuilding CXX object CMakeFiles/nav2_planner_selector_bt_node.dir/plugins/action/planner_selector_node.cpp.o[0m
[157.292s] [ 41%] [32mBuilding CXX object CMakeFiles/nav2_controller_selector_bt_node.dir/plugins/action/controller_selector_node.cpp.o[0m
[159.314s] [ 42%] [32mBuilding CXX object CMakeFiles/nav2_navigate_to_pose_action_bt_node.dir/plugins/action/navigate_to_pose_action.cpp.o[0m
[161.083s] [ 43%] [32m[1mLinking CXX shared library libnav2_planner_selector_bt_node.so[0m
[161.343s] [ 44%] [32mBuilding CXX object CMakeFiles/nav2_truncate_path_local_action_bt_node.dir/plugins/action/truncate_path_local_action.cpp.o[0m
[161.513s] [ 44%] Built target nav2_planner_selector_bt_node
[161.568s] [ 45%] [32mBuilding CXX object CMakeFiles/nav2_smoother_selector_bt_node.dir/plugins/action/smoother_selector_node.cpp.o[0m
[166.067s] [ 45%] [32m[1mLinking CXX shared library libnav2_navigate_to_pose_action_bt_node.so[0m
[166.330s] [ 45%] Built target nav2_navigate_to_pose_action_bt_node
[166.867s] [ 45%] [32m[1mLinking CXX shared library libnav2_truncate_path_local_action_bt_node.so[0m
[167.046s] [ 45%] Built target nav2_truncate_path_local_action_bt_node
[167.345s] [ 46%] [32m[1mLinking CXX shared library libnav2_controller_selector_bt_node.so[0m
[167.565s] [ 46%] Built target nav2_controller_selector_bt_node
[171.185s] [ 46%] [32m[1mLinking CXX shared library libnav2_smoother_selector_bt_node.so[0m
[171.367s] [ 46%] Built target nav2_smoother_selector_bt_node
[171.393s] [ 47%] [32mBuilding CXX object CMakeFiles/nav2_goal_updated_controller_bt_node.dir/plugins/decorator/goal_updated_controller.cpp.o[0m
[173.411s] [ 48%] [32mBuilding CXX object gtest/CMakeFiles/gtest_main.dir/src/gtest_main.cc.o[0m
[174.095s] [ 48%] [32m[1mLinking CXX static library libgtest_main.a[0m
[174.133s] [ 48%] Built target gtest_main
[174.315s] [ 48%] [32m[1mLinking CXX shared library libnav2_goal_updated_controller_bt_node.so[0m
[174.435s] [ 48%] Built target nav2_goal_updated_controller_bt_node
[174.459s] [ 48%] [32mBuilding CXX object gtest/CMakeFiles/gtest.dir/src/gtest-all.cc.o[0m
[179.402s] [ 48%] [32m[1mLinking CXX static library libgtest.a[0m
[179.448s] [ 48%] Built target gtest
[179.474s] [ 48%] [32mBuilding CXX object CMakeFiles/nav2_progress_checker_selector_bt_node.dir/plugins/action/progress_checker_selector_node.cpp.o[0m
[179.474s] [ 48%] [32mBuilding CXX object CMakeFiles/nav2_goal_checker_selector_bt_node.dir/plugins/action/goal_checker_selector_node.cpp.o[0m
[181.533s] [ 48%] [32mBuilding CXX object test/plugins/condition/CMakeFiles/test_condition_distance_traveled.dir/test_distance_traveled.cpp.o[0m
[189.427s] [ 49%] [32m[1mLinking CXX executable test_condition_distance_traveled[0m
[189.774s] [ 49%] Built target test_condition_distance_traveled
[189.969s] [ 50%] [32m[1mLinking CXX shared library libnav2_goal_checker_selector_bt_node.so[0m
[190.014s] [ 51%] [32m[1mLinking CXX shared library libnav2_progress_checker_selector_bt_node.so[0m
[190.164s] [ 51%] Built target nav2_goal_checker_selector_bt_node
[190.231s] [ 51%] Built target nav2_progress_checker_selector_bt_node
[190.258s] [ 51%] [32mBuilding CXX object test/plugins/condition/CMakeFiles/test_condition_path_expiring_timer.dir/test_path_expiring_timer.cpp.o[0m
[195.511s] [ 52%] [32m[1mLinking CXX executable test_condition_path_expiring_timer[0m
[195.734s] [ 52%] Built target test_condition_path_expiring_timer
[195.758s] [ 52%] [32mBuilding CXX object test/plugins/condition/CMakeFiles/test_condition_goal_reached.dir/test_goal_reached.cpp.o[0m
[197.775s] [ 52%] [32mBuilding CXX object test/plugins/condition/CMakeFiles/test_condition_goal_updated.dir/test_goal_updated.cpp.o[0m
[198.821s] [ 52%] [32mBuilding CXX object test/plugins/condition/CMakeFiles/test_condition_time_expired.dir/test_time_expired.cpp.o[0m
[199.866s] [ 53%] [32mBuilding CXX object test/CMakeFiles/test_bt_conversions.dir/test_bt_conversions.cpp.o[0m
[203.920s] [ 54%] [32m[1mLinking CXX executable test_condition_goal_reached[0m
[204.420s] [ 54%] Built target test_condition_goal_reached
[205.409s] [ 54%] [32m[1mLinking CXX executable test_bt_conversions[0m
[205.692s] [ 54%] Built target test_bt_conversions
[206.785s] [ 55%] [32m[1mLinking CXX executable test_condition_goal_updated[0m
[207.214s] [ 55%] Built target test_condition_goal_updated
[207.879s] [ 55%] [32m[1mLinking CXX executable test_condition_time_expired[0m
[208.150s] [ 55%] Built target test_condition_time_expired
[208.175s] [ 56%] [32mBuilding CXX object test/plugins/condition/CMakeFiles/test_condition_transform_available.dir/test_transform_available.cpp.o[0m
[213.447s] [ 56%] [32m[1mLinking CXX executable test_condition_transform_available[0m
[213.666s] [ 56%] Built target test_condition_transform_available
[213.692s] [ 56%] [32mBuilding CXX object test/plugins/condition/CMakeFiles/test_condition_is_stuck.dir/test_is_stuck.cpp.o[0m
[217.712s] [ 56%] [32mBuilding CXX object test/plugins/condition/CMakeFiles/test_condition_is_battery_charging.dir/test_is_battery_charging.cpp.o[0m
[219.479s] [ 57%] [32m[1mLinking CXX executable test_condition_is_stuck[0m
[219.710s] [ 57%] Built target test_condition_is_stuck
[223.151s] [ 57%] [32mBuilding CXX object test/plugins/condition/CMakeFiles/test_condition_initial_pose_received.dir/test_initial_pose_received.cpp.o[0m
[223.151s] [ 57%] [32mBuilding CXX object test/plugins/condition/CMakeFiles/test_condition_is_battery_low.dir/test_is_battery_low.cpp.o[0m
[224.179s] [ 57%] [32mBuilding CXX object test/plugins/condition/CMakeFiles/test_condition_globally_updated_goal.dir/test_globally_updated_goal.cpp.o[0m
[226.981s] [ 58%] [32m[1mLinking CXX executable test_condition_is_battery_charging[0m
[227.280s] [ 58%] Built target test_condition_is_battery_charging
[230.678s] [ 59%] [32m[1mLinking CXX executable test_condition_initial_pose_received[0m
[231.126s] [ 59%] Built target test_condition_initial_pose_received
[231.660s] [ 60%] [32m[1mLinking CXX executable test_condition_globally_updated_goal[0m
[231.670s] [ 61%] [32m[1mLinking CXX executable test_condition_is_battery_low[0m
[231.904s] [ 61%] Built target test_condition_globally_updated_goal
[231.907s] [ 61%] Built target test_condition_is_battery_low
[231.933s] [ 62%] [32mBuilding CXX object test/plugins/decorator/CMakeFiles/test_decorator_speed_controller.dir/test_speed_controller.cpp.o[0m
[232.954s] [ 63%] [32mBuilding CXX object test/plugins/decorator/CMakeFiles/test_decorator_rate_controller.dir/test_rate_controller.cpp.o[0m
[233.995s] [ 64%] [32mBuilding CXX object test/plugins/decorator/CMakeFiles/test_decorator_distance_controller.dir/test_distance_controller.cpp.o[0m
[235.058s] [ 64%] [32mBuilding CXX object test/plugins/condition/CMakeFiles/test_condition_is_path_valid.dir/test_is_path_valid.cpp.o[0m
[241.363s] [ 64%] [32m[1mLinking CXX executable test_decorator_rate_controller[0m
[241.592s] [ 64%] [32m[1mLinking CXX executable test_decorator_speed_controller[0m
[241.925s] [ 64%] Built target test_decorator_rate_controller
[242.217s] [ 64%] Built target test_decorator_speed_controller
[243.035s] [ 64%] [32m[1mLinking CXX executable test_decorator_distance_controller[0m
[243.257s] [ 65%] [32m[1mLinking CXX executable test_condition_is_path_valid[0m
[243.290s] [ 65%] Built target test_decorator_distance_controller
[243.458s] [ 65%] Built target test_condition_is_path_valid
[243.483s] [ 65%] [32mBuilding CXX object test/plugins/decorator/CMakeFiles/test_goal_updated_controller.dir/test_goal_updated_controller.cpp.o[0m
[248.782s] [ 66%] [32m[1mLinking CXX executable test_goal_updated_controller[0m
[249.014s] [ 66%] Built target test_goal_updated_controller
[249.039s] [ 67%] [32mBuilding CXX object test/plugins/decorator/CMakeFiles/test_decorator_path_longer_on_approach.dir/test_path_longer_on_approach.cpp.o[0m
[252.058s] [ 68%] [32mBuilding CXX object test/plugins/control/CMakeFiles/test_control_recovery_node.dir/test_recovery_node.cpp.o[0m
[253.092s] [ 68%] [32mBuilding CXX object test/plugins/decorator/CMakeFiles/test_single_trigger_node.dir/test_single_trigger_node.cpp.o[0m
[254.126s] [ 68%] [32mBuilding CXX object test/plugins/decorator/CMakeFiles/test_goal_updater_node.dir/test_goal_updater_node.cpp.o[0m
[254.541s] [ 68%] [32m[1mLinking CXX executable test_decorator_path_longer_on_approach[0m
[255.036s] [ 68%] Built target test_decorator_path_longer_on_approach
[255.128s] [ 69%] [32mBuilding CXX object test/plugins/control/CMakeFiles/test_control_pipeline_sequence.dir/test_pipeline_sequence.cpp.o[0m
[262.246s] [ 69%] [32m[1mLinking CXX executable test_control_recovery_node[0m
[262.516s] [ 69%] Built target test_control_recovery_node
[262.924s] [ 70%] [32m[1mLinking CXX executable test_single_trigger_node[0m
[263.183s] [ 70%] Built target test_single_trigger_node
[263.784s] [ 71%] [32m[1mLinking CXX executable test_goal_updater_node[0m
[263.998s] [ 71%] Built target test_goal_updater_node
[264.228s] [ 71%] [32m[1mLinking CXX executable test_control_pipeline_sequence[0m
[264.447s] [ 71%] Built target test_control_pipeline_sequence
[264.471s] [ 72%] [32mBuilding CXX object test/plugins/action/CMakeFiles/test_action_spin_action.dir/test_spin_action.cpp.o[0m
[270.014s] [ 72%] [32m[1mLinking CXX executable test_action_spin_action[0m
[270.216s] [ 72%] Built target test_action_spin_action
[270.242s] [ 72%] [32mBuilding CXX object test/plugins/action/CMakeFiles/test_action_back_up_action.dir/test_back_up_action.cpp.o[0m
[272.260s] [ 72%] [32mBuilding CXX object test/plugins/action/CMakeFiles/test_action_drive_on_heading.dir/test_drive_on_heading_action.cpp.o[0m
[273.283s] [ 73%] [32mBuilding CXX object test/plugins/action/CMakeFiles/test_bt_action_node.dir/test_bt_action_node.cpp.o[0m
[274.320s] [ 74%] [32mBuilding CXX object test/plugins/control/CMakeFiles/test_control_round_robin_node.dir/test_round_robin_node.cpp.o[0m
[276.421s] [ 75%] [32m[1mLinking CXX executable test_action_back_up_action[0m
[276.899s] [ 75%] Built target test_action_back_up_action
[276.949s] [ 76%] [32mBuilding CXX object test/plugins/action/CMakeFiles/test_action_wait_action.dir/test_wait_action.cpp.o[0m
[280.507s] [ 77%] [32m[1mLinking CXX executable test_action_drive_on_heading[0m
[281.028s] [ 77%] Built target test_action_drive_on_heading
[282.516s] [ 77%] [32m[1mLinking CXX executable test_control_round_robin_node[0m
[282.837s] [ 77%] Built target test_control_round_robin_node
[284.112s] [ 77%] [32m[1mLinking CXX executable test_bt_action_node[0m
[284.375s] [ 77%] Built target test_bt_action_node
[285.128s] [ 77%] [32m[1mLinking CXX executable test_action_wait_action[0m
[285.358s] [ 77%] Built target test_action_wait_action
[285.383s] [ 78%] [32mBuilding CXX object test/plugins/action/CMakeFiles/test_action_wait_cancel_action.dir/test_wait_cancel_node.cpp.o[0m
[287.417s] [ 79%] [32mBuilding CXX object test/plugins/action/CMakeFiles/test_action_spin_cancel_action.dir/test_spin_cancel_node.cpp.o[0m
[289.454s] [ 79%] [32mBuilding CXX object test/plugins/action/CMakeFiles/test_action_controller_cancel_action.dir/test_controller_cancel_node.cpp.o[0m
[291.499s] [ 79%] [32mBuilding CXX object test/plugins/action/CMakeFiles/test_action_assisted_teleop_action.dir/test_assisted_teleop_action.cpp.o[0m
[294.642s] [ 79%] [32m[1mLinking CXX executable test_action_wait_cancel_action[0m
[295.139s] [ 79%] Built target test_action_wait_cancel_action
[298.865s] [ 79%] [32m[1mLinking CXX executable test_action_spin_cancel_action[0m
[299.188s] [ 79%] Built target test_action_spin_cancel_action
[300.879s] [ 80%] [32m[1mLinking CXX executable test_action_controller_cancel_action[0m
[301.282s] [ 80%] Built target test_action_controller_cancel_action
[301.950s] [ 81%] [32m[1mLinking CXX executable test_action_assisted_teleop_action[0m
[302.197s] [ 81%] Built target test_action_assisted_teleop_action
[302.221s] [ 81%] [32mBuilding CXX object test/plugins/action/CMakeFiles/test_action_drive_on_heading_cancel_action.dir/test_drive_on_heading_cancel_node.cpp.o[0m
[308.092s] [ 82%] [32m[1mLinking CXX executable test_action_drive_on_heading_cancel_action[0m
[308.301s] [ 82%] Built target test_action_drive_on_heading_cancel_action
[308.326s] [ 82%] [32mBuilding CXX object test/plugins/action/CMakeFiles/test_action_clear_costmap_service.dir/test_clear_costmap_service.cpp.o[0m
[314.446s] [ 83%] [32m[1mLinking CXX executable test_action_clear_costmap_service[0m
[314.668s] [ 83%] Built target test_action_clear_costmap_service
[314.695s] [ 84%] [32mBuilding CXX object test/plugins/action/CMakeFiles/test_action_reinitialize_global_localization_service.dir/test_reinitialize_global_localization_service.cpp.o[0m
[319.438s] [ 84%] [32m[1mLinking CXX executable test_action_reinitialize_global_localization_service[0m
[319.642s] [ 84%] Built target test_action_reinitialize_global_localization_service
[319.668s] [ 84%] [32mBuilding CXX object test/plugins/action/CMakeFiles/test_action_compute_path_to_pose_action.dir/test_compute_path_to_pose_action.cpp.o[0m
[325.742s] [ 85%] [32m[1mLinking CXX executable test_action_compute_path_to_pose_action[0m
[325.988s] [ 85%] Built target test_action_compute_path_to_pose_action
[326.015s] [ 85%] [32mBuilding CXX object test/plugins/action/CMakeFiles/test_action_compute_path_through_poses_action.dir/test_compute_path_through_poses_action.cpp.o[0m
[332.182s] [ 86%] [32m[1mLinking CXX executable test_action_compute_path_through_poses_action[0m
[332.430s] [ 86%] Built target test_action_compute_path_through_poses_action
[332.456s] [ 87%] [32mBuilding CXX object test/plugins/action/CMakeFiles/test_action_smooth_path_action.dir/test_smooth_path_action.cpp.o[0m
[338.167s] [ 87%] [32m[1mLinking CXX executable test_action_smooth_path_action[0m
[338.382s] [ 87%] Built target test_action_smooth_path_action
[338.407s] [ 87%] [32mBuilding CXX object test/plugins/action/CMakeFiles/test_action_follow_path_action.dir/test_follow_path_action.cpp.o[0m
[344.126s] [ 87%] [32m[1mLinking CXX executable test_action_follow_path_action[0m
[344.380s] [ 87%] Built target test_action_follow_path_action
[344.439s] [ 88%] [32mBuilding CXX object test/plugins/action/CMakeFiles/test_action_navigate_to_pose_action.dir/test_navigate_to_pose_action.cpp.o[0m
[350.225s] [ 88%] [32m[1mLinking CXX executable test_action_navigate_to_pose_action[0m
[350.464s] [ 88%] Built target test_action_navigate_to_pose_action
[350.491s] [ 89%] [32mBuilding CXX object test/plugins/action/CMakeFiles/test_action_navigate_through_poses_action.dir/test_navigate_through_poses_action.cpp.o[0m
[356.242s] [ 89%] [32m[1mLinking CXX executable test_action_navigate_through_poses_action[0m
[356.462s] [ 89%] Built target test_action_navigate_through_poses_action
[356.489s] [ 89%] [32mBuilding CXX object test/plugins/action/CMakeFiles/test_truncate_path_action.dir/test_truncate_path_action.cpp.o[0m
[361.442s] [ 90%] [32m[1mLinking CXX executable test_truncate_path_action[0m
[361.672s] [ 90%] Built target test_truncate_path_action
[361.699s] [ 90%] [32mBuilding CXX object test/plugins/action/CMakeFiles/test_truncate_path_local_action.dir/test_truncate_path_local_action.cpp.o[0m
[368.560s] [ 91%] [32m[1mLinking CXX executable test_truncate_path_local_action[0m
[368.812s] [ 91%] Built target test_truncate_path_local_action
[368.841s] [ 91%] [32mBuilding CXX object test/plugins/action/CMakeFiles/test_remove_passed_goals_action.dir/test_remove_passed_goals_action.cpp.o[0m
[374.903s] [ 92%] [32m[1mLinking CXX executable test_remove_passed_goals_action[0m
[375.144s] [ 92%] Built target test_remove_passed_goals_action
[375.175s] [ 93%] [32mBuilding CXX object test/plugins/action/CMakeFiles/test_get_pose_from_path_action.dir/test_get_pose_from_path_action.cpp.o[0m
[380.681s] [ 93%] [32m[1mLinking CXX executable test_get_pose_from_path_action[0m
[380.882s] [ 93%] Built target test_get_pose_from_path_action
[380.927s] [ 93%] [32mBuilding CXX object test/plugins/action/CMakeFiles/test_planner_selector_node.dir/test_planner_selector_node.cpp.o[0m
[386.872s] [ 94%] [32m[1mLinking CXX executable test_planner_selector_node[0m
[387.125s] [ 94%] Built target test_planner_selector_node
[387.153s] [ 95%] [32mBuilding CXX object test/plugins/action/CMakeFiles/test_controller_selector_node.dir/test_controller_selector_node.cpp.o[0m
[393.209s] [ 95%] [32m[1mLinking CXX executable test_controller_selector_node[0m
[393.442s] [ 95%] Built target test_controller_selector_node
[393.476s] [ 95%] [32mBuilding CXX object test/plugins/action/CMakeFiles/test_smoother_selector_node.dir/test_smoother_selector_node.cpp.o[0m
[399.500s] [ 96%] [32m[1mLinking CXX executable test_smoother_selector_node[0m
[399.728s] [ 96%] Built target test_smoother_selector_node
[399.754s] [ 96%] [32mBuilding CXX object test/plugins/action/CMakeFiles/test_goal_checker_selector_node.dir/test_goal_checker_selector_node.cpp.o[0m
[406.019s] [ 97%] [32m[1mLinking CXX executable test_goal_checker_selector_node[0m
[406.266s] [ 97%] Built target test_goal_checker_selector_node
[406.291s] [ 97%] [32mBuilding CXX object test/plugins/action/CMakeFiles/test_progress_checker_selector_node.dir/test_progress_checker_selector_node.cpp.o[0m
[412.239s] [ 98%] [32m[1mLinking CXX executable test_progress_checker_selector_node[0m
[412.479s] [ 98%] Built target test_progress_checker_selector_node
[412.506s] [ 98%] [32mBuilding CXX object test/plugins/action/CMakeFiles/test_action_assisted_teleop_cancel_action.dir/test_assisted_teleop_cancel_node.cpp.o[0m
[418.407s] [ 99%] [32m[1mLinking CXX executable test_action_assisted_teleop_cancel_action[0m
[418.628s] [ 99%] Built target test_action_assisted_teleop_cancel_action
[418.653s] [ 99%] [32mBuilding CXX object test/plugins/action/CMakeFiles/test_action_back_up_cancel_action.dir/test_back_up_cancel_node.cpp.o[0m
[424.528s] [100%] [32m[1mLinking CXX executable test_action_back_up_cancel_action[0m
[424.781s] [100%] Built target test_action_back_up_cancel_action
[424.802s] Invoked command in '/home/wb/ros_ws/build/nav2_behavior_tree' returned '0': CMAKE_PREFIX_PATH=/home/wb/ros_ws/install/nav2_util:/home/wb/ros_ws/install/nav2_msgs:/home/wb/ros_ws/install/nav2_common:/home/wb/ros_ws/install/simple_robot:/home/wb/ros_ws/install/nav2_system_tests:/home/wb/ros_ws/install/my_robot_navigation:/home/wb/ros_ws/install/nav2_bringup:/home/wb/ros_ws/install/navigation2:/home/wb/ros_ws/install/nav2_smoother:/home/wb/ros_ws/install/nav2_rotation_shim_controller:/home/wb/ros_ws/install/nav2_graceful_controller:/home/wb/ros_ws/install/nav2_dwb_controller:/home/wb/ros_ws/install/nav2_controller:/home/wb/ros_ws/install/dwb_plugins:/home/wb/ros_ws/install/dwb_critics:/home/wb/ros_ws/install/dwb_core:/home/wb/ros_ws/install/nav_2d_utils:/home/wb/ros_ws/install/dwb_msgs:/home/wb/ros_ws/install/nav_2d_msgs:/home/wb/ros_ws/install/nav2_waypoint_follower:/home/wb/ros_ws/install/nav2_theta_star_planner:/home/wb/ros_ws/install/nav2_smac_planner:/home/wb/ros_ws/install/nav2_regulated_pure_pursuit_controller:/home/wb/ros_ws/install/nav2_planner:/home/wb/ros_ws/install/nav2_navfn_planner:/home/wb/ros_ws/install/nav2_mppi_controller:/home/wb/ros_ws/install/nav2_constrained_smoother:/home/wb/ros_ws/install/nav2_bt_navigator:/home/wb/ros_ws/install/nav2_behaviors:/home/wb/ros_ws/install/nav2_core:/home/wb/ros_ws/install/nav2_collision_monitor:/home/wb/ros_ws/install/costmap_queue:/home/wb/ros_ws/install/nav2_costmap_2d:/home/wb/ros_ws/install/nav2_voxel_grid:/home/wb/ros_ws/install/nav2_velocity_smoother:/home/wb/ros_ws/install/nav2_rviz_plugins:/home/wb/ros_ws/install/nav2_map_server:/home/wb/ros_ws/install/nav2_lifecycle_manager:/home/wb/ros_ws/install/nav2_behavior_tree:/home/wb/ros_ws/install/nav2_amcl:/home/wb/ros_ws/install/my_robot_simulation:/home/wb/ros_ws/install/my_robot_description:/home/wb/ros_ws/install/nav2_simple_commander:/opt/ros/humble LD_LIBRARY_PATH=/home/wb/ros_ws/install/nav2_util/lib:/home/wb/ros_ws/install/nav2_msgs/lib:/opt/ros/humble/lib:/home/wb/ros_ws/install/nav2_smoother/lib:/home/wb/ros_ws/install/nav2_rotation_shim_controller/lib:/home/wb/ros_ws/install/nav2_graceful_controller/lib:/home/wb/ros_ws/install/nav2_controller/lib:/home/wb/ros_ws/install/dwb_plugins/lib:/home/wb/ros_ws/install/dwb_critics/lib:/home/wb/ros_ws/install/dwb_core/lib:/home/wb/ros_ws/install/nav_2d_utils/lib:/home/wb/ros_ws/install/dwb_msgs/lib:/home/wb/ros_ws/install/nav_2d_msgs/lib:/home/wb/ros_ws/install/nav2_waypoint_follower/lib:/home/wb/ros_ws/install/nav2_theta_star_planner/lib:/home/wb/ros_ws/install/nav2_smac_planner/lib:/home/wb/ros_ws/install/nav2_regulated_pure_pursuit_controller/lib:/home/wb/ros_ws/install/nav2_planner/lib:/home/wb/ros_ws/install/nav2_navfn_planner/lib:/home/wb/ros_ws/install/nav2_mppi_controller/lib:/home/wb/ros_ws/install/nav2_constrained_smoother/lib:/home/wb/ros_ws/install/nav2_bt_navigator/lib:/home/wb/ros_ws/install/nav2_behaviors/lib:/home/wb/ros_ws/install/nav2_collision_monitor/lib:/home/wb/ros_ws/install/costmap_queue/lib:/home/wb/ros_ws/install/nav2_costmap_2d/lib:/home/wb/ros_ws/install/nav2_voxel_grid/lib:/home/wb/ros_ws/install/nav2_velocity_smoother/lib:/home/wb/ros_ws/install/nav2_rviz_plugins/lib:/home/wb/ros_ws/install/nav2_map_server/lib:/home/wb/ros_ws/install/nav2_lifecycle_manager/lib:/home/wb/ros_ws/install/nav2_behavior_tree/lib:/home/wb/ros_ws/install/nav2_amcl/lib:/usr/lib/x86_64-linux-gnu/gazebo-11/plugins:/opt/ros/humble/opt/rviz_ogre_vendor/lib:/opt/ros/humble/lib/x86_64-linux-gnu:/opt/ros/humble/lib /usr/bin/cmake --build /home/wb/ros_ws/build/nav2_behavior_tree -- -j4 -l4
[424.803s] Invoking command in '/home/wb/ros_ws/build/nav2_behavior_tree': CMAKE_PREFIX_PATH=/home/wb/ros_ws/install/nav2_util:/home/wb/ros_ws/install/nav2_msgs:/home/wb/ros_ws/install/nav2_common:/home/wb/ros_ws/install/simple_robot:/home/wb/ros_ws/install/nav2_system_tests:/home/wb/ros_ws/install/my_robot_navigation:/home/wb/ros_ws/install/nav2_bringup:/home/wb/ros_ws/install/navigation2:/home/wb/ros_ws/install/nav2_smoother:/home/wb/ros_ws/install/nav2_rotation_shim_controller:/home/wb/ros_ws/install/nav2_graceful_controller:/home/wb/ros_ws/install/nav2_dwb_controller:/home/wb/ros_ws/install/nav2_controller:/home/wb/ros_ws/install/dwb_plugins:/home/wb/ros_ws/install/dwb_critics:/home/wb/ros_ws/install/dwb_core:/home/wb/ros_ws/install/nav_2d_utils:/home/wb/ros_ws/install/dwb_msgs:/home/wb/ros_ws/install/nav_2d_msgs:/home/wb/ros_ws/install/nav2_waypoint_follower:/home/wb/ros_ws/install/nav2_theta_star_planner:/home/wb/ros_ws/install/nav2_smac_planner:/home/wb/ros_ws/install/nav2_regulated_pure_pursuit_controller:/home/wb/ros_ws/install/nav2_planner:/home/wb/ros_ws/install/nav2_navfn_planner:/home/wb/ros_ws/install/nav2_mppi_controller:/home/wb/ros_ws/install/nav2_constrained_smoother:/home/wb/ros_ws/install/nav2_bt_navigator:/home/wb/ros_ws/install/nav2_behaviors:/home/wb/ros_ws/install/nav2_core:/home/wb/ros_ws/install/nav2_collision_monitor:/home/wb/ros_ws/install/costmap_queue:/home/wb/ros_ws/install/nav2_costmap_2d:/home/wb/ros_ws/install/nav2_voxel_grid:/home/wb/ros_ws/install/nav2_velocity_smoother:/home/wb/ros_ws/install/nav2_rviz_plugins:/home/wb/ros_ws/install/nav2_map_server:/home/wb/ros_ws/install/nav2_lifecycle_manager:/home/wb/ros_ws/install/nav2_behavior_tree:/home/wb/ros_ws/install/nav2_amcl:/home/wb/ros_ws/install/my_robot_simulation:/home/wb/ros_ws/install/my_robot_description:/home/wb/ros_ws/install/nav2_simple_commander:/opt/ros/humble LD_LIBRARY_PATH=/home/wb/ros_ws/install/nav2_util/lib:/home/wb/ros_ws/install/nav2_msgs/lib:/opt/ros/humble/lib:/home/wb/ros_ws/install/nav2_smoother/lib:/home/wb/ros_ws/install/nav2_rotation_shim_controller/lib:/home/wb/ros_ws/install/nav2_graceful_controller/lib:/home/wb/ros_ws/install/nav2_controller/lib:/home/wb/ros_ws/install/dwb_plugins/lib:/home/wb/ros_ws/install/dwb_critics/lib:/home/wb/ros_ws/install/dwb_core/lib:/home/wb/ros_ws/install/nav_2d_utils/lib:/home/wb/ros_ws/install/dwb_msgs/lib:/home/wb/ros_ws/install/nav_2d_msgs/lib:/home/wb/ros_ws/install/nav2_waypoint_follower/lib:/home/wb/ros_ws/install/nav2_theta_star_planner/lib:/home/wb/ros_ws/install/nav2_smac_planner/lib:/home/wb/ros_ws/install/nav2_regulated_pure_pursuit_controller/lib:/home/wb/ros_ws/install/nav2_planner/lib:/home/wb/ros_ws/install/nav2_navfn_planner/lib:/home/wb/ros_ws/install/nav2_mppi_controller/lib:/home/wb/ros_ws/install/nav2_constrained_smoother/lib:/home/wb/ros_ws/install/nav2_bt_navigator/lib:/home/wb/ros_ws/install/nav2_behaviors/lib:/home/wb/ros_ws/install/nav2_collision_monitor/lib:/home/wb/ros_ws/install/costmap_queue/lib:/home/wb/ros_ws/install/nav2_costmap_2d/lib:/home/wb/ros_ws/install/nav2_voxel_grid/lib:/home/wb/ros_ws/install/nav2_velocity_smoother/lib:/home/wb/ros_ws/install/nav2_rviz_plugins/lib:/home/wb/ros_ws/install/nav2_map_server/lib:/home/wb/ros_ws/install/nav2_lifecycle_manager/lib:/home/wb/ros_ws/install/nav2_behavior_tree/lib:/home/wb/ros_ws/install/nav2_amcl/lib:/usr/lib/x86_64-linux-gnu/gazebo-11/plugins:/opt/ros/humble/opt/rviz_ogre_vendor/lib:/opt/ros/humble/lib/x86_64-linux-gnu:/opt/ros/humble/lib /usr/bin/cmake --install /home/wb/ros_ws/build/nav2_behavior_tree
[424.813s] -- Install configuration: "Release"
[424.814s] -- Execute custom install script
[424.815s] -- Symlinking: /home/wb/ros_ws/install/nav2_behavior_tree/lib/libnav2_behavior_tree.so
[424.827s] -- Symlinking: /home/wb/ros_ws/install/nav2_behavior_tree/lib/libnav2_compute_path_to_pose_action_bt_node.so
[424.838s] -- Symlinking: /home/wb/ros_ws/install/nav2_behavior_tree/lib/libnav2_compute_path_through_poses_action_bt_node.so
[424.848s] -- Symlinking: /home/wb/ros_ws/install/nav2_behavior_tree/lib/libnav2_controller_cancel_bt_node.so
[424.858s] -- Symlinking: /home/wb/ros_ws/install/nav2_behavior_tree/lib/libnav2_wait_cancel_bt_node.so
[424.868s] -- Symlinking: /home/wb/ros_ws/install/nav2_behavior_tree/lib/libnav2_spin_cancel_bt_node.so
[424.880s] -- Symlinking: /home/wb/ros_ws/install/nav2_behavior_tree/lib/libnav2_back_up_cancel_bt_node.so
[424.887s] -- Symlinking: /home/wb/ros_ws/install/nav2_behavior_tree/lib/libnav2_assisted_teleop_cancel_bt_node.so
[424.897s] -- Symlinking: /home/wb/ros_ws/install/nav2_behavior_tree/lib/libnav2_drive_on_heading_cancel_bt_node.so
[424.908s] -- Symlinking: /home/wb/ros_ws/install/nav2_behavior_tree/lib/libnav2_smooth_path_action_bt_node.so
[424.919s] -- Symlinking: /home/wb/ros_ws/install/nav2_behavior_tree/lib/libnav2_follow_path_action_bt_node.so
[424.931s] -- Symlinking: /home/wb/ros_ws/install/nav2_behavior_tree/lib/libnav2_back_up_action_bt_node.so
[424.942s] -- Symlinking: /home/wb/ros_ws/install/nav2_behavior_tree/lib/libnav2_drive_on_heading_bt_node.so
[424.952s] -- Symlinking: /home/wb/ros_ws/install/nav2_behavior_tree/lib/libnav2_spin_action_bt_node.so
[424.962s] -- Symlinking: /home/wb/ros_ws/install/nav2_behavior_tree/lib/libnav2_wait_action_bt_node.so
[424.972s] -- Symlinking: /home/wb/ros_ws/install/nav2_behavior_tree/lib/libnav2_assisted_teleop_action_bt_node.so
[424.982s] -- Symlinking: /home/wb/ros_ws/install/nav2_behavior_tree/lib/libnav2_clear_costmap_service_bt_node.so
[424.993s] -- Symlinking: /home/wb/ros_ws/install/nav2_behavior_tree/lib/libnav2_is_stuck_condition_bt_node.so
[425.003s] -- Symlinking: /home/wb/ros_ws/install/nav2_behavior_tree/lib/libnav2_transform_available_condition_bt_node.so
[425.014s] -- Symlinking: /home/wb/ros_ws/install/nav2_behavior_tree/lib/libnav2_goal_reached_condition_bt_node.so
[425.024s] -- Symlinking: /home/wb/ros_ws/install/nav2_behavior_tree/lib/libnav2_globally_updated_goal_condition_bt_node.so
[425.035s] -- Symlinking: /home/wb/ros_ws/install/nav2_behavior_tree/lib/libnav2_goal_updated_condition_bt_node.so
[425.045s] -- Symlinking: /home/wb/ros_ws/install/nav2_behavior_tree/lib/libnav2_is_path_valid_condition_bt_node.so
[425.056s] -- Symlinking: /home/wb/ros_ws/install/nav2_behavior_tree/lib/libnav2_time_expired_condition_bt_node.so
[425.066s] -- Symlinking: /home/wb/ros_ws/install/nav2_behavior_tree/lib/libnav2_path_expiring_timer_condition.so
[425.075s] -- Symlinking: /home/wb/ros_ws/install/nav2_behavior_tree/lib/libnav2_distance_traveled_condition_bt_node.so
[425.086s] -- Symlinking: /home/wb/ros_ws/install/nav2_behavior_tree/lib/libnav2_initial_pose_received_condition_bt_node.so
[425.097s] -- Symlinking: /home/wb/ros_ws/install/nav2_behavior_tree/lib/libnav2_is_battery_charging_condition_bt_node.so
[425.108s] -- Symlinking: /home/wb/ros_ws/install/nav2_behavior_tree/lib/libnav2_is_battery_low_condition_bt_node.so
[425.117s] -- Symlinking: /home/wb/ros_ws/install/nav2_behavior_tree/lib/libnav2_reinitialize_global_localization_service_bt_node.so
[425.129s] -- Symlinking: /home/wb/ros_ws/install/nav2_behavior_tree/lib/libnav2_rate_controller_bt_node.so
[425.138s] -- Symlinking: /home/wb/ros_ws/install/nav2_behavior_tree/lib/libnav2_distance_controller_bt_node.so
[425.148s] -- Symlinking: /home/wb/ros_ws/install/nav2_behavior_tree/lib/libnav2_speed_controller_bt_node.so
[425.157s] -- Symlinking: /home/wb/ros_ws/install/nav2_behavior_tree/lib/libnav2_truncate_path_action_bt_node.so
[425.167s] -- Symlinking: /home/wb/ros_ws/install/nav2_behavior_tree/lib/libnav2_truncate_path_local_action_bt_node.so
[425.179s] -- Symlinking: /home/wb/ros_ws/install/nav2_behavior_tree/lib/libnav2_goal_updater_node_bt_node.so
[425.186s] -- Symlinking: /home/wb/ros_ws/install/nav2_behavior_tree/lib/libnav2_path_longer_on_approach_bt_node.so
[425.196s] -- Symlinking: /home/wb/ros_ws/install/nav2_behavior_tree/lib/libnav2_recovery_node_bt_node.so
[425.206s] -- Symlinking: /home/wb/ros_ws/install/nav2_behavior_tree/lib/libnav2_navigate_to_pose_action_bt_node.so
[425.215s] -- Symlinking: /home/wb/ros_ws/install/nav2_behavior_tree/lib/libnav2_navigate_through_poses_action_bt_node.so
[425.225s] -- Symlinking: /home/wb/ros_ws/install/nav2_behavior_tree/lib/libnav2_remove_passed_goals_action_bt_node.so
[425.236s] -- Symlinking: /home/wb/ros_ws/install/nav2_behavior_tree/lib/libnav2_get_pose_from_path_action_bt_node.so
[425.246s] -- Symlinking: /home/wb/ros_ws/install/nav2_behavior_tree/lib/libnav2_pipeline_sequence_bt_node.so
[425.259s] -- Symlinking: /home/wb/ros_ws/install/nav2_behavior_tree/lib/libnav2_round_robin_node_bt_node.so
[425.265s] -- Symlinking: /home/wb/ros_ws/install/nav2_behavior_tree/lib/libnav2_single_trigger_bt_node.so
[425.276s] -- Symlinking: /home/wb/ros_ws/install/nav2_behavior_tree/lib/libnav2_planner_selector_bt_node.so
[425.285s] -- Symlinking: /home/wb/ros_ws/install/nav2_behavior_tree/lib/libnav2_controller_selector_bt_node.so
[425.295s] -- Symlinking: /home/wb/ros_ws/install/nav2_behavior_tree/lib/libnav2_smoother_selector_bt_node.so
[425.306s] -- Symlinking: /home/wb/ros_ws/install/nav2_behavior_tree/lib/libnav2_goal_checker_selector_bt_node.so
[425.316s] -- Symlinking: /home/wb/ros_ws/install/nav2_behavior_tree/lib/libnav2_progress_checker_selector_bt_node.so
[425.329s] -- Symlinking: /home/wb/ros_ws/install/nav2_behavior_tree/lib/libnav2_goal_updated_controller_bt_node.so
[425.339s] -- Symlinking: /home/wb/ros_ws/install/nav2_behavior_tree/include//nav2_behavior_tree/behavior_tree_engine.hpp
[425.349s] -- Symlinking: /home/wb/ros_ws/install/nav2_behavior_tree/include//nav2_behavior_tree/bt_action_node.hpp
[425.359s] -- Symlinking: /home/wb/ros_ws/install/nav2_behavior_tree/include//nav2_behavior_tree/bt_action_server.hpp
[425.369s] -- Symlinking: /home/wb/ros_ws/install/nav2_behavior_tree/include//nav2_behavior_tree/bt_action_server_impl.hpp
[425.379s] -- Symlinking: /home/wb/ros_ws/install/nav2_behavior_tree/include//nav2_behavior_tree/bt_cancel_action_node.hpp
[425.388s] -- Symlinking: /home/wb/ros_ws/install/nav2_behavior_tree/include//nav2_behavior_tree/bt_conversions.hpp
[425.398s] -- Symlinking: /home/wb/ros_ws/install/nav2_behavior_tree/include//nav2_behavior_tree/bt_service_node.hpp
[425.409s] -- Symlinking: /home/wb/ros_ws/install/nav2_behavior_tree/include//nav2_behavior_tree/plugins/action/assisted_teleop_action.hpp
[425.417s] -- Symlinking: /home/wb/ros_ws/install/nav2_behavior_tree/include//nav2_behavior_tree/plugins/action/assisted_teleop_cancel_node.hpp
[425.427s] -- Symlinking: /home/wb/ros_ws/install/nav2_behavior_tree/include//nav2_behavior_tree/plugins/action/back_up_action.hpp
[425.438s] -- Symlinking: /home/wb/ros_ws/install/nav2_behavior_tree/include//nav2_behavior_tree/plugins/action/back_up_cancel_node.hpp
[425.447s] -- Symlinking: /home/wb/ros_ws/install/nav2_behavior_tree/include//nav2_behavior_tree/plugins/action/clear_costmap_service.hpp
[425.458s] -- Symlinking: /home/wb/ros_ws/install/nav2_behavior_tree/include//nav2_behavior_tree/plugins/action/compute_path_through_poses_action.hpp
[425.466s] -- Symlinking: /home/wb/ros_ws/install/nav2_behavior_tree/include//nav2_behavior_tree/plugins/action/compute_path_to_pose_action.hpp
[425.476s] -- Symlinking: /home/wb/ros_ws/install/nav2_behavior_tree/include//nav2_behavior_tree/plugins/action/controller_cancel_node.hpp
[425.485s] -- Symlinking: /home/wb/ros_ws/install/nav2_behavior_tree/include//nav2_behavior_tree/plugins/action/controller_selector_node.hpp
[425.498s] -- Symlinking: /home/wb/ros_ws/install/nav2_behavior_tree/include//nav2_behavior_tree/plugins/action/drive_on_heading_action.hpp
[425.512s] -- Symlinking: /home/wb/ros_ws/install/nav2_behavior_tree/include//nav2_behavior_tree/plugins/action/drive_on_heading_cancel_node.hpp
[425.519s] -- Symlinking: /home/wb/ros_ws/install/nav2_behavior_tree/include//nav2_behavior_tree/plugins/action/follow_path_action.hpp
[425.528s] -- Symlinking: /home/wb/ros_ws/install/nav2_behavior_tree/include//nav2_behavior_tree/plugins/action/get_pose_from_path_action.hpp
[425.540s] -- Symlinking: /home/wb/ros_ws/install/nav2_behavior_tree/include//nav2_behavior_tree/plugins/action/goal_checker_selector_node.hpp
[425.549s] -- Symlinking: /home/wb/ros_ws/install/nav2_behavior_tree/include//nav2_behavior_tree/plugins/action/navigate_through_poses_action.hpp
[425.559s] -- Symlinking: /home/wb/ros_ws/install/nav2_behavior_tree/include//nav2_behavior_tree/plugins/action/navigate_to_pose_action.hpp
[425.571s] -- Symlinking: /home/wb/ros_ws/install/nav2_behavior_tree/include//nav2_behavior_tree/plugins/action/planner_selector_node.hpp
[425.582s] -- Symlinking: /home/wb/ros_ws/install/nav2_behavior_tree/include//nav2_behavior_tree/plugins/action/progress_checker_selector_node.hpp
[425.591s] -- Symlinking: /home/wb/ros_ws/install/nav2_behavior_tree/include//nav2_behavior_tree/plugins/action/reinitialize_global_localization_service.hpp
[425.598s] -- Symlinking: /home/wb/ros_ws/install/nav2_behavior_tree/include//nav2_behavior_tree/plugins/action/remove_passed_goals_action.hpp
[425.607s] -- Symlinking: /home/wb/ros_ws/install/nav2_behavior_tree/include//nav2_behavior_tree/plugins/action/smooth_path_action.hpp
[425.616s] -- Symlinking: /home/wb/ros_ws/install/nav2_behavior_tree/include//nav2_behavior_tree/plugins/action/smoother_selector_node.hpp
[425.630s] -- Symlinking: /home/wb/ros_ws/install/nav2_behavior_tree/include//nav2_behavior_tree/plugins/action/spin_action.hpp
[425.636s] -- Symlinking: /home/wb/ros_ws/install/nav2_behavior_tree/include//nav2_behavior_tree/plugins/action/spin_cancel_node.hpp
[425.645s] -- Symlinking: /home/wb/ros_ws/install/nav2_behavior_tree/include//nav2_behavior_tree/plugins/action/truncate_path_action.hpp
[425.654s] -- Symlinking: /home/wb/ros_ws/install/nav2_behavior_tree/include//nav2_behavior_tree/plugins/action/truncate_path_local_action.hpp
[425.663s] -- Symlinking: /home/wb/ros_ws/install/nav2_behavior_tree/include//nav2_behavior_tree/plugins/action/wait_action.hpp
[425.672s] -- Symlinking: /home/wb/ros_ws/install/nav2_behavior_tree/include//nav2_behavior_tree/plugins/action/wait_cancel_node.hpp
[425.681s] -- Symlinking: /home/wb/ros_ws/install/nav2_behavior_tree/include//nav2_behavior_tree/plugins/condition/distance_traveled_condition.hpp
[425.694s] -- Symlinking: /home/wb/ros_ws/install/nav2_behavior_tree/include//nav2_behavior_tree/plugins/condition/globally_updated_goal_condition.hpp
[425.703s] -- Symlinking: /home/wb/ros_ws/install/nav2_behavior_tree/include//nav2_behavior_tree/plugins/condition/goal_reached_condition.hpp
[425.713s] -- Symlinking: /home/wb/ros_ws/install/nav2_behavior_tree/include//nav2_behavior_tree/plugins/condition/goal_updated_condition.hpp
[425.722s] -- Symlinking: /home/wb/ros_ws/install/nav2_behavior_tree/include//nav2_behavior_tree/plugins/condition/initial_pose_received_condition.hpp
[425.736s] -- Symlinking: /home/wb/ros_ws/install/nav2_behavior_tree/include//nav2_behavior_tree/plugins/condition/is_battery_charging_condition.hpp
[425.743s] -- Symlinking: /home/wb/ros_ws/install/nav2_behavior_tree/include//nav2_behavior_tree/plugins/condition/is_battery_low_condition.hpp
[425.752s] -- Symlinking: /home/wb/ros_ws/install/nav2_behavior_tree/include//nav2_behavior_tree/plugins/condition/is_path_valid_condition.hpp
[425.761s] -- Symlinking: /home/wb/ros_ws/install/nav2_behavior_tree/include//nav2_behavior_tree/plugins/condition/is_stuck_condition.hpp
[425.770s] -- Symlinking: /home/wb/ros_ws/install/nav2_behavior_tree/include//nav2_behavior_tree/plugins/condition/path_expiring_timer_condition.hpp
[425.779s] -- Symlinking: /home/wb/ros_ws/install/nav2_behavior_tree/include//nav2_behavior_tree/plugins/condition/time_expired_condition.hpp
[425.788s] -- Symlinking: /home/wb/ros_ws/install/nav2_behavior_tree/include//nav2_behavior_tree/plugins/condition/transform_available_condition.hpp
[425.797s] -- Symlinking: /home/wb/ros_ws/install/nav2_behavior_tree/include//nav2_behavior_tree/plugins/control/pipeline_sequence.hpp
[425.806s] -- Symlinking: /home/wb/ros_ws/install/nav2_behavior_tree/include//nav2_behavior_tree/plugins/control/recovery_node.hpp
[425.817s] -- Symlinking: /home/wb/ros_ws/install/nav2_behavior_tree/include//nav2_behavior_tree/plugins/control/round_robin_node.hpp
[425.828s] -- Symlinking: /home/wb/ros_ws/install/nav2_behavior_tree/include//nav2_behavior_tree/plugins/decorator/distance_controller.hpp
[425.838s] -- Symlinking: /home/wb/ros_ws/install/nav2_behavior_tree/include//nav2_behavior_tree/plugins/decorator/goal_updated_controller.hpp
[425.848s] -- Symlinking: /home/wb/ros_ws/install/nav2_behavior_tree/include//nav2_behavior_tree/plugins/decorator/goal_updater_node.hpp
[425.859s] -- Symlinking: /home/wb/ros_ws/install/nav2_behavior_tree/include//nav2_behavior_tree/plugins/decorator/path_longer_on_approach.hpp
[425.868s] -- Symlinking: /home/wb/ros_ws/install/nav2_behavior_tree/include//nav2_behavior_tree/plugins/decorator/rate_controller.hpp
[425.875s] -- Symlinking: /home/wb/ros_ws/install/nav2_behavior_tree/include//nav2_behavior_tree/plugins/decorator/single_trigger_node.hpp
[425.884s] -- Symlinking: /home/wb/ros_ws/install/nav2_behavior_tree/include//nav2_behavior_tree/plugins/decorator/speed_controller.hpp
[425.893s] -- Symlinking: /home/wb/ros_ws/install/nav2_behavior_tree/include//nav2_behavior_tree/ros_topic_logger.hpp
[425.902s] -- Symlinking: /home/wb/ros_ws/install/nav2_behavior_tree/share/nav2_behavior_tree/nav2_tree_nodes.xml
[425.913s] -- Symlinking: /home/wb/ros_ws/install/nav2_behavior_tree/share/nav2_behavior_tree/environment/library_path.sh
[425.922s] -- Symlinking: /home/wb/ros_ws/install/nav2_behavior_tree/share/nav2_behavior_tree/environment/library_path.dsv
[425.936s] -- Symlinking: /home/wb/ros_ws/install/nav2_behavior_tree/share/ament_index/resource_index/package_run_dependencies/nav2_behavior_tree
[425.944s] -- Symlinking: /home/wb/ros_ws/install/nav2_behavior_tree/share/ament_index/resource_index/parent_prefix_path/nav2_behavior_tree
[425.953s] -- Symlinking: /home/wb/ros_ws/install/nav2_behavior_tree/share/nav2_behavior_tree/environment/ament_prefix_path.sh
[425.963s] -- Symlinking: /home/wb/ros_ws/install/nav2_behavior_tree/share/nav2_behavior_tree/environment/ament_prefix_path.dsv
[425.972s] -- Symlinking: /home/wb/ros_ws/install/nav2_behavior_tree/share/nav2_behavior_tree/environment/path.sh
[425.981s] -- Symlinking: /home/wb/ros_ws/install/nav2_behavior_tree/share/nav2_behavior_tree/environment/path.dsv
[425.990s] -- Symlinking: /home/wb/ros_ws/install/nav2_behavior_tree/share/nav2_behavior_tree/local_setup.bash
[425.999s] -- Symlinking: /home/wb/ros_ws/install/nav2_behavior_tree/share/nav2_behavior_tree/local_setup.sh
[426.010s] -- Symlinking: /home/wb/ros_ws/install/nav2_behavior_tree/share/nav2_behavior_tree/local_setup.zsh
[426.019s] -- Symlinking: /home/wb/ros_ws/install/nav2_behavior_tree/share/nav2_behavior_tree/local_setup.dsv
[426.034s] -- Symlinking: /home/wb/ros_ws/install/nav2_behavior_tree/share/nav2_behavior_tree/package.dsv
[426.043s] -- Symlinking: /home/wb/ros_ws/install/nav2_behavior_tree/share/ament_index/resource_index/packages/nav2_behavior_tree
[426.050s] -- Symlinking: /home/wb/ros_ws/install/nav2_behavior_tree/share/nav2_behavior_tree/cmake/ament_cmake_export_include_directories-extras.cmake
[426.059s] -- Symlinking: /home/wb/ros_ws/install/nav2_behavior_tree/share/nav2_behavior_tree/cmake/ament_cmake_export_libraries-extras.cmake
[426.068s] -- Symlinking: /home/wb/ros_ws/install/nav2_behavior_tree/share/nav2_behavior_tree/cmake/ament_cmake_export_dependencies-extras.cmake
[426.078s] -- Symlinking: /home/wb/ros_ws/install/nav2_behavior_tree/share/nav2_behavior_tree/cmake/nav2_behavior_treeConfig.cmake
[426.087s] -- Symlinking: /home/wb/ros_ws/install/nav2_behavior_tree/share/nav2_behavior_tree/cmake/nav2_behavior_treeConfig-version.cmake
[426.096s] -- Symlinking: /home/wb/ros_ws/install/nav2_behavior_tree/share/nav2_behavior_tree/package.xml
[426.107s] Invoked command in '/home/wb/ros_ws/build/nav2_behavior_tree' returned '0': CMAKE_PREFIX_PATH=/home/wb/ros_ws/install/nav2_util:/home/wb/ros_ws/install/nav2_msgs:/home/wb/ros_ws/install/nav2_common:/home/wb/ros_ws/install/simple_robot:/home/wb/ros_ws/install/nav2_system_tests:/home/wb/ros_ws/install/my_robot_navigation:/home/wb/ros_ws/install/nav2_bringup:/home/wb/ros_ws/install/navigation2:/home/wb/ros_ws/install/nav2_smoother:/home/wb/ros_ws/install/nav2_rotation_shim_controller:/home/wb/ros_ws/install/nav2_graceful_controller:/home/wb/ros_ws/install/nav2_dwb_controller:/home/wb/ros_ws/install/nav2_controller:/home/wb/ros_ws/install/dwb_plugins:/home/wb/ros_ws/install/dwb_critics:/home/wb/ros_ws/install/dwb_core:/home/wb/ros_ws/install/nav_2d_utils:/home/wb/ros_ws/install/dwb_msgs:/home/wb/ros_ws/install/nav_2d_msgs:/home/wb/ros_ws/install/nav2_waypoint_follower:/home/wb/ros_ws/install/nav2_theta_star_planner:/home/wb/ros_ws/install/nav2_smac_planner:/home/wb/ros_ws/install/nav2_regulated_pure_pursuit_controller:/home/wb/ros_ws/install/nav2_planner:/home/wb/ros_ws/install/nav2_navfn_planner:/home/wb/ros_ws/install/nav2_mppi_controller:/home/wb/ros_ws/install/nav2_constrained_smoother:/home/wb/ros_ws/install/nav2_bt_navigator:/home/wb/ros_ws/install/nav2_behaviors:/home/wb/ros_ws/install/nav2_core:/home/wb/ros_ws/install/nav2_collision_monitor:/home/wb/ros_ws/install/costmap_queue:/home/wb/ros_ws/install/nav2_costmap_2d:/home/wb/ros_ws/install/nav2_voxel_grid:/home/wb/ros_ws/install/nav2_velocity_smoother:/home/wb/ros_ws/install/nav2_rviz_plugins:/home/wb/ros_ws/install/nav2_map_server:/home/wb/ros_ws/install/nav2_lifecycle_manager:/home/wb/ros_ws/install/nav2_behavior_tree:/home/wb/ros_ws/install/nav2_amcl:/home/wb/ros_ws/install/my_robot_simulation:/home/wb/ros_ws/install/my_robot_description:/home/wb/ros_ws/install/nav2_simple_commander:/opt/ros/humble LD_LIBRARY_PATH=/home/wb/ros_ws/install/nav2_util/lib:/home/wb/ros_ws/install/nav2_msgs/lib:/opt/ros/humble/lib:/home/wb/ros_ws/install/nav2_smoother/lib:/home/wb/ros_ws/install/nav2_rotation_shim_controller/lib:/home/wb/ros_ws/install/nav2_graceful_controller/lib:/home/wb/ros_ws/install/nav2_controller/lib:/home/wb/ros_ws/install/dwb_plugins/lib:/home/wb/ros_ws/install/dwb_critics/lib:/home/wb/ros_ws/install/dwb_core/lib:/home/wb/ros_ws/install/nav_2d_utils/lib:/home/wb/ros_ws/install/dwb_msgs/lib:/home/wb/ros_ws/install/nav_2d_msgs/lib:/home/wb/ros_ws/install/nav2_waypoint_follower/lib:/home/wb/ros_ws/install/nav2_theta_star_planner/lib:/home/wb/ros_ws/install/nav2_smac_planner/lib:/home/wb/ros_ws/install/nav2_regulated_pure_pursuit_controller/lib:/home/wb/ros_ws/install/nav2_planner/lib:/home/wb/ros_ws/install/nav2_navfn_planner/lib:/home/wb/ros_ws/install/nav2_mppi_controller/lib:/home/wb/ros_ws/install/nav2_constrained_smoother/lib:/home/wb/ros_ws/install/nav2_bt_navigator/lib:/home/wb/ros_ws/install/nav2_behaviors/lib:/home/wb/ros_ws/install/nav2_collision_monitor/lib:/home/wb/ros_ws/install/costmap_queue/lib:/home/wb/ros_ws/install/nav2_costmap_2d/lib:/home/wb/ros_ws/install/nav2_voxel_grid/lib:/home/wb/ros_ws/install/nav2_velocity_smoother/lib:/home/wb/ros_ws/install/nav2_rviz_plugins/lib:/home/wb/ros_ws/install/nav2_map_server/lib:/home/wb/ros_ws/install/nav2_lifecycle_manager/lib:/home/wb/ros_ws/install/nav2_behavior_tree/lib:/home/wb/ros_ws/install/nav2_amcl/lib:/usr/lib/x86_64-linux-gnu/gazebo-11/plugins:/opt/ros/humble/opt/rviz_ogre_vendor/lib:/opt/ros/humble/lib/x86_64-linux-gnu:/opt/ros/humble/lib /usr/bin/cmake --install /home/wb/ros_ws/build/nav2_behavior_tree
