[0.247s] DEBUG:colcon:Command line arguments: ['/usr/bin/colcon', 'build', '--packages-select', 'my_robot_description', 'my_robot_simulation', 'simple_robot']
[0.247s] DEBUG:colcon:Parsed command line arguments: Namespace(log_base=None, log_level=None, verb_name='build', build_base='build', install_base='install', merge_install=False, symlink_install=False, test_result_base=None, continue_on_error=False, executor='parallel', parallel_workers=4, event_handlers=None, ignore_user_meta=False, metas=['./colcon.meta'], base_paths=['.'], packages_ignore=None, packages_ignore_regex=None, paths=None, packages_up_to=None, packages_up_to_regex=None, packages_above=None, packages_above_and_dependencies=None, packages_above_depth=None, packages_select_by_dep=None, packages_skip_by_dep=None, packages_skip_up_to=None, packages_select_build_failed=False, packages_skip_build_finished=False, packages_select_test_failures=False, packages_skip_test_passed=False, packages_select=['my_robot_description', 'my_robot_simulation', 'simple_robot'], packages_skip=None, packages_select_regex=None, packages_skip_regex=None, packages_start=None, packages_end=None, allow_overriding=[], cmake_args=None, cmake_target=None, cmake_target_skip_unavailable=False, cmake_clean_cache=False, cmake_clean_first=False, cmake_force_configure=False, ament_cmake_args=None, catkin_cmake_args=None, catkin_skip_building_tests=False, mixin_files=None, mixin=None, verb_parser=<colcon_mixin.mixin.mixin_argument.MixinArgumentDecorator object at 0x7db7d39276d0>, verb_extension=<colcon_core.verb.build.BuildVerb object at 0x7db7d3926fe0>, main=<bound method BuildVerb.main of <colcon_core.verb.build.BuildVerb object at 0x7db7d3926fe0>>, mixin_verb=('build',))
[0.480s] Level 1:colcon.colcon_core.package_discovery:discover_packages(colcon_meta) check parameters
[0.480s] Level 1:colcon.colcon_core.package_discovery:discover_packages(recursive) check parameters
[0.480s] Level 1:colcon.colcon_core.package_discovery:discover_packages(ignore) check parameters
[0.480s] Level 1:colcon.colcon_core.package_discovery:discover_packages(path) check parameters
[0.480s] Level 1:colcon.colcon_core.package_discovery:discover_packages(colcon_meta) discover
[0.480s] Level 1:colcon.colcon_core.package_discovery:discover_packages(recursive) discover
[0.480s] INFO:colcon.colcon_core.package_discovery:Crawling recursively for packages in '/home/wb/ros_ws'
[0.480s] Level 1:colcon.colcon_core.package_identification:_identify(.) by extensions ['ignore', 'ignore_ament_install']
[0.480s] Level 1:colcon.colcon_core.package_identification:_identify(.) by extension 'ignore'
[0.481s] Level 1:colcon.colcon_core.package_identification:_identify(.) by extension 'ignore_ament_install'
[0.481s] Level 1:colcon.colcon_core.package_identification:_identify(.) by extensions ['colcon_pkg']
[0.481s] Level 1:colcon.colcon_core.package_identification:_identify(.) by extension 'colcon_pkg'
[0.481s] Level 1:colcon.colcon_core.package_identification:_identify(.) by extensions ['colcon_meta']
[0.481s] Level 1:colcon.colcon_core.package_identification:_identify(.) by extension 'colcon_meta'
[0.481s] Level 1:colcon.colcon_core.package_identification:_identify(.) by extensions ['ros']
[0.481s] Level 1:colcon.colcon_core.package_identification:_identify(.) by extension 'ros'
[0.490s] Level 1:colcon.colcon_core.package_identification:_identify(.) by extensions ['cmake', 'python']
[0.490s] Level 1:colcon.colcon_core.package_identification:_identify(.) by extension 'cmake'
[0.490s] Level 1:colcon.colcon_core.package_identification:_identify(.) by extension 'python'
[0.490s] Level 1:colcon.colcon_core.package_identification:_identify(.) by extensions ['python_setup_py']
[0.490s] Level 1:colcon.colcon_core.package_identification:_identify(.) by extension 'python_setup_py'
[0.490s] Level 1:colcon.colcon_core.package_identification:_identify(build) by extensions ['ignore', 'ignore_ament_install']
[0.490s] Level 1:colcon.colcon_core.package_identification:_identify(build) by extension 'ignore'
[0.490s] Level 1:colcon.colcon_core.package_identification:_identify(build) ignored
[0.490s] Level 1:colcon.colcon_core.package_identification:_identify(install) by extensions ['ignore', 'ignore_ament_install']
[0.490s] Level 1:colcon.colcon_core.package_identification:_identify(install) by extension 'ignore'
[0.490s] Level 1:colcon.colcon_core.package_identification:_identify(install) ignored
[0.491s] Level 1:colcon.colcon_core.package_identification:_identify(log) by extensions ['ignore', 'ignore_ament_install']
[0.491s] Level 1:colcon.colcon_core.package_identification:_identify(log) by extension 'ignore'
[0.491s] Level 1:colcon.colcon_core.package_identification:_identify(log) ignored
[0.491s] Level 1:colcon.colcon_core.package_identification:_identify(src) by extensions ['ignore', 'ignore_ament_install']
[0.491s] Level 1:colcon.colcon_core.package_identification:_identify(src) by extension 'ignore'
[0.491s] Level 1:colcon.colcon_core.package_identification:_identify(src) by extension 'ignore_ament_install'
[0.491s] Level 1:colcon.colcon_core.package_identification:_identify(src) by extensions ['colcon_pkg']
[0.491s] Level 1:colcon.colcon_core.package_identification:_identify(src) by extension 'colcon_pkg'
[0.491s] Level 1:colcon.colcon_core.package_identification:_identify(src) by extensions ['colcon_meta']
[0.491s] Level 1:colcon.colcon_core.package_identification:_identify(src) by extension 'colcon_meta'
[0.491s] Level 1:colcon.colcon_core.package_identification:_identify(src) by extensions ['ros']
[0.491s] Level 1:colcon.colcon_core.package_identification:_identify(src) by extension 'ros'
[0.491s] Level 1:colcon.colcon_core.package_identification:_identify(src) by extensions ['cmake', 'python']
[0.491s] Level 1:colcon.colcon_core.package_identification:_identify(src) by extension 'cmake'
[0.491s] Level 1:colcon.colcon_core.package_identification:_identify(src) by extension 'python'
[0.491s] Level 1:colcon.colcon_core.package_identification:_identify(src) by extensions ['python_setup_py']
[0.491s] Level 1:colcon.colcon_core.package_identification:_identify(src) by extension 'python_setup_py'
[0.491s] Level 1:colcon.colcon_core.package_identification:_identify(src/my_robot_description) by extensions ['ignore', 'ignore_ament_install']
[0.491s] Level 1:colcon.colcon_core.package_identification:_identify(src/my_robot_description) by extension 'ignore'
[0.491s] Level 1:colcon.colcon_core.package_identification:_identify(src/my_robot_description) by extension 'ignore_ament_install'
[0.491s] Level 1:colcon.colcon_core.package_identification:_identify(src/my_robot_description) by extensions ['colcon_pkg']
[0.491s] Level 1:colcon.colcon_core.package_identification:_identify(src/my_robot_description) by extension 'colcon_pkg'
[0.491s] Level 1:colcon.colcon_core.package_identification:_identify(src/my_robot_description) by extensions ['colcon_meta']
[0.491s] Level 1:colcon.colcon_core.package_identification:_identify(src/my_robot_description) by extension 'colcon_meta'
[0.491s] Level 1:colcon.colcon_core.package_identification:_identify(src/my_robot_description) by extensions ['ros']
[0.491s] Level 1:colcon.colcon_core.package_identification:_identify(src/my_robot_description) by extension 'ros'
[0.495s] DEBUG:colcon.colcon_core.package_identification:Package 'src/my_robot_description' with type 'ros.ament_cmake' and name 'my_robot_description'
[0.495s] Level 1:colcon.colcon_core.package_identification:_identify(src/my_robot_simulation) by extensions ['ignore', 'ignore_ament_install']
[0.495s] Level 1:colcon.colcon_core.package_identification:_identify(src/my_robot_simulation) by extension 'ignore'
[0.495s] Level 1:colcon.colcon_core.package_identification:_identify(src/my_robot_simulation) by extension 'ignore_ament_install'
[0.495s] Level 1:colcon.colcon_core.package_identification:_identify(src/my_robot_simulation) by extensions ['colcon_pkg']
[0.495s] Level 1:colcon.colcon_core.package_identification:_identify(src/my_robot_simulation) by extension 'colcon_pkg'
[0.495s] Level 1:colcon.colcon_core.package_identification:_identify(src/my_robot_simulation) by extensions ['colcon_meta']
[0.495s] Level 1:colcon.colcon_core.package_identification:_identify(src/my_robot_simulation) by extension 'colcon_meta'
[0.495s] Level 1:colcon.colcon_core.package_identification:_identify(src/my_robot_simulation) by extensions ['ros']
[0.495s] Level 1:colcon.colcon_core.package_identification:_identify(src/my_robot_simulation) by extension 'ros'
[0.496s] DEBUG:colcon.colcon_core.package_identification:Package 'src/my_robot_simulation' with type 'ros.ament_cmake' and name 'my_robot_simulation'
[0.496s] Level 1:colcon.colcon_core.package_identification:_identify(src/simple_robot) by extensions ['ignore', 'ignore_ament_install']
[0.496s] Level 1:colcon.colcon_core.package_identification:_identify(src/simple_robot) by extension 'ignore'
[0.496s] Level 1:colcon.colcon_core.package_identification:_identify(src/simple_robot) by extension 'ignore_ament_install'
[0.496s] Level 1:colcon.colcon_core.package_identification:_identify(src/simple_robot) by extensions ['colcon_pkg']
[0.496s] Level 1:colcon.colcon_core.package_identification:_identify(src/simple_robot) by extension 'colcon_pkg'
[0.496s] Level 1:colcon.colcon_core.package_identification:_identify(src/simple_robot) by extensions ['colcon_meta']
[0.496s] Level 1:colcon.colcon_core.package_identification:_identify(src/simple_robot) by extension 'colcon_meta'
[0.497s] Level 1:colcon.colcon_core.package_identification:_identify(src/simple_robot) by extensions ['ros']
[0.497s] Level 1:colcon.colcon_core.package_identification:_identify(src/simple_robot) by extension 'ros'
[0.497s] DEBUG:colcon.colcon_core.package_identification:Package 'src/simple_robot' with type 'ros.ament_cmake' and name 'simple_robot'
[0.497s] Level 1:colcon.colcon_core.package_discovery:discover_packages(recursive) using defaults
[0.497s] Level 1:colcon.colcon_core.package_discovery:discover_packages(ignore) discover
[0.497s] Level 1:colcon.colcon_core.package_discovery:discover_packages(ignore) using defaults
[0.497s] Level 1:colcon.colcon_core.package_discovery:discover_packages(path) discover
[0.497s] Level 1:colcon.colcon_core.package_discovery:discover_packages(path) using defaults
[0.518s] Level 1:colcon.colcon_core.package_discovery:discover_packages(prefix_path) check parameters
[0.518s] Level 1:colcon.colcon_core.package_discovery:discover_packages(prefix_path) discover
[0.528s] DEBUG:colcon.colcon_installed_package_information.package_discovery:Found 3 installed packages in /home/wb/ros_ws/install
[0.530s] DEBUG:colcon.colcon_installed_package_information.package_discovery:Found 212 installed packages in /opt/ros/humble
[0.530s] Level 1:colcon.colcon_core.package_discovery:discover_packages(prefix_path) using defaults
[0.553s] Level 5:colcon.colcon_core.verb:set package 'my_robot_description' build argument 'cmake_args' from command line to 'None'
[0.553s] Level 5:colcon.colcon_core.verb:set package 'my_robot_description' build argument 'cmake_target' from command line to 'None'
[0.553s] Level 5:colcon.colcon_core.verb:set package 'my_robot_description' build argument 'cmake_target_skip_unavailable' from command line to 'False'
[0.553s] Level 5:colcon.colcon_core.verb:set package 'my_robot_description' build argument 'cmake_clean_cache' from command line to 'False'
[0.553s] Level 5:colcon.colcon_core.verb:set package 'my_robot_description' build argument 'cmake_clean_first' from command line to 'False'
[0.553s] Level 5:colcon.colcon_core.verb:set package 'my_robot_description' build argument 'cmake_force_configure' from command line to 'False'
[0.553s] Level 5:colcon.colcon_core.verb:set package 'my_robot_description' build argument 'ament_cmake_args' from command line to 'None'
[0.553s] Level 5:colcon.colcon_core.verb:set package 'my_robot_description' build argument 'catkin_cmake_args' from command line to 'None'
[0.553s] Level 5:colcon.colcon_core.verb:set package 'my_robot_description' build argument 'catkin_skip_building_tests' from command line to 'False'
[0.553s] DEBUG:colcon.colcon_core.verb:Building package 'my_robot_description' with the following arguments: {'ament_cmake_args': None, 'build_base': '/home/wb/ros_ws/build/my_robot_description', 'catkin_cmake_args': None, 'catkin_skip_building_tests': False, 'cmake_args': None, 'cmake_clean_cache': False, 'cmake_clean_first': False, 'cmake_force_configure': False, 'cmake_target': None, 'cmake_target_skip_unavailable': False, 'install_base': '/home/wb/ros_ws/install/my_robot_description', 'merge_install': False, 'path': '/home/wb/ros_ws/src/my_robot_description', 'symlink_install': False, 'test_result_base': None}
[0.553s] Level 5:colcon.colcon_core.verb:set package 'my_robot_simulation' build argument 'cmake_args' from command line to 'None'
[0.553s] Level 5:colcon.colcon_core.verb:set package 'my_robot_simulation' build argument 'cmake_target' from command line to 'None'
[0.553s] Level 5:colcon.colcon_core.verb:set package 'my_robot_simulation' build argument 'cmake_target_skip_unavailable' from command line to 'False'
[0.553s] Level 5:colcon.colcon_core.verb:set package 'my_robot_simulation' build argument 'cmake_clean_cache' from command line to 'False'
[0.553s] Level 5:colcon.colcon_core.verb:set package 'my_robot_simulation' build argument 'cmake_clean_first' from command line to 'False'
[0.553s] Level 5:colcon.colcon_core.verb:set package 'my_robot_simulation' build argument 'cmake_force_configure' from command line to 'False'
[0.553s] Level 5:colcon.colcon_core.verb:set package 'my_robot_simulation' build argument 'ament_cmake_args' from command line to 'None'
[0.553s] Level 5:colcon.colcon_core.verb:set package 'my_robot_simulation' build argument 'catkin_cmake_args' from command line to 'None'
[0.553s] Level 5:colcon.colcon_core.verb:set package 'my_robot_simulation' build argument 'catkin_skip_building_tests' from command line to 'False'
[0.554s] DEBUG:colcon.colcon_core.verb:Building package 'my_robot_simulation' with the following arguments: {'ament_cmake_args': None, 'build_base': '/home/wb/ros_ws/build/my_robot_simulation', 'catkin_cmake_args': None, 'catkin_skip_building_tests': False, 'cmake_args': None, 'cmake_clean_cache': False, 'cmake_clean_first': False, 'cmake_force_configure': False, 'cmake_target': None, 'cmake_target_skip_unavailable': False, 'install_base': '/home/wb/ros_ws/install/my_robot_simulation', 'merge_install': False, 'path': '/home/wb/ros_ws/src/my_robot_simulation', 'symlink_install': False, 'test_result_base': None}
[0.554s] Level 5:colcon.colcon_core.verb:set package 'simple_robot' build argument 'cmake_args' from command line to 'None'
[0.554s] Level 5:colcon.colcon_core.verb:set package 'simple_robot' build argument 'cmake_target' from command line to 'None'
[0.554s] Level 5:colcon.colcon_core.verb:set package 'simple_robot' build argument 'cmake_target_skip_unavailable' from command line to 'False'
[0.554s] Level 5:colcon.colcon_core.verb:set package 'simple_robot' build argument 'cmake_clean_cache' from command line to 'False'
[0.554s] Level 5:colcon.colcon_core.verb:set package 'simple_robot' build argument 'cmake_clean_first' from command line to 'False'
[0.554s] Level 5:colcon.colcon_core.verb:set package 'simple_robot' build argument 'cmake_force_configure' from command line to 'False'
[0.554s] Level 5:colcon.colcon_core.verb:set package 'simple_robot' build argument 'ament_cmake_args' from command line to 'None'
[0.554s] Level 5:colcon.colcon_core.verb:set package 'simple_robot' build argument 'catkin_cmake_args' from command line to 'None'
[0.554s] Level 5:colcon.colcon_core.verb:set package 'simple_robot' build argument 'catkin_skip_building_tests' from command line to 'False'
[0.554s] DEBUG:colcon.colcon_core.verb:Building package 'simple_robot' with the following arguments: {'ament_cmake_args': None, 'build_base': '/home/wb/ros_ws/build/simple_robot', 'catkin_cmake_args': None, 'catkin_skip_building_tests': False, 'cmake_args': None, 'cmake_clean_cache': False, 'cmake_clean_first': False, 'cmake_force_configure': False, 'cmake_target': None, 'cmake_target_skip_unavailable': False, 'install_base': '/home/wb/ros_ws/install/simple_robot', 'merge_install': False, 'path': '/home/wb/ros_ws/src/simple_robot', 'symlink_install': False, 'test_result_base': None}
[0.554s] INFO:colcon.colcon_core.executor:Executing jobs using 'parallel' executor
[0.555s] DEBUG:colcon.colcon_parallel_executor.executor.parallel:run_until_complete
[0.555s] INFO:colcon.colcon_ros.task.ament_cmake.build:Building ROS package in '/home/wb/ros_ws/src/my_robot_description' with build type 'ament_cmake'
[0.555s] INFO:colcon.colcon_cmake.task.cmake.build:Building CMake package in '/home/wb/ros_ws/src/my_robot_description'
[0.562s] INFO:colcon.colcon_core.plugin_system:Skipping extension 'colcon_core.shell.bat': Not used on non-Windows systems
[0.562s] INFO:colcon.colcon_core.shell:Skip shell extension 'powershell' for command environment: Not usable outside of PowerShell
[0.562s] DEBUG:colcon.colcon_core.shell:Skip shell extension 'dsv' for command environment
[0.565s] INFO:colcon.colcon_ros.task.ament_cmake.build:Building ROS package in '/home/wb/ros_ws/src/my_robot_simulation' with build type 'ament_cmake'
[0.566s] INFO:colcon.colcon_cmake.task.cmake.build:Building CMake package in '/home/wb/ros_ws/src/my_robot_simulation'
[0.566s] INFO:colcon.colcon_core.shell:Skip shell extension 'powershell' for command environment: Not usable outside of PowerShell
[0.566s] DEBUG:colcon.colcon_core.shell:Skip shell extension 'dsv' for command environment
[0.572s] INFO:colcon.colcon_ros.task.ament_cmake.build:Building ROS package in '/home/wb/ros_ws/src/simple_robot' with build type 'ament_cmake'
[0.572s] INFO:colcon.colcon_cmake.task.cmake.build:Building CMake package in '/home/wb/ros_ws/src/simple_robot'
[0.573s] INFO:colcon.colcon_core.shell:Skip shell extension 'powershell' for command environment: Not usable outside of PowerShell
[0.573s] DEBUG:colcon.colcon_core.shell:Skip shell extension 'dsv' for command environment
[0.581s] DEBUG:colcon.colcon_core.event_handler.log_command:Invoking command in '/home/wb/ros_ws/build/my_robot_description': CMAKE_PREFIX_PATH=${CMAKE_PREFIX_PATH}:/opt/ros/humble /usr/bin/cmake /home/wb/ros_ws/src/my_robot_description -DCMAKE_INSTALL_PREFIX=/home/wb/ros_ws/install/my_robot_description
[0.588s] DEBUG:colcon.colcon_core.event_handler.log_command:Invoking command in '/home/wb/ros_ws/build/my_robot_simulation': CMAKE_PREFIX_PATH=${CMAKE_PREFIX_PATH}:/opt/ros/humble /usr/bin/cmake /home/wb/ros_ws/src/my_robot_simulation -DCMAKE_INSTALL_PREFIX=/home/wb/ros_ws/install/my_robot_simulation
[0.594s] DEBUG:colcon.colcon_core.event_handler.log_command:Invoking command in '/home/wb/ros_ws/build/simple_robot': CMAKE_PREFIX_PATH=${CMAKE_PREFIX_PATH}:/opt/ros/humble /usr/bin/cmake /home/wb/ros_ws/src/simple_robot -DCMAKE_INSTALL_PREFIX=/home/wb/ros_ws/install/simple_robot
[0.853s] DEBUG:colcon.colcon_core.event_handler.log_command:Invoked command in '/home/wb/ros_ws/build/my_robot_description' returned '0': CMAKE_PREFIX_PATH=${CMAKE_PREFIX_PATH}:/opt/ros/humble /usr/bin/cmake /home/wb/ros_ws/src/my_robot_description -DCMAKE_INSTALL_PREFIX=/home/wb/ros_ws/install/my_robot_description
[0.855s] DEBUG:colcon.colcon_core.event_handler.log_command:Invoking command in '/home/wb/ros_ws/build/my_robot_description': CMAKE_PREFIX_PATH=${CMAKE_PREFIX_PATH}:/opt/ros/humble /usr/bin/cmake --build /home/wb/ros_ws/build/my_robot_description -- -j4 -l4
[0.856s] DEBUG:colcon.colcon_core.event_handler.log_command:Invoked command in '/home/wb/ros_ws/build/my_robot_simulation' returned '0': CMAKE_PREFIX_PATH=${CMAKE_PREFIX_PATH}:/opt/ros/humble /usr/bin/cmake /home/wb/ros_ws/src/my_robot_simulation -DCMAKE_INSTALL_PREFIX=/home/wb/ros_ws/install/my_robot_simulation
[0.856s] DEBUG:colcon.colcon_core.event_handler.log_command:Invoking command in '/home/wb/ros_ws/build/my_robot_simulation': CMAKE_PREFIX_PATH=${CMAKE_PREFIX_PATH}:/opt/ros/humble /usr/bin/cmake --build /home/wb/ros_ws/build/my_robot_simulation -- -j4 -l4
[0.890s] DEBUG:colcon.colcon_core.event_handler.log_command:Invoked command in '/home/wb/ros_ws/build/my_robot_simulation' returned '0': CMAKE_PREFIX_PATH=${CMAKE_PREFIX_PATH}:/opt/ros/humble /usr/bin/cmake --build /home/wb/ros_ws/build/my_robot_simulation -- -j4 -l4
[0.899s] DEBUG:colcon.colcon_core.event_handler.log_command:Invoking command in '/home/wb/ros_ws/build/my_robot_simulation': CMAKE_PREFIX_PATH=${CMAKE_PREFIX_PATH}:/opt/ros/humble /usr/bin/cmake --install /home/wb/ros_ws/build/my_robot_simulation
[0.901s] DEBUG:colcon.colcon_core.event_handler.log_command:Invoked command in '/home/wb/ros_ws/build/my_robot_description' returned '0': CMAKE_PREFIX_PATH=${CMAKE_PREFIX_PATH}:/opt/ros/humble /usr/bin/cmake --build /home/wb/ros_ws/build/my_robot_description -- -j4 -l4
[0.902s] DEBUG:colcon.colcon_core.event_handler.log_command:Invoking command in '/home/wb/ros_ws/build/my_robot_description': CMAKE_PREFIX_PATH=${CMAKE_PREFIX_PATH}:/opt/ros/humble /usr/bin/cmake --install /home/wb/ros_ws/build/my_robot_description
[0.924s] Level 1:colcon.colcon_core.environment:create_environment_scripts_only(my_robot_simulation)
[0.925s] DEBUG:colcon.colcon_core.event_handler.log_command:Invoked command in '/home/wb/ros_ws/build/my_robot_simulation' returned '0': CMAKE_PREFIX_PATH=${CMAKE_PREFIX_PATH}:/opt/ros/humble /usr/bin/cmake --install /home/wb/ros_ws/build/my_robot_simulation
[0.932s] Level 1:colcon.colcon_core.environment:checking '/home/wb/ros_ws/install/my_robot_simulation' for CMake module files
[0.932s] Level 1:colcon.colcon_core.environment:checking '/home/wb/ros_ws/install/my_robot_simulation' for CMake config files
[0.933s] Level 1:colcon.colcon_core.shell:create_environment_hook('my_robot_simulation', 'cmake_prefix_path')
[0.933s] INFO:colcon.colcon_core.shell:Creating environment hook '/home/wb/ros_ws/install/my_robot_simulation/share/my_robot_simulation/hook/cmake_prefix_path.ps1'
[0.934s] INFO:colcon.colcon_core.shell:Creating environment descriptor '/home/wb/ros_ws/install/my_robot_simulation/share/my_robot_simulation/hook/cmake_prefix_path.dsv'
[0.935s] INFO:colcon.colcon_core.shell:Creating environment hook '/home/wb/ros_ws/install/my_robot_simulation/share/my_robot_simulation/hook/cmake_prefix_path.sh'
[0.936s] Level 1:colcon.colcon_core.environment:checking '/home/wb/ros_ws/install/my_robot_simulation/bin'
[0.936s] Level 1:colcon.colcon_core.environment:checking '/home/wb/ros_ws/install/my_robot_simulation/lib/pkgconfig/my_robot_simulation.pc'
[0.936s] Level 1:colcon.colcon_core.environment:checking '/home/wb/ros_ws/install/my_robot_simulation/lib/python3.10/site-packages'
[0.936s] Level 1:colcon.colcon_core.environment:checking '/home/wb/ros_ws/install/my_robot_simulation/bin'
[0.937s] INFO:colcon.colcon_core.shell:Creating package script '/home/wb/ros_ws/install/my_robot_simulation/share/my_robot_simulation/package.ps1'
[0.938s] INFO:colcon.colcon_core.shell:Creating package descriptor '/home/wb/ros_ws/install/my_robot_simulation/share/my_robot_simulation/package.dsv'
[0.939s] INFO:colcon.colcon_core.shell:Creating package script '/home/wb/ros_ws/install/my_robot_simulation/share/my_robot_simulation/package.sh'
[0.940s] INFO:colcon.colcon_core.shell:Creating package script '/home/wb/ros_ws/install/my_robot_simulation/share/my_robot_simulation/package.bash'
[0.941s] INFO:colcon.colcon_core.shell:Creating package script '/home/wb/ros_ws/install/my_robot_simulation/share/my_robot_simulation/package.zsh'
[0.942s] Level 1:colcon.colcon_core.environment:create_file_with_runtime_dependencies(/home/wb/ros_ws/install/my_robot_simulation/share/colcon-core/packages/my_robot_simulation)
[0.942s] Level 1:colcon.colcon_core.environment:create_environment_scripts_only(my_robot_simulation)
[0.942s] Level 1:colcon.colcon_core.environment:checking '/home/wb/ros_ws/install/my_robot_simulation' for CMake module files
[0.943s] Level 1:colcon.colcon_core.environment:checking '/home/wb/ros_ws/install/my_robot_simulation' for CMake config files
[0.943s] Level 1:colcon.colcon_core.shell:create_environment_hook('my_robot_simulation', 'cmake_prefix_path')
[0.943s] INFO:colcon.colcon_core.shell:Creating environment hook '/home/wb/ros_ws/install/my_robot_simulation/share/my_robot_simulation/hook/cmake_prefix_path.ps1'
[0.943s] INFO:colcon.colcon_core.shell:Creating environment descriptor '/home/wb/ros_ws/install/my_robot_simulation/share/my_robot_simulation/hook/cmake_prefix_path.dsv'
[0.944s] INFO:colcon.colcon_core.shell:Creating environment hook '/home/wb/ros_ws/install/my_robot_simulation/share/my_robot_simulation/hook/cmake_prefix_path.sh'
[0.944s] Level 1:colcon.colcon_core.environment:checking '/home/wb/ros_ws/install/my_robot_simulation/bin'
[0.944s] Level 1:colcon.colcon_core.environment:checking '/home/wb/ros_ws/install/my_robot_simulation/lib/pkgconfig/my_robot_simulation.pc'
[0.944s] Level 1:colcon.colcon_core.environment:checking '/home/wb/ros_ws/install/my_robot_simulation/lib/python3.10/site-packages'
[0.945s] Level 1:colcon.colcon_core.environment:checking '/home/wb/ros_ws/install/my_robot_simulation/bin'
[0.945s] INFO:colcon.colcon_core.shell:Creating package script '/home/wb/ros_ws/install/my_robot_simulation/share/my_robot_simulation/package.ps1'
[0.946s] INFO:colcon.colcon_core.shell:Creating package descriptor '/home/wb/ros_ws/install/my_robot_simulation/share/my_robot_simulation/package.dsv'
[0.946s] INFO:colcon.colcon_core.shell:Creating package script '/home/wb/ros_ws/install/my_robot_simulation/share/my_robot_simulation/package.sh'
[0.946s] INFO:colcon.colcon_core.shell:Creating package script '/home/wb/ros_ws/install/my_robot_simulation/share/my_robot_simulation/package.bash'
[0.947s] INFO:colcon.colcon_core.shell:Creating package script '/home/wb/ros_ws/install/my_robot_simulation/share/my_robot_simulation/package.zsh'
[0.947s] Level 1:colcon.colcon_core.environment:create_file_with_runtime_dependencies(/home/wb/ros_ws/install/my_robot_simulation/share/colcon-core/packages/my_robot_simulation)
[0.949s] Level 1:colcon.colcon_core.environment:create_environment_scripts_only(my_robot_description)
[0.949s] Level 1:colcon.colcon_core.environment:checking '/home/wb/ros_ws/install/my_robot_description' for CMake module files
[0.949s] DEBUG:colcon.colcon_core.event_handler.log_command:Invoked command in '/home/wb/ros_ws/build/my_robot_description' returned '0': CMAKE_PREFIX_PATH=${CMAKE_PREFIX_PATH}:/opt/ros/humble /usr/bin/cmake --install /home/wb/ros_ws/build/my_robot_description
[0.950s] Level 1:colcon.colcon_core.environment:checking '/home/wb/ros_ws/install/my_robot_description' for CMake config files
[0.950s] Level 1:colcon.colcon_core.shell:create_environment_hook('my_robot_description', 'cmake_prefix_path')
[0.950s] INFO:colcon.colcon_core.shell:Creating environment hook '/home/wb/ros_ws/install/my_robot_description/share/my_robot_description/hook/cmake_prefix_path.ps1'
[0.951s] INFO:colcon.colcon_core.shell:Creating environment descriptor '/home/wb/ros_ws/install/my_robot_description/share/my_robot_description/hook/cmake_prefix_path.dsv'
[0.951s] INFO:colcon.colcon_core.shell:Creating environment hook '/home/wb/ros_ws/install/my_robot_description/share/my_robot_description/hook/cmake_prefix_path.sh'
[0.951s] Level 1:colcon.colcon_core.environment:checking '/home/wb/ros_ws/install/my_robot_description/bin'
[0.952s] Level 1:colcon.colcon_core.environment:checking '/home/wb/ros_ws/install/my_robot_description/lib/pkgconfig/my_robot_description.pc'
[0.952s] Level 1:colcon.colcon_core.environment:checking '/home/wb/ros_ws/install/my_robot_description/lib/python3.10/site-packages'
[0.952s] Level 1:colcon.colcon_core.environment:checking '/home/wb/ros_ws/install/my_robot_description/bin'
[0.952s] INFO:colcon.colcon_core.shell:Creating package script '/home/wb/ros_ws/install/my_robot_description/share/my_robot_description/package.ps1'
[0.952s] INFO:colcon.colcon_core.shell:Creating package descriptor '/home/wb/ros_ws/install/my_robot_description/share/my_robot_description/package.dsv'
[0.953s] INFO:colcon.colcon_core.shell:Creating package script '/home/wb/ros_ws/install/my_robot_description/share/my_robot_description/package.sh'
[0.953s] INFO:colcon.colcon_core.shell:Creating package script '/home/wb/ros_ws/install/my_robot_description/share/my_robot_description/package.bash'
[0.954s] INFO:colcon.colcon_core.shell:Creating package script '/home/wb/ros_ws/install/my_robot_description/share/my_robot_description/package.zsh'
[0.954s] Level 1:colcon.colcon_core.environment:create_file_with_runtime_dependencies(/home/wb/ros_ws/install/my_robot_description/share/colcon-core/packages/my_robot_description)
[0.955s] Level 1:colcon.colcon_core.environment:create_environment_scripts_only(my_robot_description)
[0.955s] Level 1:colcon.colcon_core.environment:checking '/home/wb/ros_ws/install/my_robot_description' for CMake module files
[0.956s] Level 1:colcon.colcon_core.environment:checking '/home/wb/ros_ws/install/my_robot_description' for CMake config files
[0.956s] Level 1:colcon.colcon_core.shell:create_environment_hook('my_robot_description', 'cmake_prefix_path')
[0.956s] INFO:colcon.colcon_core.shell:Creating environment hook '/home/wb/ros_ws/install/my_robot_description/share/my_robot_description/hook/cmake_prefix_path.ps1'
[0.956s] INFO:colcon.colcon_core.shell:Creating environment descriptor '/home/wb/ros_ws/install/my_robot_description/share/my_robot_description/hook/cmake_prefix_path.dsv'
[0.957s] INFO:colcon.colcon_core.shell:Creating environment hook '/home/wb/ros_ws/install/my_robot_description/share/my_robot_description/hook/cmake_prefix_path.sh'
[0.957s] Level 1:colcon.colcon_core.environment:checking '/home/wb/ros_ws/install/my_robot_description/bin'
[0.957s] Level 1:colcon.colcon_core.environment:checking '/home/wb/ros_ws/install/my_robot_description/lib/pkgconfig/my_robot_description.pc'
[0.957s] Level 1:colcon.colcon_core.environment:checking '/home/wb/ros_ws/install/my_robot_description/lib/python3.10/site-packages'
[0.957s] Level 1:colcon.colcon_core.environment:checking '/home/wb/ros_ws/install/my_robot_description/bin'
[0.958s] INFO:colcon.colcon_core.shell:Creating package script '/home/wb/ros_ws/install/my_robot_description/share/my_robot_description/package.ps1'
[0.958s] INFO:colcon.colcon_core.shell:Creating package descriptor '/home/wb/ros_ws/install/my_robot_description/share/my_robot_description/package.dsv'
[0.958s] INFO:colcon.colcon_core.shell:Creating package script '/home/wb/ros_ws/install/my_robot_description/share/my_robot_description/package.sh'
[0.959s] INFO:colcon.colcon_core.shell:Creating package script '/home/wb/ros_ws/install/my_robot_description/share/my_robot_description/package.bash'
[0.959s] INFO:colcon.colcon_core.shell:Creating package script '/home/wb/ros_ws/install/my_robot_description/share/my_robot_description/package.zsh'
[0.960s] Level 1:colcon.colcon_core.environment:create_file_with_runtime_dependencies(/home/wb/ros_ws/install/my_robot_description/share/colcon-core/packages/my_robot_description)
[1.895s] DEBUG:colcon.colcon_core.event_handler.log_command:Invoked command in '/home/wb/ros_ws/build/simple_robot' returned '0': CMAKE_PREFIX_PATH=${CMAKE_PREFIX_PATH}:/opt/ros/humble /usr/bin/cmake /home/wb/ros_ws/src/simple_robot -DCMAKE_INSTALL_PREFIX=/home/wb/ros_ws/install/simple_robot
[1.897s] DEBUG:colcon.colcon_core.event_handler.log_command:Invoking command in '/home/wb/ros_ws/build/simple_robot': CMAKE_PREFIX_PATH=${CMAKE_PREFIX_PATH}:/opt/ros/humble /usr/bin/cmake --build /home/wb/ros_ws/build/simple_robot -- -j4 -l4
[1.935s] DEBUG:colcon.colcon_core.event_handler.log_command:Invoked command in '/home/wb/ros_ws/build/simple_robot' returned '0': CMAKE_PREFIX_PATH=${CMAKE_PREFIX_PATH}:/opt/ros/humble /usr/bin/cmake --build /home/wb/ros_ws/build/simple_robot -- -j4 -l4
[1.937s] DEBUG:colcon.colcon_core.event_handler.log_command:Invoking command in '/home/wb/ros_ws/build/simple_robot': CMAKE_PREFIX_PATH=${CMAKE_PREFIX_PATH}:/opt/ros/humble /usr/bin/cmake --install /home/wb/ros_ws/build/simple_robot
[1.958s] Level 1:colcon.colcon_core.environment:create_environment_scripts_only(simple_robot)
[1.959s] DEBUG:colcon.colcon_core.event_handler.log_command:Invoked command in '/home/wb/ros_ws/build/simple_robot' returned '0': CMAKE_PREFIX_PATH=${CMAKE_PREFIX_PATH}:/opt/ros/humble /usr/bin/cmake --install /home/wb/ros_ws/build/simple_robot
[1.959s] Level 1:colcon.colcon_core.environment:checking '/home/wb/ros_ws/install/simple_robot' for CMake module files
[1.959s] Level 1:colcon.colcon_core.environment:checking '/home/wb/ros_ws/install/simple_robot' for CMake config files
[1.960s] Level 1:colcon.colcon_core.shell:create_environment_hook('simple_robot', 'cmake_prefix_path')
[1.960s] INFO:colcon.colcon_core.shell:Creating environment hook '/home/wb/ros_ws/install/simple_robot/share/simple_robot/hook/cmake_prefix_path.ps1'
[1.960s] INFO:colcon.colcon_core.shell:Creating environment descriptor '/home/wb/ros_ws/install/simple_robot/share/simple_robot/hook/cmake_prefix_path.dsv'
[1.961s] INFO:colcon.colcon_core.shell:Creating environment hook '/home/wb/ros_ws/install/simple_robot/share/simple_robot/hook/cmake_prefix_path.sh'
[1.961s] Level 1:colcon.colcon_core.environment:checking '/home/wb/ros_ws/install/simple_robot/bin'
[1.961s] Level 1:colcon.colcon_core.environment:checking '/home/wb/ros_ws/install/simple_robot/lib/pkgconfig/simple_robot.pc'
[1.961s] Level 1:colcon.colcon_core.environment:checking '/home/wb/ros_ws/install/simple_robot/lib/python3.10/site-packages'
[1.961s] Level 1:colcon.colcon_core.environment:checking '/home/wb/ros_ws/install/simple_robot/bin'
[1.962s] INFO:colcon.colcon_core.shell:Creating package script '/home/wb/ros_ws/install/simple_robot/share/simple_robot/package.ps1'
[1.962s] INFO:colcon.colcon_core.shell:Creating package descriptor '/home/wb/ros_ws/install/simple_robot/share/simple_robot/package.dsv'
[1.962s] INFO:colcon.colcon_core.shell:Creating package script '/home/wb/ros_ws/install/simple_robot/share/simple_robot/package.sh'
[1.963s] INFO:colcon.colcon_core.shell:Creating package script '/home/wb/ros_ws/install/simple_robot/share/simple_robot/package.bash'
[1.963s] INFO:colcon.colcon_core.shell:Creating package script '/home/wb/ros_ws/install/simple_robot/share/simple_robot/package.zsh'
[1.963s] Level 1:colcon.colcon_core.environment:create_file_with_runtime_dependencies(/home/wb/ros_ws/install/simple_robot/share/colcon-core/packages/simple_robot)
[1.964s] Level 1:colcon.colcon_core.environment:create_environment_scripts_only(simple_robot)
[1.964s] Level 1:colcon.colcon_core.environment:checking '/home/wb/ros_ws/install/simple_robot' for CMake module files
[1.964s] Level 1:colcon.colcon_core.environment:checking '/home/wb/ros_ws/install/simple_robot' for CMake config files
[1.965s] Level 1:colcon.colcon_core.shell:create_environment_hook('simple_robot', 'cmake_prefix_path')
[1.965s] INFO:colcon.colcon_core.shell:Creating environment hook '/home/wb/ros_ws/install/simple_robot/share/simple_robot/hook/cmake_prefix_path.ps1'
[1.965s] INFO:colcon.colcon_core.shell:Creating environment descriptor '/home/wb/ros_ws/install/simple_robot/share/simple_robot/hook/cmake_prefix_path.dsv'
[1.965s] INFO:colcon.colcon_core.shell:Creating environment hook '/home/wb/ros_ws/install/simple_robot/share/simple_robot/hook/cmake_prefix_path.sh'
[1.966s] Level 1:colcon.colcon_core.environment:checking '/home/wb/ros_ws/install/simple_robot/bin'
[1.966s] Level 1:colcon.colcon_core.environment:checking '/home/wb/ros_ws/install/simple_robot/lib/pkgconfig/simple_robot.pc'
[1.966s] Level 1:colcon.colcon_core.environment:checking '/home/wb/ros_ws/install/simple_robot/lib/python3.10/site-packages'
[1.966s] Level 1:colcon.colcon_core.environment:checking '/home/wb/ros_ws/install/simple_robot/bin'
[1.966s] INFO:colcon.colcon_core.shell:Creating package script '/home/wb/ros_ws/install/simple_robot/share/simple_robot/package.ps1'
[1.967s] INFO:colcon.colcon_core.shell:Creating package descriptor '/home/wb/ros_ws/install/simple_robot/share/simple_robot/package.dsv'
[1.967s] INFO:colcon.colcon_core.shell:Creating package script '/home/wb/ros_ws/install/simple_robot/share/simple_robot/package.sh'
[1.967s] INFO:colcon.colcon_core.shell:Creating package script '/home/wb/ros_ws/install/simple_robot/share/simple_robot/package.bash'
[1.968s] INFO:colcon.colcon_core.shell:Creating package script '/home/wb/ros_ws/install/simple_robot/share/simple_robot/package.zsh'
[1.968s] Level 1:colcon.colcon_core.environment:create_file_with_runtime_dependencies(/home/wb/ros_ws/install/simple_robot/share/colcon-core/packages/simple_robot)
[1.968s] DEBUG:colcon.colcon_parallel_executor.executor.parallel:closing loop
[1.969s] DEBUG:colcon.colcon_parallel_executor.executor.parallel:loop closed
[1.969s] DEBUG:colcon.colcon_parallel_executor.executor.parallel:run_until_complete finished with '0'
[1.969s] DEBUG:colcon.colcon_core.event_reactor:joining thread
[1.975s] INFO:colcon.colcon_core.plugin_system:Skipping extension 'colcon_notification.desktop_notification.terminal_notifier': Not used on non-Darwin systems
[1.975s] INFO:colcon.colcon_core.plugin_system:Skipping extension 'colcon_notification.desktop_notification.win32': Not used on non-Windows systems
[1.975s] INFO:colcon.colcon_notification.desktop_notification:Sending desktop notification using 'notify2'
[1.993s] DEBUG:colcon.colcon_core.event_reactor:joined thread
[1.994s] INFO:colcon.colcon_core.shell:Creating prefix script '/home/wb/ros_ws/install/local_setup.ps1'
[1.995s] INFO:colcon.colcon_core.shell:Creating prefix util module '/home/wb/ros_ws/install/_local_setup_util_ps1.py'
[1.996s] INFO:colcon.colcon_core.shell:Creating prefix chain script '/home/wb/ros_ws/install/setup.ps1'
[1.997s] INFO:colcon.colcon_core.shell:Creating prefix script '/home/wb/ros_ws/install/local_setup.sh'
[2.001s] INFO:colcon.colcon_core.shell:Creating prefix util module '/home/wb/ros_ws/install/_local_setup_util_sh.py'
[2.002s] INFO:colcon.colcon_core.shell:Creating prefix chain script '/home/wb/ros_ws/install/setup.sh'
[2.006s] INFO:colcon.colcon_core.shell:Creating prefix script '/home/wb/ros_ws/install/local_setup.bash'
[2.007s] INFO:colcon.colcon_core.shell:Creating prefix chain script '/home/wb/ros_ws/install/setup.bash'
[2.008s] INFO:colcon.colcon_core.shell:Creating prefix script '/home/wb/ros_ws/install/local_setup.zsh'
[2.012s] INFO:colcon.colcon_core.shell:Creating prefix chain script '/home/wb/ros_ws/install/setup.zsh'
