-- The C compiler identification is GNU 11.4.0
-- The CXX compiler identification is GNU 11.4.0
-- Detecting C compiler ABI info
-- Detecting C compiler ABI info - done
-- Check for working C compiler: /usr/bin/cc - skipped
-- Detecting C compile features
-- Detecting C compile features - done
-- Detecting CXX compiler ABI info
-- Detecting CXX compiler ABI info - done
-- Check for working CXX compiler: /usr/bin/c++ - skipped
-- Detecting CXX compile features
-- Detecting CXX compile features - done
-- Found ament_cmake: 1.3.11 (/opt/ros/humble/share/ament_cmake/cmake)
-- Found Python3: /usr/bin/python3 (found version "3.10.12") found components: Interpreter 
-- Found rclcpp: 16.0.12 (/opt/ros/humble/share/rclcpp/cmake)
-- Found rosidl_generator_c: 3.1.6 (/opt/ros/humble/share/rosidl_generator_c/cmake)
-- Found rosidl_adapter: 3.1.6 (/opt/ros/humble/share/rosidl_adapter/cmake)
-- Found rosidl_generator_cpp: 3.1.6 (/opt/ros/humble/share/rosidl_generator_cpp/cmake)
-- Using all available rosidl_typesupport_c: rosidl_typesupport_fastrtps_c;rosidl_typesupport_introspection_c
-- Using all available rosidl_typesupport_cpp: rosidl_typesupport_fastrtps_cpp;rosidl_typesupport_introspection_cpp
-- Found rmw_implementation_cmake: 6.1.2 (/opt/ros/humble/share/rmw_implementation_cmake/cmake)
-- Found rmw_fastrtps_cpp: 6.2.7 (/opt/ros/humble/share/rmw_fastrtps_cpp/cmake)
-- Found OpenSSL: /usr/lib/x86_64-linux-gnu/libcrypto.so (found version "3.0.2")  
-- Found FastRTPS: /opt/ros/humble/include  
-- Using RMW implementation 'rmw_fastrtps_cpp' as default
-- Looking for pthread.h
-- Looking for pthread.h - found
-- Performing Test CMAKE_HAVE_LIBC_PTHREAD
-- Performing Test CMAKE_HAVE_LIBC_PTHREAD - Success
-- Found Threads: TRUE  
-- Found rclpy: 3.3.16 (/opt/ros/humble/share/rclpy/cmake)
-- Found ament_lint_auto: 0.12.12 (/opt/ros/humble/share/ament_lint_auto/cmake)
-- Added test 'flake8' to check Python code syntax and style conventions
-- Added test 'lint_cmake' to check CMake code style
-- Added test 'pep257' to check Python code against some of the docstring style conventions in PEP 257
-- Added test 'xmllint' to check XML markup files
-- Configuring done
-- Generating done
-- Build files have been written to: /home/wb/ros_ws/build/my_robot_navigation
-- Install configuration: ""
-- Installing: /home/wb/ros_ws/install/my_robot_navigation/share/my_robot_navigation/launch
-- Installing: /home/wb/ros_ws/install/my_robot_navigation/share/my_robot_navigation/launch/slam_navigation.launch.py
-- Installing: /home/wb/ros_ws/install/my_robot_navigation/share/my_robot_navigation/launch/navigation.launch.py
-- Installing: /home/wb/ros_ws/install/my_robot_navigation/share/my_robot_navigation/launch/slam.launch.py
-- Installing: /home/wb/ros_ws/install/my_robot_navigation/share/my_robot_navigation/config
-- Installing: /home/wb/ros_ws/install/my_robot_navigation/share/my_robot_navigation/config/slam_toolbox_config.yaml
-- Installing: /home/wb/ros_ws/install/my_robot_navigation/share/my_robot_navigation/config/nav2_params.yaml
-- Installing: /home/wb/ros_ws/install/my_robot_navigation/share/my_robot_navigation/maps
-- Installing: /home/wb/ros_ws/install/my_robot_navigation/share/my_robot_navigation/maps/my_robot_map.yaml
-- Installing: /home/wb/ros_ws/install/my_robot_navigation/share/my_robot_navigation/scripts
-- Installing: /home/wb/ros_ws/install/my_robot_navigation/share/my_robot_navigation/scripts/save_map.py
-- Installing: /home/wb/ros_ws/install/my_robot_navigation/share/my_robot_navigation/scripts/map_manager.py
-- Installing: /home/wb/ros_ws/install/my_robot_navigation/share/ament_index/resource_index/package_run_dependencies/my_robot_navigation
-- Installing: /home/wb/ros_ws/install/my_robot_navigation/share/ament_index/resource_index/parent_prefix_path/my_robot_navigation
-- Installing: /home/wb/ros_ws/install/my_robot_navigation/share/my_robot_navigation/environment/ament_prefix_path.sh
-- Installing: /home/wb/ros_ws/install/my_robot_navigation/share/my_robot_navigation/environment/ament_prefix_path.dsv
-- Installing: /home/wb/ros_ws/install/my_robot_navigation/share/my_robot_navigation/environment/path.sh
-- Installing: /home/wb/ros_ws/install/my_robot_navigation/share/my_robot_navigation/environment/path.dsv
-- Installing: /home/wb/ros_ws/install/my_robot_navigation/share/my_robot_navigation/local_setup.bash
-- Installing: /home/wb/ros_ws/install/my_robot_navigation/share/my_robot_navigation/local_setup.sh
-- Installing: /home/wb/ros_ws/install/my_robot_navigation/share/my_robot_navigation/local_setup.zsh
-- Installing: /home/wb/ros_ws/install/my_robot_navigation/share/my_robot_navigation/local_setup.dsv
-- Installing: /home/wb/ros_ws/install/my_robot_navigation/share/my_robot_navigation/package.dsv
-- Installing: /home/wb/ros_ws/install/my_robot_navigation/share/ament_index/resource_index/packages/my_robot_navigation
-- Installing: /home/wb/ros_ws/install/my_robot_navigation/share/my_robot_navigation/cmake/my_robot_navigationConfig.cmake
-- Installing: /home/wb/ros_ws/install/my_robot_navigation/share/my_robot_navigation/cmake/my_robot_navigationConfig-version.cmake
-- Installing: /home/wb/ros_ws/install/my_robot_navigation/share/my_robot_navigation/package.xml
