[0.017s] Invoking command in '/home/wb/ros_ws/build/my_robot_description': CMAKE_PREFIX_PATH=${CMAKE_PREFIX_PATH}:/home/wb/ros_ws/install/nav2_simple_commander:/opt/ros/humble /usr/bin/cmake /home/wb/ros_ws/src/my_robot_description -DAMENT_CMAKE_SYMLINK_INSTALL=1 -DCMAKE_INSTALL_PREFIX=/home/wb/ros_ws/install/my_robot_description
[0.132s] -- The C compiler identification is GNU 11.4.0
[0.233s] -- The CXX compiler identification is GNU 11.4.0
[0.242s] -- Detecting C compiler ABI info
[0.314s] -- Detecting C compiler ABI info - done
[0.317s] -- Check for working C compiler: /usr/bin/cc - skipped
[0.318s] -- Detecting C compile features
[0.318s] -- Detecting C compile features - done
[0.322s] -- Detecting CXX compiler ABI info
[0.404s] -- Detecting CXX compiler ABI info - done
[0.407s] -- Check for working CXX compiler: /usr/bin/c++ - skipped
[0.407s] -- Detecting CXX compile features
[0.408s] -- Detecting CXX compile features - done
[0.409s] -- Found ament_cmake: 1.3.11 (/opt/ros/humble/share/ament_cmake/cmake)
[0.521s] -- Found Python3: /usr/bin/python3 (found version "3.10.12") found components: Interpreter 
[0.573s] -- Override CMake install command with custom implementation using symlinks instead of copying resources
[0.599s] -- Found ament_lint_auto: 0.12.12 (/opt/ros/humble/share/ament_lint_auto/cmake)
[0.660s] -- Added test 'flake8' to check Python code syntax and style conventions
[0.660s] -- Added test 'lint_cmake' to check CMake code style
[0.661s] -- Added test 'pep257' to check Python code against some of the docstring style conventions in PEP 257
[0.661s] -- Added test 'xmllint' to check XML markup files
[0.664s] -- Configuring done
[0.666s] -- Generating done
[0.667s] -- Build files have been written to: /home/wb/ros_ws/build/my_robot_description
[0.672s] Invoked command in '/home/wb/ros_ws/build/my_robot_description' returned '0': CMAKE_PREFIX_PATH=${CMAKE_PREFIX_PATH}:/home/wb/ros_ws/install/nav2_simple_commander:/opt/ros/humble /usr/bin/cmake /home/wb/ros_ws/src/my_robot_description -DAMENT_CMAKE_SYMLINK_INSTALL=1 -DCMAKE_INSTALL_PREFIX=/home/wb/ros_ws/install/my_robot_description
[0.673s] Invoking command in '/home/wb/ros_ws/build/my_robot_description': CMAKE_PREFIX_PATH=${CMAKE_PREFIX_PATH}:/home/wb/ros_ws/install/nav2_simple_commander:/opt/ros/humble /usr/bin/cmake --build /home/wb/ros_ws/build/my_robot_description -- -j4 -l4
[0.705s] Invoked command in '/home/wb/ros_ws/build/my_robot_description' returned '0': CMAKE_PREFIX_PATH=${CMAKE_PREFIX_PATH}:/home/wb/ros_ws/install/nav2_simple_commander:/opt/ros/humble /usr/bin/cmake --build /home/wb/ros_ws/build/my_robot_description -- -j4 -l4
[0.706s] Invoking command in '/home/wb/ros_ws/build/my_robot_description': CMAKE_PREFIX_PATH=${CMAKE_PREFIX_PATH}:/home/wb/ros_ws/install/nav2_simple_commander:/opt/ros/humble /usr/bin/cmake --install /home/wb/ros_ws/build/my_robot_description
[0.714s] -- Install configuration: ""
[0.715s] -- Execute custom install script
[0.715s] -- Symlinking: /home/wb/ros_ws/install/my_robot_description/share/my_robot_description/urdf/model.config
[0.721s] -- Symlinking: /home/wb/ros_ws/install/my_robot_description/share/my_robot_description/urdf/model.urdf
[0.728s] -- Symlinking: /home/wb/ros_ws/install/my_robot_description/share/my_robot_description/urdf/my_robot.urdf.xacro
[0.736s] -- Symlinking: /home/wb/ros_ws/install/my_robot_description/share/my_robot_description/worlds/my_robot_world.world
[0.742s] -- Symlinking: /home/wb/ros_ws/install/my_robot_description/share/my_robot_description/launch/my_robot_sim.launch.py
[0.749s] -- Symlinking: /home/wb/ros_ws/install/my_robot_description/share/my_robot_description/config/robot_params.yaml
[0.756s] -- Symlinking: /home/wb/ros_ws/install/my_robot_description/share/my_robot_description/rviz/full_navigation.rviz
[0.765s] -- Symlinking: /home/wb/ros_ws/install/my_robot_description/share/my_robot_description/rviz/navigation_view.rviz
[0.770s] -- Symlinking: /home/wb/ros_ws/install/my_robot_description/share/my_robot_description/rviz/robot_view.rviz
[0.777s] -- Symlinking: /home/wb/ros_ws/install/my_robot_description/share/my_robot_description/rviz/slam_view.rviz
[0.784s] -- Symlinking: /home/wb/ros_ws/install/my_robot_description/share/my_robot_description/model.urdf
[0.792s] -- Symlinking: /home/wb/ros_ws/install/my_robot_description/share/my_robot_description/model.config
[0.801s] -- Symlinking: /home/wb/ros_ws/install/my_robot_description/share/ament_index/resource_index/package_run_dependencies/my_robot_description
[0.805s] -- Symlinking: /home/wb/ros_ws/install/my_robot_description/share/ament_index/resource_index/parent_prefix_path/my_robot_description
[0.812s] -- Symlinking: /home/wb/ros_ws/install/my_robot_description/share/my_robot_description/environment/ament_prefix_path.sh
[0.819s] -- Symlinking: /home/wb/ros_ws/install/my_robot_description/share/my_robot_description/environment/ament_prefix_path.dsv
[0.826s] -- Symlinking: /home/wb/ros_ws/install/my_robot_description/share/my_robot_description/environment/path.sh
[0.834s] -- Symlinking: /home/wb/ros_ws/install/my_robot_description/share/my_robot_description/environment/path.dsv
[0.841s] -- Symlinking: /home/wb/ros_ws/install/my_robot_description/share/my_robot_description/local_setup.bash
[0.848s] -- Symlinking: /home/wb/ros_ws/install/my_robot_description/share/my_robot_description/local_setup.sh
[0.856s] -- Symlinking: /home/wb/ros_ws/install/my_robot_description/share/my_robot_description/local_setup.zsh
[0.865s] -- Symlinking: /home/wb/ros_ws/install/my_robot_description/share/my_robot_description/local_setup.dsv
[0.872s] -- Symlinking: /home/wb/ros_ws/install/my_robot_description/share/my_robot_description/package.dsv
[0.880s] -- Symlinking: /home/wb/ros_ws/install/my_robot_description/share/ament_index/resource_index/packages/my_robot_description
[0.886s] -- Symlinking: /home/wb/ros_ws/install/my_robot_description/share/my_robot_description/cmake/my_robot_descriptionConfig.cmake
[0.893s] -- Symlinking: /home/wb/ros_ws/install/my_robot_description/share/my_robot_description/cmake/my_robot_descriptionConfig-version.cmake
[0.902s] -- Symlinking: /home/wb/ros_ws/install/my_robot_description/share/my_robot_description/package.xml
[0.911s] Invoked command in '/home/wb/ros_ws/build/my_robot_description' returned '0': CMAKE_PREFIX_PATH=${CMAKE_PREFIX_PATH}:/home/wb/ros_ws/install/nav2_simple_commander:/opt/ros/humble /usr/bin/cmake --install /home/wb/ros_ws/build/my_robot_description
