[0.431s] Invoking command in '/home/wb/ros_ws/src/orb_slam3_ai': PYTHONPATH=/home/wb/ros_ws/build/orb_slam3_ai/prefix_override:/usr/lib/python3/dist-packages/colcon_core/task/python/colcon_distutils_commands:/home/wb/ros_ws/install/orb_slam3_ai/lib/python3.10/site-packages:${PYTHONPATH} /usr/bin/python3 -W ignore:setup.py install is deprecated -W ignore:easy_install command is deprecated setup.py egg_info --egg-base ../../build/orb_slam3_ai build --build-base /home/wb/ros_ws/build/orb_slam3_ai/build install --record /home/wb/ros_ws/build/orb_slam3_ai/install.log --single-version-externally-managed install_data
[0.593s] running egg_info
[0.593s] creating ../../build/orb_slam3_ai/orb_slam3_ai.egg-info
[0.593s] writing ../../build/orb_slam3_ai/orb_slam3_ai.egg-info/PKG-INFO
[0.593s] writing dependency_links to ../../build/orb_slam3_ai/orb_slam3_ai.egg-info/dependency_links.txt
[0.593s] writing entry points to ../../build/orb_slam3_ai/orb_slam3_ai.egg-info/entry_points.txt
[0.593s] writing requirements to ../../build/orb_slam3_ai/orb_slam3_ai.egg-info/requires.txt
[0.593s] writing top-level names to ../../build/orb_slam3_ai/orb_slam3_ai.egg-info/top_level.txt
[0.594s] writing manifest file '../../build/orb_slam3_ai/orb_slam3_ai.egg-info/SOURCES.txt'
[0.595s] reading manifest file '../../build/orb_slam3_ai/orb_slam3_ai.egg-info/SOURCES.txt'
[0.595s] writing manifest file '../../build/orb_slam3_ai/orb_slam3_ai.egg-info/SOURCES.txt'
[0.595s] running build
[0.595s] running build_py
[0.595s] creating /home/wb/ros_ws/build/orb_slam3_ai/build
[0.595s] creating /home/wb/ros_ws/build/orb_slam3_ai/build/lib
[0.595s] creating /home/wb/ros_ws/build/orb_slam3_ai/build/lib/orb_slam3_ai
[0.595s] copying orb_slam3_ai/orb_slam3_ai_node.py -> /home/wb/ros_ws/build/orb_slam3_ai/build/lib/orb_slam3_ai
[0.596s] copying orb_slam3_ai/slam_ai_optimizer.py -> /home/wb/ros_ws/build/orb_slam3_ai/build/lib/orb_slam3_ai
[0.596s] copying orb_slam3_ai/__init__.py -> /home/wb/ros_ws/build/orb_slam3_ai/build/lib/orb_slam3_ai
[0.596s] running install
[0.596s] running install_lib
[0.597s] creating /home/wb/ros_ws/install/orb_slam3_ai/lib/python3.10/site-packages/orb_slam3_ai
[0.597s] copying /home/wb/ros_ws/build/orb_slam3_ai/build/lib/orb_slam3_ai/orb_slam3_ai_node.py -> /home/wb/ros_ws/install/orb_slam3_ai/lib/python3.10/site-packages/orb_slam3_ai
[0.597s] copying /home/wb/ros_ws/build/orb_slam3_ai/build/lib/orb_slam3_ai/slam_ai_optimizer.py -> /home/wb/ros_ws/install/orb_slam3_ai/lib/python3.10/site-packages/orb_slam3_ai
[0.597s] copying /home/wb/ros_ws/build/orb_slam3_ai/build/lib/orb_slam3_ai/__init__.py -> /home/wb/ros_ws/install/orb_slam3_ai/lib/python3.10/site-packages/orb_slam3_ai
[0.597s] byte-compiling /home/wb/ros_ws/install/orb_slam3_ai/lib/python3.10/site-packages/orb_slam3_ai/orb_slam3_ai_node.py to orb_slam3_ai_node.cpython-310.pyc
[0.599s] byte-compiling /home/wb/ros_ws/install/orb_slam3_ai/lib/python3.10/site-packages/orb_slam3_ai/slam_ai_optimizer.py to slam_ai_optimizer.cpython-310.pyc
[0.600s] byte-compiling /home/wb/ros_ws/install/orb_slam3_ai/lib/python3.10/site-packages/orb_slam3_ai/__init__.py to __init__.cpython-310.pyc
[0.600s] running install_data
[0.600s] creating /home/wb/ros_ws/install/orb_slam3_ai/share/ament_index
[0.600s] creating /home/wb/ros_ws/install/orb_slam3_ai/share/ament_index/resource_index
[0.601s] creating /home/wb/ros_ws/install/orb_slam3_ai/share/ament_index/resource_index/packages
[0.601s] copying resource/orb_slam3_ai -> /home/wb/ros_ws/install/orb_slam3_ai/share/ament_index/resource_index/packages
[0.601s] copying package.xml -> /home/wb/ros_ws/install/orb_slam3_ai/share/orb_slam3_ai
[0.601s] creating /home/wb/ros_ws/install/orb_slam3_ai/share/orb_slam3_ai/launch
[0.601s] copying launch/orb_slam3_ai.launch.py -> /home/wb/ros_ws/install/orb_slam3_ai/share/orb_slam3_ai/launch
[0.601s] creating /home/wb/ros_ws/install/orb_slam3_ai/share/orb_slam3_ai/config
[0.601s] copying config/orb_slam3_params.yaml -> /home/wb/ros_ws/install/orb_slam3_ai/share/orb_slam3_ai/config
[0.601s] creating /home/wb/ros_ws/install/orb_slam3_ai/share/orb_slam3_ai/rviz
[0.601s] copying rviz/orb_slam3_ai.rviz -> /home/wb/ros_ws/install/orb_slam3_ai/share/orb_slam3_ai/rviz
[0.601s] running install_egg_info
[0.602s] Copying ../../build/orb_slam3_ai/orb_slam3_ai.egg-info to /home/wb/ros_ws/install/orb_slam3_ai/lib/python3.10/site-packages/orb_slam3_ai-1.0.0-py3.10.egg-info
[0.603s] running install_scripts
[0.615s] Installing orb_slam3_ai_node script to /home/wb/ros_ws/install/orb_slam3_ai/lib/orb_slam3_ai
[0.615s] writing list of installed files to '/home/wb/ros_ws/build/orb_slam3_ai/install.log'
[0.628s] Invoked command in '/home/wb/ros_ws/src/orb_slam3_ai' returned '0': PYTHONPATH=/home/wb/ros_ws/build/orb_slam3_ai/prefix_override:/usr/lib/python3/dist-packages/colcon_core/task/python/colcon_distutils_commands:/home/wb/ros_ws/install/orb_slam3_ai/lib/python3.10/site-packages:${PYTHONPATH} /usr/bin/python3 -W ignore:setup.py install is deprecated -W ignore:easy_install command is deprecated setup.py egg_info --egg-base ../../build/orb_slam3_ai build --build-base /home/wb/ros_ws/build/orb_slam3_ai/build install --record /home/wb/ros_ws/build/orb_slam3_ai/install.log --single-version-externally-managed install_data
