running develop
running egg_info
creating orb_slam3_ai.egg-info
writing orb_slam3_ai.egg-info/PKG-INFO
writing dependency_links to orb_slam3_ai.egg-info/dependency_links.txt
writing entry points to orb_slam3_ai.egg-info/entry_points.txt
writing requirements to orb_slam3_ai.egg-info/requires.txt
writing top-level names to orb_slam3_ai.egg-info/top_level.txt
writing manifest file 'orb_slam3_ai.egg-info/SOURCES.txt'
reading manifest file 'orb_slam3_ai.egg-info/SOURCES.txt'
writing manifest file 'orb_slam3_ai.egg-info/SOURCES.txt'
running build_ext
Creating /home/wb/ros_ws/src/install/orb_slam3_ai/lib/python3.10/site-packages/orb-slam3-ai.egg-link (link to .)
Installing orb_slam3_ai_node script to /home/wb/ros_ws/src/install/orb_slam3_ai/lib/orb_slam3_ai

Installed /home/wb/ros_ws/src/build/orb_slam3_ai
running symlink_data
creating /home/wb/ros_ws/src/install/orb_slam3_ai/share/ament_index
creating /home/wb/ros_ws/src/install/orb_slam3_ai/share/ament_index/resource_index
creating /home/wb/ros_ws/src/install/orb_slam3_ai/share/ament_index/resource_index/packages
symbolically linking /home/wb/ros_ws/src/build/orb_slam3_ai/resource/orb_slam3_ai -> /home/wb/ros_ws/src/install/orb_slam3_ai/share/ament_index/resource_index/packages
symbolically linking /home/wb/ros_ws/src/build/orb_slam3_ai/package.xml -> /home/wb/ros_ws/src/install/orb_slam3_ai/share/orb_slam3_ai
creating /home/wb/ros_ws/src/install/orb_slam3_ai/share/orb_slam3_ai/launch
symbolically linking /home/wb/ros_ws/src/build/orb_slam3_ai/launch/orb_slam3_ai.launch.py -> /home/wb/ros_ws/src/install/orb_slam3_ai/share/orb_slam3_ai/launch
creating /home/wb/ros_ws/src/install/orb_slam3_ai/share/orb_slam3_ai/config
symbolically linking /home/wb/ros_ws/src/build/orb_slam3_ai/config/orb_slam3_params.yaml -> /home/wb/ros_ws/src/install/orb_slam3_ai/share/orb_slam3_ai/config
creating /home/wb/ros_ws/src/install/orb_slam3_ai/share/orb_slam3_ai/rviz
symbolically linking /home/wb/ros_ws/src/build/orb_slam3_ai/rviz/orb_slam3_ai.rviz -> /home/wb/ros_ws/src/install/orb_slam3_ai/share/orb_slam3_ai/rviz
