[0.510s] Invoking command in '/home/wb/ros_ws/src/build/orb_slam3_ai': PYTHONPATH=/home/wb/ros_ws/src/build/orb_slam3_ai/prefix_override:/usr/lib/python3/dist-packages/colcon_core/task/python/colcon_distutils_commands:/home/wb/ros_ws/src/install/orb_slam3_ai/lib/python3.10/site-packages:${PYTHONPATH} /usr/bin/python3 -W ignore:setup.py install is deprecated -W ignore:easy_install command is deprecated setup.py develop --editable --build-directory /home/wb/ros_ws/src/build/orb_slam3_ai/build --no-deps symlink_data
[0.721s] running develop
[0.831s] running egg_info
[0.831s] creating orb_slam3_ai.egg-info
[0.831s] writing orb_slam3_ai.egg-info/PKG-INFO
[0.832s] writing dependency_links to orb_slam3_ai.egg-info/dependency_links.txt
[0.832s] writing entry points to orb_slam3_ai.egg-info/entry_points.txt
[0.832s] writing requirements to orb_slam3_ai.egg-info/requires.txt
[0.832s] writing top-level names to orb_slam3_ai.egg-info/top_level.txt
[0.832s] writing manifest file 'orb_slam3_ai.egg-info/SOURCES.txt'
[0.833s] reading manifest file 'orb_slam3_ai.egg-info/SOURCES.txt'
[0.834s] writing manifest file 'orb_slam3_ai.egg-info/SOURCES.txt'
[0.835s] running build_ext
[0.835s] Creating /home/wb/ros_ws/src/install/orb_slam3_ai/lib/python3.10/site-packages/orb-slam3-ai.egg-link (link to .)
[0.836s] Installing orb_slam3_ai_node script to /home/wb/ros_ws/src/install/orb_slam3_ai/lib/orb_slam3_ai
[0.836s] 
[0.836s] Installed /home/wb/ros_ws/src/build/orb_slam3_ai
[0.836s] running symlink_data
[0.836s] creating /home/wb/ros_ws/src/install/orb_slam3_ai/share/ament_index
[0.836s] creating /home/wb/ros_ws/src/install/orb_slam3_ai/share/ament_index/resource_index
[0.836s] creating /home/wb/ros_ws/src/install/orb_slam3_ai/share/ament_index/resource_index/packages
[0.836s] symbolically linking /home/wb/ros_ws/src/build/orb_slam3_ai/resource/orb_slam3_ai -> /home/wb/ros_ws/src/install/orb_slam3_ai/share/ament_index/resource_index/packages
[0.836s] symbolically linking /home/wb/ros_ws/src/build/orb_slam3_ai/package.xml -> /home/wb/ros_ws/src/install/orb_slam3_ai/share/orb_slam3_ai
[0.836s] creating /home/wb/ros_ws/src/install/orb_slam3_ai/share/orb_slam3_ai/launch
[0.836s] symbolically linking /home/wb/ros_ws/src/build/orb_slam3_ai/launch/orb_slam3_ai.launch.py -> /home/wb/ros_ws/src/install/orb_slam3_ai/share/orb_slam3_ai/launch
[0.836s] creating /home/wb/ros_ws/src/install/orb_slam3_ai/share/orb_slam3_ai/config
[0.837s] symbolically linking /home/wb/ros_ws/src/build/orb_slam3_ai/config/orb_slam3_params.yaml -> /home/wb/ros_ws/src/install/orb_slam3_ai/share/orb_slam3_ai/config
[0.837s] creating /home/wb/ros_ws/src/install/orb_slam3_ai/share/orb_slam3_ai/rviz
[0.837s] symbolically linking /home/wb/ros_ws/src/build/orb_slam3_ai/rviz/orb_slam3_ai.rviz -> /home/wb/ros_ws/src/install/orb_slam3_ai/share/orb_slam3_ai/rviz
[0.851s] Invoked command in '/home/wb/ros_ws/src/build/orb_slam3_ai' returned '0': PYTHONPATH=/home/wb/ros_ws/src/build/orb_slam3_ai/prefix_override:/usr/lib/python3/dist-packages/colcon_core/task/python/colcon_distutils_commands:/home/wb/ros_ws/src/install/orb_slam3_ai/lib/python3.10/site-packages:${PYTHONPATH} /usr/bin/python3 -W ignore:setup.py install is deprecated -W ignore:easy_install command is deprecated setup.py develop --editable --build-directory /home/wb/ros_ws/src/build/orb_slam3_ai/build --no-deps symlink_data
