[0.009s] Invoking command in '/home/wb/ros_ws/build/nav2_voxel_grid': AMENT_PREFIX_PATH=/home/wb/ros_ws/install/nav2_common:${AMENT_PREFIX_PATH} CMAKE_PREFIX_PATH=/home/wb/ros_ws/install/nav2_common:/home/wb/ros_ws/install/simple_robot:/home/wb/ros_ws/install/my_robot_navigation:/home/wb/ros_ws/install/my_robot_simulation:/home/wb/ros_ws/install/my_robot_description:/opt/ros/humble PYTHONPATH=/home/wb/ros_ws/install/nav2_common/local/lib/python3.10/dist-packages:${PYTHONPATH} /usr/bin/cmake /home/wb/ros_ws/src/navigation2/nav2_voxel_grid -DCMAKE_INSTALL_PREFIX=/home/wb/ros_ws/install/nav2_voxel_grid
[0.055s] -- The C compiler identification is GNU 11.4.0
[0.098s] -- The CXX compiler identification is GNU 11.4.0
[0.103s] -- Detecting C compiler ABI info
[0.157s] -- Detecting C compiler ABI info - done
[0.161s] -- Check for working C compiler: /usr/bin/cc - skipped
[0.161s] -- Detecting C compile features
[0.162s] -- Detecting C compile features - done
[0.164s] -- Detecting CXX compiler ABI info
[0.230s] -- Detecting CXX compiler ABI info - done
[0.233s] -- Check for working CXX compiler: /usr/bin/c++ - skipped
[0.234s] -- Detecting CXX compile features
[0.234s] -- Detecting CXX compile features - done
[0.236s] -- Found ament_cmake: 1.3.11 (/opt/ros/humble/share/ament_cmake/cmake)
[0.341s] -- Found Python3: /usr/bin/python3 (found version "3.10.12") found components: Interpreter 
[0.405s] -- Found nav2_common: 1.1.18 (/home/wb/ros_ws/install/nav2_common/share/nav2_common/cmake)
[0.411s] -- Found rclcpp: 16.0.12 (/opt/ros/humble/share/rclcpp/cmake)
[0.452s] -- Found rosidl_generator_c: 3.1.6 (/opt/ros/humble/share/rosidl_generator_c/cmake)
[0.458s] -- Found rosidl_adapter: 3.1.6 (/opt/ros/humble/share/rosidl_adapter/cmake)
[0.462s] -- Found rosidl_generator_cpp: 3.1.6 (/opt/ros/humble/share/rosidl_generator_cpp/cmake)
[0.473s] -- Using all available rosidl_typesupport_c: rosidl_typesupport_fastrtps_c;rosidl_typesupport_introspection_c
[0.484s] -- Using all available rosidl_typesupport_cpp: rosidl_typesupport_fastrtps_cpp;rosidl_typesupport_introspection_cpp
[0.536s] -- Found rmw_implementation_cmake: 6.1.2 (/opt/ros/humble/share/rmw_implementation_cmake/cmake)
[0.540s] -- Found rmw_fastrtps_cpp: 6.2.7 (/opt/ros/humble/share/rmw_fastrtps_cpp/cmake)
[0.636s] -- Found OpenSSL: /usr/lib/x86_64-linux-gnu/libcrypto.so (found version "3.0.2")  
[0.657s] -- Found FastRTPS: /opt/ros/humble/include  
[0.688s] -- Using RMW implementation 'rmw_fastrtps_cpp' as default
[0.700s] -- Looking for pthread.h
[0.775s] -- Looking for pthread.h - found
[0.775s] -- Performing Test CMAKE_HAVE_LIBC_PTHREAD
[0.835s] -- Performing Test CMAKE_HAVE_LIBC_PTHREAD - Success
[0.836s] -- Found Threads: TRUE  
[0.896s] -- Setting build type to Release as none was specified.
[0.899s] -- Found ament_lint_auto: 0.12.12 (/opt/ros/humble/share/ament_lint_auto/cmake)
[0.976s] -- Found gtest sources under '/opt/ros/humble/src/gtest_vendor': C++ tests using 'Google Test' will be built
[0.983s] -- Added test 'cppcheck' to perform static code analysis on C / C++ code
[0.983s] -- Configured cppcheck include dirs: /home/wb/ros_ws/src/navigation2/nav2_voxel_grid/include
[0.983s] -- Configured cppcheck exclude dirs and/or files: 
[0.984s] -- Added test 'cpplint' to check C / C++ code against the Google style
[0.984s] -- Configured cpplint exclude dirs and/or files: 
[0.986s] -- Added test 'lint_cmake' to check CMake code style
[0.987s] -- Added test 'uncrustify' to check C / C++ code style
[0.988s] -- Configured uncrustify additional arguments: 
[0.990s] -- Added test 'xmllint' to check XML markup files
[0.990s] -- Configuring done
[1.004s] -- Generating done
[1.008s] -- Build files have been written to: /home/wb/ros_ws/build/nav2_voxel_grid
[1.019s] Invoked command in '/home/wb/ros_ws/build/nav2_voxel_grid' returned '0': AMENT_PREFIX_PATH=/home/wb/ros_ws/install/nav2_common:${AMENT_PREFIX_PATH} CMAKE_PREFIX_PATH=/home/wb/ros_ws/install/nav2_common:/home/wb/ros_ws/install/simple_robot:/home/wb/ros_ws/install/my_robot_navigation:/home/wb/ros_ws/install/my_robot_simulation:/home/wb/ros_ws/install/my_robot_description:/opt/ros/humble PYTHONPATH=/home/wb/ros_ws/install/nav2_common/local/lib/python3.10/dist-packages:${PYTHONPATH} /usr/bin/cmake /home/wb/ros_ws/src/navigation2/nav2_voxel_grid -DCMAKE_INSTALL_PREFIX=/home/wb/ros_ws/install/nav2_voxel_grid
[1.019s] Invoking command in '/home/wb/ros_ws/build/nav2_voxel_grid': AMENT_PREFIX_PATH=/home/wb/ros_ws/install/nav2_common:${AMENT_PREFIX_PATH} CMAKE_PREFIX_PATH=/home/wb/ros_ws/install/nav2_common:/home/wb/ros_ws/install/simple_robot:/home/wb/ros_ws/install/my_robot_navigation:/home/wb/ros_ws/install/my_robot_simulation:/home/wb/ros_ws/install/my_robot_description:/opt/ros/humble PYTHONPATH=/home/wb/ros_ws/install/nav2_common/local/lib/python3.10/dist-packages:${PYTHONPATH} /usr/bin/cmake --build /home/wb/ros_ws/build/nav2_voxel_grid -- -j4 -l4
[1.081s] [ 10%] [32mBuilding CXX object CMakeFiles/voxel_grid.dir/src/voxel_grid.cpp.o[0m
[1.087s] [ 20%] [32mBuilding CXX object gtest/CMakeFiles/gtest.dir/src/gtest-all.cc.o[0m
[1.096s] [ 30%] [32mBuilding CXX object gtest/CMakeFiles/gtest_main.dir/src/gtest_main.cc.o[0m
[3.196s] [ 40%] [32m[1mLinking CXX static library libgtest_main.a[0m
[3.320s] [ 40%] Built target gtest_main
[6.823s] [ 50%] [32m[1mLinking CXX shared library libvoxel_grid.so[0m
[6.976s] [ 50%] Built target voxel_grid
[10.835s] [ 60%] [32m[1mLinking CXX static library libgtest.a[0m
[10.913s] [ 60%] Built target gtest
[10.972s] [ 70%] [32mBuilding CXX object test/CMakeFiles/voxel_grid_tests.dir/voxel_grid_tests.cpp.o[0m
[10.976s] [ 80%] [32mBuilding CXX object test/CMakeFiles/voxel_grid_bresenham_3d.dir/voxel_grid_bresenham_3d.cpp.o[0m
[17.853s] [ 90%] [32m[1mLinking CXX executable voxel_grid_tests[0m
[18.149s] [ 90%] Built target voxel_grid_tests
[18.608s] [100%] [32m[1mLinking CXX executable voxel_grid_bresenham_3d[0m
[18.904s] [100%] Built target voxel_grid_bresenham_3d
[18.932s] Invoked command in '/home/wb/ros_ws/build/nav2_voxel_grid' returned '0': AMENT_PREFIX_PATH=/home/wb/ros_ws/install/nav2_common:${AMENT_PREFIX_PATH} CMAKE_PREFIX_PATH=/home/wb/ros_ws/install/nav2_common:/home/wb/ros_ws/install/simple_robot:/home/wb/ros_ws/install/my_robot_navigation:/home/wb/ros_ws/install/my_robot_simulation:/home/wb/ros_ws/install/my_robot_description:/opt/ros/humble PYTHONPATH=/home/wb/ros_ws/install/nav2_common/local/lib/python3.10/dist-packages:${PYTHONPATH} /usr/bin/cmake --build /home/wb/ros_ws/build/nav2_voxel_grid -- -j4 -l4
[18.938s] Invoking command in '/home/wb/ros_ws/build/nav2_voxel_grid': AMENT_PREFIX_PATH=/home/wb/ros_ws/install/nav2_common:${AMENT_PREFIX_PATH} CMAKE_PREFIX_PATH=/home/wb/ros_ws/install/nav2_common:/home/wb/ros_ws/install/simple_robot:/home/wb/ros_ws/install/my_robot_navigation:/home/wb/ros_ws/install/my_robot_simulation:/home/wb/ros_ws/install/my_robot_description:/opt/ros/humble PYTHONPATH=/home/wb/ros_ws/install/nav2_common/local/lib/python3.10/dist-packages:${PYTHONPATH} /usr/bin/cmake --install /home/wb/ros_ws/build/nav2_voxel_grid
[18.949s] -- Install configuration: "Release"
[18.950s] -- Installing: /home/wb/ros_ws/install/nav2_voxel_grid/lib/libvoxel_grid.so
[18.950s] -- Set runtime path of "/home/wb/ros_ws/install/nav2_voxel_grid/lib/libvoxel_grid.so" to ""
[18.951s] -- Installing: /home/wb/ros_ws/install/nav2_voxel_grid/include
[18.952s] -- Installing: /home/wb/ros_ws/install/nav2_voxel_grid/include/nav2_voxel_grid
[18.952s] -- Installing: /home/wb/ros_ws/install/nav2_voxel_grid/include/nav2_voxel_grid/voxel_grid.hpp
[18.952s] -- Installing: /home/wb/ros_ws/install/nav2_voxel_grid/share/nav2_voxel_grid/environment/library_path.sh
[18.952s] -- Installing: /home/wb/ros_ws/install/nav2_voxel_grid/share/nav2_voxel_grid/environment/library_path.dsv
[18.952s] -- Installing: /home/wb/ros_ws/install/nav2_voxel_grid/share/ament_index/resource_index/package_run_dependencies/nav2_voxel_grid
[18.952s] -- Installing: /home/wb/ros_ws/install/nav2_voxel_grid/share/ament_index/resource_index/parent_prefix_path/nav2_voxel_grid
[18.952s] -- Installing: /home/wb/ros_ws/install/nav2_voxel_grid/share/nav2_voxel_grid/environment/ament_prefix_path.sh
[18.954s] -- Installing: /home/wb/ros_ws/install/nav2_voxel_grid/share/nav2_voxel_grid/environment/ament_prefix_path.dsv
[18.954s] -- Installing: /home/wb/ros_ws/install/nav2_voxel_grid/share/nav2_voxel_grid/environment/path.sh
[18.954s] -- Installing: /home/wb/ros_ws/install/nav2_voxel_grid/share/nav2_voxel_grid/environment/path.dsv
[18.955s] -- Installing: /home/wb/ros_ws/install/nav2_voxel_grid/share/nav2_voxel_grid/local_setup.bash
[18.955s] -- Installing: /home/wb/ros_ws/install/nav2_voxel_grid/share/nav2_voxel_grid/local_setup.sh
[18.955s] -- Installing: /home/wb/ros_ws/install/nav2_voxel_grid/share/nav2_voxel_grid/local_setup.zsh
[18.955s] -- Installing: /home/wb/ros_ws/install/nav2_voxel_grid/share/nav2_voxel_grid/local_setup.dsv
[18.955s] -- Installing: /home/wb/ros_ws/install/nav2_voxel_grid/share/nav2_voxel_grid/package.dsv
[18.955s] -- Installing: /home/wb/ros_ws/install/nav2_voxel_grid/share/ament_index/resource_index/packages/nav2_voxel_grid
[18.955s] -- Installing: /home/wb/ros_ws/install/nav2_voxel_grid/share/nav2_voxel_grid/cmake/ament_cmake_export_dependencies-extras.cmake
[18.956s] -- Installing: /home/wb/ros_ws/install/nav2_voxel_grid/share/nav2_voxel_grid/cmake/ament_cmake_export_include_directories-extras.cmake
[18.956s] -- Installing: /home/wb/ros_ws/install/nav2_voxel_grid/share/nav2_voxel_grid/cmake/ament_cmake_export_libraries-extras.cmake
[18.956s] -- Installing: /home/wb/ros_ws/install/nav2_voxel_grid/share/nav2_voxel_grid/cmake/nav2_voxel_gridConfig.cmake
[18.956s] -- Installing: /home/wb/ros_ws/install/nav2_voxel_grid/share/nav2_voxel_grid/cmake/nav2_voxel_gridConfig-version.cmake
[18.956s] -- Installing: /home/wb/ros_ws/install/nav2_voxel_grid/share/nav2_voxel_grid/package.xml
[18.963s] Invoked command in '/home/wb/ros_ws/build/nav2_voxel_grid' returned '0': AMENT_PREFIX_PATH=/home/wb/ros_ws/install/nav2_common:${AMENT_PREFIX_PATH} CMAKE_PREFIX_PATH=/home/wb/ros_ws/install/nav2_common:/home/wb/ros_ws/install/simple_robot:/home/wb/ros_ws/install/my_robot_navigation:/home/wb/ros_ws/install/my_robot_simulation:/home/wb/ros_ws/install/my_robot_description:/opt/ros/humble PYTHONPATH=/home/wb/ros_ws/install/nav2_common/local/lib/python3.10/dist-packages:${PYTHONPATH} /usr/bin/cmake --install /home/wb/ros_ws/build/nav2_voxel_grid
