-- Found ament_cmake: 1.3.11 (/opt/ros/humble/share/ament_cmake/cmake)
-- Override CMake install command with custom implementation using symlinks instead of copying resources
-- Found rclcpp: 16.0.12 (/opt/ros/humble/share/rclcpp/cmake)
-- Found rosidl_generator_c: 3.1.6 (/opt/ros/humble/share/rosidl_generator_c/cmake)
-- Found rosidl_adapter: 3.1.6 (/opt/ros/humble/share/rosidl_adapter/cmake)
-- Found rosidl_generator_cpp: 3.1.6 (/opt/ros/humble/share/rosidl_generator_cpp/cmake)
-- Using all available rosidl_typesupport_c: rosidl_typesupport_fastrtps_c;rosidl_typesupport_introspection_c
-- Using all available rosidl_typesupport_cpp: rosidl_typesupport_fastrtps_cpp;rosidl_typesupport_introspection_cpp
-- Found rmw_implementation_cmake: 6.1.2 (/opt/ros/humble/share/rmw_implementation_cmake/cmake)
-- Found rmw_fastrtps_cpp: 6.2.7 (/opt/ros/humble/share/rmw_fastrtps_cpp/cmake)
-- Using RMW implementation 'rmw_fastrtps_cpp' as default
-- Found rclpy: 3.3.16 (/opt/ros/humble/share/rclpy/cmake)
-- Found ament_lint_auto: 0.12.12 (/opt/ros/humble/share/ament_lint_auto/cmake)
-- Added test 'flake8' to check Python code syntax and style conventions
-- Added test 'lint_cmake' to check CMake code style
-- Added test 'pep257' to check Python code against some of the docstring style conventions in PEP 257
-- Added test 'xmllint' to check XML markup files
-- Configuring done
-- Generating done
-- Build files have been written to: /home/wb/ros_ws/build/my_robot_navigation
-- Install configuration: ""
-- Execute custom install script
-- Up-to-date symlink: /home/wb/ros_ws/install/my_robot_navigation/share/my_robot_navigation/launch/navigation.launch.py
-- Up-to-date symlink: /home/wb/ros_ws/install/my_robot_navigation/share/my_robot_navigation/launch/slam.launch.py
-- Up-to-date symlink: /home/wb/ros_ws/install/my_robot_navigation/share/my_robot_navigation/launch/slam_navigation.launch.py
-- Up-to-date symlink: /home/wb/ros_ws/install/my_robot_navigation/share/my_robot_navigation/config/nav2_params.yaml
-- Up-to-date symlink: /home/wb/ros_ws/install/my_robot_navigation/share/my_robot_navigation/config/slam_toolbox_config.yaml
-- Up-to-date symlink: /home/wb/ros_ws/install/my_robot_navigation/share/my_robot_navigation/maps/my_robot_map.yaml
-- Up-to-date symlink: /home/wb/ros_ws/install/my_robot_navigation/share/ament_index/resource_index/package_run_dependencies/my_robot_navigation
-- Up-to-date symlink: /home/wb/ros_ws/install/my_robot_navigation/share/ament_index/resource_index/parent_prefix_path/my_robot_navigation
-- Up-to-date symlink: /home/wb/ros_ws/install/my_robot_navigation/share/my_robot_navigation/environment/ament_prefix_path.sh
-- Up-to-date symlink: /home/wb/ros_ws/install/my_robot_navigation/share/my_robot_navigation/environment/ament_prefix_path.dsv
-- Up-to-date symlink: /home/wb/ros_ws/install/my_robot_navigation/share/my_robot_navigation/environment/path.sh
-- Up-to-date symlink: /home/wb/ros_ws/install/my_robot_navigation/share/my_robot_navigation/environment/path.dsv
-- Up-to-date symlink: /home/wb/ros_ws/install/my_robot_navigation/share/my_robot_navigation/local_setup.bash
-- Up-to-date symlink: /home/wb/ros_ws/install/my_robot_navigation/share/my_robot_navigation/local_setup.sh
-- Up-to-date symlink: /home/wb/ros_ws/install/my_robot_navigation/share/my_robot_navigation/local_setup.zsh
-- Up-to-date symlink: /home/wb/ros_ws/install/my_robot_navigation/share/my_robot_navigation/local_setup.dsv
-- Symlinking: /home/wb/ros_ws/install/my_robot_navigation/share/my_robot_navigation/package.dsv
-- Up-to-date symlink: /home/wb/ros_ws/install/my_robot_navigation/share/ament_index/resource_index/packages/my_robot_navigation
-- Up-to-date symlink: /home/wb/ros_ws/install/my_robot_navigation/share/my_robot_navigation/cmake/my_robot_navigationConfig.cmake
-- Up-to-date symlink: /home/wb/ros_ws/install/my_robot_navigation/share/my_robot_navigation/cmake/my_robot_navigationConfig-version.cmake
-- Up-to-date symlink: /home/wb/ros_ws/install/my_robot_navigation/share/my_robot_navigation/package.xml
-- Up-to-date: /home/wb/ros_ws/install/my_robot_navigation/share/my_robot_navigation/scripts
-- Up-to-date: /home/wb/ros_ws/install/my_robot_navigation/share/my_robot_navigation/scripts/save_map.py
-- Up-to-date: /home/wb/ros_ws/install/my_robot_navigation/share/my_robot_navigation/scripts/map_manager.py
