[0.014s] Invoking command in '/home/wb/ros_ws/src/build/my_robot_description': CMAKE_PREFIX_PATH=${CMAKE_PREFIX_PATH}:/home/wb/ros_ws/install/nav2_simple_commander:/home/wb/ros_ws/install/my_robot_vision:/opt/ros/humble /usr/bin/cmake /home/wb/ros_ws/src/my_robot_description -DAMENT_CMAKE_SYMLINK_INSTALL=1 -DCMAKE_INSTALL_PREFIX=/home/wb/ros_ws/src/install/my_robot_description
[0.168s] -- The C compiler identification is GNU 11.4.0
[0.274s] -- The CXX compiler identification is GNU 11.4.0
[0.286s] -- Detecting C compiler ABI info
[0.363s] -- Detecting C compiler ABI info - done
[0.367s] -- Check for working C compiler: /usr/bin/cc - skipped
[0.368s] -- Detecting C compile features
[0.369s] -- Detecting C compile features - done
[0.372s] -- Detecting CXX compiler ABI info
[0.453s] -- Detecting CXX compiler ABI info - done
[0.457s] -- Check for working CXX compiler: /usr/bin/c++ - skipped
[0.457s] -- Detecting CXX compile features
[0.458s] -- Detecting CXX compile features - done
[0.469s] -- Found ament_cmake: 1.3.11 (/opt/ros/humble/share/ament_cmake/cmake)
[0.599s] -- Found Python3: /usr/bin/python3 (found version "3.10.12") found components: Interpreter 
[0.656s] -- Override CMake install command with custom implementation using symlinks instead of copying resources
[0.752s] -- Found ament_lint_auto: 0.12.12 (/opt/ros/humble/share/ament_lint_auto/cmake)
[0.850s] -- Added test 'flake8' to check Python code syntax and style conventions
[0.852s] -- Added test 'lint_cmake' to check CMake code style
[0.853s] -- Added test 'pep257' to check Python code against some of the docstring style conventions in PEP 257
[0.856s] -- Added test 'xmllint' to check XML markup files
[0.860s] -- Configuring done
[0.862s] -- Generating done
[0.863s] -- Build files have been written to: /home/wb/ros_ws/src/build/my_robot_description
[0.866s] Invoked command in '/home/wb/ros_ws/src/build/my_robot_description' returned '0': CMAKE_PREFIX_PATH=${CMAKE_PREFIX_PATH}:/home/wb/ros_ws/install/nav2_simple_commander:/home/wb/ros_ws/install/my_robot_vision:/opt/ros/humble /usr/bin/cmake /home/wb/ros_ws/src/my_robot_description -DAMENT_CMAKE_SYMLINK_INSTALL=1 -DCMAKE_INSTALL_PREFIX=/home/wb/ros_ws/src/install/my_robot_description
[0.867s] Invoking command in '/home/wb/ros_ws/src/build/my_robot_description': CMAKE_PREFIX_PATH=${CMAKE_PREFIX_PATH}:/home/wb/ros_ws/install/nav2_simple_commander:/home/wb/ros_ws/install/my_robot_vision:/opt/ros/humble /usr/bin/cmake --build /home/wb/ros_ws/src/build/my_robot_description -- -j4 -l4
[0.910s] Invoked command in '/home/wb/ros_ws/src/build/my_robot_description' returned '0': CMAKE_PREFIX_PATH=${CMAKE_PREFIX_PATH}:/home/wb/ros_ws/install/nav2_simple_commander:/home/wb/ros_ws/install/my_robot_vision:/opt/ros/humble /usr/bin/cmake --build /home/wb/ros_ws/src/build/my_robot_description -- -j4 -l4
[0.920s] Invoking command in '/home/wb/ros_ws/src/build/my_robot_description': CMAKE_PREFIX_PATH=${CMAKE_PREFIX_PATH}:/home/wb/ros_ws/install/nav2_simple_commander:/home/wb/ros_ws/install/my_robot_vision:/opt/ros/humble /usr/bin/cmake --install /home/wb/ros_ws/src/build/my_robot_description
[0.927s] -- Install configuration: ""
[0.928s] -- Execute custom install script
[0.928s] -- Symlinking: /home/wb/ros_ws/src/install/my_robot_description/share/my_robot_description/urdf/model.config
[0.937s] -- Symlinking: /home/wb/ros_ws/src/install/my_robot_description/share/my_robot_description/urdf/model.urdf
[0.945s] -- Symlinking: /home/wb/ros_ws/src/install/my_robot_description/share/my_robot_description/urdf/my_robot.urdf.xacro
[0.954s] -- Symlinking: /home/wb/ros_ws/src/install/my_robot_description/share/my_robot_description/worlds/my_robot_world.world
[0.962s] -- Symlinking: /home/wb/ros_ws/src/install/my_robot_description/share/my_robot_description/launch/my_robot_sim.launch.py
[0.972s] -- Symlinking: /home/wb/ros_ws/src/install/my_robot_description/share/my_robot_description/config/robot_params.yaml
[0.981s] -- Symlinking: /home/wb/ros_ws/src/install/my_robot_description/share/my_robot_description/rviz/full_navigation.rviz
[0.991s] -- Symlinking: /home/wb/ros_ws/src/install/my_robot_description/share/my_robot_description/rviz/navigation_view.rviz
[0.999s] -- Symlinking: /home/wb/ros_ws/src/install/my_robot_description/share/my_robot_description/rviz/robot_view.rviz
[1.007s] -- Symlinking: /home/wb/ros_ws/src/install/my_robot_description/share/my_robot_description/rviz/slam_view.rviz
[1.016s] -- Symlinking: /home/wb/ros_ws/src/install/my_robot_description/share/my_robot_description/model.urdf
[1.026s] -- Symlinking: /home/wb/ros_ws/src/install/my_robot_description/share/my_robot_description/model.config
[1.036s] -- Symlinking: /home/wb/ros_ws/src/install/my_robot_description/share/ament_index/resource_index/package_run_dependencies/my_robot_description
[1.043s] -- Symlinking: /home/wb/ros_ws/src/install/my_robot_description/share/ament_index/resource_index/parent_prefix_path/my_robot_description
[1.052s] -- Symlinking: /home/wb/ros_ws/src/install/my_robot_description/share/my_robot_description/environment/ament_prefix_path.sh
[1.060s] -- Symlinking: /home/wb/ros_ws/src/install/my_robot_description/share/my_robot_description/environment/ament_prefix_path.dsv
[1.069s] -- Symlinking: /home/wb/ros_ws/src/install/my_robot_description/share/my_robot_description/environment/path.sh
[1.077s] -- Symlinking: /home/wb/ros_ws/src/install/my_robot_description/share/my_robot_description/environment/path.dsv
[1.085s] -- Symlinking: /home/wb/ros_ws/src/install/my_robot_description/share/my_robot_description/local_setup.bash
[1.094s] -- Symlinking: /home/wb/ros_ws/src/install/my_robot_description/share/my_robot_description/local_setup.sh
[1.103s] -- Symlinking: /home/wb/ros_ws/src/install/my_robot_description/share/my_robot_description/local_setup.zsh
[1.112s] -- Symlinking: /home/wb/ros_ws/src/install/my_robot_description/share/my_robot_description/local_setup.dsv
[1.120s] -- Symlinking: /home/wb/ros_ws/src/install/my_robot_description/share/my_robot_description/package.dsv
[1.129s] -- Symlinking: /home/wb/ros_ws/src/install/my_robot_description/share/ament_index/resource_index/packages/my_robot_description
[1.138s] -- Symlinking: /home/wb/ros_ws/src/install/my_robot_description/share/my_robot_description/cmake/my_robot_descriptionConfig.cmake
[1.149s] -- Symlinking: /home/wb/ros_ws/src/install/my_robot_description/share/my_robot_description/cmake/my_robot_descriptionConfig-version.cmake
[1.158s] -- Symlinking: /home/wb/ros_ws/src/install/my_robot_description/share/my_robot_description/package.xml
[1.169s] Invoked command in '/home/wb/ros_ws/src/build/my_robot_description' returned '0': CMAKE_PREFIX_PATH=${CMAKE_PREFIX_PATH}:/home/wb/ros_ws/install/nav2_simple_commander:/home/wb/ros_ws/install/my_robot_vision:/opt/ros/humble /usr/bin/cmake --install /home/wb/ros_ws/src/build/my_robot_description
