[0.022s] Invoking command in '/home/wb/ros_ws/build/simple_robot': CMAKE_PREFIX_PATH=${CMAKE_PREFIX_PATH}:/opt/ros/humble /usr/bin/cmake --build /home/wb/ros_ws/build/simple_robot -- -j4 -l4
[0.055s] Invoked command in '/home/wb/ros_ws/build/simple_robot' returned '0': CMAKE_PREFIX_PATH=${CMAKE_PREFIX_PATH}:/opt/ros/humble /usr/bin/cmake --build /home/wb/ros_ws/build/simple_robot -- -j4 -l4
[0.056s] Invoking command in '/home/wb/ros_ws/build/simple_robot': CMAKE_PREFIX_PATH=${CMAKE_PREFIX_PATH}:/opt/ros/humble /usr/bin/cmake --install /home/wb/ros_ws/build/simple_robot
[0.061s] -- Install configuration: ""
[0.061s] -- Execute custom install script
[0.061s] -- Up-to-date symlink: /home/wb/ros_ws/install/simple_robot/share/simple_robot/urdf/simple_robot.urdf
[0.062s] -- Up-to-date symlink: /home/wb/ros_ws/install/simple_robot/share/simple_robot/launch/gazebo.launch.py
[0.062s] -- Up-to-date symlink: /home/wb/ros_ws/install/simple_robot/share/simple_robot/worlds/my_hex_arena.world
[0.062s] -- Up-to-date symlink: /home/wb/ros_ws/install/simple_robot/share/ament_index/resource_index/package_run_dependencies/simple_robot
[0.062s] -- Up-to-date symlink: /home/wb/ros_ws/install/simple_robot/share/ament_index/resource_index/parent_prefix_path/simple_robot
[0.062s] -- Up-to-date symlink: /home/wb/ros_ws/install/simple_robot/share/simple_robot/environment/ament_prefix_path.sh
[0.063s] -- Up-to-date symlink: /home/wb/ros_ws/install/simple_robot/share/simple_robot/environment/ament_prefix_path.dsv
[0.063s] -- Up-to-date symlink: /home/wb/ros_ws/install/simple_robot/share/simple_robot/environment/path.sh
[0.063s] -- Up-to-date symlink: /home/wb/ros_ws/install/simple_robot/share/simple_robot/environment/path.dsv
[0.063s] -- Up-to-date symlink: /home/wb/ros_ws/install/simple_robot/share/simple_robot/local_setup.bash
[0.063s] -- Up-to-date symlink: /home/wb/ros_ws/install/simple_robot/share/simple_robot/local_setup.sh
[0.063s] -- Up-to-date symlink: /home/wb/ros_ws/install/simple_robot/share/simple_robot/local_setup.zsh
[0.063s] -- Up-to-date symlink: /home/wb/ros_ws/install/simple_robot/share/simple_robot/local_setup.dsv
[0.063s] -- Symlinking: /home/wb/ros_ws/install/simple_robot/share/simple_robot/package.dsv
[0.072s] -- Up-to-date symlink: /home/wb/ros_ws/install/simple_robot/share/ament_index/resource_index/packages/simple_robot
[0.072s] -- Up-to-date symlink: /home/wb/ros_ws/install/simple_robot/share/simple_robot/cmake/simple_robotConfig.cmake
[0.073s] -- Up-to-date symlink: /home/wb/ros_ws/install/simple_robot/share/simple_robot/cmake/simple_robotConfig-version.cmake
[0.073s] -- Up-to-date symlink: /home/wb/ros_ws/install/simple_robot/share/simple_robot/package.xml
[0.095s] Invoked command in '/home/wb/ros_ws/build/simple_robot' returned '0': CMAKE_PREFIX_PATH=${CMAKE_PREFIX_PATH}:/opt/ros/humble /usr/bin/cmake --install /home/wb/ros_ws/build/simple_robot
