[0.012s] Invoking command in '/home/wb/ros_ws/build/nav2_velocity_smoother': AMENT_PREFIX_PATH=/home/wb/ros_ws/install/nav2_util:/home/wb/ros_ws/install/nav2_msgs:/home/wb/ros_ws/install/nav2_common:${AMENT_PREFIX_PATH} CMAKE_PREFIX_PATH=/home/wb/ros_ws/install/nav2_util:/home/wb/ros_ws/install/nav2_msgs:/home/wb/ros_ws/install/nav2_common:/home/wb/ros_ws/install/simple_robot:/home/wb/ros_ws/install/my_robot_navigation:/home/wb/ros_ws/install/my_robot_simulation:/home/wb/ros_ws/install/my_robot_description:/opt/ros/humble LD_LIBRARY_PATH=/home/wb/ros_ws/install/nav2_util/lib:/home/wb/ros_ws/install/nav2_msgs/lib:${LD_LIBRARY_PATH} PYTHONPATH=/home/wb/ros_ws/install/nav2_msgs/local/lib/python3.10/dist-packages:/home/wb/ros_ws/install/nav2_common/local/lib/python3.10/dist-packages:${PYTHONPATH} /usr/bin/cmake /home/wb/ros_ws/src/navigation2/nav2_velocity_smoother -DCMAKE_INSTALL_PREFIX=/home/wb/ros_ws/install/nav2_velocity_smoother
[0.063s] -- The C compiler identification is GNU 11.4.0
[0.109s] -- The CXX compiler identification is GNU 11.4.0
[0.117s] -- Detecting C compiler ABI info
[0.177s] -- Detecting C compiler ABI info - done
[0.182s] -- Check for working C compiler: /usr/bin/cc - skipped
[0.182s] -- Detecting C compile features
[0.183s] -- Detecting C compile features - done
[0.185s] -- Detecting CXX compiler ABI info
[0.256s] -- Detecting CXX compiler ABI info - done
[0.261s] -- Check for working CXX compiler: /usr/bin/c++ - skipped
[0.261s] -- Detecting CXX compile features
[0.264s] -- Detecting CXX compile features - done
[0.264s] -- Found ament_cmake: 1.3.11 (/opt/ros/humble/share/ament_cmake/cmake)
[0.382s] -- Found Python3: /usr/bin/python3 (found version "3.10.12") found components: Interpreter 
[0.463s] -- Found nav2_common: 1.1.18 (/home/wb/ros_ws/install/nav2_common/share/nav2_common/cmake)
[0.466s] -- Found rclcpp: 16.0.12 (/opt/ros/humble/share/rclcpp/cmake)
[0.501s] -- Found rosidl_generator_c: 3.1.6 (/opt/ros/humble/share/rosidl_generator_c/cmake)
[0.506s] -- Found rosidl_adapter: 3.1.6 (/opt/ros/humble/share/rosidl_adapter/cmake)
[0.513s] -- Found rosidl_generator_cpp: 3.1.6 (/opt/ros/humble/share/rosidl_generator_cpp/cmake)
[0.525s] -- Using all available rosidl_typesupport_c: rosidl_typesupport_fastrtps_c;rosidl_typesupport_introspection_c
[0.541s] -- Using all available rosidl_typesupport_cpp: rosidl_typesupport_fastrtps_cpp;rosidl_typesupport_introspection_cpp
[0.578s] -- Found rmw_implementation_cmake: 6.1.2 (/opt/ros/humble/share/rmw_implementation_cmake/cmake)
[0.581s] -- Found rmw_fastrtps_cpp: 6.2.7 (/opt/ros/humble/share/rmw_fastrtps_cpp/cmake)
[0.652s] -- Found OpenSSL: /usr/lib/x86_64-linux-gnu/libcrypto.so (found version "3.0.2")  
[0.675s] -- Found FastRTPS: /opt/ros/humble/include  
[0.706s] -- Using RMW implementation 'rmw_fastrtps_cpp' as default
[0.714s] -- Looking for pthread.h
[0.780s] -- Looking for pthread.h - found
[0.780s] -- Performing Test CMAKE_HAVE_LIBC_PTHREAD
[0.846s] -- Performing Test CMAKE_HAVE_LIBC_PTHREAD - Success
[0.847s] -- Found Threads: TRUE  
[0.886s] -- Found rclcpp_components: 16.0.12 (/opt/ros/humble/share/rclcpp_components/cmake)
[0.910s] -- Found geometry_msgs: 4.8.0 (/opt/ros/humble/share/geometry_msgs/cmake)
[0.915s] -- Found nav2_util: 1.1.18 (/home/wb/ros_ws/install/nav2_util/share/nav2_util/cmake)
[1.015s] -- Found eigen3_cmake_module: 0.1.1 (/opt/ros/humble/share/eigen3_cmake_module/cmake)
[1.016s] -- Found Eigen3: TRUE (found version "3.4.0") 
[1.016s] -- Ensuring Eigen3 include directory is part of orocos-kdl CMake target
[1.054s] -- Setting build type to Release as none was specified.
[1.080s] -- Found ament_lint_auto: 0.12.12 (/opt/ros/humble/share/ament_lint_auto/cmake)
[1.149s] -- Found gtest sources under '/opt/ros/humble/src/gtest_vendor': C++ tests using 'Google Test' will be built
[1.172s] -- Added test 'cppcheck' to perform static code analysis on C / C++ code
[1.173s] -- Configured cppcheck include dirs: /home/wb/ros_ws/src/navigation2/nav2_velocity_smoother/include
[1.173s] -- Configured cppcheck exclude dirs and/or files: 
[1.175s] -- Added test 'cpplint' to check C / C++ code against the Google style
[1.175s] -- Configured cpplint exclude dirs and/or files: 
[1.176s] -- Added test 'lint_cmake' to check CMake code style
[1.178s] -- Added test 'uncrustify' to check C / C++ code style
[1.178s] -- Configured uncrustify additional arguments: 
[1.179s] -- Added test 'xmllint' to check XML markup files
[1.185s] -- Configuring done
[1.348s] -- Generating done
[1.364s] -- Build files have been written to: /home/wb/ros_ws/build/nav2_velocity_smoother
[1.379s] Invoked command in '/home/wb/ros_ws/build/nav2_velocity_smoother' returned '0': AMENT_PREFIX_PATH=/home/wb/ros_ws/install/nav2_util:/home/wb/ros_ws/install/nav2_msgs:/home/wb/ros_ws/install/nav2_common:${AMENT_PREFIX_PATH} CMAKE_PREFIX_PATH=/home/wb/ros_ws/install/nav2_util:/home/wb/ros_ws/install/nav2_msgs:/home/wb/ros_ws/install/nav2_common:/home/wb/ros_ws/install/simple_robot:/home/wb/ros_ws/install/my_robot_navigation:/home/wb/ros_ws/install/my_robot_simulation:/home/wb/ros_ws/install/my_robot_description:/opt/ros/humble LD_LIBRARY_PATH=/home/wb/ros_ws/install/nav2_util/lib:/home/wb/ros_ws/install/nav2_msgs/lib:${LD_LIBRARY_PATH} PYTHONPATH=/home/wb/ros_ws/install/nav2_msgs/local/lib/python3.10/dist-packages:/home/wb/ros_ws/install/nav2_common/local/lib/python3.10/dist-packages:${PYTHONPATH} /usr/bin/cmake /home/wb/ros_ws/src/navigation2/nav2_velocity_smoother -DCMAKE_INSTALL_PREFIX=/home/wb/ros_ws/install/nav2_velocity_smoother
[1.381s] Invoking command in '/home/wb/ros_ws/build/nav2_velocity_smoother': AMENT_PREFIX_PATH=/home/wb/ros_ws/install/nav2_util:/home/wb/ros_ws/install/nav2_msgs:/home/wb/ros_ws/install/nav2_common:${AMENT_PREFIX_PATH} CMAKE_PREFIX_PATH=/home/wb/ros_ws/install/nav2_util:/home/wb/ros_ws/install/nav2_msgs:/home/wb/ros_ws/install/nav2_common:/home/wb/ros_ws/install/simple_robot:/home/wb/ros_ws/install/my_robot_navigation:/home/wb/ros_ws/install/my_robot_simulation:/home/wb/ros_ws/install/my_robot_description:/opt/ros/humble LD_LIBRARY_PATH=/home/wb/ros_ws/install/nav2_util/lib:/home/wb/ros_ws/install/nav2_msgs/lib:${LD_LIBRARY_PATH} PYTHONPATH=/home/wb/ros_ws/install/nav2_msgs/local/lib/python3.10/dist-packages:/home/wb/ros_ws/install/nav2_common/local/lib/python3.10/dist-packages:${PYTHONPATH} /usr/bin/cmake --build /home/wb/ros_ws/build/nav2_velocity_smoother -- -j4 -l4
[1.427s] [ 10%] [32mBuilding CXX object CMakeFiles/velocity_smoother_core.dir/src/velocity_smoother.cpp.o[0m
[10.736s] [ 20%] [32m[1mLinking CXX shared library libvelocity_smoother_core.so[0m
[10.969s] [ 20%] Built target velocity_smoother_core
[10.989s] [ 30%] [32mBuilding CXX object gtest/CMakeFiles/gtest.dir/src/gtest-all.cc.o[0m
[16.730s] [ 40%] [32m[1mLinking CXX static library libgtest.a[0m
[16.779s] [ 40%] Built target gtest
[16.804s] [ 50%] [32mBuilding CXX object CMakeFiles/velocity_smoother.dir/src/main.cpp.o[0m
[20.694s] [ 60%] [32m[1mLinking CXX executable velocity_smoother[0m
[20.904s] [ 60%] Built target velocity_smoother
[20.924s] [ 70%] [32mBuilding CXX object gtest/CMakeFiles/gtest_main.dir/src/gtest_main.cc.o[0m
[21.674s] [ 80%] [32m[1mLinking CXX static library libgtest_main.a[0m
[21.703s] [ 80%] Built target gtest_main
[21.727s] [ 90%] [32mBuilding CXX object test/CMakeFiles/velocity_smoother_tests.dir/test_velocity_smoother.cpp.o[0m
[33.121s] [100%] [32m[1mLinking CXX executable velocity_smoother_tests[0m
[33.406s] [100%] Built target velocity_smoother_tests
[33.413s] Invoked command in '/home/wb/ros_ws/build/nav2_velocity_smoother' returned '0': AMENT_PREFIX_PATH=/home/wb/ros_ws/install/nav2_util:/home/wb/ros_ws/install/nav2_msgs:/home/wb/ros_ws/install/nav2_common:${AMENT_PREFIX_PATH} CMAKE_PREFIX_PATH=/home/wb/ros_ws/install/nav2_util:/home/wb/ros_ws/install/nav2_msgs:/home/wb/ros_ws/install/nav2_common:/home/wb/ros_ws/install/simple_robot:/home/wb/ros_ws/install/my_robot_navigation:/home/wb/ros_ws/install/my_robot_simulation:/home/wb/ros_ws/install/my_robot_description:/opt/ros/humble LD_LIBRARY_PATH=/home/wb/ros_ws/install/nav2_util/lib:/home/wb/ros_ws/install/nav2_msgs/lib:${LD_LIBRARY_PATH} PYTHONPATH=/home/wb/ros_ws/install/nav2_msgs/local/lib/python3.10/dist-packages:/home/wb/ros_ws/install/nav2_common/local/lib/python3.10/dist-packages:${PYTHONPATH} /usr/bin/cmake --build /home/wb/ros_ws/build/nav2_velocity_smoother -- -j4 -l4
[33.415s] Invoking command in '/home/wb/ros_ws/build/nav2_velocity_smoother': AMENT_PREFIX_PATH=/home/wb/ros_ws/install/nav2_util:/home/wb/ros_ws/install/nav2_msgs:/home/wb/ros_ws/install/nav2_common:${AMENT_PREFIX_PATH} CMAKE_PREFIX_PATH=/home/wb/ros_ws/install/nav2_util:/home/wb/ros_ws/install/nav2_msgs:/home/wb/ros_ws/install/nav2_common:/home/wb/ros_ws/install/simple_robot:/home/wb/ros_ws/install/my_robot_navigation:/home/wb/ros_ws/install/my_robot_simulation:/home/wb/ros_ws/install/my_robot_description:/opt/ros/humble LD_LIBRARY_PATH=/home/wb/ros_ws/install/nav2_util/lib:/home/wb/ros_ws/install/nav2_msgs/lib:${LD_LIBRARY_PATH} PYTHONPATH=/home/wb/ros_ws/install/nav2_msgs/local/lib/python3.10/dist-packages:/home/wb/ros_ws/install/nav2_common/local/lib/python3.10/dist-packages:${PYTHONPATH} /usr/bin/cmake --install /home/wb/ros_ws/build/nav2_velocity_smoother
[33.422s] -- Install configuration: "Release"
[33.423s] -- Installing: /home/wb/ros_ws/install/nav2_velocity_smoother/lib/libvelocity_smoother_core.so
[33.427s] -- Set runtime path of "/home/wb/ros_ws/install/nav2_velocity_smoother/lib/libvelocity_smoother_core.so" to ""
[33.427s] -- Installing: /home/wb/ros_ws/install/nav2_velocity_smoother/lib/nav2_velocity_smoother/velocity_smoother
[33.428s] -- Set runtime path of "/home/wb/ros_ws/install/nav2_velocity_smoother/lib/nav2_velocity_smoother/velocity_smoother" to ""
[33.428s] -- Installing: /home/wb/ros_ws/install/nav2_velocity_smoother/include/
[33.429s] -- Installing: /home/wb/ros_ws/install/nav2_velocity_smoother/include//nav2_velocity_smoother
[33.429s] -- Installing: /home/wb/ros_ws/install/nav2_velocity_smoother/include//nav2_velocity_smoother/velocity_smoother.hpp
[33.430s] -- Installing: /home/wb/ros_ws/install/nav2_velocity_smoother/share/nav2_velocity_smoother/environment/library_path.sh
[33.431s] -- Installing: /home/wb/ros_ws/install/nav2_velocity_smoother/share/nav2_velocity_smoother/environment/library_path.dsv
[33.433s] -- Installing: /home/wb/ros_ws/install/nav2_velocity_smoother/share/ament_index/resource_index/package_run_dependencies/nav2_velocity_smoother
[33.433s] -- Installing: /home/wb/ros_ws/install/nav2_velocity_smoother/share/ament_index/resource_index/parent_prefix_path/nav2_velocity_smoother
[33.434s] -- Installing: /home/wb/ros_ws/install/nav2_velocity_smoother/share/nav2_velocity_smoother/environment/ament_prefix_path.sh
[33.434s] -- Installing: /home/wb/ros_ws/install/nav2_velocity_smoother/share/nav2_velocity_smoother/environment/ament_prefix_path.dsv
[33.434s] -- Installing: /home/wb/ros_ws/install/nav2_velocity_smoother/share/nav2_velocity_smoother/environment/path.sh
[33.435s] -- Installing: /home/wb/ros_ws/install/nav2_velocity_smoother/share/nav2_velocity_smoother/environment/path.dsv
[33.435s] -- Installing: /home/wb/ros_ws/install/nav2_velocity_smoother/share/nav2_velocity_smoother/local_setup.bash
[33.438s] -- Installing: /home/wb/ros_ws/install/nav2_velocity_smoother/share/nav2_velocity_smoother/local_setup.sh
[33.438s] -- Installing: /home/wb/ros_ws/install/nav2_velocity_smoother/share/nav2_velocity_smoother/local_setup.zsh
[33.438s] -- Installing: /home/wb/ros_ws/install/nav2_velocity_smoother/share/nav2_velocity_smoother/local_setup.dsv
[33.438s] -- Installing: /home/wb/ros_ws/install/nav2_velocity_smoother/share/nav2_velocity_smoother/package.dsv
[33.439s] -- Installing: /home/wb/ros_ws/install/nav2_velocity_smoother/share/ament_index/resource_index/packages/nav2_velocity_smoother
[33.439s] -- Installing: /home/wb/ros_ws/install/nav2_velocity_smoother/share/ament_index/resource_index/rclcpp_components/nav2_velocity_smoother
[33.439s] -- Installing: /home/wb/ros_ws/install/nav2_velocity_smoother/share/nav2_velocity_smoother/cmake/ament_cmake_export_include_directories-extras.cmake
[33.439s] -- Installing: /home/wb/ros_ws/install/nav2_velocity_smoother/share/nav2_velocity_smoother/cmake/ament_cmake_export_libraries-extras.cmake
[33.439s] -- Installing: /home/wb/ros_ws/install/nav2_velocity_smoother/share/nav2_velocity_smoother/cmake/ament_cmake_export_dependencies-extras.cmake
[33.440s] -- Installing: /home/wb/ros_ws/install/nav2_velocity_smoother/share/nav2_velocity_smoother/cmake/nav2_velocity_smootherConfig.cmake
[33.440s] -- Installing: /home/wb/ros_ws/install/nav2_velocity_smoother/share/nav2_velocity_smoother/cmake/nav2_velocity_smootherConfig-version.cmake
[33.440s] -- Installing: /home/wb/ros_ws/install/nav2_velocity_smoother/share/nav2_velocity_smoother/package.xml
[33.442s] Invoked command in '/home/wb/ros_ws/build/nav2_velocity_smoother' returned '0': AMENT_PREFIX_PATH=/home/wb/ros_ws/install/nav2_util:/home/wb/ros_ws/install/nav2_msgs:/home/wb/ros_ws/install/nav2_common:${AMENT_PREFIX_PATH} CMAKE_PREFIX_PATH=/home/wb/ros_ws/install/nav2_util:/home/wb/ros_ws/install/nav2_msgs:/home/wb/ros_ws/install/nav2_common:/home/wb/ros_ws/install/simple_robot:/home/wb/ros_ws/install/my_robot_navigation:/home/wb/ros_ws/install/my_robot_simulation:/home/wb/ros_ws/install/my_robot_description:/opt/ros/humble LD_LIBRARY_PATH=/home/wb/ros_ws/install/nav2_util/lib:/home/wb/ros_ws/install/nav2_msgs/lib:${LD_LIBRARY_PATH} PYTHONPATH=/home/wb/ros_ws/install/nav2_msgs/local/lib/python3.10/dist-packages:/home/wb/ros_ws/install/nav2_common/local/lib/python3.10/dist-packages:${PYTHONPATH} /usr/bin/cmake --install /home/wb/ros_ws/build/nav2_velocity_smoother
