-- Install configuration: ""
-- Execute custom install script
-- Up-to-date symlink: /home/wb/ros_ws/install/my_robot_description/share/ament_index/resource_index/package_run_dependencies/my_robot_description
-- Up-to-date symlink: /home/wb/ros_ws/install/my_robot_description/share/ament_index/resource_index/parent_prefix_path/my_robot_description
-- Up-to-date symlink: /home/wb/ros_ws/install/my_robot_description/share/my_robot_description/environment/ament_prefix_path.sh
-- Up-to-date symlink: /home/wb/ros_ws/install/my_robot_description/share/my_robot_description/environment/ament_prefix_path.dsv
-- Up-to-date symlink: /home/wb/ros_ws/install/my_robot_description/share/my_robot_description/environment/path.sh
-- Up-to-date symlink: /home/wb/ros_ws/install/my_robot_description/share/my_robot_description/environment/path.dsv
-- Up-to-date symlink: /home/wb/ros_ws/install/my_robot_description/share/my_robot_description/local_setup.bash
-- Up-to-date symlink: /home/wb/ros_ws/install/my_robot_description/share/my_robot_description/local_setup.sh
-- Up-to-date symlink: /home/wb/ros_ws/install/my_robot_description/share/my_robot_description/local_setup.zsh
-- Up-to-date symlink: /home/wb/ros_ws/install/my_robot_description/share/my_robot_description/local_setup.dsv
-- Symlinking: /home/wb/ros_ws/install/my_robot_description/share/my_robot_description/package.dsv
-- Up-to-date symlink: /home/wb/ros_ws/install/my_robot_description/share/ament_index/resource_index/packages/my_robot_description
-- Up-to-date symlink: /home/wb/ros_ws/install/my_robot_description/share/my_robot_description/cmake/my_robot_descriptionConfig.cmake
-- Up-to-date symlink: /home/wb/ros_ws/install/my_robot_description/share/my_robot_description/cmake/my_robot_descriptionConfig-version.cmake
-- Up-to-date symlink: /home/wb/ros_ws/install/my_robot_description/share/my_robot_description/package.xml
-- Up-to-date symlink: /home/wb/ros_ws/install/my_robot_description/share/my_robot_description/urdf/model.config
-- Up-to-date symlink: /home/wb/ros_ws/install/my_robot_description/share/my_robot_description/urdf/model.urdf
-- Symlinking: /home/wb/ros_ws/install/my_robot_description/share/my_robot_description/urdf/my_robot.urdf
-- Up-to-date symlink: /home/wb/ros_ws/install/my_robot_description/share/my_robot_description/urdf/my_robot.urdf.xacro
-- Up-to-date symlink: /home/wb/ros_ws/install/my_robot_description/share/my_robot_description/worlds/my_robot_world.world
-- Up-to-date symlink: /home/wb/ros_ws/install/my_robot_description/share/my_robot_description/launch/my_robot_sim.launch.py
-- Up-to-date symlink: /home/wb/ros_ws/install/my_robot_description/share/my_robot_description/model.urdf
-- Up-to-date symlink: /home/wb/ros_ws/install/my_robot_description/share/my_robot_description/model.config
