[0.018s] Invoking command in '/home/wb/ros_ws/build/simple_robot': CMAKE_PREFIX_PATH=${CMAKE_PREFIX_PATH}:/opt/ros/humble /usr/bin/cmake /home/wb/ros_ws/src/simple_robot -DCMAKE_INSTALL_PREFIX=/home/wb/ros_ws/install/simple_robot
[0.028s] -- Found ament_cmake_auto: 1.3.11 (/opt/ros/humble/share/ament_cmake_auto/cmake)
[0.122s] -- Override CMake install command with custom implementation using symlinks instead of copying resources
[0.129s] -- Found ament_lint_auto: 0.12.12 (/opt/ros/humble/share/ament_lint_auto/cmake)
[0.129s] -- Found ros_gz_sim: 0.244.17 (/opt/ros/humble/share/ros_gz_sim/cmake)
[0.152s] -- Found rosidl_generator_c: 3.1.6 (/opt/ros/humble/share/rosidl_generator_c/cmake)
[0.154s] -- Found rosidl_adapter: 3.1.6 (/opt/ros/humble/share/rosidl_adapter/cmake)
[0.160s] -- Found rosidl_generator_cpp: 3.1.6 (/opt/ros/humble/share/rosidl_generator_cpp/cmake)
[0.169s] -- Using all available rosidl_typesupport_c: rosidl_typesupport_fastrtps_c;rosidl_typesupport_introspection_c
[0.179s] -- Using all available rosidl_typesupport_cpp: rosidl_typesupport_fastrtps_cpp;rosidl_typesupport_introspection_cpp
[0.204s] -- Found rmw_implementation_cmake: 6.1.2 (/opt/ros/humble/share/rmw_implementation_cmake/cmake)
[0.205s] -- Found rmw_fastrtps_cpp: 6.2.7 (/opt/ros/humble/share/rmw_fastrtps_cpp/cmake)
[0.280s] -- Using RMW implementation 'rmw_fastrtps_cpp' as default
[0.316s] -- Found xacro: 2.0.13 (/opt/ros/humble/share/xacro/cmake)
[0.317s] -- Found robot_state_publisher: 3.0.3 (/opt/ros/humble/share/robot_state_publisher/cmake)
[0.329s] -- Found eigen3_cmake_module: 0.1.1 (/opt/ros/humble/share/eigen3_cmake_module/cmake)
[0.330s] -- Ensuring Eigen3 include directory is part of orocos-kdl CMake target
[0.416s] -- Found gazebo_ros: 3.9.0 (/opt/ros/humble/share/gazebo_ros/cmake)
[0.443s] -- Found DART: /usr/include (Required is at least version "6.6") found components: dart 
[0.462s] -- Found Protobuf: /usr/lib/x86_64-linux-gnu/libprotobuf.so (found version "3.12.4") 
[0.464s] -- Looking for ignition-math6 -- found version 6.15.1
[0.467s] -- Searching for dependencies of ignition-math6
[0.468s] -- Looking for OGRE...
[0.473s] -- Found Ogre Ghadamon (1.9.0)
[0.473s] -- Found OGRE: optimized;/usr/lib/x86_64-linux-gnu/libOgreMain.so;debug;/usr/lib/x86_64-linux-gnu/libOgreMain.so
[0.480s] -- Looking for OGRE_Paging...
[0.480s] -- Found OGRE_Paging: optimized;/usr/lib/x86_64-linux-gnu/libOgrePaging.so;debug;/usr/lib/x86_64-linux-gnu/libOgrePaging.so
[0.480s] -- Looking for OGRE_Terrain...
[0.480s] -- Found OGRE_Terrain: optimized;/usr/lib/x86_64-linux-gnu/libOgreTerrain.so;debug;/usr/lib/x86_64-linux-gnu/libOgreTerrain.so
[0.480s] -- Looking for OGRE_Property...
[0.481s] -- Found OGRE_Property: optimized;/usr/lib/x86_64-linux-gnu/libOgreProperty.so;debug;/usr/lib/x86_64-linux-gnu/libOgreProperty.so
[0.481s] -- Looking for OGRE_RTShaderSystem...
[0.481s] -- Found OGRE_RTShaderSystem: optimized;/usr/lib/x86_64-linux-gnu/libOgreRTShaderSystem.so;debug;/usr/lib/x86_64-linux-gnu/libOgreRTShaderSystem.so
[0.481s] -- Looking for OGRE_Volume...
[0.481s] -- Found OGRE_Volume: optimized;/usr/lib/x86_64-linux-gnu/libOgreVolume.so;debug;/usr/lib/x86_64-linux-gnu/libOgreVolume.so
[0.481s] -- Looking for OGRE_Overlay...
[0.481s] -- Found OGRE_Overlay: optimized;/usr/lib/x86_64-linux-gnu/libOgreOverlay.so;debug;/usr/lib/x86_64-linux-gnu/libOgreOverlay.so
[0.560s] -- Looking for ignition-math6 -- found version 6.15.1
[0.560s] -- Looking for ignition-transport8 -- found version 8.2.1
[0.561s] -- Searching for dependencies of ignition-transport8
[0.573s] -- Found Protobuf: /usr/lib/x86_64-linux-gnu/libprotobuf.so (found suitable version "3.12.4", minimum required is "3") 
[0.579s] -- Config-file not installed for ZeroMQ -- checking for pkg-config
[0.583s] -- Checking for module 'libzmq >= 4'
[0.595s] --   Found libzmq , version 4.3.4
[0.631s] -- Checking for module 'uuid'
[0.642s] --   Found uuid, version 2.37.2
[0.670s] -- Looking for ignition-msgs5 -- found version 5.8.1
[0.670s] -- Searching for dependencies of ignition-msgs5
[0.683s] -- Looking for ignition-math6 -- found version 6.15.1
[0.689s] -- Looking for ignition-msgs5 -- found version 5.8.1
[0.689s] -- Looking for ignition-common3 -- found version 3.14.0
[0.690s] -- Searching for dependencies of ignition-common3
[0.690s] -- Looking for dlfcn.h - found
[0.690s] -- Looking for libdl - found
[0.698s] -- Searching for <ignition-common3> component [graphics]
[0.699s] -- Looking for ignition-common3-graphics -- found version 3.14.0
[0.699s] -- Searching for dependencies of ignition-common3-graphics
[0.699s] -- Looking for ignition-math6 -- found version 6.15.1
[0.701s] -- Looking for ignition-fuel_tools4 -- found version 4.4.0
[0.701s] -- Searching for dependencies of ignition-fuel_tools4
[0.731s] -- Checking for module 'jsoncpp'
[0.742s] --   Found jsoncpp, version 1.9.5
[0.777s] -- Checking for module 'libzip'
[0.787s] --   Found libzip, version 1.7.3
[0.816s] -- Looking for ignition-common3 -- found version 3.14.0
[0.816s] -- Looking for ignition-math6 -- found version 6.15.1
[0.816s] -- Looking for ignition-msgs5 -- found version 5.8.1
[0.818s] -- Gazebo version: 11.10
[0.914s] -- Configuring done
[0.921s] -- Generating done
[0.924s] -- Build files have been written to: /home/wb/ros_ws/build/simple_robot
[0.931s] Invoked command in '/home/wb/ros_ws/build/simple_robot' returned '0': CMAKE_PREFIX_PATH=${CMAKE_PREFIX_PATH}:/opt/ros/humble /usr/bin/cmake /home/wb/ros_ws/src/simple_robot -DCMAKE_INSTALL_PREFIX=/home/wb/ros_ws/install/simple_robot
[0.933s] Invoking command in '/home/wb/ros_ws/build/simple_robot': CMAKE_PREFIX_PATH=${CMAKE_PREFIX_PATH}:/opt/ros/humble /usr/bin/cmake --build /home/wb/ros_ws/build/simple_robot -- -j4 -l4
[0.968s] Invoked command in '/home/wb/ros_ws/build/simple_robot' returned '0': CMAKE_PREFIX_PATH=${CMAKE_PREFIX_PATH}:/opt/ros/humble /usr/bin/cmake --build /home/wb/ros_ws/build/simple_robot -- -j4 -l4
[0.970s] Invoking command in '/home/wb/ros_ws/build/simple_robot': CMAKE_PREFIX_PATH=${CMAKE_PREFIX_PATH}:/opt/ros/humble /usr/bin/cmake --install /home/wb/ros_ws/build/simple_robot
[0.975s] -- Install configuration: ""
[0.976s] -- Execute custom install script
[0.976s] -- Up-to-date symlink: /home/wb/ros_ws/install/simple_robot/share/simple_robot/urdf/simple_robot.urdf
[0.976s] -- Up-to-date symlink: /home/wb/ros_ws/install/simple_robot/share/simple_robot/launch/gazebo.launch.py
[0.976s] -- Up-to-date symlink: /home/wb/ros_ws/install/simple_robot/share/simple_robot/worlds/my_hex_arena.world
[0.977s] -- Up-to-date symlink: /home/wb/ros_ws/install/simple_robot/share/ament_index/resource_index/package_run_dependencies/simple_robot
[0.977s] -- Up-to-date symlink: /home/wb/ros_ws/install/simple_robot/share/ament_index/resource_index/parent_prefix_path/simple_robot
[0.977s] -- Up-to-date symlink: /home/wb/ros_ws/install/simple_robot/share/simple_robot/environment/ament_prefix_path.sh
[0.977s] -- Up-to-date symlink: /home/wb/ros_ws/install/simple_robot/share/simple_robot/environment/ament_prefix_path.dsv
[0.977s] -- Up-to-date symlink: /home/wb/ros_ws/install/simple_robot/share/simple_robot/environment/path.sh
[0.977s] -- Up-to-date symlink: /home/wb/ros_ws/install/simple_robot/share/simple_robot/environment/path.dsv
[0.978s] -- Up-to-date symlink: /home/wb/ros_ws/install/simple_robot/share/simple_robot/local_setup.bash
[0.978s] -- Up-to-date symlink: /home/wb/ros_ws/install/simple_robot/share/simple_robot/local_setup.sh
[0.978s] -- Up-to-date symlink: /home/wb/ros_ws/install/simple_robot/share/simple_robot/local_setup.zsh
[0.978s] -- Up-to-date symlink: /home/wb/ros_ws/install/simple_robot/share/simple_robot/local_setup.dsv
[0.978s] -- Symlinking: /home/wb/ros_ws/install/simple_robot/share/simple_robot/package.dsv
[0.984s] -- Up-to-date symlink: /home/wb/ros_ws/install/simple_robot/share/ament_index/resource_index/packages/simple_robot
[0.985s] -- Up-to-date symlink: /home/wb/ros_ws/install/simple_robot/share/simple_robot/cmake/simple_robotConfig.cmake
[0.985s] -- Up-to-date symlink: /home/wb/ros_ws/install/simple_robot/share/simple_robot/cmake/simple_robotConfig-version.cmake
[0.985s] -- Up-to-date symlink: /home/wb/ros_ws/install/simple_robot/share/simple_robot/package.xml
[0.987s] Invoked command in '/home/wb/ros_ws/build/simple_robot' returned '0': CMAKE_PREFIX_PATH=${CMAKE_PREFIX_PATH}:/opt/ros/humble /usr/bin/cmake --install /home/wb/ros_ws/build/simple_robot
