-- Install configuration: ""
-- Execute custom install script
-- Up-to-date symlink: /home/wb/ros_ws/install/my_robot_navigation/share/my_robot_navigation/launch/navigation.launch.py
-- Up-to-date symlink: /home/wb/ros_ws/install/my_robot_navigation/share/my_robot_navigation/launch/slam.launch.py
-- Up-to-date symlink: /home/wb/ros_ws/install/my_robot_navigation/share/my_robot_navigation/launch/slam_navigation.launch.py
-- Up-to-date symlink: /home/wb/ros_ws/install/my_robot_navigation/share/my_robot_navigation/config/nav2_params.yaml
-- Up-to-date symlink: /home/wb/ros_ws/install/my_robot_navigation/share/my_robot_navigation/config/slam_toolbox_config.yaml
-- Up-to-date symlink: /home/wb/ros_ws/install/my_robot_navigation/share/my_robot_navigation/maps/my_robot_map.yaml
-- Up-to-date symlink: /home/wb/ros_ws/install/my_robot_navigation/share/ament_index/resource_index/package_run_dependencies/my_robot_navigation
-- Up-to-date symlink: /home/wb/ros_ws/install/my_robot_navigation/share/ament_index/resource_index/parent_prefix_path/my_robot_navigation
-- Up-to-date symlink: /home/wb/ros_ws/install/my_robot_navigation/share/my_robot_navigation/environment/ament_prefix_path.sh
-- Up-to-date symlink: /home/wb/ros_ws/install/my_robot_navigation/share/my_robot_navigation/environment/ament_prefix_path.dsv
-- Up-to-date symlink: /home/wb/ros_ws/install/my_robot_navigation/share/my_robot_navigation/environment/path.sh
-- Up-to-date symlink: /home/wb/ros_ws/install/my_robot_navigation/share/my_robot_navigation/environment/path.dsv
-- Up-to-date symlink: /home/wb/ros_ws/install/my_robot_navigation/share/my_robot_navigation/local_setup.bash
-- Up-to-date symlink: /home/wb/ros_ws/install/my_robot_navigation/share/my_robot_navigation/local_setup.sh
-- Up-to-date symlink: /home/wb/ros_ws/install/my_robot_navigation/share/my_robot_navigation/local_setup.zsh
-- Up-to-date symlink: /home/wb/ros_ws/install/my_robot_navigation/share/my_robot_navigation/local_setup.dsv
-- Symlinking: /home/wb/ros_ws/install/my_robot_navigation/share/my_robot_navigation/package.dsv
-- Up-to-date symlink: /home/wb/ros_ws/install/my_robot_navigation/share/ament_index/resource_index/packages/my_robot_navigation
-- Up-to-date symlink: /home/wb/ros_ws/install/my_robot_navigation/share/my_robot_navigation/cmake/my_robot_navigationConfig.cmake
-- Up-to-date symlink: /home/wb/ros_ws/install/my_robot_navigation/share/my_robot_navigation/cmake/my_robot_navigationConfig-version.cmake
-- Up-to-date symlink: /home/wb/ros_ws/install/my_robot_navigation/share/my_robot_navigation/package.xml
-- Up-to-date: /home/wb/ros_ws/install/my_robot_navigation/share/my_robot_navigation/scripts
-- Up-to-date: /home/wb/ros_ws/install/my_robot_navigation/share/my_robot_navigation/scripts/save_map.py
-- Up-to-date: /home/wb/ros_ws/install/my_robot_navigation/share/my_robot_navigation/scripts/map_manager.py
