[0.305s] DEBUG:colcon:Command line arguments: ['/usr/bin/colcon', 'build', '--symlink-install']
[0.305s] DEBUG:colcon:Parsed command line arguments: Namespace(log_base=None, log_level=None, verb_name='build', build_base='build', install_base='install', merge_install=False, symlink_install=True, test_result_base=None, continue_on_error=False, executor='parallel', parallel_workers=4, event_handlers=None, ignore_user_meta=False, metas=['./colcon.meta'], base_paths=['.'], packages_ignore=None, packages_ignore_regex=None, paths=None, packages_up_to=None, packages_up_to_regex=None, packages_above=None, packages_above_and_dependencies=None, packages_above_depth=None, packages_select_by_dep=None, packages_skip_by_dep=None, packages_skip_up_to=None, packages_select_build_failed=False, packages_skip_build_finished=False, packages_select_test_failures=False, packages_skip_test_passed=False, packages_select=None, packages_skip=None, packages_select_regex=None, packages_skip_regex=None, packages_start=None, packages_end=None, allow_overriding=[], cmake_args=None, cmake_target=None, cmake_target_skip_unavailable=False, cmake_clean_cache=False, cmake_clean_first=False, cmake_force_configure=False, ament_cmake_args=None, catkin_cmake_args=None, catkin_skip_building_tests=False, mixin_files=None, mixin=None, verb_parser=<colcon_mixin.mixin.mixin_argument.MixinArgumentDecorator object at 0x7b07864336d0>, verb_extension=<colcon_core.verb.build.BuildVerb object at 0x7b0786432fe0>, main=<bound method BuildVerb.main of <colcon_core.verb.build.BuildVerb object at 0x7b0786432fe0>>, mixin_verb=('build',))
[0.547s] Level 1:colcon.colcon_core.package_discovery:discover_packages(colcon_meta) check parameters
[0.547s] Level 1:colcon.colcon_core.package_discovery:discover_packages(recursive) check parameters
[0.547s] Level 1:colcon.colcon_core.package_discovery:discover_packages(ignore) check parameters
[0.547s] Level 1:colcon.colcon_core.package_discovery:discover_packages(path) check parameters
[0.547s] Level 1:colcon.colcon_core.package_discovery:discover_packages(colcon_meta) discover
[0.547s] Level 1:colcon.colcon_core.package_discovery:discover_packages(recursive) discover
[0.547s] INFO:colcon.colcon_core.package_discovery:Crawling recursively for packages in '/home/wb/ros_ws'
[0.547s] Level 1:colcon.colcon_core.package_identification:_identify(.) by extensions ['ignore', 'ignore_ament_install']
[0.547s] Level 1:colcon.colcon_core.package_identification:_identify(.) by extension 'ignore'
[0.548s] Level 1:colcon.colcon_core.package_identification:_identify(.) by extension 'ignore_ament_install'
[0.548s] Level 1:colcon.colcon_core.package_identification:_identify(.) by extensions ['colcon_pkg']
[0.548s] Level 1:colcon.colcon_core.package_identification:_identify(.) by extension 'colcon_pkg'
[0.548s] Level 1:colcon.colcon_core.package_identification:_identify(.) by extensions ['colcon_meta']
[0.548s] Level 1:colcon.colcon_core.package_identification:_identify(.) by extension 'colcon_meta'
[0.548s] Level 1:colcon.colcon_core.package_identification:_identify(.) by extensions ['ros']
[0.548s] Level 1:colcon.colcon_core.package_identification:_identify(.) by extension 'ros'
[0.559s] Level 1:colcon.colcon_core.package_identification:_identify(.) by extensions ['cmake', 'python']
[0.559s] Level 1:colcon.colcon_core.package_identification:_identify(.) by extension 'cmake'
[0.559s] Level 1:colcon.colcon_core.package_identification:_identify(.) by extension 'python'
[0.559s] Level 1:colcon.colcon_core.package_identification:_identify(.) by extensions ['python_setup_py']
[0.559s] Level 1:colcon.colcon_core.package_identification:_identify(.) by extension 'python_setup_py'
[0.560s] Level 1:colcon.colcon_core.package_identification:_identify(build) by extensions ['ignore', 'ignore_ament_install']
[0.560s] Level 1:colcon.colcon_core.package_identification:_identify(build) by extension 'ignore'
[0.560s] Level 1:colcon.colcon_core.package_identification:_identify(build) ignored
[0.560s] Level 1:colcon.colcon_core.package_identification:_identify(install) by extensions ['ignore', 'ignore_ament_install']
[0.560s] Level 1:colcon.colcon_core.package_identification:_identify(install) by extension 'ignore'
[0.560s] Level 1:colcon.colcon_core.package_identification:_identify(install) ignored
[0.560s] Level 1:colcon.colcon_core.package_identification:_identify(log) by extensions ['ignore', 'ignore_ament_install']
[0.560s] Level 1:colcon.colcon_core.package_identification:_identify(log) by extension 'ignore'
[0.560s] Level 1:colcon.colcon_core.package_identification:_identify(log) ignored
[0.560s] Level 1:colcon.colcon_core.package_identification:_identify(src) by extensions ['ignore', 'ignore_ament_install']
[0.560s] Level 1:colcon.colcon_core.package_identification:_identify(src) by extension 'ignore'
[0.560s] Level 1:colcon.colcon_core.package_identification:_identify(src) by extension 'ignore_ament_install'
[0.560s] Level 1:colcon.colcon_core.package_identification:_identify(src) by extensions ['colcon_pkg']
[0.560s] Level 1:colcon.colcon_core.package_identification:_identify(src) by extension 'colcon_pkg'
[0.560s] Level 1:colcon.colcon_core.package_identification:_identify(src) by extensions ['colcon_meta']
[0.560s] Level 1:colcon.colcon_core.package_identification:_identify(src) by extension 'colcon_meta'
[0.560s] Level 1:colcon.colcon_core.package_identification:_identify(src) by extensions ['ros']
[0.560s] Level 1:colcon.colcon_core.package_identification:_identify(src) by extension 'ros'
[0.560s] Level 1:colcon.colcon_core.package_identification:_identify(src) by extensions ['cmake', 'python']
[0.560s] Level 1:colcon.colcon_core.package_identification:_identify(src) by extension 'cmake'
[0.560s] Level 1:colcon.colcon_core.package_identification:_identify(src) by extension 'python'
[0.561s] Level 1:colcon.colcon_core.package_identification:_identify(src) by extensions ['python_setup_py']
[0.561s] Level 1:colcon.colcon_core.package_identification:_identify(src) by extension 'python_setup_py'
[0.561s] Level 1:colcon.colcon_core.package_identification:_identify(src/my_robot_description) by extensions ['ignore', 'ignore_ament_install']
[0.561s] Level 1:colcon.colcon_core.package_identification:_identify(src/my_robot_description) by extension 'ignore'
[0.561s] Level 1:colcon.colcon_core.package_identification:_identify(src/my_robot_description) by extension 'ignore_ament_install'
[0.561s] Level 1:colcon.colcon_core.package_identification:_identify(src/my_robot_description) by extensions ['colcon_pkg']
[0.561s] Level 1:colcon.colcon_core.package_identification:_identify(src/my_robot_description) by extension 'colcon_pkg'
[0.561s] Level 1:colcon.colcon_core.package_identification:_identify(src/my_robot_description) by extensions ['colcon_meta']
[0.561s] Level 1:colcon.colcon_core.package_identification:_identify(src/my_robot_description) by extension 'colcon_meta'
[0.562s] Level 1:colcon.colcon_core.package_identification:_identify(src/my_robot_description) by extensions ['ros']
[0.562s] Level 1:colcon.colcon_core.package_identification:_identify(src/my_robot_description) by extension 'ros'
[0.565s] DEBUG:colcon.colcon_core.package_identification:Package 'src/my_robot_description' with type 'ros.ament_cmake' and name 'my_robot_description'
[0.565s] Level 1:colcon.colcon_core.package_identification:_identify(src/my_robot_simulation) by extensions ['ignore', 'ignore_ament_install']
[0.565s] Level 1:colcon.colcon_core.package_identification:_identify(src/my_robot_simulation) by extension 'ignore'
[0.565s] Level 1:colcon.colcon_core.package_identification:_identify(src/my_robot_simulation) by extension 'ignore_ament_install'
[0.565s] Level 1:colcon.colcon_core.package_identification:_identify(src/my_robot_simulation) by extensions ['colcon_pkg']
[0.565s] Level 1:colcon.colcon_core.package_identification:_identify(src/my_robot_simulation) by extension 'colcon_pkg'
[0.565s] Level 1:colcon.colcon_core.package_identification:_identify(src/my_robot_simulation) by extensions ['colcon_meta']
[0.565s] Level 1:colcon.colcon_core.package_identification:_identify(src/my_robot_simulation) by extension 'colcon_meta'
[0.565s] Level 1:colcon.colcon_core.package_identification:_identify(src/my_robot_simulation) by extensions ['ros']
[0.565s] Level 1:colcon.colcon_core.package_identification:_identify(src/my_robot_simulation) by extension 'ros'
[0.566s] DEBUG:colcon.colcon_core.package_identification:Package 'src/my_robot_simulation' with type 'ros.ament_cmake' and name 'my_robot_simulation'
[0.566s] Level 1:colcon.colcon_core.package_identification:_identify(src/simple_robot) by extensions ['ignore', 'ignore_ament_install']
[0.566s] Level 1:colcon.colcon_core.package_identification:_identify(src/simple_robot) by extension 'ignore'
[0.566s] Level 1:colcon.colcon_core.package_identification:_identify(src/simple_robot) by extension 'ignore_ament_install'
[0.566s] Level 1:colcon.colcon_core.package_identification:_identify(src/simple_robot) by extensions ['colcon_pkg']
[0.566s] Level 1:colcon.colcon_core.package_identification:_identify(src/simple_robot) by extension 'colcon_pkg'
[0.566s] Level 1:colcon.colcon_core.package_identification:_identify(src/simple_robot) by extensions ['colcon_meta']
[0.566s] Level 1:colcon.colcon_core.package_identification:_identify(src/simple_robot) by extension 'colcon_meta'
[0.566s] Level 1:colcon.colcon_core.package_identification:_identify(src/simple_robot) by extensions ['ros']
[0.566s] Level 1:colcon.colcon_core.package_identification:_identify(src/simple_robot) by extension 'ros'
[0.567s] DEBUG:colcon.colcon_core.package_identification:Package 'src/simple_robot' with type 'ros.ament_cmake' and name 'simple_robot'
[0.567s] Level 1:colcon.colcon_core.package_discovery:discover_packages(recursive) using defaults
[0.567s] Level 1:colcon.colcon_core.package_discovery:discover_packages(ignore) discover
[0.567s] Level 1:colcon.colcon_core.package_discovery:discover_packages(ignore) using defaults
[0.567s] Level 1:colcon.colcon_core.package_discovery:discover_packages(path) discover
[0.567s] Level 1:colcon.colcon_core.package_discovery:discover_packages(path) using defaults
[0.597s] Level 1:colcon.colcon_core.package_discovery:discover_packages(prefix_path) check parameters
[0.597s] Level 1:colcon.colcon_core.package_discovery:discover_packages(prefix_path) discover
[0.606s] DEBUG:colcon.colcon_installed_package_information.package_discovery:Found 3 installed packages in /home/wb/ros_ws/install
[0.607s] DEBUG:colcon.colcon_installed_package_information.package_discovery:Found 212 installed packages in /opt/ros/humble
[0.608s] Level 1:colcon.colcon_core.package_discovery:discover_packages(prefix_path) using defaults
[0.636s] Level 5:colcon.colcon_core.verb:set package 'my_robot_description' build argument 'cmake_args' from command line to 'None'
[0.636s] Level 5:colcon.colcon_core.verb:set package 'my_robot_description' build argument 'cmake_target' from command line to 'None'
[0.636s] Level 5:colcon.colcon_core.verb:set package 'my_robot_description' build argument 'cmake_target_skip_unavailable' from command line to 'False'
[0.636s] Level 5:colcon.colcon_core.verb:set package 'my_robot_description' build argument 'cmake_clean_cache' from command line to 'False'
[0.636s] Level 5:colcon.colcon_core.verb:set package 'my_robot_description' build argument 'cmake_clean_first' from command line to 'False'
[0.636s] Level 5:colcon.colcon_core.verb:set package 'my_robot_description' build argument 'cmake_force_configure' from command line to 'False'
[0.636s] Level 5:colcon.colcon_core.verb:set package 'my_robot_description' build argument 'ament_cmake_args' from command line to 'None'
[0.636s] Level 5:colcon.colcon_core.verb:set package 'my_robot_description' build argument 'catkin_cmake_args' from command line to 'None'
[0.636s] Level 5:colcon.colcon_core.verb:set package 'my_robot_description' build argument 'catkin_skip_building_tests' from command line to 'False'
[0.636s] DEBUG:colcon.colcon_core.verb:Building package 'my_robot_description' with the following arguments: {'ament_cmake_args': None, 'build_base': '/home/wb/ros_ws/build/my_robot_description', 'catkin_cmake_args': None, 'catkin_skip_building_tests': False, 'cmake_args': None, 'cmake_clean_cache': False, 'cmake_clean_first': False, 'cmake_force_configure': False, 'cmake_target': None, 'cmake_target_skip_unavailable': False, 'install_base': '/home/wb/ros_ws/install/my_robot_description', 'merge_install': False, 'path': '/home/wb/ros_ws/src/my_robot_description', 'symlink_install': True, 'test_result_base': None}
[0.636s] Level 5:colcon.colcon_core.verb:set package 'my_robot_simulation' build argument 'cmake_args' from command line to 'None'
[0.637s] Level 5:colcon.colcon_core.verb:set package 'my_robot_simulation' build argument 'cmake_target' from command line to 'None'
[0.637s] Level 5:colcon.colcon_core.verb:set package 'my_robot_simulation' build argument 'cmake_target_skip_unavailable' from command line to 'False'
[0.637s] Level 5:colcon.colcon_core.verb:set package 'my_robot_simulation' build argument 'cmake_clean_cache' from command line to 'False'
[0.637s] Level 5:colcon.colcon_core.verb:set package 'my_robot_simulation' build argument 'cmake_clean_first' from command line to 'False'
[0.637s] Level 5:colcon.colcon_core.verb:set package 'my_robot_simulation' build argument 'cmake_force_configure' from command line to 'False'
[0.637s] Level 5:colcon.colcon_core.verb:set package 'my_robot_simulation' build argument 'ament_cmake_args' from command line to 'None'
[0.637s] Level 5:colcon.colcon_core.verb:set package 'my_robot_simulation' build argument 'catkin_cmake_args' from command line to 'None'
[0.637s] Level 5:colcon.colcon_core.verb:set package 'my_robot_simulation' build argument 'catkin_skip_building_tests' from command line to 'False'
[0.637s] DEBUG:colcon.colcon_core.verb:Building package 'my_robot_simulation' with the following arguments: {'ament_cmake_args': None, 'build_base': '/home/wb/ros_ws/build/my_robot_simulation', 'catkin_cmake_args': None, 'catkin_skip_building_tests': False, 'cmake_args': None, 'cmake_clean_cache': False, 'cmake_clean_first': False, 'cmake_force_configure': False, 'cmake_target': None, 'cmake_target_skip_unavailable': False, 'install_base': '/home/wb/ros_ws/install/my_robot_simulation', 'merge_install': False, 'path': '/home/wb/ros_ws/src/my_robot_simulation', 'symlink_install': True, 'test_result_base': None}
[0.637s] Level 5:colcon.colcon_core.verb:set package 'simple_robot' build argument 'cmake_args' from command line to 'None'
[0.637s] Level 5:colcon.colcon_core.verb:set package 'simple_robot' build argument 'cmake_target' from command line to 'None'
[0.637s] Level 5:colcon.colcon_core.verb:set package 'simple_robot' build argument 'cmake_target_skip_unavailable' from command line to 'False'
[0.637s] Level 5:colcon.colcon_core.verb:set package 'simple_robot' build argument 'cmake_clean_cache' from command line to 'False'
[0.637s] Level 5:colcon.colcon_core.verb:set package 'simple_robot' build argument 'cmake_clean_first' from command line to 'False'
[0.637s] Level 5:colcon.colcon_core.verb:set package 'simple_robot' build argument 'cmake_force_configure' from command line to 'False'
[0.637s] Level 5:colcon.colcon_core.verb:set package 'simple_robot' build argument 'ament_cmake_args' from command line to 'None'
[0.637s] Level 5:colcon.colcon_core.verb:set package 'simple_robot' build argument 'catkin_cmake_args' from command line to 'None'
[0.637s] Level 5:colcon.colcon_core.verb:set package 'simple_robot' build argument 'catkin_skip_building_tests' from command line to 'False'
[0.637s] DEBUG:colcon.colcon_core.verb:Building package 'simple_robot' with the following arguments: {'ament_cmake_args': None, 'build_base': '/home/wb/ros_ws/build/simple_robot', 'catkin_cmake_args': None, 'catkin_skip_building_tests': False, 'cmake_args': None, 'cmake_clean_cache': False, 'cmake_clean_first': False, 'cmake_force_configure': False, 'cmake_target': None, 'cmake_target_skip_unavailable': False, 'install_base': '/home/wb/ros_ws/install/simple_robot', 'merge_install': False, 'path': '/home/wb/ros_ws/src/simple_robot', 'symlink_install': True, 'test_result_base': None}
[0.637s] INFO:colcon.colcon_core.executor:Executing jobs using 'parallel' executor
[0.638s] DEBUG:colcon.colcon_parallel_executor.executor.parallel:run_until_complete
[0.638s] INFO:colcon.colcon_ros.task.ament_cmake.build:Building ROS package in '/home/wb/ros_ws/src/my_robot_description' with build type 'ament_cmake'
[0.638s] INFO:colcon.colcon_cmake.task.cmake.build:Building CMake package in '/home/wb/ros_ws/src/my_robot_description'
[0.646s] INFO:colcon.colcon_core.plugin_system:Skipping extension 'colcon_core.shell.bat': Not used on non-Windows systems
[0.646s] INFO:colcon.colcon_core.shell:Skip shell extension 'powershell' for command environment: Not usable outside of PowerShell
[0.646s] DEBUG:colcon.colcon_core.shell:Skip shell extension 'dsv' for command environment
[0.649s] INFO:colcon.colcon_ros.task.ament_cmake.build:Building ROS package in '/home/wb/ros_ws/src/my_robot_simulation' with build type 'ament_cmake'
[0.649s] INFO:colcon.colcon_cmake.task.cmake.build:Building CMake package in '/home/wb/ros_ws/src/my_robot_simulation'
[0.650s] INFO:colcon.colcon_core.shell:Skip shell extension 'powershell' for command environment: Not usable outside of PowerShell
[0.650s] DEBUG:colcon.colcon_core.shell:Skip shell extension 'dsv' for command environment
[0.653s] INFO:colcon.colcon_ros.task.ament_cmake.build:Building ROS package in '/home/wb/ros_ws/src/simple_robot' with build type 'ament_cmake'
[0.653s] INFO:colcon.colcon_cmake.task.cmake.build:Building CMake package in '/home/wb/ros_ws/src/simple_robot'
[0.653s] INFO:colcon.colcon_core.shell:Skip shell extension 'powershell' for command environment: Not usable outside of PowerShell
[0.653s] DEBUG:colcon.colcon_core.shell:Skip shell extension 'dsv' for command environment
[0.660s] DEBUG:colcon.colcon_core.event_handler.log_command:Invoking command in '/home/wb/ros_ws/build/my_robot_description': CMAKE_PREFIX_PATH=${CMAKE_PREFIX_PATH}:/opt/ros/humble /usr/bin/cmake /home/wb/ros_ws/src/my_robot_description -DAMENT_CMAKE_SYMLINK_INSTALL=1 -DCMAKE_INSTALL_PREFIX=/home/wb/ros_ws/install/my_robot_description
[0.671s] DEBUG:colcon.colcon_core.event_handler.log_command:Invoking command in '/home/wb/ros_ws/build/my_robot_simulation': CMAKE_PREFIX_PATH=${CMAKE_PREFIX_PATH}:/opt/ros/humble /usr/bin/cmake /home/wb/ros_ws/src/my_robot_simulation -DAMENT_CMAKE_SYMLINK_INSTALL=1 -DCMAKE_INSTALL_PREFIX=/home/wb/ros_ws/install/my_robot_simulation
[0.677s] DEBUG:colcon.colcon_core.event_handler.log_command:Invoking command in '/home/wb/ros_ws/build/simple_robot': CMAKE_PREFIX_PATH=${CMAKE_PREFIX_PATH}:/opt/ros/humble /usr/bin/cmake /home/wb/ros_ws/src/simple_robot -DAMENT_CMAKE_SYMLINK_INSTALL=1 -DCMAKE_INSTALL_PREFIX=/home/wb/ros_ws/install/simple_robot
[0.984s] DEBUG:colcon.colcon_core.event_handler.log_command:Invoked command in '/home/wb/ros_ws/build/my_robot_simulation' returned '0': CMAKE_PREFIX_PATH=${CMAKE_PREFIX_PATH}:/opt/ros/humble /usr/bin/cmake /home/wb/ros_ws/src/my_robot_simulation -DAMENT_CMAKE_SYMLINK_INSTALL=1 -DCMAKE_INSTALL_PREFIX=/home/wb/ros_ws/install/my_robot_simulation
[0.984s] DEBUG:colcon.colcon_core.event_handler.log_command:Invoking command in '/home/wb/ros_ws/build/my_robot_simulation': CMAKE_PREFIX_PATH=${CMAKE_PREFIX_PATH}:/opt/ros/humble /usr/bin/cmake --build /home/wb/ros_ws/build/my_robot_simulation -- -j4 -l4
[0.985s] DEBUG:colcon.colcon_core.event_handler.log_command:Invoked command in '/home/wb/ros_ws/build/my_robot_description' returned '0': CMAKE_PREFIX_PATH=${CMAKE_PREFIX_PATH}:/opt/ros/humble /usr/bin/cmake /home/wb/ros_ws/src/my_robot_description -DAMENT_CMAKE_SYMLINK_INSTALL=1 -DCMAKE_INSTALL_PREFIX=/home/wb/ros_ws/install/my_robot_description
[0.985s] DEBUG:colcon.colcon_core.event_handler.log_command:Invoking command in '/home/wb/ros_ws/build/my_robot_description': CMAKE_PREFIX_PATH=${CMAKE_PREFIX_PATH}:/opt/ros/humble /usr/bin/cmake --build /home/wb/ros_ws/build/my_robot_description -- -j4 -l4
[1.020s] DEBUG:colcon.colcon_core.event_handler.log_command:Invoked command in '/home/wb/ros_ws/build/my_robot_simulation' returned '0': CMAKE_PREFIX_PATH=${CMAKE_PREFIX_PATH}:/opt/ros/humble /usr/bin/cmake --build /home/wb/ros_ws/build/my_robot_simulation -- -j4 -l4
[1.030s] DEBUG:colcon.colcon_core.event_handler.log_command:Invoking command in '/home/wb/ros_ws/build/my_robot_simulation': CMAKE_PREFIX_PATH=${CMAKE_PREFIX_PATH}:/opt/ros/humble /usr/bin/cmake --install /home/wb/ros_ws/build/my_robot_simulation
[1.031s] DEBUG:colcon.colcon_core.event_handler.log_command:Invoked command in '/home/wb/ros_ws/build/my_robot_description' returned '0': CMAKE_PREFIX_PATH=${CMAKE_PREFIX_PATH}:/opt/ros/humble /usr/bin/cmake --build /home/wb/ros_ws/build/my_robot_description -- -j4 -l4
[1.032s] DEBUG:colcon.colcon_core.event_handler.log_command:Invoking command in '/home/wb/ros_ws/build/my_robot_description': CMAKE_PREFIX_PATH=${CMAKE_PREFIX_PATH}:/opt/ros/humble /usr/bin/cmake --install /home/wb/ros_ws/build/my_robot_description
[1.056s] Level 1:colcon.colcon_core.environment:create_environment_scripts_only(my_robot_simulation)
[1.056s] DEBUG:colcon.colcon_core.event_handler.log_command:Invoked command in '/home/wb/ros_ws/build/my_robot_simulation' returned '0': CMAKE_PREFIX_PATH=${CMAKE_PREFIX_PATH}:/opt/ros/humble /usr/bin/cmake --install /home/wb/ros_ws/build/my_robot_simulation
[1.065s] Level 1:colcon.colcon_core.environment:checking '/home/wb/ros_ws/install/my_robot_simulation' for CMake module files
[1.065s] Level 1:colcon.colcon_core.environment:checking '/home/wb/ros_ws/install/my_robot_simulation' for CMake config files
[1.065s] Level 1:colcon.colcon_core.shell:create_environment_hook('my_robot_simulation', 'cmake_prefix_path')
[1.066s] INFO:colcon.colcon_core.shell:Creating environment hook '/home/wb/ros_ws/install/my_robot_simulation/share/my_robot_simulation/hook/cmake_prefix_path.ps1'
[1.067s] INFO:colcon.colcon_core.shell:Creating environment descriptor '/home/wb/ros_ws/install/my_robot_simulation/share/my_robot_simulation/hook/cmake_prefix_path.dsv'
[1.068s] INFO:colcon.colcon_core.shell:Creating environment hook '/home/wb/ros_ws/install/my_robot_simulation/share/my_robot_simulation/hook/cmake_prefix_path.sh'
[1.069s] Level 1:colcon.colcon_core.environment:checking '/home/wb/ros_ws/install/my_robot_simulation/bin'
[1.069s] Level 1:colcon.colcon_core.environment:checking '/home/wb/ros_ws/install/my_robot_simulation/lib/pkgconfig/my_robot_simulation.pc'
[1.069s] Level 1:colcon.colcon_core.environment:checking '/home/wb/ros_ws/install/my_robot_simulation/lib/python3.10/site-packages'
[1.069s] Level 1:colcon.colcon_core.environment:checking '/home/wb/ros_ws/install/my_robot_simulation/bin'
[1.069s] INFO:colcon.colcon_core.shell:Creating package script '/home/wb/ros_ws/install/my_robot_simulation/share/my_robot_simulation/package.ps1'
[1.070s] INFO:colcon.colcon_core.shell:Creating package descriptor '/home/wb/ros_ws/install/my_robot_simulation/share/my_robot_simulation/package.dsv'
[1.071s] INFO:colcon.colcon_core.shell:Creating package script '/home/wb/ros_ws/install/my_robot_simulation/share/my_robot_simulation/package.sh'
[1.072s] INFO:colcon.colcon_core.shell:Creating package script '/home/wb/ros_ws/install/my_robot_simulation/share/my_robot_simulation/package.bash'
[1.073s] INFO:colcon.colcon_core.shell:Creating package script '/home/wb/ros_ws/install/my_robot_simulation/share/my_robot_simulation/package.zsh'
[1.074s] Level 1:colcon.colcon_core.environment:create_file_with_runtime_dependencies(/home/wb/ros_ws/install/my_robot_simulation/share/colcon-core/packages/my_robot_simulation)
[1.075s] Level 1:colcon.colcon_core.environment:create_environment_scripts_only(my_robot_simulation)
[1.075s] Level 1:colcon.colcon_core.environment:checking '/home/wb/ros_ws/install/my_robot_simulation' for CMake module files
[1.075s] Level 1:colcon.colcon_core.environment:checking '/home/wb/ros_ws/install/my_robot_simulation' for CMake config files
[1.076s] Level 1:colcon.colcon_core.shell:create_environment_hook('my_robot_simulation', 'cmake_prefix_path')
[1.076s] INFO:colcon.colcon_core.shell:Creating environment hook '/home/wb/ros_ws/install/my_robot_simulation/share/my_robot_simulation/hook/cmake_prefix_path.ps1'
[1.076s] INFO:colcon.colcon_core.shell:Creating environment descriptor '/home/wb/ros_ws/install/my_robot_simulation/share/my_robot_simulation/hook/cmake_prefix_path.dsv'
[1.076s] INFO:colcon.colcon_core.shell:Creating environment hook '/home/wb/ros_ws/install/my_robot_simulation/share/my_robot_simulation/hook/cmake_prefix_path.sh'
[1.077s] Level 1:colcon.colcon_core.environment:checking '/home/wb/ros_ws/install/my_robot_simulation/bin'
[1.077s] Level 1:colcon.colcon_core.environment:checking '/home/wb/ros_ws/install/my_robot_simulation/lib/pkgconfig/my_robot_simulation.pc'
[1.077s] Level 1:colcon.colcon_core.environment:checking '/home/wb/ros_ws/install/my_robot_simulation/lib/python3.10/site-packages'
[1.077s] Level 1:colcon.colcon_core.environment:checking '/home/wb/ros_ws/install/my_robot_simulation/bin'
[1.077s] INFO:colcon.colcon_core.shell:Creating package script '/home/wb/ros_ws/install/my_robot_simulation/share/my_robot_simulation/package.ps1'
[1.078s] INFO:colcon.colcon_core.shell:Creating package descriptor '/home/wb/ros_ws/install/my_robot_simulation/share/my_robot_simulation/package.dsv'
[1.078s] INFO:colcon.colcon_core.shell:Creating package script '/home/wb/ros_ws/install/my_robot_simulation/share/my_robot_simulation/package.sh'
[1.079s] INFO:colcon.colcon_core.shell:Creating package script '/home/wb/ros_ws/install/my_robot_simulation/share/my_robot_simulation/package.bash'
[1.079s] INFO:colcon.colcon_core.shell:Creating package script '/home/wb/ros_ws/install/my_robot_simulation/share/my_robot_simulation/package.zsh'
[1.079s] Level 1:colcon.colcon_core.environment:create_file_with_runtime_dependencies(/home/wb/ros_ws/install/my_robot_simulation/share/colcon-core/packages/my_robot_simulation)
[1.079s] Level 1:colcon.colcon_core.environment:create_environment_scripts_only(my_robot_description)
[1.080s] Level 1:colcon.colcon_core.environment:checking '/home/wb/ros_ws/install/my_robot_description' for CMake module files
[1.081s] DEBUG:colcon.colcon_core.event_handler.log_command:Invoked command in '/home/wb/ros_ws/build/my_robot_description' returned '0': CMAKE_PREFIX_PATH=${CMAKE_PREFIX_PATH}:/opt/ros/humble /usr/bin/cmake --install /home/wb/ros_ws/build/my_robot_description
[1.081s] Level 1:colcon.colcon_core.environment:checking '/home/wb/ros_ws/install/my_robot_description' for CMake config files
[1.081s] Level 1:colcon.colcon_core.shell:create_environment_hook('my_robot_description', 'cmake_prefix_path')
[1.081s] INFO:colcon.colcon_core.shell:Creating environment hook '/home/wb/ros_ws/install/my_robot_description/share/my_robot_description/hook/cmake_prefix_path.ps1'
[1.082s] INFO:colcon.colcon_core.shell:Creating environment descriptor '/home/wb/ros_ws/install/my_robot_description/share/my_robot_description/hook/cmake_prefix_path.dsv'
[1.082s] INFO:colcon.colcon_core.shell:Creating environment hook '/home/wb/ros_ws/install/my_robot_description/share/my_robot_description/hook/cmake_prefix_path.sh'
[1.082s] Level 1:colcon.colcon_core.environment:checking '/home/wb/ros_ws/install/my_robot_description/bin'
[1.082s] Level 1:colcon.colcon_core.environment:checking '/home/wb/ros_ws/install/my_robot_description/lib/pkgconfig/my_robot_description.pc'
[1.083s] Level 1:colcon.colcon_core.environment:checking '/home/wb/ros_ws/install/my_robot_description/lib/python3.10/site-packages'
[1.083s] Level 1:colcon.colcon_core.environment:checking '/home/wb/ros_ws/install/my_robot_description/bin'
[1.083s] INFO:colcon.colcon_core.shell:Creating package script '/home/wb/ros_ws/install/my_robot_description/share/my_robot_description/package.ps1'
[1.083s] INFO:colcon.colcon_core.shell:Creating package descriptor '/home/wb/ros_ws/install/my_robot_description/share/my_robot_description/package.dsv'
[1.084s] INFO:colcon.colcon_core.shell:Creating package script '/home/wb/ros_ws/install/my_robot_description/share/my_robot_description/package.sh'
[1.084s] INFO:colcon.colcon_core.shell:Creating package script '/home/wb/ros_ws/install/my_robot_description/share/my_robot_description/package.bash'
[1.084s] INFO:colcon.colcon_core.shell:Creating package script '/home/wb/ros_ws/install/my_robot_description/share/my_robot_description/package.zsh'
[1.085s] Level 1:colcon.colcon_core.environment:create_file_with_runtime_dependencies(/home/wb/ros_ws/install/my_robot_description/share/colcon-core/packages/my_robot_description)
[1.085s] Level 1:colcon.colcon_core.environment:create_environment_scripts_only(my_robot_description)
[1.085s] Level 1:colcon.colcon_core.environment:checking '/home/wb/ros_ws/install/my_robot_description' for CMake module files
[1.085s] Level 1:colcon.colcon_core.environment:checking '/home/wb/ros_ws/install/my_robot_description' for CMake config files
[1.086s] Level 1:colcon.colcon_core.shell:create_environment_hook('my_robot_description', 'cmake_prefix_path')
[1.086s] INFO:colcon.colcon_core.shell:Creating environment hook '/home/wb/ros_ws/install/my_robot_description/share/my_robot_description/hook/cmake_prefix_path.ps1'
[1.086s] INFO:colcon.colcon_core.shell:Creating environment descriptor '/home/wb/ros_ws/install/my_robot_description/share/my_robot_description/hook/cmake_prefix_path.dsv'
[1.086s] INFO:colcon.colcon_core.shell:Creating environment hook '/home/wb/ros_ws/install/my_robot_description/share/my_robot_description/hook/cmake_prefix_path.sh'
[1.087s] Level 1:colcon.colcon_core.environment:checking '/home/wb/ros_ws/install/my_robot_description/bin'
[1.087s] Level 1:colcon.colcon_core.environment:checking '/home/wb/ros_ws/install/my_robot_description/lib/pkgconfig/my_robot_description.pc'
[1.087s] Level 1:colcon.colcon_core.environment:checking '/home/wb/ros_ws/install/my_robot_description/lib/python3.10/site-packages'
[1.087s] Level 1:colcon.colcon_core.environment:checking '/home/wb/ros_ws/install/my_robot_description/bin'
[1.087s] INFO:colcon.colcon_core.shell:Creating package script '/home/wb/ros_ws/install/my_robot_description/share/my_robot_description/package.ps1'
[1.088s] INFO:colcon.colcon_core.shell:Creating package descriptor '/home/wb/ros_ws/install/my_robot_description/share/my_robot_description/package.dsv'
[1.088s] INFO:colcon.colcon_core.shell:Creating package script '/home/wb/ros_ws/install/my_robot_description/share/my_robot_description/package.sh'
[1.088s] INFO:colcon.colcon_core.shell:Creating package script '/home/wb/ros_ws/install/my_robot_description/share/my_robot_description/package.bash'
[1.089s] INFO:colcon.colcon_core.shell:Creating package script '/home/wb/ros_ws/install/my_robot_description/share/my_robot_description/package.zsh'
[1.089s] Level 1:colcon.colcon_core.environment:create_file_with_runtime_dependencies(/home/wb/ros_ws/install/my_robot_description/share/colcon-core/packages/my_robot_description)
[2.065s] DEBUG:colcon.colcon_core.event_handler.log_command:Invoked command in '/home/wb/ros_ws/build/simple_robot' returned '0': CMAKE_PREFIX_PATH=${CMAKE_PREFIX_PATH}:/opt/ros/humble /usr/bin/cmake /home/wb/ros_ws/src/simple_robot -DAMENT_CMAKE_SYMLINK_INSTALL=1 -DCMAKE_INSTALL_PREFIX=/home/wb/ros_ws/install/simple_robot
[2.067s] DEBUG:colcon.colcon_core.event_handler.log_command:Invoking command in '/home/wb/ros_ws/build/simple_robot': CMAKE_PREFIX_PATH=${CMAKE_PREFIX_PATH}:/opt/ros/humble /usr/bin/cmake --build /home/wb/ros_ws/build/simple_robot -- -j4 -l4
[2.102s] DEBUG:colcon.colcon_core.event_handler.log_command:Invoked command in '/home/wb/ros_ws/build/simple_robot' returned '0': CMAKE_PREFIX_PATH=${CMAKE_PREFIX_PATH}:/opt/ros/humble /usr/bin/cmake --build /home/wb/ros_ws/build/simple_robot -- -j4 -l4
[2.104s] DEBUG:colcon.colcon_core.event_handler.log_command:Invoking command in '/home/wb/ros_ws/build/simple_robot': CMAKE_PREFIX_PATH=${CMAKE_PREFIX_PATH}:/opt/ros/humble /usr/bin/cmake --install /home/wb/ros_ws/build/simple_robot
[2.126s] Level 1:colcon.colcon_core.environment:create_environment_scripts_only(simple_robot)
[2.126s] Level 1:colcon.colcon_core.environment:checking '/home/wb/ros_ws/install/simple_robot' for CMake module files
[2.126s] DEBUG:colcon.colcon_core.event_handler.log_command:Invoked command in '/home/wb/ros_ws/build/simple_robot' returned '0': CMAKE_PREFIX_PATH=${CMAKE_PREFIX_PATH}:/opt/ros/humble /usr/bin/cmake --install /home/wb/ros_ws/build/simple_robot
[2.127s] Level 1:colcon.colcon_core.environment:checking '/home/wb/ros_ws/install/simple_robot' for CMake config files
[2.127s] Level 1:colcon.colcon_core.shell:create_environment_hook('simple_robot', 'cmake_prefix_path')
[2.127s] INFO:colcon.colcon_core.shell:Creating environment hook '/home/wb/ros_ws/install/simple_robot/share/simple_robot/hook/cmake_prefix_path.ps1'
[2.128s] INFO:colcon.colcon_core.shell:Creating environment descriptor '/home/wb/ros_ws/install/simple_robot/share/simple_robot/hook/cmake_prefix_path.dsv'
[2.128s] INFO:colcon.colcon_core.shell:Creating environment hook '/home/wb/ros_ws/install/simple_robot/share/simple_robot/hook/cmake_prefix_path.sh'
[2.129s] Level 1:colcon.colcon_core.environment:checking '/home/wb/ros_ws/install/simple_robot/bin'
[2.129s] Level 1:colcon.colcon_core.environment:checking '/home/wb/ros_ws/install/simple_robot/lib/pkgconfig/simple_robot.pc'
[2.129s] Level 1:colcon.colcon_core.environment:checking '/home/wb/ros_ws/install/simple_robot/lib/python3.10/site-packages'
[2.129s] Level 1:colcon.colcon_core.environment:checking '/home/wb/ros_ws/install/simple_robot/bin'
[2.129s] INFO:colcon.colcon_core.shell:Creating package script '/home/wb/ros_ws/install/simple_robot/share/simple_robot/package.ps1'
[2.129s] INFO:colcon.colcon_core.shell:Creating package descriptor '/home/wb/ros_ws/install/simple_robot/share/simple_robot/package.dsv'
[2.130s] INFO:colcon.colcon_core.shell:Creating package script '/home/wb/ros_ws/install/simple_robot/share/simple_robot/package.sh'
[2.130s] INFO:colcon.colcon_core.shell:Creating package script '/home/wb/ros_ws/install/simple_robot/share/simple_robot/package.bash'
[2.130s] INFO:colcon.colcon_core.shell:Creating package script '/home/wb/ros_ws/install/simple_robot/share/simple_robot/package.zsh'
[2.131s] Level 1:colcon.colcon_core.environment:create_file_with_runtime_dependencies(/home/wb/ros_ws/install/simple_robot/share/colcon-core/packages/simple_robot)
[2.131s] Level 1:colcon.colcon_core.environment:create_environment_scripts_only(simple_robot)
[2.131s] Level 1:colcon.colcon_core.environment:checking '/home/wb/ros_ws/install/simple_robot' for CMake module files
[2.131s] Level 1:colcon.colcon_core.environment:checking '/home/wb/ros_ws/install/simple_robot' for CMake config files
[2.132s] Level 1:colcon.colcon_core.shell:create_environment_hook('simple_robot', 'cmake_prefix_path')
[2.132s] INFO:colcon.colcon_core.shell:Creating environment hook '/home/wb/ros_ws/install/simple_robot/share/simple_robot/hook/cmake_prefix_path.ps1'
[2.132s] INFO:colcon.colcon_core.shell:Creating environment descriptor '/home/wb/ros_ws/install/simple_robot/share/simple_robot/hook/cmake_prefix_path.dsv'
[2.132s] INFO:colcon.colcon_core.shell:Creating environment hook '/home/wb/ros_ws/install/simple_robot/share/simple_robot/hook/cmake_prefix_path.sh'
[2.133s] Level 1:colcon.colcon_core.environment:checking '/home/wb/ros_ws/install/simple_robot/bin'
[2.133s] Level 1:colcon.colcon_core.environment:checking '/home/wb/ros_ws/install/simple_robot/lib/pkgconfig/simple_robot.pc'
[2.133s] Level 1:colcon.colcon_core.environment:checking '/home/wb/ros_ws/install/simple_robot/lib/python3.10/site-packages'
[2.133s] Level 1:colcon.colcon_core.environment:checking '/home/wb/ros_ws/install/simple_robot/bin'
[2.133s] INFO:colcon.colcon_core.shell:Creating package script '/home/wb/ros_ws/install/simple_robot/share/simple_robot/package.ps1'
[2.134s] INFO:colcon.colcon_core.shell:Creating package descriptor '/home/wb/ros_ws/install/simple_robot/share/simple_robot/package.dsv'
[2.134s] INFO:colcon.colcon_core.shell:Creating package script '/home/wb/ros_ws/install/simple_robot/share/simple_robot/package.sh'
[2.134s] INFO:colcon.colcon_core.shell:Creating package script '/home/wb/ros_ws/install/simple_robot/share/simple_robot/package.bash'
[2.135s] INFO:colcon.colcon_core.shell:Creating package script '/home/wb/ros_ws/install/simple_robot/share/simple_robot/package.zsh'
[2.135s] Level 1:colcon.colcon_core.environment:create_file_with_runtime_dependencies(/home/wb/ros_ws/install/simple_robot/share/colcon-core/packages/simple_robot)
[2.135s] DEBUG:colcon.colcon_parallel_executor.executor.parallel:closing loop
[2.136s] DEBUG:colcon.colcon_parallel_executor.executor.parallel:loop closed
[2.136s] DEBUG:colcon.colcon_parallel_executor.executor.parallel:run_until_complete finished with '0'
[2.136s] DEBUG:colcon.colcon_core.event_reactor:joining thread
[2.141s] INFO:colcon.colcon_core.plugin_system:Skipping extension 'colcon_notification.desktop_notification.terminal_notifier': Not used on non-Darwin systems
[2.141s] INFO:colcon.colcon_core.plugin_system:Skipping extension 'colcon_notification.desktop_notification.win32': Not used on non-Windows systems
[2.141s] INFO:colcon.colcon_notification.desktop_notification:Sending desktop notification using 'notify2'
[2.159s] DEBUG:colcon.colcon_core.event_reactor:joined thread
[2.159s] INFO:colcon.colcon_core.shell:Creating prefix script '/home/wb/ros_ws/install/local_setup.ps1'
[2.160s] INFO:colcon.colcon_core.shell:Creating prefix util module '/home/wb/ros_ws/install/_local_setup_util_ps1.py'
[2.161s] INFO:colcon.colcon_core.shell:Creating prefix chain script '/home/wb/ros_ws/install/setup.ps1'
[2.163s] INFO:colcon.colcon_core.shell:Creating prefix script '/home/wb/ros_ws/install/local_setup.sh'
[2.166s] INFO:colcon.colcon_core.shell:Creating prefix util module '/home/wb/ros_ws/install/_local_setup_util_sh.py'
[2.166s] INFO:colcon.colcon_core.shell:Creating prefix chain script '/home/wb/ros_ws/install/setup.sh'
[2.169s] INFO:colcon.colcon_core.shell:Creating prefix script '/home/wb/ros_ws/install/local_setup.bash'
[2.170s] INFO:colcon.colcon_core.shell:Creating prefix chain script '/home/wb/ros_ws/install/setup.bash'
[2.171s] INFO:colcon.colcon_core.shell:Creating prefix script '/home/wb/ros_ws/install/local_setup.zsh'
[2.172s] INFO:colcon.colcon_core.shell:Creating prefix chain script '/home/wb/ros_ws/install/setup.zsh'
