[0.018s] Invoking command in '/home/wb/ros_ws/build/nav2_behavior_tree': AMENT_PREFIX_PATH=/home/wb/ros_ws/install/nav2_util:/home/wb/ros_ws/install/nav2_msgs:/home/wb/ros_ws/install/nav2_common:${AMENT_PREFIX_PATH} CMAKE_PREFIX_PATH=/home/wb/ros_ws/install/nav2_util:/home/wb/ros_ws/install/nav2_msgs:/home/wb/ros_ws/install/nav2_common:/home/wb/ros_ws/install/simple_robot:/home/wb/ros_ws/install/my_robot_navigation:/home/wb/ros_ws/install/my_robot_simulation:/home/wb/ros_ws/install/my_robot_description:/opt/ros/humble LD_LIBRARY_PATH=/home/wb/ros_ws/install/nav2_util/lib:/home/wb/ros_ws/install/nav2_msgs/lib:${LD_LIBRARY_PATH} PYTHONPATH=/home/wb/ros_ws/install/nav2_msgs/local/lib/python3.10/dist-packages:/home/wb/ros_ws/install/nav2_common/local/lib/python3.10/dist-packages:${PYTHONPATH} /usr/bin/cmake /home/wb/ros_ws/src/navigation2/nav2_behavior_tree -DCMAKE_INSTALL_PREFIX=/home/wb/ros_ws/install/nav2_behavior_tree
[0.072s] -- The CXX compiler identification is GNU 11.4.0
[0.077s] -- Detecting CXX compiler ABI info
[0.164s] -- Detecting CXX compiler ABI info - done
[0.170s] -- Check for working CXX compiler: /usr/bin/c++ - skipped
[0.170s] -- Detecting CXX compile features
[0.171s] -- Detecting CXX compile features - done
[0.178s] -- Found ament_cmake: 1.3.11 (/opt/ros/humble/share/ament_cmake/cmake)
[0.307s] -- Found Python3: /usr/bin/python3 (found version "3.10.12") found components: Interpreter 
[0.380s] -- Found nav2_common: 1.1.18 (/home/wb/ros_ws/install/nav2_common/share/nav2_common/cmake)
[0.380s] -- Found rclcpp: 16.0.12 (/opt/ros/humble/share/rclcpp/cmake)
[0.416s] -- Found rosidl_generator_c: 3.1.6 (/opt/ros/humble/share/rosidl_generator_c/cmake)
[0.424s] -- Found rosidl_adapter: 3.1.6 (/opt/ros/humble/share/rosidl_adapter/cmake)
[0.429s] -- Found rosidl_generator_cpp: 3.1.6 (/opt/ros/humble/share/rosidl_generator_cpp/cmake)
[0.442s] -- Using all available rosidl_typesupport_c: rosidl_typesupport_fastrtps_c;rosidl_typesupport_introspection_c
[0.456s] -- Using all available rosidl_typesupport_cpp: rosidl_typesupport_fastrtps_cpp;rosidl_typesupport_introspection_cpp
[0.498s] -- Found rmw_implementation_cmake: 6.1.2 (/opt/ros/humble/share/rmw_implementation_cmake/cmake)
[0.498s] -- Found rmw_fastrtps_cpp: 6.2.7 (/opt/ros/humble/share/rmw_fastrtps_cpp/cmake)
[0.574s] -- Found OpenSSL: /usr/lib/x86_64-linux-gnu/libcrypto.so (found version "3.0.2")  
[0.593s] -- Found FastRTPS: /opt/ros/humble/include  
[0.625s] -- Using RMW implementation 'rmw_fastrtps_cpp' as default
[0.635s] -- Looking for C++ include pthread.h
[0.722s] -- Looking for C++ include pthread.h - found
[0.722s] -- Performing Test CMAKE_HAVE_LIBC_PTHREAD
[0.810s] -- Performing Test CMAKE_HAVE_LIBC_PTHREAD - Success
[0.810s] -- Found Threads: TRUE  
[0.847s] -- Found rclcpp_action: 16.0.12 (/opt/ros/humble/share/rclcpp_action/cmake)
[0.875s] -- Found rclcpp_lifecycle: 16.0.12 (/opt/ros/humble/share/rclcpp_lifecycle/cmake)
[0.892s] -- Found geometry_msgs: 4.8.0 (/opt/ros/humble/share/geometry_msgs/cmake)
[0.905s] -- Found sensor_msgs: 4.8.0 (/opt/ros/humble/share/sensor_msgs/cmake)
[0.938s] -- Found nav2_msgs: 1.1.18 (/home/wb/ros_ws/install/nav2_msgs/share/nav2_msgs/cmake)
[0.976s] -- Found tf2_ros: 0.25.12 (/opt/ros/humble/share/tf2_ros/cmake)
[1.029s] -- Found tf2_geometry_msgs: 0.25.12 (/opt/ros/humble/share/tf2_geometry_msgs/cmake)
[1.041s] -- Found eigen3_cmake_module: 0.1.1 (/opt/ros/humble/share/eigen3_cmake_module/cmake)
[1.041s] -- Found Eigen3: TRUE (found version "3.4.0") 
[1.041s] -- Ensuring Eigen3 include directory is part of orocos-kdl CMake target
[1.044s] -- Found std_srvs: 4.8.0 (/opt/ros/humble/share/std_srvs/cmake)
[1.050s] -- Found nav2_util: 1.1.18 (/home/wb/ros_ws/install/nav2_util/share/nav2_util/cmake)
[1.074s] -- Setting build type to Release as none was specified.
[2.439s] -- Found ament_lint_auto: 0.12.12 (/opt/ros/humble/share/ament_lint_auto/cmake)
[2.725s] -- Found gtest sources under '/opt/ros/humble/src/gtest_vendor': C++ tests using 'Google Test' will be built
[2.874s] -- The C compiler identification is GNU 11.4.0
[2.901s] -- Detecting C compiler ABI info
[3.142s] -- Detecting C compiler ABI info - done
[3.158s] -- Check for working C compiler: /usr/bin/cc - skipped
[3.159s] -- Detecting C compile features
[3.162s] -- Detecting C compile features - done
[5.630s] -- Added test 'copyright' to check source files copyright and LICENSE
[5.642s] -- Added test 'cppcheck' to perform static code analysis on C / C++ code
[5.658s] -- Configured cppcheck include dirs: /home/wb/ros_ws/src/navigation2/nav2_behavior_tree/include
[5.658s] -- Configured cppcheck exclude dirs and/or files: 
[5.671s] -- Added test 'cpplint' to check C / C++ code against the Google style
[5.671s] -- Configured cpplint exclude dirs and/or files: 
[5.678s] -- Added test 'lint_cmake' to check CMake code style
[5.698s] -- Added test 'uncrustify' to check C / C++ code style
[5.698s] -- Configured uncrustify additional arguments: 
[5.704s] -- Added test 'xmllint' to check XML markup files
[5.707s] -- Configuring done
[12.252s] -- Generating done
[12.660s] -- Build files have been written to: /home/wb/ros_ws/build/nav2_behavior_tree
[12.696s] Invoked command in '/home/wb/ros_ws/build/nav2_behavior_tree' returned '0': AMENT_PREFIX_PATH=/home/wb/ros_ws/install/nav2_util:/home/wb/ros_ws/install/nav2_msgs:/home/wb/ros_ws/install/nav2_common:${AMENT_PREFIX_PATH} CMAKE_PREFIX_PATH=/home/wb/ros_ws/install/nav2_util:/home/wb/ros_ws/install/nav2_msgs:/home/wb/ros_ws/install/nav2_common:/home/wb/ros_ws/install/simple_robot:/home/wb/ros_ws/install/my_robot_navigation:/home/wb/ros_ws/install/my_robot_simulation:/home/wb/ros_ws/install/my_robot_description:/opt/ros/humble LD_LIBRARY_PATH=/home/wb/ros_ws/install/nav2_util/lib:/home/wb/ros_ws/install/nav2_msgs/lib:${LD_LIBRARY_PATH} PYTHONPATH=/home/wb/ros_ws/install/nav2_msgs/local/lib/python3.10/dist-packages:/home/wb/ros_ws/install/nav2_common/local/lib/python3.10/dist-packages:${PYTHONPATH} /usr/bin/cmake /home/wb/ros_ws/src/navigation2/nav2_behavior_tree -DCMAKE_INSTALL_PREFIX=/home/wb/ros_ws/install/nav2_behavior_tree
[12.699s] Invoking command in '/home/wb/ros_ws/build/nav2_behavior_tree': AMENT_PREFIX_PATH=/home/wb/ros_ws/install/nav2_util:/home/wb/ros_ws/install/nav2_msgs:/home/wb/ros_ws/install/nav2_common:${AMENT_PREFIX_PATH} CMAKE_PREFIX_PATH=/home/wb/ros_ws/install/nav2_util:/home/wb/ros_ws/install/nav2_msgs:/home/wb/ros_ws/install/nav2_common:/home/wb/ros_ws/install/simple_robot:/home/wb/ros_ws/install/my_robot_navigation:/home/wb/ros_ws/install/my_robot_simulation:/home/wb/ros_ws/install/my_robot_description:/opt/ros/humble LD_LIBRARY_PATH=/home/wb/ros_ws/install/nav2_util/lib:/home/wb/ros_ws/install/nav2_msgs/lib:${LD_LIBRARY_PATH} PYTHONPATH=/home/wb/ros_ws/install/nav2_msgs/local/lib/python3.10/dist-packages:/home/wb/ros_ws/install/nav2_common/local/lib/python3.10/dist-packages:${PYTHONPATH} /usr/bin/cmake --build /home/wb/ros_ws/build/nav2_behavior_tree -- -j4 -l4
[12.823s] [  1%] [32mBuilding CXX object CMakeFiles/nav2_behavior_tree.dir/src/behavior_tree_engine.cpp.o[0m
[16.160s] [  1%] [32m[1mLinking CXX shared library libnav2_behavior_tree.so[0m
[16.347s] [  1%] Built target nav2_behavior_tree
[16.374s] [  2%] [32mBuilding CXX object CMakeFiles/nav2_controller_cancel_bt_node.dir/plugins/action/controller_cancel_node.cpp.o[0m
[21.073s] [  2%] [32m[1mLinking CXX shared library libnav2_controller_cancel_bt_node.so[0m
[21.224s] [  2%] Built target nav2_controller_cancel_bt_node
[21.250s] [  3%] [32mBuilding CXX object CMakeFiles/nav2_wait_cancel_bt_node.dir/plugins/action/wait_cancel_node.cpp.o[0m
[25.731s] [  3%] [32m[1mLinking CXX shared library libnav2_wait_cancel_bt_node.so[0m
[25.881s] [  3%] Built target nav2_wait_cancel_bt_node
[25.900s] [  4%] [32mBuilding CXX object CMakeFiles/nav2_spin_cancel_bt_node.dir/plugins/action/spin_cancel_node.cpp.o[0m
[30.062s] [  4%] [32m[1mLinking CXX shared library libnav2_spin_cancel_bt_node.so[0m
[30.212s] [  4%] Built target nav2_spin_cancel_bt_node
[30.229s] [  5%] [32mBuilding CXX object CMakeFiles/nav2_back_up_cancel_bt_node.dir/plugins/action/back_up_cancel_node.cpp.o[0m
[34.462s] [  5%] [32m[1mLinking CXX shared library libnav2_back_up_cancel_bt_node.so[0m
[34.631s] [  5%] Built target nav2_back_up_cancel_bt_node
[34.649s] [  6%] [32mBuilding CXX object CMakeFiles/nav2_assisted_teleop_cancel_bt_node.dir/plugins/action/assisted_teleop_cancel_node.cpp.o[0m
[39.151s] [  6%] [32m[1mLinking CXX shared library libnav2_assisted_teleop_cancel_bt_node.so[0m
[39.302s] [  6%] Built target nav2_assisted_teleop_cancel_bt_node
[39.322s] [  6%] [32mBuilding CXX object CMakeFiles/nav2_drive_on_heading_cancel_bt_node.dir/plugins/action/drive_on_heading_cancel_node.cpp.o[0m
[43.867s] [  7%] [32m[1mLinking CXX shared library libnav2_drive_on_heading_cancel_bt_node.so[0m
[44.039s] [  7%] Built target nav2_drive_on_heading_cancel_bt_node
[44.079s] [  7%] [32mBuilding CXX object CMakeFiles/nav2_smooth_path_action_bt_node.dir/plugins/action/smooth_path_action.cpp.o[0m
[50.851s] [  7%] [32m[1mLinking CXX shared library libnav2_smooth_path_action_bt_node.so[0m
[51.028s] [  7%] Built target nav2_smooth_path_action_bt_node
[51.050s] [  7%] [32mBuilding CXX object CMakeFiles/nav2_follow_path_action_bt_node.dir/plugins/action/follow_path_action.cpp.o[0m
[56.417s] [  8%] [32m[1mLinking CXX shared library libnav2_follow_path_action_bt_node.so[0m
[56.589s] [  8%] Built target nav2_follow_path_action_bt_node
[56.624s] [  9%] [32mBuilding CXX object CMakeFiles/nav2_back_up_action_bt_node.dir/plugins/action/back_up_action.cpp.o[0m
[61.684s] [  9%] [32m[1mLinking CXX shared library libnav2_back_up_action_bt_node.so[0m
[61.842s] [  9%] Built target nav2_back_up_action_bt_node
[61.864s] [  9%] [32mBuilding CXX object CMakeFiles/nav2_drive_on_heading_bt_node.dir/plugins/action/drive_on_heading_action.cpp.o[0m
[66.847s] [ 10%] [32m[1mLinking CXX shared library libnav2_drive_on_heading_bt_node.so[0m
[67.002s] [ 10%] Built target nav2_drive_on_heading_bt_node
[67.021s] [ 11%] [32mBuilding CXX object CMakeFiles/nav2_spin_action_bt_node.dir/plugins/action/spin_action.cpp.o[0m
[72.018s] [ 11%] [32m[1mLinking CXX shared library libnav2_spin_action_bt_node.so[0m
[72.183s] [ 11%] Built target nav2_spin_action_bt_node
[72.205s] [ 12%] [32mBuilding CXX object CMakeFiles/nav2_wait_action_bt_node.dir/plugins/action/wait_action.cpp.o[0m
[77.177s] [ 12%] [32m[1mLinking CXX shared library libnav2_wait_action_bt_node.so[0m
[77.332s] [ 12%] Built target nav2_wait_action_bt_node
[77.352s] [ 13%] [32mBuilding CXX object CMakeFiles/nav2_assisted_teleop_action_bt_node.dir/plugins/action/assisted_teleop_action.cpp.o[0m
[82.335s] [ 13%] [32m[1mLinking CXX shared library libnav2_assisted_teleop_action_bt_node.so[0m
[82.493s] [ 13%] Built target nav2_assisted_teleop_action_bt_node
[82.513s] [ 14%] [32mBuilding CXX object CMakeFiles/nav2_clear_costmap_service_bt_node.dir/plugins/action/clear_costmap_service.cpp.o[0m
[87.776s] [ 14%] [32m[1mLinking CXX shared library libnav2_clear_costmap_service_bt_node.so[0m
[87.932s] [ 14%] Built target nav2_clear_costmap_service_bt_node
[87.952s] [ 15%] [32mBuilding CXX object CMakeFiles/nav2_is_stuck_condition_bt_node.dir/plugins/condition/is_stuck_condition.cpp.o[0m
[95.518s] [ 15%] [32m[1mLinking CXX shared library libnav2_is_stuck_condition_bt_node.so[0m
[95.706s] [ 15%] Built target nav2_is_stuck_condition_bt_node
[95.726s] [ 16%] [32mBuilding CXX object CMakeFiles/nav2_transform_available_condition_bt_node.dir/plugins/condition/transform_available_condition.cpp.o[0m
[98.742s] [ 16%] [32mBuilding CXX object CMakeFiles/nav2_goal_reached_condition_bt_node.dir/plugins/condition/goal_reached_condition.cpp.o[0m
[98.841s] [ 16%] [32m[1mLinking CXX shared library libnav2_transform_available_condition_bt_node.so[0m
[98.986s] [ 16%] Built target nav2_transform_available_condition_bt_node
[99.008s] [ 17%] [32mBuilding CXX object CMakeFiles/nav2_compute_path_through_poses_action_bt_node.dir/plugins/action/compute_path_through_poses_action.cpp.o[0m
[101.112s] [ 17%] [32mBuilding CXX object CMakeFiles/nav2_globally_updated_goal_condition_bt_node.dir/plugins/condition/globally_updated_goal_condition.cpp.o[0m
[102.110s] [ 18%] [32mBuilding CXX object CMakeFiles/nav2_compute_path_to_pose_action_bt_node.dir/plugins/action/compute_path_to_pose_action.cpp.o[0m
[105.035s] [ 19%] [32m[1mLinking CXX shared library libnav2_goal_reached_condition_bt_node.so[0m
[105.292s] [ 19%] Built target nav2_goal_reached_condition_bt_node
[106.196s] [ 20%] [32m[1mLinking CXX shared library libnav2_globally_updated_goal_condition_bt_node.so[0m
[106.452s] [ 20%] Built target nav2_globally_updated_goal_condition_bt_node
[107.235s] [ 20%] [32m[1mLinking CXX shared library libnav2_compute_path_through_poses_action_bt_node.so[0m
[107.409s] [ 20%] Built target nav2_compute_path_through_poses_action_bt_node
[109.211s] [ 20%] [32m[1mLinking CXX shared library libnav2_compute_path_to_pose_action_bt_node.so[0m
[109.390s] [ 20%] Built target nav2_compute_path_to_pose_action_bt_node
[109.414s] [ 21%] [32mBuilding CXX object CMakeFiles/nav2_time_expired_condition_bt_node.dir/plugins/condition/time_expired_condition.cpp.o[0m
[112.895s] [ 21%] [32m[1mLinking CXX shared library libnav2_time_expired_condition_bt_node.so[0m
[113.034s] [ 21%] Built target nav2_time_expired_condition_bt_node
[113.055s] [ 22%] [32mBuilding CXX object CMakeFiles/nav2_path_expiring_timer_condition.dir/plugins/condition/path_expiring_timer_condition.cpp.o[0m
[116.218s] [ 22%] [32m[1mLinking CXX shared library libnav2_path_expiring_timer_condition.so[0m
[116.357s] [ 22%] Built target nav2_path_expiring_timer_condition
[116.377s] [ 22%] [32mBuilding CXX object CMakeFiles/nav2_distance_traveled_condition_bt_node.dir/plugins/condition/distance_traveled_condition.cpp.o[0m
[119.396s] [ 23%] [32mBuilding CXX object CMakeFiles/nav2_initial_pose_received_condition_bt_node.dir/plugins/condition/initial_pose_received_condition.cpp.o[0m
[119.788s] [ 24%] [32m[1mLinking CXX shared library libnav2_distance_traveled_condition_bt_node.so[0m
[119.958s] [ 24%] Built target nav2_distance_traveled_condition_bt_node
[119.980s] [ 25%] [32mBuilding CXX object CMakeFiles/nav2_is_path_valid_condition_bt_node.dir/plugins/condition/is_path_valid_condition.cpp.o[0m
[120.498s] [ 25%] [32m[1mLinking CXX shared library libnav2_initial_pose_received_condition_bt_node.so[0m
[120.627s] [ 25%] Built target nav2_initial_pose_received_condition_bt_node
[120.661s] [ 26%] [32mBuilding CXX object CMakeFiles/nav2_is_battery_charging_condition_bt_node.dir/plugins/condition/is_battery_charging_condition.cpp.o[0m
[120.662s] [ 26%] [32mBuilding CXX object CMakeFiles/nav2_goal_updated_condition_bt_node.dir/plugins/condition/goal_updated_condition.cpp.o[0m
[121.691s] [ 27%] [32mBuilding CXX object CMakeFiles/nav2_is_battery_low_condition_bt_node.dir/plugins/condition/is_battery_low_condition.cpp.o[0m
[122.397s] [ 27%] [32m[1mLinking CXX shared library libnav2_goal_updated_condition_bt_node.so[0m
[122.667s] [ 27%] Built target nav2_goal_updated_condition_bt_node
[122.706s] [ 27%] [32mBuilding CXX object CMakeFiles/nav2_reinitialize_global_localization_service_bt_node.dir/plugins/action/reinitialize_global_localization_service.cpp.o[0m
[125.456s] [ 27%] [32m[1mLinking CXX shared library libnav2_is_path_valid_condition_bt_node.so[0m
[125.776s] [ 27%] Built target nav2_is_path_valid_condition_bt_node
[127.354s] [ 28%] [32m[1mLinking CXX shared library libnav2_reinitialize_global_localization_service_bt_node.so[0m
[127.506s] [ 28%] Built target nav2_reinitialize_global_localization_service_bt_node
[128.527s] [ 28%] [32mBuilding CXX object CMakeFiles/nav2_distance_controller_bt_node.dir/plugins/decorator/distance_controller.cpp.o[0m
[130.198s] [ 28%] [32m[1mLinking CXX shared library libnav2_is_battery_charging_condition_bt_node.so[0m
[130.559s] [ 28%] [32mBuilding CXX object CMakeFiles/nav2_rate_controller_bt_node.dir/plugins/decorator/rate_controller.cpp.o[0m
[130.619s] [ 28%] Built target nav2_is_battery_charging_condition_bt_node
[130.663s] [ 29%] [32mBuilding CXX object CMakeFiles/nav2_speed_controller_bt_node.dir/plugins/decorator/speed_controller.cpp.o[0m
[131.458s] [ 29%] [32m[1mLinking CXX shared library libnav2_is_battery_low_condition_bt_node.so[0m
[131.698s] [ 29%] Built target nav2_is_battery_low_condition_bt_node
[131.755s] [ 30%] [32mBuilding CXX object CMakeFiles/nav2_truncate_path_action_bt_node.dir/plugins/action/truncate_path_action.cpp.o[0m
[133.284s] [ 31%] [32m[1mLinking CXX shared library libnav2_rate_controller_bt_node.so[0m
[133.555s] [ 31%] Built target nav2_rate_controller_bt_node
[134.274s] [ 32%] [32m[1mLinking CXX shared library libnav2_distance_controller_bt_node.so[0m
[134.580s] [ 32%] Built target nav2_distance_controller_bt_node
[137.087s] [ 32%] [32m[1mLinking CXX shared library libnav2_speed_controller_bt_node.so[0m
[137.125s] [ 32%] [32m[1mLinking CXX shared library libnav2_truncate_path_action_bt_node.so[0m
[137.275s] [ 32%] Built target nav2_truncate_path_action_bt_node
[137.341s] [ 32%] Built target nav2_speed_controller_bt_node
[137.361s] [ 32%] [32mBuilding CXX object CMakeFiles/nav2_path_longer_on_approach_bt_node.dir/plugins/decorator/path_longer_on_approach.cpp.o[0m
[140.837s] [ 33%] [32m[1mLinking CXX shared library libnav2_path_longer_on_approach_bt_node.so[0m
[140.966s] [ 33%] Built target nav2_path_longer_on_approach_bt_node
[140.990s] [ 33%] [32mBuilding CXX object CMakeFiles/nav2_recovery_node_bt_node.dir/plugins/control/recovery_node.cpp.o[0m
[142.351s] [ 34%] [32m[1mLinking CXX shared library libnav2_recovery_node_bt_node.so[0m
[142.467s] [ 34%] Built target nav2_recovery_node_bt_node
[142.496s] [ 35%] [32mBuilding CXX object CMakeFiles/nav2_navigate_to_pose_action_bt_node.dir/plugins/action/navigate_to_pose_action.cpp.o[0m
[147.735s] [ 35%] [32m[1mLinking CXX shared library libnav2_navigate_to_pose_action_bt_node.so[0m
[147.887s] [ 35%] Built target nav2_navigate_to_pose_action_bt_node
[147.911s] [ 36%] [32mBuilding CXX object CMakeFiles/nav2_navigate_through_poses_action_bt_node.dir/plugins/action/navigate_through_poses_action.cpp.o[0m
[153.078s] [ 36%] [32m[1mLinking CXX shared library libnav2_navigate_through_poses_action_bt_node.so[0m
[153.231s] [ 36%] Built target nav2_navigate_through_poses_action_bt_node
[153.260s] [ 36%] [32mBuilding CXX object CMakeFiles/nav2_remove_passed_goals_action_bt_node.dir/plugins/action/remove_passed_goals_action.cpp.o[0m
[156.952s] [ 37%] [32m[1mLinking CXX shared library libnav2_remove_passed_goals_action_bt_node.so[0m
[157.116s] [ 37%] Built target nav2_remove_passed_goals_action_bt_node
[157.135s] [ 37%] [32mBuilding CXX object CMakeFiles/nav2_get_pose_from_path_action_bt_node.dir/plugins/action/get_pose_from_path_action.cpp.o[0m
[160.520s] [ 38%] [32m[1mLinking CXX shared library libnav2_get_pose_from_path_action_bt_node.so[0m
[160.641s] [ 38%] Built target nav2_get_pose_from_path_action_bt_node
[160.660s] [ 38%] [32mBuilding CXX object CMakeFiles/nav2_pipeline_sequence_bt_node.dir/plugins/control/pipeline_sequence.cpp.o[0m
[161.693s] [ 39%] [32m[1mLinking CXX shared library libnav2_pipeline_sequence_bt_node.so[0m
[161.810s] [ 39%] Built target nav2_pipeline_sequence_bt_node
[161.829s] [ 39%] [32mBuilding CXX object CMakeFiles/nav2_round_robin_node_bt_node.dir/plugins/control/round_robin_node.cpp.o[0m
[162.858s] [ 40%] [32m[1mLinking CXX shared library libnav2_round_robin_node_bt_node.so[0m
[162.973s] [ 40%] Built target nav2_round_robin_node_bt_node
[162.992s] [ 40%] [32mBuilding CXX object CMakeFiles/nav2_single_trigger_bt_node.dir/plugins/decorator/single_trigger_node.cpp.o[0m
[163.997s] [ 41%] [32m[1mLinking CXX shared library libnav2_single_trigger_bt_node.so[0m
[164.115s] [ 41%] Built target nav2_single_trigger_bt_node
[164.136s] [ 41%] [32mBuilding CXX object CMakeFiles/nav2_planner_selector_bt_node.dir/plugins/action/planner_selector_node.cpp.o[0m
[171.491s] [ 42%] [32m[1mLinking CXX shared library libnav2_planner_selector_bt_node.so[0m
[171.662s] [ 42%] Built target nav2_planner_selector_bt_node
[171.681s] [ 42%] [32mBuilding CXX object CMakeFiles/nav2_controller_selector_bt_node.dir/plugins/action/controller_selector_node.cpp.o[0m
[173.696s] [ 43%] [32mBuilding CXX object CMakeFiles/nav2_smoother_selector_bt_node.dir/plugins/action/smoother_selector_node.cpp.o[0m
[174.737s] [ 44%] [32mBuilding CXX object CMakeFiles/nav2_goal_updater_node_bt_node.dir/plugins/decorator/goal_updater_node.cpp.o[0m
[175.764s] [ 45%] [32mBuilding CXX object CMakeFiles/nav2_truncate_path_local_action_bt_node.dir/plugins/action/truncate_path_local_action.cpp.o[0m
[185.660s] [ 46%] [32m[1mLinking CXX shared library libnav2_controller_selector_bt_node.so[0m
[186.019s] [ 46%] [32m[1mLinking CXX shared library libnav2_truncate_path_local_action_bt_node.so[0m
[186.061s] [ 46%] Built target nav2_controller_selector_bt_node
[186.463s] [ 46%] Built target nav2_truncate_path_local_action_bt_node
[188.612s] [ 46%] [32m[1mLinking CXX shared library libnav2_smoother_selector_bt_node.so[0m
[188.798s] [ 46%] Built target nav2_smoother_selector_bt_node
[190.035s] [ 46%] [32m[1mLinking CXX shared library libnav2_goal_updater_node_bt_node.so[0m
[190.246s] [ 46%] Built target nav2_goal_updater_node_bt_node
[190.268s] [ 47%] [32mBuilding CXX object CMakeFiles/nav2_goal_updated_controller_bt_node.dir/plugins/decorator/goal_updated_controller.cpp.o[0m
[193.305s] [ 47%] [32m[1mLinking CXX shared library libnav2_goal_updated_controller_bt_node.so[0m
[193.421s] [ 47%] Built target nav2_goal_updated_controller_bt_node
[193.441s] [ 48%] [32mBuilding CXX object gtest/CMakeFiles/gtest_main.dir/src/gtest_main.cc.o[0m
[194.170s] [ 48%] [32m[1mLinking CXX static library libgtest_main.a[0m
[194.198s] [ 48%] Built target gtest_main
[194.217s] [ 48%] [32mBuilding CXX object gtest/CMakeFiles/gtest.dir/src/gtest-all.cc.o[0m
[199.515s] [ 48%] [32m[1mLinking CXX static library libgtest.a[0m
[199.555s] [ 48%] Built target gtest
[199.577s] [ 48%] [32mBuilding CXX object CMakeFiles/nav2_progress_checker_selector_bt_node.dir/plugins/action/progress_checker_selector_node.cpp.o[0m
[208.632s] [ 48%] [32mBuilding CXX object test/plugins/condition/CMakeFiles/test_condition_distance_traveled.dir/test_distance_traveled.cpp.o[0m
[208.832s] [ 49%] [32m[1mLinking CXX shared library libnav2_progress_checker_selector_bt_node.so[0m
[209.070s] [ 49%] Built target nav2_progress_checker_selector_bt_node
[209.078s] [ 50%] [32mBuilding CXX object test/CMakeFiles/test_bt_conversions.dir/test_bt_conversions.cpp.o[0m
[209.123s] [ 50%] [32mBuilding CXX object CMakeFiles/nav2_goal_checker_selector_bt_node.dir/plugins/action/goal_checker_selector_node.cpp.o[0m
[210.150s] [ 50%] [32mBuilding CXX object test/plugins/condition/CMakeFiles/test_condition_time_expired.dir/test_time_expired.cpp.o[0m
[215.593s] [ 50%] [32m[1mLinking CXX executable test_bt_conversions[0m
[215.957s] [ 50%] Built target test_bt_conversions
[219.493s] [ 51%] [32m[1mLinking CXX executable test_condition_distance_traveled[0m
[219.752s] [ 51%] Built target test_condition_distance_traveled
[221.018s] [ 51%] [32m[1mLinking CXX executable test_condition_time_expired[0m
[221.285s] [ 51%] Built target test_condition_time_expired
[222.268s] [ 52%] [32m[1mLinking CXX shared library libnav2_goal_checker_selector_bt_node.so[0m
[222.453s] [ 52%] Built target nav2_goal_checker_selector_bt_node
[222.475s] [ 52%] [32mBuilding CXX object test/plugins/condition/CMakeFiles/test_condition_goal_updated.dir/test_goal_updated.cpp.o[0m
[227.870s] [ 53%] [32m[1mLinking CXX executable test_condition_goal_updated[0m
[228.098s] [ 53%] Built target test_condition_goal_updated
[228.118s] [ 53%] [32mBuilding CXX object test/plugins/condition/CMakeFiles/test_condition_globally_updated_goal.dir/test_globally_updated_goal.cpp.o[0m
[233.456s] [ 54%] [32m[1mLinking CXX executable test_condition_globally_updated_goal[0m
[233.673s] [ 54%] Built target test_condition_globally_updated_goal
[233.694s] [ 54%] [32mBuilding CXX object test/plugins/condition/CMakeFiles/test_condition_initial_pose_received.dir/test_initial_pose_received.cpp.o[0m
[234.747s] [ 55%] [32mBuilding CXX object test/plugins/condition/CMakeFiles/test_condition_transform_available.dir/test_transform_available.cpp.o[0m
[235.756s] [ 55%] [32mBuilding CXX object test/plugins/condition/CMakeFiles/test_condition_goal_reached.dir/test_goal_reached.cpp.o[0m
[236.810s] [ 55%] [32mBuilding CXX object test/plugins/condition/CMakeFiles/test_condition_path_expiring_timer.dir/test_path_expiring_timer.cpp.o[0m
[243.459s] [ 56%] [32m[1mLinking CXX executable test_condition_initial_pose_received[0m
[243.976s] [ 56%] Built target test_condition_initial_pose_received
[244.546s] [ 56%] [32m[1mLinking CXX executable test_condition_transform_available[0m
[244.933s] [ 56%] Built target test_condition_transform_available
[246.130s] [ 57%] [32m[1mLinking CXX executable test_condition_goal_reached[0m
[246.367s] [ 57%] Built target test_condition_goal_reached
[246.801s] [ 58%] [32m[1mLinking CXX executable test_condition_path_expiring_timer[0m
[247.017s] [ 58%] Built target test_condition_path_expiring_timer
[247.037s] [ 58%] [32mBuilding CXX object test/plugins/condition/CMakeFiles/test_condition_is_battery_low.dir/test_is_battery_low.cpp.o[0m
[252.614s] [ 59%] [32m[1mLinking CXX executable test_condition_is_battery_low[0m
[252.814s] [ 59%] Built target test_condition_is_battery_low
[252.833s] [ 59%] [32mBuilding CXX object test/plugins/condition/CMakeFiles/test_condition_is_path_valid.dir/test_is_path_valid.cpp.o[0m
[258.132s] [ 60%] [32m[1mLinking CXX executable test_condition_is_path_valid[0m
[258.319s] [ 60%] Built target test_condition_is_path_valid
[258.338s] [ 61%] [32mBuilding CXX object test/plugins/decorator/CMakeFiles/test_decorator_distance_controller.dir/test_distance_controller.cpp.o[0m
[263.492s] [ 61%] [32m[1mLinking CXX executable test_decorator_distance_controller[0m
[263.711s] [ 61%] Built target test_decorator_distance_controller
[263.734s] [ 62%] [32mBuilding CXX object test/plugins/decorator/CMakeFiles/test_decorator_speed_controller.dir/test_speed_controller.cpp.o[0m
[264.748s] [ 63%] [32mBuilding CXX object test/plugins/decorator/CMakeFiles/test_decorator_rate_controller.dir/test_rate_controller.cpp.o[0m
[265.762s] [ 63%] [32mBuilding CXX object test/plugins/condition/CMakeFiles/test_condition_is_battery_charging.dir/test_is_battery_charging.cpp.o[0m
[266.795s] [ 63%] [32mBuilding CXX object test/plugins/condition/CMakeFiles/test_condition_is_stuck.dir/test_is_stuck.cpp.o[0m
[272.244s] [ 63%] [32m[1mLinking CXX executable test_decorator_rate_controller[0m
[272.501s] [ 63%] [32m[1mLinking CXX executable test_decorator_speed_controller[0m
[272.631s] [ 63%] Built target test_decorator_rate_controller
[272.795s] [ 63%] Built target test_decorator_speed_controller
[273.614s] [ 64%] [32m[1mLinking CXX executable test_condition_is_battery_charging[0m
[273.816s] [ 64%] Built target test_condition_is_battery_charging
[273.817s] [ 64%] [32mBuilding CXX object test/plugins/decorator/CMakeFiles/test_single_trigger_node.dir/test_single_trigger_node.cpp.o[0m
[273.837s] [ 64%] [32mBuilding CXX object test/plugins/decorator/CMakeFiles/test_goal_updater_node.dir/test_goal_updater_node.cpp.o[0m
[274.869s] [ 64%] [32mBuilding CXX object test/plugins/decorator/CMakeFiles/test_goal_updated_controller.dir/test_goal_updated_controller.cpp.o[0m
[275.197s] [ 65%] [32m[1mLinking CXX executable test_condition_is_stuck[0m
[275.554s] [ 65%] Built target test_condition_is_stuck
[275.594s] [ 66%] [32mBuilding CXX object test/plugins/decorator/CMakeFiles/test_decorator_path_longer_on_approach.dir/test_path_longer_on_approach.cpp.o[0m
[280.231s] [ 67%] [32m[1mLinking CXX executable test_single_trigger_node[0m
[280.498s] [ 67%] Built target test_single_trigger_node
[281.197s] [ 68%] [32m[1mLinking CXX executable test_goal_updater_node[0m
[281.298s] [ 69%] [32m[1mLinking CXX executable test_goal_updated_controller[0m
[281.434s] [ 69%] Built target test_goal_updater_node
[281.517s] [ 69%] Built target test_goal_updated_controller
[281.839s] [ 69%] [32m[1mLinking CXX executable test_decorator_path_longer_on_approach[0m
[282.015s] [ 69%] Built target test_decorator_path_longer_on_approach
[282.035s] [ 70%] [32mBuilding CXX object test/plugins/control/CMakeFiles/test_control_round_robin_node.dir/test_round_robin_node.cpp.o[0m
[285.055s] [ 71%] [32mBuilding CXX object test/plugins/action/CMakeFiles/test_bt_action_node.dir/test_bt_action_node.cpp.o[0m
[286.093s] [ 72%] [32mBuilding CXX object test/plugins/control/CMakeFiles/test_control_pipeline_sequence.dir/test_pipeline_sequence.cpp.o[0m
[287.124s] [ 73%] [32mBuilding CXX object test/plugins/control/CMakeFiles/test_control_recovery_node.dir/test_recovery_node.cpp.o[0m
[289.554s] [ 73%] [32m[1mLinking CXX executable test_control_round_robin_node[0m
[290.187s] [ 73%] Built target test_control_round_robin_node
[297.553s] [ 73%] [32m[1mLinking CXX executable test_control_pipeline_sequence[0m
[297.938s] [ 73%] Built target test_control_pipeline_sequence
[298.227s] [ 73%] [32m[1mLinking CXX executable test_bt_action_node[0m
[298.489s] [ 73%] Built target test_bt_action_node
[299.017s] [ 73%] [32m[1mLinking CXX executable test_control_recovery_node[0m
[299.273s] [ 73%] Built target test_control_recovery_node
[299.296s] [ 73%] [32mBuilding CXX object test/plugins/action/CMakeFiles/test_action_drive_on_heading.dir/test_drive_on_heading_action.cpp.o[0m
[305.275s] [ 74%] [32m[1mLinking CXX executable test_action_drive_on_heading[0m
[305.534s] [ 74%] Built target test_action_drive_on_heading
[305.564s] [ 75%] [32mBuilding CXX object test/plugins/action/CMakeFiles/test_action_wait_action.dir/test_wait_action.cpp.o[0m
[311.312s] [ 75%] [32m[1mLinking CXX executable test_action_wait_action[0m
[311.518s] [ 75%] Built target test_action_wait_action
[311.538s] [ 75%] [32mBuilding CXX object test/plugins/action/CMakeFiles/test_action_assisted_teleop_action.dir/test_assisted_teleop_action.cpp.o[0m
[317.857s] [ 76%] [32m[1mLinking CXX executable test_action_assisted_teleop_action[0m
[318.095s] [ 76%] Built target test_action_assisted_teleop_action
[318.142s] [ 76%] [32mBuilding CXX object test/plugins/action/CMakeFiles/test_action_controller_cancel_action.dir/test_controller_cancel_node.cpp.o[0m
[324.799s] [ 77%] [32m[1mLinking CXX executable test_action_controller_cancel_action[0m
[325.075s] [ 77%] Built target test_action_controller_cancel_action
[325.102s] [ 78%] [32mBuilding CXX object test/plugins/action/CMakeFiles/test_action_wait_cancel_action.dir/test_wait_cancel_node.cpp.o[0m
[331.996s] [ 78%] [32m[1mLinking CXX executable test_action_wait_cancel_action[0m
[332.265s] [ 78%] Built target test_action_wait_cancel_action
[332.290s] [ 79%] [32mBuilding CXX object test/plugins/action/CMakeFiles/test_action_spin_cancel_action.dir/test_spin_cancel_node.cpp.o[0m
[338.904s] [ 79%] [32m[1mLinking CXX executable test_action_spin_cancel_action[0m
[339.131s] [ 79%] Built target test_action_spin_cancel_action
[339.154s] [ 79%] [32mBuilding CXX object test/plugins/action/CMakeFiles/test_action_back_up_cancel_action.dir/test_back_up_cancel_node.cpp.o[0m
[345.197s] [ 80%] [32m[1mLinking CXX executable test_action_back_up_cancel_action[0m
[345.436s] [ 80%] Built target test_action_back_up_cancel_action
[345.457s] [ 80%] [32mBuilding CXX object test/plugins/action/CMakeFiles/test_action_assisted_teleop_cancel_action.dir/test_assisted_teleop_cancel_node.cpp.o[0m
[351.387s] [ 81%] [32m[1mLinking CXX executable test_action_assisted_teleop_cancel_action[0m
[351.618s] [ 81%] Built target test_action_assisted_teleop_cancel_action
[351.638s] [ 81%] [32mBuilding CXX object test/plugins/action/CMakeFiles/test_action_drive_on_heading_cancel_action.dir/test_drive_on_heading_cancel_node.cpp.o[0m
[357.782s] [ 82%] [32m[1mLinking CXX executable test_action_drive_on_heading_cancel_action[0m
[358.190s] [ 82%] Built target test_action_drive_on_heading_cancel_action
[358.249s] [ 82%] [32mBuilding CXX object test/plugins/action/CMakeFiles/test_action_clear_costmap_service.dir/test_clear_costmap_service.cpp.o[0m
[365.943s] [ 83%] [32m[1mLinking CXX executable test_action_clear_costmap_service[0m
[366.191s] [ 83%] Built target test_action_clear_costmap_service
[366.220s] [ 84%] [32mBuilding CXX object test/plugins/action/CMakeFiles/test_action_reinitialize_global_localization_service.dir/test_reinitialize_global_localization_service.cpp.o[0m
[371.829s] [ 84%] [32m[1mLinking CXX executable test_action_reinitialize_global_localization_service[0m
[372.040s] [ 84%] Built target test_action_reinitialize_global_localization_service
[372.062s] [ 84%] [32mBuilding CXX object test/plugins/action/CMakeFiles/test_action_compute_path_to_pose_action.dir/test_compute_path_to_pose_action.cpp.o[0m
[378.881s] [ 85%] [32m[1mLinking CXX executable test_action_compute_path_to_pose_action[0m
[379.135s] [ 85%] Built target test_action_compute_path_to_pose_action
[379.157s] [ 85%] [32mBuilding CXX object test/plugins/action/CMakeFiles/test_action_compute_path_through_poses_action.dir/test_compute_path_through_poses_action.cpp.o[0m
[385.801s] [ 86%] [32m[1mLinking CXX executable test_action_compute_path_through_poses_action[0m
[386.046s] [ 86%] Built target test_action_compute_path_through_poses_action
[386.067s] [ 87%] [32mBuilding CXX object test/plugins/action/CMakeFiles/test_action_smooth_path_action.dir/test_smooth_path_action.cpp.o[0m
[392.489s] [ 87%] [32m[1mLinking CXX executable test_action_smooth_path_action[0m
[392.716s] [ 87%] Built target test_action_smooth_path_action
[392.736s] [ 87%] [32mBuilding CXX object test/plugins/action/CMakeFiles/test_action_follow_path_action.dir/test_follow_path_action.cpp.o[0m
[399.702s] [ 87%] [32m[1mLinking CXX executable test_action_follow_path_action[0m
[399.955s] [ 87%] Built target test_action_follow_path_action
[399.996s] [ 88%] [32mBuilding CXX object test/plugins/action/CMakeFiles/test_action_navigate_to_pose_action.dir/test_navigate_to_pose_action.cpp.o[0m
[406.514s] [ 88%] [32m[1mLinking CXX executable test_action_navigate_to_pose_action[0m
[406.765s] [ 88%] Built target test_action_navigate_to_pose_action
[406.791s] [ 89%] [32mBuilding CXX object test/plugins/action/CMakeFiles/test_action_navigate_through_poses_action.dir/test_navigate_through_poses_action.cpp.o[0m
[413.857s] [ 89%] [32m[1mLinking CXX executable test_action_navigate_through_poses_action[0m
[414.163s] [ 89%] Built target test_action_navigate_through_poses_action
[414.188s] [ 89%] [32mBuilding CXX object test/plugins/action/CMakeFiles/test_truncate_path_action.dir/test_truncate_path_action.cpp.o[0m
[419.888s] [ 90%] [32m[1mLinking CXX executable test_truncate_path_action[0m
[420.084s] [ 90%] Built target test_truncate_path_action
[420.107s] [ 90%] [32mBuilding CXX object test/plugins/action/CMakeFiles/test_truncate_path_local_action.dir/test_truncate_path_local_action.cpp.o[0m
[427.158s] [ 91%] [32m[1mLinking CXX executable test_truncate_path_local_action[0m
[427.405s] [ 91%] Built target test_truncate_path_local_action
[427.428s] [ 91%] [32mBuilding CXX object test/plugins/action/CMakeFiles/test_remove_passed_goals_action.dir/test_remove_passed_goals_action.cpp.o[0m
[433.488s] [ 92%] [32m[1mLinking CXX executable test_remove_passed_goals_action[0m
[433.711s] [ 92%] Built target test_remove_passed_goals_action
[433.734s] [ 93%] [32mBuilding CXX object test/plugins/action/CMakeFiles/test_get_pose_from_path_action.dir/test_get_pose_from_path_action.cpp.o[0m
[439.006s] [ 93%] [32m[1mLinking CXX executable test_get_pose_from_path_action[0m
[439.220s] [ 93%] Built target test_get_pose_from_path_action
[439.243s] [ 93%] [32mBuilding CXX object test/plugins/action/CMakeFiles/test_planner_selector_node.dir/test_planner_selector_node.cpp.o[0m
[445.158s] [ 94%] [32m[1mLinking CXX executable test_planner_selector_node[0m
[445.364s] [ 94%] Built target test_planner_selector_node
[445.383s] [ 95%] [32mBuilding CXX object test/plugins/action/CMakeFiles/test_controller_selector_node.dir/test_controller_selector_node.cpp.o[0m
[451.678s] [ 95%] [32m[1mLinking CXX executable test_controller_selector_node[0m
[451.937s] [ 95%] Built target test_controller_selector_node
[451.970s] [ 95%] [32mBuilding CXX object test/plugins/action/CMakeFiles/test_smoother_selector_node.dir/test_smoother_selector_node.cpp.o[0m
[458.171s] [ 96%] [32m[1mLinking CXX executable test_smoother_selector_node[0m
[458.406s] [ 96%] Built target test_smoother_selector_node
[458.428s] [ 96%] [32mBuilding CXX object test/plugins/action/CMakeFiles/test_goal_checker_selector_node.dir/test_goal_checker_selector_node.cpp.o[0m
[464.548s] [ 97%] [32m[1mLinking CXX executable test_goal_checker_selector_node[0m
[464.764s] [ 97%] Built target test_goal_checker_selector_node
[464.785s] [ 97%] [32mBuilding CXX object test/plugins/action/CMakeFiles/test_progress_checker_selector_node.dir/test_progress_checker_selector_node.cpp.o[0m
[470.994s] [ 98%] [32m[1mLinking CXX executable test_progress_checker_selector_node[0m
[471.209s] [ 98%] Built target test_progress_checker_selector_node
[471.230s] [ 98%] [32mBuilding CXX object test/plugins/action/CMakeFiles/test_action_back_up_action.dir/test_back_up_action.cpp.o[0m
[477.528s] [ 99%] [32m[1mLinking CXX executable test_action_back_up_action[0m
[477.755s] [ 99%] Built target test_action_back_up_action
[477.774s] [100%] [32mBuilding CXX object test/plugins/action/CMakeFiles/test_action_spin_action.dir/test_spin_action.cpp.o[0m
[484.302s] [100%] [32m[1mLinking CXX executable test_action_spin_action[0m
[484.537s] [100%] Built target test_action_spin_action
[484.554s] Invoked command in '/home/wb/ros_ws/build/nav2_behavior_tree' returned '0': AMENT_PREFIX_PATH=/home/wb/ros_ws/install/nav2_util:/home/wb/ros_ws/install/nav2_msgs:/home/wb/ros_ws/install/nav2_common:${AMENT_PREFIX_PATH} CMAKE_PREFIX_PATH=/home/wb/ros_ws/install/nav2_util:/home/wb/ros_ws/install/nav2_msgs:/home/wb/ros_ws/install/nav2_common:/home/wb/ros_ws/install/simple_robot:/home/wb/ros_ws/install/my_robot_navigation:/home/wb/ros_ws/install/my_robot_simulation:/home/wb/ros_ws/install/my_robot_description:/opt/ros/humble LD_LIBRARY_PATH=/home/wb/ros_ws/install/nav2_util/lib:/home/wb/ros_ws/install/nav2_msgs/lib:${LD_LIBRARY_PATH} PYTHONPATH=/home/wb/ros_ws/install/nav2_msgs/local/lib/python3.10/dist-packages:/home/wb/ros_ws/install/nav2_common/local/lib/python3.10/dist-packages:${PYTHONPATH} /usr/bin/cmake --build /home/wb/ros_ws/build/nav2_behavior_tree -- -j4 -l4
[484.559s] Invoking command in '/home/wb/ros_ws/build/nav2_behavior_tree': AMENT_PREFIX_PATH=/home/wb/ros_ws/install/nav2_util:/home/wb/ros_ws/install/nav2_msgs:/home/wb/ros_ws/install/nav2_common:${AMENT_PREFIX_PATH} CMAKE_PREFIX_PATH=/home/wb/ros_ws/install/nav2_util:/home/wb/ros_ws/install/nav2_msgs:/home/wb/ros_ws/install/nav2_common:/home/wb/ros_ws/install/simple_robot:/home/wb/ros_ws/install/my_robot_navigation:/home/wb/ros_ws/install/my_robot_simulation:/home/wb/ros_ws/install/my_robot_description:/opt/ros/humble LD_LIBRARY_PATH=/home/wb/ros_ws/install/nav2_util/lib:/home/wb/ros_ws/install/nav2_msgs/lib:${LD_LIBRARY_PATH} PYTHONPATH=/home/wb/ros_ws/install/nav2_msgs/local/lib/python3.10/dist-packages:/home/wb/ros_ws/install/nav2_common/local/lib/python3.10/dist-packages:${PYTHONPATH} /usr/bin/cmake --install /home/wb/ros_ws/build/nav2_behavior_tree
[484.565s] -- Install configuration: "Release"
[484.565s] -- Installing: /home/wb/ros_ws/install/nav2_behavior_tree/lib/libnav2_behavior_tree.so
[484.566s] -- Set runtime path of "/home/wb/ros_ws/install/nav2_behavior_tree/lib/libnav2_behavior_tree.so" to ""
[484.566s] -- Installing: /home/wb/ros_ws/install/nav2_behavior_tree/lib/libnav2_compute_path_to_pose_action_bt_node.so
[484.567s] -- Set runtime path of "/home/wb/ros_ws/install/nav2_behavior_tree/lib/libnav2_compute_path_to_pose_action_bt_node.so" to ""
[484.567s] -- Installing: /home/wb/ros_ws/install/nav2_behavior_tree/lib/libnav2_compute_path_through_poses_action_bt_node.so
[484.567s] -- Set runtime path of "/home/wb/ros_ws/install/nav2_behavior_tree/lib/libnav2_compute_path_through_poses_action_bt_node.so" to ""
[484.568s] -- Installing: /home/wb/ros_ws/install/nav2_behavior_tree/lib/libnav2_controller_cancel_bt_node.so
[484.568s] -- Set runtime path of "/home/wb/ros_ws/install/nav2_behavior_tree/lib/libnav2_controller_cancel_bt_node.so" to ""
[484.568s] -- Installing: /home/wb/ros_ws/install/nav2_behavior_tree/lib/libnav2_wait_cancel_bt_node.so
[484.569s] -- Set runtime path of "/home/wb/ros_ws/install/nav2_behavior_tree/lib/libnav2_wait_cancel_bt_node.so" to ""
[484.569s] -- Installing: /home/wb/ros_ws/install/nav2_behavior_tree/lib/libnav2_spin_cancel_bt_node.so
[484.570s] -- Set runtime path of "/home/wb/ros_ws/install/nav2_behavior_tree/lib/libnav2_spin_cancel_bt_node.so" to ""
[484.572s] -- Installing: /home/wb/ros_ws/install/nav2_behavior_tree/lib/libnav2_back_up_cancel_bt_node.so
[484.572s] -- Set runtime path of "/home/wb/ros_ws/install/nav2_behavior_tree/lib/libnav2_back_up_cancel_bt_node.so" to ""
[484.572s] -- Installing: /home/wb/ros_ws/install/nav2_behavior_tree/lib/libnav2_assisted_teleop_cancel_bt_node.so
[484.572s] -- Set runtime path of "/home/wb/ros_ws/install/nav2_behavior_tree/lib/libnav2_assisted_teleop_cancel_bt_node.so" to ""
[484.572s] -- Installing: /home/wb/ros_ws/install/nav2_behavior_tree/lib/libnav2_drive_on_heading_cancel_bt_node.so
[484.572s] -- Set runtime path of "/home/wb/ros_ws/install/nav2_behavior_tree/lib/libnav2_drive_on_heading_cancel_bt_node.so" to ""
[484.573s] -- Installing: /home/wb/ros_ws/install/nav2_behavior_tree/lib/libnav2_smooth_path_action_bt_node.so
[484.574s] -- Set runtime path of "/home/wb/ros_ws/install/nav2_behavior_tree/lib/libnav2_smooth_path_action_bt_node.so" to ""
[484.574s] -- Installing: /home/wb/ros_ws/install/nav2_behavior_tree/lib/libnav2_follow_path_action_bt_node.so
[484.574s] -- Set runtime path of "/home/wb/ros_ws/install/nav2_behavior_tree/lib/libnav2_follow_path_action_bt_node.so" to ""
[484.574s] -- Installing: /home/wb/ros_ws/install/nav2_behavior_tree/lib/libnav2_back_up_action_bt_node.so
[484.574s] -- Set runtime path of "/home/wb/ros_ws/install/nav2_behavior_tree/lib/libnav2_back_up_action_bt_node.so" to ""
[484.575s] -- Installing: /home/wb/ros_ws/install/nav2_behavior_tree/lib/libnav2_drive_on_heading_bt_node.so
[484.575s] -- Set runtime path of "/home/wb/ros_ws/install/nav2_behavior_tree/lib/libnav2_drive_on_heading_bt_node.so" to ""
[484.576s] -- Installing: /home/wb/ros_ws/install/nav2_behavior_tree/lib/libnav2_spin_action_bt_node.so
[484.576s] -- Set runtime path of "/home/wb/ros_ws/install/nav2_behavior_tree/lib/libnav2_spin_action_bt_node.so" to ""
[484.576s] -- Installing: /home/wb/ros_ws/install/nav2_behavior_tree/lib/libnav2_wait_action_bt_node.so
[484.577s] -- Set runtime path of "/home/wb/ros_ws/install/nav2_behavior_tree/lib/libnav2_wait_action_bt_node.so" to ""
[484.577s] -- Installing: /home/wb/ros_ws/install/nav2_behavior_tree/lib/libnav2_assisted_teleop_action_bt_node.so
[484.580s] -- Set runtime path of "/home/wb/ros_ws/install/nav2_behavior_tree/lib/libnav2_assisted_teleop_action_bt_node.so" to ""
[484.580s] -- Installing: /home/wb/ros_ws/install/nav2_behavior_tree/lib/libnav2_clear_costmap_service_bt_node.so
[484.581s] -- Set runtime path of "/home/wb/ros_ws/install/nav2_behavior_tree/lib/libnav2_clear_costmap_service_bt_node.so" to ""
[484.581s] -- Installing: /home/wb/ros_ws/install/nav2_behavior_tree/lib/libnav2_is_stuck_condition_bt_node.so
[484.581s] -- Set runtime path of "/home/wb/ros_ws/install/nav2_behavior_tree/lib/libnav2_is_stuck_condition_bt_node.so" to ""
[484.581s] -- Installing: /home/wb/ros_ws/install/nav2_behavior_tree/lib/libnav2_transform_available_condition_bt_node.so
[484.582s] -- Set runtime path of "/home/wb/ros_ws/install/nav2_behavior_tree/lib/libnav2_transform_available_condition_bt_node.so" to ""
[484.582s] -- Installing: /home/wb/ros_ws/install/nav2_behavior_tree/lib/libnav2_goal_reached_condition_bt_node.so
[484.582s] -- Set runtime path of "/home/wb/ros_ws/install/nav2_behavior_tree/lib/libnav2_goal_reached_condition_bt_node.so" to ""
[484.582s] -- Installing: /home/wb/ros_ws/install/nav2_behavior_tree/lib/libnav2_globally_updated_goal_condition_bt_node.so
[484.583s] -- Set runtime path of "/home/wb/ros_ws/install/nav2_behavior_tree/lib/libnav2_globally_updated_goal_condition_bt_node.so" to ""
[484.583s] -- Installing: /home/wb/ros_ws/install/nav2_behavior_tree/lib/libnav2_goal_updated_condition_bt_node.so
[484.583s] -- Set runtime path of "/home/wb/ros_ws/install/nav2_behavior_tree/lib/libnav2_goal_updated_condition_bt_node.so" to ""
[484.583s] -- Installing: /home/wb/ros_ws/install/nav2_behavior_tree/lib/libnav2_is_path_valid_condition_bt_node.so
[484.584s] -- Set runtime path of "/home/wb/ros_ws/install/nav2_behavior_tree/lib/libnav2_is_path_valid_condition_bt_node.so" to ""
[484.584s] -- Installing: /home/wb/ros_ws/install/nav2_behavior_tree/lib/libnav2_time_expired_condition_bt_node.so
[484.584s] -- Set runtime path of "/home/wb/ros_ws/install/nav2_behavior_tree/lib/libnav2_time_expired_condition_bt_node.so" to ""
[484.585s] -- Installing: /home/wb/ros_ws/install/nav2_behavior_tree/lib/libnav2_path_expiring_timer_condition.so
[484.585s] -- Set runtime path of "/home/wb/ros_ws/install/nav2_behavior_tree/lib/libnav2_path_expiring_timer_condition.so" to ""
[484.585s] -- Installing: /home/wb/ros_ws/install/nav2_behavior_tree/lib/libnav2_distance_traveled_condition_bt_node.so
[484.587s] -- Set runtime path of "/home/wb/ros_ws/install/nav2_behavior_tree/lib/libnav2_distance_traveled_condition_bt_node.so" to ""
[484.587s] -- Installing: /home/wb/ros_ws/install/nav2_behavior_tree/lib/libnav2_initial_pose_received_condition_bt_node.so
[484.587s] -- Set runtime path of "/home/wb/ros_ws/install/nav2_behavior_tree/lib/libnav2_initial_pose_received_condition_bt_node.so" to ""
[484.588s] -- Installing: /home/wb/ros_ws/install/nav2_behavior_tree/lib/libnav2_is_battery_charging_condition_bt_node.so
[484.588s] -- Set runtime path of "/home/wb/ros_ws/install/nav2_behavior_tree/lib/libnav2_is_battery_charging_condition_bt_node.so" to ""
[484.588s] -- Installing: /home/wb/ros_ws/install/nav2_behavior_tree/lib/libnav2_is_battery_low_condition_bt_node.so
[484.589s] -- Set runtime path of "/home/wb/ros_ws/install/nav2_behavior_tree/lib/libnav2_is_battery_low_condition_bt_node.so" to ""
[484.589s] -- Installing: /home/wb/ros_ws/install/nav2_behavior_tree/lib/libnav2_reinitialize_global_localization_service_bt_node.so
[484.590s] -- Set runtime path of "/home/wb/ros_ws/install/nav2_behavior_tree/lib/libnav2_reinitialize_global_localization_service_bt_node.so" to ""
[484.590s] -- Installing: /home/wb/ros_ws/install/nav2_behavior_tree/lib/libnav2_rate_controller_bt_node.so
[484.590s] -- Set runtime path of "/home/wb/ros_ws/install/nav2_behavior_tree/lib/libnav2_rate_controller_bt_node.so" to ""
[484.590s] -- Installing: /home/wb/ros_ws/install/nav2_behavior_tree/lib/libnav2_distance_controller_bt_node.so
[484.591s] -- Set runtime path of "/home/wb/ros_ws/install/nav2_behavior_tree/lib/libnav2_distance_controller_bt_node.so" to ""
[484.591s] -- Installing: /home/wb/ros_ws/install/nav2_behavior_tree/lib/libnav2_speed_controller_bt_node.so
[484.592s] -- Set runtime path of "/home/wb/ros_ws/install/nav2_behavior_tree/lib/libnav2_speed_controller_bt_node.so" to ""
[484.592s] -- Installing: /home/wb/ros_ws/install/nav2_behavior_tree/lib/libnav2_truncate_path_action_bt_node.so
[484.592s] -- Set runtime path of "/home/wb/ros_ws/install/nav2_behavior_tree/lib/libnav2_truncate_path_action_bt_node.so" to ""
[484.592s] -- Installing: /home/wb/ros_ws/install/nav2_behavior_tree/lib/libnav2_truncate_path_local_action_bt_node.so
[484.593s] -- Set runtime path of "/home/wb/ros_ws/install/nav2_behavior_tree/lib/libnav2_truncate_path_local_action_bt_node.so" to ""
[484.593s] -- Installing: /home/wb/ros_ws/install/nav2_behavior_tree/lib/libnav2_goal_updater_node_bt_node.so
[484.597s] -- Set runtime path of "/home/wb/ros_ws/install/nav2_behavior_tree/lib/libnav2_goal_updater_node_bt_node.so" to ""
[484.597s] -- Installing: /home/wb/ros_ws/install/nav2_behavior_tree/lib/libnav2_path_longer_on_approach_bt_node.so
[484.597s] -- Set runtime path of "/home/wb/ros_ws/install/nav2_behavior_tree/lib/libnav2_path_longer_on_approach_bt_node.so" to ""
[484.597s] -- Installing: /home/wb/ros_ws/install/nav2_behavior_tree/lib/libnav2_recovery_node_bt_node.so
[484.597s] -- Set runtime path of "/home/wb/ros_ws/install/nav2_behavior_tree/lib/libnav2_recovery_node_bt_node.so" to ""
[484.598s] -- Installing: /home/wb/ros_ws/install/nav2_behavior_tree/lib/libnav2_navigate_to_pose_action_bt_node.so
[484.598s] -- Set runtime path of "/home/wb/ros_ws/install/nav2_behavior_tree/lib/libnav2_navigate_to_pose_action_bt_node.so" to ""
[484.598s] -- Installing: /home/wb/ros_ws/install/nav2_behavior_tree/lib/libnav2_navigate_through_poses_action_bt_node.so
[484.599s] -- Set runtime path of "/home/wb/ros_ws/install/nav2_behavior_tree/lib/libnav2_navigate_through_poses_action_bt_node.so" to ""
[484.599s] -- Installing: /home/wb/ros_ws/install/nav2_behavior_tree/lib/libnav2_remove_passed_goals_action_bt_node.so
[484.599s] -- Set runtime path of "/home/wb/ros_ws/install/nav2_behavior_tree/lib/libnav2_remove_passed_goals_action_bt_node.so" to ""
[484.599s] -- Installing: /home/wb/ros_ws/install/nav2_behavior_tree/lib/libnav2_get_pose_from_path_action_bt_node.so
[484.599s] -- Set runtime path of "/home/wb/ros_ws/install/nav2_behavior_tree/lib/libnav2_get_pose_from_path_action_bt_node.so" to ""
[484.599s] -- Installing: /home/wb/ros_ws/install/nav2_behavior_tree/lib/libnav2_pipeline_sequence_bt_node.so
[484.599s] -- Set runtime path of "/home/wb/ros_ws/install/nav2_behavior_tree/lib/libnav2_pipeline_sequence_bt_node.so" to ""
[484.599s] -- Installing: /home/wb/ros_ws/install/nav2_behavior_tree/lib/libnav2_round_robin_node_bt_node.so
[484.600s] -- Set runtime path of "/home/wb/ros_ws/install/nav2_behavior_tree/lib/libnav2_round_robin_node_bt_node.so" to ""
[484.600s] -- Installing: /home/wb/ros_ws/install/nav2_behavior_tree/lib/libnav2_single_trigger_bt_node.so
[484.603s] -- Set runtime path of "/home/wb/ros_ws/install/nav2_behavior_tree/lib/libnav2_single_trigger_bt_node.so" to ""
[484.603s] -- Installing: /home/wb/ros_ws/install/nav2_behavior_tree/lib/libnav2_planner_selector_bt_node.so
[484.603s] -- Set runtime path of "/home/wb/ros_ws/install/nav2_behavior_tree/lib/libnav2_planner_selector_bt_node.so" to ""
[484.603s] -- Installing: /home/wb/ros_ws/install/nav2_behavior_tree/lib/libnav2_controller_selector_bt_node.so
[484.604s] -- Set runtime path of "/home/wb/ros_ws/install/nav2_behavior_tree/lib/libnav2_controller_selector_bt_node.so" to ""
[484.604s] -- Installing: /home/wb/ros_ws/install/nav2_behavior_tree/lib/libnav2_smoother_selector_bt_node.so
[484.606s] -- Set runtime path of "/home/wb/ros_ws/install/nav2_behavior_tree/lib/libnav2_smoother_selector_bt_node.so" to ""
[484.607s] -- Installing: /home/wb/ros_ws/install/nav2_behavior_tree/lib/libnav2_goal_checker_selector_bt_node.so
[484.607s] -- Set runtime path of "/home/wb/ros_ws/install/nav2_behavior_tree/lib/libnav2_goal_checker_selector_bt_node.so" to ""
[484.607s] -- Installing: /home/wb/ros_ws/install/nav2_behavior_tree/lib/libnav2_progress_checker_selector_bt_node.so
[484.609s] -- Set runtime path of "/home/wb/ros_ws/install/nav2_behavior_tree/lib/libnav2_progress_checker_selector_bt_node.so" to ""
[484.609s] -- Installing: /home/wb/ros_ws/install/nav2_behavior_tree/lib/libnav2_goal_updated_controller_bt_node.so
[484.610s] -- Set runtime path of "/home/wb/ros_ws/install/nav2_behavior_tree/lib/libnav2_goal_updated_controller_bt_node.so" to ""
[484.610s] -- Installing: /home/wb/ros_ws/install/nav2_behavior_tree/include/
[484.610s] -- Installing: /home/wb/ros_ws/install/nav2_behavior_tree/include//nav2_behavior_tree
[484.613s] -- Installing: /home/wb/ros_ws/install/nav2_behavior_tree/include//nav2_behavior_tree/bt_action_server_impl.hpp
[484.613s] -- Installing: /home/wb/ros_ws/install/nav2_behavior_tree/include//nav2_behavior_tree/ros_topic_logger.hpp
[484.613s] -- Installing: /home/wb/ros_ws/install/nav2_behavior_tree/include//nav2_behavior_tree/plugins
[484.613s] -- Installing: /home/wb/ros_ws/install/nav2_behavior_tree/include//nav2_behavior_tree/plugins/condition
[484.613s] -- Installing: /home/wb/ros_ws/install/nav2_behavior_tree/include//nav2_behavior_tree/plugins/condition/transform_available_condition.hpp
[484.613s] -- Installing: /home/wb/ros_ws/install/nav2_behavior_tree/include//nav2_behavior_tree/plugins/condition/is_stuck_condition.hpp
[484.614s] -- Installing: /home/wb/ros_ws/install/nav2_behavior_tree/include//nav2_behavior_tree/plugins/condition/is_battery_low_condition.hpp
[484.614s] -- Installing: /home/wb/ros_ws/install/nav2_behavior_tree/include//nav2_behavior_tree/plugins/condition/time_expired_condition.hpp
[484.614s] -- Installing: /home/wb/ros_ws/install/nav2_behavior_tree/include//nav2_behavior_tree/plugins/condition/initial_pose_received_condition.hpp
[484.617s] -- Installing: /home/wb/ros_ws/install/nav2_behavior_tree/include//nav2_behavior_tree/plugins/condition/goal_updated_condition.hpp
[484.617s] -- Installing: /home/wb/ros_ws/install/nav2_behavior_tree/include//nav2_behavior_tree/plugins/condition/globally_updated_goal_condition.hpp
[484.617s] -- Installing: /home/wb/ros_ws/install/nav2_behavior_tree/include//nav2_behavior_tree/plugins/condition/is_path_valid_condition.hpp
[484.617s] -- Installing: /home/wb/ros_ws/install/nav2_behavior_tree/include//nav2_behavior_tree/plugins/condition/distance_traveled_condition.hpp
[484.617s] -- Installing: /home/wb/ros_ws/install/nav2_behavior_tree/include//nav2_behavior_tree/plugins/condition/is_battery_charging_condition.hpp
[484.617s] -- Installing: /home/wb/ros_ws/install/nav2_behavior_tree/include//nav2_behavior_tree/plugins/condition/path_expiring_timer_condition.hpp
[484.617s] -- Installing: /home/wb/ros_ws/install/nav2_behavior_tree/include//nav2_behavior_tree/plugins/condition/goal_reached_condition.hpp
[484.617s] -- Installing: /home/wb/ros_ws/install/nav2_behavior_tree/include//nav2_behavior_tree/plugins/control
[484.617s] -- Installing: /home/wb/ros_ws/install/nav2_behavior_tree/include//nav2_behavior_tree/plugins/control/recovery_node.hpp
[484.617s] -- Installing: /home/wb/ros_ws/install/nav2_behavior_tree/include//nav2_behavior_tree/plugins/control/round_robin_node.hpp
[484.617s] -- Installing: /home/wb/ros_ws/install/nav2_behavior_tree/include//nav2_behavior_tree/plugins/control/pipeline_sequence.hpp
[484.618s] -- Installing: /home/wb/ros_ws/install/nav2_behavior_tree/include//nav2_behavior_tree/plugins/decorator
[484.618s] -- Installing: /home/wb/ros_ws/install/nav2_behavior_tree/include//nav2_behavior_tree/plugins/decorator/goal_updated_controller.hpp
[484.618s] -- Installing: /home/wb/ros_ws/install/nav2_behavior_tree/include//nav2_behavior_tree/plugins/decorator/path_longer_on_approach.hpp
[484.618s] -- Installing: /home/wb/ros_ws/install/nav2_behavior_tree/include//nav2_behavior_tree/plugins/decorator/speed_controller.hpp
[484.618s] -- Installing: /home/wb/ros_ws/install/nav2_behavior_tree/include//nav2_behavior_tree/plugins/decorator/distance_controller.hpp
[484.618s] -- Installing: /home/wb/ros_ws/install/nav2_behavior_tree/include//nav2_behavior_tree/plugins/decorator/goal_updater_node.hpp
[484.618s] -- Installing: /home/wb/ros_ws/install/nav2_behavior_tree/include//nav2_behavior_tree/plugins/decorator/single_trigger_node.hpp
[484.618s] -- Installing: /home/wb/ros_ws/install/nav2_behavior_tree/include//nav2_behavior_tree/plugins/decorator/rate_controller.hpp
[484.618s] -- Installing: /home/wb/ros_ws/install/nav2_behavior_tree/include//nav2_behavior_tree/plugins/action
[484.620s] -- Installing: /home/wb/ros_ws/install/nav2_behavior_tree/include//nav2_behavior_tree/plugins/action/follow_path_action.hpp
[484.620s] -- Installing: /home/wb/ros_ws/install/nav2_behavior_tree/include//nav2_behavior_tree/plugins/action/drive_on_heading_action.hpp
[484.620s] -- Installing: /home/wb/ros_ws/install/nav2_behavior_tree/include//nav2_behavior_tree/plugins/action/assisted_teleop_action.hpp
[484.620s] -- Installing: /home/wb/ros_ws/install/nav2_behavior_tree/include//nav2_behavior_tree/plugins/action/spin_cancel_node.hpp
[484.620s] -- Installing: /home/wb/ros_ws/install/nav2_behavior_tree/include//nav2_behavior_tree/plugins/action/wait_action.hpp
[484.620s] -- Installing: /home/wb/ros_ws/install/nav2_behavior_tree/include//nav2_behavior_tree/plugins/action/truncate_path_local_action.hpp
[484.620s] -- Installing: /home/wb/ros_ws/install/nav2_behavior_tree/include//nav2_behavior_tree/plugins/action/spin_action.hpp
[484.620s] -- Installing: /home/wb/ros_ws/install/nav2_behavior_tree/include//nav2_behavior_tree/plugins/action/planner_selector_node.hpp
[484.620s] -- Installing: /home/wb/ros_ws/install/nav2_behavior_tree/include//nav2_behavior_tree/plugins/action/navigate_to_pose_action.hpp
[484.620s] -- Installing: /home/wb/ros_ws/install/nav2_behavior_tree/include//nav2_behavior_tree/plugins/action/clear_costmap_service.hpp
[484.621s] -- Installing: /home/wb/ros_ws/install/nav2_behavior_tree/include//nav2_behavior_tree/plugins/action/drive_on_heading_cancel_node.hpp
[484.621s] -- Installing: /home/wb/ros_ws/install/nav2_behavior_tree/include//nav2_behavior_tree/plugins/action/remove_passed_goals_action.hpp
[484.621s] -- Installing: /home/wb/ros_ws/install/nav2_behavior_tree/include//nav2_behavior_tree/plugins/action/back_up_action.hpp
[484.621s] -- Installing: /home/wb/ros_ws/install/nav2_behavior_tree/include//nav2_behavior_tree/plugins/action/back_up_cancel_node.hpp
[484.621s] -- Installing: /home/wb/ros_ws/install/nav2_behavior_tree/include//nav2_behavior_tree/plugins/action/assisted_teleop_cancel_node.hpp
[484.621s] -- Installing: /home/wb/ros_ws/install/nav2_behavior_tree/include//nav2_behavior_tree/plugins/action/compute_path_through_poses_action.hpp
[484.621s] -- Installing: /home/wb/ros_ws/install/nav2_behavior_tree/include//nav2_behavior_tree/plugins/action/smoother_selector_node.hpp
[484.621s] -- Installing: /home/wb/ros_ws/install/nav2_behavior_tree/include//nav2_behavior_tree/plugins/action/wait_cancel_node.hpp
[484.621s] -- Installing: /home/wb/ros_ws/install/nav2_behavior_tree/include//nav2_behavior_tree/plugins/action/reinitialize_global_localization_service.hpp
[484.621s] -- Installing: /home/wb/ros_ws/install/nav2_behavior_tree/include//nav2_behavior_tree/plugins/action/compute_path_to_pose_action.hpp
[484.621s] -- Installing: /home/wb/ros_ws/install/nav2_behavior_tree/include//nav2_behavior_tree/plugins/action/progress_checker_selector_node.hpp
[484.621s] -- Installing: /home/wb/ros_ws/install/nav2_behavior_tree/include//nav2_behavior_tree/plugins/action/smooth_path_action.hpp
[484.621s] -- Installing: /home/wb/ros_ws/install/nav2_behavior_tree/include//nav2_behavior_tree/plugins/action/controller_selector_node.hpp
[484.621s] -- Installing: /home/wb/ros_ws/install/nav2_behavior_tree/include//nav2_behavior_tree/plugins/action/goal_checker_selector_node.hpp
[484.621s] -- Installing: /home/wb/ros_ws/install/nav2_behavior_tree/include//nav2_behavior_tree/plugins/action/controller_cancel_node.hpp
[484.621s] -- Installing: /home/wb/ros_ws/install/nav2_behavior_tree/include//nav2_behavior_tree/plugins/action/get_pose_from_path_action.hpp
[484.621s] -- Installing: /home/wb/ros_ws/install/nav2_behavior_tree/include//nav2_behavior_tree/plugins/action/navigate_through_poses_action.hpp
[484.621s] -- Installing: /home/wb/ros_ws/install/nav2_behavior_tree/include//nav2_behavior_tree/plugins/action/truncate_path_action.hpp
[484.621s] -- Installing: /home/wb/ros_ws/install/nav2_behavior_tree/include//nav2_behavior_tree/bt_cancel_action_node.hpp
[484.621s] -- Installing: /home/wb/ros_ws/install/nav2_behavior_tree/include//nav2_behavior_tree/bt_action_node.hpp
[484.621s] -- Installing: /home/wb/ros_ws/install/nav2_behavior_tree/include//nav2_behavior_tree/bt_action_server.hpp
[484.621s] -- Installing: /home/wb/ros_ws/install/nav2_behavior_tree/include//nav2_behavior_tree/bt_service_node.hpp
[484.622s] -- Installing: /home/wb/ros_ws/install/nav2_behavior_tree/include//nav2_behavior_tree/behavior_tree_engine.hpp
[484.622s] -- Installing: /home/wb/ros_ws/install/nav2_behavior_tree/include//nav2_behavior_tree/bt_conversions.hpp
[484.622s] -- Installing: /home/wb/ros_ws/install/nav2_behavior_tree/share/nav2_behavior_tree/nav2_tree_nodes.xml
[484.622s] -- Installing: /home/wb/ros_ws/install/nav2_behavior_tree/share/nav2_behavior_tree/environment/library_path.sh
[484.622s] -- Installing: /home/wb/ros_ws/install/nav2_behavior_tree/share/nav2_behavior_tree/environment/library_path.dsv
[484.622s] -- Installing: /home/wb/ros_ws/install/nav2_behavior_tree/share/ament_index/resource_index/package_run_dependencies/nav2_behavior_tree
[484.622s] -- Installing: /home/wb/ros_ws/install/nav2_behavior_tree/share/ament_index/resource_index/parent_prefix_path/nav2_behavior_tree
[484.622s] -- Installing: /home/wb/ros_ws/install/nav2_behavior_tree/share/nav2_behavior_tree/environment/ament_prefix_path.sh
[484.622s] -- Installing: /home/wb/ros_ws/install/nav2_behavior_tree/share/nav2_behavior_tree/environment/ament_prefix_path.dsv
[484.622s] -- Installing: /home/wb/ros_ws/install/nav2_behavior_tree/share/nav2_behavior_tree/environment/path.sh
[484.622s] -- Installing: /home/wb/ros_ws/install/nav2_behavior_tree/share/nav2_behavior_tree/environment/path.dsv
[484.622s] -- Installing: /home/wb/ros_ws/install/nav2_behavior_tree/share/nav2_behavior_tree/local_setup.bash
[484.622s] -- Installing: /home/wb/ros_ws/install/nav2_behavior_tree/share/nav2_behavior_tree/local_setup.sh
[484.622s] -- Installing: /home/wb/ros_ws/install/nav2_behavior_tree/share/nav2_behavior_tree/local_setup.zsh
[484.622s] -- Installing: /home/wb/ros_ws/install/nav2_behavior_tree/share/nav2_behavior_tree/local_setup.dsv
[484.622s] -- Installing: /home/wb/ros_ws/install/nav2_behavior_tree/share/nav2_behavior_tree/package.dsv
[484.622s] -- Installing: /home/wb/ros_ws/install/nav2_behavior_tree/share/ament_index/resource_index/packages/nav2_behavior_tree
[484.622s] -- Installing: /home/wb/ros_ws/install/nav2_behavior_tree/share/nav2_behavior_tree/cmake/ament_cmake_export_include_directories-extras.cmake
[484.622s] -- Installing: /home/wb/ros_ws/install/nav2_behavior_tree/share/nav2_behavior_tree/cmake/ament_cmake_export_libraries-extras.cmake
[484.622s] -- Installing: /home/wb/ros_ws/install/nav2_behavior_tree/share/nav2_behavior_tree/cmake/ament_cmake_export_dependencies-extras.cmake
[484.623s] -- Installing: /home/wb/ros_ws/install/nav2_behavior_tree/share/nav2_behavior_tree/cmake/nav2_behavior_treeConfig.cmake
[484.623s] -- Installing: /home/wb/ros_ws/install/nav2_behavior_tree/share/nav2_behavior_tree/cmake/nav2_behavior_treeConfig-version.cmake
[484.623s] -- Installing: /home/wb/ros_ws/install/nav2_behavior_tree/share/nav2_behavior_tree/package.xml
[484.631s] Invoked command in '/home/wb/ros_ws/build/nav2_behavior_tree' returned '0': AMENT_PREFIX_PATH=/home/wb/ros_ws/install/nav2_util:/home/wb/ros_ws/install/nav2_msgs:/home/wb/ros_ws/install/nav2_common:${AMENT_PREFIX_PATH} CMAKE_PREFIX_PATH=/home/wb/ros_ws/install/nav2_util:/home/wb/ros_ws/install/nav2_msgs:/home/wb/ros_ws/install/nav2_common:/home/wb/ros_ws/install/simple_robot:/home/wb/ros_ws/install/my_robot_navigation:/home/wb/ros_ws/install/my_robot_simulation:/home/wb/ros_ws/install/my_robot_description:/opt/ros/humble LD_LIBRARY_PATH=/home/wb/ros_ws/install/nav2_util/lib:/home/wb/ros_ws/install/nav2_msgs/lib:${LD_LIBRARY_PATH} PYTHONPATH=/home/wb/ros_ws/install/nav2_msgs/local/lib/python3.10/dist-packages:/home/wb/ros_ws/install/nav2_common/local/lib/python3.10/dist-packages:${PYTHONPATH} /usr/bin/cmake --install /home/wb/ros_ws/build/nav2_behavior_tree
