running egg_info
writing ../../build/orb_slam3_ai/orb_slam3_ai.egg-info/PKG-INFO
writing dependency_links to ../../build/orb_slam3_ai/orb_slam3_ai.egg-info/dependency_links.txt
writing entry points to ../../build/orb_slam3_ai/orb_slam3_ai.egg-info/entry_points.txt
writing requirements to ../../build/orb_slam3_ai/orb_slam3_ai.egg-info/requires.txt
writing top-level names to ../../build/orb_slam3_ai/orb_slam3_ai.egg-info/top_level.txt
reading manifest file '../../build/orb_slam3_ai/orb_slam3_ai.egg-info/SOURCES.txt'
writing manifest file '../../build/orb_slam3_ai/orb_slam3_ai.egg-info/SOURCES.txt'
running build
running build_py
copying orb_slam3_ai/orb_slam3_ai_node.py -> /home/wb/ros_ws/build/orb_slam3_ai/build/lib/orb_slam3_ai
running install
running install_lib
copying /home/wb/ros_ws/build/orb_slam3_ai/build/lib/orb_slam3_ai/orb_slam3_ai_node.py -> /home/wb/ros_ws/install/orb_slam3_ai/lib/python3.10/site-packages/orb_slam3_ai
byte-compiling /home/wb/ros_ws/install/orb_slam3_ai/lib/python3.10/site-packages/orb_slam3_ai/orb_slam3_ai_node.py to orb_slam3_ai_node.cpython-310.pyc
running install_data
running install_egg_info
removing '/home/wb/ros_ws/install/orb_slam3_ai/lib/python3.10/site-packages/orb_slam3_ai-1.0.0-py3.10.egg-info' (and everything under it)
Copying ../../build/orb_slam3_ai/orb_slam3_ai.egg-info to /home/wb/ros_ws/install/orb_slam3_ai/lib/python3.10/site-packages/orb_slam3_ai-1.0.0-py3.10.egg-info
running install_scripts
Installing orb_slam3_ai_node script to /home/wb/ros_ws/install/orb_slam3_ai/lib/orb_slam3_ai
writing list of installed files to '/home/wb/ros_ws/build/orb_slam3_ai/install.log'
