[0.020s] Invoking command in '/home/wb/ros_ws/build/my_robot_simulation': CMAKE_PREFIX_PATH=${CMAKE_PREFIX_PATH}:/opt/ros/humble /usr/bin/cmake --build /home/wb/ros_ws/build/my_robot_simulation -- -j4 -l4
[0.082s] Invoked command in '/home/wb/ros_ws/build/my_robot_simulation' returned '0': CMAKE_PREFIX_PATH=${CMAKE_PREFIX_PATH}:/opt/ros/humble /usr/bin/cmake --build /home/wb/ros_ws/build/my_robot_simulation -- -j4 -l4
[0.083s] Invoking command in '/home/wb/ros_ws/build/my_robot_simulation': CMAKE_PREFIX_PATH=${CMAKE_PREFIX_PATH}:/opt/ros/humble /usr/bin/cmake --install /home/wb/ros_ws/build/my_robot_simulation
[0.094s] -- Install configuration: ""
[0.094s] -- Execute custom install script
[0.094s] -- Up-to-date symlink: /home/wb/ros_ws/install/my_robot_simulation/share/ament_index/resource_index/package_run_dependencies/my_robot_simulation
[0.094s] -- Up-to-date symlink: /home/wb/ros_ws/install/my_robot_simulation/share/ament_index/resource_index/parent_prefix_path/my_robot_simulation
[0.094s] -- Up-to-date symlink: /home/wb/ros_ws/install/my_robot_simulation/share/my_robot_simulation/environment/ament_prefix_path.sh
[0.094s] -- Up-to-date symlink: /home/wb/ros_ws/install/my_robot_simulation/share/my_robot_simulation/environment/ament_prefix_path.dsv
[0.094s] -- Up-to-date symlink: /home/wb/ros_ws/install/my_robot_simulation/share/my_robot_simulation/environment/path.sh
[0.094s] -- Up-to-date symlink: /home/wb/ros_ws/install/my_robot_simulation/share/my_robot_simulation/environment/path.dsv
[0.095s] -- Up-to-date symlink: /home/wb/ros_ws/install/my_robot_simulation/share/my_robot_simulation/local_setup.bash
[0.095s] -- Up-to-date symlink: /home/wb/ros_ws/install/my_robot_simulation/share/my_robot_simulation/local_setup.sh
[0.095s] -- Up-to-date symlink: /home/wb/ros_ws/install/my_robot_simulation/share/my_robot_simulation/local_setup.zsh
[0.095s] -- Up-to-date symlink: /home/wb/ros_ws/install/my_robot_simulation/share/my_robot_simulation/local_setup.dsv
[0.095s] -- Symlinking: /home/wb/ros_ws/install/my_robot_simulation/share/my_robot_simulation/package.dsv
[0.101s] -- Up-to-date symlink: /home/wb/ros_ws/install/my_robot_simulation/share/ament_index/resource_index/packages/my_robot_simulation
[0.102s] -- Up-to-date symlink: /home/wb/ros_ws/install/my_robot_simulation/share/my_robot_simulation/cmake/my_robot_simulationConfig.cmake
[0.103s] -- Up-to-date symlink: /home/wb/ros_ws/install/my_robot_simulation/share/my_robot_simulation/cmake/my_robot_simulationConfig-version.cmake
[0.104s] -- Up-to-date symlink: /home/wb/ros_ws/install/my_robot_simulation/share/my_robot_simulation/package.xml
[0.104s] -- Up-to-date symlink: /home/wb/ros_ws/install/my_robot_simulation/share/my_robot_simulation/launch/combined.launch.py
[0.104s] -- Up-to-date symlink: /home/wb/ros_ws/install/my_robot_simulation/share/my_robot_simulation/launch/my_hex_arena.launch.py
[0.104s] -- Up-to-date symlink: /home/wb/ros_ws/install/my_robot_simulation/share/my_robot_simulation/worlds/my_hex_arena.world
[0.104s] -- Up-to-date symlink: /home/wb/ros_ws/install/my_robot_simulation/share/my_robot_simulation/config/simulation_params.yaml
[0.134s] Invoked command in '/home/wb/ros_ws/build/my_robot_simulation' returned '0': CMAKE_PREFIX_PATH=${CMAKE_PREFIX_PATH}:/opt/ros/humble /usr/bin/cmake --install /home/wb/ros_ws/build/my_robot_simulation
