-- The C compiler identification is GNU 11.4.0
-- The CXX compiler identification is GNU 11.4.0
-- Detecting C compiler ABI info
-- Detecting C compiler ABI info - done
-- Check for working C compiler: /usr/bin/cc - skipped
-- Detecting C compile features
-- Detecting C compile features - done
-- Detecting CXX compiler ABI info
-- Detecting CXX compiler ABI info - done
-- Check for working CXX compiler: /usr/bin/c++ - skipped
-- Detecting CXX compile features
-- Detecting CXX compile features - done
-- Found ament_cmake: 1.3.11 (/opt/ros/humble/share/ament_cmake/cmake)
-- Found Python3: /usr/bin/python3 (found version "3.10.12") found components: Interpreter 
-- Override CMake install command with custom implementation using symlinks instead of copying resources
-- Found ament_lint_auto: 0.12.12 (/opt/ros/humble/share/ament_lint_auto/cmake)
-- Added test 'flake8' to check Python code syntax and style conventions
-- Added test 'lint_cmake' to check CMake code style
-- Added test 'pep257' to check Python code against some of the docstring style conventions in PEP 257
-- Added test 'xmllint' to check XML markup files
-- Configuring done
-- Generating done
-- Build files have been written to: /home/wb/ros_ws/build/my_robot_simulation
-- Install configuration: ""
-- Execute custom install script
-- Symlinking: /home/wb/ros_ws/install/my_robot_simulation/share/ament_index/resource_index/package_run_dependencies/my_robot_simulation
-- Symlinking: /home/wb/ros_ws/install/my_robot_simulation/share/ament_index/resource_index/parent_prefix_path/my_robot_simulation
-- Symlinking: /home/wb/ros_ws/install/my_robot_simulation/share/my_robot_simulation/environment/ament_prefix_path.sh
-- Symlinking: /home/wb/ros_ws/install/my_robot_simulation/share/my_robot_simulation/environment/ament_prefix_path.dsv
-- Symlinking: /home/wb/ros_ws/install/my_robot_simulation/share/my_robot_simulation/environment/path.sh
-- Symlinking: /home/wb/ros_ws/install/my_robot_simulation/share/my_robot_simulation/environment/path.dsv
-- Symlinking: /home/wb/ros_ws/install/my_robot_simulation/share/my_robot_simulation/local_setup.bash
-- Symlinking: /home/wb/ros_ws/install/my_robot_simulation/share/my_robot_simulation/local_setup.sh
-- Symlinking: /home/wb/ros_ws/install/my_robot_simulation/share/my_robot_simulation/local_setup.zsh
-- Symlinking: /home/wb/ros_ws/install/my_robot_simulation/share/my_robot_simulation/local_setup.dsv
-- Symlinking: /home/wb/ros_ws/install/my_robot_simulation/share/my_robot_simulation/package.dsv
-- Symlinking: /home/wb/ros_ws/install/my_robot_simulation/share/ament_index/resource_index/packages/my_robot_simulation
-- Symlinking: /home/wb/ros_ws/install/my_robot_simulation/share/my_robot_simulation/cmake/my_robot_simulationConfig.cmake
-- Symlinking: /home/wb/ros_ws/install/my_robot_simulation/share/my_robot_simulation/cmake/my_robot_simulationConfig-version.cmake
-- Symlinking: /home/wb/ros_ws/install/my_robot_simulation/share/my_robot_simulation/package.xml
-- Symlinking: /home/wb/ros_ws/install/my_robot_simulation/share/my_robot_simulation/launch/combined.launch.py
-- Symlinking: /home/wb/ros_ws/install/my_robot_simulation/share/my_robot_simulation/launch/my_hex_arena.launch.py
-- Symlinking: /home/wb/ros_ws/install/my_robot_simulation/share/my_robot_simulation/worlds/my_hex_arena.world
-- Symlinking: /home/wb/ros_ws/install/my_robot_simulation/share/my_robot_simulation/config/simulation_params.yaml
