[0.020s] Invoking command in '/home/wb/ros_ws/build/my_robot_description': CMAKE_PREFIX_PATH=${CMAKE_PREFIX_PATH}:/home/wb/ros_ws/install/orb_slam3_ai:/home/wb/ros_ws/install/my_robot_vision:/opt/ros/humble /usr/bin/cmake /home/wb/ros_ws/src/my_robot_description -DCMAKE_INSTALL_PREFIX=/home/wb/ros_ws/install/my_robot_description
[0.225s] -- The C compiler identification is GNU 11.4.0
[0.225s] -- The CXX compiler identification is GNU 11.4.0
[0.225s] -- Detecting C compiler ABI info
[0.225s] -- Detecting C compiler ABI info - done
[0.225s] -- Check for working C compiler: /usr/bin/cc - skipped
[0.225s] -- Detecting C compile features
[0.225s] -- Detecting C compile features - done
[0.225s] -- Detecting CXX compiler ABI info
[0.322s] -- Detecting CXX compiler ABI info - done
[0.331s] -- Check for working CXX compiler: /usr/bin/c++ - skipped
[0.331s] -- Detecting CXX compile features
[0.332s] -- Detecting CXX compile features - done
[0.337s] -- Found ament_cmake: 1.3.11 (/opt/ros/humble/share/ament_cmake/cmake)
[0.514s] -- Found Python3: /usr/bin/python3 (found version "3.10.12") found components: Interpreter 
[0.580s] -- Found ament_lint_auto: 0.12.12 (/opt/ros/humble/share/ament_lint_auto/cmake)
[0.685s] -- Added test 'flake8' to check Python code syntax and style conventions
[0.686s] -- Added test 'lint_cmake' to check CMake code style
[0.687s] -- Added test 'pep257' to check Python code against some of the docstring style conventions in PEP 257
[0.688s] -- Added test 'xmllint' to check XML markup files
[0.690s] -- Configuring done
[0.692s] -- Generating done
[0.693s] -- Build files have been written to: /home/wb/ros_ws/build/my_robot_description
[0.697s] Invoked command in '/home/wb/ros_ws/build/my_robot_description' returned '0': CMAKE_PREFIX_PATH=${CMAKE_PREFIX_PATH}:/home/wb/ros_ws/install/orb_slam3_ai:/home/wb/ros_ws/install/my_robot_vision:/opt/ros/humble /usr/bin/cmake /home/wb/ros_ws/src/my_robot_description -DCMAKE_INSTALL_PREFIX=/home/wb/ros_ws/install/my_robot_description
[0.700s] Invoking command in '/home/wb/ros_ws/build/my_robot_description': CMAKE_PREFIX_PATH=${CMAKE_PREFIX_PATH}:/home/wb/ros_ws/install/orb_slam3_ai:/home/wb/ros_ws/install/my_robot_vision:/opt/ros/humble /usr/bin/cmake --build /home/wb/ros_ws/build/my_robot_description -- -j4 -l4
[0.767s] Invoked command in '/home/wb/ros_ws/build/my_robot_description' returned '0': CMAKE_PREFIX_PATH=${CMAKE_PREFIX_PATH}:/home/wb/ros_ws/install/orb_slam3_ai:/home/wb/ros_ws/install/my_robot_vision:/opt/ros/humble /usr/bin/cmake --build /home/wb/ros_ws/build/my_robot_description -- -j4 -l4
[0.767s] Invoking command in '/home/wb/ros_ws/build/my_robot_description': CMAKE_PREFIX_PATH=${CMAKE_PREFIX_PATH}:/home/wb/ros_ws/install/orb_slam3_ai:/home/wb/ros_ws/install/my_robot_vision:/opt/ros/humble /usr/bin/cmake --install /home/wb/ros_ws/build/my_robot_description
[0.779s] -- Install configuration: ""
[0.779s] -- Installing: /home/wb/ros_ws/install/my_robot_description/share/my_robot_description/urdf
[0.779s] -- Installing: /home/wb/ros_ws/install/my_robot_description/share/my_robot_description/urdf/model.urdf
[0.779s] -- Installing: /home/wb/ros_ws/install/my_robot_description/share/my_robot_description/urdf/model.config
[0.779s] -- Installing: /home/wb/ros_ws/install/my_robot_description/share/my_robot_description/urdf/my_robot.urdf.xacro
[0.779s] -- Installing: /home/wb/ros_ws/install/my_robot_description/share/my_robot_description/worlds
[0.779s] -- Installing: /home/wb/ros_ws/install/my_robot_description/share/my_robot_description/worlds/my_robot_world.world
[0.779s] -- Installing: /home/wb/ros_ws/install/my_robot_description/share/my_robot_description/launch
[0.779s] -- Installing: /home/wb/ros_ws/install/my_robot_description/share/my_robot_description/launch/my_robot_sim.launch.py
[0.779s] -- Installing: /home/wb/ros_ws/install/my_robot_description/share/my_robot_description/config
[0.779s] -- Installing: /home/wb/ros_ws/install/my_robot_description/share/my_robot_description/config/robot_params.yaml
[0.779s] -- Installing: /home/wb/ros_ws/install/my_robot_description/share/my_robot_description/rviz
[0.779s] -- Installing: /home/wb/ros_ws/install/my_robot_description/share/my_robot_description/rviz/slam_view.rviz
[0.779s] -- Installing: /home/wb/ros_ws/install/my_robot_description/share/my_robot_description/rviz/robot_view.rviz
[0.779s] -- Installing: /home/wb/ros_ws/install/my_robot_description/share/my_robot_description/rviz/navigation_view.rviz
[0.779s] -- Installing: /home/wb/ros_ws/install/my_robot_description/share/my_robot_description/rviz/full_navigation.rviz
[0.779s] -- Installing: /home/wb/ros_ws/install/my_robot_description/share/my_robot_description/model.urdf
[0.779s] -- Installing: /home/wb/ros_ws/install/my_robot_description/share/my_robot_description/model.config
[0.779s] -- Installing: /home/wb/ros_ws/install/my_robot_description/share/ament_index/resource_index/package_run_dependencies/my_robot_description
[0.779s] -- Installing: /home/wb/ros_ws/install/my_robot_description/share/ament_index/resource_index/parent_prefix_path/my_robot_description
[0.780s] -- Installing: /home/wb/ros_ws/install/my_robot_description/share/my_robot_description/environment/ament_prefix_path.sh
[0.785s] -- Installing: /home/wb/ros_ws/install/my_robot_description/share/my_robot_description/environment/ament_prefix_path.dsv
[0.785s] -- Installing: /home/wb/ros_ws/install/my_robot_description/share/my_robot_description/environment/path.sh
[0.785s] -- Installing: /home/wb/ros_ws/install/my_robot_description/share/my_robot_description/environment/path.dsv
[0.785s] -- Installing: /home/wb/ros_ws/install/my_robot_description/share/my_robot_description/local_setup.bash
[0.785s] -- Installing: /home/wb/ros_ws/install/my_robot_description/share/my_robot_description/local_setup.sh
[0.785s] -- Installing: /home/wb/ros_ws/install/my_robot_description/share/my_robot_description/local_setup.zsh
[0.785s] -- Installing: /home/wb/ros_ws/install/my_robot_description/share/my_robot_description/local_setup.dsv
[0.786s] -- Installing: /home/wb/ros_ws/install/my_robot_description/share/my_robot_description/package.dsv
[0.786s] -- Installing: /home/wb/ros_ws/install/my_robot_description/share/ament_index/resource_index/packages/my_robot_description
[0.786s] -- Installing: /home/wb/ros_ws/install/my_robot_description/share/my_robot_description/cmake/my_robot_descriptionConfig.cmake
[0.786s] -- Installing: /home/wb/ros_ws/install/my_robot_description/share/my_robot_description/cmake/my_robot_descriptionConfig-version.cmake
[0.786s] -- Installing: /home/wb/ros_ws/install/my_robot_description/share/my_robot_description/package.xml
[0.791s] Invoked command in '/home/wb/ros_ws/build/my_robot_description' returned '0': CMAKE_PREFIX_PATH=${CMAKE_PREFIX_PATH}:/home/wb/ros_ws/install/orb_slam3_ai:/home/wb/ros_ws/install/my_robot_vision:/opt/ros/humble /usr/bin/cmake --install /home/wb/ros_ws/build/my_robot_description
