[0.030s] Invoking command in '/home/wb/ros_ws/build/nav2_msgs': CMAKE_PREFIX_PATH=/home/wb/ros_ws/install/nav2_common:/home/wb/ros_ws/install/nav2_system_tests:/home/wb/ros_ws/install/my_robot_navigation:/home/wb/ros_ws/install/nav2_bringup:/home/wb/ros_ws/install/navigation2:/home/wb/ros_ws/install/nav2_smoother:/home/wb/ros_ws/install/nav2_rotation_shim_controller:/home/wb/ros_ws/install/nav2_graceful_controller:/home/wb/ros_ws/install/nav2_dwb_controller:/home/wb/ros_ws/install/nav2_controller:/home/wb/ros_ws/install/dwb_plugins:/home/wb/ros_ws/install/dwb_critics:/home/wb/ros_ws/install/dwb_core:/home/wb/ros_ws/install/nav_2d_utils:/home/wb/ros_ws/install/dwb_msgs:/home/wb/ros_ws/install/nav_2d_msgs:/home/wb/ros_ws/install/nav2_waypoint_follower:/home/wb/ros_ws/install/nav2_theta_star_planner:/home/wb/ros_ws/install/nav2_smac_planner:/home/wb/ros_ws/install/nav2_regulated_pure_pursuit_controller:/home/wb/ros_ws/install/nav2_planner:/home/wb/ros_ws/install/nav2_navfn_planner:/home/wb/ros_ws/install/nav2_mppi_controller:/home/wb/ros_ws/install/nav2_constrained_smoother:/home/wb/ros_ws/install/nav2_bt_navigator:/home/wb/ros_ws/install/nav2_behaviors:/home/wb/ros_ws/install/nav2_core:/home/wb/ros_ws/install/nav2_collision_monitor:/home/wb/ros_ws/install/costmap_queue:/home/wb/ros_ws/install/nav2_costmap_2d:/home/wb/ros_ws/install/nav2_voxel_grid:/home/wb/ros_ws/install/nav2_velocity_smoother:/home/wb/ros_ws/install/nav2_rviz_plugins:/home/wb/ros_ws/install/nav2_map_server:/home/wb/ros_ws/install/nav2_lifecycle_manager:/home/wb/ros_ws/install/nav2_behavior_tree:/home/wb/ros_ws/install/nav2_amcl:/home/wb/ros_ws/install/nav2_util:/home/wb/ros_ws/install/nav2_msgs:/home/wb/ros_ws/install/my_robot_simulation:/home/wb/ros_ws/install/my_robot_description:/home/wb/ros_ws/install/nav2_simple_commander:/home/wb/ros_ws/install/my_robot_vision:/opt/ros/humble /usr/bin/cmake --build /home/wb/ros_ws/build/nav2_msgs -- -j4 -l4
[0.148s] [  1%] Built target nav2_msgs__cpp
[0.148s] [ 12%] Built target nav2_msgs__rosidl_generator_c
[0.157s] [ 12%] Built target ament_cmake_python_symlink_nav2_msgs
[0.251s] [ 37%] Built target nav2_msgs__rosidl_typesupport_introspection_c
[0.255s] [ 37%] Built target nav2_msgs__rosidl_typesupport_c
[0.280s] [ 49%] Built target nav2_msgs__rosidl_typesupport_cpp
[0.301s] [ 61%] Built target nav2_msgs__rosidl_typesupport_fastrtps_cpp
[0.397s] [ 74%] Built target nav2_msgs__rosidl_typesupport_introspection_cpp
[0.412s] [ 87%] Built target nav2_msgs__rosidl_typesupport_fastrtps_c
[0.465s] [ 87%] Built target nav2_msgs
[0.525s] [ 87%] Built target nav2_msgs__py
[0.608s] [ 99%] Built target nav2_msgs__rosidl_generator_py
[0.704s] [100%] Built target nav2_msgs__rosidl_typesupport_c__pyext
[0.704s] [100%] Built target nav2_msgs__rosidl_typesupport_fastrtps_c__pyext
[0.716s] [100%] Built target nav2_msgs__rosidl_typesupport_introspection_c__pyext
[0.739s] running egg_info
[0.739s] writing nav2_msgs.egg-info/PKG-INFO
[0.740s] writing dependency_links to nav2_msgs.egg-info/dependency_links.txt
[0.740s] writing top-level names to nav2_msgs.egg-info/top_level.txt
[0.742s] reading manifest file 'nav2_msgs.egg-info/SOURCES.txt'
[0.743s] writing manifest file 'nav2_msgs.egg-info/SOURCES.txt'
[0.770s] [100%] Built target ament_cmake_python_build_nav2_msgs_egg
[0.793s] Invoked command in '/home/wb/ros_ws/build/nav2_msgs' returned '0': CMAKE_PREFIX_PATH=/home/wb/ros_ws/install/nav2_common:/home/wb/ros_ws/install/nav2_system_tests:/home/wb/ros_ws/install/my_robot_navigation:/home/wb/ros_ws/install/nav2_bringup:/home/wb/ros_ws/install/navigation2:/home/wb/ros_ws/install/nav2_smoother:/home/wb/ros_ws/install/nav2_rotation_shim_controller:/home/wb/ros_ws/install/nav2_graceful_controller:/home/wb/ros_ws/install/nav2_dwb_controller:/home/wb/ros_ws/install/nav2_controller:/home/wb/ros_ws/install/dwb_plugins:/home/wb/ros_ws/install/dwb_critics:/home/wb/ros_ws/install/dwb_core:/home/wb/ros_ws/install/nav_2d_utils:/home/wb/ros_ws/install/dwb_msgs:/home/wb/ros_ws/install/nav_2d_msgs:/home/wb/ros_ws/install/nav2_waypoint_follower:/home/wb/ros_ws/install/nav2_theta_star_planner:/home/wb/ros_ws/install/nav2_smac_planner:/home/wb/ros_ws/install/nav2_regulated_pure_pursuit_controller:/home/wb/ros_ws/install/nav2_planner:/home/wb/ros_ws/install/nav2_navfn_planner:/home/wb/ros_ws/install/nav2_mppi_controller:/home/wb/ros_ws/install/nav2_constrained_smoother:/home/wb/ros_ws/install/nav2_bt_navigator:/home/wb/ros_ws/install/nav2_behaviors:/home/wb/ros_ws/install/nav2_core:/home/wb/ros_ws/install/nav2_collision_monitor:/home/wb/ros_ws/install/costmap_queue:/home/wb/ros_ws/install/nav2_costmap_2d:/home/wb/ros_ws/install/nav2_voxel_grid:/home/wb/ros_ws/install/nav2_velocity_smoother:/home/wb/ros_ws/install/nav2_rviz_plugins:/home/wb/ros_ws/install/nav2_map_server:/home/wb/ros_ws/install/nav2_lifecycle_manager:/home/wb/ros_ws/install/nav2_behavior_tree:/home/wb/ros_ws/install/nav2_amcl:/home/wb/ros_ws/install/nav2_util:/home/wb/ros_ws/install/nav2_msgs:/home/wb/ros_ws/install/my_robot_simulation:/home/wb/ros_ws/install/my_robot_description:/home/wb/ros_ws/install/nav2_simple_commander:/home/wb/ros_ws/install/my_robot_vision:/opt/ros/humble /usr/bin/cmake --build /home/wb/ros_ws/build/nav2_msgs -- -j4 -l4
[0.794s] Invoking command in '/home/wb/ros_ws/build/nav2_msgs': CMAKE_PREFIX_PATH=/home/wb/ros_ws/install/nav2_common:/home/wb/ros_ws/install/nav2_system_tests:/home/wb/ros_ws/install/my_robot_navigation:/home/wb/ros_ws/install/nav2_bringup:/home/wb/ros_ws/install/navigation2:/home/wb/ros_ws/install/nav2_smoother:/home/wb/ros_ws/install/nav2_rotation_shim_controller:/home/wb/ros_ws/install/nav2_graceful_controller:/home/wb/ros_ws/install/nav2_dwb_controller:/home/wb/ros_ws/install/nav2_controller:/home/wb/ros_ws/install/dwb_plugins:/home/wb/ros_ws/install/dwb_critics:/home/wb/ros_ws/install/dwb_core:/home/wb/ros_ws/install/nav_2d_utils:/home/wb/ros_ws/install/dwb_msgs:/home/wb/ros_ws/install/nav_2d_msgs:/home/wb/ros_ws/install/nav2_waypoint_follower:/home/wb/ros_ws/install/nav2_theta_star_planner:/home/wb/ros_ws/install/nav2_smac_planner:/home/wb/ros_ws/install/nav2_regulated_pure_pursuit_controller:/home/wb/ros_ws/install/nav2_planner:/home/wb/ros_ws/install/nav2_navfn_planner:/home/wb/ros_ws/install/nav2_mppi_controller:/home/wb/ros_ws/install/nav2_constrained_smoother:/home/wb/ros_ws/install/nav2_bt_navigator:/home/wb/ros_ws/install/nav2_behaviors:/home/wb/ros_ws/install/nav2_core:/home/wb/ros_ws/install/nav2_collision_monitor:/home/wb/ros_ws/install/costmap_queue:/home/wb/ros_ws/install/nav2_costmap_2d:/home/wb/ros_ws/install/nav2_voxel_grid:/home/wb/ros_ws/install/nav2_velocity_smoother:/home/wb/ros_ws/install/nav2_rviz_plugins:/home/wb/ros_ws/install/nav2_map_server:/home/wb/ros_ws/install/nav2_lifecycle_manager:/home/wb/ros_ws/install/nav2_behavior_tree:/home/wb/ros_ws/install/nav2_amcl:/home/wb/ros_ws/install/nav2_util:/home/wb/ros_ws/install/nav2_msgs:/home/wb/ros_ws/install/my_robot_simulation:/home/wb/ros_ws/install/my_robot_description:/home/wb/ros_ws/install/nav2_simple_commander:/home/wb/ros_ws/install/my_robot_vision:/opt/ros/humble /usr/bin/cmake --install /home/wb/ros_ws/build/nav2_msgs
[0.804s] -- Install configuration: "Release"
[0.804s] -- Execute custom install script
[0.804s] -- Up-to-date symlink: /home/wb/ros_ws/install/nav2_msgs/share/ament_index/resource_index/rosidl_interfaces/nav2_msgs
[0.806s] -- Up-to-date symlink: /home/wb/ros_ws/install/nav2_msgs/include/nav2_msgs/nav2_msgs/action/assisted_teleop.h
[0.806s] -- Up-to-date symlink: /home/wb/ros_ws/install/nav2_msgs/include/nav2_msgs/nav2_msgs/action/back_up.h
[0.806s] -- Up-to-date symlink: /home/wb/ros_ws/install/nav2_msgs/include/nav2_msgs/nav2_msgs/action/compute_path_through_poses.h
[0.806s] -- Up-to-date symlink: /home/wb/ros_ws/install/nav2_msgs/include/nav2_msgs/nav2_msgs/action/compute_path_to_pose.h
[0.806s] -- Up-to-date symlink: /home/wb/ros_ws/install/nav2_msgs/include/nav2_msgs/nav2_msgs/action/detail/assisted_teleop__functions.h
[0.807s] -- Up-to-date symlink: /home/wb/ros_ws/install/nav2_msgs/include/nav2_msgs/nav2_msgs/action/detail/assisted_teleop__struct.h
[0.807s] -- Up-to-date symlink: /home/wb/ros_ws/install/nav2_msgs/include/nav2_msgs/nav2_msgs/action/detail/assisted_teleop__type_support.h
[0.807s] -- Up-to-date symlink: /home/wb/ros_ws/install/nav2_msgs/include/nav2_msgs/nav2_msgs/action/detail/back_up__functions.h
[0.807s] -- Up-to-date symlink: /home/wb/ros_ws/install/nav2_msgs/include/nav2_msgs/nav2_msgs/action/detail/back_up__struct.h
[0.807s] -- Up-to-date symlink: /home/wb/ros_ws/install/nav2_msgs/include/nav2_msgs/nav2_msgs/action/detail/back_up__type_support.h
[0.808s] -- Up-to-date symlink: /home/wb/ros_ws/install/nav2_msgs/include/nav2_msgs/nav2_msgs/action/detail/compute_path_through_poses__functions.h
[0.808s] -- Up-to-date symlink: /home/wb/ros_ws/install/nav2_msgs/include/nav2_msgs/nav2_msgs/action/detail/compute_path_through_poses__struct.h
[0.808s] -- Up-to-date symlink: /home/wb/ros_ws/install/nav2_msgs/include/nav2_msgs/nav2_msgs/action/detail/compute_path_through_poses__type_support.h
[0.808s] -- Up-to-date symlink: /home/wb/ros_ws/install/nav2_msgs/include/nav2_msgs/nav2_msgs/action/detail/compute_path_to_pose__functions.h
[0.808s] -- Up-to-date symlink: /home/wb/ros_ws/install/nav2_msgs/include/nav2_msgs/nav2_msgs/action/detail/compute_path_to_pose__struct.h
[0.808s] -- Up-to-date symlink: /home/wb/ros_ws/install/nav2_msgs/include/nav2_msgs/nav2_msgs/action/detail/compute_path_to_pose__type_support.h
[0.808s] -- Up-to-date symlink: /home/wb/ros_ws/install/nav2_msgs/include/nav2_msgs/nav2_msgs/action/detail/drive_on_heading__functions.h
[0.808s] -- Up-to-date symlink: /home/wb/ros_ws/install/nav2_msgs/include/nav2_msgs/nav2_msgs/action/detail/drive_on_heading__struct.h
[0.808s] -- Up-to-date symlink: /home/wb/ros_ws/install/nav2_msgs/include/nav2_msgs/nav2_msgs/action/detail/drive_on_heading__type_support.h
[0.811s] -- Up-to-date symlink: /home/wb/ros_ws/install/nav2_msgs/include/nav2_msgs/nav2_msgs/action/detail/dummy_behavior__functions.h
[0.811s] -- Up-to-date symlink: /home/wb/ros_ws/install/nav2_msgs/include/nav2_msgs/nav2_msgs/action/detail/dummy_behavior__struct.h
[0.812s] -- Up-to-date symlink: /home/wb/ros_ws/install/nav2_msgs/include/nav2_msgs/nav2_msgs/action/detail/dummy_behavior__type_support.h
[0.812s] -- Up-to-date symlink: /home/wb/ros_ws/install/nav2_msgs/include/nav2_msgs/nav2_msgs/action/detail/follow_path__functions.h
[0.812s] -- Up-to-date symlink: /home/wb/ros_ws/install/nav2_msgs/include/nav2_msgs/nav2_msgs/action/detail/follow_path__struct.h
[0.812s] -- Up-to-date symlink: /home/wb/ros_ws/install/nav2_msgs/include/nav2_msgs/nav2_msgs/action/detail/follow_path__type_support.h
[0.813s] -- Up-to-date symlink: /home/wb/ros_ws/install/nav2_msgs/include/nav2_msgs/nav2_msgs/action/detail/follow_waypoints__functions.h
[0.813s] -- Up-to-date symlink: /home/wb/ros_ws/install/nav2_msgs/include/nav2_msgs/nav2_msgs/action/detail/follow_waypoints__struct.h
[0.813s] -- Up-to-date symlink: /home/wb/ros_ws/install/nav2_msgs/include/nav2_msgs/nav2_msgs/action/detail/follow_waypoints__type_support.h
[0.813s] -- Up-to-date symlink: /home/wb/ros_ws/install/nav2_msgs/include/nav2_msgs/nav2_msgs/action/detail/navigate_through_poses__functions.h
[0.813s] -- Up-to-date symlink: /home/wb/ros_ws/install/nav2_msgs/include/nav2_msgs/nav2_msgs/action/detail/navigate_through_poses__struct.h
[0.813s] -- Up-to-date symlink: /home/wb/ros_ws/install/nav2_msgs/include/nav2_msgs/nav2_msgs/action/detail/navigate_through_poses__type_support.h
[0.814s] -- Up-to-date symlink: /home/wb/ros_ws/install/nav2_msgs/include/nav2_msgs/nav2_msgs/action/detail/navigate_to_pose__functions.h
[0.814s] -- Up-to-date symlink: /home/wb/ros_ws/install/nav2_msgs/include/nav2_msgs/nav2_msgs/action/detail/navigate_to_pose__struct.h
[0.815s] -- Up-to-date symlink: /home/wb/ros_ws/install/nav2_msgs/include/nav2_msgs/nav2_msgs/action/detail/navigate_to_pose__type_support.h
[0.815s] -- Up-to-date symlink: /home/wb/ros_ws/install/nav2_msgs/include/nav2_msgs/nav2_msgs/action/detail/smooth_path__functions.h
[0.815s] -- Up-to-date symlink: /home/wb/ros_ws/install/nav2_msgs/include/nav2_msgs/nav2_msgs/action/detail/smooth_path__struct.h
[0.815s] -- Up-to-date symlink: /home/wb/ros_ws/install/nav2_msgs/include/nav2_msgs/nav2_msgs/action/detail/smooth_path__type_support.h
[0.815s] -- Up-to-date symlink: /home/wb/ros_ws/install/nav2_msgs/include/nav2_msgs/nav2_msgs/action/detail/spin__functions.h
[0.815s] -- Up-to-date symlink: /home/wb/ros_ws/install/nav2_msgs/include/nav2_msgs/nav2_msgs/action/detail/spin__struct.h
[0.815s] -- Up-to-date symlink: /home/wb/ros_ws/install/nav2_msgs/include/nav2_msgs/nav2_msgs/action/detail/spin__type_support.h
[0.816s] -- Up-to-date symlink: /home/wb/ros_ws/install/nav2_msgs/include/nav2_msgs/nav2_msgs/action/detail/wait__functions.h
[0.816s] -- Up-to-date symlink: /home/wb/ros_ws/install/nav2_msgs/include/nav2_msgs/nav2_msgs/action/detail/wait__struct.h
[0.816s] -- Up-to-date symlink: /home/wb/ros_ws/install/nav2_msgs/include/nav2_msgs/nav2_msgs/action/detail/wait__type_support.h
[0.816s] -- Up-to-date symlink: /home/wb/ros_ws/install/nav2_msgs/include/nav2_msgs/nav2_msgs/action/drive_on_heading.h
[0.816s] -- Up-to-date symlink: /home/wb/ros_ws/install/nav2_msgs/include/nav2_msgs/nav2_msgs/action/dummy_behavior.h
[0.817s] -- Up-to-date symlink: /home/wb/ros_ws/install/nav2_msgs/include/nav2_msgs/nav2_msgs/action/follow_path.h
[0.817s] -- Up-to-date symlink: /home/wb/ros_ws/install/nav2_msgs/include/nav2_msgs/nav2_msgs/action/follow_waypoints.h
[0.817s] -- Up-to-date symlink: /home/wb/ros_ws/install/nav2_msgs/include/nav2_msgs/nav2_msgs/action/navigate_through_poses.h
[0.817s] -- Up-to-date symlink: /home/wb/ros_ws/install/nav2_msgs/include/nav2_msgs/nav2_msgs/action/navigate_to_pose.h
[0.818s] -- Up-to-date symlink: /home/wb/ros_ws/install/nav2_msgs/include/nav2_msgs/nav2_msgs/action/smooth_path.h
[0.818s] -- Up-to-date symlink: /home/wb/ros_ws/install/nav2_msgs/include/nav2_msgs/nav2_msgs/action/spin.h
[0.818s] -- Up-to-date symlink: /home/wb/ros_ws/install/nav2_msgs/include/nav2_msgs/nav2_msgs/action/wait.h
[0.818s] -- Up-to-date symlink: /home/wb/ros_ws/install/nav2_msgs/include/nav2_msgs/nav2_msgs/msg/behavior_tree_log.h
[0.818s] -- Up-to-date symlink: /home/wb/ros_ws/install/nav2_msgs/include/nav2_msgs/nav2_msgs/msg/behavior_tree_status_change.h
[0.818s] -- Up-to-date symlink: /home/wb/ros_ws/install/nav2_msgs/include/nav2_msgs/nav2_msgs/msg/collision_monitor_state.h
[0.818s] -- Up-to-date symlink: /home/wb/ros_ws/install/nav2_msgs/include/nav2_msgs/nav2_msgs/msg/costmap.h
[0.818s] -- Up-to-date symlink: /home/wb/ros_ws/install/nav2_msgs/include/nav2_msgs/nav2_msgs/msg/costmap_filter_info.h
[0.819s] -- Up-to-date symlink: /home/wb/ros_ws/install/nav2_msgs/include/nav2_msgs/nav2_msgs/msg/costmap_meta_data.h
[0.819s] -- Up-to-date symlink: /home/wb/ros_ws/install/nav2_msgs/include/nav2_msgs/nav2_msgs/msg/detail/behavior_tree_log__functions.h
[0.819s] -- Up-to-date symlink: /home/wb/ros_ws/install/nav2_msgs/include/nav2_msgs/nav2_msgs/msg/detail/behavior_tree_log__struct.h
[0.819s] -- Up-to-date symlink: /home/wb/ros_ws/install/nav2_msgs/include/nav2_msgs/nav2_msgs/msg/detail/behavior_tree_log__type_support.h
[0.820s] -- Up-to-date symlink: /home/wb/ros_ws/install/nav2_msgs/include/nav2_msgs/nav2_msgs/msg/detail/behavior_tree_status_change__functions.h
[0.820s] -- Up-to-date symlink: /home/wb/ros_ws/install/nav2_msgs/include/nav2_msgs/nav2_msgs/msg/detail/behavior_tree_status_change__struct.h
[0.820s] -- Up-to-date symlink: /home/wb/ros_ws/install/nav2_msgs/include/nav2_msgs/nav2_msgs/msg/detail/behavior_tree_status_change__type_support.h
[0.820s] -- Up-to-date symlink: /home/wb/ros_ws/install/nav2_msgs/include/nav2_msgs/nav2_msgs/msg/detail/collision_monitor_state__functions.h
[0.821s] -- Up-to-date symlink: /home/wb/ros_ws/install/nav2_msgs/include/nav2_msgs/nav2_msgs/msg/detail/collision_monitor_state__struct.h
[0.821s] -- Up-to-date symlink: /home/wb/ros_ws/install/nav2_msgs/include/nav2_msgs/nav2_msgs/msg/detail/collision_monitor_state__type_support.h
[0.821s] -- Up-to-date symlink: /home/wb/ros_ws/install/nav2_msgs/include/nav2_msgs/nav2_msgs/msg/detail/costmap__functions.h
[0.821s] -- Up-to-date symlink: /home/wb/ros_ws/install/nav2_msgs/include/nav2_msgs/nav2_msgs/msg/detail/costmap__struct.h
[0.821s] -- Up-to-date symlink: /home/wb/ros_ws/install/nav2_msgs/include/nav2_msgs/nav2_msgs/msg/detail/costmap__type_support.h
[0.822s] -- Up-to-date symlink: /home/wb/ros_ws/install/nav2_msgs/include/nav2_msgs/nav2_msgs/msg/detail/costmap_filter_info__functions.h
[0.824s] -- Up-to-date symlink: /home/wb/ros_ws/install/nav2_msgs/include/nav2_msgs/nav2_msgs/msg/detail/costmap_filter_info__struct.h
[0.824s] -- Up-to-date symlink: /home/wb/ros_ws/install/nav2_msgs/include/nav2_msgs/nav2_msgs/msg/detail/costmap_filter_info__type_support.h
[0.825s] -- Up-to-date symlink: /home/wb/ros_ws/install/nav2_msgs/include/nav2_msgs/nav2_msgs/msg/detail/costmap_meta_data__functions.h
[0.825s] -- Up-to-date symlink: /home/wb/ros_ws/install/nav2_msgs/include/nav2_msgs/nav2_msgs/msg/detail/costmap_meta_data__struct.h
[0.825s] -- Up-to-date symlink: /home/wb/ros_ws/install/nav2_msgs/include/nav2_msgs/nav2_msgs/msg/detail/costmap_meta_data__type_support.h
[0.825s] -- Up-to-date symlink: /home/wb/ros_ws/install/nav2_msgs/include/nav2_msgs/nav2_msgs/msg/detail/particle__functions.h
[0.825s] -- Up-to-date symlink: /home/wb/ros_ws/install/nav2_msgs/include/nav2_msgs/nav2_msgs/msg/detail/particle__struct.h
[0.825s] -- Up-to-date symlink: /home/wb/ros_ws/install/nav2_msgs/include/nav2_msgs/nav2_msgs/msg/detail/particle__type_support.h
[0.825s] -- Up-to-date symlink: /home/wb/ros_ws/install/nav2_msgs/include/nav2_msgs/nav2_msgs/msg/detail/particle_cloud__functions.h
[0.825s] -- Up-to-date symlink: /home/wb/ros_ws/install/nav2_msgs/include/nav2_msgs/nav2_msgs/msg/detail/particle_cloud__struct.h
[0.825s] -- Up-to-date symlink: /home/wb/ros_ws/install/nav2_msgs/include/nav2_msgs/nav2_msgs/msg/detail/particle_cloud__type_support.h
[0.825s] -- Up-to-date symlink: /home/wb/ros_ws/install/nav2_msgs/include/nav2_msgs/nav2_msgs/msg/detail/speed_limit__functions.h
[0.825s] -- Up-to-date symlink: /home/wb/ros_ws/install/nav2_msgs/include/nav2_msgs/nav2_msgs/msg/detail/speed_limit__struct.h
[0.825s] -- Up-to-date symlink: /home/wb/ros_ws/install/nav2_msgs/include/nav2_msgs/nav2_msgs/msg/detail/speed_limit__type_support.h
[0.825s] -- Up-to-date symlink: /home/wb/ros_ws/install/nav2_msgs/include/nav2_msgs/nav2_msgs/msg/detail/voxel_grid__functions.h
[0.825s] -- Up-to-date symlink: /home/wb/ros_ws/install/nav2_msgs/include/nav2_msgs/nav2_msgs/msg/detail/voxel_grid__struct.h
[0.826s] -- Up-to-date symlink: /home/wb/ros_ws/install/nav2_msgs/include/nav2_msgs/nav2_msgs/msg/detail/voxel_grid__type_support.h
[0.826s] -- Up-to-date symlink: /home/wb/ros_ws/install/nav2_msgs/include/nav2_msgs/nav2_msgs/msg/particle.h
[0.826s] -- Up-to-date symlink: /home/wb/ros_ws/install/nav2_msgs/include/nav2_msgs/nav2_msgs/msg/particle_cloud.h
[0.826s] -- Up-to-date symlink: /home/wb/ros_ws/install/nav2_msgs/include/nav2_msgs/nav2_msgs/msg/rosidl_generator_c__visibility_control.h
[0.828s] -- Up-to-date symlink: /home/wb/ros_ws/install/nav2_msgs/include/nav2_msgs/nav2_msgs/msg/speed_limit.h
[0.828s] -- Up-to-date symlink: /home/wb/ros_ws/install/nav2_msgs/include/nav2_msgs/nav2_msgs/msg/voxel_grid.h
[0.828s] -- Up-to-date symlink: /home/wb/ros_ws/install/nav2_msgs/include/nav2_msgs/nav2_msgs/srv/clear_costmap_around_robot.h
[0.828s] -- Up-to-date symlink: /home/wb/ros_ws/install/nav2_msgs/include/nav2_msgs/nav2_msgs/srv/clear_costmap_except_region.h
[0.829s] -- Up-to-date symlink: /home/wb/ros_ws/install/nav2_msgs/include/nav2_msgs/nav2_msgs/srv/clear_entire_costmap.h
[0.830s] -- Up-to-date symlink: /home/wb/ros_ws/install/nav2_msgs/include/nav2_msgs/nav2_msgs/srv/detail/clear_costmap_around_robot__functions.h
[0.830s] -- Up-to-date symlink: /home/wb/ros_ws/install/nav2_msgs/include/nav2_msgs/nav2_msgs/srv/detail/clear_costmap_around_robot__struct.h
[0.830s] -- Up-to-date symlink: /home/wb/ros_ws/install/nav2_msgs/include/nav2_msgs/nav2_msgs/srv/detail/clear_costmap_around_robot__type_support.h
[0.830s] -- Up-to-date symlink: /home/wb/ros_ws/install/nav2_msgs/include/nav2_msgs/nav2_msgs/srv/detail/clear_costmap_except_region__functions.h
[0.830s] -- Up-to-date symlink: /home/wb/ros_ws/install/nav2_msgs/include/nav2_msgs/nav2_msgs/srv/detail/clear_costmap_except_region__struct.h
[0.830s] -- Up-to-date symlink: /home/wb/ros_ws/install/nav2_msgs/include/nav2_msgs/nav2_msgs/srv/detail/clear_costmap_except_region__type_support.h
[0.830s] -- Up-to-date symlink: /home/wb/ros_ws/install/nav2_msgs/include/nav2_msgs/nav2_msgs/srv/detail/clear_entire_costmap__functions.h
[0.830s] -- Up-to-date symlink: /home/wb/ros_ws/install/nav2_msgs/include/nav2_msgs/nav2_msgs/srv/detail/clear_entire_costmap__struct.h
[0.830s] -- Up-to-date symlink: /home/wb/ros_ws/install/nav2_msgs/include/nav2_msgs/nav2_msgs/srv/detail/clear_entire_costmap__type_support.h
[0.830s] -- Up-to-date symlink: /home/wb/ros_ws/install/nav2_msgs/include/nav2_msgs/nav2_msgs/srv/detail/get_costmap__functions.h
[0.830s] -- Up-to-date symlink: /home/wb/ros_ws/install/nav2_msgs/include/nav2_msgs/nav2_msgs/srv/detail/get_costmap__struct.h
[0.830s] -- Up-to-date symlink: /home/wb/ros_ws/install/nav2_msgs/include/nav2_msgs/nav2_msgs/srv/detail/get_costmap__type_support.h
[0.830s] -- Up-to-date symlink: /home/wb/ros_ws/install/nav2_msgs/include/nav2_msgs/nav2_msgs/srv/detail/is_path_valid__functions.h
[0.830s] -- Up-to-date symlink: /home/wb/ros_ws/install/nav2_msgs/include/nav2_msgs/nav2_msgs/srv/detail/is_path_valid__struct.h
[0.831s] -- Up-to-date symlink: /home/wb/ros_ws/install/nav2_msgs/include/nav2_msgs/nav2_msgs/srv/detail/is_path_valid__type_support.h
[0.831s] -- Up-to-date symlink: /home/wb/ros_ws/install/nav2_msgs/include/nav2_msgs/nav2_msgs/srv/detail/load_map__functions.h
[0.831s] -- Up-to-date symlink: /home/wb/ros_ws/install/nav2_msgs/include/nav2_msgs/nav2_msgs/srv/detail/load_map__struct.h
[0.831s] -- Up-to-date symlink: /home/wb/ros_ws/install/nav2_msgs/include/nav2_msgs/nav2_msgs/srv/detail/load_map__type_support.h
[0.831s] -- Up-to-date symlink: /home/wb/ros_ws/install/nav2_msgs/include/nav2_msgs/nav2_msgs/srv/detail/manage_lifecycle_nodes__functions.h
[0.831s] -- Up-to-date symlink: /home/wb/ros_ws/install/nav2_msgs/include/nav2_msgs/nav2_msgs/srv/detail/manage_lifecycle_nodes__struct.h
[0.831s] -- Up-to-date symlink: /home/wb/ros_ws/install/nav2_msgs/include/nav2_msgs/nav2_msgs/srv/detail/manage_lifecycle_nodes__type_support.h
[0.831s] -- Up-to-date symlink: /home/wb/ros_ws/install/nav2_msgs/include/nav2_msgs/nav2_msgs/srv/detail/save_map__functions.h
[0.831s] -- Up-to-date symlink: /home/wb/ros_ws/install/nav2_msgs/include/nav2_msgs/nav2_msgs/srv/detail/save_map__struct.h
[0.831s] -- Up-to-date symlink: /home/wb/ros_ws/install/nav2_msgs/include/nav2_msgs/nav2_msgs/srv/detail/save_map__type_support.h
[0.831s] -- Up-to-date symlink: /home/wb/ros_ws/install/nav2_msgs/include/nav2_msgs/nav2_msgs/srv/detail/set_initial_pose__functions.h
[0.831s] -- Up-to-date symlink: /home/wb/ros_ws/install/nav2_msgs/include/nav2_msgs/nav2_msgs/srv/detail/set_initial_pose__struct.h
[0.831s] -- Up-to-date symlink: /home/wb/ros_ws/install/nav2_msgs/include/nav2_msgs/nav2_msgs/srv/detail/set_initial_pose__type_support.h
[0.834s] -- Up-to-date symlink: /home/wb/ros_ws/install/nav2_msgs/include/nav2_msgs/nav2_msgs/srv/get_costmap.h
[0.834s] -- Up-to-date symlink: /home/wb/ros_ws/install/nav2_msgs/include/nav2_msgs/nav2_msgs/srv/is_path_valid.h
[0.834s] -- Up-to-date symlink: /home/wb/ros_ws/install/nav2_msgs/include/nav2_msgs/nav2_msgs/srv/load_map.h
[0.834s] -- Up-to-date symlink: /home/wb/ros_ws/install/nav2_msgs/include/nav2_msgs/nav2_msgs/srv/manage_lifecycle_nodes.h
[0.834s] -- Up-to-date symlink: /home/wb/ros_ws/install/nav2_msgs/include/nav2_msgs/nav2_msgs/srv/save_map.h
[0.834s] -- Up-to-date symlink: /home/wb/ros_ws/install/nav2_msgs/include/nav2_msgs/nav2_msgs/srv/set_initial_pose.h
[0.834s] -- Up-to-date symlink: /home/wb/ros_ws/install/nav2_msgs/share/nav2_msgs/environment/library_path.sh
[0.834s] -- Up-to-date symlink: /home/wb/ros_ws/install/nav2_msgs/share/nav2_msgs/environment/library_path.dsv
[0.835s] -- Up-to-date symlink: /home/wb/ros_ws/install/nav2_msgs/include/nav2_msgs/nav2_msgs/action/detail/assisted_teleop__rosidl_typesupport_fastrtps_c.h
[0.836s] -- Up-to-date symlink: /home/wb/ros_ws/install/nav2_msgs/include/nav2_msgs/nav2_msgs/action/detail/back_up__rosidl_typesupport_fastrtps_c.h
[0.836s] -- Up-to-date symlink: /home/wb/ros_ws/install/nav2_msgs/include/nav2_msgs/nav2_msgs/action/detail/compute_path_through_poses__rosidl_typesupport_fastrtps_c.h
[0.836s] -- Up-to-date symlink: /home/wb/ros_ws/install/nav2_msgs/include/nav2_msgs/nav2_msgs/action/detail/compute_path_to_pose__rosidl_typesupport_fastrtps_c.h
[0.836s] -- Up-to-date symlink: /home/wb/ros_ws/install/nav2_msgs/include/nav2_msgs/nav2_msgs/action/detail/drive_on_heading__rosidl_typesupport_fastrtps_c.h
[0.836s] -- Up-to-date symlink: /home/wb/ros_ws/install/nav2_msgs/include/nav2_msgs/nav2_msgs/action/detail/dummy_behavior__rosidl_typesupport_fastrtps_c.h
[0.837s] -- Up-to-date symlink: /home/wb/ros_ws/install/nav2_msgs/include/nav2_msgs/nav2_msgs/action/detail/follow_path__rosidl_typesupport_fastrtps_c.h
[0.837s] -- Up-to-date symlink: /home/wb/ros_ws/install/nav2_msgs/include/nav2_msgs/nav2_msgs/action/detail/follow_waypoints__rosidl_typesupport_fastrtps_c.h
[0.837s] -- Up-to-date symlink: /home/wb/ros_ws/install/nav2_msgs/include/nav2_msgs/nav2_msgs/action/detail/navigate_through_poses__rosidl_typesupport_fastrtps_c.h
[0.838s] -- Up-to-date symlink: /home/wb/ros_ws/install/nav2_msgs/include/nav2_msgs/nav2_msgs/action/detail/navigate_to_pose__rosidl_typesupport_fastrtps_c.h
[0.838s] -- Up-to-date symlink: /home/wb/ros_ws/install/nav2_msgs/include/nav2_msgs/nav2_msgs/action/detail/smooth_path__rosidl_typesupport_fastrtps_c.h
[0.840s] -- Up-to-date symlink: /home/wb/ros_ws/install/nav2_msgs/include/nav2_msgs/nav2_msgs/action/detail/spin__rosidl_typesupport_fastrtps_c.h
[0.840s] -- Up-to-date symlink: /home/wb/ros_ws/install/nav2_msgs/include/nav2_msgs/nav2_msgs/action/detail/wait__rosidl_typesupport_fastrtps_c.h
[0.840s] -- Up-to-date symlink: /home/wb/ros_ws/install/nav2_msgs/include/nav2_msgs/nav2_msgs/msg/detail/behavior_tree_log__rosidl_typesupport_fastrtps_c.h
[0.840s] -- Up-to-date symlink: /home/wb/ros_ws/install/nav2_msgs/include/nav2_msgs/nav2_msgs/msg/detail/behavior_tree_status_change__rosidl_typesupport_fastrtps_c.h
[0.840s] -- Up-to-date symlink: /home/wb/ros_ws/install/nav2_msgs/include/nav2_msgs/nav2_msgs/msg/detail/collision_monitor_state__rosidl_typesupport_fastrtps_c.h
[0.840s] -- Up-to-date symlink: /home/wb/ros_ws/install/nav2_msgs/include/nav2_msgs/nav2_msgs/msg/detail/costmap__rosidl_typesupport_fastrtps_c.h
[0.840s] -- Up-to-date symlink: /home/wb/ros_ws/install/nav2_msgs/include/nav2_msgs/nav2_msgs/msg/detail/costmap_filter_info__rosidl_typesupport_fastrtps_c.h
[0.840s] -- Up-to-date symlink: /home/wb/ros_ws/install/nav2_msgs/include/nav2_msgs/nav2_msgs/msg/detail/costmap_meta_data__rosidl_typesupport_fastrtps_c.h
[0.840s] -- Up-to-date symlink: /home/wb/ros_ws/install/nav2_msgs/include/nav2_msgs/nav2_msgs/msg/detail/particle__rosidl_typesupport_fastrtps_c.h
[0.840s] -- Up-to-date symlink: /home/wb/ros_ws/install/nav2_msgs/include/nav2_msgs/nav2_msgs/msg/detail/particle_cloud__rosidl_typesupport_fastrtps_c.h
[0.840s] -- Up-to-date symlink: /home/wb/ros_ws/install/nav2_msgs/include/nav2_msgs/nav2_msgs/msg/detail/speed_limit__rosidl_typesupport_fastrtps_c.h
[0.840s] -- Up-to-date symlink: /home/wb/ros_ws/install/nav2_msgs/include/nav2_msgs/nav2_msgs/msg/detail/voxel_grid__rosidl_typesupport_fastrtps_c.h
[0.841s] -- Up-to-date symlink: /home/wb/ros_ws/install/nav2_msgs/include/nav2_msgs/nav2_msgs/msg/rosidl_typesupport_fastrtps_c__visibility_control.h
[0.841s] -- Up-to-date symlink: /home/wb/ros_ws/install/nav2_msgs/include/nav2_msgs/nav2_msgs/srv/detail/clear_costmap_around_robot__rosidl_typesupport_fastrtps_c.h
[0.841s] -- Up-to-date symlink: /home/wb/ros_ws/install/nav2_msgs/include/nav2_msgs/nav2_msgs/srv/detail/clear_costmap_except_region__rosidl_typesupport_fastrtps_c.h
[0.841s] -- Up-to-date symlink: /home/wb/ros_ws/install/nav2_msgs/include/nav2_msgs/nav2_msgs/srv/detail/clear_entire_costmap__rosidl_typesupport_fastrtps_c.h
[0.841s] -- Up-to-date symlink: /home/wb/ros_ws/install/nav2_msgs/include/nav2_msgs/nav2_msgs/srv/detail/get_costmap__rosidl_typesupport_fastrtps_c.h
[0.841s] -- Up-to-date symlink: /home/wb/ros_ws/install/nav2_msgs/include/nav2_msgs/nav2_msgs/srv/detail/is_path_valid__rosidl_typesupport_fastrtps_c.h
[0.841s] -- Up-to-date symlink: /home/wb/ros_ws/install/nav2_msgs/include/nav2_msgs/nav2_msgs/srv/detail/load_map__rosidl_typesupport_fastrtps_c.h
[0.841s] -- Up-to-date symlink: /home/wb/ros_ws/install/nav2_msgs/include/nav2_msgs/nav2_msgs/srv/detail/manage_lifecycle_nodes__rosidl_typesupport_fastrtps_c.h
[0.841s] -- Up-to-date symlink: /home/wb/ros_ws/install/nav2_msgs/include/nav2_msgs/nav2_msgs/srv/detail/save_map__rosidl_typesupport_fastrtps_c.h
[0.841s] -- Up-to-date symlink: /home/wb/ros_ws/install/nav2_msgs/include/nav2_msgs/nav2_msgs/srv/detail/set_initial_pose__rosidl_typesupport_fastrtps_c.h
[0.842s] -- Up-to-date symlink: /home/wb/ros_ws/install/nav2_msgs/include/nav2_msgs/nav2_msgs/action/assisted_teleop.hpp
[0.843s] -- Up-to-date symlink: /home/wb/ros_ws/install/nav2_msgs/include/nav2_msgs/nav2_msgs/action/back_up.hpp
[0.843s] -- Up-to-date symlink: /home/wb/ros_ws/install/nav2_msgs/include/nav2_msgs/nav2_msgs/action/compute_path_through_poses.hpp
[0.843s] -- Up-to-date symlink: /home/wb/ros_ws/install/nav2_msgs/include/nav2_msgs/nav2_msgs/action/compute_path_to_pose.hpp
[0.843s] -- Up-to-date symlink: /home/wb/ros_ws/install/nav2_msgs/include/nav2_msgs/nav2_msgs/action/detail/assisted_teleop__builder.hpp
[0.844s] -- Up-to-date symlink: /home/wb/ros_ws/install/nav2_msgs/include/nav2_msgs/nav2_msgs/action/detail/assisted_teleop__struct.hpp
[0.844s] -- Up-to-date symlink: /home/wb/ros_ws/install/nav2_msgs/include/nav2_msgs/nav2_msgs/action/detail/assisted_teleop__traits.hpp
[0.844s] -- Up-to-date symlink: /home/wb/ros_ws/install/nav2_msgs/include/nav2_msgs/nav2_msgs/action/detail/assisted_teleop__type_support.hpp
[0.844s] -- Up-to-date symlink: /home/wb/ros_ws/install/nav2_msgs/include/nav2_msgs/nav2_msgs/action/detail/back_up__builder.hpp
[0.847s] -- Up-to-date symlink: /home/wb/ros_ws/install/nav2_msgs/include/nav2_msgs/nav2_msgs/action/detail/back_up__struct.hpp
[0.847s] -- Up-to-date symlink: /home/wb/ros_ws/install/nav2_msgs/include/nav2_msgs/nav2_msgs/action/detail/back_up__traits.hpp
[0.847s] -- Up-to-date symlink: /home/wb/ros_ws/install/nav2_msgs/include/nav2_msgs/nav2_msgs/action/detail/back_up__type_support.hpp
[0.848s] -- Up-to-date symlink: /home/wb/ros_ws/install/nav2_msgs/include/nav2_msgs/nav2_msgs/action/detail/compute_path_through_poses__builder.hpp
[0.848s] -- Up-to-date symlink: /home/wb/ros_ws/install/nav2_msgs/include/nav2_msgs/nav2_msgs/action/detail/compute_path_through_poses__struct.hpp
[0.848s] -- Up-to-date symlink: /home/wb/ros_ws/install/nav2_msgs/include/nav2_msgs/nav2_msgs/action/detail/compute_path_through_poses__traits.hpp
[0.848s] -- Up-to-date symlink: /home/wb/ros_ws/install/nav2_msgs/include/nav2_msgs/nav2_msgs/action/detail/compute_path_through_poses__type_support.hpp
[0.849s] -- Up-to-date symlink: /home/wb/ros_ws/install/nav2_msgs/include/nav2_msgs/nav2_msgs/action/detail/compute_path_to_pose__builder.hpp
[0.849s] -- Up-to-date symlink: /home/wb/ros_ws/install/nav2_msgs/include/nav2_msgs/nav2_msgs/action/detail/compute_path_to_pose__struct.hpp
[0.849s] -- Up-to-date symlink: /home/wb/ros_ws/install/nav2_msgs/include/nav2_msgs/nav2_msgs/action/detail/compute_path_to_pose__traits.hpp
[0.849s] -- Up-to-date symlink: /home/wb/ros_ws/install/nav2_msgs/include/nav2_msgs/nav2_msgs/action/detail/compute_path_to_pose__type_support.hpp
[0.850s] -- Up-to-date symlink: /home/wb/ros_ws/install/nav2_msgs/include/nav2_msgs/nav2_msgs/action/detail/drive_on_heading__builder.hpp
[0.850s] -- Up-to-date symlink: /home/wb/ros_ws/install/nav2_msgs/include/nav2_msgs/nav2_msgs/action/detail/drive_on_heading__struct.hpp
[0.850s] -- Up-to-date symlink: /home/wb/ros_ws/install/nav2_msgs/include/nav2_msgs/nav2_msgs/action/detail/drive_on_heading__traits.hpp
[0.850s] -- Up-to-date symlink: /home/wb/ros_ws/install/nav2_msgs/include/nav2_msgs/nav2_msgs/action/detail/drive_on_heading__type_support.hpp
[0.850s] -- Up-to-date symlink: /home/wb/ros_ws/install/nav2_msgs/include/nav2_msgs/nav2_msgs/action/detail/dummy_behavior__builder.hpp
[0.853s] -- Up-to-date symlink: /home/wb/ros_ws/install/nav2_msgs/include/nav2_msgs/nav2_msgs/action/detail/dummy_behavior__struct.hpp
[0.853s] -- Up-to-date symlink: /home/wb/ros_ws/install/nav2_msgs/include/nav2_msgs/nav2_msgs/action/detail/dummy_behavior__traits.hpp
[0.853s] -- Up-to-date symlink: /home/wb/ros_ws/install/nav2_msgs/include/nav2_msgs/nav2_msgs/action/detail/dummy_behavior__type_support.hpp
[0.853s] -- Up-to-date symlink: /home/wb/ros_ws/install/nav2_msgs/include/nav2_msgs/nav2_msgs/action/detail/follow_path__builder.hpp
[0.853s] -- Up-to-date symlink: /home/wb/ros_ws/install/nav2_msgs/include/nav2_msgs/nav2_msgs/action/detail/follow_path__struct.hpp
[0.853s] -- Up-to-date symlink: /home/wb/ros_ws/install/nav2_msgs/include/nav2_msgs/nav2_msgs/action/detail/follow_path__traits.hpp
[0.853s] -- Up-to-date symlink: /home/wb/ros_ws/install/nav2_msgs/include/nav2_msgs/nav2_msgs/action/detail/follow_path__type_support.hpp
[0.853s] -- Up-to-date symlink: /home/wb/ros_ws/install/nav2_msgs/include/nav2_msgs/nav2_msgs/action/detail/follow_waypoints__builder.hpp
[0.853s] -- Up-to-date symlink: /home/wb/ros_ws/install/nav2_msgs/include/nav2_msgs/nav2_msgs/action/detail/follow_waypoints__struct.hpp
[0.853s] -- Up-to-date symlink: /home/wb/ros_ws/install/nav2_msgs/include/nav2_msgs/nav2_msgs/action/detail/follow_waypoints__traits.hpp
[0.853s] -- Up-to-date symlink: /home/wb/ros_ws/install/nav2_msgs/include/nav2_msgs/nav2_msgs/action/detail/follow_waypoints__type_support.hpp
[0.854s] -- Up-to-date symlink: /home/wb/ros_ws/install/nav2_msgs/include/nav2_msgs/nav2_msgs/action/detail/navigate_through_poses__builder.hpp
[0.854s] -- Up-to-date symlink: /home/wb/ros_ws/install/nav2_msgs/include/nav2_msgs/nav2_msgs/action/detail/navigate_through_poses__struct.hpp
[0.854s] -- Up-to-date symlink: /home/wb/ros_ws/install/nav2_msgs/include/nav2_msgs/nav2_msgs/action/detail/navigate_through_poses__traits.hpp
[0.854s] -- Up-to-date symlink: /home/wb/ros_ws/install/nav2_msgs/include/nav2_msgs/nav2_msgs/action/detail/navigate_through_poses__type_support.hpp
[0.854s] -- Up-to-date symlink: /home/wb/ros_ws/install/nav2_msgs/include/nav2_msgs/nav2_msgs/action/detail/navigate_to_pose__builder.hpp
[0.854s] -- Up-to-date symlink: /home/wb/ros_ws/install/nav2_msgs/include/nav2_msgs/nav2_msgs/action/detail/navigate_to_pose__struct.hpp
[0.854s] -- Up-to-date symlink: /home/wb/ros_ws/install/nav2_msgs/include/nav2_msgs/nav2_msgs/action/detail/navigate_to_pose__traits.hpp
[0.854s] -- Up-to-date symlink: /home/wb/ros_ws/install/nav2_msgs/include/nav2_msgs/nav2_msgs/action/detail/navigate_to_pose__type_support.hpp
[0.854s] -- Up-to-date symlink: /home/wb/ros_ws/install/nav2_msgs/include/nav2_msgs/nav2_msgs/action/detail/smooth_path__builder.hpp
[0.854s] -- Up-to-date symlink: /home/wb/ros_ws/install/nav2_msgs/include/nav2_msgs/nav2_msgs/action/detail/smooth_path__struct.hpp
[0.854s] -- Up-to-date symlink: /home/wb/ros_ws/install/nav2_msgs/include/nav2_msgs/nav2_msgs/action/detail/smooth_path__traits.hpp
[0.854s] -- Up-to-date symlink: /home/wb/ros_ws/install/nav2_msgs/include/nav2_msgs/nav2_msgs/action/detail/smooth_path__type_support.hpp
[0.854s] -- Up-to-date symlink: /home/wb/ros_ws/install/nav2_msgs/include/nav2_msgs/nav2_msgs/action/detail/spin__builder.hpp
[0.854s] -- Up-to-date symlink: /home/wb/ros_ws/install/nav2_msgs/include/nav2_msgs/nav2_msgs/action/detail/spin__struct.hpp
[0.855s] -- Up-to-date symlink: /home/wb/ros_ws/install/nav2_msgs/include/nav2_msgs/nav2_msgs/action/detail/spin__traits.hpp
[0.855s] -- Up-to-date symlink: /home/wb/ros_ws/install/nav2_msgs/include/nav2_msgs/nav2_msgs/action/detail/spin__type_support.hpp
[0.855s] -- Up-to-date symlink: /home/wb/ros_ws/install/nav2_msgs/include/nav2_msgs/nav2_msgs/action/detail/wait__builder.hpp
[0.855s] -- Up-to-date symlink: /home/wb/ros_ws/install/nav2_msgs/include/nav2_msgs/nav2_msgs/action/detail/wait__struct.hpp
[0.855s] -- Up-to-date symlink: /home/wb/ros_ws/install/nav2_msgs/include/nav2_msgs/nav2_msgs/action/detail/wait__traits.hpp
[0.855s] -- Up-to-date symlink: /home/wb/ros_ws/install/nav2_msgs/include/nav2_msgs/nav2_msgs/action/detail/wait__type_support.hpp
[0.856s] -- Up-to-date symlink: /home/wb/ros_ws/install/nav2_msgs/include/nav2_msgs/nav2_msgs/action/drive_on_heading.hpp
[0.856s] -- Up-to-date symlink: /home/wb/ros_ws/install/nav2_msgs/include/nav2_msgs/nav2_msgs/action/dummy_behavior.hpp
[0.856s] -- Up-to-date symlink: /home/wb/ros_ws/install/nav2_msgs/include/nav2_msgs/nav2_msgs/action/follow_path.hpp
[0.856s] -- Up-to-date symlink: /home/wb/ros_ws/install/nav2_msgs/include/nav2_msgs/nav2_msgs/action/follow_waypoints.hpp
[0.857s] -- Up-to-date symlink: /home/wb/ros_ws/install/nav2_msgs/include/nav2_msgs/nav2_msgs/action/navigate_through_poses.hpp
[0.857s] -- Up-to-date symlink: /home/wb/ros_ws/install/nav2_msgs/include/nav2_msgs/nav2_msgs/action/navigate_to_pose.hpp
[0.857s] -- Up-to-date symlink: /home/wb/ros_ws/install/nav2_msgs/include/nav2_msgs/nav2_msgs/action/smooth_path.hpp
[0.857s] -- Up-to-date symlink: /home/wb/ros_ws/install/nav2_msgs/include/nav2_msgs/nav2_msgs/action/spin.hpp
[0.857s] -- Up-to-date symlink: /home/wb/ros_ws/install/nav2_msgs/include/nav2_msgs/nav2_msgs/action/wait.hpp
[0.857s] -- Up-to-date symlink: /home/wb/ros_ws/install/nav2_msgs/include/nav2_msgs/nav2_msgs/msg/behavior_tree_log.hpp
[0.858s] -- Up-to-date symlink: /home/wb/ros_ws/install/nav2_msgs/include/nav2_msgs/nav2_msgs/msg/behavior_tree_status_change.hpp
[0.858s] -- Up-to-date symlink: /home/wb/ros_ws/install/nav2_msgs/include/nav2_msgs/nav2_msgs/msg/collision_monitor_state.hpp
[0.858s] -- Up-to-date symlink: /home/wb/ros_ws/install/nav2_msgs/include/nav2_msgs/nav2_msgs/msg/costmap.hpp
[0.858s] -- Up-to-date symlink: /home/wb/ros_ws/install/nav2_msgs/include/nav2_msgs/nav2_msgs/msg/costmap_filter_info.hpp
[0.858s] -- Up-to-date symlink: /home/wb/ros_ws/install/nav2_msgs/include/nav2_msgs/nav2_msgs/msg/costmap_meta_data.hpp
[0.858s] -- Up-to-date symlink: /home/wb/ros_ws/install/nav2_msgs/include/nav2_msgs/nav2_msgs/msg/detail/behavior_tree_log__builder.hpp
[0.859s] -- Up-to-date symlink: /home/wb/ros_ws/install/nav2_msgs/include/nav2_msgs/nav2_msgs/msg/detail/behavior_tree_log__struct.hpp
[0.859s] -- Up-to-date symlink: /home/wb/ros_ws/install/nav2_msgs/include/nav2_msgs/nav2_msgs/msg/detail/behavior_tree_log__traits.hpp
[0.859s] -- Up-to-date symlink: /home/wb/ros_ws/install/nav2_msgs/include/nav2_msgs/nav2_msgs/msg/detail/behavior_tree_log__type_support.hpp
[0.859s] -- Up-to-date symlink: /home/wb/ros_ws/install/nav2_msgs/include/nav2_msgs/nav2_msgs/msg/detail/behavior_tree_status_change__builder.hpp
[0.859s] -- Up-to-date symlink: /home/wb/ros_ws/install/nav2_msgs/include/nav2_msgs/nav2_msgs/msg/detail/behavior_tree_status_change__struct.hpp
[0.859s] -- Up-to-date symlink: /home/wb/ros_ws/install/nav2_msgs/include/nav2_msgs/nav2_msgs/msg/detail/behavior_tree_status_change__traits.hpp
[0.859s] -- Up-to-date symlink: /home/wb/ros_ws/install/nav2_msgs/include/nav2_msgs/nav2_msgs/msg/detail/behavior_tree_status_change__type_support.hpp
[0.859s] -- Up-to-date symlink: /home/wb/ros_ws/install/nav2_msgs/include/nav2_msgs/nav2_msgs/msg/detail/collision_monitor_state__builder.hpp
[0.860s] -- Up-to-date symlink: /home/wb/ros_ws/install/nav2_msgs/include/nav2_msgs/nav2_msgs/msg/detail/collision_monitor_state__struct.hpp
[0.860s] -- Up-to-date symlink: /home/wb/ros_ws/install/nav2_msgs/include/nav2_msgs/nav2_msgs/msg/detail/collision_monitor_state__traits.hpp
[0.860s] -- Up-to-date symlink: /home/wb/ros_ws/install/nav2_msgs/include/nav2_msgs/nav2_msgs/msg/detail/collision_monitor_state__type_support.hpp
[0.861s] -- Up-to-date symlink: /home/wb/ros_ws/install/nav2_msgs/include/nav2_msgs/nav2_msgs/msg/detail/costmap__builder.hpp
[0.861s] -- Up-to-date symlink: /home/wb/ros_ws/install/nav2_msgs/include/nav2_msgs/nav2_msgs/msg/detail/costmap__struct.hpp
[0.861s] -- Up-to-date symlink: /home/wb/ros_ws/install/nav2_msgs/include/nav2_msgs/nav2_msgs/msg/detail/costmap__traits.hpp
[0.861s] -- Up-to-date symlink: /home/wb/ros_ws/install/nav2_msgs/include/nav2_msgs/nav2_msgs/msg/detail/costmap__type_support.hpp
[0.861s] -- Up-to-date symlink: /home/wb/ros_ws/install/nav2_msgs/include/nav2_msgs/nav2_msgs/msg/detail/costmap_filter_info__builder.hpp
[0.861s] -- Up-to-date symlink: /home/wb/ros_ws/install/nav2_msgs/include/nav2_msgs/nav2_msgs/msg/detail/costmap_filter_info__struct.hpp
[0.862s] -- Up-to-date symlink: /home/wb/ros_ws/install/nav2_msgs/include/nav2_msgs/nav2_msgs/msg/detail/costmap_filter_info__traits.hpp
[0.862s] -- Up-to-date symlink: /home/wb/ros_ws/install/nav2_msgs/include/nav2_msgs/nav2_msgs/msg/detail/costmap_filter_info__type_support.hpp
[0.862s] -- Up-to-date symlink: /home/wb/ros_ws/install/nav2_msgs/include/nav2_msgs/nav2_msgs/msg/detail/costmap_meta_data__builder.hpp
[0.862s] -- Up-to-date symlink: /home/wb/ros_ws/install/nav2_msgs/include/nav2_msgs/nav2_msgs/msg/detail/costmap_meta_data__struct.hpp
[0.862s] -- Up-to-date symlink: /home/wb/ros_ws/install/nav2_msgs/include/nav2_msgs/nav2_msgs/msg/detail/costmap_meta_data__traits.hpp
[0.862s] -- Up-to-date symlink: /home/wb/ros_ws/install/nav2_msgs/include/nav2_msgs/nav2_msgs/msg/detail/costmap_meta_data__type_support.hpp
[0.862s] -- Up-to-date symlink: /home/wb/ros_ws/install/nav2_msgs/include/nav2_msgs/nav2_msgs/msg/detail/particle__builder.hpp
[0.862s] -- Up-to-date symlink: /home/wb/ros_ws/install/nav2_msgs/include/nav2_msgs/nav2_msgs/msg/detail/particle__struct.hpp
[0.862s] -- Up-to-date symlink: /home/wb/ros_ws/install/nav2_msgs/include/nav2_msgs/nav2_msgs/msg/detail/particle__traits.hpp
[0.862s] -- Up-to-date symlink: /home/wb/ros_ws/install/nav2_msgs/include/nav2_msgs/nav2_msgs/msg/detail/particle__type_support.hpp
[0.863s] -- Up-to-date symlink: /home/wb/ros_ws/install/nav2_msgs/include/nav2_msgs/nav2_msgs/msg/detail/particle_cloud__builder.hpp
[0.863s] -- Up-to-date symlink: /home/wb/ros_ws/install/nav2_msgs/include/nav2_msgs/nav2_msgs/msg/detail/particle_cloud__struct.hpp
[0.863s] -- Up-to-date symlink: /home/wb/ros_ws/install/nav2_msgs/include/nav2_msgs/nav2_msgs/msg/detail/particle_cloud__traits.hpp
[0.863s] -- Up-to-date symlink: /home/wb/ros_ws/install/nav2_msgs/include/nav2_msgs/nav2_msgs/msg/detail/particle_cloud__type_support.hpp
[0.863s] -- Up-to-date symlink: /home/wb/ros_ws/install/nav2_msgs/include/nav2_msgs/nav2_msgs/msg/detail/speed_limit__builder.hpp
[0.863s] -- Up-to-date symlink: /home/wb/ros_ws/install/nav2_msgs/include/nav2_msgs/nav2_msgs/msg/detail/speed_limit__struct.hpp
[0.863s] -- Up-to-date symlink: /home/wb/ros_ws/install/nav2_msgs/include/nav2_msgs/nav2_msgs/msg/detail/speed_limit__traits.hpp
[0.863s] -- Up-to-date symlink: /home/wb/ros_ws/install/nav2_msgs/include/nav2_msgs/nav2_msgs/msg/detail/speed_limit__type_support.hpp
[0.863s] -- Up-to-date symlink: /home/wb/ros_ws/install/nav2_msgs/include/nav2_msgs/nav2_msgs/msg/detail/voxel_grid__builder.hpp
[0.863s] -- Up-to-date symlink: /home/wb/ros_ws/install/nav2_msgs/include/nav2_msgs/nav2_msgs/msg/detail/voxel_grid__struct.hpp
[0.863s] -- Up-to-date symlink: /home/wb/ros_ws/install/nav2_msgs/include/nav2_msgs/nav2_msgs/msg/detail/voxel_grid__traits.hpp
[0.863s] -- Up-to-date symlink: /home/wb/ros_ws/install/nav2_msgs/include/nav2_msgs/nav2_msgs/msg/detail/voxel_grid__type_support.hpp
[0.863s] -- Up-to-date symlink: /home/wb/ros_ws/install/nav2_msgs/include/nav2_msgs/nav2_msgs/msg/particle.hpp
[0.866s] -- Up-to-date symlink: /home/wb/ros_ws/install/nav2_msgs/include/nav2_msgs/nav2_msgs/msg/particle_cloud.hpp
[0.866s] -- Up-to-date symlink: /home/wb/ros_ws/install/nav2_msgs/include/nav2_msgs/nav2_msgs/msg/rosidl_generator_cpp__visibility_control.hpp
[0.866s] -- Up-to-date symlink: /home/wb/ros_ws/install/nav2_msgs/include/nav2_msgs/nav2_msgs/msg/speed_limit.hpp
[0.866s] -- Up-to-date symlink: /home/wb/ros_ws/install/nav2_msgs/include/nav2_msgs/nav2_msgs/msg/voxel_grid.hpp
[0.866s] -- Up-to-date symlink: /home/wb/ros_ws/install/nav2_msgs/include/nav2_msgs/nav2_msgs/srv/clear_costmap_around_robot.hpp
[0.866s] -- Up-to-date symlink: /home/wb/ros_ws/install/nav2_msgs/include/nav2_msgs/nav2_msgs/srv/clear_costmap_except_region.hpp
[0.866s] -- Up-to-date symlink: /home/wb/ros_ws/install/nav2_msgs/include/nav2_msgs/nav2_msgs/srv/clear_entire_costmap.hpp
[0.866s] -- Up-to-date symlink: /home/wb/ros_ws/install/nav2_msgs/include/nav2_msgs/nav2_msgs/srv/detail/clear_costmap_around_robot__builder.hpp
[0.866s] -- Up-to-date symlink: /home/wb/ros_ws/install/nav2_msgs/include/nav2_msgs/nav2_msgs/srv/detail/clear_costmap_around_robot__struct.hpp
[0.866s] -- Up-to-date symlink: /home/wb/ros_ws/install/nav2_msgs/include/nav2_msgs/nav2_msgs/srv/detail/clear_costmap_around_robot__traits.hpp
[0.868s] -- Up-to-date symlink: /home/wb/ros_ws/install/nav2_msgs/include/nav2_msgs/nav2_msgs/srv/detail/clear_costmap_around_robot__type_support.hpp
[0.868s] -- Up-to-date symlink: /home/wb/ros_ws/install/nav2_msgs/include/nav2_msgs/nav2_msgs/srv/detail/clear_costmap_except_region__builder.hpp
[0.869s] -- Up-to-date symlink: /home/wb/ros_ws/install/nav2_msgs/include/nav2_msgs/nav2_msgs/srv/detail/clear_costmap_except_region__struct.hpp
[0.869s] -- Up-to-date symlink: /home/wb/ros_ws/install/nav2_msgs/include/nav2_msgs/nav2_msgs/srv/detail/clear_costmap_except_region__traits.hpp
[0.869s] -- Up-to-date symlink: /home/wb/ros_ws/install/nav2_msgs/include/nav2_msgs/nav2_msgs/srv/detail/clear_costmap_except_region__type_support.hpp
[0.869s] -- Up-to-date symlink: /home/wb/ros_ws/install/nav2_msgs/include/nav2_msgs/nav2_msgs/srv/detail/clear_entire_costmap__builder.hpp
[0.869s] -- Up-to-date symlink: /home/wb/ros_ws/install/nav2_msgs/include/nav2_msgs/nav2_msgs/srv/detail/clear_entire_costmap__struct.hpp
[0.869s] -- Up-to-date symlink: /home/wb/ros_ws/install/nav2_msgs/include/nav2_msgs/nav2_msgs/srv/detail/clear_entire_costmap__traits.hpp
[0.869s] -- Up-to-date symlink: /home/wb/ros_ws/install/nav2_msgs/include/nav2_msgs/nav2_msgs/srv/detail/clear_entire_costmap__type_support.hpp
[0.869s] -- Up-to-date symlink: /home/wb/ros_ws/install/nav2_msgs/include/nav2_msgs/nav2_msgs/srv/detail/get_costmap__builder.hpp
[0.869s] -- Up-to-date symlink: /home/wb/ros_ws/install/nav2_msgs/include/nav2_msgs/nav2_msgs/srv/detail/get_costmap__struct.hpp
[0.869s] -- Up-to-date symlink: /home/wb/ros_ws/install/nav2_msgs/include/nav2_msgs/nav2_msgs/srv/detail/get_costmap__traits.hpp
[0.869s] -- Up-to-date symlink: /home/wb/ros_ws/install/nav2_msgs/include/nav2_msgs/nav2_msgs/srv/detail/get_costmap__type_support.hpp
[0.869s] -- Up-to-date symlink: /home/wb/ros_ws/install/nav2_msgs/include/nav2_msgs/nav2_msgs/srv/detail/is_path_valid__builder.hpp
[0.869s] -- Up-to-date symlink: /home/wb/ros_ws/install/nav2_msgs/include/nav2_msgs/nav2_msgs/srv/detail/is_path_valid__struct.hpp
[0.869s] -- Up-to-date symlink: /home/wb/ros_ws/install/nav2_msgs/include/nav2_msgs/nav2_msgs/srv/detail/is_path_valid__traits.hpp
[0.869s] -- Up-to-date symlink: /home/wb/ros_ws/install/nav2_msgs/include/nav2_msgs/nav2_msgs/srv/detail/is_path_valid__type_support.hpp
[0.873s] -- Up-to-date symlink: /home/wb/ros_ws/install/nav2_msgs/include/nav2_msgs/nav2_msgs/srv/detail/load_map__builder.hpp
[0.873s] -- Up-to-date symlink: /home/wb/ros_ws/install/nav2_msgs/include/nav2_msgs/nav2_msgs/srv/detail/load_map__struct.hpp
[0.874s] -- Up-to-date symlink: /home/wb/ros_ws/install/nav2_msgs/include/nav2_msgs/nav2_msgs/srv/detail/load_map__traits.hpp
[0.874s] -- Up-to-date symlink: /home/wb/ros_ws/install/nav2_msgs/include/nav2_msgs/nav2_msgs/srv/detail/load_map__type_support.hpp
[0.874s] -- Up-to-date symlink: /home/wb/ros_ws/install/nav2_msgs/include/nav2_msgs/nav2_msgs/srv/detail/manage_lifecycle_nodes__builder.hpp
[0.874s] -- Up-to-date symlink: /home/wb/ros_ws/install/nav2_msgs/include/nav2_msgs/nav2_msgs/srv/detail/manage_lifecycle_nodes__struct.hpp
[0.875s] -- Up-to-date symlink: /home/wb/ros_ws/install/nav2_msgs/include/nav2_msgs/nav2_msgs/srv/detail/manage_lifecycle_nodes__traits.hpp
[0.875s] -- Up-to-date symlink: /home/wb/ros_ws/install/nav2_msgs/include/nav2_msgs/nav2_msgs/srv/detail/manage_lifecycle_nodes__type_support.hpp
[0.875s] -- Up-to-date symlink: /home/wb/ros_ws/install/nav2_msgs/include/nav2_msgs/nav2_msgs/srv/detail/save_map__builder.hpp
[0.875s] -- Up-to-date symlink: /home/wb/ros_ws/install/nav2_msgs/include/nav2_msgs/nav2_msgs/srv/detail/save_map__struct.hpp
[0.875s] -- Up-to-date symlink: /home/wb/ros_ws/install/nav2_msgs/include/nav2_msgs/nav2_msgs/srv/detail/save_map__traits.hpp
[0.875s] -- Up-to-date symlink: /home/wb/ros_ws/install/nav2_msgs/include/nav2_msgs/nav2_msgs/srv/detail/save_map__type_support.hpp
[0.875s] -- Up-to-date symlink: /home/wb/ros_ws/install/nav2_msgs/include/nav2_msgs/nav2_msgs/srv/detail/set_initial_pose__builder.hpp
[0.875s] -- Up-to-date symlink: /home/wb/ros_ws/install/nav2_msgs/include/nav2_msgs/nav2_msgs/srv/detail/set_initial_pose__struct.hpp
[0.875s] -- Up-to-date symlink: /home/wb/ros_ws/install/nav2_msgs/include/nav2_msgs/nav2_msgs/srv/detail/set_initial_pose__traits.hpp
[0.875s] -- Up-to-date symlink: /home/wb/ros_ws/install/nav2_msgs/include/nav2_msgs/nav2_msgs/srv/detail/set_initial_pose__type_support.hpp
[0.875s] -- Up-to-date symlink: /home/wb/ros_ws/install/nav2_msgs/include/nav2_msgs/nav2_msgs/srv/get_costmap.hpp
[0.875s] -- Up-to-date symlink: /home/wb/ros_ws/install/nav2_msgs/include/nav2_msgs/nav2_msgs/srv/is_path_valid.hpp
[0.875s] -- Up-to-date symlink: /home/wb/ros_ws/install/nav2_msgs/include/nav2_msgs/nav2_msgs/srv/load_map.hpp
[0.875s] -- Up-to-date symlink: /home/wb/ros_ws/install/nav2_msgs/include/nav2_msgs/nav2_msgs/srv/manage_lifecycle_nodes.hpp
[0.875s] -- Up-to-date symlink: /home/wb/ros_ws/install/nav2_msgs/include/nav2_msgs/nav2_msgs/srv/save_map.hpp
[0.875s] -- Up-to-date symlink: /home/wb/ros_ws/install/nav2_msgs/include/nav2_msgs/nav2_msgs/srv/set_initial_pose.hpp
[0.876s] -- Up-to-date symlink: /home/wb/ros_ws/install/nav2_msgs/include/nav2_msgs/nav2_msgs/action/detail/assisted_teleop__rosidl_typesupport_fastrtps_cpp.hpp
[0.876s] -- Up-to-date symlink: /home/wb/ros_ws/install/nav2_msgs/include/nav2_msgs/nav2_msgs/action/detail/back_up__rosidl_typesupport_fastrtps_cpp.hpp
[0.876s] -- Up-to-date symlink: /home/wb/ros_ws/install/nav2_msgs/include/nav2_msgs/nav2_msgs/action/detail/compute_path_through_poses__rosidl_typesupport_fastrtps_cpp.hpp
[0.876s] -- Up-to-date symlink: /home/wb/ros_ws/install/nav2_msgs/include/nav2_msgs/nav2_msgs/action/detail/compute_path_to_pose__rosidl_typesupport_fastrtps_cpp.hpp
[0.876s] -- Up-to-date symlink: /home/wb/ros_ws/install/nav2_msgs/include/nav2_msgs/nav2_msgs/action/detail/drive_on_heading__rosidl_typesupport_fastrtps_cpp.hpp
[0.876s] -- Up-to-date symlink: /home/wb/ros_ws/install/nav2_msgs/include/nav2_msgs/nav2_msgs/action/detail/dummy_behavior__rosidl_typesupport_fastrtps_cpp.hpp
[0.876s] -- Up-to-date symlink: /home/wb/ros_ws/install/nav2_msgs/include/nav2_msgs/nav2_msgs/action/detail/follow_path__rosidl_typesupport_fastrtps_cpp.hpp
[0.876s] -- Up-to-date symlink: /home/wb/ros_ws/install/nav2_msgs/include/nav2_msgs/nav2_msgs/action/detail/follow_waypoints__rosidl_typesupport_fastrtps_cpp.hpp
[0.876s] -- Up-to-date symlink: /home/wb/ros_ws/install/nav2_msgs/include/nav2_msgs/nav2_msgs/action/detail/navigate_through_poses__rosidl_typesupport_fastrtps_cpp.hpp
[0.876s] -- Up-to-date symlink: /home/wb/ros_ws/install/nav2_msgs/include/nav2_msgs/nav2_msgs/action/detail/navigate_to_pose__rosidl_typesupport_fastrtps_cpp.hpp
[0.876s] -- Up-to-date symlink: /home/wb/ros_ws/install/nav2_msgs/include/nav2_msgs/nav2_msgs/action/detail/smooth_path__rosidl_typesupport_fastrtps_cpp.hpp
[0.877s] -- Up-to-date symlink: /home/wb/ros_ws/install/nav2_msgs/include/nav2_msgs/nav2_msgs/action/detail/spin__rosidl_typesupport_fastrtps_cpp.hpp
[0.877s] -- Up-to-date symlink: /home/wb/ros_ws/install/nav2_msgs/include/nav2_msgs/nav2_msgs/action/detail/wait__rosidl_typesupport_fastrtps_cpp.hpp
[0.877s] -- Up-to-date symlink: /home/wb/ros_ws/install/nav2_msgs/include/nav2_msgs/nav2_msgs/msg/detail/behavior_tree_log__rosidl_typesupport_fastrtps_cpp.hpp
[0.877s] -- Up-to-date symlink: /home/wb/ros_ws/install/nav2_msgs/include/nav2_msgs/nav2_msgs/msg/detail/behavior_tree_status_change__rosidl_typesupport_fastrtps_cpp.hpp
[0.878s] -- Up-to-date symlink: /home/wb/ros_ws/install/nav2_msgs/include/nav2_msgs/nav2_msgs/msg/detail/collision_monitor_state__rosidl_typesupport_fastrtps_cpp.hpp
[0.878s] -- Up-to-date symlink: /home/wb/ros_ws/install/nav2_msgs/include/nav2_msgs/nav2_msgs/msg/detail/costmap__rosidl_typesupport_fastrtps_cpp.hpp
[0.878s] -- Up-to-date symlink: /home/wb/ros_ws/install/nav2_msgs/include/nav2_msgs/nav2_msgs/msg/detail/costmap_filter_info__rosidl_typesupport_fastrtps_cpp.hpp
[0.878s] -- Up-to-date symlink: /home/wb/ros_ws/install/nav2_msgs/include/nav2_msgs/nav2_msgs/msg/detail/costmap_meta_data__rosidl_typesupport_fastrtps_cpp.hpp
[0.879s] -- Up-to-date symlink: /home/wb/ros_ws/install/nav2_msgs/include/nav2_msgs/nav2_msgs/msg/detail/particle__rosidl_typesupport_fastrtps_cpp.hpp
[0.879s] -- Up-to-date symlink: /home/wb/ros_ws/install/nav2_msgs/include/nav2_msgs/nav2_msgs/msg/detail/particle_cloud__rosidl_typesupport_fastrtps_cpp.hpp
[0.879s] -- Up-to-date symlink: /home/wb/ros_ws/install/nav2_msgs/include/nav2_msgs/nav2_msgs/msg/detail/speed_limit__rosidl_typesupport_fastrtps_cpp.hpp
[0.879s] -- Up-to-date symlink: /home/wb/ros_ws/install/nav2_msgs/include/nav2_msgs/nav2_msgs/msg/detail/voxel_grid__rosidl_typesupport_fastrtps_cpp.hpp
[0.879s] -- Up-to-date symlink: /home/wb/ros_ws/install/nav2_msgs/include/nav2_msgs/nav2_msgs/msg/rosidl_typesupport_fastrtps_cpp__visibility_control.h
[0.879s] -- Up-to-date symlink: /home/wb/ros_ws/install/nav2_msgs/include/nav2_msgs/nav2_msgs/srv/detail/clear_costmap_around_robot__rosidl_typesupport_fastrtps_cpp.hpp
[0.879s] -- Up-to-date symlink: /home/wb/ros_ws/install/nav2_msgs/include/nav2_msgs/nav2_msgs/srv/detail/clear_costmap_except_region__rosidl_typesupport_fastrtps_cpp.hpp
[0.880s] -- Up-to-date symlink: /home/wb/ros_ws/install/nav2_msgs/include/nav2_msgs/nav2_msgs/srv/detail/clear_entire_costmap__rosidl_typesupport_fastrtps_cpp.hpp
[0.880s] -- Up-to-date symlink: /home/wb/ros_ws/install/nav2_msgs/include/nav2_msgs/nav2_msgs/srv/detail/get_costmap__rosidl_typesupport_fastrtps_cpp.hpp
[0.880s] -- Up-to-date symlink: /home/wb/ros_ws/install/nav2_msgs/include/nav2_msgs/nav2_msgs/srv/detail/is_path_valid__rosidl_typesupport_fastrtps_cpp.hpp
[0.880s] -- Up-to-date symlink: /home/wb/ros_ws/install/nav2_msgs/include/nav2_msgs/nav2_msgs/srv/detail/load_map__rosidl_typesupport_fastrtps_cpp.hpp
[0.880s] -- Up-to-date symlink: /home/wb/ros_ws/install/nav2_msgs/include/nav2_msgs/nav2_msgs/srv/detail/manage_lifecycle_nodes__rosidl_typesupport_fastrtps_cpp.hpp
[0.880s] -- Up-to-date symlink: /home/wb/ros_ws/install/nav2_msgs/include/nav2_msgs/nav2_msgs/srv/detail/save_map__rosidl_typesupport_fastrtps_cpp.hpp
[0.880s] -- Up-to-date symlink: /home/wb/ros_ws/install/nav2_msgs/include/nav2_msgs/nav2_msgs/srv/detail/set_initial_pose__rosidl_typesupport_fastrtps_cpp.hpp
[0.882s] -- Up-to-date symlink: /home/wb/ros_ws/install/nav2_msgs/include/nav2_msgs/nav2_msgs/action/detail/assisted_teleop__rosidl_typesupport_introspection_c.h
[0.882s] -- Up-to-date symlink: /home/wb/ros_ws/install/nav2_msgs/include/nav2_msgs/nav2_msgs/action/detail/back_up__rosidl_typesupport_introspection_c.h
[0.882s] -- Up-to-date symlink: /home/wb/ros_ws/install/nav2_msgs/include/nav2_msgs/nav2_msgs/action/detail/compute_path_through_poses__rosidl_typesupport_introspection_c.h
[0.882s] -- Up-to-date symlink: /home/wb/ros_ws/install/nav2_msgs/include/nav2_msgs/nav2_msgs/action/detail/compute_path_to_pose__rosidl_typesupport_introspection_c.h
[0.882s] -- Up-to-date symlink: /home/wb/ros_ws/install/nav2_msgs/include/nav2_msgs/nav2_msgs/action/detail/drive_on_heading__rosidl_typesupport_introspection_c.h
[0.883s] -- Up-to-date symlink: /home/wb/ros_ws/install/nav2_msgs/include/nav2_msgs/nav2_msgs/action/detail/dummy_behavior__rosidl_typesupport_introspection_c.h
[0.883s] -- Up-to-date symlink: /home/wb/ros_ws/install/nav2_msgs/include/nav2_msgs/nav2_msgs/action/detail/follow_path__rosidl_typesupport_introspection_c.h
[0.883s] -- Up-to-date symlink: /home/wb/ros_ws/install/nav2_msgs/include/nav2_msgs/nav2_msgs/action/detail/follow_waypoints__rosidl_typesupport_introspection_c.h
[0.883s] -- Up-to-date symlink: /home/wb/ros_ws/install/nav2_msgs/include/nav2_msgs/nav2_msgs/action/detail/navigate_through_poses__rosidl_typesupport_introspection_c.h
[0.883s] -- Up-to-date symlink: /home/wb/ros_ws/install/nav2_msgs/include/nav2_msgs/nav2_msgs/action/detail/navigate_to_pose__rosidl_typesupport_introspection_c.h
[0.884s] -- Up-to-date symlink: /home/wb/ros_ws/install/nav2_msgs/include/nav2_msgs/nav2_msgs/action/detail/smooth_path__rosidl_typesupport_introspection_c.h
[0.884s] -- Up-to-date symlink: /home/wb/ros_ws/install/nav2_msgs/include/nav2_msgs/nav2_msgs/action/detail/spin__rosidl_typesupport_introspection_c.h
[0.884s] -- Up-to-date symlink: /home/wb/ros_ws/install/nav2_msgs/include/nav2_msgs/nav2_msgs/action/detail/wait__rosidl_typesupport_introspection_c.h
[0.884s] -- Up-to-date symlink: /home/wb/ros_ws/install/nav2_msgs/include/nav2_msgs/nav2_msgs/msg/detail/behavior_tree_log__rosidl_typesupport_introspection_c.h
[0.884s] -- Up-to-date symlink: /home/wb/ros_ws/install/nav2_msgs/include/nav2_msgs/nav2_msgs/msg/detail/behavior_tree_status_change__rosidl_typesupport_introspection_c.h
[0.884s] -- Up-to-date symlink: /home/wb/ros_ws/install/nav2_msgs/include/nav2_msgs/nav2_msgs/msg/detail/collision_monitor_state__rosidl_typesupport_introspection_c.h
[0.885s] -- Up-to-date symlink: /home/wb/ros_ws/install/nav2_msgs/include/nav2_msgs/nav2_msgs/msg/detail/costmap__rosidl_typesupport_introspection_c.h
[0.885s] -- Up-to-date symlink: /home/wb/ros_ws/install/nav2_msgs/include/nav2_msgs/nav2_msgs/msg/detail/costmap_filter_info__rosidl_typesupport_introspection_c.h
[0.886s] -- Up-to-date symlink: /home/wb/ros_ws/install/nav2_msgs/include/nav2_msgs/nav2_msgs/msg/detail/costmap_meta_data__rosidl_typesupport_introspection_c.h
[0.886s] -- Up-to-date symlink: /home/wb/ros_ws/install/nav2_msgs/include/nav2_msgs/nav2_msgs/msg/detail/particle__rosidl_typesupport_introspection_c.h
[0.886s] -- Up-to-date symlink: /home/wb/ros_ws/install/nav2_msgs/include/nav2_msgs/nav2_msgs/msg/detail/particle_cloud__rosidl_typesupport_introspection_c.h
[0.887s] -- Up-to-date symlink: /home/wb/ros_ws/install/nav2_msgs/include/nav2_msgs/nav2_msgs/msg/detail/speed_limit__rosidl_typesupport_introspection_c.h
[0.890s] -- Up-to-date symlink: /home/wb/ros_ws/install/nav2_msgs/include/nav2_msgs/nav2_msgs/msg/detail/voxel_grid__rosidl_typesupport_introspection_c.h
[0.890s] -- Up-to-date symlink: /home/wb/ros_ws/install/nav2_msgs/include/nav2_msgs/nav2_msgs/msg/rosidl_typesupport_introspection_c__visibility_control.h
[0.890s] -- Up-to-date symlink: /home/wb/ros_ws/install/nav2_msgs/include/nav2_msgs/nav2_msgs/srv/detail/clear_costmap_around_robot__rosidl_typesupport_introspection_c.h
[0.890s] -- Up-to-date symlink: /home/wb/ros_ws/install/nav2_msgs/include/nav2_msgs/nav2_msgs/srv/detail/clear_costmap_except_region__rosidl_typesupport_introspection_c.h
[0.890s] -- Up-to-date symlink: /home/wb/ros_ws/install/nav2_msgs/include/nav2_msgs/nav2_msgs/srv/detail/clear_entire_costmap__rosidl_typesupport_introspection_c.h
[0.891s] -- Up-to-date symlink: /home/wb/ros_ws/install/nav2_msgs/include/nav2_msgs/nav2_msgs/srv/detail/get_costmap__rosidl_typesupport_introspection_c.h
[0.891s] -- Up-to-date symlink: /home/wb/ros_ws/install/nav2_msgs/include/nav2_msgs/nav2_msgs/srv/detail/is_path_valid__rosidl_typesupport_introspection_c.h
[0.891s] -- Up-to-date symlink: /home/wb/ros_ws/install/nav2_msgs/include/nav2_msgs/nav2_msgs/srv/detail/load_map__rosidl_typesupport_introspection_c.h
[0.891s] -- Up-to-date symlink: /home/wb/ros_ws/install/nav2_msgs/include/nav2_msgs/nav2_msgs/srv/detail/manage_lifecycle_nodes__rosidl_typesupport_introspection_c.h
[0.891s] -- Up-to-date symlink: /home/wb/ros_ws/install/nav2_msgs/include/nav2_msgs/nav2_msgs/srv/detail/save_map__rosidl_typesupport_introspection_c.h
[0.891s] -- Up-to-date symlink: /home/wb/ros_ws/install/nav2_msgs/include/nav2_msgs/nav2_msgs/srv/detail/set_initial_pose__rosidl_typesupport_introspection_c.h
[0.891s] -- Up-to-date symlink: /home/wb/ros_ws/install/nav2_msgs/include/nav2_msgs/nav2_msgs/action/detail/assisted_teleop__rosidl_typesupport_introspection_cpp.hpp
[0.891s] -- Up-to-date symlink: /home/wb/ros_ws/install/nav2_msgs/include/nav2_msgs/nav2_msgs/action/detail/back_up__rosidl_typesupport_introspection_cpp.hpp
[0.891s] -- Up-to-date symlink: /home/wb/ros_ws/install/nav2_msgs/include/nav2_msgs/nav2_msgs/action/detail/compute_path_through_poses__rosidl_typesupport_introspection_cpp.hpp
[0.891s] -- Up-to-date symlink: /home/wb/ros_ws/install/nav2_msgs/include/nav2_msgs/nav2_msgs/action/detail/compute_path_to_pose__rosidl_typesupport_introspection_cpp.hpp
[0.891s] -- Up-to-date symlink: /home/wb/ros_ws/install/nav2_msgs/include/nav2_msgs/nav2_msgs/action/detail/drive_on_heading__rosidl_typesupport_introspection_cpp.hpp
[0.891s] -- Up-to-date symlink: /home/wb/ros_ws/install/nav2_msgs/include/nav2_msgs/nav2_msgs/action/detail/dummy_behavior__rosidl_typesupport_introspection_cpp.hpp
[0.891s] -- Up-to-date symlink: /home/wb/ros_ws/install/nav2_msgs/include/nav2_msgs/nav2_msgs/action/detail/follow_path__rosidl_typesupport_introspection_cpp.hpp
[0.891s] -- Up-to-date symlink: /home/wb/ros_ws/install/nav2_msgs/include/nav2_msgs/nav2_msgs/action/detail/follow_waypoints__rosidl_typesupport_introspection_cpp.hpp
[0.891s] -- Up-to-date symlink: /home/wb/ros_ws/install/nav2_msgs/include/nav2_msgs/nav2_msgs/action/detail/navigate_through_poses__rosidl_typesupport_introspection_cpp.hpp
[0.891s] -- Up-to-date symlink: /home/wb/ros_ws/install/nav2_msgs/include/nav2_msgs/nav2_msgs/action/detail/navigate_to_pose__rosidl_typesupport_introspection_cpp.hpp
[0.891s] -- Up-to-date symlink: /home/wb/ros_ws/install/nav2_msgs/include/nav2_msgs/nav2_msgs/action/detail/smooth_path__rosidl_typesupport_introspection_cpp.hpp
[0.891s] -- Up-to-date symlink: /home/wb/ros_ws/install/nav2_msgs/include/nav2_msgs/nav2_msgs/action/detail/spin__rosidl_typesupport_introspection_cpp.hpp
[0.891s] -- Up-to-date symlink: /home/wb/ros_ws/install/nav2_msgs/include/nav2_msgs/nav2_msgs/action/detail/wait__rosidl_typesupport_introspection_cpp.hpp
[0.895s] -- Up-to-date symlink: /home/wb/ros_ws/install/nav2_msgs/include/nav2_msgs/nav2_msgs/msg/detail/behavior_tree_log__rosidl_typesupport_introspection_cpp.hpp
[0.896s] -- Up-to-date symlink: /home/wb/ros_ws/install/nav2_msgs/include/nav2_msgs/nav2_msgs/msg/detail/behavior_tree_status_change__rosidl_typesupport_introspection_cpp.hpp
[0.896s] -- Up-to-date symlink: /home/wb/ros_ws/install/nav2_msgs/include/nav2_msgs/nav2_msgs/msg/detail/collision_monitor_state__rosidl_typesupport_introspection_cpp.hpp
[0.896s] -- Up-to-date symlink: /home/wb/ros_ws/install/nav2_msgs/include/nav2_msgs/nav2_msgs/msg/detail/costmap__rosidl_typesupport_introspection_cpp.hpp
[0.896s] -- Up-to-date symlink: /home/wb/ros_ws/install/nav2_msgs/include/nav2_msgs/nav2_msgs/msg/detail/costmap_filter_info__rosidl_typesupport_introspection_cpp.hpp
[0.896s] -- Up-to-date symlink: /home/wb/ros_ws/install/nav2_msgs/include/nav2_msgs/nav2_msgs/msg/detail/costmap_meta_data__rosidl_typesupport_introspection_cpp.hpp
[0.896s] -- Up-to-date symlink: /home/wb/ros_ws/install/nav2_msgs/include/nav2_msgs/nav2_msgs/msg/detail/particle__rosidl_typesupport_introspection_cpp.hpp
[0.896s] -- Up-to-date symlink: /home/wb/ros_ws/install/nav2_msgs/include/nav2_msgs/nav2_msgs/msg/detail/particle_cloud__rosidl_typesupport_introspection_cpp.hpp
[0.896s] -- Up-to-date symlink: /home/wb/ros_ws/install/nav2_msgs/include/nav2_msgs/nav2_msgs/msg/detail/speed_limit__rosidl_typesupport_introspection_cpp.hpp
[0.896s] -- Up-to-date symlink: /home/wb/ros_ws/install/nav2_msgs/include/nav2_msgs/nav2_msgs/msg/detail/voxel_grid__rosidl_typesupport_introspection_cpp.hpp
[0.896s] -- Up-to-date symlink: /home/wb/ros_ws/install/nav2_msgs/include/nav2_msgs/nav2_msgs/srv/detail/clear_costmap_around_robot__rosidl_typesupport_introspection_cpp.hpp
[0.896s] -- Up-to-date symlink: /home/wb/ros_ws/install/nav2_msgs/include/nav2_msgs/nav2_msgs/srv/detail/clear_costmap_except_region__rosidl_typesupport_introspection_cpp.hpp
[0.896s] -- Up-to-date symlink: /home/wb/ros_ws/install/nav2_msgs/include/nav2_msgs/nav2_msgs/srv/detail/clear_entire_costmap__rosidl_typesupport_introspection_cpp.hpp
[0.896s] -- Up-to-date symlink: /home/wb/ros_ws/install/nav2_msgs/include/nav2_msgs/nav2_msgs/srv/detail/get_costmap__rosidl_typesupport_introspection_cpp.hpp
[0.896s] -- Up-to-date symlink: /home/wb/ros_ws/install/nav2_msgs/include/nav2_msgs/nav2_msgs/srv/detail/is_path_valid__rosidl_typesupport_introspection_cpp.hpp
[0.897s] -- Up-to-date symlink: /home/wb/ros_ws/install/nav2_msgs/include/nav2_msgs/nav2_msgs/srv/detail/load_map__rosidl_typesupport_introspection_cpp.hpp
[0.897s] -- Up-to-date symlink: /home/wb/ros_ws/install/nav2_msgs/include/nav2_msgs/nav2_msgs/srv/detail/manage_lifecycle_nodes__rosidl_typesupport_introspection_cpp.hpp
[0.897s] -- Up-to-date symlink: /home/wb/ros_ws/install/nav2_msgs/include/nav2_msgs/nav2_msgs/srv/detail/save_map__rosidl_typesupport_introspection_cpp.hpp
[0.897s] -- Up-to-date symlink: /home/wb/ros_ws/install/nav2_msgs/include/nav2_msgs/nav2_msgs/srv/detail/set_initial_pose__rosidl_typesupport_introspection_cpp.hpp
[0.897s] -- Up-to-date symlink: /home/wb/ros_ws/install/nav2_msgs/share/nav2_msgs/environment/pythonpath.sh
[0.897s] -- Up-to-date symlink: /home/wb/ros_ws/install/nav2_msgs/share/nav2_msgs/environment/pythonpath.dsv
[0.897s] -- Up-to-date symlink: /home/wb/ros_ws/install/nav2_msgs/local/lib/python3.10/dist-packages/nav2_msgs-1.1.18-py3.10.egg-info/PKG-INFO
[0.897s] -- Up-to-date symlink: /home/wb/ros_ws/install/nav2_msgs/local/lib/python3.10/dist-packages/nav2_msgs-1.1.18-py3.10.egg-info/SOURCES.txt
[0.897s] -- Up-to-date symlink: /home/wb/ros_ws/install/nav2_msgs/local/lib/python3.10/dist-packages/nav2_msgs-1.1.18-py3.10.egg-info/dependency_links.txt
[0.897s] -- Up-to-date symlink: /home/wb/ros_ws/install/nav2_msgs/local/lib/python3.10/dist-packages/nav2_msgs-1.1.18-py3.10.egg-info/top_level.txt
[0.897s] -- Up-to-date symlink: /home/wb/ros_ws/install/nav2_msgs/local/lib/python3.10/dist-packages/nav2_msgs/__init__.py
[0.897s] -- Up-to-date symlink: /home/wb/ros_ws/install/nav2_msgs/local/lib/python3.10/dist-packages/nav2_msgs/_nav2_msgs_s.ep.rosidl_typesupport_c.c
[0.897s] -- Up-to-date symlink: /home/wb/ros_ws/install/nav2_msgs/local/lib/python3.10/dist-packages/nav2_msgs/_nav2_msgs_s.ep.rosidl_typesupport_fastrtps_c.c
[0.897s] -- Up-to-date symlink: /home/wb/ros_ws/install/nav2_msgs/local/lib/python3.10/dist-packages/nav2_msgs/_nav2_msgs_s.ep.rosidl_typesupport_introspection_c.c
[0.897s] -- Up-to-date symlink: /home/wb/ros_ws/install/nav2_msgs/local/lib/python3.10/dist-packages/nav2_msgs/action/__init__.py
[0.897s] -- Up-to-date symlink: /home/wb/ros_ws/install/nav2_msgs/local/lib/python3.10/dist-packages/nav2_msgs/action/_assisted_teleop.py
[0.897s] -- Up-to-date symlink: /home/wb/ros_ws/install/nav2_msgs/local/lib/python3.10/dist-packages/nav2_msgs/action/_assisted_teleop_s.c
[0.897s] -- Up-to-date symlink: /home/wb/ros_ws/install/nav2_msgs/local/lib/python3.10/dist-packages/nav2_msgs/action/_back_up.py
[0.897s] -- Up-to-date symlink: /home/wb/ros_ws/install/nav2_msgs/local/lib/python3.10/dist-packages/nav2_msgs/action/_back_up_s.c
[0.897s] -- Up-to-date symlink: /home/wb/ros_ws/install/nav2_msgs/local/lib/python3.10/dist-packages/nav2_msgs/action/_compute_path_through_poses.py
[0.897s] -- Up-to-date symlink: /home/wb/ros_ws/install/nav2_msgs/local/lib/python3.10/dist-packages/nav2_msgs/action/_compute_path_through_poses_s.c
[0.898s] -- Up-to-date symlink: /home/wb/ros_ws/install/nav2_msgs/local/lib/python3.10/dist-packages/nav2_msgs/action/_compute_path_to_pose.py
[0.898s] -- Up-to-date symlink: /home/wb/ros_ws/install/nav2_msgs/local/lib/python3.10/dist-packages/nav2_msgs/action/_compute_path_to_pose_s.c
[0.898s] -- Up-to-date symlink: /home/wb/ros_ws/install/nav2_msgs/local/lib/python3.10/dist-packages/nav2_msgs/action/_drive_on_heading.py
[0.898s] -- Up-to-date symlink: /home/wb/ros_ws/install/nav2_msgs/local/lib/python3.10/dist-packages/nav2_msgs/action/_drive_on_heading_s.c
[0.898s] -- Up-to-date symlink: /home/wb/ros_ws/install/nav2_msgs/local/lib/python3.10/dist-packages/nav2_msgs/action/_dummy_behavior.py
[0.898s] -- Up-to-date symlink: /home/wb/ros_ws/install/nav2_msgs/local/lib/python3.10/dist-packages/nav2_msgs/action/_dummy_behavior_s.c
[0.898s] -- Up-to-date symlink: /home/wb/ros_ws/install/nav2_msgs/local/lib/python3.10/dist-packages/nav2_msgs/action/_follow_path.py
[0.898s] -- Up-to-date symlink: /home/wb/ros_ws/install/nav2_msgs/local/lib/python3.10/dist-packages/nav2_msgs/action/_follow_path_s.c
[0.898s] -- Up-to-date symlink: /home/wb/ros_ws/install/nav2_msgs/local/lib/python3.10/dist-packages/nav2_msgs/action/_follow_waypoints.py
[0.898s] -- Up-to-date symlink: /home/wb/ros_ws/install/nav2_msgs/local/lib/python3.10/dist-packages/nav2_msgs/action/_follow_waypoints_s.c
[0.898s] -- Up-to-date symlink: /home/wb/ros_ws/install/nav2_msgs/local/lib/python3.10/dist-packages/nav2_msgs/action/_navigate_through_poses.py
[0.898s] -- Up-to-date symlink: /home/wb/ros_ws/install/nav2_msgs/local/lib/python3.10/dist-packages/nav2_msgs/action/_navigate_through_poses_s.c
[0.898s] -- Up-to-date symlink: /home/wb/ros_ws/install/nav2_msgs/local/lib/python3.10/dist-packages/nav2_msgs/action/_navigate_to_pose.py
[0.898s] -- Up-to-date symlink: /home/wb/ros_ws/install/nav2_msgs/local/lib/python3.10/dist-packages/nav2_msgs/action/_navigate_to_pose_s.c
[0.898s] -- Up-to-date symlink: /home/wb/ros_ws/install/nav2_msgs/local/lib/python3.10/dist-packages/nav2_msgs/action/_smooth_path.py
[0.898s] -- Up-to-date symlink: /home/wb/ros_ws/install/nav2_msgs/local/lib/python3.10/dist-packages/nav2_msgs/action/_smooth_path_s.c
[0.898s] -- Up-to-date symlink: /home/wb/ros_ws/install/nav2_msgs/local/lib/python3.10/dist-packages/nav2_msgs/action/_spin.py
[0.898s] -- Up-to-date symlink: /home/wb/ros_ws/install/nav2_msgs/local/lib/python3.10/dist-packages/nav2_msgs/action/_spin_s.c
[0.898s] -- Up-to-date symlink: /home/wb/ros_ws/install/nav2_msgs/local/lib/python3.10/dist-packages/nav2_msgs/action/_wait.py
[0.898s] -- Up-to-date symlink: /home/wb/ros_ws/install/nav2_msgs/local/lib/python3.10/dist-packages/nav2_msgs/action/_wait_s.c
[0.898s] -- Up-to-date symlink: /home/wb/ros_ws/install/nav2_msgs/local/lib/python3.10/dist-packages/nav2_msgs/libnav2_msgs__rosidl_generator_py.so
[0.898s] -- Up-to-date symlink: /home/wb/ros_ws/install/nav2_msgs/local/lib/python3.10/dist-packages/nav2_msgs/msg/__init__.py
[0.899s] -- Up-to-date symlink: /home/wb/ros_ws/install/nav2_msgs/local/lib/python3.10/dist-packages/nav2_msgs/msg/_behavior_tree_log.py
[0.899s] -- Up-to-date symlink: /home/wb/ros_ws/install/nav2_msgs/local/lib/python3.10/dist-packages/nav2_msgs/msg/_behavior_tree_log_s.c
[0.899s] -- Up-to-date symlink: /home/wb/ros_ws/install/nav2_msgs/local/lib/python3.10/dist-packages/nav2_msgs/msg/_behavior_tree_status_change.py
[0.899s] -- Up-to-date symlink: /home/wb/ros_ws/install/nav2_msgs/local/lib/python3.10/dist-packages/nav2_msgs/msg/_behavior_tree_status_change_s.c
[0.899s] -- Up-to-date symlink: /home/wb/ros_ws/install/nav2_msgs/local/lib/python3.10/dist-packages/nav2_msgs/msg/_collision_monitor_state.py
[0.899s] -- Up-to-date symlink: /home/wb/ros_ws/install/nav2_msgs/local/lib/python3.10/dist-packages/nav2_msgs/msg/_collision_monitor_state_s.c
[0.899s] -- Up-to-date symlink: /home/wb/ros_ws/install/nav2_msgs/local/lib/python3.10/dist-packages/nav2_msgs/msg/_costmap.py
[0.899s] -- Up-to-date symlink: /home/wb/ros_ws/install/nav2_msgs/local/lib/python3.10/dist-packages/nav2_msgs/msg/_costmap_filter_info.py
[0.899s] -- Up-to-date symlink: /home/wb/ros_ws/install/nav2_msgs/local/lib/python3.10/dist-packages/nav2_msgs/msg/_costmap_filter_info_s.c
[0.900s] -- Up-to-date symlink: /home/wb/ros_ws/install/nav2_msgs/local/lib/python3.10/dist-packages/nav2_msgs/msg/_costmap_meta_data.py
[0.900s] -- Up-to-date symlink: /home/wb/ros_ws/install/nav2_msgs/local/lib/python3.10/dist-packages/nav2_msgs/msg/_costmap_meta_data_s.c
[0.900s] -- Up-to-date symlink: /home/wb/ros_ws/install/nav2_msgs/local/lib/python3.10/dist-packages/nav2_msgs/msg/_costmap_s.c
[0.900s] -- Up-to-date symlink: /home/wb/ros_ws/install/nav2_msgs/local/lib/python3.10/dist-packages/nav2_msgs/msg/_particle.py
[0.900s] -- Up-to-date symlink: /home/wb/ros_ws/install/nav2_msgs/local/lib/python3.10/dist-packages/nav2_msgs/msg/_particle_cloud.py
[0.900s] -- Up-to-date symlink: /home/wb/ros_ws/install/nav2_msgs/local/lib/python3.10/dist-packages/nav2_msgs/msg/_particle_cloud_s.c
[0.901s] -- Up-to-date symlink: /home/wb/ros_ws/install/nav2_msgs/local/lib/python3.10/dist-packages/nav2_msgs/msg/_particle_s.c
[0.901s] -- Up-to-date symlink: /home/wb/ros_ws/install/nav2_msgs/local/lib/python3.10/dist-packages/nav2_msgs/msg/_speed_limit.py
[0.901s] -- Up-to-date symlink: /home/wb/ros_ws/install/nav2_msgs/local/lib/python3.10/dist-packages/nav2_msgs/msg/_speed_limit_s.c
[0.901s] -- Up-to-date symlink: /home/wb/ros_ws/install/nav2_msgs/local/lib/python3.10/dist-packages/nav2_msgs/msg/_voxel_grid.py
[0.901s] -- Up-to-date symlink: /home/wb/ros_ws/install/nav2_msgs/local/lib/python3.10/dist-packages/nav2_msgs/msg/_voxel_grid_s.c
[0.902s] -- Up-to-date symlink: /home/wb/ros_ws/install/nav2_msgs/local/lib/python3.10/dist-packages/nav2_msgs/nav2_msgs_s__rosidl_typesupport_c.cpython-310-x86_64-linux-gnu.so
[0.902s] -- Up-to-date symlink: /home/wb/ros_ws/install/nav2_msgs/local/lib/python3.10/dist-packages/nav2_msgs/nav2_msgs_s__rosidl_typesupport_fastrtps_c.cpython-310-x86_64-linux-gnu.so
[0.902s] -- Up-to-date symlink: /home/wb/ros_ws/install/nav2_msgs/local/lib/python3.10/dist-packages/nav2_msgs/nav2_msgs_s__rosidl_typesupport_introspection_c.cpython-310-x86_64-linux-gnu.so
[0.902s] -- Up-to-date symlink: /home/wb/ros_ws/install/nav2_msgs/local/lib/python3.10/dist-packages/nav2_msgs/srv/__init__.py
[0.902s] -- Up-to-date symlink: /home/wb/ros_ws/install/nav2_msgs/local/lib/python3.10/dist-packages/nav2_msgs/srv/_clear_costmap_around_robot.py
[0.902s] -- Up-to-date symlink: /home/wb/ros_ws/install/nav2_msgs/local/lib/python3.10/dist-packages/nav2_msgs/srv/_clear_costmap_around_robot_s.c
[0.903s] -- Up-to-date symlink: /home/wb/ros_ws/install/nav2_msgs/local/lib/python3.10/dist-packages/nav2_msgs/srv/_clear_costmap_except_region.py
[0.903s] -- Up-to-date symlink: /home/wb/ros_ws/install/nav2_msgs/local/lib/python3.10/dist-packages/nav2_msgs/srv/_clear_costmap_except_region_s.c
[0.903s] -- Up-to-date symlink: /home/wb/ros_ws/install/nav2_msgs/local/lib/python3.10/dist-packages/nav2_msgs/srv/_clear_entire_costmap.py
[0.903s] -- Up-to-date symlink: /home/wb/ros_ws/install/nav2_msgs/local/lib/python3.10/dist-packages/nav2_msgs/srv/_clear_entire_costmap_s.c
[0.903s] -- Up-to-date symlink: /home/wb/ros_ws/install/nav2_msgs/local/lib/python3.10/dist-packages/nav2_msgs/srv/_get_costmap.py
[0.906s] -- Up-to-date symlink: /home/wb/ros_ws/install/nav2_msgs/local/lib/python3.10/dist-packages/nav2_msgs/srv/_get_costmap_s.c
[0.906s] -- Up-to-date symlink: /home/wb/ros_ws/install/nav2_msgs/local/lib/python3.10/dist-packages/nav2_msgs/srv/_is_path_valid.py
[0.906s] -- Up-to-date symlink: /home/wb/ros_ws/install/nav2_msgs/local/lib/python3.10/dist-packages/nav2_msgs/srv/_is_path_valid_s.c
[0.906s] -- Up-to-date symlink: /home/wb/ros_ws/install/nav2_msgs/local/lib/python3.10/dist-packages/nav2_msgs/srv/_load_map.py
[0.906s] -- Up-to-date symlink: /home/wb/ros_ws/install/nav2_msgs/local/lib/python3.10/dist-packages/nav2_msgs/srv/_load_map_s.c
[0.906s] -- Up-to-date symlink: /home/wb/ros_ws/install/nav2_msgs/local/lib/python3.10/dist-packages/nav2_msgs/srv/_manage_lifecycle_nodes.py
[0.906s] -- Up-to-date symlink: /home/wb/ros_ws/install/nav2_msgs/local/lib/python3.10/dist-packages/nav2_msgs/srv/_manage_lifecycle_nodes_s.c
[0.906s] -- Up-to-date symlink: /home/wb/ros_ws/install/nav2_msgs/local/lib/python3.10/dist-packages/nav2_msgs/srv/_save_map.py
[0.906s] -- Up-to-date symlink: /home/wb/ros_ws/install/nav2_msgs/local/lib/python3.10/dist-packages/nav2_msgs/srv/_save_map_s.c
[0.906s] -- Up-to-date symlink: /home/wb/ros_ws/install/nav2_msgs/local/lib/python3.10/dist-packages/nav2_msgs/srv/_set_initial_pose.py
[0.906s] -- Up-to-date symlink: /home/wb/ros_ws/install/nav2_msgs/local/lib/python3.10/dist-packages/nav2_msgs/srv/_set_initial_pose_s.c
[0.907s] -- Up-to-date symlink: /home/wb/ros_ws/install/nav2_msgs/local/lib/python3.10/dist-packages/nav2_msgs/nav2_msgs_s__rosidl_typesupport_fastrtps_c.cpython-310-x86_64-linux-gnu.so
[0.907s] -- Up-to-date symlink: /home/wb/ros_ws/install/nav2_msgs/local/lib/python3.10/dist-packages/nav2_msgs/nav2_msgs_s__rosidl_typesupport_introspection_c.cpython-310-x86_64-linux-gnu.so
[0.907s] -- Up-to-date symlink: /home/wb/ros_ws/install/nav2_msgs/local/lib/python3.10/dist-packages/nav2_msgs/nav2_msgs_s__rosidl_typesupport_c.cpython-310-x86_64-linux-gnu.so
[0.907s] -- Up-to-date symlink: /home/wb/ros_ws/install/nav2_msgs/share/nav2_msgs/msg/CollisionMonitorState.idl
[0.907s] -- Up-to-date symlink: /home/wb/ros_ws/install/nav2_msgs/share/nav2_msgs/msg/Costmap.idl
[0.907s] -- Up-to-date symlink: /home/wb/ros_ws/install/nav2_msgs/share/nav2_msgs/msg/CostmapMetaData.idl
[0.907s] -- Up-to-date symlink: /home/wb/ros_ws/install/nav2_msgs/share/nav2_msgs/msg/CostmapFilterInfo.idl
[0.907s] -- Up-to-date symlink: /home/wb/ros_ws/install/nav2_msgs/share/nav2_msgs/msg/SpeedLimit.idl
[0.907s] -- Up-to-date symlink: /home/wb/ros_ws/install/nav2_msgs/share/nav2_msgs/msg/VoxelGrid.idl
[0.907s] -- Up-to-date symlink: /home/wb/ros_ws/install/nav2_msgs/share/nav2_msgs/msg/BehaviorTreeStatusChange.idl
[0.907s] -- Up-to-date symlink: /home/wb/ros_ws/install/nav2_msgs/share/nav2_msgs/msg/BehaviorTreeLog.idl
[0.907s] -- Up-to-date symlink: /home/wb/ros_ws/install/nav2_msgs/share/nav2_msgs/msg/Particle.idl
[0.907s] -- Up-to-date symlink: /home/wb/ros_ws/install/nav2_msgs/share/nav2_msgs/msg/ParticleCloud.idl
[0.907s] -- Up-to-date symlink: /home/wb/ros_ws/install/nav2_msgs/share/nav2_msgs/srv/GetCostmap.idl
[0.907s] -- Up-to-date symlink: /home/wb/ros_ws/install/nav2_msgs/share/nav2_msgs/srv/IsPathValid.idl
[0.907s] -- Up-to-date symlink: /home/wb/ros_ws/install/nav2_msgs/share/nav2_msgs/srv/ClearCostmapExceptRegion.idl
[0.907s] -- Up-to-date symlink: /home/wb/ros_ws/install/nav2_msgs/share/nav2_msgs/srv/ClearCostmapAroundRobot.idl
[0.907s] -- Up-to-date symlink: /home/wb/ros_ws/install/nav2_msgs/share/nav2_msgs/srv/ClearEntireCostmap.idl
[0.907s] -- Up-to-date symlink: /home/wb/ros_ws/install/nav2_msgs/share/nav2_msgs/srv/ManageLifecycleNodes.idl
[0.907s] -- Up-to-date symlink: /home/wb/ros_ws/install/nav2_msgs/share/nav2_msgs/srv/LoadMap.idl
[0.907s] -- Up-to-date symlink: /home/wb/ros_ws/install/nav2_msgs/share/nav2_msgs/srv/SaveMap.idl
[0.908s] -- Up-to-date symlink: /home/wb/ros_ws/install/nav2_msgs/share/nav2_msgs/srv/SetInitialPose.idl
[0.908s] -- Up-to-date symlink: /home/wb/ros_ws/install/nav2_msgs/share/nav2_msgs/action/AssistedTeleop.idl
[0.908s] -- Up-to-date symlink: /home/wb/ros_ws/install/nav2_msgs/share/nav2_msgs/action/BackUp.idl
[0.908s] -- Up-to-date symlink: /home/wb/ros_ws/install/nav2_msgs/share/nav2_msgs/action/ComputePathToPose.idl
[0.908s] -- Up-to-date symlink: /home/wb/ros_ws/install/nav2_msgs/share/nav2_msgs/action/ComputePathThroughPoses.idl
[0.908s] -- Up-to-date symlink: /home/wb/ros_ws/install/nav2_msgs/share/nav2_msgs/action/DriveOnHeading.idl
[0.908s] -- Up-to-date symlink: /home/wb/ros_ws/install/nav2_msgs/share/nav2_msgs/action/SmoothPath.idl
[0.908s] -- Up-to-date symlink: /home/wb/ros_ws/install/nav2_msgs/share/nav2_msgs/action/FollowPath.idl
[0.908s] -- Up-to-date symlink: /home/wb/ros_ws/install/nav2_msgs/share/nav2_msgs/action/NavigateToPose.idl
[0.908s] -- Up-to-date symlink: /home/wb/ros_ws/install/nav2_msgs/share/nav2_msgs/action/NavigateThroughPoses.idl
[0.908s] -- Up-to-date symlink: /home/wb/ros_ws/install/nav2_msgs/share/nav2_msgs/action/Wait.idl
[0.908s] -- Up-to-date symlink: /home/wb/ros_ws/install/nav2_msgs/share/nav2_msgs/action/Spin.idl
[0.908s] -- Up-to-date symlink: /home/wb/ros_ws/install/nav2_msgs/share/nav2_msgs/action/DummyBehavior.idl
[0.908s] -- Up-to-date symlink: /home/wb/ros_ws/install/nav2_msgs/share/nav2_msgs/action/FollowWaypoints.idl
[0.908s] -- Up-to-date symlink: /home/wb/ros_ws/install/nav2_msgs/share/nav2_msgs/msg/CollisionMonitorState.msg
[0.908s] -- Up-to-date symlink: /home/wb/ros_ws/install/nav2_msgs/share/nav2_msgs/msg/Costmap.msg
[0.908s] -- Up-to-date symlink: /home/wb/ros_ws/install/nav2_msgs/share/nav2_msgs/msg/CostmapMetaData.msg
[0.908s] -- Up-to-date symlink: /home/wb/ros_ws/install/nav2_msgs/share/nav2_msgs/msg/CostmapFilterInfo.msg
[0.908s] -- Up-to-date symlink: /home/wb/ros_ws/install/nav2_msgs/share/nav2_msgs/msg/SpeedLimit.msg
[0.908s] -- Up-to-date symlink: /home/wb/ros_ws/install/nav2_msgs/share/nav2_msgs/msg/VoxelGrid.msg
[0.908s] -- Up-to-date symlink: /home/wb/ros_ws/install/nav2_msgs/share/nav2_msgs/msg/BehaviorTreeStatusChange.msg
[0.908s] -- Up-to-date symlink: /home/wb/ros_ws/install/nav2_msgs/share/nav2_msgs/msg/BehaviorTreeLog.msg
[0.909s] -- Up-to-date symlink: /home/wb/ros_ws/install/nav2_msgs/share/nav2_msgs/msg/Particle.msg
[0.909s] -- Up-to-date symlink: /home/wb/ros_ws/install/nav2_msgs/share/nav2_msgs/msg/ParticleCloud.msg
[0.909s] -- Up-to-date symlink: /home/wb/ros_ws/install/nav2_msgs/share/nav2_msgs/srv/GetCostmap.srv
[0.909s] -- Up-to-date symlink: /home/wb/ros_ws/install/nav2_msgs/share/nav2_msgs/srv/GetCostmap_Request.msg
[0.909s] -- Up-to-date symlink: /home/wb/ros_ws/install/nav2_msgs/share/nav2_msgs/srv/GetCostmap_Response.msg
[0.909s] -- Up-to-date symlink: /home/wb/ros_ws/install/nav2_msgs/share/nav2_msgs/srv/IsPathValid.srv
[0.909s] -- Up-to-date symlink: /home/wb/ros_ws/install/nav2_msgs/share/nav2_msgs/srv/IsPathValid_Request.msg
[0.909s] -- Up-to-date symlink: /home/wb/ros_ws/install/nav2_msgs/share/nav2_msgs/srv/IsPathValid_Response.msg
[0.912s] -- Up-to-date symlink: /home/wb/ros_ws/install/nav2_msgs/share/nav2_msgs/srv/ClearCostmapExceptRegion.srv
[0.912s] -- Up-to-date symlink: /home/wb/ros_ws/install/nav2_msgs/share/nav2_msgs/srv/ClearCostmapExceptRegion_Request.msg
[0.912s] -- Up-to-date symlink: /home/wb/ros_ws/install/nav2_msgs/share/nav2_msgs/srv/ClearCostmapExceptRegion_Response.msg
[0.912s] -- Up-to-date symlink: /home/wb/ros_ws/install/nav2_msgs/share/nav2_msgs/srv/ClearCostmapAroundRobot.srv
[0.912s] -- Up-to-date symlink: /home/wb/ros_ws/install/nav2_msgs/share/nav2_msgs/srv/ClearCostmapAroundRobot_Request.msg
[0.912s] -- Up-to-date symlink: /home/wb/ros_ws/install/nav2_msgs/share/nav2_msgs/srv/ClearCostmapAroundRobot_Response.msg
[0.912s] -- Up-to-date symlink: /home/wb/ros_ws/install/nav2_msgs/share/nav2_msgs/srv/ClearEntireCostmap.srv
[0.912s] -- Up-to-date symlink: /home/wb/ros_ws/install/nav2_msgs/share/nav2_msgs/srv/ClearEntireCostmap_Request.msg
[0.912s] -- Up-to-date symlink: /home/wb/ros_ws/install/nav2_msgs/share/nav2_msgs/srv/ClearEntireCostmap_Response.msg
[0.912s] -- Up-to-date symlink: /home/wb/ros_ws/install/nav2_msgs/share/nav2_msgs/srv/ManageLifecycleNodes.srv
[0.912s] -- Up-to-date symlink: /home/wb/ros_ws/install/nav2_msgs/share/nav2_msgs/srv/ManageLifecycleNodes_Request.msg
[0.913s] -- Up-to-date symlink: /home/wb/ros_ws/install/nav2_msgs/share/nav2_msgs/srv/ManageLifecycleNodes_Response.msg
[0.913s] -- Up-to-date symlink: /home/wb/ros_ws/install/nav2_msgs/share/nav2_msgs/srv/LoadMap.srv
[0.913s] -- Up-to-date symlink: /home/wb/ros_ws/install/nav2_msgs/share/nav2_msgs/srv/LoadMap_Request.msg
[0.913s] -- Up-to-date symlink: /home/wb/ros_ws/install/nav2_msgs/share/nav2_msgs/srv/LoadMap_Response.msg
[0.913s] -- Up-to-date symlink: /home/wb/ros_ws/install/nav2_msgs/share/nav2_msgs/srv/SaveMap.srv
[0.913s] -- Up-to-date symlink: /home/wb/ros_ws/install/nav2_msgs/share/nav2_msgs/srv/SaveMap_Request.msg
[0.913s] -- Up-to-date symlink: /home/wb/ros_ws/install/nav2_msgs/share/nav2_msgs/srv/SaveMap_Response.msg
[0.913s] -- Up-to-date symlink: /home/wb/ros_ws/install/nav2_msgs/share/nav2_msgs/srv/SetInitialPose.srv
[0.913s] -- Up-to-date symlink: /home/wb/ros_ws/install/nav2_msgs/share/nav2_msgs/srv/SetInitialPose_Request.msg
[0.913s] -- Up-to-date symlink: /home/wb/ros_ws/install/nav2_msgs/share/nav2_msgs/srv/SetInitialPose_Response.msg
[0.913s] -- Up-to-date symlink: /home/wb/ros_ws/install/nav2_msgs/share/nav2_msgs/action/AssistedTeleop.action
[0.913s] -- Up-to-date symlink: /home/wb/ros_ws/install/nav2_msgs/share/nav2_msgs/action/BackUp.action
[0.913s] -- Up-to-date symlink: /home/wb/ros_ws/install/nav2_msgs/share/nav2_msgs/action/ComputePathToPose.action
[0.913s] -- Up-to-date symlink: /home/wb/ros_ws/install/nav2_msgs/share/nav2_msgs/action/ComputePathThroughPoses.action
[0.913s] -- Up-to-date symlink: /home/wb/ros_ws/install/nav2_msgs/share/nav2_msgs/action/DriveOnHeading.action
[0.913s] -- Up-to-date symlink: /home/wb/ros_ws/install/nav2_msgs/share/nav2_msgs/action/SmoothPath.action
[0.913s] -- Up-to-date symlink: /home/wb/ros_ws/install/nav2_msgs/share/nav2_msgs/action/FollowPath.action
[0.913s] -- Up-to-date symlink: /home/wb/ros_ws/install/nav2_msgs/share/nav2_msgs/action/NavigateToPose.action
[0.913s] -- Up-to-date symlink: /home/wb/ros_ws/install/nav2_msgs/share/nav2_msgs/action/NavigateThroughPoses.action
[0.913s] -- Up-to-date symlink: /home/wb/ros_ws/install/nav2_msgs/share/nav2_msgs/action/Wait.action
[0.913s] -- Up-to-date symlink: /home/wb/ros_ws/install/nav2_msgs/share/nav2_msgs/action/Spin.action
[0.914s] -- Up-to-date symlink: /home/wb/ros_ws/install/nav2_msgs/share/nav2_msgs/action/DummyBehavior.action
[0.914s] -- Up-to-date symlink: /home/wb/ros_ws/install/nav2_msgs/share/nav2_msgs/action/FollowWaypoints.action
[0.914s] -- Up-to-date symlink: /home/wb/ros_ws/install/nav2_msgs/share/ament_index/resource_index/package_run_dependencies/nav2_msgs
[0.914s] -- Up-to-date symlink: /home/wb/ros_ws/install/nav2_msgs/share/ament_index/resource_index/parent_prefix_path/nav2_msgs
[0.914s] -- Up-to-date symlink: /home/wb/ros_ws/install/nav2_msgs/share/nav2_msgs/environment/ament_prefix_path.sh
[0.914s] -- Up-to-date symlink: /home/wb/ros_ws/install/nav2_msgs/share/nav2_msgs/environment/ament_prefix_path.dsv
[0.914s] -- Up-to-date symlink: /home/wb/ros_ws/install/nav2_msgs/share/nav2_msgs/environment/path.sh
[0.915s] -- Up-to-date symlink: /home/wb/ros_ws/install/nav2_msgs/share/nav2_msgs/environment/path.dsv
[0.915s] -- Up-to-date symlink: /home/wb/ros_ws/install/nav2_msgs/share/nav2_msgs/local_setup.bash
[0.915s] -- Up-to-date symlink: /home/wb/ros_ws/install/nav2_msgs/share/nav2_msgs/local_setup.sh
[0.915s] -- Up-to-date symlink: /home/wb/ros_ws/install/nav2_msgs/share/nav2_msgs/local_setup.zsh
[0.915s] -- Up-to-date symlink: /home/wb/ros_ws/install/nav2_msgs/share/nav2_msgs/local_setup.dsv
[0.915s] -- Symlinking: /home/wb/ros_ws/install/nav2_msgs/share/nav2_msgs/package.dsv
[0.915s] -- Up-to-date symlink: /home/wb/ros_ws/install/nav2_msgs/share/ament_index/resource_index/packages/nav2_msgs
[0.915s] -- Up-to-date symlink: /home/wb/ros_ws/install/nav2_msgs/share/nav2_msgs/cmake/rosidl_cmake-extras.cmake
[0.915s] -- Up-to-date symlink: /home/wb/ros_ws/install/nav2_msgs/share/nav2_msgs/cmake/ament_cmake_export_dependencies-extras.cmake
[0.915s] -- Up-to-date symlink: /home/wb/ros_ws/install/nav2_msgs/share/nav2_msgs/cmake/ament_cmake_export_include_directories-extras.cmake
[0.916s] -- Up-to-date symlink: /home/wb/ros_ws/install/nav2_msgs/share/nav2_msgs/cmake/ament_cmake_export_libraries-extras.cmake
[0.916s] -- Up-to-date symlink: /home/wb/ros_ws/install/nav2_msgs/share/nav2_msgs/cmake/ament_cmake_export_targets-extras.cmake
[0.916s] -- Up-to-date symlink: /home/wb/ros_ws/install/nav2_msgs/share/nav2_msgs/cmake/rosidl_cmake_export_typesupport_targets-extras.cmake
[0.916s] -- Up-to-date symlink: /home/wb/ros_ws/install/nav2_msgs/share/nav2_msgs/cmake/rosidl_cmake_export_typesupport_libraries-extras.cmake
[0.916s] -- Up-to-date symlink: /home/wb/ros_ws/install/nav2_msgs/share/nav2_msgs/cmake/nav2_msgsConfig.cmake
[0.916s] -- Up-to-date symlink: /home/wb/ros_ws/install/nav2_msgs/share/nav2_msgs/cmake/nav2_msgsConfig-version.cmake
[0.916s] -- Up-to-date symlink: /home/wb/ros_ws/install/nav2_msgs/share/nav2_msgs/package.xml
[0.917s] -- Up-to-date: /home/wb/ros_ws/install/nav2_msgs/lib/libnav2_msgs__rosidl_generator_c.so
[0.918s] -- Up-to-date: /home/wb/ros_ws/install/nav2_msgs/lib/libnav2_msgs__rosidl_typesupport_fastrtps_c.so
[0.920s] -- Up-to-date: /home/wb/ros_ws/install/nav2_msgs/lib/libnav2_msgs__rosidl_typesupport_fastrtps_cpp.so
[0.921s] -- Up-to-date: /home/wb/ros_ws/install/nav2_msgs/lib/libnav2_msgs__rosidl_typesupport_introspection_c.so
[0.922s] -- Up-to-date: /home/wb/ros_ws/install/nav2_msgs/lib/libnav2_msgs__rosidl_typesupport_c.so
[0.923s] -- Up-to-date: /home/wb/ros_ws/install/nav2_msgs/lib/libnav2_msgs__rosidl_typesupport_introspection_cpp.so
[0.925s] -- Up-to-date: /home/wb/ros_ws/install/nav2_msgs/lib/libnav2_msgs__rosidl_typesupport_cpp.so
[0.968s] Listing '/home/wb/ros_ws/install/nav2_msgs/local/lib/python3.10/dist-packages/nav2_msgs'...
[0.968s] Listing '/home/wb/ros_ws/install/nav2_msgs/local/lib/python3.10/dist-packages/nav2_msgs/action'...
[0.968s] Listing '/home/wb/ros_ws/install/nav2_msgs/local/lib/python3.10/dist-packages/nav2_msgs/msg'...
[0.968s] Listing '/home/wb/ros_ws/install/nav2_msgs/local/lib/python3.10/dist-packages/nav2_msgs/srv'...
[0.971s] -- Up-to-date: /home/wb/ros_ws/install/nav2_msgs/lib/libnav2_msgs__rosidl_generator_py.so
[0.971s] -- Up-to-date: /home/wb/ros_ws/install/nav2_msgs/share/nav2_msgs/cmake/export_nav2_msgs__rosidl_generator_cExport.cmake
[0.971s] -- Up-to-date: /home/wb/ros_ws/install/nav2_msgs/share/nav2_msgs/cmake/export_nav2_msgs__rosidl_generator_cExport-release.cmake
[0.971s] -- Up-to-date: /home/wb/ros_ws/install/nav2_msgs/share/nav2_msgs/cmake/export_nav2_msgs__rosidl_typesupport_fastrtps_cExport.cmake
[0.971s] -- Up-to-date: /home/wb/ros_ws/install/nav2_msgs/share/nav2_msgs/cmake/export_nav2_msgs__rosidl_typesupport_fastrtps_cExport-release.cmake
[0.971s] -- Up-to-date: /home/wb/ros_ws/install/nav2_msgs/share/nav2_msgs/cmake/export_nav2_msgs__rosidl_generator_cppExport.cmake
[0.972s] -- Up-to-date: /home/wb/ros_ws/install/nav2_msgs/share/nav2_msgs/cmake/export_nav2_msgs__rosidl_typesupport_fastrtps_cppExport.cmake
[0.972s] -- Up-to-date: /home/wb/ros_ws/install/nav2_msgs/share/nav2_msgs/cmake/export_nav2_msgs__rosidl_typesupport_fastrtps_cppExport-release.cmake
[0.972s] -- Up-to-date: /home/wb/ros_ws/install/nav2_msgs/share/nav2_msgs/cmake/nav2_msgs__rosidl_typesupport_introspection_cExport.cmake
[0.972s] -- Up-to-date: /home/wb/ros_ws/install/nav2_msgs/share/nav2_msgs/cmake/nav2_msgs__rosidl_typesupport_introspection_cExport-release.cmake
[0.972s] -- Up-to-date: /home/wb/ros_ws/install/nav2_msgs/share/nav2_msgs/cmake/nav2_msgs__rosidl_typesupport_cExport.cmake
[0.972s] -- Up-to-date: /home/wb/ros_ws/install/nav2_msgs/share/nav2_msgs/cmake/nav2_msgs__rosidl_typesupport_cExport-release.cmake
[0.972s] -- Up-to-date: /home/wb/ros_ws/install/nav2_msgs/share/nav2_msgs/cmake/nav2_msgs__rosidl_typesupport_introspection_cppExport.cmake
[0.972s] -- Up-to-date: /home/wb/ros_ws/install/nav2_msgs/share/nav2_msgs/cmake/nav2_msgs__rosidl_typesupport_introspection_cppExport-release.cmake
[0.972s] -- Up-to-date: /home/wb/ros_ws/install/nav2_msgs/share/nav2_msgs/cmake/nav2_msgs__rosidl_typesupport_cppExport.cmake
[0.972s] -- Up-to-date: /home/wb/ros_ws/install/nav2_msgs/share/nav2_msgs/cmake/nav2_msgs__rosidl_typesupport_cppExport-release.cmake
[0.972s] -- Up-to-date: /home/wb/ros_ws/install/nav2_msgs/share/nav2_msgs/cmake/export_nav2_msgs__rosidl_generator_pyExport.cmake
[0.972s] -- Up-to-date: /home/wb/ros_ws/install/nav2_msgs/share/nav2_msgs/cmake/export_nav2_msgs__rosidl_generator_pyExport-release.cmake
[0.974s] Invoked command in '/home/wb/ros_ws/build/nav2_msgs' returned '0': CMAKE_PREFIX_PATH=/home/wb/ros_ws/install/nav2_common:/home/wb/ros_ws/install/nav2_system_tests:/home/wb/ros_ws/install/my_robot_navigation:/home/wb/ros_ws/install/nav2_bringup:/home/wb/ros_ws/install/navigation2:/home/wb/ros_ws/install/nav2_smoother:/home/wb/ros_ws/install/nav2_rotation_shim_controller:/home/wb/ros_ws/install/nav2_graceful_controller:/home/wb/ros_ws/install/nav2_dwb_controller:/home/wb/ros_ws/install/nav2_controller:/home/wb/ros_ws/install/dwb_plugins:/home/wb/ros_ws/install/dwb_critics:/home/wb/ros_ws/install/dwb_core:/home/wb/ros_ws/install/nav_2d_utils:/home/wb/ros_ws/install/dwb_msgs:/home/wb/ros_ws/install/nav_2d_msgs:/home/wb/ros_ws/install/nav2_waypoint_follower:/home/wb/ros_ws/install/nav2_theta_star_planner:/home/wb/ros_ws/install/nav2_smac_planner:/home/wb/ros_ws/install/nav2_regulated_pure_pursuit_controller:/home/wb/ros_ws/install/nav2_planner:/home/wb/ros_ws/install/nav2_navfn_planner:/home/wb/ros_ws/install/nav2_mppi_controller:/home/wb/ros_ws/install/nav2_constrained_smoother:/home/wb/ros_ws/install/nav2_bt_navigator:/home/wb/ros_ws/install/nav2_behaviors:/home/wb/ros_ws/install/nav2_core:/home/wb/ros_ws/install/nav2_collision_monitor:/home/wb/ros_ws/install/costmap_queue:/home/wb/ros_ws/install/nav2_costmap_2d:/home/wb/ros_ws/install/nav2_voxel_grid:/home/wb/ros_ws/install/nav2_velocity_smoother:/home/wb/ros_ws/install/nav2_rviz_plugins:/home/wb/ros_ws/install/nav2_map_server:/home/wb/ros_ws/install/nav2_lifecycle_manager:/home/wb/ros_ws/install/nav2_behavior_tree:/home/wb/ros_ws/install/nav2_amcl:/home/wb/ros_ws/install/nav2_util:/home/wb/ros_ws/install/nav2_msgs:/home/wb/ros_ws/install/my_robot_simulation:/home/wb/ros_ws/install/my_robot_description:/home/wb/ros_ws/install/nav2_simple_commander:/home/wb/ros_ws/install/my_robot_vision:/opt/ros/humble /usr/bin/cmake --install /home/wb/ros_ws/build/nav2_msgs
