[0.022s] Invoking command in '/home/wb/ros_ws/build/dwb_msgs': CMAKE_PREFIX_PATH=/home/wb/ros_ws/install/nav_2d_msgs:/home/wb/ros_ws/install/nav2_system_tests:/home/wb/ros_ws/install/my_robot_navigation:/home/wb/ros_ws/install/nav2_bringup:/home/wb/ros_ws/install/navigation2:/home/wb/ros_ws/install/nav2_smoother:/home/wb/ros_ws/install/nav2_rotation_shim_controller:/home/wb/ros_ws/install/nav2_graceful_controller:/home/wb/ros_ws/install/nav2_dwb_controller:/home/wb/ros_ws/install/nav2_controller:/home/wb/ros_ws/install/dwb_plugins:/home/wb/ros_ws/install/dwb_critics:/home/wb/ros_ws/install/dwb_core:/home/wb/ros_ws/install/nav_2d_utils:/home/wb/ros_ws/install/dwb_msgs:/home/wb/ros_ws/install/nav2_waypoint_follower:/home/wb/ros_ws/install/nav2_theta_star_planner:/home/wb/ros_ws/install/nav2_smac_planner:/home/wb/ros_ws/install/nav2_regulated_pure_pursuit_controller:/home/wb/ros_ws/install/nav2_planner:/home/wb/ros_ws/install/nav2_navfn_planner:/home/wb/ros_ws/install/nav2_mppi_controller:/home/wb/ros_ws/install/nav2_constrained_smoother:/home/wb/ros_ws/install/nav2_bt_navigator:/home/wb/ros_ws/install/nav2_behaviors:/home/wb/ros_ws/install/nav2_core:/home/wb/ros_ws/install/nav2_collision_monitor:/home/wb/ros_ws/install/costmap_queue:/home/wb/ros_ws/install/nav2_costmap_2d:/home/wb/ros_ws/install/nav2_voxel_grid:/home/wb/ros_ws/install/nav2_velocity_smoother:/home/wb/ros_ws/install/nav2_rviz_plugins:/home/wb/ros_ws/install/nav2_map_server:/home/wb/ros_ws/install/nav2_lifecycle_manager:/home/wb/ros_ws/install/nav2_behavior_tree:/home/wb/ros_ws/install/nav2_amcl:/home/wb/ros_ws/install/nav2_util:/home/wb/ros_ws/install/nav2_msgs:/home/wb/ros_ws/install/nav2_common:/home/wb/ros_ws/install/my_robot_simulation:/home/wb/ros_ws/install/my_robot_description:/home/wb/ros_ws/install/nav2_simple_commander:/home/wb/ros_ws/install/my_robot_vision:/opt/ros/humble LD_LIBRARY_PATH=/home/wb/ros_ws/install/nav_2d_msgs/lib:/opt/ros/humble/lib:/home/wb/ros_ws/install/nav2_smoother/lib:/home/wb/ros_ws/install/nav2_rotation_shim_controller/lib:/home/wb/ros_ws/install/nav2_graceful_controller/lib:/home/wb/ros_ws/install/nav2_controller/lib:/home/wb/ros_ws/install/dwb_plugins/lib:/home/wb/ros_ws/install/dwb_critics/lib:/home/wb/ros_ws/install/dwb_core/lib:/home/wb/ros_ws/install/nav_2d_utils/lib:/home/wb/ros_ws/install/dwb_msgs/lib:/home/wb/ros_ws/install/nav2_waypoint_follower/lib:/home/wb/ros_ws/install/nav2_theta_star_planner/lib:/home/wb/ros_ws/install/nav2_smac_planner/lib:/home/wb/ros_ws/install/nav2_regulated_pure_pursuit_controller/lib:/home/wb/ros_ws/install/nav2_planner/lib:/home/wb/ros_ws/install/nav2_navfn_planner/lib:/home/wb/ros_ws/install/nav2_mppi_controller/lib:/home/wb/ros_ws/install/nav2_constrained_smoother/lib:/home/wb/ros_ws/install/nav2_bt_navigator/lib:/home/wb/ros_ws/install/nav2_behaviors/lib:/home/wb/ros_ws/install/nav2_collision_monitor/lib:/home/wb/ros_ws/install/costmap_queue/lib:/home/wb/ros_ws/install/nav2_costmap_2d/lib:/home/wb/ros_ws/install/nav2_voxel_grid/lib:/home/wb/ros_ws/install/nav2_velocity_smoother/lib:/home/wb/ros_ws/install/nav2_rviz_plugins/lib:/home/wb/ros_ws/install/nav2_map_server/lib:/home/wb/ros_ws/install/nav2_lifecycle_manager/lib:/home/wb/ros_ws/install/nav2_behavior_tree/lib:/home/wb/ros_ws/install/nav2_amcl/lib:/home/wb/ros_ws/install/nav2_util/lib:/home/wb/ros_ws/install/nav2_msgs/lib:/usr/lib/x86_64-linux-gnu/gazebo-11/plugins:/opt/ros/humble/opt/rviz_ogre_vendor/lib:/opt/ros/humble/lib/x86_64-linux-gnu:/opt/ros/humble/lib /usr/bin/cmake --build /home/wb/ros_ws/build/dwb_msgs -- -j4 -l4
[0.139s] [ 12%] Built target dwb_msgs__cpp
[0.139s] [ 12%] Built target dwb_msgs__rosidl_generator_c
[0.211s] [ 12%] Built target ament_cmake_python_symlink_dwb_msgs
[0.230s] [ 24%] Built target dwb_msgs__rosidl_typesupport_fastrtps_cpp
[0.251s] [ 35%] Built target dwb_msgs__rosidl_typesupport_cpp
[0.257s] [ 47%] Built target dwb_msgs__rosidl_typesupport_introspection_cpp
[0.341s] [ 58%] Built target dwb_msgs__rosidl_typesupport_introspection_c
[0.351s] [ 70%] Built target dwb_msgs__rosidl_typesupport_fastrtps_c
[0.355s] [ 82%] Built target dwb_msgs__rosidl_typesupport_c
[0.424s] [ 82%] Built target dwb_msgs
[0.492s] [ 83%] Built target dwb_msgs__py
[0.580s] [ 93%] Built target dwb_msgs__rosidl_generator_py
[0.617s] running egg_info
[0.618s] writing dwb_msgs.egg-info/PKG-INFO
[0.618s] writing dependency_links to dwb_msgs.egg-info/dependency_links.txt
[0.619s] writing top-level names to dwb_msgs.egg-info/top_level.txt
[0.626s] reading manifest file 'dwb_msgs.egg-info/SOURCES.txt'
[0.627s] writing manifest file 'dwb_msgs.egg-info/SOURCES.txt'
[0.651s] [ 95%] Built target dwb_msgs__rosidl_typesupport_c__pyext
[0.664s] [ 97%] Built target dwb_msgs__rosidl_typesupport_introspection_c__pyext
[0.671s] [100%] Built target dwb_msgs__rosidl_typesupport_fastrtps_c__pyext
[0.678s] [100%] Built target ament_cmake_python_build_dwb_msgs_egg
[0.692s] Invoked command in '/home/wb/ros_ws/build/dwb_msgs' returned '0': CMAKE_PREFIX_PATH=/home/wb/ros_ws/install/nav_2d_msgs:/home/wb/ros_ws/install/nav2_system_tests:/home/wb/ros_ws/install/my_robot_navigation:/home/wb/ros_ws/install/nav2_bringup:/home/wb/ros_ws/install/navigation2:/home/wb/ros_ws/install/nav2_smoother:/home/wb/ros_ws/install/nav2_rotation_shim_controller:/home/wb/ros_ws/install/nav2_graceful_controller:/home/wb/ros_ws/install/nav2_dwb_controller:/home/wb/ros_ws/install/nav2_controller:/home/wb/ros_ws/install/dwb_plugins:/home/wb/ros_ws/install/dwb_critics:/home/wb/ros_ws/install/dwb_core:/home/wb/ros_ws/install/nav_2d_utils:/home/wb/ros_ws/install/dwb_msgs:/home/wb/ros_ws/install/nav2_waypoint_follower:/home/wb/ros_ws/install/nav2_theta_star_planner:/home/wb/ros_ws/install/nav2_smac_planner:/home/wb/ros_ws/install/nav2_regulated_pure_pursuit_controller:/home/wb/ros_ws/install/nav2_planner:/home/wb/ros_ws/install/nav2_navfn_planner:/home/wb/ros_ws/install/nav2_mppi_controller:/home/wb/ros_ws/install/nav2_constrained_smoother:/home/wb/ros_ws/install/nav2_bt_navigator:/home/wb/ros_ws/install/nav2_behaviors:/home/wb/ros_ws/install/nav2_core:/home/wb/ros_ws/install/nav2_collision_monitor:/home/wb/ros_ws/install/costmap_queue:/home/wb/ros_ws/install/nav2_costmap_2d:/home/wb/ros_ws/install/nav2_voxel_grid:/home/wb/ros_ws/install/nav2_velocity_smoother:/home/wb/ros_ws/install/nav2_rviz_plugins:/home/wb/ros_ws/install/nav2_map_server:/home/wb/ros_ws/install/nav2_lifecycle_manager:/home/wb/ros_ws/install/nav2_behavior_tree:/home/wb/ros_ws/install/nav2_amcl:/home/wb/ros_ws/install/nav2_util:/home/wb/ros_ws/install/nav2_msgs:/home/wb/ros_ws/install/nav2_common:/home/wb/ros_ws/install/my_robot_simulation:/home/wb/ros_ws/install/my_robot_description:/home/wb/ros_ws/install/nav2_simple_commander:/home/wb/ros_ws/install/my_robot_vision:/opt/ros/humble LD_LIBRARY_PATH=/home/wb/ros_ws/install/nav_2d_msgs/lib:/opt/ros/humble/lib:/home/wb/ros_ws/install/nav2_smoother/lib:/home/wb/ros_ws/install/nav2_rotation_shim_controller/lib:/home/wb/ros_ws/install/nav2_graceful_controller/lib:/home/wb/ros_ws/install/nav2_controller/lib:/home/wb/ros_ws/install/dwb_plugins/lib:/home/wb/ros_ws/install/dwb_critics/lib:/home/wb/ros_ws/install/dwb_core/lib:/home/wb/ros_ws/install/nav_2d_utils/lib:/home/wb/ros_ws/install/dwb_msgs/lib:/home/wb/ros_ws/install/nav2_waypoint_follower/lib:/home/wb/ros_ws/install/nav2_theta_star_planner/lib:/home/wb/ros_ws/install/nav2_smac_planner/lib:/home/wb/ros_ws/install/nav2_regulated_pure_pursuit_controller/lib:/home/wb/ros_ws/install/nav2_planner/lib:/home/wb/ros_ws/install/nav2_navfn_planner/lib:/home/wb/ros_ws/install/nav2_mppi_controller/lib:/home/wb/ros_ws/install/nav2_constrained_smoother/lib:/home/wb/ros_ws/install/nav2_bt_navigator/lib:/home/wb/ros_ws/install/nav2_behaviors/lib:/home/wb/ros_ws/install/nav2_collision_monitor/lib:/home/wb/ros_ws/install/costmap_queue/lib:/home/wb/ros_ws/install/nav2_costmap_2d/lib:/home/wb/ros_ws/install/nav2_voxel_grid/lib:/home/wb/ros_ws/install/nav2_velocity_smoother/lib:/home/wb/ros_ws/install/nav2_rviz_plugins/lib:/home/wb/ros_ws/install/nav2_map_server/lib:/home/wb/ros_ws/install/nav2_lifecycle_manager/lib:/home/wb/ros_ws/install/nav2_behavior_tree/lib:/home/wb/ros_ws/install/nav2_amcl/lib:/home/wb/ros_ws/install/nav2_util/lib:/home/wb/ros_ws/install/nav2_msgs/lib:/usr/lib/x86_64-linux-gnu/gazebo-11/plugins:/opt/ros/humble/opt/rviz_ogre_vendor/lib:/opt/ros/humble/lib/x86_64-linux-gnu:/opt/ros/humble/lib /usr/bin/cmake --build /home/wb/ros_ws/build/dwb_msgs -- -j4 -l4
[0.692s] Invoking command in '/home/wb/ros_ws/build/dwb_msgs': CMAKE_PREFIX_PATH=/home/wb/ros_ws/install/nav_2d_msgs:/home/wb/ros_ws/install/nav2_system_tests:/home/wb/ros_ws/install/my_robot_navigation:/home/wb/ros_ws/install/nav2_bringup:/home/wb/ros_ws/install/navigation2:/home/wb/ros_ws/install/nav2_smoother:/home/wb/ros_ws/install/nav2_rotation_shim_controller:/home/wb/ros_ws/install/nav2_graceful_controller:/home/wb/ros_ws/install/nav2_dwb_controller:/home/wb/ros_ws/install/nav2_controller:/home/wb/ros_ws/install/dwb_plugins:/home/wb/ros_ws/install/dwb_critics:/home/wb/ros_ws/install/dwb_core:/home/wb/ros_ws/install/nav_2d_utils:/home/wb/ros_ws/install/dwb_msgs:/home/wb/ros_ws/install/nav2_waypoint_follower:/home/wb/ros_ws/install/nav2_theta_star_planner:/home/wb/ros_ws/install/nav2_smac_planner:/home/wb/ros_ws/install/nav2_regulated_pure_pursuit_controller:/home/wb/ros_ws/install/nav2_planner:/home/wb/ros_ws/install/nav2_navfn_planner:/home/wb/ros_ws/install/nav2_mppi_controller:/home/wb/ros_ws/install/nav2_constrained_smoother:/home/wb/ros_ws/install/nav2_bt_navigator:/home/wb/ros_ws/install/nav2_behaviors:/home/wb/ros_ws/install/nav2_core:/home/wb/ros_ws/install/nav2_collision_monitor:/home/wb/ros_ws/install/costmap_queue:/home/wb/ros_ws/install/nav2_costmap_2d:/home/wb/ros_ws/install/nav2_voxel_grid:/home/wb/ros_ws/install/nav2_velocity_smoother:/home/wb/ros_ws/install/nav2_rviz_plugins:/home/wb/ros_ws/install/nav2_map_server:/home/wb/ros_ws/install/nav2_lifecycle_manager:/home/wb/ros_ws/install/nav2_behavior_tree:/home/wb/ros_ws/install/nav2_amcl:/home/wb/ros_ws/install/nav2_util:/home/wb/ros_ws/install/nav2_msgs:/home/wb/ros_ws/install/nav2_common:/home/wb/ros_ws/install/my_robot_simulation:/home/wb/ros_ws/install/my_robot_description:/home/wb/ros_ws/install/nav2_simple_commander:/home/wb/ros_ws/install/my_robot_vision:/opt/ros/humble LD_LIBRARY_PATH=/home/wb/ros_ws/install/nav_2d_msgs/lib:/opt/ros/humble/lib:/home/wb/ros_ws/install/nav2_smoother/lib:/home/wb/ros_ws/install/nav2_rotation_shim_controller/lib:/home/wb/ros_ws/install/nav2_graceful_controller/lib:/home/wb/ros_ws/install/nav2_controller/lib:/home/wb/ros_ws/install/dwb_plugins/lib:/home/wb/ros_ws/install/dwb_critics/lib:/home/wb/ros_ws/install/dwb_core/lib:/home/wb/ros_ws/install/nav_2d_utils/lib:/home/wb/ros_ws/install/dwb_msgs/lib:/home/wb/ros_ws/install/nav2_waypoint_follower/lib:/home/wb/ros_ws/install/nav2_theta_star_planner/lib:/home/wb/ros_ws/install/nav2_smac_planner/lib:/home/wb/ros_ws/install/nav2_regulated_pure_pursuit_controller/lib:/home/wb/ros_ws/install/nav2_planner/lib:/home/wb/ros_ws/install/nav2_navfn_planner/lib:/home/wb/ros_ws/install/nav2_mppi_controller/lib:/home/wb/ros_ws/install/nav2_constrained_smoother/lib:/home/wb/ros_ws/install/nav2_bt_navigator/lib:/home/wb/ros_ws/install/nav2_behaviors/lib:/home/wb/ros_ws/install/nav2_collision_monitor/lib:/home/wb/ros_ws/install/costmap_queue/lib:/home/wb/ros_ws/install/nav2_costmap_2d/lib:/home/wb/ros_ws/install/nav2_voxel_grid/lib:/home/wb/ros_ws/install/nav2_velocity_smoother/lib:/home/wb/ros_ws/install/nav2_rviz_plugins/lib:/home/wb/ros_ws/install/nav2_map_server/lib:/home/wb/ros_ws/install/nav2_lifecycle_manager/lib:/home/wb/ros_ws/install/nav2_behavior_tree/lib:/home/wb/ros_ws/install/nav2_amcl/lib:/home/wb/ros_ws/install/nav2_util/lib:/home/wb/ros_ws/install/nav2_msgs/lib:/usr/lib/x86_64-linux-gnu/gazebo-11/plugins:/opt/ros/humble/opt/rviz_ogre_vendor/lib:/opt/ros/humble/lib/x86_64-linux-gnu:/opt/ros/humble/lib /usr/bin/cmake --install /home/wb/ros_ws/build/dwb_msgs
[0.702s] -- Install configuration: ""
[0.702s] -- Execute custom install script
[0.702s] -- Up-to-date symlink: /home/wb/ros_ws/install/dwb_msgs/share/ament_index/resource_index/rosidl_interfaces/dwb_msgs
[0.703s] -- Up-to-date symlink: /home/wb/ros_ws/install/dwb_msgs/include/dwb_msgs/dwb_msgs/msg/critic_score.h
[0.703s] -- Up-to-date symlink: /home/wb/ros_ws/install/dwb_msgs/include/dwb_msgs/dwb_msgs/msg/detail/critic_score__functions.h
[0.704s] -- Up-to-date symlink: /home/wb/ros_ws/install/dwb_msgs/include/dwb_msgs/dwb_msgs/msg/detail/critic_score__struct.h
[0.704s] -- Up-to-date symlink: /home/wb/ros_ws/install/dwb_msgs/include/dwb_msgs/dwb_msgs/msg/detail/critic_score__type_support.h
[0.704s] -- Up-to-date symlink: /home/wb/ros_ws/install/dwb_msgs/include/dwb_msgs/dwb_msgs/msg/detail/local_plan_evaluation__functions.h
[0.704s] -- Up-to-date symlink: /home/wb/ros_ws/install/dwb_msgs/include/dwb_msgs/dwb_msgs/msg/detail/local_plan_evaluation__struct.h
[0.704s] -- Up-to-date symlink: /home/wb/ros_ws/install/dwb_msgs/include/dwb_msgs/dwb_msgs/msg/detail/local_plan_evaluation__type_support.h
[0.705s] -- Up-to-date symlink: /home/wb/ros_ws/install/dwb_msgs/include/dwb_msgs/dwb_msgs/msg/detail/trajectory2_d__functions.h
[0.705s] -- Up-to-date symlink: /home/wb/ros_ws/install/dwb_msgs/include/dwb_msgs/dwb_msgs/msg/detail/trajectory2_d__struct.h
[0.705s] -- Up-to-date symlink: /home/wb/ros_ws/install/dwb_msgs/include/dwb_msgs/dwb_msgs/msg/detail/trajectory2_d__type_support.h
[0.705s] -- Up-to-date symlink: /home/wb/ros_ws/install/dwb_msgs/include/dwb_msgs/dwb_msgs/msg/detail/trajectory_score__functions.h
[0.705s] -- Up-to-date symlink: /home/wb/ros_ws/install/dwb_msgs/include/dwb_msgs/dwb_msgs/msg/detail/trajectory_score__struct.h
[0.706s] -- Up-to-date symlink: /home/wb/ros_ws/install/dwb_msgs/include/dwb_msgs/dwb_msgs/msg/detail/trajectory_score__type_support.h
[0.706s] -- Up-to-date symlink: /home/wb/ros_ws/install/dwb_msgs/include/dwb_msgs/dwb_msgs/msg/local_plan_evaluation.h
[0.706s] -- Up-to-date symlink: /home/wb/ros_ws/install/dwb_msgs/include/dwb_msgs/dwb_msgs/msg/rosidl_generator_c__visibility_control.h
[0.706s] -- Up-to-date symlink: /home/wb/ros_ws/install/dwb_msgs/include/dwb_msgs/dwb_msgs/msg/trajectory2_d.h
[0.706s] -- Up-to-date symlink: /home/wb/ros_ws/install/dwb_msgs/include/dwb_msgs/dwb_msgs/msg/trajectory_score.h
[0.707s] -- Up-to-date symlink: /home/wb/ros_ws/install/dwb_msgs/include/dwb_msgs/dwb_msgs/srv/debug_local_plan.h
[0.707s] -- Up-to-date symlink: /home/wb/ros_ws/install/dwb_msgs/include/dwb_msgs/dwb_msgs/srv/detail/debug_local_plan__functions.h
[0.707s] -- Up-to-date symlink: /home/wb/ros_ws/install/dwb_msgs/include/dwb_msgs/dwb_msgs/srv/detail/debug_local_plan__struct.h
[0.707s] -- Up-to-date symlink: /home/wb/ros_ws/install/dwb_msgs/include/dwb_msgs/dwb_msgs/srv/detail/debug_local_plan__type_support.h
[0.707s] -- Up-to-date symlink: /home/wb/ros_ws/install/dwb_msgs/include/dwb_msgs/dwb_msgs/srv/detail/generate_trajectory__functions.h
[0.708s] -- Up-to-date symlink: /home/wb/ros_ws/install/dwb_msgs/include/dwb_msgs/dwb_msgs/srv/detail/generate_trajectory__struct.h
[0.708s] -- Up-to-date symlink: /home/wb/ros_ws/install/dwb_msgs/include/dwb_msgs/dwb_msgs/srv/detail/generate_trajectory__type_support.h
[0.708s] -- Up-to-date symlink: /home/wb/ros_ws/install/dwb_msgs/include/dwb_msgs/dwb_msgs/srv/detail/generate_twists__functions.h
[0.708s] -- Up-to-date symlink: /home/wb/ros_ws/install/dwb_msgs/include/dwb_msgs/dwb_msgs/srv/detail/generate_twists__struct.h
[0.709s] -- Up-to-date symlink: /home/wb/ros_ws/install/dwb_msgs/include/dwb_msgs/dwb_msgs/srv/detail/generate_twists__type_support.h
[0.709s] -- Up-to-date symlink: /home/wb/ros_ws/install/dwb_msgs/include/dwb_msgs/dwb_msgs/srv/detail/get_critic_score__functions.h
[0.709s] -- Up-to-date symlink: /home/wb/ros_ws/install/dwb_msgs/include/dwb_msgs/dwb_msgs/srv/detail/get_critic_score__struct.h
[0.709s] -- Up-to-date symlink: /home/wb/ros_ws/install/dwb_msgs/include/dwb_msgs/dwb_msgs/srv/detail/get_critic_score__type_support.h
[0.709s] -- Up-to-date symlink: /home/wb/ros_ws/install/dwb_msgs/include/dwb_msgs/dwb_msgs/srv/detail/score_trajectory__functions.h
[0.709s] -- Up-to-date symlink: /home/wb/ros_ws/install/dwb_msgs/include/dwb_msgs/dwb_msgs/srv/detail/score_trajectory__struct.h
[0.710s] -- Up-to-date symlink: /home/wb/ros_ws/install/dwb_msgs/include/dwb_msgs/dwb_msgs/srv/detail/score_trajectory__type_support.h
[0.710s] -- Up-to-date symlink: /home/wb/ros_ws/install/dwb_msgs/include/dwb_msgs/dwb_msgs/srv/generate_trajectory.h
[0.710s] -- Up-to-date symlink: /home/wb/ros_ws/install/dwb_msgs/include/dwb_msgs/dwb_msgs/srv/generate_twists.h
[0.710s] -- Up-to-date symlink: /home/wb/ros_ws/install/dwb_msgs/include/dwb_msgs/dwb_msgs/srv/get_critic_score.h
[0.710s] -- Up-to-date symlink: /home/wb/ros_ws/install/dwb_msgs/include/dwb_msgs/dwb_msgs/srv/score_trajectory.h
[0.711s] -- Up-to-date symlink: /home/wb/ros_ws/install/dwb_msgs/share/dwb_msgs/environment/library_path.sh
[0.711s] -- Up-to-date symlink: /home/wb/ros_ws/install/dwb_msgs/share/dwb_msgs/environment/library_path.dsv
[0.712s] -- Up-to-date symlink: /home/wb/ros_ws/install/dwb_msgs/include/dwb_msgs/dwb_msgs/msg/detail/critic_score__rosidl_typesupport_fastrtps_c.h
[0.712s] -- Up-to-date symlink: /home/wb/ros_ws/install/dwb_msgs/include/dwb_msgs/dwb_msgs/msg/detail/local_plan_evaluation__rosidl_typesupport_fastrtps_c.h
[0.712s] -- Up-to-date symlink: /home/wb/ros_ws/install/dwb_msgs/include/dwb_msgs/dwb_msgs/msg/detail/trajectory2_d__rosidl_typesupport_fastrtps_c.h
[0.712s] -- Up-to-date symlink: /home/wb/ros_ws/install/dwb_msgs/include/dwb_msgs/dwb_msgs/msg/detail/trajectory_score__rosidl_typesupport_fastrtps_c.h
[0.712s] -- Up-to-date symlink: /home/wb/ros_ws/install/dwb_msgs/include/dwb_msgs/dwb_msgs/msg/rosidl_typesupport_fastrtps_c__visibility_control.h
[0.713s] -- Up-to-date symlink: /home/wb/ros_ws/install/dwb_msgs/include/dwb_msgs/dwb_msgs/srv/detail/debug_local_plan__rosidl_typesupport_fastrtps_c.h
[0.713s] -- Up-to-date symlink: /home/wb/ros_ws/install/dwb_msgs/include/dwb_msgs/dwb_msgs/srv/detail/generate_trajectory__rosidl_typesupport_fastrtps_c.h
[0.713s] -- Up-to-date symlink: /home/wb/ros_ws/install/dwb_msgs/include/dwb_msgs/dwb_msgs/srv/detail/generate_twists__rosidl_typesupport_fastrtps_c.h
[0.713s] -- Up-to-date symlink: /home/wb/ros_ws/install/dwb_msgs/include/dwb_msgs/dwb_msgs/srv/detail/get_critic_score__rosidl_typesupport_fastrtps_c.h
[0.714s] -- Up-to-date symlink: /home/wb/ros_ws/install/dwb_msgs/include/dwb_msgs/dwb_msgs/srv/detail/score_trajectory__rosidl_typesupport_fastrtps_c.h
[0.714s] -- Up-to-date symlink: /home/wb/ros_ws/install/dwb_msgs/include/dwb_msgs/dwb_msgs/msg/critic_score.hpp
[0.714s] -- Up-to-date symlink: /home/wb/ros_ws/install/dwb_msgs/include/dwb_msgs/dwb_msgs/msg/detail/critic_score__builder.hpp
[0.715s] -- Up-to-date symlink: /home/wb/ros_ws/install/dwb_msgs/include/dwb_msgs/dwb_msgs/msg/detail/critic_score__struct.hpp
[0.715s] -- Up-to-date symlink: /home/wb/ros_ws/install/dwb_msgs/include/dwb_msgs/dwb_msgs/msg/detail/critic_score__traits.hpp
[0.715s] -- Up-to-date symlink: /home/wb/ros_ws/install/dwb_msgs/include/dwb_msgs/dwb_msgs/msg/detail/critic_score__type_support.hpp
[0.715s] -- Up-to-date symlink: /home/wb/ros_ws/install/dwb_msgs/include/dwb_msgs/dwb_msgs/msg/detail/local_plan_evaluation__builder.hpp
[0.715s] -- Up-to-date symlink: /home/wb/ros_ws/install/dwb_msgs/include/dwb_msgs/dwb_msgs/msg/detail/local_plan_evaluation__struct.hpp
[0.716s] -- Up-to-date symlink: /home/wb/ros_ws/install/dwb_msgs/include/dwb_msgs/dwb_msgs/msg/detail/local_plan_evaluation__traits.hpp
[0.716s] -- Up-to-date symlink: /home/wb/ros_ws/install/dwb_msgs/include/dwb_msgs/dwb_msgs/msg/detail/local_plan_evaluation__type_support.hpp
[0.716s] -- Up-to-date symlink: /home/wb/ros_ws/install/dwb_msgs/include/dwb_msgs/dwb_msgs/msg/detail/trajectory2_d__builder.hpp
[0.716s] -- Up-to-date symlink: /home/wb/ros_ws/install/dwb_msgs/include/dwb_msgs/dwb_msgs/msg/detail/trajectory2_d__struct.hpp
[0.716s] -- Up-to-date symlink: /home/wb/ros_ws/install/dwb_msgs/include/dwb_msgs/dwb_msgs/msg/detail/trajectory2_d__traits.hpp
[0.717s] -- Up-to-date symlink: /home/wb/ros_ws/install/dwb_msgs/include/dwb_msgs/dwb_msgs/msg/detail/trajectory2_d__type_support.hpp
[0.717s] -- Up-to-date symlink: /home/wb/ros_ws/install/dwb_msgs/include/dwb_msgs/dwb_msgs/msg/detail/trajectory_score__builder.hpp
[0.717s] -- Up-to-date symlink: /home/wb/ros_ws/install/dwb_msgs/include/dwb_msgs/dwb_msgs/msg/detail/trajectory_score__struct.hpp
[0.717s] -- Up-to-date symlink: /home/wb/ros_ws/install/dwb_msgs/include/dwb_msgs/dwb_msgs/msg/detail/trajectory_score__traits.hpp
[0.717s] -- Up-to-date symlink: /home/wb/ros_ws/install/dwb_msgs/include/dwb_msgs/dwb_msgs/msg/detail/trajectory_score__type_support.hpp
[0.717s] -- Up-to-date symlink: /home/wb/ros_ws/install/dwb_msgs/include/dwb_msgs/dwb_msgs/msg/local_plan_evaluation.hpp
[0.718s] -- Up-to-date symlink: /home/wb/ros_ws/install/dwb_msgs/include/dwb_msgs/dwb_msgs/msg/rosidl_generator_cpp__visibility_control.hpp
[0.718s] -- Up-to-date symlink: /home/wb/ros_ws/install/dwb_msgs/include/dwb_msgs/dwb_msgs/msg/trajectory2_d.hpp
[0.718s] -- Up-to-date symlink: /home/wb/ros_ws/install/dwb_msgs/include/dwb_msgs/dwb_msgs/msg/trajectory_score.hpp
[0.718s] -- Up-to-date symlink: /home/wb/ros_ws/install/dwb_msgs/include/dwb_msgs/dwb_msgs/srv/debug_local_plan.hpp
[0.719s] -- Up-to-date symlink: /home/wb/ros_ws/install/dwb_msgs/include/dwb_msgs/dwb_msgs/srv/detail/debug_local_plan__builder.hpp
[0.719s] -- Up-to-date symlink: /home/wb/ros_ws/install/dwb_msgs/include/dwb_msgs/dwb_msgs/srv/detail/debug_local_plan__struct.hpp
[0.719s] -- Up-to-date symlink: /home/wb/ros_ws/install/dwb_msgs/include/dwb_msgs/dwb_msgs/srv/detail/debug_local_plan__traits.hpp
[0.719s] -- Up-to-date symlink: /home/wb/ros_ws/install/dwb_msgs/include/dwb_msgs/dwb_msgs/srv/detail/debug_local_plan__type_support.hpp
[0.720s] -- Up-to-date symlink: /home/wb/ros_ws/install/dwb_msgs/include/dwb_msgs/dwb_msgs/srv/detail/generate_trajectory__builder.hpp
[0.720s] -- Up-to-date symlink: /home/wb/ros_ws/install/dwb_msgs/include/dwb_msgs/dwb_msgs/srv/detail/generate_trajectory__struct.hpp
[0.720s] -- Up-to-date symlink: /home/wb/ros_ws/install/dwb_msgs/include/dwb_msgs/dwb_msgs/srv/detail/generate_trajectory__traits.hpp
[0.721s] -- Up-to-date symlink: /home/wb/ros_ws/install/dwb_msgs/include/dwb_msgs/dwb_msgs/srv/detail/generate_trajectory__type_support.hpp
[0.721s] -- Up-to-date symlink: /home/wb/ros_ws/install/dwb_msgs/include/dwb_msgs/dwb_msgs/srv/detail/generate_twists__builder.hpp
[0.721s] -- Up-to-date symlink: /home/wb/ros_ws/install/dwb_msgs/include/dwb_msgs/dwb_msgs/srv/detail/generate_twists__struct.hpp
[0.721s] -- Up-to-date symlink: /home/wb/ros_ws/install/dwb_msgs/include/dwb_msgs/dwb_msgs/srv/detail/generate_twists__traits.hpp
[0.721s] -- Up-to-date symlink: /home/wb/ros_ws/install/dwb_msgs/include/dwb_msgs/dwb_msgs/srv/detail/generate_twists__type_support.hpp
[0.722s] -- Up-to-date symlink: /home/wb/ros_ws/install/dwb_msgs/include/dwb_msgs/dwb_msgs/srv/detail/get_critic_score__builder.hpp
[0.722s] -- Up-to-date symlink: /home/wb/ros_ws/install/dwb_msgs/include/dwb_msgs/dwb_msgs/srv/detail/get_critic_score__struct.hpp
[0.722s] -- Up-to-date symlink: /home/wb/ros_ws/install/dwb_msgs/include/dwb_msgs/dwb_msgs/srv/detail/get_critic_score__traits.hpp
[0.722s] -- Up-to-date symlink: /home/wb/ros_ws/install/dwb_msgs/include/dwb_msgs/dwb_msgs/srv/detail/get_critic_score__type_support.hpp
[0.722s] -- Up-to-date symlink: /home/wb/ros_ws/install/dwb_msgs/include/dwb_msgs/dwb_msgs/srv/detail/score_trajectory__builder.hpp
[0.723s] -- Up-to-date symlink: /home/wb/ros_ws/install/dwb_msgs/include/dwb_msgs/dwb_msgs/srv/detail/score_trajectory__struct.hpp
[0.723s] -- Up-to-date symlink: /home/wb/ros_ws/install/dwb_msgs/include/dwb_msgs/dwb_msgs/srv/detail/score_trajectory__traits.hpp
[0.723s] -- Up-to-date symlink: /home/wb/ros_ws/install/dwb_msgs/include/dwb_msgs/dwb_msgs/srv/detail/score_trajectory__type_support.hpp
[0.723s] -- Up-to-date symlink: /home/wb/ros_ws/install/dwb_msgs/include/dwb_msgs/dwb_msgs/srv/generate_trajectory.hpp
[0.723s] -- Up-to-date symlink: /home/wb/ros_ws/install/dwb_msgs/include/dwb_msgs/dwb_msgs/srv/generate_twists.hpp
[0.724s] -- Up-to-date symlink: /home/wb/ros_ws/install/dwb_msgs/include/dwb_msgs/dwb_msgs/srv/get_critic_score.hpp
[0.725s] -- Up-to-date symlink: /home/wb/ros_ws/install/dwb_msgs/include/dwb_msgs/dwb_msgs/srv/score_trajectory.hpp
[0.725s] -- Up-to-date symlink: /home/wb/ros_ws/install/dwb_msgs/include/dwb_msgs/dwb_msgs/msg/detail/critic_score__rosidl_typesupport_fastrtps_cpp.hpp
[0.725s] -- Up-to-date symlink: /home/wb/ros_ws/install/dwb_msgs/include/dwb_msgs/dwb_msgs/msg/detail/local_plan_evaluation__rosidl_typesupport_fastrtps_cpp.hpp
[0.725s] -- Up-to-date symlink: /home/wb/ros_ws/install/dwb_msgs/include/dwb_msgs/dwb_msgs/msg/detail/trajectory2_d__rosidl_typesupport_fastrtps_cpp.hpp
[0.725s] -- Up-to-date symlink: /home/wb/ros_ws/install/dwb_msgs/include/dwb_msgs/dwb_msgs/msg/detail/trajectory_score__rosidl_typesupport_fastrtps_cpp.hpp
[0.726s] -- Up-to-date symlink: /home/wb/ros_ws/install/dwb_msgs/include/dwb_msgs/dwb_msgs/msg/rosidl_typesupport_fastrtps_cpp__visibility_control.h
[0.726s] -- Up-to-date symlink: /home/wb/ros_ws/install/dwb_msgs/include/dwb_msgs/dwb_msgs/srv/detail/debug_local_plan__rosidl_typesupport_fastrtps_cpp.hpp
[0.726s] -- Up-to-date symlink: /home/wb/ros_ws/install/dwb_msgs/include/dwb_msgs/dwb_msgs/srv/detail/generate_trajectory__rosidl_typesupport_fastrtps_cpp.hpp
[0.726s] -- Up-to-date symlink: /home/wb/ros_ws/install/dwb_msgs/include/dwb_msgs/dwb_msgs/srv/detail/generate_twists__rosidl_typesupport_fastrtps_cpp.hpp
[0.727s] -- Up-to-date symlink: /home/wb/ros_ws/install/dwb_msgs/include/dwb_msgs/dwb_msgs/srv/detail/get_critic_score__rosidl_typesupport_fastrtps_cpp.hpp
[0.728s] -- Up-to-date symlink: /home/wb/ros_ws/install/dwb_msgs/include/dwb_msgs/dwb_msgs/srv/detail/score_trajectory__rosidl_typesupport_fastrtps_cpp.hpp
[0.728s] -- Up-to-date symlink: /home/wb/ros_ws/install/dwb_msgs/include/dwb_msgs/dwb_msgs/msg/detail/critic_score__rosidl_typesupport_introspection_c.h
[0.728s] -- Up-to-date symlink: /home/wb/ros_ws/install/dwb_msgs/include/dwb_msgs/dwb_msgs/msg/detail/local_plan_evaluation__rosidl_typesupport_introspection_c.h
[0.728s] -- Up-to-date symlink: /home/wb/ros_ws/install/dwb_msgs/include/dwb_msgs/dwb_msgs/msg/detail/trajectory2_d__rosidl_typesupport_introspection_c.h
[0.729s] -- Up-to-date symlink: /home/wb/ros_ws/install/dwb_msgs/include/dwb_msgs/dwb_msgs/msg/detail/trajectory_score__rosidl_typesupport_introspection_c.h
[0.729s] -- Up-to-date symlink: /home/wb/ros_ws/install/dwb_msgs/include/dwb_msgs/dwb_msgs/msg/rosidl_typesupport_introspection_c__visibility_control.h
[0.729s] -- Up-to-date symlink: /home/wb/ros_ws/install/dwb_msgs/include/dwb_msgs/dwb_msgs/srv/detail/debug_local_plan__rosidl_typesupport_introspection_c.h
[0.729s] -- Up-to-date symlink: /home/wb/ros_ws/install/dwb_msgs/include/dwb_msgs/dwb_msgs/srv/detail/generate_trajectory__rosidl_typesupport_introspection_c.h
[0.729s] -- Up-to-date symlink: /home/wb/ros_ws/install/dwb_msgs/include/dwb_msgs/dwb_msgs/srv/detail/generate_twists__rosidl_typesupport_introspection_c.h
[0.730s] -- Up-to-date symlink: /home/wb/ros_ws/install/dwb_msgs/include/dwb_msgs/dwb_msgs/srv/detail/get_critic_score__rosidl_typesupport_introspection_c.h
[0.730s] -- Up-to-date symlink: /home/wb/ros_ws/install/dwb_msgs/include/dwb_msgs/dwb_msgs/srv/detail/score_trajectory__rosidl_typesupport_introspection_c.h
[0.731s] -- Up-to-date symlink: /home/wb/ros_ws/install/dwb_msgs/include/dwb_msgs/dwb_msgs/msg/detail/critic_score__rosidl_typesupport_introspection_cpp.hpp
[0.731s] -- Up-to-date symlink: /home/wb/ros_ws/install/dwb_msgs/include/dwb_msgs/dwb_msgs/msg/detail/local_plan_evaluation__rosidl_typesupport_introspection_cpp.hpp
[0.731s] -- Up-to-date symlink: /home/wb/ros_ws/install/dwb_msgs/include/dwb_msgs/dwb_msgs/msg/detail/trajectory2_d__rosidl_typesupport_introspection_cpp.hpp
[0.732s] -- Up-to-date symlink: /home/wb/ros_ws/install/dwb_msgs/include/dwb_msgs/dwb_msgs/msg/detail/trajectory_score__rosidl_typesupport_introspection_cpp.hpp
[0.732s] -- Up-to-date symlink: /home/wb/ros_ws/install/dwb_msgs/include/dwb_msgs/dwb_msgs/srv/detail/debug_local_plan__rosidl_typesupport_introspection_cpp.hpp
[0.732s] -- Up-to-date symlink: /home/wb/ros_ws/install/dwb_msgs/include/dwb_msgs/dwb_msgs/srv/detail/generate_trajectory__rosidl_typesupport_introspection_cpp.hpp
[0.732s] -- Up-to-date symlink: /home/wb/ros_ws/install/dwb_msgs/include/dwb_msgs/dwb_msgs/srv/detail/generate_twists__rosidl_typesupport_introspection_cpp.hpp
[0.732s] -- Up-to-date symlink: /home/wb/ros_ws/install/dwb_msgs/include/dwb_msgs/dwb_msgs/srv/detail/get_critic_score__rosidl_typesupport_introspection_cpp.hpp
[0.732s] -- Up-to-date symlink: /home/wb/ros_ws/install/dwb_msgs/include/dwb_msgs/dwb_msgs/srv/detail/score_trajectory__rosidl_typesupport_introspection_cpp.hpp
[0.733s] -- Up-to-date symlink: /home/wb/ros_ws/install/dwb_msgs/share/dwb_msgs/environment/pythonpath.sh
[0.733s] -- Up-to-date symlink: /home/wb/ros_ws/install/dwb_msgs/share/dwb_msgs/environment/pythonpath.dsv
[0.733s] -- Up-to-date symlink: /home/wb/ros_ws/install/dwb_msgs/local/lib/python3.10/dist-packages/dwb_msgs-1.1.18-py3.10.egg-info/PKG-INFO
[0.734s] -- Up-to-date symlink: /home/wb/ros_ws/install/dwb_msgs/local/lib/python3.10/dist-packages/dwb_msgs-1.1.18-py3.10.egg-info/SOURCES.txt
[0.734s] -- Up-to-date symlink: /home/wb/ros_ws/install/dwb_msgs/local/lib/python3.10/dist-packages/dwb_msgs-1.1.18-py3.10.egg-info/dependency_links.txt
[0.735s] -- Up-to-date symlink: /home/wb/ros_ws/install/dwb_msgs/local/lib/python3.10/dist-packages/dwb_msgs-1.1.18-py3.10.egg-info/top_level.txt
[0.735s] -- Up-to-date symlink: /home/wb/ros_ws/install/dwb_msgs/local/lib/python3.10/dist-packages/dwb_msgs/__init__.py
[0.735s] -- Up-to-date symlink: /home/wb/ros_ws/install/dwb_msgs/local/lib/python3.10/dist-packages/dwb_msgs/_dwb_msgs_s.ep.rosidl_typesupport_c.c
[0.735s] -- Up-to-date symlink: /home/wb/ros_ws/install/dwb_msgs/local/lib/python3.10/dist-packages/dwb_msgs/_dwb_msgs_s.ep.rosidl_typesupport_fastrtps_c.c
[0.739s] -- Up-to-date symlink: /home/wb/ros_ws/install/dwb_msgs/local/lib/python3.10/dist-packages/dwb_msgs/_dwb_msgs_s.ep.rosidl_typesupport_introspection_c.c
[0.739s] -- Up-to-date symlink: /home/wb/ros_ws/install/dwb_msgs/local/lib/python3.10/dist-packages/dwb_msgs/dwb_msgs_s__rosidl_typesupport_c.cpython-310-x86_64-linux-gnu.so
[0.739s] -- Up-to-date symlink: /home/wb/ros_ws/install/dwb_msgs/local/lib/python3.10/dist-packages/dwb_msgs/dwb_msgs_s__rosidl_typesupport_fastrtps_c.cpython-310-x86_64-linux-gnu.so
[0.739s] -- Up-to-date symlink: /home/wb/ros_ws/install/dwb_msgs/local/lib/python3.10/dist-packages/dwb_msgs/dwb_msgs_s__rosidl_typesupport_introspection_c.cpython-310-x86_64-linux-gnu.so
[0.739s] -- Up-to-date symlink: /home/wb/ros_ws/install/dwb_msgs/local/lib/python3.10/dist-packages/dwb_msgs/libdwb_msgs__rosidl_generator_py.so
[0.739s] -- Up-to-date symlink: /home/wb/ros_ws/install/dwb_msgs/local/lib/python3.10/dist-packages/dwb_msgs/msg/__init__.py
[0.739s] -- Up-to-date symlink: /home/wb/ros_ws/install/dwb_msgs/local/lib/python3.10/dist-packages/dwb_msgs/msg/_critic_score.py
[0.739s] -- Up-to-date symlink: /home/wb/ros_ws/install/dwb_msgs/local/lib/python3.10/dist-packages/dwb_msgs/msg/_critic_score_s.c
[0.740s] -- Up-to-date symlink: /home/wb/ros_ws/install/dwb_msgs/local/lib/python3.10/dist-packages/dwb_msgs/msg/_local_plan_evaluation.py
[0.740s] -- Up-to-date symlink: /home/wb/ros_ws/install/dwb_msgs/local/lib/python3.10/dist-packages/dwb_msgs/msg/_local_plan_evaluation_s.c
[0.740s] -- Up-to-date symlink: /home/wb/ros_ws/install/dwb_msgs/local/lib/python3.10/dist-packages/dwb_msgs/msg/_trajectory2_d.py
[0.740s] -- Up-to-date symlink: /home/wb/ros_ws/install/dwb_msgs/local/lib/python3.10/dist-packages/dwb_msgs/msg/_trajectory2_d_s.c
[0.740s] -- Up-to-date symlink: /home/wb/ros_ws/install/dwb_msgs/local/lib/python3.10/dist-packages/dwb_msgs/msg/_trajectory_score.py
[0.740s] -- Up-to-date symlink: /home/wb/ros_ws/install/dwb_msgs/local/lib/python3.10/dist-packages/dwb_msgs/msg/_trajectory_score_s.c
[0.740s] -- Up-to-date symlink: /home/wb/ros_ws/install/dwb_msgs/local/lib/python3.10/dist-packages/dwb_msgs/srv/__init__.py
[0.740s] -- Up-to-date symlink: /home/wb/ros_ws/install/dwb_msgs/local/lib/python3.10/dist-packages/dwb_msgs/srv/_debug_local_plan.py
[0.740s] -- Up-to-date symlink: /home/wb/ros_ws/install/dwb_msgs/local/lib/python3.10/dist-packages/dwb_msgs/srv/_debug_local_plan_s.c
[0.740s] -- Up-to-date symlink: /home/wb/ros_ws/install/dwb_msgs/local/lib/python3.10/dist-packages/dwb_msgs/srv/_generate_trajectory.py
[0.740s] -- Up-to-date symlink: /home/wb/ros_ws/install/dwb_msgs/local/lib/python3.10/dist-packages/dwb_msgs/srv/_generate_trajectory_s.c
[0.740s] -- Up-to-date symlink: /home/wb/ros_ws/install/dwb_msgs/local/lib/python3.10/dist-packages/dwb_msgs/srv/_generate_twists.py
[0.740s] -- Up-to-date symlink: /home/wb/ros_ws/install/dwb_msgs/local/lib/python3.10/dist-packages/dwb_msgs/srv/_generate_twists_s.c
[0.740s] -- Up-to-date symlink: /home/wb/ros_ws/install/dwb_msgs/local/lib/python3.10/dist-packages/dwb_msgs/srv/_get_critic_score.py
[0.740s] -- Up-to-date symlink: /home/wb/ros_ws/install/dwb_msgs/local/lib/python3.10/dist-packages/dwb_msgs/srv/_get_critic_score_s.c
[0.741s] -- Up-to-date symlink: /home/wb/ros_ws/install/dwb_msgs/local/lib/python3.10/dist-packages/dwb_msgs/srv/_score_trajectory.py
[0.741s] -- Up-to-date symlink: /home/wb/ros_ws/install/dwb_msgs/local/lib/python3.10/dist-packages/dwb_msgs/srv/_score_trajectory_s.c
[0.741s] -- Up-to-date symlink: /home/wb/ros_ws/install/dwb_msgs/local/lib/python3.10/dist-packages/dwb_msgs/dwb_msgs_s__rosidl_typesupport_fastrtps_c.cpython-310-x86_64-linux-gnu.so
[0.741s] -- Up-to-date symlink: /home/wb/ros_ws/install/dwb_msgs/local/lib/python3.10/dist-packages/dwb_msgs/dwb_msgs_s__rosidl_typesupport_introspection_c.cpython-310-x86_64-linux-gnu.so
[0.741s] -- Up-to-date symlink: /home/wb/ros_ws/install/dwb_msgs/local/lib/python3.10/dist-packages/dwb_msgs/dwb_msgs_s__rosidl_typesupport_c.cpython-310-x86_64-linux-gnu.so
[0.741s] -- Up-to-date symlink: /home/wb/ros_ws/install/dwb_msgs/share/dwb_msgs/msg/CriticScore.idl
[0.742s] -- Up-to-date symlink: /home/wb/ros_ws/install/dwb_msgs/share/dwb_msgs/msg/LocalPlanEvaluation.idl
[0.742s] -- Up-to-date symlink: /home/wb/ros_ws/install/dwb_msgs/share/dwb_msgs/msg/Trajectory2D.idl
[0.742s] -- Up-to-date symlink: /home/wb/ros_ws/install/dwb_msgs/share/dwb_msgs/msg/TrajectoryScore.idl
[0.745s] -- Up-to-date symlink: /home/wb/ros_ws/install/dwb_msgs/share/dwb_msgs/srv/DebugLocalPlan.idl
[0.745s] -- Up-to-date symlink: /home/wb/ros_ws/install/dwb_msgs/share/dwb_msgs/srv/GenerateTrajectory.idl
[0.745s] -- Up-to-date symlink: /home/wb/ros_ws/install/dwb_msgs/share/dwb_msgs/srv/GenerateTwists.idl
[0.745s] -- Up-to-date symlink: /home/wb/ros_ws/install/dwb_msgs/share/dwb_msgs/srv/GetCriticScore.idl
[0.745s] -- Up-to-date symlink: /home/wb/ros_ws/install/dwb_msgs/share/dwb_msgs/srv/ScoreTrajectory.idl
[0.745s] -- Up-to-date symlink: /home/wb/ros_ws/install/dwb_msgs/share/dwb_msgs/msg/CriticScore.msg
[0.745s] -- Up-to-date symlink: /home/wb/ros_ws/install/dwb_msgs/share/dwb_msgs/msg/LocalPlanEvaluation.msg
[0.745s] -- Up-to-date symlink: /home/wb/ros_ws/install/dwb_msgs/share/dwb_msgs/msg/Trajectory2D.msg
[0.745s] -- Up-to-date symlink: /home/wb/ros_ws/install/dwb_msgs/share/dwb_msgs/msg/TrajectoryScore.msg
[0.746s] -- Up-to-date symlink: /home/wb/ros_ws/install/dwb_msgs/share/dwb_msgs/srv/DebugLocalPlan.srv
[0.746s] -- Up-to-date symlink: /home/wb/ros_ws/install/dwb_msgs/share/dwb_msgs/srv/DebugLocalPlan_Request.msg
[0.746s] -- Up-to-date symlink: /home/wb/ros_ws/install/dwb_msgs/share/dwb_msgs/srv/DebugLocalPlan_Response.msg
[0.746s] -- Up-to-date symlink: /home/wb/ros_ws/install/dwb_msgs/share/dwb_msgs/srv/GenerateTrajectory.srv
[0.746s] -- Up-to-date symlink: /home/wb/ros_ws/install/dwb_msgs/share/dwb_msgs/srv/GenerateTrajectory_Request.msg
[0.746s] -- Up-to-date symlink: /home/wb/ros_ws/install/dwb_msgs/share/dwb_msgs/srv/GenerateTrajectory_Response.msg
[0.746s] -- Up-to-date symlink: /home/wb/ros_ws/install/dwb_msgs/share/dwb_msgs/srv/GenerateTwists.srv
[0.746s] -- Up-to-date symlink: /home/wb/ros_ws/install/dwb_msgs/share/dwb_msgs/srv/GenerateTwists_Request.msg
[0.746s] -- Up-to-date symlink: /home/wb/ros_ws/install/dwb_msgs/share/dwb_msgs/srv/GenerateTwists_Response.msg
[0.746s] -- Up-to-date symlink: /home/wb/ros_ws/install/dwb_msgs/share/dwb_msgs/srv/GetCriticScore.srv
[0.746s] -- Up-to-date symlink: /home/wb/ros_ws/install/dwb_msgs/share/dwb_msgs/srv/GetCriticScore_Request.msg
[0.746s] -- Up-to-date symlink: /home/wb/ros_ws/install/dwb_msgs/share/dwb_msgs/srv/GetCriticScore_Response.msg
[0.746s] -- Up-to-date symlink: /home/wb/ros_ws/install/dwb_msgs/share/dwb_msgs/srv/ScoreTrajectory.srv
[0.746s] -- Up-to-date symlink: /home/wb/ros_ws/install/dwb_msgs/share/dwb_msgs/srv/ScoreTrajectory_Request.msg
[0.746s] -- Up-to-date symlink: /home/wb/ros_ws/install/dwb_msgs/share/dwb_msgs/srv/ScoreTrajectory_Response.msg
[0.747s] -- Up-to-date symlink: /home/wb/ros_ws/install/dwb_msgs/share/ament_index/resource_index/package_run_dependencies/dwb_msgs
[0.747s] -- Up-to-date symlink: /home/wb/ros_ws/install/dwb_msgs/share/ament_index/resource_index/parent_prefix_path/dwb_msgs
[0.747s] -- Up-to-date symlink: /home/wb/ros_ws/install/dwb_msgs/share/dwb_msgs/environment/ament_prefix_path.sh
[0.747s] -- Up-to-date symlink: /home/wb/ros_ws/install/dwb_msgs/share/dwb_msgs/environment/ament_prefix_path.dsv
[0.747s] -- Up-to-date symlink: /home/wb/ros_ws/install/dwb_msgs/share/dwb_msgs/environment/path.sh
[0.747s] -- Up-to-date symlink: /home/wb/ros_ws/install/dwb_msgs/share/dwb_msgs/environment/path.dsv
[0.747s] -- Up-to-date symlink: /home/wb/ros_ws/install/dwb_msgs/share/dwb_msgs/local_setup.bash
[0.747s] -- Up-to-date symlink: /home/wb/ros_ws/install/dwb_msgs/share/dwb_msgs/local_setup.sh
[0.747s] -- Up-to-date symlink: /home/wb/ros_ws/install/dwb_msgs/share/dwb_msgs/local_setup.zsh
[0.747s] -- Up-to-date symlink: /home/wb/ros_ws/install/dwb_msgs/share/dwb_msgs/local_setup.dsv
[0.747s] -- Symlinking: /home/wb/ros_ws/install/dwb_msgs/share/dwb_msgs/package.dsv
[0.763s] -- Up-to-date symlink: /home/wb/ros_ws/install/dwb_msgs/share/ament_index/resource_index/packages/dwb_msgs
[0.763s] -- Up-to-date symlink: /home/wb/ros_ws/install/dwb_msgs/share/dwb_msgs/cmake/rosidl_cmake-extras.cmake
[0.763s] -- Up-to-date symlink: /home/wb/ros_ws/install/dwb_msgs/share/dwb_msgs/cmake/ament_cmake_export_dependencies-extras.cmake
[0.764s] -- Up-to-date symlink: /home/wb/ros_ws/install/dwb_msgs/share/dwb_msgs/cmake/ament_cmake_export_include_directories-extras.cmake
[0.764s] -- Up-to-date symlink: /home/wb/ros_ws/install/dwb_msgs/share/dwb_msgs/cmake/ament_cmake_export_libraries-extras.cmake
[0.764s] -- Up-to-date symlink: /home/wb/ros_ws/install/dwb_msgs/share/dwb_msgs/cmake/ament_cmake_export_targets-extras.cmake
[0.764s] -- Up-to-date symlink: /home/wb/ros_ws/install/dwb_msgs/share/dwb_msgs/cmake/rosidl_cmake_export_typesupport_targets-extras.cmake
[0.764s] -- Up-to-date symlink: /home/wb/ros_ws/install/dwb_msgs/share/dwb_msgs/cmake/rosidl_cmake_export_typesupport_libraries-extras.cmake
[0.765s] -- Up-to-date symlink: /home/wb/ros_ws/install/dwb_msgs/share/dwb_msgs/cmake/dwb_msgsConfig.cmake
[0.765s] -- Up-to-date symlink: /home/wb/ros_ws/install/dwb_msgs/share/dwb_msgs/cmake/dwb_msgsConfig-version.cmake
[0.766s] -- Up-to-date symlink: /home/wb/ros_ws/install/dwb_msgs/share/dwb_msgs/package.xml
[0.769s] -- Up-to-date: /home/wb/ros_ws/install/dwb_msgs/lib/libdwb_msgs__rosidl_generator_c.so
[0.771s] -- Up-to-date: /home/wb/ros_ws/install/dwb_msgs/lib/libdwb_msgs__rosidl_typesupport_fastrtps_c.so
[0.773s] -- Up-to-date: /home/wb/ros_ws/install/dwb_msgs/lib/libdwb_msgs__rosidl_typesupport_fastrtps_cpp.so
[0.774s] -- Up-to-date: /home/wb/ros_ws/install/dwb_msgs/lib/libdwb_msgs__rosidl_typesupport_introspection_c.so
[0.776s] -- Up-to-date: /home/wb/ros_ws/install/dwb_msgs/lib/libdwb_msgs__rosidl_typesupport_c.so
[0.779s] -- Up-to-date: /home/wb/ros_ws/install/dwb_msgs/lib/libdwb_msgs__rosidl_typesupport_introspection_cpp.so
[0.779s] -- Up-to-date: /home/wb/ros_ws/install/dwb_msgs/lib/libdwb_msgs__rosidl_typesupport_cpp.so
[0.827s] Listing '/home/wb/ros_ws/install/dwb_msgs/local/lib/python3.10/dist-packages/dwb_msgs'...
[0.827s] Listing '/home/wb/ros_ws/install/dwb_msgs/local/lib/python3.10/dist-packages/dwb_msgs/msg'...
[0.827s] Listing '/home/wb/ros_ws/install/dwb_msgs/local/lib/python3.10/dist-packages/dwb_msgs/srv'...
[0.827s] -- Up-to-date: /home/wb/ros_ws/install/dwb_msgs/lib/libdwb_msgs__rosidl_generator_py.so
[0.827s] -- Up-to-date: /home/wb/ros_ws/install/dwb_msgs/share/dwb_msgs/cmake/export_dwb_msgs__rosidl_generator_cExport.cmake
[0.827s] -- Up-to-date: /home/wb/ros_ws/install/dwb_msgs/share/dwb_msgs/cmake/export_dwb_msgs__rosidl_generator_cExport-noconfig.cmake
[0.828s] -- Up-to-date: /home/wb/ros_ws/install/dwb_msgs/share/dwb_msgs/cmake/export_dwb_msgs__rosidl_typesupport_fastrtps_cExport.cmake
[0.828s] -- Up-to-date: /home/wb/ros_ws/install/dwb_msgs/share/dwb_msgs/cmake/export_dwb_msgs__rosidl_typesupport_fastrtps_cExport-noconfig.cmake
[0.828s] -- Up-to-date: /home/wb/ros_ws/install/dwb_msgs/share/dwb_msgs/cmake/export_dwb_msgs__rosidl_generator_cppExport.cmake
[0.828s] -- Up-to-date: /home/wb/ros_ws/install/dwb_msgs/share/dwb_msgs/cmake/export_dwb_msgs__rosidl_typesupport_fastrtps_cppExport.cmake
[0.828s] -- Up-to-date: /home/wb/ros_ws/install/dwb_msgs/share/dwb_msgs/cmake/export_dwb_msgs__rosidl_typesupport_fastrtps_cppExport-noconfig.cmake
[0.828s] -- Up-to-date: /home/wb/ros_ws/install/dwb_msgs/share/dwb_msgs/cmake/dwb_msgs__rosidl_typesupport_introspection_cExport.cmake
[0.828s] -- Up-to-date: /home/wb/ros_ws/install/dwb_msgs/share/dwb_msgs/cmake/dwb_msgs__rosidl_typesupport_introspection_cExport-noconfig.cmake
[0.828s] -- Up-to-date: /home/wb/ros_ws/install/dwb_msgs/share/dwb_msgs/cmake/dwb_msgs__rosidl_typesupport_cExport.cmake
[0.828s] -- Up-to-date: /home/wb/ros_ws/install/dwb_msgs/share/dwb_msgs/cmake/dwb_msgs__rosidl_typesupport_cExport-noconfig.cmake
[0.828s] -- Up-to-date: /home/wb/ros_ws/install/dwb_msgs/share/dwb_msgs/cmake/dwb_msgs__rosidl_typesupport_introspection_cppExport.cmake
[0.828s] -- Up-to-date: /home/wb/ros_ws/install/dwb_msgs/share/dwb_msgs/cmake/dwb_msgs__rosidl_typesupport_introspection_cppExport-noconfig.cmake
[0.828s] -- Up-to-date: /home/wb/ros_ws/install/dwb_msgs/share/dwb_msgs/cmake/dwb_msgs__rosidl_typesupport_cppExport.cmake
[0.828s] -- Up-to-date: /home/wb/ros_ws/install/dwb_msgs/share/dwb_msgs/cmake/dwb_msgs__rosidl_typesupport_cppExport-noconfig.cmake
[0.828s] -- Up-to-date: /home/wb/ros_ws/install/dwb_msgs/share/dwb_msgs/cmake/export_dwb_msgs__rosidl_generator_pyExport.cmake
[0.828s] -- Up-to-date: /home/wb/ros_ws/install/dwb_msgs/share/dwb_msgs/cmake/export_dwb_msgs__rosidl_generator_pyExport-noconfig.cmake
[0.831s] Invoked command in '/home/wb/ros_ws/build/dwb_msgs' returned '0': CMAKE_PREFIX_PATH=/home/wb/ros_ws/install/nav_2d_msgs:/home/wb/ros_ws/install/nav2_system_tests:/home/wb/ros_ws/install/my_robot_navigation:/home/wb/ros_ws/install/nav2_bringup:/home/wb/ros_ws/install/navigation2:/home/wb/ros_ws/install/nav2_smoother:/home/wb/ros_ws/install/nav2_rotation_shim_controller:/home/wb/ros_ws/install/nav2_graceful_controller:/home/wb/ros_ws/install/nav2_dwb_controller:/home/wb/ros_ws/install/nav2_controller:/home/wb/ros_ws/install/dwb_plugins:/home/wb/ros_ws/install/dwb_critics:/home/wb/ros_ws/install/dwb_core:/home/wb/ros_ws/install/nav_2d_utils:/home/wb/ros_ws/install/dwb_msgs:/home/wb/ros_ws/install/nav2_waypoint_follower:/home/wb/ros_ws/install/nav2_theta_star_planner:/home/wb/ros_ws/install/nav2_smac_planner:/home/wb/ros_ws/install/nav2_regulated_pure_pursuit_controller:/home/wb/ros_ws/install/nav2_planner:/home/wb/ros_ws/install/nav2_navfn_planner:/home/wb/ros_ws/install/nav2_mppi_controller:/home/wb/ros_ws/install/nav2_constrained_smoother:/home/wb/ros_ws/install/nav2_bt_navigator:/home/wb/ros_ws/install/nav2_behaviors:/home/wb/ros_ws/install/nav2_core:/home/wb/ros_ws/install/nav2_collision_monitor:/home/wb/ros_ws/install/costmap_queue:/home/wb/ros_ws/install/nav2_costmap_2d:/home/wb/ros_ws/install/nav2_voxel_grid:/home/wb/ros_ws/install/nav2_velocity_smoother:/home/wb/ros_ws/install/nav2_rviz_plugins:/home/wb/ros_ws/install/nav2_map_server:/home/wb/ros_ws/install/nav2_lifecycle_manager:/home/wb/ros_ws/install/nav2_behavior_tree:/home/wb/ros_ws/install/nav2_amcl:/home/wb/ros_ws/install/nav2_util:/home/wb/ros_ws/install/nav2_msgs:/home/wb/ros_ws/install/nav2_common:/home/wb/ros_ws/install/my_robot_simulation:/home/wb/ros_ws/install/my_robot_description:/home/wb/ros_ws/install/nav2_simple_commander:/home/wb/ros_ws/install/my_robot_vision:/opt/ros/humble LD_LIBRARY_PATH=/home/wb/ros_ws/install/nav_2d_msgs/lib:/opt/ros/humble/lib:/home/wb/ros_ws/install/nav2_smoother/lib:/home/wb/ros_ws/install/nav2_rotation_shim_controller/lib:/home/wb/ros_ws/install/nav2_graceful_controller/lib:/home/wb/ros_ws/install/nav2_controller/lib:/home/wb/ros_ws/install/dwb_plugins/lib:/home/wb/ros_ws/install/dwb_critics/lib:/home/wb/ros_ws/install/dwb_core/lib:/home/wb/ros_ws/install/nav_2d_utils/lib:/home/wb/ros_ws/install/dwb_msgs/lib:/home/wb/ros_ws/install/nav2_waypoint_follower/lib:/home/wb/ros_ws/install/nav2_theta_star_planner/lib:/home/wb/ros_ws/install/nav2_smac_planner/lib:/home/wb/ros_ws/install/nav2_regulated_pure_pursuit_controller/lib:/home/wb/ros_ws/install/nav2_planner/lib:/home/wb/ros_ws/install/nav2_navfn_planner/lib:/home/wb/ros_ws/install/nav2_mppi_controller/lib:/home/wb/ros_ws/install/nav2_constrained_smoother/lib:/home/wb/ros_ws/install/nav2_bt_navigator/lib:/home/wb/ros_ws/install/nav2_behaviors/lib:/home/wb/ros_ws/install/nav2_collision_monitor/lib:/home/wb/ros_ws/install/costmap_queue/lib:/home/wb/ros_ws/install/nav2_costmap_2d/lib:/home/wb/ros_ws/install/nav2_voxel_grid/lib:/home/wb/ros_ws/install/nav2_velocity_smoother/lib:/home/wb/ros_ws/install/nav2_rviz_plugins/lib:/home/wb/ros_ws/install/nav2_map_server/lib:/home/wb/ros_ws/install/nav2_lifecycle_manager/lib:/home/wb/ros_ws/install/nav2_behavior_tree/lib:/home/wb/ros_ws/install/nav2_amcl/lib:/home/wb/ros_ws/install/nav2_util/lib:/home/wb/ros_ws/install/nav2_msgs/lib:/usr/lib/x86_64-linux-gnu/gazebo-11/plugins:/opt/ros/humble/opt/rviz_ogre_vendor/lib:/opt/ros/humble/lib/x86_64-linux-gnu:/opt/ros/humble/lib /usr/bin/cmake --install /home/wb/ros_ws/build/dwb_msgs
