[0.023s] Invoking command in '/home/wb/ros_ws/build/simple_robot': CMAKE_PREFIX_PATH=${CMAKE_PREFIX_PATH}:/opt/ros/humble /usr/bin/cmake /home/wb/ros_ws/src/simple_robot -DAMENT_CMAKE_SYMLINK_INSTALL=1 -DCMAKE_INSTALL_PREFIX=/home/wb/ros_ws/install/simple_robot
[0.064s] -- Found ament_cmake_auto: 1.3.11 (/opt/ros/humble/share/ament_cmake_auto/cmake)
[0.199s] -- Override CMake install command with custom implementation using symlinks instead of copying resources
[0.233s] -- Found ament_lint_auto: 0.12.12 (/opt/ros/humble/share/ament_lint_auto/cmake)
[0.235s] -- Found ros_gz_sim: 0.244.17 (/opt/ros/humble/share/ros_gz_sim/cmake)
[0.291s] -- Found rosidl_generator_c: 3.1.6 (/opt/ros/humble/share/rosidl_generator_c/cmake)
[0.296s] -- Found rosidl_adapter: 3.1.6 (/opt/ros/humble/share/rosidl_adapter/cmake)
[0.308s] -- Found rosidl_generator_cpp: 3.1.6 (/opt/ros/humble/share/rosidl_generator_cpp/cmake)
[0.326s] -- Using all available rosidl_typesupport_c: rosidl_typesupport_fastrtps_c;rosidl_typesupport_introspection_c
[0.349s] -- Using all available rosidl_typesupport_cpp: rosidl_typesupport_fastrtps_cpp;rosidl_typesupport_introspection_cpp
[0.407s] -- Found rmw_implementation_cmake: 6.1.2 (/opt/ros/humble/share/rmw_implementation_cmake/cmake)
[0.411s] -- Found rmw_fastrtps_cpp: 6.2.7 (/opt/ros/humble/share/rmw_fastrtps_cpp/cmake)
[0.518s] -- Using RMW implementation 'rmw_fastrtps_cpp' as default
[0.591s] -- Found xacro: 2.0.13 (/opt/ros/humble/share/xacro/cmake)
[0.593s] -- Found robot_state_publisher: 3.0.3 (/opt/ros/humble/share/robot_state_publisher/cmake)
[0.621s] -- Found eigen3_cmake_module: 0.1.1 (/opt/ros/humble/share/eigen3_cmake_module/cmake)
[0.623s] -- Ensuring Eigen3 include directory is part of orocos-kdl CMake target
[0.793s] -- Found gazebo_ros: 3.9.0 (/opt/ros/humble/share/gazebo_ros/cmake)
[0.845s] -- Found DART: /usr/include (Required is at least version "6.6") found components: dart 
[0.889s] -- Found Protobuf: /usr/lib/x86_64-linux-gnu/libprotobuf.so (found version "3.12.4") 
[0.892s] -- Looking for ignition-math6 -- found version 6.15.1
[0.903s] -- Searching for dependencies of ignition-math6
[0.906s] -- Looking for OGRE...
[0.912s] -- Found Ogre Ghadamon (1.9.0)
[0.912s] -- Found OGRE: optimized;/usr/lib/x86_64-linux-gnu/libOgreMain.so;debug;/usr/lib/x86_64-linux-gnu/libOgreMain.so
[0.920s] -- Looking for OGRE_Paging...
[0.920s] -- Found OGRE_Paging: optimized;/usr/lib/x86_64-linux-gnu/libOgrePaging.so;debug;/usr/lib/x86_64-linux-gnu/libOgrePaging.so
[0.920s] -- Looking for OGRE_Terrain...
[0.920s] -- Found OGRE_Terrain: optimized;/usr/lib/x86_64-linux-gnu/libOgreTerrain.so;debug;/usr/lib/x86_64-linux-gnu/libOgreTerrain.so
[0.920s] -- Looking for OGRE_Property...
[0.920s] -- Found OGRE_Property: optimized;/usr/lib/x86_64-linux-gnu/libOgreProperty.so;debug;/usr/lib/x86_64-linux-gnu/libOgreProperty.so
[0.920s] -- Looking for OGRE_RTShaderSystem...
[0.920s] -- Found OGRE_RTShaderSystem: optimized;/usr/lib/x86_64-linux-gnu/libOgreRTShaderSystem.so;debug;/usr/lib/x86_64-linux-gnu/libOgreRTShaderSystem.so
[0.920s] -- Looking for OGRE_Volume...
[0.920s] -- Found OGRE_Volume: optimized;/usr/lib/x86_64-linux-gnu/libOgreVolume.so;debug;/usr/lib/x86_64-linux-gnu/libOgreVolume.so
[0.920s] -- Looking for OGRE_Overlay...
[0.920s] -- Found OGRE_Overlay: optimized;/usr/lib/x86_64-linux-gnu/libOgreOverlay.so;debug;/usr/lib/x86_64-linux-gnu/libOgreOverlay.so
[1.006s] -- Looking for ignition-math6 -- found version 6.15.1
[1.008s] -- Looking for ignition-transport8 -- found version 8.2.1
[1.009s] -- Searching for dependencies of ignition-transport8
[1.022s] -- Found Protobuf: /usr/lib/x86_64-linux-gnu/libprotobuf.so (found suitable version "3.12.4", minimum required is "3") 
[1.029s] -- Config-file not installed for ZeroMQ -- checking for pkg-config
[1.033s] -- Checking for module 'libzmq >= 4'
[1.049s] --   Found libzmq , version 4.3.4
[1.085s] -- Checking for module 'uuid'
[1.096s] --   Found uuid, version 2.37.2
[1.127s] -- Looking for ignition-msgs5 -- found version 5.8.1
[1.128s] -- Searching for dependencies of ignition-msgs5
[1.141s] -- Looking for ignition-math6 -- found version 6.15.1
[1.149s] -- Looking for ignition-msgs5 -- found version 5.8.1
[1.150s] -- Looking for ignition-common3 -- found version 3.14.0
[1.151s] -- Searching for dependencies of ignition-common3
[1.151s] -- Looking for dlfcn.h - found
[1.151s] -- Looking for libdl - found
[1.162s] -- Searching for <ignition-common3> component [graphics]
[1.163s] -- Looking for ignition-common3-graphics -- found version 3.14.0
[1.163s] -- Searching for dependencies of ignition-common3-graphics
[1.164s] -- Looking for ignition-math6 -- found version 6.15.1
[1.166s] -- Looking for ignition-fuel_tools4 -- found version 4.4.0
[1.166s] -- Searching for dependencies of ignition-fuel_tools4
[1.198s] -- Checking for module 'jsoncpp'
[1.210s] --   Found jsoncpp, version 1.9.5
[1.244s] -- Checking for module 'libzip'
[1.255s] --   Found libzip, version 1.7.3
[1.283s] -- Looking for ignition-common3 -- found version 3.14.0
[1.283s] -- Looking for ignition-math6 -- found version 6.15.1
[1.283s] -- Looking for ignition-msgs5 -- found version 5.8.1
[1.288s] -- Gazebo version: 11.10
[1.389s] -- Configuring done
[1.400s] -- Generating done
[1.403s] -- Build files have been written to: /home/wb/ros_ws/build/simple_robot
[1.412s] Invoked command in '/home/wb/ros_ws/build/simple_robot' returned '0': CMAKE_PREFIX_PATH=${CMAKE_PREFIX_PATH}:/opt/ros/humble /usr/bin/cmake /home/wb/ros_ws/src/simple_robot -DAMENT_CMAKE_SYMLINK_INSTALL=1 -DCMAKE_INSTALL_PREFIX=/home/wb/ros_ws/install/simple_robot
[1.413s] Invoking command in '/home/wb/ros_ws/build/simple_robot': CMAKE_PREFIX_PATH=${CMAKE_PREFIX_PATH}:/opt/ros/humble /usr/bin/cmake --build /home/wb/ros_ws/build/simple_robot -- -j4 -l4
[1.448s] Invoked command in '/home/wb/ros_ws/build/simple_robot' returned '0': CMAKE_PREFIX_PATH=${CMAKE_PREFIX_PATH}:/opt/ros/humble /usr/bin/cmake --build /home/wb/ros_ws/build/simple_robot -- -j4 -l4
[1.450s] Invoking command in '/home/wb/ros_ws/build/simple_robot': CMAKE_PREFIX_PATH=${CMAKE_PREFIX_PATH}:/opt/ros/humble /usr/bin/cmake --install /home/wb/ros_ws/build/simple_robot
[1.456s] -- Install configuration: ""
[1.456s] -- Execute custom install script
[1.457s] -- Up-to-date symlink: /home/wb/ros_ws/install/simple_robot/share/simple_robot/urdf/simple_robot.urdf
[1.458s] -- Up-to-date symlink: /home/wb/ros_ws/install/simple_robot/share/simple_robot/launch/gazebo.launch.py
[1.459s] -- Up-to-date symlink: /home/wb/ros_ws/install/simple_robot/share/simple_robot/worlds/my_hex_arena.world
[1.459s] -- Up-to-date symlink: /home/wb/ros_ws/install/simple_robot/share/ament_index/resource_index/package_run_dependencies/simple_robot
[1.460s] -- Up-to-date symlink: /home/wb/ros_ws/install/simple_robot/share/ament_index/resource_index/parent_prefix_path/simple_robot
[1.460s] -- Up-to-date symlink: /home/wb/ros_ws/install/simple_robot/share/simple_robot/environment/ament_prefix_path.sh
[1.460s] -- Up-to-date symlink: /home/wb/ros_ws/install/simple_robot/share/simple_robot/environment/ament_prefix_path.dsv
[1.461s] -- Up-to-date symlink: /home/wb/ros_ws/install/simple_robot/share/simple_robot/environment/path.sh
[1.461s] -- Up-to-date symlink: /home/wb/ros_ws/install/simple_robot/share/simple_robot/environment/path.dsv
[1.461s] -- Up-to-date symlink: /home/wb/ros_ws/install/simple_robot/share/simple_robot/local_setup.bash
[1.462s] -- Up-to-date symlink: /home/wb/ros_ws/install/simple_robot/share/simple_robot/local_setup.sh
[1.462s] -- Up-to-date symlink: /home/wb/ros_ws/install/simple_robot/share/simple_robot/local_setup.zsh
[1.462s] -- Up-to-date symlink: /home/wb/ros_ws/install/simple_robot/share/simple_robot/local_setup.dsv
[1.462s] -- Symlinking: /home/wb/ros_ws/install/simple_robot/share/simple_robot/package.dsv
[1.470s] -- Up-to-date symlink: /home/wb/ros_ws/install/simple_robot/share/ament_index/resource_index/packages/simple_robot
[1.470s] -- Up-to-date symlink: /home/wb/ros_ws/install/simple_robot/share/simple_robot/cmake/simple_robotConfig.cmake
[1.470s] -- Up-to-date symlink: /home/wb/ros_ws/install/simple_robot/share/simple_robot/cmake/simple_robotConfig-version.cmake
[1.471s] -- Up-to-date symlink: /home/wb/ros_ws/install/simple_robot/share/simple_robot/package.xml
[1.473s] Invoked command in '/home/wb/ros_ws/build/simple_robot' returned '0': CMAKE_PREFIX_PATH=${CMAKE_PREFIX_PATH}:/opt/ros/humble /usr/bin/cmake --install /home/wb/ros_ws/build/simple_robot
