[0.023s] Invoking command in '/home/wb/ros_ws/build/nav2_constrained_smoother': AMENT_PREFIX_PATH=/home/wb/ros_ws/install/nav2_core:/home/wb/ros_ws/install/nav2_costmap_2d:/home/wb/ros_ws/install/nav2_map_server:/home/wb/ros_ws/install/nav2_lifecycle_manager:/home/wb/ros_ws/install/nav2_util:/home/wb/ros_ws/install/nav2_voxel_grid:/home/wb/ros_ws/install/nav2_msgs:/home/wb/ros_ws/install/nav2_common:${AMENT_PREFIX_PATH} CMAKE_PREFIX_PATH=/home/wb/ros_ws/install/nav2_core:/home/wb/ros_ws/install/nav2_costmap_2d:/home/wb/ros_ws/install/nav2_map_server:/home/wb/ros_ws/install/nav2_lifecycle_manager:/home/wb/ros_ws/install/nav2_util:/home/wb/ros_ws/install/nav2_voxel_grid:/home/wb/ros_ws/install/nav2_msgs:/home/wb/ros_ws/install/nav2_common:/home/wb/ros_ws/install/simple_robot:/home/wb/ros_ws/install/my_robot_navigation:/home/wb/ros_ws/install/my_robot_simulation:/home/wb/ros_ws/install/my_robot_description:/opt/ros/humble LD_LIBRARY_PATH=/home/wb/ros_ws/install/nav2_costmap_2d/lib:/home/wb/ros_ws/install/nav2_map_server/lib:/home/wb/ros_ws/install/nav2_lifecycle_manager/lib:/home/wb/ros_ws/install/nav2_util/lib:/home/wb/ros_ws/install/nav2_voxel_grid/lib:/home/wb/ros_ws/install/nav2_msgs/lib:${LD_LIBRARY_PATH} PYTHONPATH=/home/wb/ros_ws/install/nav2_msgs/local/lib/python3.10/dist-packages:/home/wb/ros_ws/install/nav2_common/local/lib/python3.10/dist-packages:${PYTHONPATH} /usr/bin/cmake /home/wb/ros_ws/src/navigation2/nav2_constrained_smoother -DCMAKE_INSTALL_PREFIX=/home/wb/ros_ws/install/nav2_constrained_smoother
[0.078s] -- The C compiler identification is GNU 11.4.0
[0.131s] -- The CXX compiler identification is GNU 11.4.0
[0.139s] -- Detecting C compiler ABI info
[0.209s] -- Detecting C compiler ABI info - done
[0.214s] -- Check for working C compiler: /usr/bin/cc - skipped
[0.214s] -- Detecting C compile features
[0.215s] -- Detecting C compile features - done
[0.217s] -- Detecting CXX compiler ABI info
[0.294s] -- Detecting CXX compiler ABI info - done
[0.298s] -- Check for working CXX compiler: /usr/bin/c++ - skipped
[0.299s] -- Detecting CXX compile features
[0.299s] -- Detecting CXX compile features - done
[0.303s] -- Found ament_cmake: 1.3.11 (/opt/ros/humble/share/ament_cmake/cmake)
[0.431s] -- Found Python3: /usr/bin/python3 (found version "3.10.12") found components: Interpreter 
[0.512s] -- Found nav2_core: 1.1.18 (/home/wb/ros_ws/install/nav2_core/share/nav2_core/cmake)
[0.568s] -- Found rosidl_generator_c: 3.1.6 (/opt/ros/humble/share/rosidl_generator_c/cmake)
[0.572s] -- Found rosidl_adapter: 3.1.6 (/opt/ros/humble/share/rosidl_adapter/cmake)
[0.581s] -- Found rosidl_generator_cpp: 3.1.6 (/opt/ros/humble/share/rosidl_generator_cpp/cmake)
[0.593s] -- Using all available rosidl_typesupport_c: rosidl_typesupport_fastrtps_c;rosidl_typesupport_introspection_c
[0.613s] -- Using all available rosidl_typesupport_cpp: rosidl_typesupport_fastrtps_cpp;rosidl_typesupport_introspection_cpp
[0.657s] -- Found rmw_implementation_cmake: 6.1.2 (/opt/ros/humble/share/rmw_implementation_cmake/cmake)
[0.661s] -- Found rmw_fastrtps_cpp: 6.2.7 (/opt/ros/humble/share/rmw_fastrtps_cpp/cmake)
[0.751s] -- Found OpenSSL: /usr/lib/x86_64-linux-gnu/libcrypto.so (found version "3.0.2")  
[0.778s] -- Found FastRTPS: /opt/ros/humble/include  
[0.817s] -- Using RMW implementation 'rmw_fastrtps_cpp' as default
[0.827s] -- Looking for pthread.h
[0.891s] -- Looking for pthread.h - found
[0.892s] -- Performing Test CMAKE_HAVE_LIBC_PTHREAD
[0.960s] -- Performing Test CMAKE_HAVE_LIBC_PTHREAD - Success
[0.960s] -- Found Threads: TRUE  
[1.205s] -- Found Eigen3: TRUE (found version "3.4.0") 
[1.205s] -- Ensuring Eigen3 include directory is part of orocos-kdl CMake target
[1.292s] -- Found nav2_common: 1.1.18 (/home/wb/ros_ws/install/nav2_common/share/nav2_common/cmake)
[1.300s] -- Found required Ceres dependency: Eigen version 3.4.0 in /usr/include/eigen3
[1.312s] -- Found required Ceres dependency: glog
[1.313s] -- Found required Ceres dependency: gflags
[1.317s] -- Found Ceres version: 2.0.0 installed in: /usr with components: [EigenSparse, SparseLinearAlgebraLibrary, LAPACK, SuiteSparse, CXSparse, SchurSpecializations, Multithreading]
[1.413s] -- Found ament_lint_auto: 0.12.12 (/opt/ros/humble/share/ament_lint_auto/cmake)
[1.493s] -- Found gtest sources under '/opt/ros/humble/src/gtest_vendor': C++ tests using 'Google Test' will be built
[1.631s] -- Added test 'cppcheck' to perform static code analysis on C / C++ code
[1.631s] -- Configured cppcheck include dirs: /home/wb/ros_ws/src/navigation2/nav2_constrained_smoother/include
[1.632s] -- Configured cppcheck exclude dirs and/or files: 
[1.633s] -- Added test 'cpplint' to check C / C++ code against the Google style
[1.634s] -- Configured cpplint exclude dirs and/or files: 
[1.635s] -- Added test 'lint_cmake' to check CMake code style
[1.636s] -- Added test 'uncrustify' to check C / C++ code style
[1.636s] -- Configured uncrustify additional arguments: 
[1.639s] -- Added test 'xmllint' to check XML markup files
[1.640s] -- Configuring done
[1.904s] -- Generating done
[1.918s] -- Build files have been written to: /home/wb/ros_ws/build/nav2_constrained_smoother
[1.933s] Invoked command in '/home/wb/ros_ws/build/nav2_constrained_smoother' returned '0': AMENT_PREFIX_PATH=/home/wb/ros_ws/install/nav2_core:/home/wb/ros_ws/install/nav2_costmap_2d:/home/wb/ros_ws/install/nav2_map_server:/home/wb/ros_ws/install/nav2_lifecycle_manager:/home/wb/ros_ws/install/nav2_util:/home/wb/ros_ws/install/nav2_voxel_grid:/home/wb/ros_ws/install/nav2_msgs:/home/wb/ros_ws/install/nav2_common:${AMENT_PREFIX_PATH} CMAKE_PREFIX_PATH=/home/wb/ros_ws/install/nav2_core:/home/wb/ros_ws/install/nav2_costmap_2d:/home/wb/ros_ws/install/nav2_map_server:/home/wb/ros_ws/install/nav2_lifecycle_manager:/home/wb/ros_ws/install/nav2_util:/home/wb/ros_ws/install/nav2_voxel_grid:/home/wb/ros_ws/install/nav2_msgs:/home/wb/ros_ws/install/nav2_common:/home/wb/ros_ws/install/simple_robot:/home/wb/ros_ws/install/my_robot_navigation:/home/wb/ros_ws/install/my_robot_simulation:/home/wb/ros_ws/install/my_robot_description:/opt/ros/humble LD_LIBRARY_PATH=/home/wb/ros_ws/install/nav2_costmap_2d/lib:/home/wb/ros_ws/install/nav2_map_server/lib:/home/wb/ros_ws/install/nav2_lifecycle_manager/lib:/home/wb/ros_ws/install/nav2_util/lib:/home/wb/ros_ws/install/nav2_voxel_grid/lib:/home/wb/ros_ws/install/nav2_msgs/lib:${LD_LIBRARY_PATH} PYTHONPATH=/home/wb/ros_ws/install/nav2_msgs/local/lib/python3.10/dist-packages:/home/wb/ros_ws/install/nav2_common/local/lib/python3.10/dist-packages:${PYTHONPATH} /usr/bin/cmake /home/wb/ros_ws/src/navigation2/nav2_constrained_smoother -DCMAKE_INSTALL_PREFIX=/home/wb/ros_ws/install/nav2_constrained_smoother
[1.933s] Invoking command in '/home/wb/ros_ws/build/nav2_constrained_smoother': AMENT_PREFIX_PATH=/home/wb/ros_ws/install/nav2_core:/home/wb/ros_ws/install/nav2_costmap_2d:/home/wb/ros_ws/install/nav2_map_server:/home/wb/ros_ws/install/nav2_lifecycle_manager:/home/wb/ros_ws/install/nav2_util:/home/wb/ros_ws/install/nav2_voxel_grid:/home/wb/ros_ws/install/nav2_msgs:/home/wb/ros_ws/install/nav2_common:${AMENT_PREFIX_PATH} CMAKE_PREFIX_PATH=/home/wb/ros_ws/install/nav2_core:/home/wb/ros_ws/install/nav2_costmap_2d:/home/wb/ros_ws/install/nav2_map_server:/home/wb/ros_ws/install/nav2_lifecycle_manager:/home/wb/ros_ws/install/nav2_util:/home/wb/ros_ws/install/nav2_voxel_grid:/home/wb/ros_ws/install/nav2_msgs:/home/wb/ros_ws/install/nav2_common:/home/wb/ros_ws/install/simple_robot:/home/wb/ros_ws/install/my_robot_navigation:/home/wb/ros_ws/install/my_robot_simulation:/home/wb/ros_ws/install/my_robot_description:/opt/ros/humble LD_LIBRARY_PATH=/home/wb/ros_ws/install/nav2_costmap_2d/lib:/home/wb/ros_ws/install/nav2_map_server/lib:/home/wb/ros_ws/install/nav2_lifecycle_manager/lib:/home/wb/ros_ws/install/nav2_util/lib:/home/wb/ros_ws/install/nav2_voxel_grid/lib:/home/wb/ros_ws/install/nav2_msgs/lib:${LD_LIBRARY_PATH} PYTHONPATH=/home/wb/ros_ws/install/nav2_msgs/local/lib/python3.10/dist-packages:/home/wb/ros_ws/install/nav2_common/local/lib/python3.10/dist-packages:${PYTHONPATH} /usr/bin/cmake --build /home/wb/ros_ws/build/nav2_constrained_smoother -- -j4 -l4
[1.988s] [ 10%] [32mBuilding CXX object CMakeFiles/nav2_constrained_smoother.dir/src/constrained_smoother.cpp.o[0m
[11.255s] [ 20%] [32m[1mLinking CXX shared library libnav2_constrained_smoother.so[0m
[11.621s] [ 20%] Built target nav2_constrained_smoother
[11.644s] [ 30%] [32mBuilding CXX object gtest/CMakeFiles/gtest.dir/src/gtest-all.cc.o[0m
[17.336s] [ 40%] [32m[1mLinking CXX static library libgtest.a[0m
[17.387s] [ 40%] Built target gtest
[17.408s] [ 50%] [32mBuilding CXX object gtest/CMakeFiles/gtest_main.dir/src/gtest_main.cc.o[0m
[18.139s] [ 60%] [32m[1mLinking CXX static library libgtest_main.a[0m
[18.173s] [ 60%] Built target gtest_main
[18.196s] [ 70%] [32mBuilding CXX object test/CMakeFiles/test_constrained_smoother.dir/test_constrained_smoother.cpp.o[0m
[31.757s] [ 80%] [32m[1mLinking CXX executable test_constrained_smoother[0m
[32.403s] [ 80%] Built target test_constrained_smoother
[32.427s] [ 90%] [32mBuilding CXX object test/CMakeFiles/test_smoother_cost_function.dir/test_smoother_cost_function.cpp.o[0m
[38.017s] [100%] [32m[1mLinking CXX executable test_smoother_cost_function[0m
[38.339s] [100%] Built target test_smoother_cost_function
[38.348s] Invoked command in '/home/wb/ros_ws/build/nav2_constrained_smoother' returned '0': AMENT_PREFIX_PATH=/home/wb/ros_ws/install/nav2_core:/home/wb/ros_ws/install/nav2_costmap_2d:/home/wb/ros_ws/install/nav2_map_server:/home/wb/ros_ws/install/nav2_lifecycle_manager:/home/wb/ros_ws/install/nav2_util:/home/wb/ros_ws/install/nav2_voxel_grid:/home/wb/ros_ws/install/nav2_msgs:/home/wb/ros_ws/install/nav2_common:${AMENT_PREFIX_PATH} CMAKE_PREFIX_PATH=/home/wb/ros_ws/install/nav2_core:/home/wb/ros_ws/install/nav2_costmap_2d:/home/wb/ros_ws/install/nav2_map_server:/home/wb/ros_ws/install/nav2_lifecycle_manager:/home/wb/ros_ws/install/nav2_util:/home/wb/ros_ws/install/nav2_voxel_grid:/home/wb/ros_ws/install/nav2_msgs:/home/wb/ros_ws/install/nav2_common:/home/wb/ros_ws/install/simple_robot:/home/wb/ros_ws/install/my_robot_navigation:/home/wb/ros_ws/install/my_robot_simulation:/home/wb/ros_ws/install/my_robot_description:/opt/ros/humble LD_LIBRARY_PATH=/home/wb/ros_ws/install/nav2_costmap_2d/lib:/home/wb/ros_ws/install/nav2_map_server/lib:/home/wb/ros_ws/install/nav2_lifecycle_manager/lib:/home/wb/ros_ws/install/nav2_util/lib:/home/wb/ros_ws/install/nav2_voxel_grid/lib:/home/wb/ros_ws/install/nav2_msgs/lib:${LD_LIBRARY_PATH} PYTHONPATH=/home/wb/ros_ws/install/nav2_msgs/local/lib/python3.10/dist-packages:/home/wb/ros_ws/install/nav2_common/local/lib/python3.10/dist-packages:${PYTHONPATH} /usr/bin/cmake --build /home/wb/ros_ws/build/nav2_constrained_smoother -- -j4 -l4
[38.349s] Invoking command in '/home/wb/ros_ws/build/nav2_constrained_smoother': AMENT_PREFIX_PATH=/home/wb/ros_ws/install/nav2_core:/home/wb/ros_ws/install/nav2_costmap_2d:/home/wb/ros_ws/install/nav2_map_server:/home/wb/ros_ws/install/nav2_lifecycle_manager:/home/wb/ros_ws/install/nav2_util:/home/wb/ros_ws/install/nav2_voxel_grid:/home/wb/ros_ws/install/nav2_msgs:/home/wb/ros_ws/install/nav2_common:${AMENT_PREFIX_PATH} CMAKE_PREFIX_PATH=/home/wb/ros_ws/install/nav2_core:/home/wb/ros_ws/install/nav2_costmap_2d:/home/wb/ros_ws/install/nav2_map_server:/home/wb/ros_ws/install/nav2_lifecycle_manager:/home/wb/ros_ws/install/nav2_util:/home/wb/ros_ws/install/nav2_voxel_grid:/home/wb/ros_ws/install/nav2_msgs:/home/wb/ros_ws/install/nav2_common:/home/wb/ros_ws/install/simple_robot:/home/wb/ros_ws/install/my_robot_navigation:/home/wb/ros_ws/install/my_robot_simulation:/home/wb/ros_ws/install/my_robot_description:/opt/ros/humble LD_LIBRARY_PATH=/home/wb/ros_ws/install/nav2_costmap_2d/lib:/home/wb/ros_ws/install/nav2_map_server/lib:/home/wb/ros_ws/install/nav2_lifecycle_manager/lib:/home/wb/ros_ws/install/nav2_util/lib:/home/wb/ros_ws/install/nav2_voxel_grid/lib:/home/wb/ros_ws/install/nav2_msgs/lib:${LD_LIBRARY_PATH} PYTHONPATH=/home/wb/ros_ws/install/nav2_msgs/local/lib/python3.10/dist-packages:/home/wb/ros_ws/install/nav2_common/local/lib/python3.10/dist-packages:${PYTHONPATH} /usr/bin/cmake --install /home/wb/ros_ws/build/nav2_constrained_smoother
[38.357s] -- Install configuration: "Release"
[38.358s] -- Installing: /home/wb/ros_ws/install/nav2_constrained_smoother/lib/libnav2_constrained_smoother.so
[38.359s] -- Set runtime path of "/home/wb/ros_ws/install/nav2_constrained_smoother/lib/libnav2_constrained_smoother.so" to ""
[38.359s] -- Installing: /home/wb/ros_ws/install/nav2_constrained_smoother/include/
[38.359s] -- Installing: /home/wb/ros_ws/install/nav2_constrained_smoother/include//nav2_constrained_smoother
[38.359s] -- Installing: /home/wb/ros_ws/install/nav2_constrained_smoother/include//nav2_constrained_smoother/options.hpp
[38.359s] -- Installing: /home/wb/ros_ws/install/nav2_constrained_smoother/include//nav2_constrained_smoother/smoother_cost_function.hpp
[38.359s] -- Installing: /home/wb/ros_ws/install/nav2_constrained_smoother/include//nav2_constrained_smoother/constrained_smoother.hpp
[38.359s] -- Installing: /home/wb/ros_ws/install/nav2_constrained_smoother/include//nav2_constrained_smoother/utils.hpp
[38.359s] -- Installing: /home/wb/ros_ws/install/nav2_constrained_smoother/include//nav2_constrained_smoother/smoother.hpp
[38.359s] -- Installing: /home/wb/ros_ws/install/nav2_constrained_smoother/share/nav2_constrained_smoother/environment/library_path.sh
[38.359s] -- Installing: /home/wb/ros_ws/install/nav2_constrained_smoother/share/nav2_constrained_smoother/environment/library_path.dsv
[38.359s] -- Installing: /home/wb/ros_ws/install/nav2_constrained_smoother/share/nav2_constrained_smoother/nav2_constrained_smoother.xml
[38.359s] -- Installing: /home/wb/ros_ws/install/nav2_constrained_smoother/share/ament_index/resource_index/package_run_dependencies/nav2_constrained_smoother
[38.360s] -- Installing: /home/wb/ros_ws/install/nav2_constrained_smoother/share/ament_index/resource_index/parent_prefix_path/nav2_constrained_smoother
[38.360s] -- Installing: /home/wb/ros_ws/install/nav2_constrained_smoother/share/nav2_constrained_smoother/environment/ament_prefix_path.sh
[38.360s] -- Installing: /home/wb/ros_ws/install/nav2_constrained_smoother/share/nav2_constrained_smoother/environment/ament_prefix_path.dsv
[38.360s] -- Installing: /home/wb/ros_ws/install/nav2_constrained_smoother/share/nav2_constrained_smoother/environment/path.sh
[38.360s] -- Installing: /home/wb/ros_ws/install/nav2_constrained_smoother/share/nav2_constrained_smoother/environment/path.dsv
[38.360s] -- Installing: /home/wb/ros_ws/install/nav2_constrained_smoother/share/nav2_constrained_smoother/local_setup.bash
[38.360s] -- Installing: /home/wb/ros_ws/install/nav2_constrained_smoother/share/nav2_constrained_smoother/local_setup.sh
[38.360s] -- Installing: /home/wb/ros_ws/install/nav2_constrained_smoother/share/nav2_constrained_smoother/local_setup.zsh
[38.361s] -- Installing: /home/wb/ros_ws/install/nav2_constrained_smoother/share/nav2_constrained_smoother/local_setup.dsv
[38.361s] -- Installing: /home/wb/ros_ws/install/nav2_constrained_smoother/share/nav2_constrained_smoother/package.dsv
[38.361s] -- Installing: /home/wb/ros_ws/install/nav2_constrained_smoother/share/ament_index/resource_index/packages/nav2_constrained_smoother
[38.361s] -- Installing: /home/wb/ros_ws/install/nav2_constrained_smoother/share/ament_index/resource_index/nav2_core__pluginlib__plugin/nav2_constrained_smoother
[38.361s] -- Installing: /home/wb/ros_ws/install/nav2_constrained_smoother/share/nav2_constrained_smoother/cmake/ament_cmake_export_include_directories-extras.cmake
[38.361s] -- Installing: /home/wb/ros_ws/install/nav2_constrained_smoother/share/nav2_constrained_smoother/cmake/ament_cmake_export_libraries-extras.cmake
[38.361s] -- Installing: /home/wb/ros_ws/install/nav2_constrained_smoother/share/nav2_constrained_smoother/cmake/ament_cmake_export_dependencies-extras.cmake
[38.361s] -- Installing: /home/wb/ros_ws/install/nav2_constrained_smoother/share/nav2_constrained_smoother/cmake/nav2_constrained_smootherConfig.cmake
[38.361s] -- Installing: /home/wb/ros_ws/install/nav2_constrained_smoother/share/nav2_constrained_smoother/cmake/nav2_constrained_smootherConfig-version.cmake
[38.361s] -- Installing: /home/wb/ros_ws/install/nav2_constrained_smoother/share/nav2_constrained_smoother/package.xml
[38.368s] Invoked command in '/home/wb/ros_ws/build/nav2_constrained_smoother' returned '0': AMENT_PREFIX_PATH=/home/wb/ros_ws/install/nav2_core:/home/wb/ros_ws/install/nav2_costmap_2d:/home/wb/ros_ws/install/nav2_map_server:/home/wb/ros_ws/install/nav2_lifecycle_manager:/home/wb/ros_ws/install/nav2_util:/home/wb/ros_ws/install/nav2_voxel_grid:/home/wb/ros_ws/install/nav2_msgs:/home/wb/ros_ws/install/nav2_common:${AMENT_PREFIX_PATH} CMAKE_PREFIX_PATH=/home/wb/ros_ws/install/nav2_core:/home/wb/ros_ws/install/nav2_costmap_2d:/home/wb/ros_ws/install/nav2_map_server:/home/wb/ros_ws/install/nav2_lifecycle_manager:/home/wb/ros_ws/install/nav2_util:/home/wb/ros_ws/install/nav2_voxel_grid:/home/wb/ros_ws/install/nav2_msgs:/home/wb/ros_ws/install/nav2_common:/home/wb/ros_ws/install/simple_robot:/home/wb/ros_ws/install/my_robot_navigation:/home/wb/ros_ws/install/my_robot_simulation:/home/wb/ros_ws/install/my_robot_description:/opt/ros/humble LD_LIBRARY_PATH=/home/wb/ros_ws/install/nav2_costmap_2d/lib:/home/wb/ros_ws/install/nav2_map_server/lib:/home/wb/ros_ws/install/nav2_lifecycle_manager/lib:/home/wb/ros_ws/install/nav2_util/lib:/home/wb/ros_ws/install/nav2_voxel_grid/lib:/home/wb/ros_ws/install/nav2_msgs/lib:${LD_LIBRARY_PATH} PYTHONPATH=/home/wb/ros_ws/install/nav2_msgs/local/lib/python3.10/dist-packages:/home/wb/ros_ws/install/nav2_common/local/lib/python3.10/dist-packages:${PYTHONPATH} /usr/bin/cmake --install /home/wb/ros_ws/build/nav2_constrained_smoother
