[0.021s] Invoking command in '/home/wb/ros_ws/build/my_robot_simulation': CMAKE_PREFIX_PATH=${CMAKE_PREFIX_PATH}:/opt/ros/humble /usr/bin/cmake /home/wb/ros_ws/src/my_robot_simulation -DAMENT_CMAKE_SYMLINK_INSTALL=1 -DCMAKE_INSTALL_PREFIX=/home/wb/ros_ws/install/my_robot_simulation
[0.068s] -- Found ament_cmake: 1.3.11 (/opt/ros/humble/share/ament_cmake/cmake)
[0.203s] -- Override CMake install command with custom implementation using symlinks instead of copying resources
[0.236s] -- Found ament_lint_auto: 0.12.12 (/opt/ros/humble/share/ament_lint_auto/cmake)
[0.311s] -- Added test 'flake8' to check Python code syntax and style conventions
[0.312s] -- Added test 'lint_cmake' to check CMake code style
[0.312s] -- Added test 'pep257' to check Python code against some of the docstring style conventions in PEP 257
[0.314s] -- Added test 'xmllint' to check XML markup files
[0.319s] -- Configuring done
[0.328s] -- Generating done
[0.330s] -- Build files have been written to: /home/wb/ros_ws/build/my_robot_simulation
[0.334s] Invoked command in '/home/wb/ros_ws/build/my_robot_simulation' returned '0': CMAKE_PREFIX_PATH=${CMAKE_PREFIX_PATH}:/opt/ros/humble /usr/bin/cmake /home/wb/ros_ws/src/my_robot_simulation -DAMENT_CMAKE_SYMLINK_INSTALL=1 -DCMAKE_INSTALL_PREFIX=/home/wb/ros_ws/install/my_robot_simulation
[0.334s] Invoking command in '/home/wb/ros_ws/build/my_robot_simulation': CMAKE_PREFIX_PATH=${CMAKE_PREFIX_PATH}:/opt/ros/humble /usr/bin/cmake --build /home/wb/ros_ws/build/my_robot_simulation -- -j4 -l4
[0.370s] Invoked command in '/home/wb/ros_ws/build/my_robot_simulation' returned '0': CMAKE_PREFIX_PATH=${CMAKE_PREFIX_PATH}:/opt/ros/humble /usr/bin/cmake --build /home/wb/ros_ws/build/my_robot_simulation -- -j4 -l4
[0.380s] Invoking command in '/home/wb/ros_ws/build/my_robot_simulation': CMAKE_PREFIX_PATH=${CMAKE_PREFIX_PATH}:/opt/ros/humble /usr/bin/cmake --install /home/wb/ros_ws/build/my_robot_simulation
[0.387s] -- Install configuration: ""
[0.387s] -- Execute custom install script
[0.387s] -- Up-to-date symlink: /home/wb/ros_ws/install/my_robot_simulation/share/ament_index/resource_index/package_run_dependencies/my_robot_simulation
[0.389s] -- Up-to-date symlink: /home/wb/ros_ws/install/my_robot_simulation/share/ament_index/resource_index/parent_prefix_path/my_robot_simulation
[0.389s] -- Up-to-date symlink: /home/wb/ros_ws/install/my_robot_simulation/share/my_robot_simulation/environment/ament_prefix_path.sh
[0.389s] -- Up-to-date symlink: /home/wb/ros_ws/install/my_robot_simulation/share/my_robot_simulation/environment/ament_prefix_path.dsv
[0.390s] -- Up-to-date symlink: /home/wb/ros_ws/install/my_robot_simulation/share/my_robot_simulation/environment/path.sh
[0.390s] -- Up-to-date symlink: /home/wb/ros_ws/install/my_robot_simulation/share/my_robot_simulation/environment/path.dsv
[0.391s] -- Up-to-date symlink: /home/wb/ros_ws/install/my_robot_simulation/share/my_robot_simulation/local_setup.bash
[0.391s] -- Up-to-date symlink: /home/wb/ros_ws/install/my_robot_simulation/share/my_robot_simulation/local_setup.sh
[0.392s] -- Up-to-date symlink: /home/wb/ros_ws/install/my_robot_simulation/share/my_robot_simulation/local_setup.zsh
[0.392s] -- Up-to-date symlink: /home/wb/ros_ws/install/my_robot_simulation/share/my_robot_simulation/local_setup.dsv
[0.392s] -- Symlinking: /home/wb/ros_ws/install/my_robot_simulation/share/my_robot_simulation/package.dsv
[0.400s] -- Up-to-date symlink: /home/wb/ros_ws/install/my_robot_simulation/share/ament_index/resource_index/packages/my_robot_simulation
[0.401s] -- Up-to-date symlink: /home/wb/ros_ws/install/my_robot_simulation/share/my_robot_simulation/cmake/my_robot_simulationConfig.cmake
[0.402s] -- Up-to-date symlink: /home/wb/ros_ws/install/my_robot_simulation/share/my_robot_simulation/cmake/my_robot_simulationConfig-version.cmake
[0.402s] -- Up-to-date symlink: /home/wb/ros_ws/install/my_robot_simulation/share/my_robot_simulation/package.xml
[0.403s] -- Up-to-date symlink: /home/wb/ros_ws/install/my_robot_simulation/share/my_robot_simulation/launch/combined.launch.py
[0.403s] -- Up-to-date symlink: /home/wb/ros_ws/install/my_robot_simulation/share/my_robot_simulation/launch/my_hex_arena.launch.py
[0.404s] -- Up-to-date symlink: /home/wb/ros_ws/install/my_robot_simulation/share/my_robot_simulation/worlds/my_hex_arena.world
[0.406s] Invoked command in '/home/wb/ros_ws/build/my_robot_simulation' returned '0': CMAKE_PREFIX_PATH=${CMAKE_PREFIX_PATH}:/opt/ros/humble /usr/bin/cmake --install /home/wb/ros_ws/build/my_robot_simulation
