[0.033s] Invoking command in '/home/wb/ros_ws/build/nav2_common': CMAKE_PREFIX_PATH=${CMAKE_PREFIX_PATH}:/home/wb/ros_ws/install/nav2_simple_commander:/opt/ros/humble /usr/bin/cmake --build /home/wb/ros_ws/build/nav2_common -- -j4 -l4
[0.103s] Built target ament_cmake_python_symlink_nav2_common
[0.330s] running egg_info
[0.331s] writing nav2_common.egg-info/PKG-INFO
[0.331s] writing dependency_links to nav2_common.egg-info/dependency_links.txt
[0.331s] writing top-level names to nav2_common.egg-info/top_level.txt
[0.333s] reading manifest file 'nav2_common.egg-info/SOURCES.txt'
[0.334s] writing manifest file 'nav2_common.egg-info/SOURCES.txt'
[0.355s] Built target ament_cmake_python_build_nav2_common_egg
[0.366s] Invoked command in '/home/wb/ros_ws/build/nav2_common' returned '0': CMAKE_PREFIX_PATH=${CMAKE_PREFIX_PATH}:/home/wb/ros_ws/install/nav2_simple_commander:/opt/ros/humble /usr/bin/cmake --build /home/wb/ros_ws/build/nav2_common -- -j4 -l4
[0.368s] Invoking command in '/home/wb/ros_ws/build/nav2_common': CMAKE_PREFIX_PATH=${CMAKE_PREFIX_PATH}:/home/wb/ros_ws/install/nav2_simple_commander:/opt/ros/humble /usr/bin/cmake --install /home/wb/ros_ws/build/nav2_common
[0.377s] -- Install configuration: ""
[0.377s] -- Execute custom install script
[0.378s] -- Up-to-date symlink: /home/wb/ros_ws/install/nav2_common/share/nav2_common/environment/pythonpath.sh
[0.378s] -- Up-to-date symlink: /home/wb/ros_ws/install/nav2_common/share/nav2_common/environment/pythonpath.dsv
[0.378s] -- Up-to-date symlink: /home/wb/ros_ws/install/nav2_common/local/lib/python3.10/dist-packages/nav2_common-1.1.18-py3.10.egg-info/PKG-INFO
[0.379s] -- Up-to-date symlink: /home/wb/ros_ws/install/nav2_common/local/lib/python3.10/dist-packages/nav2_common-1.1.18-py3.10.egg-info/SOURCES.txt
[0.379s] -- Up-to-date symlink: /home/wb/ros_ws/install/nav2_common/local/lib/python3.10/dist-packages/nav2_common-1.1.18-py3.10.egg-info/dependency_links.txt
[0.380s] -- Up-to-date symlink: /home/wb/ros_ws/install/nav2_common/local/lib/python3.10/dist-packages/nav2_common-1.1.18-py3.10.egg-info/top_level.txt
[0.380s] -- Up-to-date symlink: /home/wb/ros_ws/install/nav2_common/local/lib/python3.10/dist-packages/nav2_common/__init__.py
[0.380s] -- Up-to-date symlink: /home/wb/ros_ws/install/nav2_common/local/lib/python3.10/dist-packages/nav2_common/launch/__init__.py
[0.380s] -- Up-to-date symlink: /home/wb/ros_ws/install/nav2_common/local/lib/python3.10/dist-packages/nav2_common/launch/has_node_params.py
[0.380s] -- Up-to-date symlink: /home/wb/ros_ws/install/nav2_common/local/lib/python3.10/dist-packages/nav2_common/launch/parse_multirobot_pose.py
[0.380s] -- Up-to-date symlink: /home/wb/ros_ws/install/nav2_common/local/lib/python3.10/dist-packages/nav2_common/launch/replace_string.py
[0.380s] -- Up-to-date symlink: /home/wb/ros_ws/install/nav2_common/local/lib/python3.10/dist-packages/nav2_common/launch/rewritten_yaml.py
[0.380s] -- Up-to-date symlink: /home/wb/ros_ws/install/nav2_common/share/ament_index/resource_index/package_run_dependencies/nav2_common
[0.380s] -- Up-to-date symlink: /home/wb/ros_ws/install/nav2_common/share/ament_index/resource_index/parent_prefix_path/nav2_common
[0.381s] -- Up-to-date symlink: /home/wb/ros_ws/install/nav2_common/share/nav2_common/environment/ament_prefix_path.sh
[0.381s] -- Up-to-date symlink: /home/wb/ros_ws/install/nav2_common/share/nav2_common/environment/ament_prefix_path.dsv
[0.381s] -- Up-to-date symlink: /home/wb/ros_ws/install/nav2_common/share/nav2_common/environment/path.sh
[0.381s] -- Up-to-date symlink: /home/wb/ros_ws/install/nav2_common/share/nav2_common/environment/path.dsv
[0.381s] -- Up-to-date symlink: /home/wb/ros_ws/install/nav2_common/share/nav2_common/local_setup.bash
[0.381s] -- Up-to-date symlink: /home/wb/ros_ws/install/nav2_common/share/nav2_common/local_setup.sh
[0.381s] -- Up-to-date symlink: /home/wb/ros_ws/install/nav2_common/share/nav2_common/local_setup.zsh
[0.381s] -- Up-to-date symlink: /home/wb/ros_ws/install/nav2_common/share/nav2_common/local_setup.dsv
[0.381s] -- Symlinking: /home/wb/ros_ws/install/nav2_common/share/nav2_common/package.dsv
[0.391s] -- Up-to-date symlink: /home/wb/ros_ws/install/nav2_common/share/ament_index/resource_index/packages/nav2_common
[0.392s] -- Up-to-date symlink: /home/wb/ros_ws/install/nav2_common/share/nav2_common/cmake/nav2_common-extras.cmake
[0.392s] -- Up-to-date symlink: /home/wb/ros_ws/install/nav2_common/share/nav2_common/cmake/nav2_commonConfig.cmake
[0.392s] -- Up-to-date symlink: /home/wb/ros_ws/install/nav2_common/share/nav2_common/cmake/nav2_commonConfig-version.cmake
[0.392s] -- Up-to-date symlink: /home/wb/ros_ws/install/nav2_common/share/nav2_common/package.xml
[0.392s] -- Up-to-date symlink: /home/wb/ros_ws/install/nav2_common/share/nav2_common/cmake/nav2_package.cmake
[0.418s] Listing '/home/wb/ros_ws/install/nav2_common/local/lib/python3.10/dist-packages/nav2_common'...
[0.418s] Listing '/home/wb/ros_ws/install/nav2_common/local/lib/python3.10/dist-packages/nav2_common/launch'...
[0.426s] Invoked command in '/home/wb/ros_ws/build/nav2_common' returned '0': CMAKE_PREFIX_PATH=${CMAKE_PREFIX_PATH}:/home/wb/ros_ws/install/nav2_simple_commander:/opt/ros/humble /usr/bin/cmake --install /home/wb/ros_ws/build/nav2_common
