[0.610s] Invoking command in '/home/wb/ros_ws/build/nav2_simple_commander': CMAKE_PREFIX_PATH=/home/wb/ros_ws/install/nav2_msgs:/home/wb/ros_ws/install/nav2_common:/home/wb/ros_ws/install/simple_robot:/home/wb/ros_ws/install/nav2_system_tests:/home/wb/ros_ws/install/my_robot_navigation:/home/wb/ros_ws/install/nav2_bringup:/home/wb/ros_ws/install/navigation2:/home/wb/ros_ws/install/nav2_smoother:/home/wb/ros_ws/install/nav2_rotation_shim_controller:/home/wb/ros_ws/install/nav2_graceful_controller:/home/wb/ros_ws/install/nav2_dwb_controller:/home/wb/ros_ws/install/nav2_controller:/home/wb/ros_ws/install/dwb_plugins:/home/wb/ros_ws/install/dwb_critics:/home/wb/ros_ws/install/dwb_core:/home/wb/ros_ws/install/nav_2d_utils:/home/wb/ros_ws/install/dwb_msgs:/home/wb/ros_ws/install/nav_2d_msgs:/home/wb/ros_ws/install/nav2_waypoint_follower:/home/wb/ros_ws/install/nav2_theta_star_planner:/home/wb/ros_ws/install/nav2_smac_planner:/home/wb/ros_ws/install/nav2_regulated_pure_pursuit_controller:/home/wb/ros_ws/install/nav2_planner:/home/wb/ros_ws/install/nav2_navfn_planner:/home/wb/ros_ws/install/nav2_mppi_controller:/home/wb/ros_ws/install/nav2_constrained_smoother:/home/wb/ros_ws/install/nav2_bt_navigator:/home/wb/ros_ws/install/nav2_behaviors:/home/wb/ros_ws/install/nav2_core:/home/wb/ros_ws/install/nav2_collision_monitor:/home/wb/ros_ws/install/costmap_queue:/home/wb/ros_ws/install/nav2_costmap_2d:/home/wb/ros_ws/install/nav2_voxel_grid:/home/wb/ros_ws/install/nav2_velocity_smoother:/home/wb/ros_ws/install/nav2_rviz_plugins:/home/wb/ros_ws/install/nav2_map_server:/home/wb/ros_ws/install/nav2_lifecycle_manager:/home/wb/ros_ws/install/nav2_behavior_tree:/home/wb/ros_ws/install/nav2_amcl:/home/wb/ros_ws/install/nav2_util:/home/wb/ros_ws/install/my_robot_simulation:/home/wb/ros_ws/install/my_robot_description LD_LIBRARY_PATH=/home/wb/ros_ws/install/nav2_msgs/lib:/opt/ros/humble/lib:/home/wb/ros_ws/install/nav2_smoother/lib:/home/wb/ros_ws/install/nav2_rotation_shim_controller/lib:/home/wb/ros_ws/install/nav2_graceful_controller/lib:/home/wb/ros_ws/install/nav2_controller/lib:/home/wb/ros_ws/install/dwb_plugins/lib:/home/wb/ros_ws/install/dwb_critics/lib:/home/wb/ros_ws/install/dwb_core/lib:/home/wb/ros_ws/install/nav_2d_utils/lib:/home/wb/ros_ws/install/dwb_msgs/lib:/home/wb/ros_ws/install/nav_2d_msgs/lib:/home/wb/ros_ws/install/nav2_waypoint_follower/lib:/home/wb/ros_ws/install/nav2_theta_star_planner/lib:/home/wb/ros_ws/install/nav2_smac_planner/lib:/home/wb/ros_ws/install/nav2_regulated_pure_pursuit_controller/lib:/home/wb/ros_ws/install/nav2_planner/lib:/home/wb/ros_ws/install/nav2_navfn_planner/lib:/home/wb/ros_ws/install/nav2_mppi_controller/lib:/home/wb/ros_ws/install/nav2_constrained_smoother/lib:/home/wb/ros_ws/install/nav2_bt_navigator/lib:/home/wb/ros_ws/install/nav2_behaviors/lib:/home/wb/ros_ws/install/nav2_collision_monitor/lib:/home/wb/ros_ws/install/costmap_queue/lib:/home/wb/ros_ws/install/nav2_costmap_2d/lib:/home/wb/ros_ws/install/nav2_voxel_grid/lib:/home/wb/ros_ws/install/nav2_velocity_smoother/lib:/home/wb/ros_ws/install/nav2_rviz_plugins/lib:/home/wb/ros_ws/install/nav2_map_server/lib:/home/wb/ros_ws/install/nav2_lifecycle_manager/lib:/home/wb/ros_ws/install/nav2_behavior_tree/lib:/home/wb/ros_ws/install/nav2_amcl/lib:/home/wb/ros_ws/install/nav2_util/lib:/usr/lib/x86_64-linux-gnu/gazebo-11/plugins:/opt/ros/humble/opt/rviz_ogre_vendor/lib:/opt/ros/humble/lib/x86_64-linux-gnu:/opt/ros/humble/lib PYTHONPATH=/home/wb/ros_ws/build/nav2_simple_commander/prefix_override:/usr/lib/python3/dist-packages/colcon_core/task/python/colcon_distutils_commands:/home/wb/ros_ws/install/nav2_simple_commander/lib/python3.10/site-packages:${PYTHONPATH} /usr/bin/python3 -W ignore:setup.py install is deprecated -W ignore:easy_install command is deprecated setup.py develop --editable --build-directory /home/wb/ros_ws/build/nav2_simple_commander/build --no-deps symlink_data
[0.787s] running develop
[0.890s] running egg_info
[0.890s] creating nav2_simple_commander.egg-info
[0.890s] writing nav2_simple_commander.egg-info/PKG-INFO
[0.890s] writing dependency_links to nav2_simple_commander.egg-info/dependency_links.txt
[0.890s] writing entry points to nav2_simple_commander.egg-info/entry_points.txt
[0.890s] writing requirements to nav2_simple_commander.egg-info/requires.txt
[0.890s] writing top-level names to nav2_simple_commander.egg-info/top_level.txt
[0.890s] writing manifest file 'nav2_simple_commander.egg-info/SOURCES.txt'
[0.890s] reading manifest file 'nav2_simple_commander.egg-info/SOURCES.txt'
[0.891s] writing manifest file 'nav2_simple_commander.egg-info/SOURCES.txt'
[0.892s] running build_ext
[0.892s] Creating /home/wb/ros_ws/install/nav2_simple_commander/lib/python3.10/site-packages/nav2-simple-commander.egg-link (link to .)
[0.893s] Installing demo_inspection script to /home/wb/ros_ws/install/nav2_simple_commander/lib/nav2_simple_commander
[0.893s] Installing demo_picking script to /home/wb/ros_ws/install/nav2_simple_commander/lib/nav2_simple_commander
[0.893s] Installing demo_recoveries script to /home/wb/ros_ws/install/nav2_simple_commander/lib/nav2_simple_commander
[0.894s] Installing demo_security script to /home/wb/ros_ws/install/nav2_simple_commander/lib/nav2_simple_commander
[0.894s] Installing example_assisted_teleop script to /home/wb/ros_ws/install/nav2_simple_commander/lib/nav2_simple_commander
[0.894s] Installing example_follow_path script to /home/wb/ros_ws/install/nav2_simple_commander/lib/nav2_simple_commander
[0.894s] Installing example_nav_through_poses script to /home/wb/ros_ws/install/nav2_simple_commander/lib/nav2_simple_commander
[0.894s] Installing example_nav_to_pose script to /home/wb/ros_ws/install/nav2_simple_commander/lib/nav2_simple_commander
[0.894s] Installing example_waypoint_follower script to /home/wb/ros_ws/install/nav2_simple_commander/lib/nav2_simple_commander
[0.894s] 
[0.894s] Installed /home/wb/ros_ws/build/nav2_simple_commander
[0.894s] running symlink_data
[0.894s] creating /home/wb/ros_ws/install/nav2_simple_commander/share/ament_index
[0.894s] creating /home/wb/ros_ws/install/nav2_simple_commander/share/ament_index/resource_index
[0.894s] creating /home/wb/ros_ws/install/nav2_simple_commander/share/ament_index/resource_index/packages
[0.894s] symbolically linking /home/wb/ros_ws/build/nav2_simple_commander/resource/nav2_simple_commander -> /home/wb/ros_ws/install/nav2_simple_commander/share/ament_index/resource_index/packages
[0.894s] symbolically linking /home/wb/ros_ws/build/nav2_simple_commander/package.xml -> /home/wb/ros_ws/install/nav2_simple_commander/share/nav2_simple_commander
[0.894s] symbolically linking /home/wb/ros_ws/build/nav2_simple_commander/launch/follow_path_example_launch.py -> /home/wb/ros_ws/install/nav2_simple_commander/share/nav2_simple_commander
[0.894s] symbolically linking /home/wb/ros_ws/build/nav2_simple_commander/launch/waypoint_follower_example_launch.py -> /home/wb/ros_ws/install/nav2_simple_commander/share/nav2_simple_commander
[0.894s] symbolically linking /home/wb/ros_ws/build/nav2_simple_commander/launch/nav_to_pose_example_launch.py -> /home/wb/ros_ws/install/nav2_simple_commander/share/nav2_simple_commander
[0.894s] symbolically linking /home/wb/ros_ws/build/nav2_simple_commander/launch/security_demo_launch.py -> /home/wb/ros_ws/install/nav2_simple_commander/share/nav2_simple_commander
[0.894s] symbolically linking /home/wb/ros_ws/build/nav2_simple_commander/launch/nav_through_poses_example_launch.py -> /home/wb/ros_ws/install/nav2_simple_commander/share/nav2_simple_commander
[0.894s] symbolically linking /home/wb/ros_ws/build/nav2_simple_commander/launch/assisted_teleop_example_launch.py -> /home/wb/ros_ws/install/nav2_simple_commander/share/nav2_simple_commander
[0.895s] symbolically linking /home/wb/ros_ws/build/nav2_simple_commander/launch/inspection_demo_launch.py -> /home/wb/ros_ws/install/nav2_simple_commander/share/nav2_simple_commander
[0.895s] symbolically linking /home/wb/ros_ws/build/nav2_simple_commander/launch/recoveries_example_launch.py -> /home/wb/ros_ws/install/nav2_simple_commander/share/nav2_simple_commander
[0.895s] symbolically linking /home/wb/ros_ws/build/nav2_simple_commander/launch/picking_demo_launch.py -> /home/wb/ros_ws/install/nav2_simple_commander/share/nav2_simple_commander
[0.895s] symbolically linking /home/wb/ros_ws/build/nav2_simple_commander/launch/warehouse.world -> /home/wb/ros_ws/install/nav2_simple_commander/share/nav2_simple_commander
[0.911s] Invoked command in '/home/wb/ros_ws/build/nav2_simple_commander' returned '0': CMAKE_PREFIX_PATH=/home/wb/ros_ws/install/nav2_msgs:/home/wb/ros_ws/install/nav2_common:/home/wb/ros_ws/install/simple_robot:/home/wb/ros_ws/install/nav2_system_tests:/home/wb/ros_ws/install/my_robot_navigation:/home/wb/ros_ws/install/nav2_bringup:/home/wb/ros_ws/install/navigation2:/home/wb/ros_ws/install/nav2_smoother:/home/wb/ros_ws/install/nav2_rotation_shim_controller:/home/wb/ros_ws/install/nav2_graceful_controller:/home/wb/ros_ws/install/nav2_dwb_controller:/home/wb/ros_ws/install/nav2_controller:/home/wb/ros_ws/install/dwb_plugins:/home/wb/ros_ws/install/dwb_critics:/home/wb/ros_ws/install/dwb_core:/home/wb/ros_ws/install/nav_2d_utils:/home/wb/ros_ws/install/dwb_msgs:/home/wb/ros_ws/install/nav_2d_msgs:/home/wb/ros_ws/install/nav2_waypoint_follower:/home/wb/ros_ws/install/nav2_theta_star_planner:/home/wb/ros_ws/install/nav2_smac_planner:/home/wb/ros_ws/install/nav2_regulated_pure_pursuit_controller:/home/wb/ros_ws/install/nav2_planner:/home/wb/ros_ws/install/nav2_navfn_planner:/home/wb/ros_ws/install/nav2_mppi_controller:/home/wb/ros_ws/install/nav2_constrained_smoother:/home/wb/ros_ws/install/nav2_bt_navigator:/home/wb/ros_ws/install/nav2_behaviors:/home/wb/ros_ws/install/nav2_core:/home/wb/ros_ws/install/nav2_collision_monitor:/home/wb/ros_ws/install/costmap_queue:/home/wb/ros_ws/install/nav2_costmap_2d:/home/wb/ros_ws/install/nav2_voxel_grid:/home/wb/ros_ws/install/nav2_velocity_smoother:/home/wb/ros_ws/install/nav2_rviz_plugins:/home/wb/ros_ws/install/nav2_map_server:/home/wb/ros_ws/install/nav2_lifecycle_manager:/home/wb/ros_ws/install/nav2_behavior_tree:/home/wb/ros_ws/install/nav2_amcl:/home/wb/ros_ws/install/nav2_util:/home/wb/ros_ws/install/my_robot_simulation:/home/wb/ros_ws/install/my_robot_description LD_LIBRARY_PATH=/home/wb/ros_ws/install/nav2_msgs/lib:/opt/ros/humble/lib:/home/wb/ros_ws/install/nav2_smoother/lib:/home/wb/ros_ws/install/nav2_rotation_shim_controller/lib:/home/wb/ros_ws/install/nav2_graceful_controller/lib:/home/wb/ros_ws/install/nav2_controller/lib:/home/wb/ros_ws/install/dwb_plugins/lib:/home/wb/ros_ws/install/dwb_critics/lib:/home/wb/ros_ws/install/dwb_core/lib:/home/wb/ros_ws/install/nav_2d_utils/lib:/home/wb/ros_ws/install/dwb_msgs/lib:/home/wb/ros_ws/install/nav_2d_msgs/lib:/home/wb/ros_ws/install/nav2_waypoint_follower/lib:/home/wb/ros_ws/install/nav2_theta_star_planner/lib:/home/wb/ros_ws/install/nav2_smac_planner/lib:/home/wb/ros_ws/install/nav2_regulated_pure_pursuit_controller/lib:/home/wb/ros_ws/install/nav2_planner/lib:/home/wb/ros_ws/install/nav2_navfn_planner/lib:/home/wb/ros_ws/install/nav2_mppi_controller/lib:/home/wb/ros_ws/install/nav2_constrained_smoother/lib:/home/wb/ros_ws/install/nav2_bt_navigator/lib:/home/wb/ros_ws/install/nav2_behaviors/lib:/home/wb/ros_ws/install/nav2_collision_monitor/lib:/home/wb/ros_ws/install/costmap_queue/lib:/home/wb/ros_ws/install/nav2_costmap_2d/lib:/home/wb/ros_ws/install/nav2_voxel_grid/lib:/home/wb/ros_ws/install/nav2_velocity_smoother/lib:/home/wb/ros_ws/install/nav2_rviz_plugins/lib:/home/wb/ros_ws/install/nav2_map_server/lib:/home/wb/ros_ws/install/nav2_lifecycle_manager/lib:/home/wb/ros_ws/install/nav2_behavior_tree/lib:/home/wb/ros_ws/install/nav2_amcl/lib:/home/wb/ros_ws/install/nav2_util/lib:/usr/lib/x86_64-linux-gnu/gazebo-11/plugins:/opt/ros/humble/opt/rviz_ogre_vendor/lib:/opt/ros/humble/lib/x86_64-linux-gnu:/opt/ros/humble/lib PYTHONPATH=/home/wb/ros_ws/build/nav2_simple_commander/prefix_override:/usr/lib/python3/dist-packages/colcon_core/task/python/colcon_distutils_commands:/home/wb/ros_ws/install/nav2_simple_commander/lib/python3.10/site-packages:${PYTHONPATH} /usr/bin/python3 -W ignore:setup.py install is deprecated -W ignore:easy_install command is deprecated setup.py develop --editable --build-directory /home/wb/ros_ws/build/nav2_simple_commander/build --no-deps symlink_data
