[0.015s] Invoking command in '/home/wb/ros_ws/build/dwb_msgs': AMENT_PREFIX_PATH=/home/wb/ros_ws/install/nav_2d_msgs:${AMENT_PREFIX_PATH} CMAKE_PREFIX_PATH=/home/wb/ros_ws/install/nav_2d_msgs:/home/wb/ros_ws/install/simple_robot:/home/wb/ros_ws/install/my_robot_navigation:/home/wb/ros_ws/install/my_robot_simulation:/home/wb/ros_ws/install/my_robot_description:/opt/ros/humble LD_LIBRARY_PATH=/home/wb/ros_ws/install/nav_2d_msgs/lib:${LD_LIBRARY_PATH} PYTHONPATH=/home/wb/ros_ws/install/nav_2d_msgs/local/lib/python3.10/dist-packages:${PYTHONPATH} /usr/bin/cmake /home/wb/ros_ws/src/navigation2/nav2_dwb_controller/dwb_msgs -DCMAKE_INSTALL_PREFIX=/home/wb/ros_ws/install/dwb_msgs
[0.069s] -- The C compiler identification is GNU 11.4.0
[0.119s] -- The CXX compiler identification is GNU 11.4.0
[0.133s] -- Detecting C compiler ABI info
[0.281s] -- Detecting C compiler ABI info - done
[0.294s] -- Check for working C compiler: /usr/bin/cc - skipped
[0.294s] -- Detecting C compile features
[0.294s] -- Detecting C compile features - done
[0.297s] -- Detecting CXX compiler ABI info
[0.430s] -- Detecting CXX compiler ABI info - done
[0.431s] -- Check for working CXX compiler: /usr/bin/c++ - skipped
[0.431s] -- Detecting CXX compile features
[0.434s] -- Detecting CXX compile features - done
[0.436s] -- Found builtin_interfaces: 1.2.1 (/opt/ros/humble/share/builtin_interfaces/cmake)
[0.662s] -- Found Python3: /usr/bin/python3 (found version "3.10.12") found components: Interpreter 
[0.825s] -- Found rosidl_generator_c: 3.1.6 (/opt/ros/humble/share/rosidl_generator_c/cmake)
[0.837s] -- Found rosidl_adapter: 3.1.6 (/opt/ros/humble/share/rosidl_adapter/cmake)
[0.849s] -- Found rosidl_generator_cpp: 3.1.6 (/opt/ros/humble/share/rosidl_generator_cpp/cmake)
[0.871s] -- Using all available rosidl_typesupport_c: rosidl_typesupport_fastrtps_c;rosidl_typesupport_introspection_c
[0.899s] -- Using all available rosidl_typesupport_cpp: rosidl_typesupport_fastrtps_cpp;rosidl_typesupport_introspection_cpp
[0.909s] -- Found geometry_msgs: 4.8.0 (/opt/ros/humble/share/geometry_msgs/cmake)
[0.932s] -- Found nav_2d_msgs: 1.1.18 (/home/wb/ros_ws/install/nav_2d_msgs/share/nav_2d_msgs/cmake)
[0.940s] -- Found nav_msgs: 4.8.0 (/opt/ros/humble/share/nav_msgs/cmake)
[0.951s] -- Found rosidl_default_generators: 1.2.0 (/opt/ros/humble/share/rosidl_default_generators/cmake)
[1.215s] -- Found ament_cmake_ros: 0.10.0 (/opt/ros/humble/share/ament_cmake_ros/cmake)
[1.917s] -- Using all available rosidl_typesupport_c: rosidl_typesupport_fastrtps_c;rosidl_typesupport_introspection_c
[2.167s] -- Using all available rosidl_typesupport_cpp: rosidl_typesupport_fastrtps_cpp;rosidl_typesupport_introspection_cpp
[2.206s] -- Found PythonInterp: /usr/bin/python3 (found suitable version "3.10.12", minimum required is "3.6") 
[2.211s] -- Found python_cmake_module: 0.10.0 (/opt/ros/humble/share/python_cmake_module/cmake)
[2.250s] -- Found PythonLibs: /usr/lib/x86_64-linux-gnu/libpython3.10.so (found suitable version "3.10.12", minimum required is "3.5") 
[2.255s] -- Using PYTHON_EXECUTABLE: /usr/bin/python3
[2.255s] -- Using PYTHON_INCLUDE_DIRS: /usr/include/python3.10
[2.255s] -- Using PYTHON_LIBRARIES: /usr/lib/x86_64-linux-gnu/libpython3.10.so
[2.290s] -- Found PythonExtra: .so  
[2.411s] -- Configuring done
[2.500s] -- Generating done
[2.522s] -- Build files have been written to: /home/wb/ros_ws/build/dwb_msgs
[2.538s] Invoked command in '/home/wb/ros_ws/build/dwb_msgs' returned '0': AMENT_PREFIX_PATH=/home/wb/ros_ws/install/nav_2d_msgs:${AMENT_PREFIX_PATH} CMAKE_PREFIX_PATH=/home/wb/ros_ws/install/nav_2d_msgs:/home/wb/ros_ws/install/simple_robot:/home/wb/ros_ws/install/my_robot_navigation:/home/wb/ros_ws/install/my_robot_simulation:/home/wb/ros_ws/install/my_robot_description:/opt/ros/humble LD_LIBRARY_PATH=/home/wb/ros_ws/install/nav_2d_msgs/lib:${LD_LIBRARY_PATH} PYTHONPATH=/home/wb/ros_ws/install/nav_2d_msgs/local/lib/python3.10/dist-packages:${PYTHONPATH} /usr/bin/cmake /home/wb/ros_ws/src/navigation2/nav2_dwb_controller/dwb_msgs -DCMAKE_INSTALL_PREFIX=/home/wb/ros_ws/install/dwb_msgs
[2.539s] Invoking command in '/home/wb/ros_ws/build/dwb_msgs': AMENT_PREFIX_PATH=/home/wb/ros_ws/install/nav_2d_msgs:${AMENT_PREFIX_PATH} CMAKE_PREFIX_PATH=/home/wb/ros_ws/install/nav_2d_msgs:/home/wb/ros_ws/install/simple_robot:/home/wb/ros_ws/install/my_robot_navigation:/home/wb/ros_ws/install/my_robot_simulation:/home/wb/ros_ws/install/my_robot_description:/opt/ros/humble LD_LIBRARY_PATH=/home/wb/ros_ws/install/nav_2d_msgs/lib:${LD_LIBRARY_PATH} PYTHONPATH=/home/wb/ros_ws/install/nav_2d_msgs/local/lib/python3.10/dist-packages:${PYTHONPATH} /usr/bin/cmake --build /home/wb/ros_ws/build/dwb_msgs -- -j4 -l4
[2.602s] [  1%] [34m[1mGenerating C code for ROS interfaces[0m
[2.611s] [  2%] [34m[1mGenerating C++ code for ROS interfaces[0m
[2.648s] [  2%] Built target ament_cmake_python_copy_dwb_msgs
[2.968s] running egg_info
[2.968s] creating dwb_msgs.egg-info
[2.968s] writing dwb_msgs.egg-info/PKG-INFO
[2.968s] writing dependency_links to dwb_msgs.egg-info/dependency_links.txt
[2.968s] writing top-level names to dwb_msgs.egg-info/top_level.txt
[2.968s] writing manifest file 'dwb_msgs.egg-info/SOURCES.txt'
[2.968s] reading manifest file 'dwb_msgs.egg-info/SOURCES.txt'
[2.969s] writing manifest file 'dwb_msgs.egg-info/SOURCES.txt'
[3.009s] [  2%] Built target ament_cmake_python_build_dwb_msgs_egg
[3.951s] [  3%] [32mBuilding C object CMakeFiles/dwb_msgs__rosidl_generator_c.dir/rosidl_generator_c/dwb_msgs/msg/detail/critic_score__functions.c.o[0m
[3.981s] [  4%] [32mBuilding C object CMakeFiles/dwb_msgs__rosidl_generator_c.dir/rosidl_generator_c/dwb_msgs/msg/detail/local_plan_evaluation__functions.c.o[0m
[4.046s] [  5%] [32mBuilding C object CMakeFiles/dwb_msgs__rosidl_generator_c.dir/rosidl_generator_c/dwb_msgs/msg/detail/trajectory2_d__functions.c.o[0m
[4.081s] [  6%] [32mBuilding C object CMakeFiles/dwb_msgs__rosidl_generator_c.dir/rosidl_generator_c/dwb_msgs/msg/detail/trajectory_score__functions.c.o[0m
[4.112s] [  7%] [32mBuilding C object CMakeFiles/dwb_msgs__rosidl_generator_c.dir/rosidl_generator_c/dwb_msgs/srv/detail/debug_local_plan__functions.c.o[0m
[4.154s] [  8%] [32mBuilding C object CMakeFiles/dwb_msgs__rosidl_generator_c.dir/rosidl_generator_c/dwb_msgs/srv/detail/generate_trajectory__functions.c.o[0m
[4.205s] [  9%] [32mBuilding C object CMakeFiles/dwb_msgs__rosidl_generator_c.dir/rosidl_generator_c/dwb_msgs/srv/detail/generate_twists__functions.c.o[0m
[4.272s] [ 10%] [32mBuilding C object CMakeFiles/dwb_msgs__rosidl_generator_c.dir/rosidl_generator_c/dwb_msgs/srv/detail/score_trajectory__functions.c.o[0m
[4.280s] [ 10%] Built target dwb_msgs__cpp
[4.281s] [ 11%] [32mBuilding C object CMakeFiles/dwb_msgs__rosidl_generator_c.dir/rosidl_generator_c/dwb_msgs/srv/detail/get_critic_score__functions.c.o[0m
[4.316s] [ 12%] [34m[1mGenerating C++ type support dispatch for ROS interfaces[0m
[4.331s] [ 13%] [34m[1mGenerating C++ type support for eProsima Fast-RTPS[0m
[4.412s] [ 14%] [32m[1mLinking C shared library libdwb_msgs__rosidl_generator_c.so[0m
[4.417s] [ 15%] [34m[1mGenerating C++ introspection for ROS interfaces[0m
[4.527s] [ 15%] Built target dwb_msgs__rosidl_generator_c
[4.551s] [ 16%] [34m[1mGenerating C type support for eProsima Fast-RTPS[0m
[5.526s] [ 17%] [32mBuilding CXX object CMakeFiles/dwb_msgs__rosidl_typesupport_cpp.dir/rosidl_typesupport_cpp/dwb_msgs/msg/critic_score__type_support.cpp.o[0m
[5.812s] [ 18%] [32mBuilding CXX object CMakeFiles/dwb_msgs__rosidl_typesupport_introspection_cpp.dir/rosidl_typesupport_introspection_cpp/dwb_msgs/msg/detail/critic_score__type_support.cpp.o[0m
[5.898s] [ 20%] [32mBuilding CXX object CMakeFiles/dwb_msgs__rosidl_typesupport_fastrtps_cpp.dir/rosidl_typesupport_fastrtps_cpp/dwb_msgs/msg/detail/dds_fastrtps/critic_score__type_support.cpp.o[0m
[5.915s] [ 21%] [32mBuilding CXX object CMakeFiles/dwb_msgs__rosidl_typesupport_cpp.dir/rosidl_typesupport_cpp/dwb_msgs/msg/local_plan_evaluation__type_support.cpp.o[0m
[6.069s] [ 22%] [32mBuilding CXX object CMakeFiles/dwb_msgs__rosidl_typesupport_fastrtps_c.dir/rosidl_typesupport_fastrtps_c/dwb_msgs/msg/detail/critic_score__type_support_c.cpp.o[0m
[6.524s] [ 23%] [32mBuilding CXX object CMakeFiles/dwb_msgs__rosidl_typesupport_cpp.dir/rosidl_typesupport_cpp/dwb_msgs/msg/trajectory2_d__type_support.cpp.o[0m
[6.594s] [ 24%] [32mBuilding CXX object CMakeFiles/dwb_msgs__rosidl_typesupport_introspection_cpp.dir/rosidl_typesupport_introspection_cpp/dwb_msgs/msg/detail/local_plan_evaluation__type_support.cpp.o[0m
[6.827s] [ 25%] [32mBuilding CXX object CMakeFiles/dwb_msgs__rosidl_typesupport_fastrtps_cpp.dir/rosidl_typesupport_fastrtps_cpp/dwb_msgs/msg/detail/dds_fastrtps/local_plan_evaluation__type_support.cpp.o[0m
[6.853s] [ 26%] [32mBuilding CXX object CMakeFiles/dwb_msgs__rosidl_typesupport_fastrtps_c.dir/rosidl_typesupport_fastrtps_c/dwb_msgs/msg/detail/local_plan_evaluation__type_support_c.cpp.o[0m
[6.967s] [ 27%] [32mBuilding CXX object CMakeFiles/dwb_msgs__rosidl_typesupport_cpp.dir/rosidl_typesupport_cpp/dwb_msgs/msg/trajectory_score__type_support.cpp.o[0m
[7.488s] [ 28%] [32mBuilding CXX object CMakeFiles/dwb_msgs__rosidl_typesupport_cpp.dir/rosidl_typesupport_cpp/dwb_msgs/srv/debug_local_plan__type_support.cpp.o[0m
[7.595s] [ 29%] [32mBuilding CXX object CMakeFiles/dwb_msgs__rosidl_typesupport_fastrtps_c.dir/rosidl_typesupport_fastrtps_c/dwb_msgs/msg/detail/trajectory2_d__type_support_c.cpp.o[0m
[7.745s] [ 30%] [32mBuilding CXX object CMakeFiles/dwb_msgs__rosidl_typesupport_fastrtps_cpp.dir/rosidl_typesupport_fastrtps_cpp/dwb_msgs/msg/detail/dds_fastrtps/trajectory2_d__type_support.cpp.o[0m
[8.066s] [ 31%] [32mBuilding CXX object CMakeFiles/dwb_msgs__rosidl_typesupport_introspection_cpp.dir/rosidl_typesupport_introspection_cpp/dwb_msgs/msg/detail/trajectory2_d__type_support.cpp.o[0m
[8.084s] [ 32%] [32mBuilding CXX object CMakeFiles/dwb_msgs__rosidl_typesupport_cpp.dir/rosidl_typesupport_cpp/dwb_msgs/srv/generate_trajectory__type_support.cpp.o[0m
[8.363s] [ 33%] [32mBuilding CXX object CMakeFiles/dwb_msgs__rosidl_typesupport_fastrtps_cpp.dir/rosidl_typesupport_fastrtps_cpp/dwb_msgs/msg/detail/dds_fastrtps/trajectory_score__type_support.cpp.o[0m
[8.366s] [ 34%] [32mBuilding CXX object CMakeFiles/dwb_msgs__rosidl_typesupport_fastrtps_c.dir/rosidl_typesupport_fastrtps_c/dwb_msgs/msg/detail/trajectory_score__type_support_c.cpp.o[0m
[8.401s] [ 35%] [32mBuilding CXX object CMakeFiles/dwb_msgs__rosidl_typesupport_cpp.dir/rosidl_typesupport_cpp/dwb_msgs/srv/generate_twists__type_support.cpp.o[0m
[8.864s] [ 36%] [32mBuilding CXX object CMakeFiles/dwb_msgs__rosidl_typesupport_cpp.dir/rosidl_typesupport_cpp/dwb_msgs/srv/get_critic_score__type_support.cpp.o[0m
[9.067s] [ 37%] [32mBuilding CXX object CMakeFiles/dwb_msgs__rosidl_typesupport_introspection_cpp.dir/rosidl_typesupport_introspection_cpp/dwb_msgs/msg/detail/trajectory_score__type_support.cpp.o[0m
[9.265s] [ 38%] [32mBuilding CXX object CMakeFiles/dwb_msgs__rosidl_typesupport_fastrtps_c.dir/rosidl_typesupport_fastrtps_c/dwb_msgs/srv/detail/debug_local_plan__type_support_c.cpp.o[0m
[9.595s] [ 40%] [32mBuilding CXX object CMakeFiles/dwb_msgs__rosidl_typesupport_cpp.dir/rosidl_typesupport_cpp/dwb_msgs/srv/score_trajectory__type_support.cpp.o[0m
[9.622s] [ 41%] [32mBuilding CXX object CMakeFiles/dwb_msgs__rosidl_typesupport_fastrtps_cpp.dir/rosidl_typesupport_fastrtps_cpp/dwb_msgs/srv/detail/dds_fastrtps/debug_local_plan__type_support.cpp.o[0m
[10.066s] [ 42%] [32mBuilding CXX object CMakeFiles/dwb_msgs__rosidl_typesupport_introspection_cpp.dir/rosidl_typesupport_introspection_cpp/dwb_msgs/srv/detail/debug_local_plan__type_support.cpp.o[0m
[10.085s] [ 43%] [32mBuilding CXX object CMakeFiles/dwb_msgs__rosidl_typesupport_fastrtps_c.dir/rosidl_typesupport_fastrtps_c/dwb_msgs/srv/detail/generate_trajectory__type_support_c.cpp.o[0m
[10.105s] [ 44%] [32m[1mLinking CXX shared library libdwb_msgs__rosidl_typesupport_cpp.so[0m
[10.206s] [ 44%] Built target dwb_msgs__rosidl_typesupport_cpp
[10.225s] [ 45%] [32mBuilding CXX object CMakeFiles/dwb_msgs__rosidl_typesupport_fastrtps_cpp.dir/rosidl_typesupport_fastrtps_cpp/dwb_msgs/srv/detail/dds_fastrtps/generate_trajectory__type_support.cpp.o[0m
[10.460s] [ 46%] [32mBuilding CXX object CMakeFiles/dwb_msgs__rosidl_typesupport_fastrtps_cpp.dir/rosidl_typesupport_fastrtps_cpp/dwb_msgs/srv/detail/dds_fastrtps/generate_twists__type_support.cpp.o[0m
[10.647s] [ 47%] [32mBuilding CXX object CMakeFiles/dwb_msgs__rosidl_typesupport_fastrtps_c.dir/rosidl_typesupport_fastrtps_c/dwb_msgs/srv/detail/generate_twists__type_support_c.cpp.o[0m
[10.826s] [ 48%] [32mBuilding CXX object CMakeFiles/dwb_msgs__rosidl_typesupport_introspection_cpp.dir/rosidl_typesupport_introspection_cpp/dwb_msgs/srv/detail/generate_trajectory__type_support.cpp.o[0m
[10.880s] [ 49%] [34m[1mGenerating C introspection for ROS interfaces[0m
[11.584s] [ 50%] [32mBuilding CXX object CMakeFiles/dwb_msgs__rosidl_typesupport_fastrtps_cpp.dir/rosidl_typesupport_fastrtps_cpp/dwb_msgs/srv/detail/dds_fastrtps/get_critic_score__type_support.cpp.o[0m
[11.627s] [ 51%] [32mBuilding CXX object CMakeFiles/dwb_msgs__rosidl_typesupport_fastrtps_c.dir/rosidl_typesupport_fastrtps_c/dwb_msgs/srv/detail/get_critic_score__type_support_c.cpp.o[0m
[11.963s] [ 52%] [32mBuilding CXX object CMakeFiles/dwb_msgs__rosidl_typesupport_introspection_cpp.dir/rosidl_typesupport_introspection_cpp/dwb_msgs/srv/detail/generate_twists__type_support.cpp.o[0m
[12.437s] [ 53%] [32mBuilding CXX object CMakeFiles/dwb_msgs__rosidl_typesupport_fastrtps_c.dir/rosidl_typesupport_fastrtps_c/dwb_msgs/srv/detail/score_trajectory__type_support_c.cpp.o[0m
[12.613s] [ 54%] [32mBuilding CXX object CMakeFiles/dwb_msgs__rosidl_typesupport_fastrtps_cpp.dir/rosidl_typesupport_fastrtps_cpp/dwb_msgs/srv/detail/dds_fastrtps/score_trajectory__type_support.cpp.o[0m
[12.625s] [ 55%] [32mBuilding C object CMakeFiles/dwb_msgs__rosidl_typesupport_introspection_c.dir/rosidl_typesupport_introspection_c/dwb_msgs/msg/detail/critic_score__type_support.c.o[0m
[12.780s] [ 56%] [32mBuilding C object CMakeFiles/dwb_msgs__rosidl_typesupport_introspection_c.dir/rosidl_typesupport_introspection_c/dwb_msgs/msg/detail/local_plan_evaluation__type_support.c.o[0m
[12.905s] [ 58%] [32mBuilding C object CMakeFiles/dwb_msgs__rosidl_typesupport_introspection_c.dir/rosidl_typesupport_introspection_c/dwb_msgs/msg/detail/trajectory2_d__type_support.c.o[0m
[12.906s] [ 58%] [32mBuilding CXX object CMakeFiles/dwb_msgs__rosidl_typesupport_introspection_cpp.dir/rosidl_typesupport_introspection_cpp/dwb_msgs/srv/detail/get_critic_score__type_support.cpp.o[0m
[13.067s] [ 60%] [32mBuilding C object CMakeFiles/dwb_msgs__rosidl_typesupport_introspection_c.dir/rosidl_typesupport_introspection_c/dwb_msgs/msg/detail/trajectory_score__type_support.c.o[0m
[13.178s] [ 61%] [32m[1mLinking CXX shared library libdwb_msgs__rosidl_typesupport_fastrtps_c.so[0m
[13.231s] [ 62%] [32mBuilding C object CMakeFiles/dwb_msgs__rosidl_typesupport_introspection_c.dir/rosidl_typesupport_introspection_c/dwb_msgs/srv/detail/debug_local_plan__type_support.c.o[0m
[13.338s] [ 62%] Built target dwb_msgs__rosidl_typesupport_fastrtps_c
[13.344s] [ 63%] [32mBuilding C object CMakeFiles/dwb_msgs__rosidl_typesupport_introspection_c.dir/rosidl_typesupport_introspection_c/dwb_msgs/srv/detail/generate_trajectory__type_support.c.o[0m
[13.373s] [ 64%] [32mBuilding C object CMakeFiles/dwb_msgs__rosidl_typesupport_introspection_c.dir/rosidl_typesupport_introspection_c/dwb_msgs/srv/detail/generate_twists__type_support.c.o[0m
[13.411s] [ 65%] [32mBuilding C object CMakeFiles/dwb_msgs__rosidl_typesupport_introspection_c.dir/rosidl_typesupport_introspection_c/dwb_msgs/srv/detail/get_critic_score__type_support.c.o[0m
[13.493s] [ 66%] [32mBuilding CXX object CMakeFiles/dwb_msgs__rosidl_typesupport_introspection_cpp.dir/rosidl_typesupport_introspection_cpp/dwb_msgs/srv/detail/score_trajectory__type_support.cpp.o[0m
[13.500s] [ 67%] [32mBuilding C object CMakeFiles/dwb_msgs__rosidl_typesupport_introspection_c.dir/rosidl_typesupport_introspection_c/dwb_msgs/srv/detail/score_trajectory__type_support.c.o[0m
[13.503s] [ 68%] [32m[1mLinking CXX shared library libdwb_msgs__rosidl_typesupport_fastrtps_cpp.so[0m
[13.634s] [ 69%] [32m[1mLinking C shared library libdwb_msgs__rosidl_typesupport_introspection_c.so[0m
[13.751s] [ 69%] Built target dwb_msgs__rosidl_typesupport_introspection_c
[13.776s] [ 69%] Built target dwb_msgs__rosidl_typesupport_fastrtps_cpp
[13.821s] [ 70%] [34m[1mGenerating C type support dispatch for ROS interfaces[0m
[14.289s] [ 71%] [32m[1mLinking CXX shared library libdwb_msgs__rosidl_typesupport_introspection_cpp.so[0m
[14.473s] [ 71%] Built target dwb_msgs__rosidl_typesupport_introspection_cpp
[14.628s] [ 72%] [32mBuilding CXX object CMakeFiles/dwb_msgs__rosidl_typesupport_c.dir/rosidl_typesupport_c/dwb_msgs/msg/local_plan_evaluation__type_support.cpp.o[0m
[14.634s] [ 73%] [32mBuilding CXX object CMakeFiles/dwb_msgs__rosidl_typesupport_c.dir/rosidl_typesupport_c/dwb_msgs/msg/critic_score__type_support.cpp.o[0m
[14.637s] [ 74%] [32mBuilding CXX object CMakeFiles/dwb_msgs__rosidl_typesupport_c.dir/rosidl_typesupport_c/dwb_msgs/msg/trajectory2_d__type_support.cpp.o[0m
[14.637s] [ 75%] [32mBuilding CXX object CMakeFiles/dwb_msgs__rosidl_typesupport_c.dir/rosidl_typesupport_c/dwb_msgs/msg/trajectory_score__type_support.cpp.o[0m
[14.718s] [ 76%] [32mBuilding CXX object CMakeFiles/dwb_msgs__rosidl_typesupport_c.dir/rosidl_typesupport_c/dwb_msgs/srv/generate_twists__type_support.cpp.o[0m
[14.728s] [ 77%] [32mBuilding CXX object CMakeFiles/dwb_msgs__rosidl_typesupport_c.dir/rosidl_typesupport_c/dwb_msgs/srv/generate_trajectory__type_support.cpp.o[0m
[14.728s] [ 78%] [32mBuilding CXX object CMakeFiles/dwb_msgs__rosidl_typesupport_c.dir/rosidl_typesupport_c/dwb_msgs/srv/get_critic_score__type_support.cpp.o[0m
[14.733s] [ 80%] [32mBuilding CXX object CMakeFiles/dwb_msgs__rosidl_typesupport_c.dir/rosidl_typesupport_c/dwb_msgs/srv/debug_local_plan__type_support.cpp.o[0m
[14.791s] [ 81%] [32mBuilding CXX object CMakeFiles/dwb_msgs__rosidl_typesupport_c.dir/rosidl_typesupport_c/dwb_msgs/srv/score_trajectory__type_support.cpp.o[0m
[14.931s] [ 82%] [32m[1mLinking CXX shared library libdwb_msgs__rosidl_typesupport_c.so[0m
[15.031s] [ 82%] Built target dwb_msgs__rosidl_typesupport_c
[15.073s] [ 82%] Built target dwb_msgs
[15.114s] [ 83%] [34m[1mGenerating Python code for ROS interfaces[0m
[16.688s] [ 83%] Built target dwb_msgs__py
[16.756s] [ 84%] [32mBuilding C object CMakeFiles/dwb_msgs__rosidl_generator_py.dir/rosidl_generator_py/dwb_msgs/msg/_local_plan_evaluation_s.c.o[0m
[16.758s] [ 85%] [32mBuilding C object CMakeFiles/dwb_msgs__rosidl_generator_py.dir/rosidl_generator_py/dwb_msgs/msg/_trajectory_score_s.c.o[0m
[16.764s] [ 86%] [32mBuilding C object CMakeFiles/dwb_msgs__rosidl_generator_py.dir/rosidl_generator_py/dwb_msgs/msg/_critic_score_s.c.o[0m
[16.768s] [ 87%] [32mBuilding C object CMakeFiles/dwb_msgs__rosidl_generator_py.dir/rosidl_generator_py/dwb_msgs/msg/_trajectory2_d_s.c.o[0m
[17.015s] [ 88%] [32mBuilding C object CMakeFiles/dwb_msgs__rosidl_generator_py.dir/rosidl_generator_py/dwb_msgs/srv/_debug_local_plan_s.c.o[0m
[17.083s] [ 89%] [32mBuilding C object CMakeFiles/dwb_msgs__rosidl_generator_py.dir/rosidl_generator_py/dwb_msgs/srv/_generate_trajectory_s.c.o[0m
[17.095s] [ 90%] [32mBuilding C object CMakeFiles/dwb_msgs__rosidl_generator_py.dir/rosidl_generator_py/dwb_msgs/srv/_get_critic_score_s.c.o[0m
[17.095s] [ 91%] [32mBuilding C object CMakeFiles/dwb_msgs__rosidl_generator_py.dir/rosidl_generator_py/dwb_msgs/srv/_generate_twists_s.c.o[0m
[17.282s] [ 92%] [32mBuilding C object CMakeFiles/dwb_msgs__rosidl_generator_py.dir/rosidl_generator_py/dwb_msgs/srv/_score_trajectory_s.c.o[0m
[17.498s] [ 93%] [32m[1mLinking C shared library rosidl_generator_py/dwb_msgs/libdwb_msgs__rosidl_generator_py.so[0m
[17.629s] [ 93%] Built target dwb_msgs__rosidl_generator_py
[17.662s] [ 94%] [32mBuilding C object CMakeFiles/dwb_msgs__rosidl_typesupport_fastrtps_c__pyext.dir/rosidl_generator_py/dwb_msgs/_dwb_msgs_s.ep.rosidl_typesupport_fastrtps_c.c.o[0m
[17.674s] [ 95%] [32mBuilding C object CMakeFiles/dwb_msgs__rosidl_typesupport_introspection_c__pyext.dir/rosidl_generator_py/dwb_msgs/_dwb_msgs_s.ep.rosidl_typesupport_introspection_c.c.o[0m
[17.692s] [ 96%] [32mBuilding C object CMakeFiles/dwb_msgs__rosidl_typesupport_c__pyext.dir/rosidl_generator_py/dwb_msgs/_dwb_msgs_s.ep.rosidl_typesupport_c.c.o[0m
[17.795s] [ 97%] [32m[1mLinking C shared library rosidl_generator_py/dwb_msgs/dwb_msgs_s__rosidl_typesupport_fastrtps_c.cpython-310-x86_64-linux-gnu.so[0m
[17.900s] [ 97%] Built target dwb_msgs__rosidl_typesupport_fastrtps_c__pyext
[17.918s] [ 98%] [32m[1mLinking C shared library rosidl_generator_py/dwb_msgs/dwb_msgs_s__rosidl_typesupport_c.cpython-310-x86_64-linux-gnu.so[0m
[17.962s] [ 98%] Built target dwb_msgs__rosidl_typesupport_c__pyext
[18.027s] [100%] [32m[1mLinking C shared library rosidl_generator_py/dwb_msgs/dwb_msgs_s__rosidl_typesupport_introspection_c.cpython-310-x86_64-linux-gnu.so[0m
[18.128s] [100%] Built target dwb_msgs__rosidl_typesupport_introspection_c__pyext
[18.193s] Invoked command in '/home/wb/ros_ws/build/dwb_msgs' returned '0': AMENT_PREFIX_PATH=/home/wb/ros_ws/install/nav_2d_msgs:${AMENT_PREFIX_PATH} CMAKE_PREFIX_PATH=/home/wb/ros_ws/install/nav_2d_msgs:/home/wb/ros_ws/install/simple_robot:/home/wb/ros_ws/install/my_robot_navigation:/home/wb/ros_ws/install/my_robot_simulation:/home/wb/ros_ws/install/my_robot_description:/opt/ros/humble LD_LIBRARY_PATH=/home/wb/ros_ws/install/nav_2d_msgs/lib:${LD_LIBRARY_PATH} PYTHONPATH=/home/wb/ros_ws/install/nav_2d_msgs/local/lib/python3.10/dist-packages:${PYTHONPATH} /usr/bin/cmake --build /home/wb/ros_ws/build/dwb_msgs -- -j4 -l4
[18.195s] Invoking command in '/home/wb/ros_ws/build/dwb_msgs': AMENT_PREFIX_PATH=/home/wb/ros_ws/install/nav_2d_msgs:${AMENT_PREFIX_PATH} CMAKE_PREFIX_PATH=/home/wb/ros_ws/install/nav_2d_msgs:/home/wb/ros_ws/install/simple_robot:/home/wb/ros_ws/install/my_robot_navigation:/home/wb/ros_ws/install/my_robot_simulation:/home/wb/ros_ws/install/my_robot_description:/opt/ros/humble LD_LIBRARY_PATH=/home/wb/ros_ws/install/nav_2d_msgs/lib:${LD_LIBRARY_PATH} PYTHONPATH=/home/wb/ros_ws/install/nav_2d_msgs/local/lib/python3.10/dist-packages:${PYTHONPATH} /usr/bin/cmake --install /home/wb/ros_ws/build/dwb_msgs
[18.214s] -- Install configuration: ""
[18.214s] -- Installing: /home/wb/ros_ws/install/dwb_msgs/share/ament_index/resource_index/rosidl_interfaces/dwb_msgs
[18.214s] -- Installing: /home/wb/ros_ws/install/dwb_msgs/include/dwb_msgs/dwb_msgs
[18.214s] -- Installing: /home/wb/ros_ws/install/dwb_msgs/include/dwb_msgs/dwb_msgs/srv
[18.214s] -- Installing: /home/wb/ros_ws/install/dwb_msgs/include/dwb_msgs/dwb_msgs/srv/get_critic_score.h
[18.214s] -- Installing: /home/wb/ros_ws/install/dwb_msgs/include/dwb_msgs/dwb_msgs/srv/detail
[18.215s] -- Installing: /home/wb/ros_ws/install/dwb_msgs/include/dwb_msgs/dwb_msgs/srv/detail/get_critic_score__functions.c
[18.215s] -- Installing: /home/wb/ros_ws/install/dwb_msgs/include/dwb_msgs/dwb_msgs/srv/detail/generate_twists__type_support.h
[18.215s] -- Installing: /home/wb/ros_ws/install/dwb_msgs/include/dwb_msgs/dwb_msgs/srv/detail/debug_local_plan__struct.h
[18.215s] -- Installing: /home/wb/ros_ws/install/dwb_msgs/include/dwb_msgs/dwb_msgs/srv/detail/generate_twists__functions.h
[18.215s] -- Installing: /home/wb/ros_ws/install/dwb_msgs/include/dwb_msgs/dwb_msgs/srv/detail/generate_trajectory__functions.h
[18.216s] -- Installing: /home/wb/ros_ws/install/dwb_msgs/include/dwb_msgs/dwb_msgs/srv/detail/generate_twists__functions.c
[18.216s] -- Installing: /home/wb/ros_ws/install/dwb_msgs/include/dwb_msgs/dwb_msgs/srv/detail/score_trajectory__struct.h
[18.216s] -- Installing: /home/wb/ros_ws/install/dwb_msgs/include/dwb_msgs/dwb_msgs/srv/detail/score_trajectory__functions.h
[18.216s] -- Installing: /home/wb/ros_ws/install/dwb_msgs/include/dwb_msgs/dwb_msgs/srv/detail/debug_local_plan__functions.c
[18.216s] -- Installing: /home/wb/ros_ws/install/dwb_msgs/include/dwb_msgs/dwb_msgs/srv/detail/get_critic_score__functions.h
[18.217s] -- Installing: /home/wb/ros_ws/install/dwb_msgs/include/dwb_msgs/dwb_msgs/srv/detail/generate_trajectory__struct.h
[18.217s] -- Installing: /home/wb/ros_ws/install/dwb_msgs/include/dwb_msgs/dwb_msgs/srv/detail/get_critic_score__type_support.h
[18.217s] -- Installing: /home/wb/ros_ws/install/dwb_msgs/include/dwb_msgs/dwb_msgs/srv/detail/score_trajectory__functions.c
[18.217s] -- Installing: /home/wb/ros_ws/install/dwb_msgs/include/dwb_msgs/dwb_msgs/srv/detail/debug_local_plan__type_support.h
[18.217s] -- Installing: /home/wb/ros_ws/install/dwb_msgs/include/dwb_msgs/dwb_msgs/srv/detail/generate_trajectory__type_support.h
[18.218s] -- Installing: /home/wb/ros_ws/install/dwb_msgs/include/dwb_msgs/dwb_msgs/srv/detail/generate_twists__struct.h
[18.218s] -- Installing: /home/wb/ros_ws/install/dwb_msgs/include/dwb_msgs/dwb_msgs/srv/detail/debug_local_plan__functions.h
[18.218s] -- Installing: /home/wb/ros_ws/install/dwb_msgs/include/dwb_msgs/dwb_msgs/srv/detail/get_critic_score__struct.h
[18.218s] -- Installing: /home/wb/ros_ws/install/dwb_msgs/include/dwb_msgs/dwb_msgs/srv/detail/score_trajectory__type_support.h
[18.218s] -- Installing: /home/wb/ros_ws/install/dwb_msgs/include/dwb_msgs/dwb_msgs/srv/detail/generate_trajectory__functions.c
[18.219s] -- Installing: /home/wb/ros_ws/install/dwb_msgs/include/dwb_msgs/dwb_msgs/srv/generate_trajectory.h
[18.219s] -- Installing: /home/wb/ros_ws/install/dwb_msgs/include/dwb_msgs/dwb_msgs/srv/generate_twists.h
[18.219s] -- Installing: /home/wb/ros_ws/install/dwb_msgs/include/dwb_msgs/dwb_msgs/srv/debug_local_plan.h
[18.219s] -- Installing: /home/wb/ros_ws/install/dwb_msgs/include/dwb_msgs/dwb_msgs/srv/score_trajectory.h
[18.219s] -- Installing: /home/wb/ros_ws/install/dwb_msgs/include/dwb_msgs/dwb_msgs/msg
[18.219s] -- Installing: /home/wb/ros_ws/install/dwb_msgs/include/dwb_msgs/dwb_msgs/msg/detail
[18.219s] -- Installing: /home/wb/ros_ws/install/dwb_msgs/include/dwb_msgs/dwb_msgs/msg/detail/trajectory_score__functions.c
[18.220s] -- Installing: /home/wb/ros_ws/install/dwb_msgs/include/dwb_msgs/dwb_msgs/msg/detail/critic_score__functions.h
[18.220s] -- Installing: /home/wb/ros_ws/install/dwb_msgs/include/dwb_msgs/dwb_msgs/msg/detail/trajectory_score__functions.h
[18.220s] -- Installing: /home/wb/ros_ws/install/dwb_msgs/include/dwb_msgs/dwb_msgs/msg/detail/critic_score__type_support.h
[18.220s] -- Installing: /home/wb/ros_ws/install/dwb_msgs/include/dwb_msgs/dwb_msgs/msg/detail/local_plan_evaluation__type_support.h
[18.221s] -- Installing: /home/wb/ros_ws/install/dwb_msgs/include/dwb_msgs/dwb_msgs/msg/detail/local_plan_evaluation__struct.h
[18.221s] -- Installing: /home/wb/ros_ws/install/dwb_msgs/include/dwb_msgs/dwb_msgs/msg/detail/trajectory_score__struct.h
[18.221s] -- Installing: /home/wb/ros_ws/install/dwb_msgs/include/dwb_msgs/dwb_msgs/msg/detail/local_plan_evaluation__functions.c
[18.221s] -- Installing: /home/wb/ros_ws/install/dwb_msgs/include/dwb_msgs/dwb_msgs/msg/detail/trajectory2_d__struct.h
[18.221s] -- Installing: /home/wb/ros_ws/install/dwb_msgs/include/dwb_msgs/dwb_msgs/msg/detail/trajectory_score__type_support.h
[18.221s] -- Installing: /home/wb/ros_ws/install/dwb_msgs/include/dwb_msgs/dwb_msgs/msg/detail/critic_score__struct.h
[18.221s] -- Installing: /home/wb/ros_ws/install/dwb_msgs/include/dwb_msgs/dwb_msgs/msg/detail/trajectory2_d__functions.c
[18.221s] -- Installing: /home/wb/ros_ws/install/dwb_msgs/include/dwb_msgs/dwb_msgs/msg/detail/critic_score__functions.c
[18.221s] -- Installing: /home/wb/ros_ws/install/dwb_msgs/include/dwb_msgs/dwb_msgs/msg/detail/local_plan_evaluation__functions.h
[18.222s] -- Installing: /home/wb/ros_ws/install/dwb_msgs/include/dwb_msgs/dwb_msgs/msg/detail/trajectory2_d__type_support.h
[18.224s] -- Installing: /home/wb/ros_ws/install/dwb_msgs/include/dwb_msgs/dwb_msgs/msg/detail/trajectory2_d__functions.h
[18.224s] -- Installing: /home/wb/ros_ws/install/dwb_msgs/include/dwb_msgs/dwb_msgs/msg/rosidl_generator_c__visibility_control.h
[18.225s] -- Installing: /home/wb/ros_ws/install/dwb_msgs/include/dwb_msgs/dwb_msgs/msg/local_plan_evaluation.h
[18.225s] -- Installing: /home/wb/ros_ws/install/dwb_msgs/include/dwb_msgs/dwb_msgs/msg/trajectory2_d.h
[18.225s] -- Installing: /home/wb/ros_ws/install/dwb_msgs/include/dwb_msgs/dwb_msgs/msg/critic_score.h
[18.225s] -- Installing: /home/wb/ros_ws/install/dwb_msgs/include/dwb_msgs/dwb_msgs/msg/trajectory_score.h
[18.225s] -- Installing: /home/wb/ros_ws/install/dwb_msgs/share/dwb_msgs/environment/library_path.sh
[18.225s] -- Installing: /home/wb/ros_ws/install/dwb_msgs/share/dwb_msgs/environment/library_path.dsv
[18.225s] -- Installing: /home/wb/ros_ws/install/dwb_msgs/lib/libdwb_msgs__rosidl_generator_c.so
[18.226s] -- Set runtime path of "/home/wb/ros_ws/install/dwb_msgs/lib/libdwb_msgs__rosidl_generator_c.so" to ""
[18.226s] -- Up-to-date: /home/wb/ros_ws/install/dwb_msgs/include/dwb_msgs/dwb_msgs
[18.226s] -- Up-to-date: /home/wb/ros_ws/install/dwb_msgs/include/dwb_msgs/dwb_msgs/srv
[18.226s] -- Up-to-date: /home/wb/ros_ws/install/dwb_msgs/include/dwb_msgs/dwb_msgs/srv/detail
[18.227s] -- Installing: /home/wb/ros_ws/install/dwb_msgs/include/dwb_msgs/dwb_msgs/srv/detail/generate_twists__rosidl_typesupport_fastrtps_c.h
[18.227s] -- Installing: /home/wb/ros_ws/install/dwb_msgs/include/dwb_msgs/dwb_msgs/srv/detail/get_critic_score__rosidl_typesupport_fastrtps_c.h
[18.227s] -- Installing: /home/wb/ros_ws/install/dwb_msgs/include/dwb_msgs/dwb_msgs/srv/detail/debug_local_plan__rosidl_typesupport_fastrtps_c.h
[18.227s] -- Installing: /home/wb/ros_ws/install/dwb_msgs/include/dwb_msgs/dwb_msgs/srv/detail/generate_trajectory__rosidl_typesupport_fastrtps_c.h
[18.227s] -- Installing: /home/wb/ros_ws/install/dwb_msgs/include/dwb_msgs/dwb_msgs/srv/detail/score_trajectory__rosidl_typesupport_fastrtps_c.h
[18.227s] -- Up-to-date: /home/wb/ros_ws/install/dwb_msgs/include/dwb_msgs/dwb_msgs/msg
[18.227s] -- Installing: /home/wb/ros_ws/install/dwb_msgs/include/dwb_msgs/dwb_msgs/msg/rosidl_typesupport_fastrtps_c__visibility_control.h
[18.227s] -- Up-to-date: /home/wb/ros_ws/install/dwb_msgs/include/dwb_msgs/dwb_msgs/msg/detail
[18.227s] -- Installing: /home/wb/ros_ws/install/dwb_msgs/include/dwb_msgs/dwb_msgs/msg/detail/local_plan_evaluation__rosidl_typesupport_fastrtps_c.h
[18.227s] -- Installing: /home/wb/ros_ws/install/dwb_msgs/include/dwb_msgs/dwb_msgs/msg/detail/trajectory2_d__rosidl_typesupport_fastrtps_c.h
[18.227s] -- Installing: /home/wb/ros_ws/install/dwb_msgs/include/dwb_msgs/dwb_msgs/msg/detail/critic_score__rosidl_typesupport_fastrtps_c.h
[18.227s] -- Installing: /home/wb/ros_ws/install/dwb_msgs/include/dwb_msgs/dwb_msgs/msg/detail/trajectory_score__rosidl_typesupport_fastrtps_c.h
[18.227s] -- Installing: /home/wb/ros_ws/install/dwb_msgs/lib/libdwb_msgs__rosidl_typesupport_fastrtps_c.so
[18.229s] -- Set runtime path of "/home/wb/ros_ws/install/dwb_msgs/lib/libdwb_msgs__rosidl_typesupport_fastrtps_c.so" to ""
[18.230s] -- Up-to-date: /home/wb/ros_ws/install/dwb_msgs/include/dwb_msgs/dwb_msgs
[18.230s] -- Up-to-date: /home/wb/ros_ws/install/dwb_msgs/include/dwb_msgs/dwb_msgs/srv
[18.231s] -- Up-to-date: /home/wb/ros_ws/install/dwb_msgs/include/dwb_msgs/dwb_msgs/srv/detail
[18.231s] -- Installing: /home/wb/ros_ws/install/dwb_msgs/include/dwb_msgs/dwb_msgs/srv/detail/score_trajectory__builder.hpp
[18.231s] -- Installing: /home/wb/ros_ws/install/dwb_msgs/include/dwb_msgs/dwb_msgs/srv/detail/debug_local_plan__type_support.hpp
[18.231s] -- Installing: /home/wb/ros_ws/install/dwb_msgs/include/dwb_msgs/dwb_msgs/srv/detail/get_critic_score__type_support.hpp
[18.232s] -- Installing: /home/wb/ros_ws/install/dwb_msgs/include/dwb_msgs/dwb_msgs/srv/detail/generate_trajectory__traits.hpp
[18.232s] -- Installing: /home/wb/ros_ws/install/dwb_msgs/include/dwb_msgs/dwb_msgs/srv/detail/score_trajectory__traits.hpp
[18.232s] -- Installing: /home/wb/ros_ws/install/dwb_msgs/include/dwb_msgs/dwb_msgs/srv/detail/score_trajectory__type_support.hpp
[18.232s] -- Installing: /home/wb/ros_ws/install/dwb_msgs/include/dwb_msgs/dwb_msgs/srv/detail/generate_twists__type_support.hpp
[18.232s] -- Installing: /home/wb/ros_ws/install/dwb_msgs/include/dwb_msgs/dwb_msgs/srv/detail/generate_trajectory__builder.hpp
[18.232s] -- Installing: /home/wb/ros_ws/install/dwb_msgs/include/dwb_msgs/dwb_msgs/srv/detail/debug_local_plan__builder.hpp
[18.234s] -- Installing: /home/wb/ros_ws/install/dwb_msgs/include/dwb_msgs/dwb_msgs/srv/detail/generate_trajectory__type_support.hpp
[18.235s] -- Installing: /home/wb/ros_ws/install/dwb_msgs/include/dwb_msgs/dwb_msgs/srv/detail/get_critic_score__builder.hpp
[18.235s] -- Installing: /home/wb/ros_ws/install/dwb_msgs/include/dwb_msgs/dwb_msgs/srv/detail/generate_twists__struct.hpp
[18.235s] -- Installing: /home/wb/ros_ws/install/dwb_msgs/include/dwb_msgs/dwb_msgs/srv/detail/debug_local_plan__struct.hpp
[18.235s] -- Installing: /home/wb/ros_ws/install/dwb_msgs/include/dwb_msgs/dwb_msgs/srv/detail/generate_twists__traits.hpp
[18.235s] -- Installing: /home/wb/ros_ws/install/dwb_msgs/include/dwb_msgs/dwb_msgs/srv/detail/score_trajectory__struct.hpp
[18.235s] -- Installing: /home/wb/ros_ws/install/dwb_msgs/include/dwb_msgs/dwb_msgs/srv/detail/debug_local_plan__traits.hpp
[18.235s] -- Installing: /home/wb/ros_ws/install/dwb_msgs/include/dwb_msgs/dwb_msgs/srv/detail/generate_twists__builder.hpp
[18.235s] -- Installing: /home/wb/ros_ws/install/dwb_msgs/include/dwb_msgs/dwb_msgs/srv/detail/generate_trajectory__struct.hpp
[18.235s] -- Installing: /home/wb/ros_ws/install/dwb_msgs/include/dwb_msgs/dwb_msgs/srv/detail/get_critic_score__struct.hpp
[18.235s] -- Installing: /home/wb/ros_ws/install/dwb_msgs/include/dwb_msgs/dwb_msgs/srv/detail/get_critic_score__traits.hpp
[18.235s] -- Installing: /home/wb/ros_ws/install/dwb_msgs/include/dwb_msgs/dwb_msgs/srv/generate_trajectory.hpp
[18.235s] -- Installing: /home/wb/ros_ws/install/dwb_msgs/include/dwb_msgs/dwb_msgs/srv/get_critic_score.hpp
[18.235s] -- Installing: /home/wb/ros_ws/install/dwb_msgs/include/dwb_msgs/dwb_msgs/srv/debug_local_plan.hpp
[18.236s] -- Installing: /home/wb/ros_ws/install/dwb_msgs/include/dwb_msgs/dwb_msgs/srv/score_trajectory.hpp
[18.236s] -- Installing: /home/wb/ros_ws/install/dwb_msgs/include/dwb_msgs/dwb_msgs/srv/generate_twists.hpp
[18.236s] -- Up-to-date: /home/wb/ros_ws/install/dwb_msgs/include/dwb_msgs/dwb_msgs/msg
[18.236s] -- Up-to-date: /home/wb/ros_ws/install/dwb_msgs/include/dwb_msgs/dwb_msgs/msg/detail
[18.236s] -- Installing: /home/wb/ros_ws/install/dwb_msgs/include/dwb_msgs/dwb_msgs/msg/detail/critic_score__builder.hpp
[18.236s] -- Installing: /home/wb/ros_ws/install/dwb_msgs/include/dwb_msgs/dwb_msgs/msg/detail/trajectory2_d__builder.hpp
[18.237s] -- Installing: /home/wb/ros_ws/install/dwb_msgs/include/dwb_msgs/dwb_msgs/msg/detail/local_plan_evaluation__traits.hpp
[18.238s] -- Installing: /home/wb/ros_ws/install/dwb_msgs/include/dwb_msgs/dwb_msgs/msg/detail/critic_score__type_support.hpp
[18.238s] -- Installing: /home/wb/ros_ws/install/dwb_msgs/include/dwb_msgs/dwb_msgs/msg/detail/local_plan_evaluation__struct.hpp
[18.238s] -- Installing: /home/wb/ros_ws/install/dwb_msgs/include/dwb_msgs/dwb_msgs/msg/detail/local_plan_evaluation__type_support.hpp
[18.238s] -- Installing: /home/wb/ros_ws/install/dwb_msgs/include/dwb_msgs/dwb_msgs/msg/detail/trajectory_score__struct.hpp
[18.238s] -- Installing: /home/wb/ros_ws/install/dwb_msgs/include/dwb_msgs/dwb_msgs/msg/detail/trajectory_score__type_support.hpp
[18.239s] -- Installing: /home/wb/ros_ws/install/dwb_msgs/include/dwb_msgs/dwb_msgs/msg/detail/trajectory_score__builder.hpp
[18.241s] -- Installing: /home/wb/ros_ws/install/dwb_msgs/include/dwb_msgs/dwb_msgs/msg/detail/local_plan_evaluation__builder.hpp
[18.241s] -- Installing: /home/wb/ros_ws/install/dwb_msgs/include/dwb_msgs/dwb_msgs/msg/detail/critic_score__struct.hpp
[18.241s] -- Installing: /home/wb/ros_ws/install/dwb_msgs/include/dwb_msgs/dwb_msgs/msg/detail/trajectory2_d__traits.hpp
[18.241s] -- Installing: /home/wb/ros_ws/install/dwb_msgs/include/dwb_msgs/dwb_msgs/msg/detail/critic_score__traits.hpp
[18.241s] -- Installing: /home/wb/ros_ws/install/dwb_msgs/include/dwb_msgs/dwb_msgs/msg/detail/trajectory_score__traits.hpp
[18.241s] -- Installing: /home/wb/ros_ws/install/dwb_msgs/include/dwb_msgs/dwb_msgs/msg/detail/trajectory2_d__type_support.hpp
[18.242s] -- Installing: /home/wb/ros_ws/install/dwb_msgs/include/dwb_msgs/dwb_msgs/msg/detail/trajectory2_d__struct.hpp
[18.242s] -- Installing: /home/wb/ros_ws/install/dwb_msgs/include/dwb_msgs/dwb_msgs/msg/rosidl_generator_cpp__visibility_control.hpp
[18.242s] -- Installing: /home/wb/ros_ws/install/dwb_msgs/include/dwb_msgs/dwb_msgs/msg/local_plan_evaluation.hpp
[18.242s] -- Installing: /home/wb/ros_ws/install/dwb_msgs/include/dwb_msgs/dwb_msgs/msg/trajectory_score.hpp
[18.242s] -- Installing: /home/wb/ros_ws/install/dwb_msgs/include/dwb_msgs/dwb_msgs/msg/critic_score.hpp
[18.242s] -- Installing: /home/wb/ros_ws/install/dwb_msgs/include/dwb_msgs/dwb_msgs/msg/trajectory2_d.hpp
[18.242s] -- Up-to-date: /home/wb/ros_ws/install/dwb_msgs/include/dwb_msgs/dwb_msgs
[18.242s] -- Up-to-date: /home/wb/ros_ws/install/dwb_msgs/include/dwb_msgs/dwb_msgs/srv
[18.242s] -- Up-to-date: /home/wb/ros_ws/install/dwb_msgs/include/dwb_msgs/dwb_msgs/srv/detail
[18.243s] -- Installing: /home/wb/ros_ws/install/dwb_msgs/include/dwb_msgs/dwb_msgs/srv/detail/generate_twists__rosidl_typesupport_fastrtps_cpp.hpp
[18.243s] -- Installing: /home/wb/ros_ws/install/dwb_msgs/include/dwb_msgs/dwb_msgs/srv/detail/dds_fastrtps
[18.243s] -- Installing: /home/wb/ros_ws/install/dwb_msgs/include/dwb_msgs/dwb_msgs/srv/detail/generate_trajectory__rosidl_typesupport_fastrtps_cpp.hpp
[18.243s] -- Installing: /home/wb/ros_ws/install/dwb_msgs/include/dwb_msgs/dwb_msgs/srv/detail/get_critic_score__rosidl_typesupport_fastrtps_cpp.hpp
[18.243s] -- Installing: /home/wb/ros_ws/install/dwb_msgs/include/dwb_msgs/dwb_msgs/srv/detail/debug_local_plan__rosidl_typesupport_fastrtps_cpp.hpp
[18.243s] -- Installing: /home/wb/ros_ws/install/dwb_msgs/include/dwb_msgs/dwb_msgs/srv/detail/score_trajectory__rosidl_typesupport_fastrtps_cpp.hpp
[18.243s] -- Up-to-date: /home/wb/ros_ws/install/dwb_msgs/include/dwb_msgs/dwb_msgs/msg
[18.243s] -- Up-to-date: /home/wb/ros_ws/install/dwb_msgs/include/dwb_msgs/dwb_msgs/msg/detail
[18.243s] -- Installing: /home/wb/ros_ws/install/dwb_msgs/include/dwb_msgs/dwb_msgs/msg/detail/local_plan_evaluation__rosidl_typesupport_fastrtps_cpp.hpp
[18.243s] -- Installing: /home/wb/ros_ws/install/dwb_msgs/include/dwb_msgs/dwb_msgs/msg/detail/dds_fastrtps
[18.243s] -- Installing: /home/wb/ros_ws/install/dwb_msgs/include/dwb_msgs/dwb_msgs/msg/detail/trajectory2_d__rosidl_typesupport_fastrtps_cpp.hpp
[18.243s] -- Installing: /home/wb/ros_ws/install/dwb_msgs/include/dwb_msgs/dwb_msgs/msg/detail/trajectory_score__rosidl_typesupport_fastrtps_cpp.hpp
[18.243s] -- Installing: /home/wb/ros_ws/install/dwb_msgs/include/dwb_msgs/dwb_msgs/msg/detail/critic_score__rosidl_typesupport_fastrtps_cpp.hpp
[18.243s] -- Installing: /home/wb/ros_ws/install/dwb_msgs/include/dwb_msgs/dwb_msgs/msg/rosidl_typesupport_fastrtps_cpp__visibility_control.h
[18.243s] -- Installing: /home/wb/ros_ws/install/dwb_msgs/lib/libdwb_msgs__rosidl_typesupport_fastrtps_cpp.so
[18.243s] -- Set runtime path of "/home/wb/ros_ws/install/dwb_msgs/lib/libdwb_msgs__rosidl_typesupport_fastrtps_cpp.so" to ""
[18.243s] -- Up-to-date: /home/wb/ros_ws/install/dwb_msgs/include/dwb_msgs/dwb_msgs
[18.243s] -- Up-to-date: /home/wb/ros_ws/install/dwb_msgs/include/dwb_msgs/dwb_msgs/srv
[18.243s] -- Up-to-date: /home/wb/ros_ws/install/dwb_msgs/include/dwb_msgs/dwb_msgs/srv/detail
[18.243s] -- Installing: /home/wb/ros_ws/install/dwb_msgs/include/dwb_msgs/dwb_msgs/srv/detail/debug_local_plan__rosidl_typesupport_introspection_c.h
[18.243s] -- Installing: /home/wb/ros_ws/install/dwb_msgs/include/dwb_msgs/dwb_msgs/srv/detail/score_trajectory__type_support.c
[18.244s] -- Installing: /home/wb/ros_ws/install/dwb_msgs/include/dwb_msgs/dwb_msgs/srv/detail/generate_trajectory__type_support.c
[18.244s] -- Installing: /home/wb/ros_ws/install/dwb_msgs/include/dwb_msgs/dwb_msgs/srv/detail/get_critic_score__type_support.c
[18.244s] -- Installing: /home/wb/ros_ws/install/dwb_msgs/include/dwb_msgs/dwb_msgs/srv/detail/debug_local_plan__type_support.c
[18.244s] -- Installing: /home/wb/ros_ws/install/dwb_msgs/include/dwb_msgs/dwb_msgs/srv/detail/get_critic_score__rosidl_typesupport_introspection_c.h
[18.244s] -- Installing: /home/wb/ros_ws/install/dwb_msgs/include/dwb_msgs/dwb_msgs/srv/detail/generate_trajectory__rosidl_typesupport_introspection_c.h
[18.244s] -- Installing: /home/wb/ros_ws/install/dwb_msgs/include/dwb_msgs/dwb_msgs/srv/detail/score_trajectory__rosidl_typesupport_introspection_c.h
[18.244s] -- Installing: /home/wb/ros_ws/install/dwb_msgs/include/dwb_msgs/dwb_msgs/srv/detail/generate_twists__type_support.c
[18.244s] -- Installing: /home/wb/ros_ws/install/dwb_msgs/include/dwb_msgs/dwb_msgs/srv/detail/generate_twists__rosidl_typesupport_introspection_c.h
[18.244s] -- Up-to-date: /home/wb/ros_ws/install/dwb_msgs/include/dwb_msgs/dwb_msgs/msg
[18.244s] -- Up-to-date: /home/wb/ros_ws/install/dwb_msgs/include/dwb_msgs/dwb_msgs/msg/detail
[18.251s] -- Installing: /home/wb/ros_ws/install/dwb_msgs/include/dwb_msgs/dwb_msgs/msg/detail/trajectory_score__rosidl_typesupport_introspection_c.h
[18.251s] -- Installing: /home/wb/ros_ws/install/dwb_msgs/include/dwb_msgs/dwb_msgs/msg/detail/trajectory2_d__rosidl_typesupport_introspection_c.h
[18.251s] -- Installing: /home/wb/ros_ws/install/dwb_msgs/include/dwb_msgs/dwb_msgs/msg/detail/trajectory_score__type_support.c
[18.251s] -- Installing: /home/wb/ros_ws/install/dwb_msgs/include/dwb_msgs/dwb_msgs/msg/detail/local_plan_evaluation__rosidl_typesupport_introspection_c.h
[18.251s] -- Installing: /home/wb/ros_ws/install/dwb_msgs/include/dwb_msgs/dwb_msgs/msg/detail/local_plan_evaluation__type_support.c
[18.252s] -- Installing: /home/wb/ros_ws/install/dwb_msgs/include/dwb_msgs/dwb_msgs/msg/detail/critic_score__type_support.c
[18.252s] -- Installing: /home/wb/ros_ws/install/dwb_msgs/include/dwb_msgs/dwb_msgs/msg/detail/critic_score__rosidl_typesupport_introspection_c.h
[18.252s] -- Installing: /home/wb/ros_ws/install/dwb_msgs/include/dwb_msgs/dwb_msgs/msg/detail/trajectory2_d__type_support.c
[18.252s] -- Installing: /home/wb/ros_ws/install/dwb_msgs/include/dwb_msgs/dwb_msgs/msg/rosidl_typesupport_introspection_c__visibility_control.h
[18.253s] -- Installing: /home/wb/ros_ws/install/dwb_msgs/lib/libdwb_msgs__rosidl_typesupport_introspection_c.so
[18.253s] -- Set runtime path of "/home/wb/ros_ws/install/dwb_msgs/lib/libdwb_msgs__rosidl_typesupport_introspection_c.so" to ""
[18.254s] -- Installing: /home/wb/ros_ws/install/dwb_msgs/lib/libdwb_msgs__rosidl_typesupport_c.so
[18.254s] -- Set runtime path of "/home/wb/ros_ws/install/dwb_msgs/lib/libdwb_msgs__rosidl_typesupport_c.so" to ""
[18.254s] -- Up-to-date: /home/wb/ros_ws/install/dwb_msgs/include/dwb_msgs/dwb_msgs
[18.255s] -- Up-to-date: /home/wb/ros_ws/install/dwb_msgs/include/dwb_msgs/dwb_msgs/srv
[18.255s] -- Up-to-date: /home/wb/ros_ws/install/dwb_msgs/include/dwb_msgs/dwb_msgs/srv/detail
[18.256s] -- Installing: /home/wb/ros_ws/install/dwb_msgs/include/dwb_msgs/dwb_msgs/srv/detail/generate_trajectory__type_support.cpp
[18.256s] -- Installing: /home/wb/ros_ws/install/dwb_msgs/include/dwb_msgs/dwb_msgs/srv/detail/generate_twists__type_support.cpp
[18.256s] -- Installing: /home/wb/ros_ws/install/dwb_msgs/include/dwb_msgs/dwb_msgs/srv/detail/score_trajectory__type_support.cpp
[18.257s] -- Installing: /home/wb/ros_ws/install/dwb_msgs/include/dwb_msgs/dwb_msgs/srv/detail/get_critic_score__rosidl_typesupport_introspection_cpp.hpp
[18.257s] -- Installing: /home/wb/ros_ws/install/dwb_msgs/include/dwb_msgs/dwb_msgs/srv/detail/debug_local_plan__type_support.cpp
[18.258s] -- Installing: /home/wb/ros_ws/install/dwb_msgs/include/dwb_msgs/dwb_msgs/srv/detail/get_critic_score__type_support.cpp
[18.258s] -- Installing: /home/wb/ros_ws/install/dwb_msgs/include/dwb_msgs/dwb_msgs/srv/detail/score_trajectory__rosidl_typesupport_introspection_cpp.hpp
[18.258s] -- Installing: /home/wb/ros_ws/install/dwb_msgs/include/dwb_msgs/dwb_msgs/srv/detail/debug_local_plan__rosidl_typesupport_introspection_cpp.hpp
[18.258s] -- Installing: /home/wb/ros_ws/install/dwb_msgs/include/dwb_msgs/dwb_msgs/srv/detail/generate_trajectory__rosidl_typesupport_introspection_cpp.hpp
[18.258s] -- Installing: /home/wb/ros_ws/install/dwb_msgs/include/dwb_msgs/dwb_msgs/srv/detail/generate_twists__rosidl_typesupport_introspection_cpp.hpp
[18.258s] -- Up-to-date: /home/wb/ros_ws/install/dwb_msgs/include/dwb_msgs/dwb_msgs/msg
[18.258s] -- Up-to-date: /home/wb/ros_ws/install/dwb_msgs/include/dwb_msgs/dwb_msgs/msg/detail
[18.258s] -- Installing: /home/wb/ros_ws/install/dwb_msgs/include/dwb_msgs/dwb_msgs/msg/detail/trajectory_score__type_support.cpp
[18.258s] -- Installing: /home/wb/ros_ws/install/dwb_msgs/include/dwb_msgs/dwb_msgs/msg/detail/trajectory2_d__type_support.cpp
[18.258s] -- Installing: /home/wb/ros_ws/install/dwb_msgs/include/dwb_msgs/dwb_msgs/msg/detail/trajectory2_d__rosidl_typesupport_introspection_cpp.hpp
[18.258s] -- Installing: /home/wb/ros_ws/install/dwb_msgs/include/dwb_msgs/dwb_msgs/msg/detail/local_plan_evaluation__rosidl_typesupport_introspection_cpp.hpp
[18.259s] -- Installing: /home/wb/ros_ws/install/dwb_msgs/include/dwb_msgs/dwb_msgs/msg/detail/critic_score__rosidl_typesupport_introspection_cpp.hpp
[18.262s] -- Installing: /home/wb/ros_ws/install/dwb_msgs/include/dwb_msgs/dwb_msgs/msg/detail/trajectory_score__rosidl_typesupport_introspection_cpp.hpp
[18.262s] -- Installing: /home/wb/ros_ws/install/dwb_msgs/include/dwb_msgs/dwb_msgs/msg/detail/critic_score__type_support.cpp
[18.263s] -- Installing: /home/wb/ros_ws/install/dwb_msgs/include/dwb_msgs/dwb_msgs/msg/detail/local_plan_evaluation__type_support.cpp
[18.263s] -- Installing: /home/wb/ros_ws/install/dwb_msgs/lib/libdwb_msgs__rosidl_typesupport_introspection_cpp.so
[18.263s] -- Set runtime path of "/home/wb/ros_ws/install/dwb_msgs/lib/libdwb_msgs__rosidl_typesupport_introspection_cpp.so" to ""
[18.263s] -- Installing: /home/wb/ros_ws/install/dwb_msgs/lib/libdwb_msgs__rosidl_typesupport_cpp.so
[18.263s] -- Set runtime path of "/home/wb/ros_ws/install/dwb_msgs/lib/libdwb_msgs__rosidl_typesupport_cpp.so" to ""
[18.263s] -- Installing: /home/wb/ros_ws/install/dwb_msgs/share/dwb_msgs/environment/pythonpath.sh
[18.263s] -- Installing: /home/wb/ros_ws/install/dwb_msgs/share/dwb_msgs/environment/pythonpath.dsv
[18.264s] -- Installing: /home/wb/ros_ws/install/dwb_msgs/local/lib/python3.10/dist-packages/dwb_msgs-1.1.18-py3.10.egg-info
[18.264s] -- Installing: /home/wb/ros_ws/install/dwb_msgs/local/lib/python3.10/dist-packages/dwb_msgs-1.1.18-py3.10.egg-info/SOURCES.txt
[18.264s] -- Installing: /home/wb/ros_ws/install/dwb_msgs/local/lib/python3.10/dist-packages/dwb_msgs-1.1.18-py3.10.egg-info/top_level.txt
[18.264s] -- Installing: /home/wb/ros_ws/install/dwb_msgs/local/lib/python3.10/dist-packages/dwb_msgs-1.1.18-py3.10.egg-info/PKG-INFO
[18.264s] -- Installing: /home/wb/ros_ws/install/dwb_msgs/local/lib/python3.10/dist-packages/dwb_msgs-1.1.18-py3.10.egg-info/dependency_links.txt
[18.264s] -- Installing: /home/wb/ros_ws/install/dwb_msgs/local/lib/python3.10/dist-packages/dwb_msgs
[18.264s] -- Installing: /home/wb/ros_ws/install/dwb_msgs/local/lib/python3.10/dist-packages/dwb_msgs/_dwb_msgs_s.ep.rosidl_typesupport_introspection_c.c
[18.264s] -- Installing: /home/wb/ros_ws/install/dwb_msgs/local/lib/python3.10/dist-packages/dwb_msgs/_dwb_msgs_s.ep.rosidl_typesupport_c.c
[18.264s] -- Installing: /home/wb/ros_ws/install/dwb_msgs/local/lib/python3.10/dist-packages/dwb_msgs/dwb_msgs_s__rosidl_typesupport_introspection_c.cpython-310-x86_64-linux-gnu.so
[18.264s] -- Installing: /home/wb/ros_ws/install/dwb_msgs/local/lib/python3.10/dist-packages/dwb_msgs/srv
[18.264s] -- Installing: /home/wb/ros_ws/install/dwb_msgs/local/lib/python3.10/dist-packages/dwb_msgs/srv/_generate_twists.py
[18.264s] -- Installing: /home/wb/ros_ws/install/dwb_msgs/local/lib/python3.10/dist-packages/dwb_msgs/srv/_score_trajectory_s.c
[18.266s] -- Installing: /home/wb/ros_ws/install/dwb_msgs/local/lib/python3.10/dist-packages/dwb_msgs/srv/_get_critic_score_s.c
[18.266s] -- Installing: /home/wb/ros_ws/install/dwb_msgs/local/lib/python3.10/dist-packages/dwb_msgs/srv/_score_trajectory.py
[18.266s] -- Installing: /home/wb/ros_ws/install/dwb_msgs/local/lib/python3.10/dist-packages/dwb_msgs/srv/_debug_local_plan_s.c
[18.266s] -- Installing: /home/wb/ros_ws/install/dwb_msgs/local/lib/python3.10/dist-packages/dwb_msgs/srv/__init__.py
[18.267s] -- Installing: /home/wb/ros_ws/install/dwb_msgs/local/lib/python3.10/dist-packages/dwb_msgs/srv/_generate_trajectory.py
[18.267s] -- Installing: /home/wb/ros_ws/install/dwb_msgs/local/lib/python3.10/dist-packages/dwb_msgs/srv/_generate_twists_s.c
[18.267s] -- Installing: /home/wb/ros_ws/install/dwb_msgs/local/lib/python3.10/dist-packages/dwb_msgs/srv/_debug_local_plan.py
[18.267s] -- Installing: /home/wb/ros_ws/install/dwb_msgs/local/lib/python3.10/dist-packages/dwb_msgs/srv/_generate_trajectory_s.c
[18.267s] -- Installing: /home/wb/ros_ws/install/dwb_msgs/local/lib/python3.10/dist-packages/dwb_msgs/srv/_get_critic_score.py
[18.268s] -- Installing: /home/wb/ros_ws/install/dwb_msgs/local/lib/python3.10/dist-packages/dwb_msgs/dwb_msgs_s__rosidl_typesupport_fastrtps_c.cpython-310-x86_64-linux-gnu.so
[18.268s] -- Installing: /home/wb/ros_ws/install/dwb_msgs/local/lib/python3.10/dist-packages/dwb_msgs/msg
[18.268s] -- Installing: /home/wb/ros_ws/install/dwb_msgs/local/lib/python3.10/dist-packages/dwb_msgs/msg/_trajectory_score.py
[18.268s] -- Installing: /home/wb/ros_ws/install/dwb_msgs/local/lib/python3.10/dist-packages/dwb_msgs/msg/_critic_score.py
[18.268s] -- Installing: /home/wb/ros_ws/install/dwb_msgs/local/lib/python3.10/dist-packages/dwb_msgs/msg/_trajectory2_d.py
[18.268s] -- Installing: /home/wb/ros_ws/install/dwb_msgs/local/lib/python3.10/dist-packages/dwb_msgs/msg/_local_plan_evaluation_s.c
[18.269s] -- Installing: /home/wb/ros_ws/install/dwb_msgs/local/lib/python3.10/dist-packages/dwb_msgs/msg/_trajectory_score_s.c
[18.269s] -- Installing: /home/wb/ros_ws/install/dwb_msgs/local/lib/python3.10/dist-packages/dwb_msgs/msg/_trajectory2_d_s.c
[18.269s] -- Installing: /home/wb/ros_ws/install/dwb_msgs/local/lib/python3.10/dist-packages/dwb_msgs/msg/_local_plan_evaluation.py
[18.269s] -- Installing: /home/wb/ros_ws/install/dwb_msgs/local/lib/python3.10/dist-packages/dwb_msgs/msg/__init__.py
[18.269s] -- Installing: /home/wb/ros_ws/install/dwb_msgs/local/lib/python3.10/dist-packages/dwb_msgs/msg/_critic_score_s.c
[18.269s] -- Installing: /home/wb/ros_ws/install/dwb_msgs/local/lib/python3.10/dist-packages/dwb_msgs/__init__.py
[18.269s] -- Installing: /home/wb/ros_ws/install/dwb_msgs/local/lib/python3.10/dist-packages/dwb_msgs/libdwb_msgs__rosidl_generator_py.so
[18.269s] -- Installing: /home/wb/ros_ws/install/dwb_msgs/local/lib/python3.10/dist-packages/dwb_msgs/dwb_msgs_s__rosidl_typesupport_c.cpython-310-x86_64-linux-gnu.so
[18.269s] -- Installing: /home/wb/ros_ws/install/dwb_msgs/local/lib/python3.10/dist-packages/dwb_msgs/_dwb_msgs_s.ep.rosidl_typesupport_fastrtps_c.c
[18.375s] Listing '/home/wb/ros_ws/install/dwb_msgs/local/lib/python3.10/dist-packages/dwb_msgs'...
[18.376s] Compiling '/home/wb/ros_ws/install/dwb_msgs/local/lib/python3.10/dist-packages/dwb_msgs/__init__.py'...
[18.376s] Listing '/home/wb/ros_ws/install/dwb_msgs/local/lib/python3.10/dist-packages/dwb_msgs/msg'...
[18.376s] Compiling '/home/wb/ros_ws/install/dwb_msgs/local/lib/python3.10/dist-packages/dwb_msgs/msg/__init__.py'...
[18.376s] Compiling '/home/wb/ros_ws/install/dwb_msgs/local/lib/python3.10/dist-packages/dwb_msgs/msg/_critic_score.py'...
[18.376s] Compiling '/home/wb/ros_ws/install/dwb_msgs/local/lib/python3.10/dist-packages/dwb_msgs/msg/_local_plan_evaluation.py'...
[18.376s] Compiling '/home/wb/ros_ws/install/dwb_msgs/local/lib/python3.10/dist-packages/dwb_msgs/msg/_trajectory2_d.py'...
[18.376s] Compiling '/home/wb/ros_ws/install/dwb_msgs/local/lib/python3.10/dist-packages/dwb_msgs/msg/_trajectory_score.py'...
[18.376s] Listing '/home/wb/ros_ws/install/dwb_msgs/local/lib/python3.10/dist-packages/dwb_msgs/srv'...
[18.376s] Compiling '/home/wb/ros_ws/install/dwb_msgs/local/lib/python3.10/dist-packages/dwb_msgs/srv/__init__.py'...
[18.376s] Compiling '/home/wb/ros_ws/install/dwb_msgs/local/lib/python3.10/dist-packages/dwb_msgs/srv/_debug_local_plan.py'...
[18.377s] Compiling '/home/wb/ros_ws/install/dwb_msgs/local/lib/python3.10/dist-packages/dwb_msgs/srv/_generate_trajectory.py'...
[18.377s] Compiling '/home/wb/ros_ws/install/dwb_msgs/local/lib/python3.10/dist-packages/dwb_msgs/srv/_generate_twists.py'...
[18.377s] Compiling '/home/wb/ros_ws/install/dwb_msgs/local/lib/python3.10/dist-packages/dwb_msgs/srv/_get_critic_score.py'...
[18.377s] Compiling '/home/wb/ros_ws/install/dwb_msgs/local/lib/python3.10/dist-packages/dwb_msgs/srv/_score_trajectory.py'...
[18.383s] -- Installing: /home/wb/ros_ws/install/dwb_msgs/local/lib/python3.10/dist-packages/dwb_msgs/dwb_msgs_s__rosidl_typesupport_fastrtps_c.cpython-310-x86_64-linux-gnu.so
[18.384s] -- Set runtime path of "/home/wb/ros_ws/install/dwb_msgs/local/lib/python3.10/dist-packages/dwb_msgs/dwb_msgs_s__rosidl_typesupport_fastrtps_c.cpython-310-x86_64-linux-gnu.so" to ""
[18.384s] -- Installing: /home/wb/ros_ws/install/dwb_msgs/local/lib/python3.10/dist-packages/dwb_msgs/dwb_msgs_s__rosidl_typesupport_introspection_c.cpython-310-x86_64-linux-gnu.so
[18.384s] -- Set runtime path of "/home/wb/ros_ws/install/dwb_msgs/local/lib/python3.10/dist-packages/dwb_msgs/dwb_msgs_s__rosidl_typesupport_introspection_c.cpython-310-x86_64-linux-gnu.so" to ""
[18.385s] -- Installing: /home/wb/ros_ws/install/dwb_msgs/local/lib/python3.10/dist-packages/dwb_msgs/dwb_msgs_s__rosidl_typesupport_c.cpython-310-x86_64-linux-gnu.so
[18.385s] -- Set runtime path of "/home/wb/ros_ws/install/dwb_msgs/local/lib/python3.10/dist-packages/dwb_msgs/dwb_msgs_s__rosidl_typesupport_c.cpython-310-x86_64-linux-gnu.so" to ""
[18.385s] -- Installing: /home/wb/ros_ws/install/dwb_msgs/lib/libdwb_msgs__rosidl_generator_py.so
[18.390s] -- Set runtime path of "/home/wb/ros_ws/install/dwb_msgs/lib/libdwb_msgs__rosidl_generator_py.so" to ""
[18.390s] -- Installing: /home/wb/ros_ws/install/dwb_msgs/share/dwb_msgs/msg/CriticScore.idl
[18.391s] -- Installing: /home/wb/ros_ws/install/dwb_msgs/share/dwb_msgs/msg/LocalPlanEvaluation.idl
[18.391s] -- Installing: /home/wb/ros_ws/install/dwb_msgs/share/dwb_msgs/msg/Trajectory2D.idl
[18.391s] -- Installing: /home/wb/ros_ws/install/dwb_msgs/share/dwb_msgs/msg/TrajectoryScore.idl
[18.391s] -- Installing: /home/wb/ros_ws/install/dwb_msgs/share/dwb_msgs/srv/DebugLocalPlan.idl
[18.392s] -- Installing: /home/wb/ros_ws/install/dwb_msgs/share/dwb_msgs/srv/GenerateTrajectory.idl
[18.392s] -- Installing: /home/wb/ros_ws/install/dwb_msgs/share/dwb_msgs/srv/GenerateTwists.idl
[18.394s] -- Installing: /home/wb/ros_ws/install/dwb_msgs/share/dwb_msgs/srv/GetCriticScore.idl
[18.394s] -- Installing: /home/wb/ros_ws/install/dwb_msgs/share/dwb_msgs/srv/ScoreTrajectory.idl
[18.395s] -- Installing: /home/wb/ros_ws/install/dwb_msgs/share/dwb_msgs/msg/CriticScore.msg
[18.395s] -- Installing: /home/wb/ros_ws/install/dwb_msgs/share/dwb_msgs/msg/LocalPlanEvaluation.msg
[18.395s] -- Installing: /home/wb/ros_ws/install/dwb_msgs/share/dwb_msgs/msg/Trajectory2D.msg
[18.395s] -- Installing: /home/wb/ros_ws/install/dwb_msgs/share/dwb_msgs/msg/TrajectoryScore.msg
[18.396s] -- Installing: /home/wb/ros_ws/install/dwb_msgs/share/dwb_msgs/srv/DebugLocalPlan.srv
[18.397s] -- Installing: /home/wb/ros_ws/install/dwb_msgs/share/dwb_msgs/srv/DebugLocalPlan_Request.msg
[18.397s] -- Installing: /home/wb/ros_ws/install/dwb_msgs/share/dwb_msgs/srv/DebugLocalPlan_Response.msg
[18.397s] -- Installing: /home/wb/ros_ws/install/dwb_msgs/share/dwb_msgs/srv/GenerateTrajectory.srv
[18.397s] -- Installing: /home/wb/ros_ws/install/dwb_msgs/share/dwb_msgs/srv/GenerateTrajectory_Request.msg
[18.398s] -- Installing: /home/wb/ros_ws/install/dwb_msgs/share/dwb_msgs/srv/GenerateTrajectory_Response.msg
[18.398s] -- Installing: /home/wb/ros_ws/install/dwb_msgs/share/dwb_msgs/srv/GenerateTwists.srv
[18.398s] -- Installing: /home/wb/ros_ws/install/dwb_msgs/share/dwb_msgs/srv/GenerateTwists_Request.msg
[18.399s] -- Installing: /home/wb/ros_ws/install/dwb_msgs/share/dwb_msgs/srv/GenerateTwists_Response.msg
[18.399s] -- Installing: /home/wb/ros_ws/install/dwb_msgs/share/dwb_msgs/srv/GetCriticScore.srv
[18.399s] -- Installing: /home/wb/ros_ws/install/dwb_msgs/share/dwb_msgs/srv/GetCriticScore_Request.msg
[18.399s] -- Installing: /home/wb/ros_ws/install/dwb_msgs/share/dwb_msgs/srv/GetCriticScore_Response.msg
[18.400s] -- Installing: /home/wb/ros_ws/install/dwb_msgs/share/dwb_msgs/srv/ScoreTrajectory.srv
[18.400s] -- Installing: /home/wb/ros_ws/install/dwb_msgs/share/dwb_msgs/srv/ScoreTrajectory_Request.msg
[18.400s] -- Installing: /home/wb/ros_ws/install/dwb_msgs/share/dwb_msgs/srv/ScoreTrajectory_Response.msg
[18.400s] -- Installing: /home/wb/ros_ws/install/dwb_msgs/share/ament_index/resource_index/package_run_dependencies/dwb_msgs
[18.400s] -- Installing: /home/wb/ros_ws/install/dwb_msgs/share/ament_index/resource_index/parent_prefix_path/dwb_msgs
[18.401s] -- Installing: /home/wb/ros_ws/install/dwb_msgs/share/dwb_msgs/environment/ament_prefix_path.sh
[18.401s] -- Installing: /home/wb/ros_ws/install/dwb_msgs/share/dwb_msgs/environment/ament_prefix_path.dsv
[18.401s] -- Installing: /home/wb/ros_ws/install/dwb_msgs/share/dwb_msgs/environment/path.sh
[18.401s] -- Installing: /home/wb/ros_ws/install/dwb_msgs/share/dwb_msgs/environment/path.dsv
[18.402s] -- Installing: /home/wb/ros_ws/install/dwb_msgs/share/dwb_msgs/local_setup.bash
[18.402s] -- Installing: /home/wb/ros_ws/install/dwb_msgs/share/dwb_msgs/local_setup.sh
[18.402s] -- Installing: /home/wb/ros_ws/install/dwb_msgs/share/dwb_msgs/local_setup.zsh
[18.402s] -- Installing: /home/wb/ros_ws/install/dwb_msgs/share/dwb_msgs/local_setup.dsv
[18.402s] -- Installing: /home/wb/ros_ws/install/dwb_msgs/share/dwb_msgs/package.dsv
[18.403s] -- Installing: /home/wb/ros_ws/install/dwb_msgs/share/ament_index/resource_index/packages/dwb_msgs
[18.404s] -- Installing: /home/wb/ros_ws/install/dwb_msgs/share/dwb_msgs/cmake/export_dwb_msgs__rosidl_generator_cExport.cmake
[18.404s] -- Installing: /home/wb/ros_ws/install/dwb_msgs/share/dwb_msgs/cmake/export_dwb_msgs__rosidl_generator_cExport-noconfig.cmake
[18.404s] -- Installing: /home/wb/ros_ws/install/dwb_msgs/share/dwb_msgs/cmake/export_dwb_msgs__rosidl_typesupport_fastrtps_cExport.cmake
[18.404s] -- Installing: /home/wb/ros_ws/install/dwb_msgs/share/dwb_msgs/cmake/export_dwb_msgs__rosidl_typesupport_fastrtps_cExport-noconfig.cmake
[18.404s] -- Installing: /home/wb/ros_ws/install/dwb_msgs/share/dwb_msgs/cmake/export_dwb_msgs__rosidl_generator_cppExport.cmake
[18.405s] -- Installing: /home/wb/ros_ws/install/dwb_msgs/share/dwb_msgs/cmake/export_dwb_msgs__rosidl_typesupport_fastrtps_cppExport.cmake
[18.405s] -- Installing: /home/wb/ros_ws/install/dwb_msgs/share/dwb_msgs/cmake/export_dwb_msgs__rosidl_typesupport_fastrtps_cppExport-noconfig.cmake
[18.405s] -- Installing: /home/wb/ros_ws/install/dwb_msgs/share/dwb_msgs/cmake/dwb_msgs__rosidl_typesupport_introspection_cExport.cmake
[18.405s] -- Installing: /home/wb/ros_ws/install/dwb_msgs/share/dwb_msgs/cmake/dwb_msgs__rosidl_typesupport_introspection_cExport-noconfig.cmake
[18.405s] -- Installing: /home/wb/ros_ws/install/dwb_msgs/share/dwb_msgs/cmake/dwb_msgs__rosidl_typesupport_cExport.cmake
[18.406s] -- Installing: /home/wb/ros_ws/install/dwb_msgs/share/dwb_msgs/cmake/dwb_msgs__rosidl_typesupport_cExport-noconfig.cmake
[18.409s] -- Installing: /home/wb/ros_ws/install/dwb_msgs/share/dwb_msgs/cmake/dwb_msgs__rosidl_typesupport_introspection_cppExport.cmake
[18.410s] -- Installing: /home/wb/ros_ws/install/dwb_msgs/share/dwb_msgs/cmake/dwb_msgs__rosidl_typesupport_introspection_cppExport-noconfig.cmake
[18.410s] -- Installing: /home/wb/ros_ws/install/dwb_msgs/share/dwb_msgs/cmake/dwb_msgs__rosidl_typesupport_cppExport.cmake
[18.410s] -- Installing: /home/wb/ros_ws/install/dwb_msgs/share/dwb_msgs/cmake/dwb_msgs__rosidl_typesupport_cppExport-noconfig.cmake
[18.410s] -- Installing: /home/wb/ros_ws/install/dwb_msgs/share/dwb_msgs/cmake/export_dwb_msgs__rosidl_generator_pyExport.cmake
[18.411s] -- Installing: /home/wb/ros_ws/install/dwb_msgs/share/dwb_msgs/cmake/export_dwb_msgs__rosidl_generator_pyExport-noconfig.cmake
[18.411s] -- Installing: /home/wb/ros_ws/install/dwb_msgs/share/dwb_msgs/cmake/rosidl_cmake-extras.cmake
[18.411s] -- Installing: /home/wb/ros_ws/install/dwb_msgs/share/dwb_msgs/cmake/ament_cmake_export_dependencies-extras.cmake
[18.412s] -- Installing: /home/wb/ros_ws/install/dwb_msgs/share/dwb_msgs/cmake/ament_cmake_export_include_directories-extras.cmake
[18.412s] -- Installing: /home/wb/ros_ws/install/dwb_msgs/share/dwb_msgs/cmake/ament_cmake_export_libraries-extras.cmake
[18.412s] -- Installing: /home/wb/ros_ws/install/dwb_msgs/share/dwb_msgs/cmake/ament_cmake_export_targets-extras.cmake
[18.412s] -- Installing: /home/wb/ros_ws/install/dwb_msgs/share/dwb_msgs/cmake/rosidl_cmake_export_typesupport_targets-extras.cmake
[18.413s] -- Installing: /home/wb/ros_ws/install/dwb_msgs/share/dwb_msgs/cmake/rosidl_cmake_export_typesupport_libraries-extras.cmake
[18.413s] -- Installing: /home/wb/ros_ws/install/dwb_msgs/share/dwb_msgs/cmake/dwb_msgsConfig.cmake
[18.413s] -- Installing: /home/wb/ros_ws/install/dwb_msgs/share/dwb_msgs/cmake/dwb_msgsConfig-version.cmake
[18.413s] -- Installing: /home/wb/ros_ws/install/dwb_msgs/share/dwb_msgs/package.xml
[18.413s] Invoked command in '/home/wb/ros_ws/build/dwb_msgs' returned '0': AMENT_PREFIX_PATH=/home/wb/ros_ws/install/nav_2d_msgs:${AMENT_PREFIX_PATH} CMAKE_PREFIX_PATH=/home/wb/ros_ws/install/nav_2d_msgs:/home/wb/ros_ws/install/simple_robot:/home/wb/ros_ws/install/my_robot_navigation:/home/wb/ros_ws/install/my_robot_simulation:/home/wb/ros_ws/install/my_robot_description:/opt/ros/humble LD_LIBRARY_PATH=/home/wb/ros_ws/install/nav_2d_msgs/lib:${LD_LIBRARY_PATH} PYTHONPATH=/home/wb/ros_ws/install/nav_2d_msgs/local/lib/python3.10/dist-packages:${PYTHONPATH} /usr/bin/cmake --install /home/wb/ros_ws/build/dwb_msgs
