[0.017s] Invoking command in '/home/wb/ros_ws/build/nav2_rviz_plugins': AMENT_PREFIX_PATH=/home/wb/ros_ws/install/nav2_lifecycle_manager:/home/wb/ros_ws/install/nav2_util:/home/wb/ros_ws/install/nav2_msgs:/home/wb/ros_ws/install/nav2_common:${AMENT_PREFIX_PATH} CMAKE_PREFIX_PATH=/home/wb/ros_ws/install/nav2_lifecycle_manager:/home/wb/ros_ws/install/nav2_util:/home/wb/ros_ws/install/nav2_msgs:/home/wb/ros_ws/install/nav2_common:/home/wb/ros_ws/install/simple_robot:/home/wb/ros_ws/install/my_robot_navigation:/home/wb/ros_ws/install/my_robot_simulation:/home/wb/ros_ws/install/my_robot_description:/opt/ros/humble LD_LIBRARY_PATH=/home/wb/ros_ws/install/nav2_lifecycle_manager/lib:/home/wb/ros_ws/install/nav2_util/lib:/home/wb/ros_ws/install/nav2_msgs/lib:${LD_LIBRARY_PATH} PYTHONPATH=/home/wb/ros_ws/install/nav2_msgs/local/lib/python3.10/dist-packages:/home/wb/ros_ws/install/nav2_common/local/lib/python3.10/dist-packages:${PYTHONPATH} /usr/bin/cmake /home/wb/ros_ws/src/navigation2/nav2_rviz_plugins -DCMAKE_INSTALL_PREFIX=/home/wb/ros_ws/install/nav2_rviz_plugins
[0.068s] -- The C compiler identification is GNU 11.4.0
[0.117s] -- The CXX compiler identification is GNU 11.4.0
[0.124s] -- Detecting C compiler ABI info
[0.194s] -- Detecting C compiler ABI info - done
[0.200s] -- Check for working C compiler: /usr/bin/cc - skipped
[0.200s] -- Detecting C compile features
[0.201s] -- Detecting C compile features - done
[0.204s] -- Detecting CXX compiler ABI info
[0.282s] -- Detecting CXX compiler ABI info - done
[0.288s] -- Check for working CXX compiler: /usr/bin/c++ - skipped
[0.288s] -- Detecting CXX compile features
[0.289s] -- Detecting CXX compile features - done
[0.292s] -- Found ament_cmake: 1.3.11 (/opt/ros/humble/share/ament_cmake/cmake)
[0.411s] -- Found Python3: /usr/bin/python3 (found version "3.10.12") found components: Interpreter 
[0.494s] -- Found geometry_msgs: 4.8.0 (/opt/ros/humble/share/geometry_msgs/cmake)
[0.530s] -- Found rosidl_generator_c: 3.1.6 (/opt/ros/humble/share/rosidl_generator_c/cmake)
[0.533s] -- Found rosidl_adapter: 3.1.6 (/opt/ros/humble/share/rosidl_adapter/cmake)
[0.541s] -- Found rosidl_generator_cpp: 3.1.6 (/opt/ros/humble/share/rosidl_generator_cpp/cmake)
[0.553s] -- Using all available rosidl_typesupport_c: rosidl_typesupport_fastrtps_c;rosidl_typesupport_introspection_c
[0.568s] -- Using all available rosidl_typesupport_cpp: rosidl_typesupport_fastrtps_cpp;rosidl_typesupport_introspection_cpp
[0.597s] -- Found nav2_util: 1.1.18 (/home/wb/ros_ws/install/nav2_util/share/nav2_util/cmake)
[0.704s] -- Found rmw_implementation_cmake: 6.1.2 (/opt/ros/humble/share/rmw_implementation_cmake/cmake)
[0.707s] -- Found rmw_fastrtps_cpp: 6.2.7 (/opt/ros/humble/share/rmw_fastrtps_cpp/cmake)
[0.788s] -- Found OpenSSL: /usr/lib/x86_64-linux-gnu/libcrypto.so (found version "3.0.2")  
[0.808s] -- Found FastRTPS: /opt/ros/humble/include  
[0.841s] -- Using RMW implementation 'rmw_fastrtps_cpp' as default
[0.849s] -- Looking for pthread.h
[0.918s] -- Looking for pthread.h - found
[0.920s] -- Performing Test CMAKE_HAVE_LIBC_PTHREAD
[0.998s] -- Performing Test CMAKE_HAVE_LIBC_PTHREAD - Success
[1.000s] -- Found Threads: TRUE  
[1.076s] -- Found eigen3_cmake_module: 0.1.1 (/opt/ros/humble/share/eigen3_cmake_module/cmake)
[1.078s] -- Found Eigen3: TRUE (found version "3.4.0") 
[1.079s] -- Ensuring Eigen3 include directory is part of orocos-kdl CMake target
[1.146s] -- Found nav2_lifecycle_manager: 1.1.18 (/home/wb/ros_ws/install/nav2_lifecycle_manager/share/nav2_lifecycle_manager/cmake)
[1.203s] -- Found pluginlib: 5.1.0 (/opt/ros/humble/share/pluginlib/cmake)
[1.256s] -- Found rviz_common: 11.2.17 (/opt/ros/humble/share/rviz_common/cmake)
[1.265s] -- Setting assimp_DIR to: '/opt/ros/humble/share/rviz_assimp_vendor/cmake/../../../opt/rviz_assimp_vendor/lib/cmake/assimp-4.1'
[1.277s] -- Setting OGRE_DIR to: '/opt/ros/humble/share/rviz_ogre_vendor/cmake/../../../opt/rviz_ogre_vendor/lib/OGRE/cmake'
[1.281s] -- Found OGRE
[1.282s] --   static     : OFF
[1.282s] --   components : HLMS;MeshLodGenerator;Overlay;Paging;Property;RTShaderSystem;Terrain;Volume
[1.282s] --   plugins    : Plugin_BSPSceneManager;Plugin_OctreeSceneManager;Plugin_PCZSceneManager;Plugin_ParticleFX;RenderSystem_GL;RenderSystem_GL3Plus;Codec_STBI
[1.283s] --   media      : /opt/ros/humble/opt/rviz_ogre_vendor/share/OGRE/Media
[1.283s] -- OGRE_LIBRARIES: OgreHLMS;OgreMeshLodGenerator;OgreOverlay;OgrePaging;OgreProperty;OgreRTShaderSystem;OgreTerrain;OgreVolume;OgreMain
[1.284s] -- OGRE_LIBRARY_DIRS: /opt/ros/humble/opt/rviz_ogre_vendor/lib
[1.284s] -- OGRE_PLUGINS: Plugin_BSPSceneManager;Plugin_OctreeSceneManager;Plugin_PCZSceneManager;Plugin_ParticleFX;RenderSystem_GL;RenderSystem_GL3Plus;Codec_STBI
[1.284s] -- OGRE_PLUGIN_DIR: /opt/ros/humble/opt/rviz_ogre_vendor/lib/OGRE
[1.284s] -- rviz_ogre_vendor::OgreOverlay for IMPORTED_LOCATION_RELEASE: /opt/ros/humble/opt/rviz_ogre_vendor/lib/libOgreOverlay.so
[1.284s] -- rviz_ogre_vendor::OgreOverlay for IMPORTED_LOCATION_DEBUG: /opt/ros/humble/opt/rviz_ogre_vendor/lib/libOgreOverlay.so
[1.285s] -- rviz_ogre_vendor::OgreMain for IMPORTED_LOCATION_RELEASE: /opt/ros/humble/opt/rviz_ogre_vendor/lib/libOgreMain.so
[1.285s] -- rviz_ogre_vendor::OgreMain for IMPORTED_LOCATION_DEBUG: /opt/ros/humble/opt/rviz_ogre_vendor/lib/libOgreMain.so
[1.305s] -- Found ZLIB: /usr/lib/x86_64-linux-gnu/libz.so (found version "1.2.11") 
[1.311s] -- Found OpenGL: /usr/lib/x86_64-linux-gnu/libOpenGL.so   
[1.342s] -- Found X11: /usr/include   
[1.343s] -- Looking for XOpenDisplay in /usr/lib/x86_64-linux-gnu/libX11.so;/usr/lib/x86_64-linux-gnu/libXext.so
[1.418s] -- Looking for XOpenDisplay in /usr/lib/x86_64-linux-gnu/libX11.so;/usr/lib/x86_64-linux-gnu/libXext.so - found
[1.420s] -- Looking for gethostbyname
[1.479s] -- Looking for gethostbyname - found
[1.479s] -- Looking for connect
[1.543s] -- Looking for connect - found
[1.543s] -- Looking for remove
[1.613s] -- Looking for remove - found
[1.614s] -- Looking for shmat
[1.685s] -- Looking for shmat - found
[1.685s] -- Looking for IceConnectionNumber in ICE
[1.752s] -- Looking for IceConnectionNumber in ICE - found
[1.836s] -- library: /usr/lib/x86_64-linux-gnu/libcurl.so
[1.892s] -- Found rviz_default_plugins: 11.2.17 (/opt/ros/humble/share/rviz_default_plugins/cmake)
[2.053s] -- Found ament_lint_auto: 0.12.12 (/opt/ros/humble/share/ament_lint_auto/cmake)
[2.122s] -- Added test 'copyright' to check source files copyright and LICENSE
[2.125s] -- Added test 'cppcheck' to perform static code analysis on C / C++ code
[2.125s] -- Configured cppcheck include dirs: /home/wb/ros_ws/src/navigation2/nav2_rviz_plugins/include
[2.126s] -- Configured cppcheck exclude dirs and/or files: 
[2.127s] -- Added test 'cpplint' to check C / C++ code against the Google style
[2.128s] -- Configured cpplint exclude dirs and/or files: 
[2.129s] -- Added test 'lint_cmake' to check CMake code style
[2.131s] -- Added test 'uncrustify' to check C / C++ code style
[2.131s] -- Configured uncrustify additional arguments: 
[2.132s] -- Added test 'xmllint' to check XML markup files
[2.143s] -- Configuring done
[2.241s] -- Generating done
[2.246s] -- Build files have been written to: /home/wb/ros_ws/build/nav2_rviz_plugins
[2.261s] Invoked command in '/home/wb/ros_ws/build/nav2_rviz_plugins' returned '0': AMENT_PREFIX_PATH=/home/wb/ros_ws/install/nav2_lifecycle_manager:/home/wb/ros_ws/install/nav2_util:/home/wb/ros_ws/install/nav2_msgs:/home/wb/ros_ws/install/nav2_common:${AMENT_PREFIX_PATH} CMAKE_PREFIX_PATH=/home/wb/ros_ws/install/nav2_lifecycle_manager:/home/wb/ros_ws/install/nav2_util:/home/wb/ros_ws/install/nav2_msgs:/home/wb/ros_ws/install/nav2_common:/home/wb/ros_ws/install/simple_robot:/home/wb/ros_ws/install/my_robot_navigation:/home/wb/ros_ws/install/my_robot_simulation:/home/wb/ros_ws/install/my_robot_description:/opt/ros/humble LD_LIBRARY_PATH=/home/wb/ros_ws/install/nav2_lifecycle_manager/lib:/home/wb/ros_ws/install/nav2_util/lib:/home/wb/ros_ws/install/nav2_msgs/lib:${LD_LIBRARY_PATH} PYTHONPATH=/home/wb/ros_ws/install/nav2_msgs/local/lib/python3.10/dist-packages:/home/wb/ros_ws/install/nav2_common/local/lib/python3.10/dist-packages:${PYTHONPATH} /usr/bin/cmake /home/wb/ros_ws/src/navigation2/nav2_rviz_plugins -DCMAKE_INSTALL_PREFIX=/home/wb/ros_ws/install/nav2_rviz_plugins
[2.262s] Invoking command in '/home/wb/ros_ws/build/nav2_rviz_plugins': AMENT_PREFIX_PATH=/home/wb/ros_ws/install/nav2_lifecycle_manager:/home/wb/ros_ws/install/nav2_util:/home/wb/ros_ws/install/nav2_msgs:/home/wb/ros_ws/install/nav2_common:${AMENT_PREFIX_PATH} CMAKE_PREFIX_PATH=/home/wb/ros_ws/install/nav2_lifecycle_manager:/home/wb/ros_ws/install/nav2_util:/home/wb/ros_ws/install/nav2_msgs:/home/wb/ros_ws/install/nav2_common:/home/wb/ros_ws/install/simple_robot:/home/wb/ros_ws/install/my_robot_navigation:/home/wb/ros_ws/install/my_robot_simulation:/home/wb/ros_ws/install/my_robot_description:/opt/ros/humble LD_LIBRARY_PATH=/home/wb/ros_ws/install/nav2_lifecycle_manager/lib:/home/wb/ros_ws/install/nav2_util/lib:/home/wb/ros_ws/install/nav2_msgs/lib:${LD_LIBRARY_PATH} PYTHONPATH=/home/wb/ros_ws/install/nav2_msgs/local/lib/python3.10/dist-packages:/home/wb/ros_ws/install/nav2_common/local/lib/python3.10/dist-packages:${PYTHONPATH} /usr/bin/cmake --build /home/wb/ros_ws/build/nav2_rviz_plugins -- -j4 -l4
[2.309s] [ 14%] [34m[1mAutomatic MOC for target nav2_rviz_plugins[0m
[3.113s] [ 14%] Built target nav2_rviz_plugins_autogen
[3.134s] [ 28%] [32mBuilding CXX object CMakeFiles/nav2_rviz_plugins.dir/nav2_rviz_plugins_autogen/mocs_compilation.cpp.o[0m
[14.179s] [ 42%] [32mBuilding CXX object CMakeFiles/nav2_rviz_plugins.dir/src/particle_cloud_display/flat_weighted_arrows_array.cpp.o[0m
[18.066s] [ 57%] [32mBuilding CXX object CMakeFiles/nav2_rviz_plugins.dir/src/particle_cloud_display/particle_cloud_display.cpp.o[0m
[26.595s] [ 71%] [32mBuilding CXX object CMakeFiles/nav2_rviz_plugins.dir/src/nav2_panel.cpp.o[0m
[44.202s] [ 85%] [32mBuilding CXX object CMakeFiles/nav2_rviz_plugins.dir/src/goal_tool.cpp.o[0m
[47.850s] [100%] [32m[1mLinking CXX shared library libnav2_rviz_plugins.so[0m
[52.222s] [100%] Built target nav2_rviz_plugins
[52.235s] Invoked command in '/home/wb/ros_ws/build/nav2_rviz_plugins' returned '0': AMENT_PREFIX_PATH=/home/wb/ros_ws/install/nav2_lifecycle_manager:/home/wb/ros_ws/install/nav2_util:/home/wb/ros_ws/install/nav2_msgs:/home/wb/ros_ws/install/nav2_common:${AMENT_PREFIX_PATH} CMAKE_PREFIX_PATH=/home/wb/ros_ws/install/nav2_lifecycle_manager:/home/wb/ros_ws/install/nav2_util:/home/wb/ros_ws/install/nav2_msgs:/home/wb/ros_ws/install/nav2_common:/home/wb/ros_ws/install/simple_robot:/home/wb/ros_ws/install/my_robot_navigation:/home/wb/ros_ws/install/my_robot_simulation:/home/wb/ros_ws/install/my_robot_description:/opt/ros/humble LD_LIBRARY_PATH=/home/wb/ros_ws/install/nav2_lifecycle_manager/lib:/home/wb/ros_ws/install/nav2_util/lib:/home/wb/ros_ws/install/nav2_msgs/lib:${LD_LIBRARY_PATH} PYTHONPATH=/home/wb/ros_ws/install/nav2_msgs/local/lib/python3.10/dist-packages:/home/wb/ros_ws/install/nav2_common/local/lib/python3.10/dist-packages:${PYTHONPATH} /usr/bin/cmake --build /home/wb/ros_ws/build/nav2_rviz_plugins -- -j4 -l4
[52.236s] Invoking command in '/home/wb/ros_ws/build/nav2_rviz_plugins': AMENT_PREFIX_PATH=/home/wb/ros_ws/install/nav2_lifecycle_manager:/home/wb/ros_ws/install/nav2_util:/home/wb/ros_ws/install/nav2_msgs:/home/wb/ros_ws/install/nav2_common:${AMENT_PREFIX_PATH} CMAKE_PREFIX_PATH=/home/wb/ros_ws/install/nav2_lifecycle_manager:/home/wb/ros_ws/install/nav2_util:/home/wb/ros_ws/install/nav2_msgs:/home/wb/ros_ws/install/nav2_common:/home/wb/ros_ws/install/simple_robot:/home/wb/ros_ws/install/my_robot_navigation:/home/wb/ros_ws/install/my_robot_simulation:/home/wb/ros_ws/install/my_robot_description:/opt/ros/humble LD_LIBRARY_PATH=/home/wb/ros_ws/install/nav2_lifecycle_manager/lib:/home/wb/ros_ws/install/nav2_util/lib:/home/wb/ros_ws/install/nav2_msgs/lib:${LD_LIBRARY_PATH} PYTHONPATH=/home/wb/ros_ws/install/nav2_msgs/local/lib/python3.10/dist-packages:/home/wb/ros_ws/install/nav2_common/local/lib/python3.10/dist-packages:${PYTHONPATH} /usr/bin/cmake --install /home/wb/ros_ws/build/nav2_rviz_plugins
[52.242s] -- Install configuration: ""
[52.244s] -- Installing: /home/wb/ros_ws/install/nav2_rviz_plugins/share/nav2_rviz_plugins/plugins_description.xml
[52.244s] -- Installing: /home/wb/ros_ws/install/nav2_rviz_plugins/lib/libnav2_rviz_plugins.so
[52.271s] -- Set runtime path of "/home/wb/ros_ws/install/nav2_rviz_plugins/lib/libnav2_rviz_plugins.so" to ""
[52.271s] -- Installing: /home/wb/ros_ws/install/nav2_rviz_plugins/include/
[52.271s] -- Installing: /home/wb/ros_ws/install/nav2_rviz_plugins/include//nav2_rviz_plugins
[52.271s] -- Installing: /home/wb/ros_ws/install/nav2_rviz_plugins/include//nav2_rviz_plugins/particle_cloud_display
[52.272s] -- Installing: /home/wb/ros_ws/install/nav2_rviz_plugins/include//nav2_rviz_plugins/particle_cloud_display/flat_weighted_arrows_array.hpp
[52.272s] -- Installing: /home/wb/ros_ws/install/nav2_rviz_plugins/include//nav2_rviz_plugins/particle_cloud_display/particle_cloud_display.hpp
[52.272s] -- Installing: /home/wb/ros_ws/install/nav2_rviz_plugins/include//nav2_rviz_plugins/ros_action_qevent.hpp
[52.272s] -- Installing: /home/wb/ros_ws/install/nav2_rviz_plugins/include//nav2_rviz_plugins/goal_common.hpp
[52.272s] -- Installing: /home/wb/ros_ws/install/nav2_rviz_plugins/include//nav2_rviz_plugins/goal_tool.hpp
[52.273s] -- Installing: /home/wb/ros_ws/install/nav2_rviz_plugins/include//nav2_rviz_plugins/goal_pose_updater.hpp
[52.273s] -- Installing: /home/wb/ros_ws/install/nav2_rviz_plugins/include//nav2_rviz_plugins/nav2_panel.hpp
[52.273s] -- Installing: /home/wb/ros_ws/install/nav2_rviz_plugins/share/nav2_rviz_plugins/environment/library_path.sh
[52.273s] -- Installing: /home/wb/ros_ws/install/nav2_rviz_plugins/share/nav2_rviz_plugins/environment/library_path.dsv
[52.273s] -- Installing: /home/wb/ros_ws/install/nav2_rviz_plugins/share/ament_index/resource_index/package_run_dependencies/nav2_rviz_plugins
[52.273s] -- Installing: /home/wb/ros_ws/install/nav2_rviz_plugins/share/ament_index/resource_index/parent_prefix_path/nav2_rviz_plugins
[52.273s] -- Installing: /home/wb/ros_ws/install/nav2_rviz_plugins/share/nav2_rviz_plugins/environment/ament_prefix_path.sh
[52.274s] -- Installing: /home/wb/ros_ws/install/nav2_rviz_plugins/share/nav2_rviz_plugins/environment/ament_prefix_path.dsv
[52.274s] -- Installing: /home/wb/ros_ws/install/nav2_rviz_plugins/share/nav2_rviz_plugins/environment/path.sh
[52.275s] -- Installing: /home/wb/ros_ws/install/nav2_rviz_plugins/share/nav2_rviz_plugins/environment/path.dsv
[52.275s] -- Installing: /home/wb/ros_ws/install/nav2_rviz_plugins/share/nav2_rviz_plugins/local_setup.bash
[52.275s] -- Installing: /home/wb/ros_ws/install/nav2_rviz_plugins/share/nav2_rviz_plugins/local_setup.sh
[52.275s] -- Installing: /home/wb/ros_ws/install/nav2_rviz_plugins/share/nav2_rviz_plugins/local_setup.zsh
[52.275s] -- Installing: /home/wb/ros_ws/install/nav2_rviz_plugins/share/nav2_rviz_plugins/local_setup.dsv
[52.275s] -- Installing: /home/wb/ros_ws/install/nav2_rviz_plugins/share/nav2_rviz_plugins/package.dsv
[52.275s] -- Installing: /home/wb/ros_ws/install/nav2_rviz_plugins/share/ament_index/resource_index/packages/nav2_rviz_plugins
[52.275s] -- Installing: /home/wb/ros_ws/install/nav2_rviz_plugins/share/ament_index/resource_index/rviz_common__pluginlib__plugin/nav2_rviz_plugins
[52.275s] -- Installing: /home/wb/ros_ws/install/nav2_rviz_plugins/share/nav2_rviz_plugins/cmake/nav2_rviz_pluginsExport.cmake
[52.276s] -- Installing: /home/wb/ros_ws/install/nav2_rviz_plugins/share/nav2_rviz_plugins/cmake/nav2_rviz_pluginsExport-noconfig.cmake
[52.276s] -- Installing: /home/wb/ros_ws/install/nav2_rviz_plugins/share/nav2_rviz_plugins/cmake/ament_cmake_export_include_directories-extras.cmake
[52.276s] -- Installing: /home/wb/ros_ws/install/nav2_rviz_plugins/share/nav2_rviz_plugins/cmake/ament_cmake_export_targets-extras.cmake
[52.276s] -- Installing: /home/wb/ros_ws/install/nav2_rviz_plugins/share/nav2_rviz_plugins/cmake/ament_cmake_export_dependencies-extras.cmake
[52.276s] -- Installing: /home/wb/ros_ws/install/nav2_rviz_plugins/share/nav2_rviz_plugins/cmake/nav2_rviz_pluginsConfig.cmake
[52.276s] -- Installing: /home/wb/ros_ws/install/nav2_rviz_plugins/share/nav2_rviz_plugins/cmake/nav2_rviz_pluginsConfig-version.cmake
[52.276s] -- Installing: /home/wb/ros_ws/install/nav2_rviz_plugins/share/nav2_rviz_plugins/package.xml
[52.276s] Invoked command in '/home/wb/ros_ws/build/nav2_rviz_plugins' returned '0': AMENT_PREFIX_PATH=/home/wb/ros_ws/install/nav2_lifecycle_manager:/home/wb/ros_ws/install/nav2_util:/home/wb/ros_ws/install/nav2_msgs:/home/wb/ros_ws/install/nav2_common:${AMENT_PREFIX_PATH} CMAKE_PREFIX_PATH=/home/wb/ros_ws/install/nav2_lifecycle_manager:/home/wb/ros_ws/install/nav2_util:/home/wb/ros_ws/install/nav2_msgs:/home/wb/ros_ws/install/nav2_common:/home/wb/ros_ws/install/simple_robot:/home/wb/ros_ws/install/my_robot_navigation:/home/wb/ros_ws/install/my_robot_simulation:/home/wb/ros_ws/install/my_robot_description:/opt/ros/humble LD_LIBRARY_PATH=/home/wb/ros_ws/install/nav2_lifecycle_manager/lib:/home/wb/ros_ws/install/nav2_util/lib:/home/wb/ros_ws/install/nav2_msgs/lib:${LD_LIBRARY_PATH} PYTHONPATH=/home/wb/ros_ws/install/nav2_msgs/local/lib/python3.10/dist-packages:/home/wb/ros_ws/install/nav2_common/local/lib/python3.10/dist-packages:${PYTHONPATH} /usr/bin/cmake --install /home/wb/ros_ws/build/nav2_rviz_plugins
