-- Found ament_cmake: 1.3.11 (/opt/ros/humble/share/ament_cmake/cmake)
-- Override CMake install command with custom implementation using symlinks instead of copying resources
-- Found nav2_common: 1.1.18 (/home/wb/ros_ws/install/nav2_common/share/nav2_common/cmake)
-- Found nav2_core: 1.1.18 (/home/wb/ros_ws/install/nav2_core/share/nav2_core/cmake)
-- Found rosidl_generator_c: 3.1.6 (/opt/ros/humble/share/rosidl_generator_c/cmake)
-- Found rosidl_adapter: 3.1.6 (/opt/ros/humble/share/rosidl_adapter/cmake)
-- Found rosidl_generator_cpp: 3.1.6 (/opt/ros/humble/share/rosidl_generator_cpp/cmake)
-- Using all available rosidl_typesupport_c: rosidl_typesupport_fastrtps_c;rosidl_typesupport_introspection_c
-- Using all available rosidl_typesupport_cpp: rosidl_typesupport_fastrtps_cpp;rosidl_typesupport_introspection_cpp
-- Found rmw_implementation_cmake: 6.1.2 (/opt/ros/humble/share/rmw_implementation_cmake/cmake)
-- Found rmw_fastrtps_cpp: 6.2.7 (/opt/ros/humble/share/rmw_fastrtps_cpp/cmake)
-- Using RMW implementation 'rmw_fastrtps_cpp' as default
-- Ensuring Eigen3 include directory is part of orocos-kdl CMake target
-- Found nav_2d_utils: 1.1.18 (/home/wb/ros_ws/install/nav_2d_utils/share/nav_2d_utils/cmake)
-- Found ament_lint_auto: 0.12.12 (/opt/ros/humble/share/ament_lint_auto/cmake)
-- Found gtest sources under '/opt/ros/humble/src/gtest_vendor': C++ tests using 'Google Test' will be built
-- Added test 'cppcheck' to perform static code analysis on C / C++ code
-- Configured cppcheck include dirs: /home/wb/ros_ws/src/navigation2/nav2_graceful_controller/include
-- Configured cppcheck exclude dirs and/or files: 
-- Added test 'cpplint' to check C / C++ code against the Google style
-- Configured cpplint exclude dirs and/or files: 
-- Added test 'lint_cmake' to check CMake code style
-- Added test 'uncrustify' to check C / C++ code style
-- Configured uncrustify additional arguments: 
-- Added test 'xmllint' to check XML markup files
-- Configuring done
-- Generating done
-- Build files have been written to: /home/wb/ros_ws/build/nav2_graceful_controller
[35m[1mConsolidate compiler generated dependencies of target gtest_main[0m
[35m[1mConsolidate compiler generated dependencies of target gtest[0m
[35m[1mConsolidate compiler generated dependencies of target smooth_control_law[0m
[ 13%] Built target gtest_main
[ 26%] Built target smooth_control_law
[ 40%] Built target gtest
[35m[1mConsolidate compiler generated dependencies of target nav2_graceful_controller[0m
[35m[1mConsolidate compiler generated dependencies of target test_egopolar[0m
[ 53%] Built target test_egopolar
[ 86%] Built target nav2_graceful_controller
[35m[1mConsolidate compiler generated dependencies of target test_graceful_controller[0m
[100%] Built target test_graceful_controller
-- Install configuration: "Release"
-- Execute custom install script
-- Up-to-date symlink: /home/wb/ros_ws/install/nav2_graceful_controller/lib/libsmooth_control_law.so
-- Up-to-date symlink: /home/wb/ros_ws/install/nav2_graceful_controller/lib/libnav2_graceful_controller.so
-- Up-to-date symlink: /home/wb/ros_ws/install/nav2_graceful_controller/include//nav2_graceful_controller/ego_polar_coords.hpp
-- Up-to-date symlink: /home/wb/ros_ws/install/nav2_graceful_controller/include//nav2_graceful_controller/graceful_controller.hpp
-- Up-to-date symlink: /home/wb/ros_ws/install/nav2_graceful_controller/include//nav2_graceful_controller/parameter_handler.hpp
-- Up-to-date symlink: /home/wb/ros_ws/install/nav2_graceful_controller/include//nav2_graceful_controller/path_handler.hpp
-- Up-to-date symlink: /home/wb/ros_ws/install/nav2_graceful_controller/include//nav2_graceful_controller/smooth_control_law.hpp
-- Up-to-date symlink: /home/wb/ros_ws/install/nav2_graceful_controller/include//nav2_graceful_controller/utils.hpp
-- Up-to-date symlink: /home/wb/ros_ws/install/nav2_graceful_controller/share/nav2_graceful_controller/environment/library_path.sh
-- Up-to-date symlink: /home/wb/ros_ws/install/nav2_graceful_controller/share/nav2_graceful_controller/environment/library_path.dsv
-- Up-to-date symlink: /home/wb/ros_ws/install/nav2_graceful_controller/share/nav2_graceful_controller//graceful_controller_plugin.xml
-- Up-to-date symlink: /home/wb/ros_ws/install/nav2_graceful_controller/share/ament_index/resource_index/package_run_dependencies/nav2_graceful_controller
-- Up-to-date symlink: /home/wb/ros_ws/install/nav2_graceful_controller/share/ament_index/resource_index/parent_prefix_path/nav2_graceful_controller
-- Up-to-date symlink: /home/wb/ros_ws/install/nav2_graceful_controller/share/nav2_graceful_controller/environment/ament_prefix_path.sh
-- Up-to-date symlink: /home/wb/ros_ws/install/nav2_graceful_controller/share/nav2_graceful_controller/environment/ament_prefix_path.dsv
-- Up-to-date symlink: /home/wb/ros_ws/install/nav2_graceful_controller/share/nav2_graceful_controller/environment/path.sh
-- Up-to-date symlink: /home/wb/ros_ws/install/nav2_graceful_controller/share/nav2_graceful_controller/environment/path.dsv
-- Up-to-date symlink: /home/wb/ros_ws/install/nav2_graceful_controller/share/nav2_graceful_controller/local_setup.bash
-- Up-to-date symlink: /home/wb/ros_ws/install/nav2_graceful_controller/share/nav2_graceful_controller/local_setup.sh
-- Up-to-date symlink: /home/wb/ros_ws/install/nav2_graceful_controller/share/nav2_graceful_controller/local_setup.zsh
-- Up-to-date symlink: /home/wb/ros_ws/install/nav2_graceful_controller/share/nav2_graceful_controller/local_setup.dsv
-- Symlinking: /home/wb/ros_ws/install/nav2_graceful_controller/share/nav2_graceful_controller/package.dsv
-- Up-to-date symlink: /home/wb/ros_ws/install/nav2_graceful_controller/share/ament_index/resource_index/packages/nav2_graceful_controller
-- Up-to-date symlink: /home/wb/ros_ws/install/nav2_graceful_controller/share/ament_index/resource_index/nav2_core__pluginlib__plugin/nav2_graceful_controller
-- Up-to-date symlink: /home/wb/ros_ws/install/nav2_graceful_controller/share/nav2_graceful_controller/cmake/ament_cmake_export_include_directories-extras.cmake
-- Up-to-date symlink: /home/wb/ros_ws/install/nav2_graceful_controller/share/nav2_graceful_controller/cmake/ament_cmake_export_libraries-extras.cmake
-- Up-to-date symlink: /home/wb/ros_ws/install/nav2_graceful_controller/share/nav2_graceful_controller/cmake/ament_cmake_export_dependencies-extras.cmake
-- Up-to-date symlink: /home/wb/ros_ws/install/nav2_graceful_controller/share/nav2_graceful_controller/cmake/nav2_graceful_controllerConfig.cmake
-- Up-to-date symlink: /home/wb/ros_ws/install/nav2_graceful_controller/share/nav2_graceful_controller/cmake/nav2_graceful_controllerConfig-version.cmake
-- Up-to-date symlink: /home/wb/ros_ws/install/nav2_graceful_controller/share/nav2_graceful_controller/package.xml
