[0.121s] DEBUG:colcon:Command line arguments: ['/usr/bin/colcon', 'build']
[0.121s] DEBUG:colcon:Parsed command line arguments: Namespace(log_base=None, log_level=None, verb_name='build', build_base='build', install_base='install', merge_install=False, symlink_install=False, test_result_base=None, continue_on_error=False, executor='parallel', parallel_workers=4, event_handlers=None, ignore_user_meta=False, metas=['./colcon.meta'], base_paths=['.'], packages_ignore=None, packages_ignore_regex=None, paths=None, packages_up_to=None, packages_up_to_regex=None, packages_above=None, packages_above_and_dependencies=None, packages_above_depth=None, packages_select_by_dep=None, packages_skip_by_dep=None, packages_skip_up_to=None, packages_select_build_failed=False, packages_skip_build_finished=False, packages_select_test_failures=False, packages_skip_test_passed=False, packages_select=None, packages_skip=None, packages_select_regex=None, packages_skip_regex=None, packages_start=None, packages_end=None, allow_overriding=[], cmake_args=None, cmake_target=None, cmake_target_skip_unavailable=False, cmake_clean_cache=False, cmake_clean_first=False, cmake_force_configure=False, ament_cmake_args=None, catkin_cmake_args=None, catkin_skip_building_tests=False, mixin_files=None, mixin=None, verb_parser=<colcon_mixin.mixin.mixin_argument.MixinArgumentDecorator object at 0x7ea28022bc10>, verb_extension=<colcon_core.verb.build.BuildVerb object at 0x7ea28022b5b0>, main=<bound method BuildVerb.main of <colcon_core.verb.build.BuildVerb object at 0x7ea28022b5b0>>, mixin_verb=('build',))
[0.328s] Level 1:colcon.colcon_core.package_discovery:discover_packages(colcon_meta) check parameters
[0.328s] Level 1:colcon.colcon_core.package_discovery:discover_packages(recursive) check parameters
[0.328s] Level 1:colcon.colcon_core.package_discovery:discover_packages(ignore) check parameters
[0.328s] Level 1:colcon.colcon_core.package_discovery:discover_packages(path) check parameters
[0.328s] Level 1:colcon.colcon_core.package_discovery:discover_packages(colcon_meta) discover
[0.328s] Level 1:colcon.colcon_core.package_discovery:discover_packages(recursive) discover
[0.328s] INFO:colcon.colcon_core.package_discovery:Crawling recursively for packages in '/home/wb/ros_ws'
[0.329s] Level 1:colcon.colcon_core.package_identification:_identify(.) by extensions ['ignore', 'ignore_ament_install']
[0.329s] Level 1:colcon.colcon_core.package_identification:_identify(.) by extension 'ignore'
[0.329s] Level 1:colcon.colcon_core.package_identification:_identify(.) by extension 'ignore_ament_install'
[0.329s] Level 1:colcon.colcon_core.package_identification:_identify(.) by extensions ['colcon_pkg']
[0.329s] Level 1:colcon.colcon_core.package_identification:_identify(.) by extension 'colcon_pkg'
[0.329s] Level 1:colcon.colcon_core.package_identification:_identify(.) by extensions ['colcon_meta']
[0.329s] Level 1:colcon.colcon_core.package_identification:_identify(.) by extension 'colcon_meta'
[0.329s] Level 1:colcon.colcon_core.package_identification:_identify(.) by extensions ['ros']
[0.329s] Level 1:colcon.colcon_core.package_identification:_identify(.) by extension 'ros'
[0.336s] Level 1:colcon.colcon_core.package_identification:_identify(.) by extensions ['cmake', 'python']
[0.336s] Level 1:colcon.colcon_core.package_identification:_identify(.) by extension 'cmake'
[0.336s] Level 1:colcon.colcon_core.package_identification:_identify(.) by extension 'python'
[0.336s] Level 1:colcon.colcon_core.package_identification:_identify(.) by extensions ['python_setup_py']
[0.336s] Level 1:colcon.colcon_core.package_identification:_identify(.) by extension 'python_setup_py'
[0.337s] Level 1:colcon.colcon_core.package_identification:_identify(build) by extensions ['ignore', 'ignore_ament_install']
[0.337s] Level 1:colcon.colcon_core.package_identification:_identify(build) by extension 'ignore'
[0.337s] Level 1:colcon.colcon_core.package_identification:_identify(build) ignored
[0.337s] Level 1:colcon.colcon_core.package_identification:_identify(install) by extensions ['ignore', 'ignore_ament_install']
[0.337s] Level 1:colcon.colcon_core.package_identification:_identify(install) by extension 'ignore'
[0.337s] Level 1:colcon.colcon_core.package_identification:_identify(install) ignored
[0.337s] Level 1:colcon.colcon_core.package_identification:_identify(log) by extensions ['ignore', 'ignore_ament_install']
[0.337s] Level 1:colcon.colcon_core.package_identification:_identify(log) by extension 'ignore'
[0.337s] Level 1:colcon.colcon_core.package_identification:_identify(log) ignored
[0.337s] Level 1:colcon.colcon_core.package_identification:_identify(src) by extensions ['ignore', 'ignore_ament_install']
[0.337s] Level 1:colcon.colcon_core.package_identification:_identify(src) by extension 'ignore'
[0.337s] Level 1:colcon.colcon_core.package_identification:_identify(src) by extension 'ignore_ament_install'
[0.337s] Level 1:colcon.colcon_core.package_identification:_identify(src) by extensions ['colcon_pkg']
[0.337s] Level 1:colcon.colcon_core.package_identification:_identify(src) by extension 'colcon_pkg'
[0.337s] Level 1:colcon.colcon_core.package_identification:_identify(src) by extensions ['colcon_meta']
[0.337s] Level 1:colcon.colcon_core.package_identification:_identify(src) by extension 'colcon_meta'
[0.337s] Level 1:colcon.colcon_core.package_identification:_identify(src) by extensions ['ros']
[0.337s] Level 1:colcon.colcon_core.package_identification:_identify(src) by extension 'ros'
[0.338s] Level 1:colcon.colcon_core.package_identification:_identify(src) by extensions ['cmake', 'python']
[0.338s] Level 1:colcon.colcon_core.package_identification:_identify(src) by extension 'cmake'
[0.338s] Level 1:colcon.colcon_core.package_identification:_identify(src) by extension 'python'
[0.338s] Level 1:colcon.colcon_core.package_identification:_identify(src) by extensions ['python_setup_py']
[0.338s] Level 1:colcon.colcon_core.package_identification:_identify(src) by extension 'python_setup_py'
[0.338s] Level 1:colcon.colcon_core.package_identification:_identify(src/my_robot_description) by extensions ['ignore', 'ignore_ament_install']
[0.338s] Level 1:colcon.colcon_core.package_identification:_identify(src/my_robot_description) by extension 'ignore'
[0.338s] Level 1:colcon.colcon_core.package_identification:_identify(src/my_robot_description) by extension 'ignore_ament_install'
[0.338s] Level 1:colcon.colcon_core.package_identification:_identify(src/my_robot_description) by extensions ['colcon_pkg']
[0.338s] Level 1:colcon.colcon_core.package_identification:_identify(src/my_robot_description) by extension 'colcon_pkg'
[0.338s] Level 1:colcon.colcon_core.package_identification:_identify(src/my_robot_description) by extensions ['colcon_meta']
[0.338s] Level 1:colcon.colcon_core.package_identification:_identify(src/my_robot_description) by extension 'colcon_meta'
[0.338s] Level 1:colcon.colcon_core.package_identification:_identify(src/my_robot_description) by extensions ['ros']
[0.338s] Level 1:colcon.colcon_core.package_identification:_identify(src/my_robot_description) by extension 'ros'
[0.340s] DEBUG:colcon.colcon_core.package_identification:Package 'src/my_robot_description' with type 'ros.ament_cmake' and name 'my_robot_description'
[0.340s] Level 1:colcon.colcon_core.package_identification:_identify(src/my_robot_navigation) by extensions ['ignore', 'ignore_ament_install']
[0.340s] Level 1:colcon.colcon_core.package_identification:_identify(src/my_robot_navigation) by extension 'ignore'
[0.340s] Level 1:colcon.colcon_core.package_identification:_identify(src/my_robot_navigation) by extension 'ignore_ament_install'
[0.340s] Level 1:colcon.colcon_core.package_identification:_identify(src/my_robot_navigation) by extensions ['colcon_pkg']
[0.340s] Level 1:colcon.colcon_core.package_identification:_identify(src/my_robot_navigation) by extension 'colcon_pkg'
[0.340s] Level 1:colcon.colcon_core.package_identification:_identify(src/my_robot_navigation) by extensions ['colcon_meta']
[0.340s] Level 1:colcon.colcon_core.package_identification:_identify(src/my_robot_navigation) by extension 'colcon_meta'
[0.340s] Level 1:colcon.colcon_core.package_identification:_identify(src/my_robot_navigation) by extensions ['ros']
[0.340s] Level 1:colcon.colcon_core.package_identification:_identify(src/my_robot_navigation) by extension 'ros'
[0.342s] DEBUG:colcon.colcon_core.package_identification:Package 'src/my_robot_navigation' with type 'ros.ament_cmake' and name 'my_robot_navigation'
[0.342s] Level 1:colcon.colcon_core.package_identification:_identify(src/my_robot_simulation) by extensions ['ignore', 'ignore_ament_install']
[0.342s] Level 1:colcon.colcon_core.package_identification:_identify(src/my_robot_simulation) by extension 'ignore'
[0.342s] Level 1:colcon.colcon_core.package_identification:_identify(src/my_robot_simulation) by extension 'ignore_ament_install'
[0.342s] Level 1:colcon.colcon_core.package_identification:_identify(src/my_robot_simulation) by extensions ['colcon_pkg']
[0.342s] Level 1:colcon.colcon_core.package_identification:_identify(src/my_robot_simulation) by extension 'colcon_pkg'
[0.342s] Level 1:colcon.colcon_core.package_identification:_identify(src/my_robot_simulation) by extensions ['colcon_meta']
[0.342s] Level 1:colcon.colcon_core.package_identification:_identify(src/my_robot_simulation) by extension 'colcon_meta'
[0.342s] Level 1:colcon.colcon_core.package_identification:_identify(src/my_robot_simulation) by extensions ['ros']
[0.342s] Level 1:colcon.colcon_core.package_identification:_identify(src/my_robot_simulation) by extension 'ros'
[0.343s] DEBUG:colcon.colcon_core.package_identification:Package 'src/my_robot_simulation' with type 'ros.ament_cmake' and name 'my_robot_simulation'
[0.343s] Level 1:colcon.colcon_core.package_discovery:discover_packages(recursive) using defaults
[0.343s] Level 1:colcon.colcon_core.package_discovery:discover_packages(ignore) discover
[0.343s] Level 1:colcon.colcon_core.package_discovery:discover_packages(ignore) using defaults
[0.343s] Level 1:colcon.colcon_core.package_discovery:discover_packages(path) discover
[0.343s] Level 1:colcon.colcon_core.package_discovery:discover_packages(path) using defaults
[0.373s] Level 1:colcon.colcon_core.package_discovery:discover_packages(prefix_path) check parameters
[0.373s] Level 1:colcon.colcon_core.package_discovery:discover_packages(prefix_path) discover
[0.376s] DEBUG:colcon.colcon_installed_package_information.package_discovery:Found 4 installed packages in /home/wb/ros_ws/install
[0.377s] DEBUG:colcon.colcon_installed_package_information.package_discovery:Found 267 installed packages in /opt/ros/humble
[0.378s] Level 1:colcon.colcon_core.package_discovery:discover_packages(prefix_path) using defaults
[0.401s] Level 5:colcon.colcon_core.verb:set package 'my_robot_description' build argument 'cmake_args' from command line to 'None'
[0.401s] Level 5:colcon.colcon_core.verb:set package 'my_robot_description' build argument 'cmake_target' from command line to 'None'
[0.401s] Level 5:colcon.colcon_core.verb:set package 'my_robot_description' build argument 'cmake_target_skip_unavailable' from command line to 'False'
[0.401s] Level 5:colcon.colcon_core.verb:set package 'my_robot_description' build argument 'cmake_clean_cache' from command line to 'False'
[0.401s] Level 5:colcon.colcon_core.verb:set package 'my_robot_description' build argument 'cmake_clean_first' from command line to 'False'
[0.401s] Level 5:colcon.colcon_core.verb:set package 'my_robot_description' build argument 'cmake_force_configure' from command line to 'False'
[0.401s] Level 5:colcon.colcon_core.verb:set package 'my_robot_description' build argument 'ament_cmake_args' from command line to 'None'
[0.401s] Level 5:colcon.colcon_core.verb:set package 'my_robot_description' build argument 'catkin_cmake_args' from command line to 'None'
[0.401s] Level 5:colcon.colcon_core.verb:set package 'my_robot_description' build argument 'catkin_skip_building_tests' from command line to 'False'
[0.402s] DEBUG:colcon.colcon_core.verb:Building package 'my_robot_description' with the following arguments: {'ament_cmake_args': None, 'build_base': '/home/wb/ros_ws/build/my_robot_description', 'catkin_cmake_args': None, 'catkin_skip_building_tests': False, 'cmake_args': None, 'cmake_clean_cache': False, 'cmake_clean_first': False, 'cmake_force_configure': False, 'cmake_target': None, 'cmake_target_skip_unavailable': False, 'install_base': '/home/wb/ros_ws/install/my_robot_description', 'merge_install': False, 'path': '/home/wb/ros_ws/src/my_robot_description', 'symlink_install': False, 'test_result_base': None}
[0.402s] Level 5:colcon.colcon_core.verb:set package 'my_robot_simulation' build argument 'cmake_args' from command line to 'None'
[0.402s] Level 5:colcon.colcon_core.verb:set package 'my_robot_simulation' build argument 'cmake_target' from command line to 'None'
[0.402s] Level 5:colcon.colcon_core.verb:set package 'my_robot_simulation' build argument 'cmake_target_skip_unavailable' from command line to 'False'
[0.402s] Level 5:colcon.colcon_core.verb:set package 'my_robot_simulation' build argument 'cmake_clean_cache' from command line to 'False'
[0.402s] Level 5:colcon.colcon_core.verb:set package 'my_robot_simulation' build argument 'cmake_clean_first' from command line to 'False'
[0.402s] Level 5:colcon.colcon_core.verb:set package 'my_robot_simulation' build argument 'cmake_force_configure' from command line to 'False'
[0.402s] Level 5:colcon.colcon_core.verb:set package 'my_robot_simulation' build argument 'ament_cmake_args' from command line to 'None'
[0.402s] Level 5:colcon.colcon_core.verb:set package 'my_robot_simulation' build argument 'catkin_cmake_args' from command line to 'None'
[0.402s] Level 5:colcon.colcon_core.verb:set package 'my_robot_simulation' build argument 'catkin_skip_building_tests' from command line to 'False'
[0.402s] DEBUG:colcon.colcon_core.verb:Building package 'my_robot_simulation' with the following arguments: {'ament_cmake_args': None, 'build_base': '/home/wb/ros_ws/build/my_robot_simulation', 'catkin_cmake_args': None, 'catkin_skip_building_tests': False, 'cmake_args': None, 'cmake_clean_cache': False, 'cmake_clean_first': False, 'cmake_force_configure': False, 'cmake_target': None, 'cmake_target_skip_unavailable': False, 'install_base': '/home/wb/ros_ws/install/my_robot_simulation', 'merge_install': False, 'path': '/home/wb/ros_ws/src/my_robot_simulation', 'symlink_install': False, 'test_result_base': None}
[0.402s] Level 5:colcon.colcon_core.verb:set package 'my_robot_navigation' build argument 'cmake_args' from command line to 'None'
[0.402s] Level 5:colcon.colcon_core.verb:set package 'my_robot_navigation' build argument 'cmake_target' from command line to 'None'
[0.402s] Level 5:colcon.colcon_core.verb:set package 'my_robot_navigation' build argument 'cmake_target_skip_unavailable' from command line to 'False'
[0.402s] Level 5:colcon.colcon_core.verb:set package 'my_robot_navigation' build argument 'cmake_clean_cache' from command line to 'False'
[0.402s] Level 5:colcon.colcon_core.verb:set package 'my_robot_navigation' build argument 'cmake_clean_first' from command line to 'False'
[0.402s] Level 5:colcon.colcon_core.verb:set package 'my_robot_navigation' build argument 'cmake_force_configure' from command line to 'False'
[0.402s] Level 5:colcon.colcon_core.verb:set package 'my_robot_navigation' build argument 'ament_cmake_args' from command line to 'None'
[0.402s] Level 5:colcon.colcon_core.verb:set package 'my_robot_navigation' build argument 'catkin_cmake_args' from command line to 'None'
[0.402s] Level 5:colcon.colcon_core.verb:set package 'my_robot_navigation' build argument 'catkin_skip_building_tests' from command line to 'False'
[0.402s] DEBUG:colcon.colcon_core.verb:Building package 'my_robot_navigation' with the following arguments: {'ament_cmake_args': None, 'build_base': '/home/wb/ros_ws/build/my_robot_navigation', 'catkin_cmake_args': None, 'catkin_skip_building_tests': False, 'cmake_args': None, 'cmake_clean_cache': False, 'cmake_clean_first': False, 'cmake_force_configure': False, 'cmake_target': None, 'cmake_target_skip_unavailable': False, 'install_base': '/home/wb/ros_ws/install/my_robot_navigation', 'merge_install': False, 'path': '/home/wb/ros_ws/src/my_robot_navigation', 'symlink_install': False, 'test_result_base': None}
[0.402s] INFO:colcon.colcon_core.executor:Executing jobs using 'parallel' executor
[0.403s] DEBUG:colcon.colcon_parallel_executor.executor.parallel:run_until_complete
[0.403s] INFO:colcon.colcon_ros.task.ament_cmake.build:Building ROS package in '/home/wb/ros_ws/src/my_robot_description' with build type 'ament_cmake'
[0.403s] INFO:colcon.colcon_cmake.task.cmake.build:Building CMake package in '/home/wb/ros_ws/src/my_robot_description'
[0.407s] INFO:colcon.colcon_core.plugin_system:Skipping extension 'colcon_core.shell.bat': Not used on non-Windows systems
[0.407s] INFO:colcon.colcon_core.shell:Skip shell extension 'powershell' for command environment: Not usable outside of PowerShell
[0.407s] DEBUG:colcon.colcon_core.shell:Skip shell extension 'dsv' for command environment
[0.411s] INFO:colcon.colcon_ros.task.ament_cmake.build:Building ROS package in '/home/wb/ros_ws/src/my_robot_simulation' with build type 'ament_cmake'
[0.411s] INFO:colcon.colcon_cmake.task.cmake.build:Building CMake package in '/home/wb/ros_ws/src/my_robot_simulation'
[0.411s] INFO:colcon.colcon_core.shell:Skip shell extension 'powershell' for command environment: Not usable outside of PowerShell
[0.411s] DEBUG:colcon.colcon_core.shell:Skip shell extension 'dsv' for command environment
[0.416s] DEBUG:colcon.colcon_core.event_handler.log_command:Invoking command in '/home/wb/ros_ws/build/my_robot_description': CMAKE_PREFIX_PATH=${CMAKE_PREFIX_PATH}:/opt/ros/humble /usr/bin/cmake --build /home/wb/ros_ws/build/my_robot_description -- -j4 -l4
[0.421s] DEBUG:colcon.colcon_core.event_handler.log_command:Invoking command in '/home/wb/ros_ws/build/my_robot_simulation': CMAKE_PREFIX_PATH=${CMAKE_PREFIX_PATH}:/opt/ros/humble /usr/bin/cmake --build /home/wb/ros_ws/build/my_robot_simulation -- -j4 -l4
[0.487s] DEBUG:colcon.colcon_core.event_handler.log_command:Invoked command in '/home/wb/ros_ws/build/my_robot_simulation' returned '0': CMAKE_PREFIX_PATH=${CMAKE_PREFIX_PATH}:/opt/ros/humble /usr/bin/cmake --build /home/wb/ros_ws/build/my_robot_simulation -- -j4 -l4
[0.495s] DEBUG:colcon.colcon_core.event_handler.log_command:Invoking command in '/home/wb/ros_ws/build/my_robot_simulation': CMAKE_PREFIX_PATH=${CMAKE_PREFIX_PATH}:/opt/ros/humble /usr/bin/cmake --install /home/wb/ros_ws/build/my_robot_simulation
[0.495s] DEBUG:colcon.colcon_core.event_handler.log_command:Invoked command in '/home/wb/ros_ws/build/my_robot_description' returned '0': CMAKE_PREFIX_PATH=${CMAKE_PREFIX_PATH}:/opt/ros/humble /usr/bin/cmake --build /home/wb/ros_ws/build/my_robot_description -- -j4 -l4
[0.496s] DEBUG:colcon.colcon_core.event_handler.log_command:Invoking command in '/home/wb/ros_ws/build/my_robot_description': CMAKE_PREFIX_PATH=${CMAKE_PREFIX_PATH}:/opt/ros/humble /usr/bin/cmake --install /home/wb/ros_ws/build/my_robot_description
[0.512s] Level 1:colcon.colcon_core.environment:create_environment_scripts_only(my_robot_simulation)
[0.512s] DEBUG:colcon.colcon_core.event_handler.log_command:Invoked command in '/home/wb/ros_ws/build/my_robot_simulation' returned '0': CMAKE_PREFIX_PATH=${CMAKE_PREFIX_PATH}:/opt/ros/humble /usr/bin/cmake --install /home/wb/ros_ws/build/my_robot_simulation
[0.518s] Level 1:colcon.colcon_core.environment:checking '/home/wb/ros_ws/install/my_robot_simulation' for CMake module files
[0.518s] Level 1:colcon.colcon_core.environment:checking '/home/wb/ros_ws/install/my_robot_simulation' for CMake config files
[0.519s] Level 1:colcon.colcon_core.shell:create_environment_hook('my_robot_simulation', 'cmake_prefix_path')
[0.519s] INFO:colcon.colcon_core.shell:Creating environment hook '/home/wb/ros_ws/install/my_robot_simulation/share/my_robot_simulation/hook/cmake_prefix_path.ps1'
[0.520s] INFO:colcon.colcon_core.shell:Creating environment descriptor '/home/wb/ros_ws/install/my_robot_simulation/share/my_robot_simulation/hook/cmake_prefix_path.dsv'
[0.520s] INFO:colcon.colcon_core.shell:Creating environment hook '/home/wb/ros_ws/install/my_robot_simulation/share/my_robot_simulation/hook/cmake_prefix_path.sh'
[0.521s] Level 1:colcon.colcon_core.environment:checking '/home/wb/ros_ws/install/my_robot_simulation/bin'
[0.521s] Level 1:colcon.colcon_core.environment:checking '/home/wb/ros_ws/install/my_robot_simulation/lib/pkgconfig/my_robot_simulation.pc'
[0.522s] Level 1:colcon.colcon_core.environment:checking '/home/wb/ros_ws/install/my_robot_simulation/lib/python3.10/site-packages'
[0.522s] Level 1:colcon.colcon_core.environment:checking '/home/wb/ros_ws/install/my_robot_simulation/bin'
[0.522s] INFO:colcon.colcon_core.shell:Creating package script '/home/wb/ros_ws/install/my_robot_simulation/share/my_robot_simulation/package.ps1'
[0.523s] INFO:colcon.colcon_core.shell:Creating package descriptor '/home/wb/ros_ws/install/my_robot_simulation/share/my_robot_simulation/package.dsv'
[0.523s] INFO:colcon.colcon_core.shell:Creating package script '/home/wb/ros_ws/install/my_robot_simulation/share/my_robot_simulation/package.sh'
[0.524s] INFO:colcon.colcon_core.shell:Creating package script '/home/wb/ros_ws/install/my_robot_simulation/share/my_robot_simulation/package.bash'
[0.525s] INFO:colcon.colcon_core.shell:Creating package script '/home/wb/ros_ws/install/my_robot_simulation/share/my_robot_simulation/package.zsh'
[0.526s] Level 1:colcon.colcon_core.environment:create_file_with_runtime_dependencies(/home/wb/ros_ws/install/my_robot_simulation/share/colcon-core/packages/my_robot_simulation)
[0.526s] Level 1:colcon.colcon_core.environment:create_environment_scripts_only(my_robot_simulation)
[0.526s] Level 1:colcon.colcon_core.environment:checking '/home/wb/ros_ws/install/my_robot_simulation' for CMake module files
[0.527s] Level 1:colcon.colcon_core.environment:checking '/home/wb/ros_ws/install/my_robot_simulation' for CMake config files
[0.527s] Level 1:colcon.colcon_core.shell:create_environment_hook('my_robot_simulation', 'cmake_prefix_path')
[0.527s] INFO:colcon.colcon_core.shell:Creating environment hook '/home/wb/ros_ws/install/my_robot_simulation/share/my_robot_simulation/hook/cmake_prefix_path.ps1'
[0.528s] INFO:colcon.colcon_core.shell:Creating environment descriptor '/home/wb/ros_ws/install/my_robot_simulation/share/my_robot_simulation/hook/cmake_prefix_path.dsv'
[0.528s] INFO:colcon.colcon_core.shell:Creating environment hook '/home/wb/ros_ws/install/my_robot_simulation/share/my_robot_simulation/hook/cmake_prefix_path.sh'
[0.529s] Level 1:colcon.colcon_core.environment:checking '/home/wb/ros_ws/install/my_robot_simulation/bin'
[0.529s] Level 1:colcon.colcon_core.environment:checking '/home/wb/ros_ws/install/my_robot_simulation/lib/pkgconfig/my_robot_simulation.pc'
[0.529s] Level 1:colcon.colcon_core.environment:checking '/home/wb/ros_ws/install/my_robot_simulation/lib/python3.10/site-packages'
[0.529s] Level 1:colcon.colcon_core.environment:checking '/home/wb/ros_ws/install/my_robot_simulation/bin'
[0.530s] INFO:colcon.colcon_core.shell:Creating package script '/home/wb/ros_ws/install/my_robot_simulation/share/my_robot_simulation/package.ps1'
[0.530s] INFO:colcon.colcon_core.shell:Creating package descriptor '/home/wb/ros_ws/install/my_robot_simulation/share/my_robot_simulation/package.dsv'
[0.530s] INFO:colcon.colcon_core.shell:Creating package script '/home/wb/ros_ws/install/my_robot_simulation/share/my_robot_simulation/package.sh'
[0.531s] INFO:colcon.colcon_core.shell:Creating package script '/home/wb/ros_ws/install/my_robot_simulation/share/my_robot_simulation/package.bash'
[0.531s] INFO:colcon.colcon_core.shell:Creating package script '/home/wb/ros_ws/install/my_robot_simulation/share/my_robot_simulation/package.zsh'
[0.532s] Level 1:colcon.colcon_core.environment:create_file_with_runtime_dependencies(/home/wb/ros_ws/install/my_robot_simulation/share/colcon-core/packages/my_robot_simulation)
[0.533s] Level 1:colcon.colcon_core.environment:create_environment_scripts_only(my_robot_description)
[0.533s] Level 1:colcon.colcon_core.environment:checking '/home/wb/ros_ws/install/my_robot_description' for CMake module files
[0.533s] DEBUG:colcon.colcon_core.event_handler.log_command:Invoked command in '/home/wb/ros_ws/build/my_robot_description' returned '0': CMAKE_PREFIX_PATH=${CMAKE_PREFIX_PATH}:/opt/ros/humble /usr/bin/cmake --install /home/wb/ros_ws/build/my_robot_description
[0.534s] Level 1:colcon.colcon_core.environment:checking '/home/wb/ros_ws/install/my_robot_description' for CMake config files
[0.534s] Level 1:colcon.colcon_core.shell:create_environment_hook('my_robot_description', 'cmake_prefix_path')
[0.534s] INFO:colcon.colcon_core.shell:Creating environment hook '/home/wb/ros_ws/install/my_robot_description/share/my_robot_description/hook/cmake_prefix_path.ps1'
[0.535s] INFO:colcon.colcon_core.shell:Creating environment descriptor '/home/wb/ros_ws/install/my_robot_description/share/my_robot_description/hook/cmake_prefix_path.dsv'
[0.535s] INFO:colcon.colcon_core.shell:Creating environment hook '/home/wb/ros_ws/install/my_robot_description/share/my_robot_description/hook/cmake_prefix_path.sh'
[0.535s] Level 1:colcon.colcon_core.environment:checking '/home/wb/ros_ws/install/my_robot_description/bin'
[0.535s] Level 1:colcon.colcon_core.environment:checking '/home/wb/ros_ws/install/my_robot_description/lib/pkgconfig/my_robot_description.pc'
[0.536s] Level 1:colcon.colcon_core.environment:checking '/home/wb/ros_ws/install/my_robot_description/lib/python3.10/site-packages'
[0.536s] Level 1:colcon.colcon_core.environment:checking '/home/wb/ros_ws/install/my_robot_description/bin'
[0.536s] INFO:colcon.colcon_core.shell:Creating package script '/home/wb/ros_ws/install/my_robot_description/share/my_robot_description/package.ps1'
[0.536s] INFO:colcon.colcon_core.shell:Creating package descriptor '/home/wb/ros_ws/install/my_robot_description/share/my_robot_description/package.dsv'
[0.537s] INFO:colcon.colcon_core.shell:Creating package script '/home/wb/ros_ws/install/my_robot_description/share/my_robot_description/package.sh'
[0.537s] INFO:colcon.colcon_core.shell:Creating package script '/home/wb/ros_ws/install/my_robot_description/share/my_robot_description/package.bash'
[0.537s] INFO:colcon.colcon_core.shell:Creating package script '/home/wb/ros_ws/install/my_robot_description/share/my_robot_description/package.zsh'
[0.538s] Level 1:colcon.colcon_core.environment:create_file_with_runtime_dependencies(/home/wb/ros_ws/install/my_robot_description/share/colcon-core/packages/my_robot_description)
[0.538s] Level 1:colcon.colcon_core.environment:create_environment_scripts_only(my_robot_description)
[0.538s] Level 1:colcon.colcon_core.environment:checking '/home/wb/ros_ws/install/my_robot_description' for CMake module files
[0.539s] Level 1:colcon.colcon_core.environment:checking '/home/wb/ros_ws/install/my_robot_description' for CMake config files
[0.539s] Level 1:colcon.colcon_core.shell:create_environment_hook('my_robot_description', 'cmake_prefix_path')
[0.539s] INFO:colcon.colcon_core.shell:Creating environment hook '/home/wb/ros_ws/install/my_robot_description/share/my_robot_description/hook/cmake_prefix_path.ps1'
[0.539s] INFO:colcon.colcon_core.shell:Creating environment descriptor '/home/wb/ros_ws/install/my_robot_description/share/my_robot_description/hook/cmake_prefix_path.dsv'
[0.540s] INFO:colcon.colcon_core.shell:Creating environment hook '/home/wb/ros_ws/install/my_robot_description/share/my_robot_description/hook/cmake_prefix_path.sh'
[0.540s] Level 1:colcon.colcon_core.environment:checking '/home/wb/ros_ws/install/my_robot_description/bin'
[0.540s] Level 1:colcon.colcon_core.environment:checking '/home/wb/ros_ws/install/my_robot_description/lib/pkgconfig/my_robot_description.pc'
[0.540s] Level 1:colcon.colcon_core.environment:checking '/home/wb/ros_ws/install/my_robot_description/lib/python3.10/site-packages'
[0.540s] Level 1:colcon.colcon_core.environment:checking '/home/wb/ros_ws/install/my_robot_description/bin'
[0.541s] INFO:colcon.colcon_core.shell:Creating package script '/home/wb/ros_ws/install/my_robot_description/share/my_robot_description/package.ps1'
[0.541s] INFO:colcon.colcon_core.shell:Creating package descriptor '/home/wb/ros_ws/install/my_robot_description/share/my_robot_description/package.dsv'
[0.541s] INFO:colcon.colcon_core.shell:Creating package script '/home/wb/ros_ws/install/my_robot_description/share/my_robot_description/package.sh'
[0.542s] INFO:colcon.colcon_core.shell:Creating package script '/home/wb/ros_ws/install/my_robot_description/share/my_robot_description/package.bash'
[0.542s] INFO:colcon.colcon_core.shell:Creating package script '/home/wb/ros_ws/install/my_robot_description/share/my_robot_description/package.zsh'
[0.543s] Level 1:colcon.colcon_core.environment:create_file_with_runtime_dependencies(/home/wb/ros_ws/install/my_robot_description/share/colcon-core/packages/my_robot_description)
[0.543s] INFO:colcon.colcon_ros.task.ament_cmake.build:Building ROS package in '/home/wb/ros_ws/src/my_robot_navigation' with build type 'ament_cmake'
[0.543s] INFO:colcon.colcon_cmake.task.cmake.build:Building CMake package in '/home/wb/ros_ws/src/my_robot_navigation'
[0.543s] INFO:colcon.colcon_core.shell:Skip shell extension 'powershell' for command environment: Not usable outside of PowerShell
[0.544s] DEBUG:colcon.colcon_core.shell:Skip shell extension 'dsv' for command environment
[0.554s] DEBUG:colcon.colcon_core.event_handler.log_command:Invoking command in '/home/wb/ros_ws/build/my_robot_navigation': CMAKE_PREFIX_PATH=/home/wb/ros_ws/install/my_robot_simulation:/home/wb/ros_ws/install/my_robot_description:/home/wb/ros_ws/install/simple_robot:/home/wb/ros_ws/install/my_robot_navigation:/opt/ros/humble /usr/bin/cmake --build /home/wb/ros_ws/build/my_robot_navigation -- -j4 -l4
[0.602s] DEBUG:colcon.colcon_core.event_handler.log_command:Invoked command in '/home/wb/ros_ws/build/my_robot_navigation' returned '0': CMAKE_PREFIX_PATH=/home/wb/ros_ws/install/my_robot_simulation:/home/wb/ros_ws/install/my_robot_description:/home/wb/ros_ws/install/simple_robot:/home/wb/ros_ws/install/my_robot_navigation:/opt/ros/humble /usr/bin/cmake --build /home/wb/ros_ws/build/my_robot_navigation -- -j4 -l4
[0.603s] DEBUG:colcon.colcon_core.event_handler.log_command:Invoking command in '/home/wb/ros_ws/build/my_robot_navigation': CMAKE_PREFIX_PATH=/home/wb/ros_ws/install/my_robot_simulation:/home/wb/ros_ws/install/my_robot_description:/home/wb/ros_ws/install/simple_robot:/home/wb/ros_ws/install/my_robot_navigation:/opt/ros/humble /usr/bin/cmake --install /home/wb/ros_ws/build/my_robot_navigation
[0.611s] Level 1:colcon.colcon_core.environment:create_environment_scripts_only(my_robot_navigation)
[0.612s] DEBUG:colcon.colcon_core.event_handler.log_command:Invoked command in '/home/wb/ros_ws/build/my_robot_navigation' returned '0': CMAKE_PREFIX_PATH=/home/wb/ros_ws/install/my_robot_simulation:/home/wb/ros_ws/install/my_robot_description:/home/wb/ros_ws/install/simple_robot:/home/wb/ros_ws/install/my_robot_navigation:/opt/ros/humble /usr/bin/cmake --install /home/wb/ros_ws/build/my_robot_navigation
[0.612s] Level 1:colcon.colcon_core.environment:checking '/home/wb/ros_ws/install/my_robot_navigation' for CMake module files
[0.612s] Level 1:colcon.colcon_core.environment:checking '/home/wb/ros_ws/install/my_robot_navigation' for CMake config files
[0.613s] Level 1:colcon.colcon_core.shell:create_environment_hook('my_robot_navigation', 'cmake_prefix_path')
[0.613s] INFO:colcon.colcon_core.shell:Creating environment hook '/home/wb/ros_ws/install/my_robot_navigation/share/my_robot_navigation/hook/cmake_prefix_path.ps1'
[0.613s] INFO:colcon.colcon_core.shell:Creating environment descriptor '/home/wb/ros_ws/install/my_robot_navigation/share/my_robot_navigation/hook/cmake_prefix_path.dsv'
[0.614s] INFO:colcon.colcon_core.shell:Creating environment hook '/home/wb/ros_ws/install/my_robot_navigation/share/my_robot_navigation/hook/cmake_prefix_path.sh'
[0.614s] Level 1:colcon.colcon_core.environment:checking '/home/wb/ros_ws/install/my_robot_navigation/bin'
[0.614s] Level 1:colcon.colcon_core.environment:checking '/home/wb/ros_ws/install/my_robot_navigation/lib/pkgconfig/my_robot_navigation.pc'
[0.614s] Level 1:colcon.colcon_core.environment:checking '/home/wb/ros_ws/install/my_robot_navigation/lib/python3.10/site-packages'
[0.614s] Level 1:colcon.colcon_core.environment:checking '/home/wb/ros_ws/install/my_robot_navigation/bin'
[0.615s] INFO:colcon.colcon_core.shell:Creating package script '/home/wb/ros_ws/install/my_robot_navigation/share/my_robot_navigation/package.ps1'
[0.615s] INFO:colcon.colcon_core.shell:Creating package descriptor '/home/wb/ros_ws/install/my_robot_navigation/share/my_robot_navigation/package.dsv'
[0.615s] INFO:colcon.colcon_core.shell:Creating package script '/home/wb/ros_ws/install/my_robot_navigation/share/my_robot_navigation/package.sh'
[0.616s] INFO:colcon.colcon_core.shell:Creating package script '/home/wb/ros_ws/install/my_robot_navigation/share/my_robot_navigation/package.bash'
[0.616s] INFO:colcon.colcon_core.shell:Creating package script '/home/wb/ros_ws/install/my_robot_navigation/share/my_robot_navigation/package.zsh'
[0.616s] Level 1:colcon.colcon_core.environment:create_file_with_runtime_dependencies(/home/wb/ros_ws/install/my_robot_navigation/share/colcon-core/packages/my_robot_navigation)
[0.617s] Level 1:colcon.colcon_core.environment:create_environment_scripts_only(my_robot_navigation)
[0.617s] Level 1:colcon.colcon_core.environment:checking '/home/wb/ros_ws/install/my_robot_navigation' for CMake module files
[0.617s] Level 1:colcon.colcon_core.environment:checking '/home/wb/ros_ws/install/my_robot_navigation' for CMake config files
[0.618s] Level 1:colcon.colcon_core.shell:create_environment_hook('my_robot_navigation', 'cmake_prefix_path')
[0.618s] INFO:colcon.colcon_core.shell:Creating environment hook '/home/wb/ros_ws/install/my_robot_navigation/share/my_robot_navigation/hook/cmake_prefix_path.ps1'
[0.618s] INFO:colcon.colcon_core.shell:Creating environment descriptor '/home/wb/ros_ws/install/my_robot_navigation/share/my_robot_navigation/hook/cmake_prefix_path.dsv'
[0.618s] INFO:colcon.colcon_core.shell:Creating environment hook '/home/wb/ros_ws/install/my_robot_navigation/share/my_robot_navigation/hook/cmake_prefix_path.sh'
[0.619s] Level 1:colcon.colcon_core.environment:checking '/home/wb/ros_ws/install/my_robot_navigation/bin'
[0.619s] Level 1:colcon.colcon_core.environment:checking '/home/wb/ros_ws/install/my_robot_navigation/lib/pkgconfig/my_robot_navigation.pc'
[0.619s] Level 1:colcon.colcon_core.environment:checking '/home/wb/ros_ws/install/my_robot_navigation/lib/python3.10/site-packages'
[0.619s] Level 1:colcon.colcon_core.environment:checking '/home/wb/ros_ws/install/my_robot_navigation/bin'
[0.619s] INFO:colcon.colcon_core.shell:Creating package script '/home/wb/ros_ws/install/my_robot_navigation/share/my_robot_navigation/package.ps1'
[0.620s] INFO:colcon.colcon_core.shell:Creating package descriptor '/home/wb/ros_ws/install/my_robot_navigation/share/my_robot_navigation/package.dsv'
[0.620s] INFO:colcon.colcon_core.shell:Creating package script '/home/wb/ros_ws/install/my_robot_navigation/share/my_robot_navigation/package.sh'
[0.621s] INFO:colcon.colcon_core.shell:Creating package script '/home/wb/ros_ws/install/my_robot_navigation/share/my_robot_navigation/package.bash'
[0.621s] INFO:colcon.colcon_core.shell:Creating package script '/home/wb/ros_ws/install/my_robot_navigation/share/my_robot_navigation/package.zsh'
[0.621s] Level 1:colcon.colcon_core.environment:create_file_with_runtime_dependencies(/home/wb/ros_ws/install/my_robot_navigation/share/colcon-core/packages/my_robot_navigation)
[0.622s] DEBUG:colcon.colcon_parallel_executor.executor.parallel:closing loop
[0.622s] DEBUG:colcon.colcon_parallel_executor.executor.parallel:loop closed
[0.622s] DEBUG:colcon.colcon_parallel_executor.executor.parallel:run_until_complete finished with '0'
[0.622s] DEBUG:colcon.colcon_core.event_reactor:joining thread
[0.628s] INFO:colcon.colcon_core.plugin_system:Skipping extension 'colcon_notification.desktop_notification.terminal_notifier': Not used on non-Darwin systems
[0.628s] INFO:colcon.colcon_core.plugin_system:Skipping extension 'colcon_notification.desktop_notification.win32': Not used on non-Windows systems
[0.629s] INFO:colcon.colcon_notification.desktop_notification:Sending desktop notification using 'notify2'
[0.641s] DEBUG:colcon.colcon_core.event_reactor:joined thread
[0.641s] INFO:colcon.colcon_core.shell:Creating prefix script '/home/wb/ros_ws/install/local_setup.ps1'
[0.642s] INFO:colcon.colcon_core.shell:Creating prefix util module '/home/wb/ros_ws/install/_local_setup_util_ps1.py'
[0.644s] INFO:colcon.colcon_core.shell:Creating prefix chain script '/home/wb/ros_ws/install/setup.ps1'
[0.645s] INFO:colcon.colcon_core.shell:Creating prefix script '/home/wb/ros_ws/install/local_setup.sh'
[0.646s] INFO:colcon.colcon_core.shell:Creating prefix util module '/home/wb/ros_ws/install/_local_setup_util_sh.py'
[0.646s] INFO:colcon.colcon_core.shell:Creating prefix chain script '/home/wb/ros_ws/install/setup.sh'
[0.648s] INFO:colcon.colcon_core.shell:Creating prefix script '/home/wb/ros_ws/install/local_setup.bash'
[0.648s] INFO:colcon.colcon_core.shell:Creating prefix chain script '/home/wb/ros_ws/install/setup.bash'
[0.650s] INFO:colcon.colcon_core.shell:Creating prefix script '/home/wb/ros_ws/install/local_setup.zsh'
[0.651s] INFO:colcon.colcon_core.shell:Creating prefix chain script '/home/wb/ros_ws/install/setup.zsh'
