[0.023s] Invoking command in '/home/wb/ros_ws/build/nav2_common': CMAKE_PREFIX_PATH=${CMAKE_PREFIX_PATH}:/opt/ros/humble /usr/bin/cmake /home/wb/ros_ws/src/navigation2/nav2_common -DCMAKE_INSTALL_PREFIX=/home/wb/ros_ws/install/nav2_common
[0.072s] -- Found ament_cmake_core: 1.3.11 (/opt/ros/humble/share/ament_cmake_core/cmake)
[0.208s] -- Found Python3: /usr/bin/python3 (found version "3.10.12") found components: Interpreter 
[0.267s] -- Found ament_cmake_python: 1.3.11 (/opt/ros/humble/share/ament_cmake_python/cmake)
[0.373s] -- Configuring done
[0.375s] -- Generating done
[0.376s] -- Build files have been written to: /home/wb/ros_ws/build/nav2_common
[0.378s] Invoked command in '/home/wb/ros_ws/build/nav2_common' returned '0': CMAKE_PREFIX_PATH=${CMAKE_PREFIX_PATH}:/opt/ros/humble /usr/bin/cmake /home/wb/ros_ws/src/navigation2/nav2_common -DCMAKE_INSTALL_PREFIX=/home/wb/ros_ws/install/nav2_common
[0.379s] Invoking command in '/home/wb/ros_ws/build/nav2_common': CMAKE_PREFIX_PATH=${CMAKE_PREFIX_PATH}:/opt/ros/humble /usr/bin/cmake --build /home/wb/ros_ws/build/nav2_common -- -j4 -l4
[0.421s] Built target ament_cmake_python_copy_nav2_common
[0.581s] running egg_info
[0.581s] creating nav2_common.egg-info
[0.581s] writing nav2_common.egg-info/PKG-INFO
[0.581s] writing dependency_links to nav2_common.egg-info/dependency_links.txt
[0.581s] writing top-level names to nav2_common.egg-info/top_level.txt
[0.582s] writing manifest file 'nav2_common.egg-info/SOURCES.txt'
[0.584s] reading manifest file 'nav2_common.egg-info/SOURCES.txt'
[0.585s] writing manifest file 'nav2_common.egg-info/SOURCES.txt'
[0.603s] Built target ament_cmake_python_build_nav2_common_egg
[0.613s] Invoked command in '/home/wb/ros_ws/build/nav2_common' returned '0': CMAKE_PREFIX_PATH=${CMAKE_PREFIX_PATH}:/opt/ros/humble /usr/bin/cmake --build /home/wb/ros_ws/build/nav2_common -- -j4 -l4
[0.613s] Invoking command in '/home/wb/ros_ws/build/nav2_common': CMAKE_PREFIX_PATH=${CMAKE_PREFIX_PATH}:/opt/ros/humble /usr/bin/cmake --install /home/wb/ros_ws/build/nav2_common
[0.619s] -- Install configuration: ""
[0.619s] -- Installing: /home/wb/ros_ws/install/nav2_common/share/nav2_common/environment/pythonpath.sh
[0.619s] -- Installing: /home/wb/ros_ws/install/nav2_common/share/nav2_common/environment/pythonpath.dsv
[0.619s] -- Installing: /home/wb/ros_ws/install/nav2_common/local/lib/python3.10/dist-packages/nav2_common-1.1.18-py3.10.egg-info
[0.620s] -- Installing: /home/wb/ros_ws/install/nav2_common/local/lib/python3.10/dist-packages/nav2_common-1.1.18-py3.10.egg-info/SOURCES.txt
[0.620s] -- Installing: /home/wb/ros_ws/install/nav2_common/local/lib/python3.10/dist-packages/nav2_common-1.1.18-py3.10.egg-info/top_level.txt
[0.620s] -- Installing: /home/wb/ros_ws/install/nav2_common/local/lib/python3.10/dist-packages/nav2_common-1.1.18-py3.10.egg-info/PKG-INFO
[0.620s] -- Installing: /home/wb/ros_ws/install/nav2_common/local/lib/python3.10/dist-packages/nav2_common-1.1.18-py3.10.egg-info/dependency_links.txt
[0.620s] -- Installing: /home/wb/ros_ws/install/nav2_common/local/lib/python3.10/dist-packages/nav2_common
[0.620s] -- Installing: /home/wb/ros_ws/install/nav2_common/local/lib/python3.10/dist-packages/nav2_common/__init__.py
[0.620s] -- Installing: /home/wb/ros_ws/install/nav2_common/local/lib/python3.10/dist-packages/nav2_common/launch
[0.620s] -- Installing: /home/wb/ros_ws/install/nav2_common/local/lib/python3.10/dist-packages/nav2_common/launch/rewritten_yaml.py
[0.620s] -- Installing: /home/wb/ros_ws/install/nav2_common/local/lib/python3.10/dist-packages/nav2_common/launch/has_node_params.py
[0.621s] -- Installing: /home/wb/ros_ws/install/nav2_common/local/lib/python3.10/dist-packages/nav2_common/launch/replace_string.py
[0.621s] -- Installing: /home/wb/ros_ws/install/nav2_common/local/lib/python3.10/dist-packages/nav2_common/launch/parse_multirobot_pose.py
[0.621s] -- Installing: /home/wb/ros_ws/install/nav2_common/local/lib/python3.10/dist-packages/nav2_common/launch/__init__.py
[0.650s] Listing '/home/wb/ros_ws/install/nav2_common/local/lib/python3.10/dist-packages/nav2_common'...
[0.650s] Compiling '/home/wb/ros_ws/install/nav2_common/local/lib/python3.10/dist-packages/nav2_common/__init__.py'...
[0.650s] Listing '/home/wb/ros_ws/install/nav2_common/local/lib/python3.10/dist-packages/nav2_common/launch'...
[0.650s] Compiling '/home/wb/ros_ws/install/nav2_common/local/lib/python3.10/dist-packages/nav2_common/launch/__init__.py'...
[0.650s] Compiling '/home/wb/ros_ws/install/nav2_common/local/lib/python3.10/dist-packages/nav2_common/launch/has_node_params.py'...
[0.650s] Compiling '/home/wb/ros_ws/install/nav2_common/local/lib/python3.10/dist-packages/nav2_common/launch/parse_multirobot_pose.py'...
[0.650s] Compiling '/home/wb/ros_ws/install/nav2_common/local/lib/python3.10/dist-packages/nav2_common/launch/replace_string.py'...
[0.650s] Compiling '/home/wb/ros_ws/install/nav2_common/local/lib/python3.10/dist-packages/nav2_common/launch/rewritten_yaml.py'...
[0.653s] -- Installing: /home/wb/ros_ws/install/nav2_common/share/ament_index/resource_index/package_run_dependencies/nav2_common
[0.654s] -- Installing: /home/wb/ros_ws/install/nav2_common/share/ament_index/resource_index/parent_prefix_path/nav2_common
[0.654s] -- Installing: /home/wb/ros_ws/install/nav2_common/share/nav2_common/environment/ament_prefix_path.sh
[0.654s] -- Installing: /home/wb/ros_ws/install/nav2_common/share/nav2_common/environment/ament_prefix_path.dsv
[0.654s] -- Installing: /home/wb/ros_ws/install/nav2_common/share/nav2_common/environment/path.sh
[0.654s] -- Installing: /home/wb/ros_ws/install/nav2_common/share/nav2_common/environment/path.dsv
[0.654s] -- Installing: /home/wb/ros_ws/install/nav2_common/share/nav2_common/local_setup.bash
[0.654s] -- Installing: /home/wb/ros_ws/install/nav2_common/share/nav2_common/local_setup.sh
[0.654s] -- Installing: /home/wb/ros_ws/install/nav2_common/share/nav2_common/local_setup.zsh
[0.655s] -- Installing: /home/wb/ros_ws/install/nav2_common/share/nav2_common/local_setup.dsv
[0.655s] -- Installing: /home/wb/ros_ws/install/nav2_common/share/nav2_common/package.dsv
[0.655s] -- Installing: /home/wb/ros_ws/install/nav2_common/share/ament_index/resource_index/packages/nav2_common
[0.655s] -- Installing: /home/wb/ros_ws/install/nav2_common/share/nav2_common/cmake/nav2_common-extras.cmake
[0.655s] -- Installing: /home/wb/ros_ws/install/nav2_common/share/nav2_common/cmake/nav2_commonConfig.cmake
[0.655s] -- Installing: /home/wb/ros_ws/install/nav2_common/share/nav2_common/cmake/nav2_commonConfig-version.cmake
[0.655s] -- Installing: /home/wb/ros_ws/install/nav2_common/share/nav2_common/package.xml
[0.655s] -- Up-to-date: /home/wb/ros_ws/install/nav2_common/share/nav2_common/cmake
[0.656s] -- Installing: /home/wb/ros_ws/install/nav2_common/share/nav2_common/cmake/nav2_package.cmake
[0.657s] Invoked command in '/home/wb/ros_ws/build/nav2_common' returned '0': CMAKE_PREFIX_PATH=${CMAKE_PREFIX_PATH}:/opt/ros/humble /usr/bin/cmake --install /home/wb/ros_ws/build/nav2_common
