[0.021s] Invoking command in '/home/wb/ros_ws/build/nav2_behaviors': AMENT_PREFIX_PATH=/home/wb/ros_ws/install/nav2_core:/home/wb/ros_ws/install/nav2_costmap_2d:/home/wb/ros_ws/install/nav2_map_server:/home/wb/ros_ws/install/nav2_lifecycle_manager:/home/wb/ros_ws/install/nav2_behavior_tree:/home/wb/ros_ws/install/nav2_util:/home/wb/ros_ws/install/nav2_voxel_grid:/home/wb/ros_ws/install/nav2_msgs:/home/wb/ros_ws/install/nav2_common:${AMENT_PREFIX_PATH} CMAKE_PREFIX_PATH=/home/wb/ros_ws/install/nav2_core:/home/wb/ros_ws/install/nav2_costmap_2d:/home/wb/ros_ws/install/nav2_map_server:/home/wb/ros_ws/install/nav2_lifecycle_manager:/home/wb/ros_ws/install/nav2_behavior_tree:/home/wb/ros_ws/install/nav2_util:/home/wb/ros_ws/install/nav2_voxel_grid:/home/wb/ros_ws/install/nav2_msgs:/home/wb/ros_ws/install/nav2_common:/home/wb/ros_ws/install/simple_robot:/home/wb/ros_ws/install/my_robot_navigation:/home/wb/ros_ws/install/my_robot_simulation:/home/wb/ros_ws/install/my_robot_description:/opt/ros/humble LD_LIBRARY_PATH=/home/wb/ros_ws/install/nav2_costmap_2d/lib:/home/wb/ros_ws/install/nav2_map_server/lib:/home/wb/ros_ws/install/nav2_lifecycle_manager/lib:/home/wb/ros_ws/install/nav2_behavior_tree/lib:/home/wb/ros_ws/install/nav2_util/lib:/home/wb/ros_ws/install/nav2_voxel_grid/lib:/home/wb/ros_ws/install/nav2_msgs/lib:${LD_LIBRARY_PATH} PYTHONPATH=/home/wb/ros_ws/install/nav2_msgs/local/lib/python3.10/dist-packages:/home/wb/ros_ws/install/nav2_common/local/lib/python3.10/dist-packages:${PYTHONPATH} /usr/bin/cmake /home/wb/ros_ws/src/navigation2/nav2_behaviors -DCMAKE_INSTALL_PREFIX=/home/wb/ros_ws/install/nav2_behaviors
[0.073s] -- The C compiler identification is GNU 11.4.0
[0.122s] -- The CXX compiler identification is GNU 11.4.0
[0.128s] -- Detecting C compiler ABI info
[0.201s] -- Detecting C compiler ABI info - done
[0.206s] -- Check for working C compiler: /usr/bin/cc - skipped
[0.206s] -- Detecting C compile features
[0.208s] -- Detecting C compile features - done
[0.209s] -- Detecting CXX compiler ABI info
[0.296s] -- Detecting CXX compiler ABI info - done
[0.301s] -- Check for working CXX compiler: /usr/bin/c++ - skipped
[0.301s] -- Detecting CXX compile features
[0.302s] -- Detecting CXX compile features - done
[0.305s] -- Found ament_cmake: 1.3.11 (/opt/ros/humble/share/ament_cmake/cmake)
[0.444s] -- Found Python3: /usr/bin/python3 (found version "3.10.12") found components: Interpreter 
[0.537s] -- Found nav2_common: 1.1.18 (/home/wb/ros_ws/install/nav2_common/share/nav2_common/cmake)
[0.539s] -- Found rclcpp: 16.0.12 (/opt/ros/humble/share/rclcpp/cmake)
[0.584s] -- Found rosidl_generator_c: 3.1.6 (/opt/ros/humble/share/rosidl_generator_c/cmake)
[0.590s] -- Found rosidl_adapter: 3.1.6 (/opt/ros/humble/share/rosidl_adapter/cmake)
[0.599s] -- Found rosidl_generator_cpp: 3.1.6 (/opt/ros/humble/share/rosidl_generator_cpp/cmake)
[0.611s] -- Using all available rosidl_typesupport_c: rosidl_typesupport_fastrtps_c;rosidl_typesupport_introspection_c
[0.628s] -- Using all available rosidl_typesupport_cpp: rosidl_typesupport_fastrtps_cpp;rosidl_typesupport_introspection_cpp
[0.717s] -- Found rmw_implementation_cmake: 6.1.2 (/opt/ros/humble/share/rmw_implementation_cmake/cmake)
[0.721s] -- Found rmw_fastrtps_cpp: 6.2.7 (/opt/ros/humble/share/rmw_fastrtps_cpp/cmake)
[0.808s] -- Found OpenSSL: /usr/lib/x86_64-linux-gnu/libcrypto.so (found version "3.0.2")  
[0.830s] -- Found FastRTPS: /opt/ros/humble/include  
[0.864s] -- Using RMW implementation 'rmw_fastrtps_cpp' as default
[0.874s] -- Looking for pthread.h
[0.944s] -- Looking for pthread.h - found
[0.945s] -- Performing Test CMAKE_HAVE_LIBC_PTHREAD
[1.023s] -- Performing Test CMAKE_HAVE_LIBC_PTHREAD - Success
[1.028s] -- Found Threads: TRUE  
[1.067s] -- Found rclcpp_action: 16.0.12 (/opt/ros/humble/share/rclcpp_action/cmake)
[1.097s] -- Found rclcpp_lifecycle: 16.0.12 (/opt/ros/humble/share/rclcpp_lifecycle/cmake)
[1.118s] -- Found rclcpp_components: 16.0.12 (/opt/ros/humble/share/rclcpp_components/cmake)
[1.140s] -- Found nav2_behavior_tree: 1.1.18 (/home/wb/ros_ws/install/nav2_behavior_tree/share/nav2_behavior_tree/cmake)
[1.259s] -- Found eigen3_cmake_module: 0.1.1 (/opt/ros/humble/share/eigen3_cmake_module/cmake)
[1.259s] -- Found Eigen3: TRUE (found version "3.4.0") 
[1.259s] -- Ensuring Eigen3 include directory is part of orocos-kdl CMake target
[1.307s] -- Found nav2_costmap_2d: 1.1.18 (/home/wb/ros_ws/install/nav2_costmap_2d/share/nav2_costmap_2d/cmake)
[1.380s] -- Found nav2_core: 1.1.18 (/home/wb/ros_ws/install/nav2_core/share/nav2_core/cmake)
[1.388s] -- Setting build type to Release as none was specified.
[2.110s] -- Found ament_lint_auto: 0.12.12 (/opt/ros/humble/share/ament_lint_auto/cmake)
[2.191s] -- Found gtest sources under '/opt/ros/humble/src/gtest_vendor': C++ tests using 'Google Test' will be built
[2.267s] -- Added test 'copyright' to check source files copyright and LICENSE
[2.269s] -- Added test 'cppcheck' to perform static code analysis on C / C++ code
[2.272s] -- Configured cppcheck include dirs: /home/wb/ros_ws/src/navigation2/nav2_behaviors/include
[2.272s] -- Configured cppcheck exclude dirs and/or files: 
[2.274s] -- Added test 'cpplint' to check C / C++ code against the Google style
[2.274s] -- Configured cpplint exclude dirs and/or files: 
[2.276s] -- Added test 'lint_cmake' to check CMake code style
[2.278s] -- Added test 'uncrustify' to check C / C++ code style
[2.278s] -- Configured uncrustify additional arguments: 
[2.279s] -- Added test 'xmllint' to check XML markup files
[2.286s] -- Configuring done
[3.170s] -- Generating done
[3.210s] -- Build files have been written to: /home/wb/ros_ws/build/nav2_behaviors
[3.224s] Invoked command in '/home/wb/ros_ws/build/nav2_behaviors' returned '0': AMENT_PREFIX_PATH=/home/wb/ros_ws/install/nav2_core:/home/wb/ros_ws/install/nav2_costmap_2d:/home/wb/ros_ws/install/nav2_map_server:/home/wb/ros_ws/install/nav2_lifecycle_manager:/home/wb/ros_ws/install/nav2_behavior_tree:/home/wb/ros_ws/install/nav2_util:/home/wb/ros_ws/install/nav2_voxel_grid:/home/wb/ros_ws/install/nav2_msgs:/home/wb/ros_ws/install/nav2_common:${AMENT_PREFIX_PATH} CMAKE_PREFIX_PATH=/home/wb/ros_ws/install/nav2_core:/home/wb/ros_ws/install/nav2_costmap_2d:/home/wb/ros_ws/install/nav2_map_server:/home/wb/ros_ws/install/nav2_lifecycle_manager:/home/wb/ros_ws/install/nav2_behavior_tree:/home/wb/ros_ws/install/nav2_util:/home/wb/ros_ws/install/nav2_voxel_grid:/home/wb/ros_ws/install/nav2_msgs:/home/wb/ros_ws/install/nav2_common:/home/wb/ros_ws/install/simple_robot:/home/wb/ros_ws/install/my_robot_navigation:/home/wb/ros_ws/install/my_robot_simulation:/home/wb/ros_ws/install/my_robot_description:/opt/ros/humble LD_LIBRARY_PATH=/home/wb/ros_ws/install/nav2_costmap_2d/lib:/home/wb/ros_ws/install/nav2_map_server/lib:/home/wb/ros_ws/install/nav2_lifecycle_manager/lib:/home/wb/ros_ws/install/nav2_behavior_tree/lib:/home/wb/ros_ws/install/nav2_util/lib:/home/wb/ros_ws/install/nav2_voxel_grid/lib:/home/wb/ros_ws/install/nav2_msgs/lib:${LD_LIBRARY_PATH} PYTHONPATH=/home/wb/ros_ws/install/nav2_msgs/local/lib/python3.10/dist-packages:/home/wb/ros_ws/install/nav2_common/local/lib/python3.10/dist-packages:${PYTHONPATH} /usr/bin/cmake /home/wb/ros_ws/src/navigation2/nav2_behaviors -DCMAKE_INSTALL_PREFIX=/home/wb/ros_ws/install/nav2_behaviors
[3.226s] Invoking command in '/home/wb/ros_ws/build/nav2_behaviors': AMENT_PREFIX_PATH=/home/wb/ros_ws/install/nav2_core:/home/wb/ros_ws/install/nav2_costmap_2d:/home/wb/ros_ws/install/nav2_map_server:/home/wb/ros_ws/install/nav2_lifecycle_manager:/home/wb/ros_ws/install/nav2_behavior_tree:/home/wb/ros_ws/install/nav2_util:/home/wb/ros_ws/install/nav2_voxel_grid:/home/wb/ros_ws/install/nav2_msgs:/home/wb/ros_ws/install/nav2_common:${AMENT_PREFIX_PATH} CMAKE_PREFIX_PATH=/home/wb/ros_ws/install/nav2_core:/home/wb/ros_ws/install/nav2_costmap_2d:/home/wb/ros_ws/install/nav2_map_server:/home/wb/ros_ws/install/nav2_lifecycle_manager:/home/wb/ros_ws/install/nav2_behavior_tree:/home/wb/ros_ws/install/nav2_util:/home/wb/ros_ws/install/nav2_voxel_grid:/home/wb/ros_ws/install/nav2_msgs:/home/wb/ros_ws/install/nav2_common:/home/wb/ros_ws/install/simple_robot:/home/wb/ros_ws/install/my_robot_navigation:/home/wb/ros_ws/install/my_robot_simulation:/home/wb/ros_ws/install/my_robot_description:/opt/ros/humble LD_LIBRARY_PATH=/home/wb/ros_ws/install/nav2_costmap_2d/lib:/home/wb/ros_ws/install/nav2_map_server/lib:/home/wb/ros_ws/install/nav2_lifecycle_manager/lib:/home/wb/ros_ws/install/nav2_behavior_tree/lib:/home/wb/ros_ws/install/nav2_util/lib:/home/wb/ros_ws/install/nav2_voxel_grid/lib:/home/wb/ros_ws/install/nav2_msgs/lib:${LD_LIBRARY_PATH} PYTHONPATH=/home/wb/ros_ws/install/nav2_msgs/local/lib/python3.10/dist-packages:/home/wb/ros_ws/install/nav2_common/local/lib/python3.10/dist-packages:${PYTHONPATH} /usr/bin/cmake --build /home/wb/ros_ws/build/nav2_behaviors -- -j4 -l4
[3.348s] [  5%] [32mBuilding CXX object CMakeFiles/nav2_spin_behavior.dir/plugins/spin.cpp.o[0m
[10.301s] [ 10%] [32m[1mLinking CXX shared library libnav2_spin_behavior.so[0m
[10.625s] [ 10%] Built target nav2_spin_behavior
[10.654s] [ 15%] [32mBuilding CXX object CMakeFiles/nav2_back_up_behavior.dir/plugins/back_up.cpp.o[0m
[17.334s] [ 20%] [32m[1mLinking CXX shared library libnav2_back_up_behavior.so[0m
[17.680s] [ 20%] Built target nav2_back_up_behavior
[17.703s] [ 25%] [32mBuilding CXX object CMakeFiles/nav2_assisted_teleop_behavior.dir/plugins/assisted_teleop.cpp.o[0m
[30.646s] [ 30%] [32m[1mLinking CXX shared library libnav2_assisted_teleop_behavior.so[0m
[31.085s] [ 30%] Built target nav2_assisted_teleop_behavior
[31.112s] [ 35%] [32mBuilding CXX object CMakeFiles/behavior_server_core.dir/src/behavior_server.cpp.o[0m
[39.588s] [ 40%] [32m[1mLinking CXX shared library libbehavior_server_core.so[0m
[39.965s] [ 40%] Built target behavior_server_core
[39.990s] [ 45%] [32mBuilding CXX object gtest/CMakeFiles/gtest_main.dir/src/gtest_main.cc.o[0m
[40.826s] [ 50%] [32m[1mLinking CXX static library libgtest_main.a[0m
[40.859s] [ 50%] Built target gtest_main
[40.882s] [ 55%] [32mBuilding CXX object gtest/CMakeFiles/gtest.dir/src/gtest-all.cc.o[0m
[46.353s] [ 60%] [32m[1mLinking CXX static library libgtest.a[0m
[46.404s] [ 60%] Built target gtest
[46.433s] [ 65%] [32mBuilding CXX object CMakeFiles/behavior_server.dir/src/main.cpp.o[0m
[51.360s] [ 70%] [32m[1mLinking CXX executable behavior_server[0m
[51.707s] [ 70%] Built target behavior_server
[51.730s] [ 75%] [32mBuilding CXX object test/CMakeFiles/test_behaviors.dir/test_behaviors.cpp.o[0m
[63.302s] [ 80%] [32m[1mLinking CXX executable test_behaviors[0m
[64.694s] [ 80%] Built target test_behaviors
[64.778s] [ 85%] [32mBuilding CXX object CMakeFiles/nav2_drive_on_heading_behavior.dir/plugins/drive_on_heading.cpp.o[0m
