[0.032s] Invoking command in '/home/wb/ros_ws/build/nav2_constrained_smoother': CMAKE_PREFIX_PATH=/home/wb/ros_ws/install/nav2_core:/home/wb/ros_ws/install/nav2_costmap_2d:/home/wb/ros_ws/install/nav2_map_server:/home/wb/ros_ws/install/nav2_lifecycle_manager:/home/wb/ros_ws/install/nav2_util:/home/wb/ros_ws/install/nav2_voxel_grid:/home/wb/ros_ws/install/nav2_msgs:/home/wb/ros_ws/install/nav2_common:/home/wb/ros_ws/install/simple_robot:/home/wb/ros_ws/install/nav2_system_tests:/home/wb/ros_ws/install/my_robot_navigation:/home/wb/ros_ws/install/nav2_bringup:/home/wb/ros_ws/install/navigation2:/home/wb/ros_ws/install/nav2_smoother:/home/wb/ros_ws/install/nav2_rotation_shim_controller:/home/wb/ros_ws/install/nav2_graceful_controller:/home/wb/ros_ws/install/nav2_dwb_controller:/home/wb/ros_ws/install/nav2_controller:/home/wb/ros_ws/install/dwb_plugins:/home/wb/ros_ws/install/dwb_critics:/home/wb/ros_ws/install/dwb_core:/home/wb/ros_ws/install/nav_2d_utils:/home/wb/ros_ws/install/dwb_msgs:/home/wb/ros_ws/install/nav_2d_msgs:/home/wb/ros_ws/install/nav2_waypoint_follower:/home/wb/ros_ws/install/nav2_theta_star_planner:/home/wb/ros_ws/install/nav2_smac_planner:/home/wb/ros_ws/install/nav2_regulated_pure_pursuit_controller:/home/wb/ros_ws/install/nav2_planner:/home/wb/ros_ws/install/nav2_navfn_planner:/home/wb/ros_ws/install/nav2_mppi_controller:/home/wb/ros_ws/install/nav2_constrained_smoother:/home/wb/ros_ws/install/nav2_bt_navigator:/home/wb/ros_ws/install/nav2_behaviors:/home/wb/ros_ws/install/nav2_collision_monitor:/home/wb/ros_ws/install/costmap_queue:/home/wb/ros_ws/install/nav2_velocity_smoother:/home/wb/ros_ws/install/nav2_rviz_plugins:/home/wb/ros_ws/install/nav2_behavior_tree:/home/wb/ros_ws/install/nav2_amcl:/home/wb/ros_ws/install/my_robot_simulation:/home/wb/ros_ws/install/my_robot_description:/home/wb/ros_ws/install/nav2_simple_commander:/opt/ros/humble LD_LIBRARY_PATH=/home/wb/ros_ws/install/nav2_costmap_2d/lib:/home/wb/ros_ws/install/nav2_map_server/lib:/home/wb/ros_ws/install/nav2_lifecycle_manager/lib:/home/wb/ros_ws/install/nav2_util/lib:/home/wb/ros_ws/install/nav2_voxel_grid/lib:/home/wb/ros_ws/install/nav2_msgs/lib:/opt/ros/humble/lib:/home/wb/ros_ws/install/nav2_smoother/lib:/home/wb/ros_ws/install/nav2_rotation_shim_controller/lib:/home/wb/ros_ws/install/nav2_graceful_controller/lib:/home/wb/ros_ws/install/nav2_controller/lib:/home/wb/ros_ws/install/dwb_plugins/lib:/home/wb/ros_ws/install/dwb_critics/lib:/home/wb/ros_ws/install/dwb_core/lib:/home/wb/ros_ws/install/nav_2d_utils/lib:/home/wb/ros_ws/install/dwb_msgs/lib:/home/wb/ros_ws/install/nav_2d_msgs/lib:/home/wb/ros_ws/install/nav2_waypoint_follower/lib:/home/wb/ros_ws/install/nav2_theta_star_planner/lib:/home/wb/ros_ws/install/nav2_smac_planner/lib:/home/wb/ros_ws/install/nav2_regulated_pure_pursuit_controller/lib:/home/wb/ros_ws/install/nav2_planner/lib:/home/wb/ros_ws/install/nav2_navfn_planner/lib:/home/wb/ros_ws/install/nav2_mppi_controller/lib:/home/wb/ros_ws/install/nav2_constrained_smoother/lib:/home/wb/ros_ws/install/nav2_bt_navigator/lib:/home/wb/ros_ws/install/nav2_behaviors/lib:/home/wb/ros_ws/install/nav2_collision_monitor/lib:/home/wb/ros_ws/install/costmap_queue/lib:/home/wb/ros_ws/install/nav2_velocity_smoother/lib:/home/wb/ros_ws/install/nav2_rviz_plugins/lib:/home/wb/ros_ws/install/nav2_behavior_tree/lib:/home/wb/ros_ws/install/nav2_amcl/lib:/usr/lib/x86_64-linux-gnu/gazebo-11/plugins:/opt/ros/humble/opt/rviz_ogre_vendor/lib:/opt/ros/humble/lib/x86_64-linux-gnu:/opt/ros/humble/lib /usr/bin/cmake /home/wb/ros_ws/src/navigation2/nav2_constrained_smoother -DAMENT_CMAKE_SYMLINK_INSTALL=1 -DCMAKE_INSTALL_PREFIX=/home/wb/ros_ws/install/nav2_constrained_smoother
[0.092s] -- The C compiler identification is GNU 11.4.0
[0.148s] -- The CXX compiler identification is GNU 11.4.0
[0.157s] -- Detecting C compiler ABI info
[0.234s] -- Detecting C compiler ABI info - done
[0.238s] -- Check for working C compiler: /usr/bin/cc - skipped
[0.239s] -- Detecting C compile features
[0.239s] -- Detecting C compile features - done
[0.242s] -- Detecting CXX compiler ABI info
[0.330s] -- Detecting CXX compiler ABI info - done
[0.335s] -- Check for working CXX compiler: /usr/bin/c++ - skipped
[0.335s] -- Detecting CXX compile features
[0.335s] -- Detecting CXX compile features - done
[0.340s] -- Found ament_cmake: 1.3.11 (/opt/ros/humble/share/ament_cmake/cmake)
[0.482s] -- Found Python3: /usr/bin/python3 (found version "3.10.12") found components: Interpreter 
[0.536s] -- Override CMake install command with custom implementation using symlinks instead of copying resources
[0.585s] -- Found nav2_core: 1.1.18 (/home/wb/ros_ws/install/nav2_core/share/nav2_core/cmake)
[0.647s] -- Found rosidl_generator_c: 3.1.6 (/opt/ros/humble/share/rosidl_generator_c/cmake)
[0.654s] -- Found rosidl_adapter: 3.1.6 (/opt/ros/humble/share/rosidl_adapter/cmake)
[0.668s] -- Found rosidl_generator_cpp: 3.1.6 (/opt/ros/humble/share/rosidl_generator_cpp/cmake)
[0.683s] -- Using all available rosidl_typesupport_c: rosidl_typesupport_fastrtps_c;rosidl_typesupport_introspection_c
[0.701s] -- Using all available rosidl_typesupport_cpp: rosidl_typesupport_fastrtps_cpp;rosidl_typesupport_introspection_cpp
[0.761s] -- Found rmw_implementation_cmake: 6.1.2 (/opt/ros/humble/share/rmw_implementation_cmake/cmake)
[0.767s] -- Found rmw_fastrtps_cpp: 6.2.7 (/opt/ros/humble/share/rmw_fastrtps_cpp/cmake)
[0.877s] -- Found OpenSSL: /usr/lib/x86_64-linux-gnu/libcrypto.so (found version "3.0.2")  
[0.904s] -- Found FastRTPS: /opt/ros/humble/include  
[1.000s] -- Using RMW implementation 'rmw_fastrtps_cpp' as default
[1.013s] -- Looking for pthread.h
[1.091s] -- Looking for pthread.h - found
[1.092s] -- Performing Test CMAKE_HAVE_LIBC_PTHREAD
[1.173s] -- Performing Test CMAKE_HAVE_LIBC_PTHREAD - Success
[1.174s] -- Found Threads: TRUE  
[1.453s] -- Found Eigen3: TRUE (found version "3.4.0") 
[1.453s] -- Ensuring Eigen3 include directory is part of orocos-kdl CMake target
[1.554s] -- Found nav2_common: 1.1.18 (/home/wb/ros_ws/install/nav2_common/share/nav2_common/cmake)
[1.563s] -- Found required Ceres dependency: Eigen version 3.4.0 in /usr/include/eigen3
[1.577s] -- Found required Ceres dependency: glog
[1.578s] -- Found required Ceres dependency: gflags
[1.579s] -- Found Ceres version: 2.0.0 installed in: /usr with components: [EigenSparse, SparseLinearAlgebraLibrary, LAPACK, SuiteSparse, CXSparse, SchurSpecializations, Multithreading]
[1.685s] -- Found ament_lint_auto: 0.12.12 (/opt/ros/humble/share/ament_lint_auto/cmake)
[1.780s] -- Found gtest sources under '/opt/ros/humble/src/gtest_vendor': C++ tests using 'Google Test' will be built
[1.966s] -- Added test 'cppcheck' to perform static code analysis on C / C++ code
[1.966s] -- Configured cppcheck include dirs: /home/wb/ros_ws/src/navigation2/nav2_constrained_smoother/include
[1.966s] -- Configured cppcheck exclude dirs and/or files: 
[1.968s] -- Added test 'cpplint' to check C / C++ code against the Google style
[1.968s] -- Configured cpplint exclude dirs and/or files: 
[1.969s] -- Added test 'lint_cmake' to check CMake code style
[1.971s] -- Added test 'uncrustify' to check C / C++ code style
[1.971s] -- Configured uncrustify additional arguments: 
[1.973s] -- Added test 'xmllint' to check XML markup files
[1.976s] -- Configuring done
[2.211s] -- Generating done
[2.223s] -- Build files have been written to: /home/wb/ros_ws/build/nav2_constrained_smoother
[2.241s] Invoked command in '/home/wb/ros_ws/build/nav2_constrained_smoother' returned '0': CMAKE_PREFIX_PATH=/home/wb/ros_ws/install/nav2_core:/home/wb/ros_ws/install/nav2_costmap_2d:/home/wb/ros_ws/install/nav2_map_server:/home/wb/ros_ws/install/nav2_lifecycle_manager:/home/wb/ros_ws/install/nav2_util:/home/wb/ros_ws/install/nav2_voxel_grid:/home/wb/ros_ws/install/nav2_msgs:/home/wb/ros_ws/install/nav2_common:/home/wb/ros_ws/install/simple_robot:/home/wb/ros_ws/install/nav2_system_tests:/home/wb/ros_ws/install/my_robot_navigation:/home/wb/ros_ws/install/nav2_bringup:/home/wb/ros_ws/install/navigation2:/home/wb/ros_ws/install/nav2_smoother:/home/wb/ros_ws/install/nav2_rotation_shim_controller:/home/wb/ros_ws/install/nav2_graceful_controller:/home/wb/ros_ws/install/nav2_dwb_controller:/home/wb/ros_ws/install/nav2_controller:/home/wb/ros_ws/install/dwb_plugins:/home/wb/ros_ws/install/dwb_critics:/home/wb/ros_ws/install/dwb_core:/home/wb/ros_ws/install/nav_2d_utils:/home/wb/ros_ws/install/dwb_msgs:/home/wb/ros_ws/install/nav_2d_msgs:/home/wb/ros_ws/install/nav2_waypoint_follower:/home/wb/ros_ws/install/nav2_theta_star_planner:/home/wb/ros_ws/install/nav2_smac_planner:/home/wb/ros_ws/install/nav2_regulated_pure_pursuit_controller:/home/wb/ros_ws/install/nav2_planner:/home/wb/ros_ws/install/nav2_navfn_planner:/home/wb/ros_ws/install/nav2_mppi_controller:/home/wb/ros_ws/install/nav2_constrained_smoother:/home/wb/ros_ws/install/nav2_bt_navigator:/home/wb/ros_ws/install/nav2_behaviors:/home/wb/ros_ws/install/nav2_collision_monitor:/home/wb/ros_ws/install/costmap_queue:/home/wb/ros_ws/install/nav2_velocity_smoother:/home/wb/ros_ws/install/nav2_rviz_plugins:/home/wb/ros_ws/install/nav2_behavior_tree:/home/wb/ros_ws/install/nav2_amcl:/home/wb/ros_ws/install/my_robot_simulation:/home/wb/ros_ws/install/my_robot_description:/home/wb/ros_ws/install/nav2_simple_commander:/opt/ros/humble LD_LIBRARY_PATH=/home/wb/ros_ws/install/nav2_costmap_2d/lib:/home/wb/ros_ws/install/nav2_map_server/lib:/home/wb/ros_ws/install/nav2_lifecycle_manager/lib:/home/wb/ros_ws/install/nav2_util/lib:/home/wb/ros_ws/install/nav2_voxel_grid/lib:/home/wb/ros_ws/install/nav2_msgs/lib:/opt/ros/humble/lib:/home/wb/ros_ws/install/nav2_smoother/lib:/home/wb/ros_ws/install/nav2_rotation_shim_controller/lib:/home/wb/ros_ws/install/nav2_graceful_controller/lib:/home/wb/ros_ws/install/nav2_controller/lib:/home/wb/ros_ws/install/dwb_plugins/lib:/home/wb/ros_ws/install/dwb_critics/lib:/home/wb/ros_ws/install/dwb_core/lib:/home/wb/ros_ws/install/nav_2d_utils/lib:/home/wb/ros_ws/install/dwb_msgs/lib:/home/wb/ros_ws/install/nav_2d_msgs/lib:/home/wb/ros_ws/install/nav2_waypoint_follower/lib:/home/wb/ros_ws/install/nav2_theta_star_planner/lib:/home/wb/ros_ws/install/nav2_smac_planner/lib:/home/wb/ros_ws/install/nav2_regulated_pure_pursuit_controller/lib:/home/wb/ros_ws/install/nav2_planner/lib:/home/wb/ros_ws/install/nav2_navfn_planner/lib:/home/wb/ros_ws/install/nav2_mppi_controller/lib:/home/wb/ros_ws/install/nav2_constrained_smoother/lib:/home/wb/ros_ws/install/nav2_bt_navigator/lib:/home/wb/ros_ws/install/nav2_behaviors/lib:/home/wb/ros_ws/install/nav2_collision_monitor/lib:/home/wb/ros_ws/install/costmap_queue/lib:/home/wb/ros_ws/install/nav2_velocity_smoother/lib:/home/wb/ros_ws/install/nav2_rviz_plugins/lib:/home/wb/ros_ws/install/nav2_behavior_tree/lib:/home/wb/ros_ws/install/nav2_amcl/lib:/usr/lib/x86_64-linux-gnu/gazebo-11/plugins:/opt/ros/humble/opt/rviz_ogre_vendor/lib:/opt/ros/humble/lib/x86_64-linux-gnu:/opt/ros/humble/lib /usr/bin/cmake /home/wb/ros_ws/src/navigation2/nav2_constrained_smoother -DAMENT_CMAKE_SYMLINK_INSTALL=1 -DCMAKE_INSTALL_PREFIX=/home/wb/ros_ws/install/nav2_constrained_smoother
[2.241s] Invoking command in '/home/wb/ros_ws/build/nav2_constrained_smoother': CMAKE_PREFIX_PATH=/home/wb/ros_ws/install/nav2_core:/home/wb/ros_ws/install/nav2_costmap_2d:/home/wb/ros_ws/install/nav2_map_server:/home/wb/ros_ws/install/nav2_lifecycle_manager:/home/wb/ros_ws/install/nav2_util:/home/wb/ros_ws/install/nav2_voxel_grid:/home/wb/ros_ws/install/nav2_msgs:/home/wb/ros_ws/install/nav2_common:/home/wb/ros_ws/install/simple_robot:/home/wb/ros_ws/install/nav2_system_tests:/home/wb/ros_ws/install/my_robot_navigation:/home/wb/ros_ws/install/nav2_bringup:/home/wb/ros_ws/install/navigation2:/home/wb/ros_ws/install/nav2_smoother:/home/wb/ros_ws/install/nav2_rotation_shim_controller:/home/wb/ros_ws/install/nav2_graceful_controller:/home/wb/ros_ws/install/nav2_dwb_controller:/home/wb/ros_ws/install/nav2_controller:/home/wb/ros_ws/install/dwb_plugins:/home/wb/ros_ws/install/dwb_critics:/home/wb/ros_ws/install/dwb_core:/home/wb/ros_ws/install/nav_2d_utils:/home/wb/ros_ws/install/dwb_msgs:/home/wb/ros_ws/install/nav_2d_msgs:/home/wb/ros_ws/install/nav2_waypoint_follower:/home/wb/ros_ws/install/nav2_theta_star_planner:/home/wb/ros_ws/install/nav2_smac_planner:/home/wb/ros_ws/install/nav2_regulated_pure_pursuit_controller:/home/wb/ros_ws/install/nav2_planner:/home/wb/ros_ws/install/nav2_navfn_planner:/home/wb/ros_ws/install/nav2_mppi_controller:/home/wb/ros_ws/install/nav2_constrained_smoother:/home/wb/ros_ws/install/nav2_bt_navigator:/home/wb/ros_ws/install/nav2_behaviors:/home/wb/ros_ws/install/nav2_collision_monitor:/home/wb/ros_ws/install/costmap_queue:/home/wb/ros_ws/install/nav2_velocity_smoother:/home/wb/ros_ws/install/nav2_rviz_plugins:/home/wb/ros_ws/install/nav2_behavior_tree:/home/wb/ros_ws/install/nav2_amcl:/home/wb/ros_ws/install/my_robot_simulation:/home/wb/ros_ws/install/my_robot_description:/home/wb/ros_ws/install/nav2_simple_commander:/opt/ros/humble LD_LIBRARY_PATH=/home/wb/ros_ws/install/nav2_costmap_2d/lib:/home/wb/ros_ws/install/nav2_map_server/lib:/home/wb/ros_ws/install/nav2_lifecycle_manager/lib:/home/wb/ros_ws/install/nav2_util/lib:/home/wb/ros_ws/install/nav2_voxel_grid/lib:/home/wb/ros_ws/install/nav2_msgs/lib:/opt/ros/humble/lib:/home/wb/ros_ws/install/nav2_smoother/lib:/home/wb/ros_ws/install/nav2_rotation_shim_controller/lib:/home/wb/ros_ws/install/nav2_graceful_controller/lib:/home/wb/ros_ws/install/nav2_controller/lib:/home/wb/ros_ws/install/dwb_plugins/lib:/home/wb/ros_ws/install/dwb_critics/lib:/home/wb/ros_ws/install/dwb_core/lib:/home/wb/ros_ws/install/nav_2d_utils/lib:/home/wb/ros_ws/install/dwb_msgs/lib:/home/wb/ros_ws/install/nav_2d_msgs/lib:/home/wb/ros_ws/install/nav2_waypoint_follower/lib:/home/wb/ros_ws/install/nav2_theta_star_planner/lib:/home/wb/ros_ws/install/nav2_smac_planner/lib:/home/wb/ros_ws/install/nav2_regulated_pure_pursuit_controller/lib:/home/wb/ros_ws/install/nav2_planner/lib:/home/wb/ros_ws/install/nav2_navfn_planner/lib:/home/wb/ros_ws/install/nav2_mppi_controller/lib:/home/wb/ros_ws/install/nav2_constrained_smoother/lib:/home/wb/ros_ws/install/nav2_bt_navigator/lib:/home/wb/ros_ws/install/nav2_behaviors/lib:/home/wb/ros_ws/install/nav2_collision_monitor/lib:/home/wb/ros_ws/install/costmap_queue/lib:/home/wb/ros_ws/install/nav2_velocity_smoother/lib:/home/wb/ros_ws/install/nav2_rviz_plugins/lib:/home/wb/ros_ws/install/nav2_behavior_tree/lib:/home/wb/ros_ws/install/nav2_amcl/lib:/usr/lib/x86_64-linux-gnu/gazebo-11/plugins:/opt/ros/humble/opt/rviz_ogre_vendor/lib:/opt/ros/humble/lib/x86_64-linux-gnu:/opt/ros/humble/lib /usr/bin/cmake --build /home/wb/ros_ws/build/nav2_constrained_smoother -- -j4 -l4
[2.303s] [ 10%] [32mBuilding CXX object CMakeFiles/nav2_constrained_smoother.dir/src/constrained_smoother.cpp.o[0m
[10.949s] [ 20%] [32m[1mLinking CXX shared library libnav2_constrained_smoother.so[0m
[11.283s] [ 20%] Built target nav2_constrained_smoother
[11.310s] [ 30%] [32mBuilding CXX object gtest/CMakeFiles/gtest.dir/src/gtest-all.cc.o[0m
[16.662s] [ 40%] [32m[1mLinking CXX static library libgtest.a[0m
[16.716s] [ 40%] Built target gtest
[16.745s] [ 50%] [32mBuilding CXX object gtest/CMakeFiles/gtest_main.dir/src/gtest_main.cc.o[0m
[17.453s] [ 60%] [32m[1mLinking CXX static library libgtest_main.a[0m
[17.498s] [ 60%] Built target gtest_main
[17.537s] [ 70%] [32mBuilding CXX object test/CMakeFiles/test_constrained_smoother.dir/test_constrained_smoother.cpp.o[0m
[28.971s] [ 80%] [32m[1mLinking CXX executable test_constrained_smoother[0m
[29.397s] [ 80%] Built target test_constrained_smoother
[29.430s] [ 90%] [32mBuilding CXX object test/CMakeFiles/test_smoother_cost_function.dir/test_smoother_cost_function.cpp.o[0m
[34.789s] [100%] [32m[1mLinking CXX executable test_smoother_cost_function[0m
[35.117s] [100%] Built target test_smoother_cost_function
[35.133s] Invoked command in '/home/wb/ros_ws/build/nav2_constrained_smoother' returned '0': CMAKE_PREFIX_PATH=/home/wb/ros_ws/install/nav2_core:/home/wb/ros_ws/install/nav2_costmap_2d:/home/wb/ros_ws/install/nav2_map_server:/home/wb/ros_ws/install/nav2_lifecycle_manager:/home/wb/ros_ws/install/nav2_util:/home/wb/ros_ws/install/nav2_voxel_grid:/home/wb/ros_ws/install/nav2_msgs:/home/wb/ros_ws/install/nav2_common:/home/wb/ros_ws/install/simple_robot:/home/wb/ros_ws/install/nav2_system_tests:/home/wb/ros_ws/install/my_robot_navigation:/home/wb/ros_ws/install/nav2_bringup:/home/wb/ros_ws/install/navigation2:/home/wb/ros_ws/install/nav2_smoother:/home/wb/ros_ws/install/nav2_rotation_shim_controller:/home/wb/ros_ws/install/nav2_graceful_controller:/home/wb/ros_ws/install/nav2_dwb_controller:/home/wb/ros_ws/install/nav2_controller:/home/wb/ros_ws/install/dwb_plugins:/home/wb/ros_ws/install/dwb_critics:/home/wb/ros_ws/install/dwb_core:/home/wb/ros_ws/install/nav_2d_utils:/home/wb/ros_ws/install/dwb_msgs:/home/wb/ros_ws/install/nav_2d_msgs:/home/wb/ros_ws/install/nav2_waypoint_follower:/home/wb/ros_ws/install/nav2_theta_star_planner:/home/wb/ros_ws/install/nav2_smac_planner:/home/wb/ros_ws/install/nav2_regulated_pure_pursuit_controller:/home/wb/ros_ws/install/nav2_planner:/home/wb/ros_ws/install/nav2_navfn_planner:/home/wb/ros_ws/install/nav2_mppi_controller:/home/wb/ros_ws/install/nav2_constrained_smoother:/home/wb/ros_ws/install/nav2_bt_navigator:/home/wb/ros_ws/install/nav2_behaviors:/home/wb/ros_ws/install/nav2_collision_monitor:/home/wb/ros_ws/install/costmap_queue:/home/wb/ros_ws/install/nav2_velocity_smoother:/home/wb/ros_ws/install/nav2_rviz_plugins:/home/wb/ros_ws/install/nav2_behavior_tree:/home/wb/ros_ws/install/nav2_amcl:/home/wb/ros_ws/install/my_robot_simulation:/home/wb/ros_ws/install/my_robot_description:/home/wb/ros_ws/install/nav2_simple_commander:/opt/ros/humble LD_LIBRARY_PATH=/home/wb/ros_ws/install/nav2_costmap_2d/lib:/home/wb/ros_ws/install/nav2_map_server/lib:/home/wb/ros_ws/install/nav2_lifecycle_manager/lib:/home/wb/ros_ws/install/nav2_util/lib:/home/wb/ros_ws/install/nav2_voxel_grid/lib:/home/wb/ros_ws/install/nav2_msgs/lib:/opt/ros/humble/lib:/home/wb/ros_ws/install/nav2_smoother/lib:/home/wb/ros_ws/install/nav2_rotation_shim_controller/lib:/home/wb/ros_ws/install/nav2_graceful_controller/lib:/home/wb/ros_ws/install/nav2_controller/lib:/home/wb/ros_ws/install/dwb_plugins/lib:/home/wb/ros_ws/install/dwb_critics/lib:/home/wb/ros_ws/install/dwb_core/lib:/home/wb/ros_ws/install/nav_2d_utils/lib:/home/wb/ros_ws/install/dwb_msgs/lib:/home/wb/ros_ws/install/nav_2d_msgs/lib:/home/wb/ros_ws/install/nav2_waypoint_follower/lib:/home/wb/ros_ws/install/nav2_theta_star_planner/lib:/home/wb/ros_ws/install/nav2_smac_planner/lib:/home/wb/ros_ws/install/nav2_regulated_pure_pursuit_controller/lib:/home/wb/ros_ws/install/nav2_planner/lib:/home/wb/ros_ws/install/nav2_navfn_planner/lib:/home/wb/ros_ws/install/nav2_mppi_controller/lib:/home/wb/ros_ws/install/nav2_constrained_smoother/lib:/home/wb/ros_ws/install/nav2_bt_navigator/lib:/home/wb/ros_ws/install/nav2_behaviors/lib:/home/wb/ros_ws/install/nav2_collision_monitor/lib:/home/wb/ros_ws/install/costmap_queue/lib:/home/wb/ros_ws/install/nav2_velocity_smoother/lib:/home/wb/ros_ws/install/nav2_rviz_plugins/lib:/home/wb/ros_ws/install/nav2_behavior_tree/lib:/home/wb/ros_ws/install/nav2_amcl/lib:/usr/lib/x86_64-linux-gnu/gazebo-11/plugins:/opt/ros/humble/opt/rviz_ogre_vendor/lib:/opt/ros/humble/lib/x86_64-linux-gnu:/opt/ros/humble/lib /usr/bin/cmake --build /home/wb/ros_ws/build/nav2_constrained_smoother -- -j4 -l4
[35.135s] Invoking command in '/home/wb/ros_ws/build/nav2_constrained_smoother': CMAKE_PREFIX_PATH=/home/wb/ros_ws/install/nav2_core:/home/wb/ros_ws/install/nav2_costmap_2d:/home/wb/ros_ws/install/nav2_map_server:/home/wb/ros_ws/install/nav2_lifecycle_manager:/home/wb/ros_ws/install/nav2_util:/home/wb/ros_ws/install/nav2_voxel_grid:/home/wb/ros_ws/install/nav2_msgs:/home/wb/ros_ws/install/nav2_common:/home/wb/ros_ws/install/simple_robot:/home/wb/ros_ws/install/nav2_system_tests:/home/wb/ros_ws/install/my_robot_navigation:/home/wb/ros_ws/install/nav2_bringup:/home/wb/ros_ws/install/navigation2:/home/wb/ros_ws/install/nav2_smoother:/home/wb/ros_ws/install/nav2_rotation_shim_controller:/home/wb/ros_ws/install/nav2_graceful_controller:/home/wb/ros_ws/install/nav2_dwb_controller:/home/wb/ros_ws/install/nav2_controller:/home/wb/ros_ws/install/dwb_plugins:/home/wb/ros_ws/install/dwb_critics:/home/wb/ros_ws/install/dwb_core:/home/wb/ros_ws/install/nav_2d_utils:/home/wb/ros_ws/install/dwb_msgs:/home/wb/ros_ws/install/nav_2d_msgs:/home/wb/ros_ws/install/nav2_waypoint_follower:/home/wb/ros_ws/install/nav2_theta_star_planner:/home/wb/ros_ws/install/nav2_smac_planner:/home/wb/ros_ws/install/nav2_regulated_pure_pursuit_controller:/home/wb/ros_ws/install/nav2_planner:/home/wb/ros_ws/install/nav2_navfn_planner:/home/wb/ros_ws/install/nav2_mppi_controller:/home/wb/ros_ws/install/nav2_constrained_smoother:/home/wb/ros_ws/install/nav2_bt_navigator:/home/wb/ros_ws/install/nav2_behaviors:/home/wb/ros_ws/install/nav2_collision_monitor:/home/wb/ros_ws/install/costmap_queue:/home/wb/ros_ws/install/nav2_velocity_smoother:/home/wb/ros_ws/install/nav2_rviz_plugins:/home/wb/ros_ws/install/nav2_behavior_tree:/home/wb/ros_ws/install/nav2_amcl:/home/wb/ros_ws/install/my_robot_simulation:/home/wb/ros_ws/install/my_robot_description:/home/wb/ros_ws/install/nav2_simple_commander:/opt/ros/humble LD_LIBRARY_PATH=/home/wb/ros_ws/install/nav2_costmap_2d/lib:/home/wb/ros_ws/install/nav2_map_server/lib:/home/wb/ros_ws/install/nav2_lifecycle_manager/lib:/home/wb/ros_ws/install/nav2_util/lib:/home/wb/ros_ws/install/nav2_voxel_grid/lib:/home/wb/ros_ws/install/nav2_msgs/lib:/opt/ros/humble/lib:/home/wb/ros_ws/install/nav2_smoother/lib:/home/wb/ros_ws/install/nav2_rotation_shim_controller/lib:/home/wb/ros_ws/install/nav2_graceful_controller/lib:/home/wb/ros_ws/install/nav2_controller/lib:/home/wb/ros_ws/install/dwb_plugins/lib:/home/wb/ros_ws/install/dwb_critics/lib:/home/wb/ros_ws/install/dwb_core/lib:/home/wb/ros_ws/install/nav_2d_utils/lib:/home/wb/ros_ws/install/dwb_msgs/lib:/home/wb/ros_ws/install/nav_2d_msgs/lib:/home/wb/ros_ws/install/nav2_waypoint_follower/lib:/home/wb/ros_ws/install/nav2_theta_star_planner/lib:/home/wb/ros_ws/install/nav2_smac_planner/lib:/home/wb/ros_ws/install/nav2_regulated_pure_pursuit_controller/lib:/home/wb/ros_ws/install/nav2_planner/lib:/home/wb/ros_ws/install/nav2_navfn_planner/lib:/home/wb/ros_ws/install/nav2_mppi_controller/lib:/home/wb/ros_ws/install/nav2_constrained_smoother/lib:/home/wb/ros_ws/install/nav2_bt_navigator/lib:/home/wb/ros_ws/install/nav2_behaviors/lib:/home/wb/ros_ws/install/nav2_collision_monitor/lib:/home/wb/ros_ws/install/costmap_queue/lib:/home/wb/ros_ws/install/nav2_velocity_smoother/lib:/home/wb/ros_ws/install/nav2_rviz_plugins/lib:/home/wb/ros_ws/install/nav2_behavior_tree/lib:/home/wb/ros_ws/install/nav2_amcl/lib:/usr/lib/x86_64-linux-gnu/gazebo-11/plugins:/opt/ros/humble/opt/rviz_ogre_vendor/lib:/opt/ros/humble/lib/x86_64-linux-gnu:/opt/ros/humble/lib /usr/bin/cmake --install /home/wb/ros_ws/build/nav2_constrained_smoother
[35.145s] -- Install configuration: "Release"
[35.145s] -- Execute custom install script
[35.148s] -- Symlinking: /home/wb/ros_ws/install/nav2_constrained_smoother/lib/libnav2_constrained_smoother.so
[35.156s] -- Symlinking: /home/wb/ros_ws/install/nav2_constrained_smoother/include//nav2_constrained_smoother/constrained_smoother.hpp
[35.164s] -- Symlinking: /home/wb/ros_ws/install/nav2_constrained_smoother/include//nav2_constrained_smoother/options.hpp
[35.174s] -- Symlinking: /home/wb/ros_ws/install/nav2_constrained_smoother/include//nav2_constrained_smoother/smoother.hpp
[35.183s] -- Symlinking: /home/wb/ros_ws/install/nav2_constrained_smoother/include//nav2_constrained_smoother/smoother_cost_function.hpp
[35.192s] -- Symlinking: /home/wb/ros_ws/install/nav2_constrained_smoother/include//nav2_constrained_smoother/utils.hpp
[35.202s] -- Symlinking: /home/wb/ros_ws/install/nav2_constrained_smoother/share/nav2_constrained_smoother/environment/library_path.sh
[35.222s] -- Symlinking: /home/wb/ros_ws/install/nav2_constrained_smoother/share/nav2_constrained_smoother/environment/library_path.dsv
[35.235s] -- Symlinking: /home/wb/ros_ws/install/nav2_constrained_smoother/share/nav2_constrained_smoother//nav2_constrained_smoother.xml
[35.246s] -- Symlinking: /home/wb/ros_ws/install/nav2_constrained_smoother/share/ament_index/resource_index/package_run_dependencies/nav2_constrained_smoother
[35.257s] -- Symlinking: /home/wb/ros_ws/install/nav2_constrained_smoother/share/ament_index/resource_index/parent_prefix_path/nav2_constrained_smoother
[35.269s] -- Symlinking: /home/wb/ros_ws/install/nav2_constrained_smoother/share/nav2_constrained_smoother/environment/ament_prefix_path.sh
[35.281s] -- Symlinking: /home/wb/ros_ws/install/nav2_constrained_smoother/share/nav2_constrained_smoother/environment/ament_prefix_path.dsv
[35.287s] -- Symlinking: /home/wb/ros_ws/install/nav2_constrained_smoother/share/nav2_constrained_smoother/environment/path.sh
[35.296s] -- Symlinking: /home/wb/ros_ws/install/nav2_constrained_smoother/share/nav2_constrained_smoother/environment/path.dsv
[35.305s] -- Symlinking: /home/wb/ros_ws/install/nav2_constrained_smoother/share/nav2_constrained_smoother/local_setup.bash
[35.314s] -- Symlinking: /home/wb/ros_ws/install/nav2_constrained_smoother/share/nav2_constrained_smoother/local_setup.sh
[35.324s] -- Symlinking: /home/wb/ros_ws/install/nav2_constrained_smoother/share/nav2_constrained_smoother/local_setup.zsh
[35.336s] -- Symlinking: /home/wb/ros_ws/install/nav2_constrained_smoother/share/nav2_constrained_smoother/local_setup.dsv
[35.345s] -- Symlinking: /home/wb/ros_ws/install/nav2_constrained_smoother/share/nav2_constrained_smoother/package.dsv
[35.354s] -- Symlinking: /home/wb/ros_ws/install/nav2_constrained_smoother/share/ament_index/resource_index/packages/nav2_constrained_smoother
[35.367s] -- Symlinking: /home/wb/ros_ws/install/nav2_constrained_smoother/share/ament_index/resource_index/nav2_core__pluginlib__plugin/nav2_constrained_smoother
[35.374s] -- Symlinking: /home/wb/ros_ws/install/nav2_constrained_smoother/share/nav2_constrained_smoother/cmake/ament_cmake_export_include_directories-extras.cmake
[35.383s] -- Symlinking: /home/wb/ros_ws/install/nav2_constrained_smoother/share/nav2_constrained_smoother/cmake/ament_cmake_export_libraries-extras.cmake
[35.393s] -- Symlinking: /home/wb/ros_ws/install/nav2_constrained_smoother/share/nav2_constrained_smoother/cmake/ament_cmake_export_dependencies-extras.cmake
[35.402s] -- Symlinking: /home/wb/ros_ws/install/nav2_constrained_smoother/share/nav2_constrained_smoother/cmake/nav2_constrained_smootherConfig.cmake
[35.411s] -- Symlinking: /home/wb/ros_ws/install/nav2_constrained_smoother/share/nav2_constrained_smoother/cmake/nav2_constrained_smootherConfig-version.cmake
[35.420s] -- Symlinking: /home/wb/ros_ws/install/nav2_constrained_smoother/share/nav2_constrained_smoother/package.xml
[35.432s] Invoked command in '/home/wb/ros_ws/build/nav2_constrained_smoother' returned '0': CMAKE_PREFIX_PATH=/home/wb/ros_ws/install/nav2_core:/home/wb/ros_ws/install/nav2_costmap_2d:/home/wb/ros_ws/install/nav2_map_server:/home/wb/ros_ws/install/nav2_lifecycle_manager:/home/wb/ros_ws/install/nav2_util:/home/wb/ros_ws/install/nav2_voxel_grid:/home/wb/ros_ws/install/nav2_msgs:/home/wb/ros_ws/install/nav2_common:/home/wb/ros_ws/install/simple_robot:/home/wb/ros_ws/install/nav2_system_tests:/home/wb/ros_ws/install/my_robot_navigation:/home/wb/ros_ws/install/nav2_bringup:/home/wb/ros_ws/install/navigation2:/home/wb/ros_ws/install/nav2_smoother:/home/wb/ros_ws/install/nav2_rotation_shim_controller:/home/wb/ros_ws/install/nav2_graceful_controller:/home/wb/ros_ws/install/nav2_dwb_controller:/home/wb/ros_ws/install/nav2_controller:/home/wb/ros_ws/install/dwb_plugins:/home/wb/ros_ws/install/dwb_critics:/home/wb/ros_ws/install/dwb_core:/home/wb/ros_ws/install/nav_2d_utils:/home/wb/ros_ws/install/dwb_msgs:/home/wb/ros_ws/install/nav_2d_msgs:/home/wb/ros_ws/install/nav2_waypoint_follower:/home/wb/ros_ws/install/nav2_theta_star_planner:/home/wb/ros_ws/install/nav2_smac_planner:/home/wb/ros_ws/install/nav2_regulated_pure_pursuit_controller:/home/wb/ros_ws/install/nav2_planner:/home/wb/ros_ws/install/nav2_navfn_planner:/home/wb/ros_ws/install/nav2_mppi_controller:/home/wb/ros_ws/install/nav2_constrained_smoother:/home/wb/ros_ws/install/nav2_bt_navigator:/home/wb/ros_ws/install/nav2_behaviors:/home/wb/ros_ws/install/nav2_collision_monitor:/home/wb/ros_ws/install/costmap_queue:/home/wb/ros_ws/install/nav2_velocity_smoother:/home/wb/ros_ws/install/nav2_rviz_plugins:/home/wb/ros_ws/install/nav2_behavior_tree:/home/wb/ros_ws/install/nav2_amcl:/home/wb/ros_ws/install/my_robot_simulation:/home/wb/ros_ws/install/my_robot_description:/home/wb/ros_ws/install/nav2_simple_commander:/opt/ros/humble LD_LIBRARY_PATH=/home/wb/ros_ws/install/nav2_costmap_2d/lib:/home/wb/ros_ws/install/nav2_map_server/lib:/home/wb/ros_ws/install/nav2_lifecycle_manager/lib:/home/wb/ros_ws/install/nav2_util/lib:/home/wb/ros_ws/install/nav2_voxel_grid/lib:/home/wb/ros_ws/install/nav2_msgs/lib:/opt/ros/humble/lib:/home/wb/ros_ws/install/nav2_smoother/lib:/home/wb/ros_ws/install/nav2_rotation_shim_controller/lib:/home/wb/ros_ws/install/nav2_graceful_controller/lib:/home/wb/ros_ws/install/nav2_controller/lib:/home/wb/ros_ws/install/dwb_plugins/lib:/home/wb/ros_ws/install/dwb_critics/lib:/home/wb/ros_ws/install/dwb_core/lib:/home/wb/ros_ws/install/nav_2d_utils/lib:/home/wb/ros_ws/install/dwb_msgs/lib:/home/wb/ros_ws/install/nav_2d_msgs/lib:/home/wb/ros_ws/install/nav2_waypoint_follower/lib:/home/wb/ros_ws/install/nav2_theta_star_planner/lib:/home/wb/ros_ws/install/nav2_smac_planner/lib:/home/wb/ros_ws/install/nav2_regulated_pure_pursuit_controller/lib:/home/wb/ros_ws/install/nav2_planner/lib:/home/wb/ros_ws/install/nav2_navfn_planner/lib:/home/wb/ros_ws/install/nav2_mppi_controller/lib:/home/wb/ros_ws/install/nav2_constrained_smoother/lib:/home/wb/ros_ws/install/nav2_bt_navigator/lib:/home/wb/ros_ws/install/nav2_behaviors/lib:/home/wb/ros_ws/install/nav2_collision_monitor/lib:/home/wb/ros_ws/install/costmap_queue/lib:/home/wb/ros_ws/install/nav2_velocity_smoother/lib:/home/wb/ros_ws/install/nav2_rviz_plugins/lib:/home/wb/ros_ws/install/nav2_behavior_tree/lib:/home/wb/ros_ws/install/nav2_amcl/lib:/usr/lib/x86_64-linux-gnu/gazebo-11/plugins:/opt/ros/humble/opt/rviz_ogre_vendor/lib:/opt/ros/humble/lib/x86_64-linux-gnu:/opt/ros/humble/lib /usr/bin/cmake --install /home/wb/ros_ws/build/nav2_constrained_smoother
