running egg_info
creating ../../build/my_robot_vision/my_robot_vision.egg-info
writing ../../build/my_robot_vision/my_robot_vision.egg-info/PKG-INFO
writing dependency_links to ../../build/my_robot_vision/my_robot_vision.egg-info/dependency_links.txt
writing entry points to ../../build/my_robot_vision/my_robot_vision.egg-info/entry_points.txt
writing requirements to ../../build/my_robot_vision/my_robot_vision.egg-info/requires.txt
writing top-level names to ../../build/my_robot_vision/my_robot_vision.egg-info/top_level.txt
writing manifest file '../../build/my_robot_vision/my_robot_vision.egg-info/SOURCES.txt'
reading manifest file '../../build/my_robot_vision/my_robot_vision.egg-info/SOURCES.txt'
writing manifest file '../../build/my_robot_vision/my_robot_vision.egg-info/SOURCES.txt'
running build
running build_py
creating /home/wb/ros_ws/build/my_robot_vision/build
creating /home/wb/ros_ws/build/my_robot_vision/build/lib
creating /home/wb/ros_ws/build/my_robot_vision/build/lib/my_robot_vision
copying my_robot_vision/__init__.py -> /home/wb/ros_ws/build/my_robot_vision/build/lib/my_robot_vision
copying my_robot_vision/apple_detector.py -> /home/wb/ros_ws/build/my_robot_vision/build/lib/my_robot_vision
running install
running install_lib
creating /home/wb/ros_ws/install/my_robot_vision/lib/python3.10/site-packages/my_robot_vision
copying /home/wb/ros_ws/build/my_robot_vision/build/lib/my_robot_vision/__init__.py -> /home/wb/ros_ws/install/my_robot_vision/lib/python3.10/site-packages/my_robot_vision
copying /home/wb/ros_ws/build/my_robot_vision/build/lib/my_robot_vision/apple_detector.py -> /home/wb/ros_ws/install/my_robot_vision/lib/python3.10/site-packages/my_robot_vision
byte-compiling /home/wb/ros_ws/install/my_robot_vision/lib/python3.10/site-packages/my_robot_vision/__init__.py to __init__.cpython-310.pyc
byte-compiling /home/wb/ros_ws/install/my_robot_vision/lib/python3.10/site-packages/my_robot_vision/apple_detector.py to apple_detector.cpython-310.pyc
running install_data
creating /home/wb/ros_ws/install/my_robot_vision/share/ament_index
creating /home/wb/ros_ws/install/my_robot_vision/share/ament_index/resource_index
creating /home/wb/ros_ws/install/my_robot_vision/share/ament_index/resource_index/packages
copying resource/my_robot_vision -> /home/wb/ros_ws/install/my_robot_vision/share/ament_index/resource_index/packages
copying package.xml -> /home/wb/ros_ws/install/my_robot_vision/share/my_robot_vision
running install_egg_info
Copying ../../build/my_robot_vision/my_robot_vision.egg-info to /home/wb/ros_ws/install/my_robot_vision/lib/python3.10/site-packages/my_robot_vision-0.0.0-py3.10.egg-info
running install_scripts
writing list of installed files to '/home/wb/ros_ws/build/my_robot_vision/install.log'
