[0.798s] Invoking command in '/home/wb/ros_ws/src/my_robot_vision': PYTHONPATH=/home/wb/ros_ws/build/my_robot_vision/prefix_override:/usr/lib/python3/dist-packages/colcon_core/task/python/colcon_distutils_commands:/home/wb/ros_ws/install/my_robot_vision/lib/python3.10/site-packages:${PYTHONPATH} /usr/bin/python3 -W ignore:setup.py install is deprecated -W ignore:easy_install command is deprecated setup.py egg_info --egg-base ../../build/my_robot_vision build --build-base /home/wb/ros_ws/build/my_robot_vision/build install --record /home/wb/ros_ws/build/my_robot_vision/install.log --single-version-externally-managed install_data
[1.095s] running egg_info
[1.098s] creating ../../build/my_robot_vision/my_robot_vision.egg-info
[1.098s] writing ../../build/my_robot_vision/my_robot_vision.egg-info/PKG-INFO
[1.098s] writing dependency_links to ../../build/my_robot_vision/my_robot_vision.egg-info/dependency_links.txt
[1.098s] writing entry points to ../../build/my_robot_vision/my_robot_vision.egg-info/entry_points.txt
[1.098s] writing requirements to ../../build/my_robot_vision/my_robot_vision.egg-info/requires.txt
[1.098s] writing top-level names to ../../build/my_robot_vision/my_robot_vision.egg-info/top_level.txt
[1.098s] writing manifest file '../../build/my_robot_vision/my_robot_vision.egg-info/SOURCES.txt'
[1.100s] reading manifest file '../../build/my_robot_vision/my_robot_vision.egg-info/SOURCES.txt'
[1.100s] writing manifest file '../../build/my_robot_vision/my_robot_vision.egg-info/SOURCES.txt'
[1.100s] running build
[1.100s] running build_py
[1.102s] creating /home/wb/ros_ws/build/my_robot_vision/build
[1.102s] creating /home/wb/ros_ws/build/my_robot_vision/build/lib
[1.103s] creating /home/wb/ros_ws/build/my_robot_vision/build/lib/my_robot_vision
[1.103s] copying my_robot_vision/__init__.py -> /home/wb/ros_ws/build/my_robot_vision/build/lib/my_robot_vision
[1.103s] copying my_robot_vision/apple_detector.py -> /home/wb/ros_ws/build/my_robot_vision/build/lib/my_robot_vision
[1.103s] running install
[1.103s] running install_lib
[1.103s] creating /home/wb/ros_ws/install/my_robot_vision/lib/python3.10/site-packages/my_robot_vision
[1.103s] copying /home/wb/ros_ws/build/my_robot_vision/build/lib/my_robot_vision/__init__.py -> /home/wb/ros_ws/install/my_robot_vision/lib/python3.10/site-packages/my_robot_vision
[1.103s] copying /home/wb/ros_ws/build/my_robot_vision/build/lib/my_robot_vision/apple_detector.py -> /home/wb/ros_ws/install/my_robot_vision/lib/python3.10/site-packages/my_robot_vision
[1.103s] byte-compiling /home/wb/ros_ws/install/my_robot_vision/lib/python3.10/site-packages/my_robot_vision/__init__.py to __init__.cpython-310.pyc
[1.103s] byte-compiling /home/wb/ros_ws/install/my_robot_vision/lib/python3.10/site-packages/my_robot_vision/apple_detector.py to apple_detector.cpython-310.pyc
[1.103s] running install_data
[1.104s] creating /home/wb/ros_ws/install/my_robot_vision/share/ament_index
[1.104s] creating /home/wb/ros_ws/install/my_robot_vision/share/ament_index/resource_index
[1.104s] creating /home/wb/ros_ws/install/my_robot_vision/share/ament_index/resource_index/packages
[1.104s] copying resource/my_robot_vision -> /home/wb/ros_ws/install/my_robot_vision/share/ament_index/resource_index/packages
[1.104s] copying package.xml -> /home/wb/ros_ws/install/my_robot_vision/share/my_robot_vision
[1.104s] running install_egg_info
[1.106s] Copying ../../build/my_robot_vision/my_robot_vision.egg-info to /home/wb/ros_ws/install/my_robot_vision/lib/python3.10/site-packages/my_robot_vision-0.0.0-py3.10.egg-info
[1.107s] running install_scripts
[1.156s] writing list of installed files to '/home/wb/ros_ws/build/my_robot_vision/install.log'
[1.186s] Invoked command in '/home/wb/ros_ws/src/my_robot_vision' returned '0': PYTHONPATH=/home/wb/ros_ws/build/my_robot_vision/prefix_override:/usr/lib/python3/dist-packages/colcon_core/task/python/colcon_distutils_commands:/home/wb/ros_ws/install/my_robot_vision/lib/python3.10/site-packages:${PYTHONPATH} /usr/bin/python3 -W ignore:setup.py install is deprecated -W ignore:easy_install command is deprecated setup.py egg_info --egg-base ../../build/my_robot_vision build --build-base /home/wb/ros_ws/build/my_robot_vision/build install --record /home/wb/ros_ws/build/my_robot_vision/install.log --single-version-externally-managed install_data
