[0.018s] Invoking command in '/home/wb/ros_ws/build/nav2_costmap_2d': AMENT_PREFIX_PATH=/home/wb/ros_ws/install/nav2_map_server:/home/wb/ros_ws/install/nav2_lifecycle_manager:/home/wb/ros_ws/install/nav2_util:/home/wb/ros_ws/install/nav2_voxel_grid:/home/wb/ros_ws/install/nav2_msgs:/home/wb/ros_ws/install/nav2_common:${AMENT_PREFIX_PATH} CMAKE_PREFIX_PATH=/home/wb/ros_ws/install/nav2_map_server:/home/wb/ros_ws/install/nav2_lifecycle_manager:/home/wb/ros_ws/install/nav2_util:/home/wb/ros_ws/install/nav2_voxel_grid:/home/wb/ros_ws/install/nav2_msgs:/home/wb/ros_ws/install/nav2_common:/home/wb/ros_ws/install/simple_robot:/home/wb/ros_ws/install/my_robot_navigation:/home/wb/ros_ws/install/my_robot_simulation:/home/wb/ros_ws/install/my_robot_description:/opt/ros/humble LD_LIBRARY_PATH=/home/wb/ros_ws/install/nav2_map_server/lib:/home/wb/ros_ws/install/nav2_lifecycle_manager/lib:/home/wb/ros_ws/install/nav2_util/lib:/home/wb/ros_ws/install/nav2_voxel_grid/lib:/home/wb/ros_ws/install/nav2_msgs/lib:${LD_LIBRARY_PATH} PYTHONPATH=/home/wb/ros_ws/install/nav2_msgs/local/lib/python3.10/dist-packages:/home/wb/ros_ws/install/nav2_common/local/lib/python3.10/dist-packages:${PYTHONPATH} /usr/bin/cmake /home/wb/ros_ws/src/navigation2/nav2_costmap_2d -DCMAKE_INSTALL_PREFIX=/home/wb/ros_ws/install/nav2_costmap_2d
[0.068s] -- The C compiler identification is GNU 11.4.0
[0.112s] -- The CXX compiler identification is GNU 11.4.0
[0.119s] -- Detecting C compiler ABI info
[0.196s] -- Detecting C compiler ABI info - done
[0.200s] -- Check for working C compiler: /usr/bin/cc - skipped
[0.200s] -- Detecting C compile features
[0.200s] -- Detecting C compile features - done
[0.203s] -- Detecting CXX compiler ABI info
[0.284s] -- Detecting CXX compiler ABI info - done
[0.287s] -- Check for working CXX compiler: /usr/bin/c++ - skipped
[0.287s] -- Detecting CXX compile features
[0.288s] -- Detecting CXX compile features - done
[0.290s] -- Found ament_cmake: 1.3.11 (/opt/ros/humble/share/ament_cmake/cmake)
[0.416s] -- Found Python3: /usr/bin/python3 (found version "3.10.12") found components: Interpreter 
[0.495s] -- Found geometry_msgs: 4.8.0 (/opt/ros/humble/share/geometry_msgs/cmake)
[0.528s] -- Found rosidl_generator_c: 3.1.6 (/opt/ros/humble/share/rosidl_generator_c/cmake)
[0.534s] -- Found rosidl_adapter: 3.1.6 (/opt/ros/humble/share/rosidl_adapter/cmake)
[0.542s] -- Found rosidl_generator_cpp: 3.1.6 (/opt/ros/humble/share/rosidl_generator_cpp/cmake)
[0.553s] -- Using all available rosidl_typesupport_c: rosidl_typesupport_fastrtps_c;rosidl_typesupport_introspection_c
[0.571s] -- Using all available rosidl_typesupport_cpp: rosidl_typesupport_fastrtps_cpp;rosidl_typesupport_introspection_cpp
[0.597s] -- Found laser_geometry: 2.4.0 (/opt/ros/humble/share/laser_geometry/cmake)
[0.642s] -- Found rmw_implementation_cmake: 6.1.2 (/opt/ros/humble/share/rmw_implementation_cmake/cmake)
[0.645s] -- Found rmw_fastrtps_cpp: 6.2.7 (/opt/ros/humble/share/rmw_fastrtps_cpp/cmake)
[0.723s] -- Found OpenSSL: /usr/lib/x86_64-linux-gnu/libcrypto.so (found version "3.0.2")  
[0.744s] -- Found FastRTPS: /opt/ros/humble/include  
[0.779s] -- Using RMW implementation 'rmw_fastrtps_cpp' as default
[0.788s] -- Looking for pthread.h
[0.868s] -- Looking for pthread.h - found
[0.869s] -- Performing Test CMAKE_HAVE_LIBC_PTHREAD
[0.949s] -- Performing Test CMAKE_HAVE_LIBC_PTHREAD - Success
[0.950s] -- Found Threads: TRUE  
[1.006s] -- Found map_msgs: 2.1.0 (/opt/ros/humble/share/map_msgs/cmake)
[1.033s] -- Found message_filters: 4.3.7 (/opt/ros/humble/share/message_filters/cmake)
[1.036s] -- Found nav2_common: 1.1.18 (/home/wb/ros_ws/install/nav2_common/share/nav2_common/cmake)
[1.036s] -- Found nav2_msgs: 1.1.18 (/home/wb/ros_ws/install/nav2_msgs/share/nav2_msgs/cmake)
[1.070s] -- Found nav2_util: 1.1.18 (/home/wb/ros_ws/install/nav2_util/share/nav2_util/cmake)
[1.129s] -- Found Eigen3: TRUE (found version "3.4.0") 
[1.129s] -- Ensuring Eigen3 include directory is part of orocos-kdl CMake target
[1.170s] -- Found nav2_voxel_grid: 1.1.18 (/home/wb/ros_ws/install/nav2_voxel_grid/share/nav2_voxel_grid/cmake)
[1.174s] -- Found pluginlib: 5.1.0 (/opt/ros/humble/share/pluginlib/cmake)
[1.188s] -- Found std_srvs: 4.8.0 (/opt/ros/humble/share/std_srvs/cmake)
[1.198s] -- Found tf2_sensor_msgs: 0.25.13 (/opt/ros/humble/share/tf2_sensor_msgs/cmake)
[1.204s] -- Found visualization_msgs: 4.8.0 (/opt/ros/humble/share/visualization_msgs/cmake)
[1.219s] -- Found angles: 1.15.0 (/opt/ros/humble/share/angles/cmake)
[1.222s] -- Found Eigen3: TRUE (found suitable version "3.4.0", minimum required is "3.3") 
[1.222s] -- Setting build type to Release as none was specified.
[1.343s] -- Found ament_lint_auto: 0.12.12 (/opt/ros/humble/share/ament_lint_auto/cmake)
[1.470s] -- Found gtest sources under '/opt/ros/humble/src/gtest_vendor': C++ tests using 'Google Test' will be built
[1.486s] -- Found gtest sources under '/opt/ros/humble/src/gtest_vendor': C++ tests using 'Google Test' will be built
[1.495s] -- Found gtest sources under '/opt/ros/humble/src/gtest_vendor': C++ tests using 'Google Test' will be built
[1.526s] -- Added test 'cppcheck' to perform static code analysis on C / C++ code
[1.527s] -- Configured cppcheck include dirs: $<BUILD_INTERFACE:/home/wb/ros_ws/src/navigation2/nav2_costmap_2d/include>
[1.527s] -- Configured cppcheck exclude dirs and/or files: 
[1.528s] -- Added test 'flake8' to check Python code syntax and style conventions
[1.529s] -- Added test 'lint_cmake' to check CMake code style
[1.530s] -- Added test 'pep257' to check Python code against some of the docstring style conventions in PEP 257
[1.535s] -- Added test 'uncrustify' to check C / C++ code style
[1.535s] -- Configured uncrustify additional arguments: 
[1.535s] -- Added test 'xmllint' to check XML markup files
[1.538s] -- Configuring done
[2.626s] -- Generating done
[2.688s] -- Build files have been written to: /home/wb/ros_ws/build/nav2_costmap_2d
[2.700s] Invoked command in '/home/wb/ros_ws/build/nav2_costmap_2d' returned '0': AMENT_PREFIX_PATH=/home/wb/ros_ws/install/nav2_map_server:/home/wb/ros_ws/install/nav2_lifecycle_manager:/home/wb/ros_ws/install/nav2_util:/home/wb/ros_ws/install/nav2_voxel_grid:/home/wb/ros_ws/install/nav2_msgs:/home/wb/ros_ws/install/nav2_common:${AMENT_PREFIX_PATH} CMAKE_PREFIX_PATH=/home/wb/ros_ws/install/nav2_map_server:/home/wb/ros_ws/install/nav2_lifecycle_manager:/home/wb/ros_ws/install/nav2_util:/home/wb/ros_ws/install/nav2_voxel_grid:/home/wb/ros_ws/install/nav2_msgs:/home/wb/ros_ws/install/nav2_common:/home/wb/ros_ws/install/simple_robot:/home/wb/ros_ws/install/my_robot_navigation:/home/wb/ros_ws/install/my_robot_simulation:/home/wb/ros_ws/install/my_robot_description:/opt/ros/humble LD_LIBRARY_PATH=/home/wb/ros_ws/install/nav2_map_server/lib:/home/wb/ros_ws/install/nav2_lifecycle_manager/lib:/home/wb/ros_ws/install/nav2_util/lib:/home/wb/ros_ws/install/nav2_voxel_grid/lib:/home/wb/ros_ws/install/nav2_msgs/lib:${LD_LIBRARY_PATH} PYTHONPATH=/home/wb/ros_ws/install/nav2_msgs/local/lib/python3.10/dist-packages:/home/wb/ros_ws/install/nav2_common/local/lib/python3.10/dist-packages:${PYTHONPATH} /usr/bin/cmake /home/wb/ros_ws/src/navigation2/nav2_costmap_2d -DCMAKE_INSTALL_PREFIX=/home/wb/ros_ws/install/nav2_costmap_2d
[2.701s] Invoking command in '/home/wb/ros_ws/build/nav2_costmap_2d': AMENT_PREFIX_PATH=/home/wb/ros_ws/install/nav2_map_server:/home/wb/ros_ws/install/nav2_lifecycle_manager:/home/wb/ros_ws/install/nav2_util:/home/wb/ros_ws/install/nav2_voxel_grid:/home/wb/ros_ws/install/nav2_msgs:/home/wb/ros_ws/install/nav2_common:${AMENT_PREFIX_PATH} CMAKE_PREFIX_PATH=/home/wb/ros_ws/install/nav2_map_server:/home/wb/ros_ws/install/nav2_lifecycle_manager:/home/wb/ros_ws/install/nav2_util:/home/wb/ros_ws/install/nav2_voxel_grid:/home/wb/ros_ws/install/nav2_msgs:/home/wb/ros_ws/install/nav2_common:/home/wb/ros_ws/install/simple_robot:/home/wb/ros_ws/install/my_robot_navigation:/home/wb/ros_ws/install/my_robot_simulation:/home/wb/ros_ws/install/my_robot_description:/opt/ros/humble LD_LIBRARY_PATH=/home/wb/ros_ws/install/nav2_map_server/lib:/home/wb/ros_ws/install/nav2_lifecycle_manager/lib:/home/wb/ros_ws/install/nav2_util/lib:/home/wb/ros_ws/install/nav2_voxel_grid/lib:/home/wb/ros_ws/install/nav2_msgs/lib:${LD_LIBRARY_PATH} PYTHONPATH=/home/wb/ros_ws/install/nav2_msgs/local/lib/python3.10/dist-packages:/home/wb/ros_ws/install/nav2_common/local/lib/python3.10/dist-packages:${PYTHONPATH} /usr/bin/cmake --build /home/wb/ros_ws/build/nav2_costmap_2d -- -j4 -l4
[2.751s] [  1%] [32mBuilding CXX object CMakeFiles/nav2_costmap_2d_core.dir/src/array_parser.cpp.o[0m
[3.167s] [  2%] [32mBuilding CXX object CMakeFiles/nav2_costmap_2d_core.dir/src/costmap_2d.cpp.o[0m
[3.935s] [  3%] [32mBuilding CXX object CMakeFiles/nav2_costmap_2d_core.dir/src/layer.cpp.o[0m
[6.606s] [  4%] [32mBuilding CXX object CMakeFiles/nav2_costmap_2d_core.dir/src/layered_costmap.cpp.o[0m
[9.295s] [  6%] [32mBuilding CXX object CMakeFiles/nav2_costmap_2d_core.dir/src/costmap_2d_ros.cpp.o[0m
[20.331s] [  7%] [32mBuilding CXX object CMakeFiles/nav2_costmap_2d_core.dir/src/costmap_2d_publisher.cpp.o[0m
[23.402s] [  8%] [32mBuilding CXX object CMakeFiles/nav2_costmap_2d_core.dir/src/costmap_math.cpp.o[0m
[29.065s] [  9%] [32mBuilding CXX object CMakeFiles/nav2_costmap_2d_core.dir/src/footprint.cpp.o[0m
[32.133s] [ 10%] [32mBuilding CXX object CMakeFiles/nav2_costmap_2d_core.dir/src/costmap_layer.cpp.o[0m
[34.712s] [ 12%] [32mBuilding CXX object CMakeFiles/nav2_costmap_2d_core.dir/src/observation_buffer.cpp.o[0m
[38.752s] [ 13%] [32mBuilding CXX object CMakeFiles/nav2_costmap_2d_core.dir/src/clear_costmap_service.cpp.o[0m
[39.762s] [ 14%] [32mBuilding CXX object CMakeFiles/nav2_costmap_2d_core.dir/src/footprint_collision_checker.cpp.o[0m
[42.818s] [ 15%] [32mBuilding CXX object CMakeFiles/nav2_costmap_2d_core.dir/plugins/costmap_filters/costmap_filter.cpp.o[0m
[47.499s] [ 17%] [32m[1mLinking CXX shared library libnav2_costmap_2d_core.so[0m
[47.863s] [ 17%] Built target nav2_costmap_2d_core
[47.885s] [ 18%] [32mBuilding CXX object gtest/CMakeFiles/gtest.dir/src/gtest-all.cc.o[0m
[49.922s] [ 19%] [32mBuilding CXX object CMakeFiles/filters.dir/plugins/costmap_filters/keepout_filter.cpp.o[0m
[51.946s] [ 20%] [32mBuilding CXX object CMakeFiles/layers.dir/plugins/inflation_layer.cpp.o[0m
[53.906s] [ 21%] [32m[1mLinking CXX static library libgtest.a[0m
[53.969s] [ 23%] [32mBuilding CXX object gtest/CMakeFiles/gtest_main.dir/src/gtest_main.cc.o[0m
[54.012s] [ 23%] Built target gtest
[54.070s] [ 24%] [32mBuilding CXX object CMakeFiles/nav2_costmap_2d_client.dir/src/footprint_subscriber.cpp.o[0m
[55.357s] [ 25%] [32m[1mLinking CXX static library libgtest_main.a[0m
[55.399s] [ 25%] Built target gtest_main
[57.715s] [ 26%] [32mBuilding CXX object CMakeFiles/layers.dir/plugins/static_layer.cpp.o[0m
[63.341s] [ 28%] [32mBuilding CXX object CMakeFiles/filters.dir/plugins/costmap_filters/speed_filter.cpp.o[0m
[63.384s] [ 29%] [32mBuilding CXX object CMakeFiles/nav2_costmap_2d_client.dir/src/costmap_subscriber.cpp.o[0m
[68.749s] [ 30%] [32mBuilding CXX object CMakeFiles/layers.dir/plugins/obstacle_layer.cpp.o[0m
[71.261s] [ 31%] [32mBuilding CXX object CMakeFiles/nav2_costmap_2d_client.dir/src/costmap_topic_collision_checker.cpp.o[0m
[73.973s] [ 32%] [32m[1mLinking CXX shared library libnav2_costmap_2d_client.so[0m
[74.330s] [ 32%] Built target nav2_costmap_2d_client
[74.527s] [ 34%] [32mBuilding CXX object CMakeFiles/filters.dir/plugins/costmap_filters/binary_filter.cpp.o[0m
[82.487s] [ 35%] [32mBuilding CXX object CMakeFiles/layers.dir/src/observation_buffer.cpp.o[0m
[84.940s] [ 36%] [32m[1mLinking CXX shared library libfilters.so[0m
[85.312s] [ 36%] Built target filters
[86.452s] [ 37%] [32mBuilding CXX object CMakeFiles/layers.dir/plugins/voxel_layer.cpp.o[0m
[92.396s] [ 39%] [32mBuilding CXX object CMakeFiles/layers.dir/plugins/range_sensor_layer.cpp.o[0m
[95.347s] [ 40%] [32mBuilding CXX object test/unit/CMakeFiles/array_parser_test.dir/array_parser_test.cpp.o[0m
[96.379s] [ 41%] [32mBuilding CXX object CMakeFiles/nav2_costmap_2d_cloud.dir/src/costmap_2d_cloud.cpp.o[0m
[96.727s] [ 42%] [32m[1mLinking CXX executable array_parser_test[0m
[97.179s] [ 42%] Built target array_parser_test
[97.209s] [ 43%] [32mBuilding CXX object CMakeFiles/nav2_costmap_2d_markers.dir/src/costmap_2d_markers.cpp.o[0m
[97.232s] [ 45%] [32mBuilding CXX object test/unit/CMakeFiles/collision_footprint_test.dir/footprint_collision_checker_test.cpp.o[0m
[105.927s] [ 46%] [32mBuilding CXX object CMakeFiles/layers.dir/plugins/denoise_layer.cpp.o[0m
[106.732s] [ 47%] [32m[1mLinking CXX executable collision_footprint_test[0m
[107.229s] [ 47%] Built target collision_footprint_test
[111.466s] [ 48%] [32m[1mLinking CXX shared library liblayers.so[0m
[111.748s] [ 50%] [32m[1mLinking CXX executable nav2_costmap_2d_cloud[0m
[111.952s] [ 50%] Built target nav2_costmap_2d_cloud
[111.987s] [ 51%] [32m[1mLinking CXX executable nav2_costmap_2d_markers[0m
[112.000s] [ 51%] Built target layers
[112.207s] [ 51%] Built target nav2_costmap_2d_markers
[112.229s] [ 52%] [32mBuilding CXX object test/unit/CMakeFiles/costmap_filter_test.dir/costmap_filter_test.cpp.o[0m
[115.583s] [ 53%] [32m[1mLinking CXX executable costmap_filter_test[0m
[115.789s] [ 53%] Built target costmap_filter_test
[115.809s] [ 54%] [32mBuilding CXX object test/unit/CMakeFiles/keepout_filter_test.dir/keepout_filter_test.cpp.o[0m
[122.472s] [ 56%] [32m[1mLinking CXX executable keepout_filter_test[0m
[122.749s] [ 56%] Built target keepout_filter_test
[122.774s] [ 57%] [32mBuilding CXX object test/unit/CMakeFiles/speed_filter_test.dir/speed_filter_test.cpp.o[0m
[129.797s] [ 58%] [32mBuilding CXX object test/unit/CMakeFiles/binary_filter_test.dir/binary_filter_test.cpp.o[0m
[130.853s] [ 59%] [32mBuilding CXX object test/unit/CMakeFiles/declare_parameter_test.dir/declare_parameter_test.cpp.o[0m
[131.906s] [ 60%] [32mBuilding CXX object test/unit/CMakeFiles/costmap_convesion_test.dir/costmap_conversion_test.cpp.o[0m
[138.756s] [ 62%] [32m[1mLinking CXX executable speed_filter_test[0m
[138.858s] [ 63%] [32m[1mLinking CXX executable costmap_convesion_test[0m
[139.133s] [ 64%] [32m[1mLinking CXX executable declare_parameter_test[0m
[139.408s] [ 64%] Built target costmap_convesion_test
[139.411s] [ 64%] Built target speed_filter_test
[139.626s] [ 64%] Built target declare_parameter_test
[145.676s] [ 65%] [32m[1mLinking CXX executable binary_filter_test[0m
[145.982s] [ 65%] Built target binary_filter_test
[146.003s] [ 67%] [32mBuilding CXX object test/unit/CMakeFiles/denoise_layer_test.dir/denoise_layer_test.cpp.o[0m
[150.146s] [ 68%] [32mBuilding CXX object test/unit/CMakeFiles/denoise_layer_test.dir/image_test.cpp.o[0m
[151.349s] [ 69%] [32mBuilding CXX object test/unit/CMakeFiles/denoise_layer_test.dir/image_processing_test.cpp.o[0m
[153.814s] [ 70%] [32m[1mLinking CXX executable denoise_layer_test[0m
[154.118s] [ 70%] Built target denoise_layer_test
[154.136s] [ 71%] [32mBuilding CXX object test/integration/CMakeFiles/footprint_tests_exec.dir/footprint_tests.cpp.o[0m
[155.158s] [ 73%] [32mBuilding CXX object test/integration/CMakeFiles/test_collision_checker_exec.dir/test_costmap_topic_collision_checker.cpp.o[0m
[156.194s] [ 74%] [32mBuilding CXX object test/unit/CMakeFiles/costmap_filter_service_test.dir/costmap_filter_service_test.cpp.o[0m
[157.225s] [ 75%] [32mBuilding CXX object test/unit/CMakeFiles/copy_window_test.dir/copy_window_test.cpp.o[0m
[159.317s] [ 76%] [32m[1mLinking CXX executable footprint_tests_exec[0m
[159.978s] [ 76%] Built target footprint_tests_exec
[163.219s] [ 78%] [32m[1mLinking CXX executable copy_window_test[0m
[163.713s] [ 78%] Built target copy_window_test
[164.371s] [ 79%] [32m[1mLinking CXX executable costmap_filter_service_test[0m
[164.865s] [ 79%] Built target costmap_filter_service_test
[167.279s] [ 80%] [32m[1mLinking CXX executable test_collision_checker_exec[0m
[167.594s] [ 80%] Built target test_collision_checker_exec
[167.616s] [ 81%] [32mBuilding CXX object test/integration/CMakeFiles/range_tests_exec.dir/range_tests.cpp.o[0m
[172.924s] [ 82%] [32m[1mLinking CXX executable range_tests_exec[0m
[173.183s] [ 82%] Built target range_tests_exec
[173.203s] [ 84%] [32mBuilding CXX object test/integration/CMakeFiles/dyn_params_tests.dir/dyn_params_tests.cpp.o[0m
[178.595s] [ 85%] [32m[1mLinking CXX executable dyn_params_tests[0m
[178.808s] [ 85%] Built target dyn_params_tests
[178.827s] [ 86%] [32mBuilding CXX object test/regression/CMakeFiles/costmap_bresenham_2d.dir/costmap_bresenham_2d.cpp.o[0m
[179.937s] [ 87%] [32m[1mLinking CXX executable costmap_bresenham_2d[0m
[180.125s] [ 87%] Built target costmap_bresenham_2d
[180.145s] [ 89%] [32mBuilding CXX object test/regression/CMakeFiles/order_layer.dir/order_layer.cpp.o[0m
[182.677s] [ 90%] [32m[1mLinking CXX shared library liborder_layer.so[0m
[182.863s] [ 90%] Built target order_layer
[182.884s] [ 91%] [32mBuilding CXX object test/regression/CMakeFiles/plugin_api_order.dir/plugin_api_order.cpp.o[0m
[186.724s] [ 92%] [32m[1mLinking CXX executable plugin_api_order[0m
[186.955s] [ 92%] Built target plugin_api_order
[186.989s] [ 93%] [32mBuilding CXX object CMakeFiles/nav2_costmap_2d.dir/src/costmap_2d_node.cpp.o[0m
[186.993s] [ 95%] [32mBuilding CXX object test/integration/CMakeFiles/obstacle_tests_exec.dir/obstacle_tests.cpp.o[0m
[193.176s] [ 96%] [32m[1mLinking CXX executable nav2_costmap_2d[0m
[193.627s] [ 96%] Built target nav2_costmap_2d
[196.795s] [ 97%] [32m[1mLinking CXX executable obstacle_tests_exec[0m
[197.181s] [ 97%] Built target obstacle_tests_exec
[197.222s] [ 98%] [32mBuilding CXX object test/integration/CMakeFiles/inflation_tests_exec.dir/inflation_tests.cpp.o[0m
[205.278s] [100%] [32m[1mLinking CXX executable inflation_tests_exec[0m
[205.536s] [100%] Built target inflation_tests_exec
[205.547s] Invoked command in '/home/wb/ros_ws/build/nav2_costmap_2d' returned '0': AMENT_PREFIX_PATH=/home/wb/ros_ws/install/nav2_map_server:/home/wb/ros_ws/install/nav2_lifecycle_manager:/home/wb/ros_ws/install/nav2_util:/home/wb/ros_ws/install/nav2_voxel_grid:/home/wb/ros_ws/install/nav2_msgs:/home/wb/ros_ws/install/nav2_common:${AMENT_PREFIX_PATH} CMAKE_PREFIX_PATH=/home/wb/ros_ws/install/nav2_map_server:/home/wb/ros_ws/install/nav2_lifecycle_manager:/home/wb/ros_ws/install/nav2_util:/home/wb/ros_ws/install/nav2_voxel_grid:/home/wb/ros_ws/install/nav2_msgs:/home/wb/ros_ws/install/nav2_common:/home/wb/ros_ws/install/simple_robot:/home/wb/ros_ws/install/my_robot_navigation:/home/wb/ros_ws/install/my_robot_simulation:/home/wb/ros_ws/install/my_robot_description:/opt/ros/humble LD_LIBRARY_PATH=/home/wb/ros_ws/install/nav2_map_server/lib:/home/wb/ros_ws/install/nav2_lifecycle_manager/lib:/home/wb/ros_ws/install/nav2_util/lib:/home/wb/ros_ws/install/nav2_voxel_grid/lib:/home/wb/ros_ws/install/nav2_msgs/lib:${LD_LIBRARY_PATH} PYTHONPATH=/home/wb/ros_ws/install/nav2_msgs/local/lib/python3.10/dist-packages:/home/wb/ros_ws/install/nav2_common/local/lib/python3.10/dist-packages:${PYTHONPATH} /usr/bin/cmake --build /home/wb/ros_ws/build/nav2_costmap_2d -- -j4 -l4
[205.548s] Invoking command in '/home/wb/ros_ws/build/nav2_costmap_2d': AMENT_PREFIX_PATH=/home/wb/ros_ws/install/nav2_map_server:/home/wb/ros_ws/install/nav2_lifecycle_manager:/home/wb/ros_ws/install/nav2_util:/home/wb/ros_ws/install/nav2_voxel_grid:/home/wb/ros_ws/install/nav2_msgs:/home/wb/ros_ws/install/nav2_common:${AMENT_PREFIX_PATH} CMAKE_PREFIX_PATH=/home/wb/ros_ws/install/nav2_map_server:/home/wb/ros_ws/install/nav2_lifecycle_manager:/home/wb/ros_ws/install/nav2_util:/home/wb/ros_ws/install/nav2_voxel_grid:/home/wb/ros_ws/install/nav2_msgs:/home/wb/ros_ws/install/nav2_common:/home/wb/ros_ws/install/simple_robot:/home/wb/ros_ws/install/my_robot_navigation:/home/wb/ros_ws/install/my_robot_simulation:/home/wb/ros_ws/install/my_robot_description:/opt/ros/humble LD_LIBRARY_PATH=/home/wb/ros_ws/install/nav2_map_server/lib:/home/wb/ros_ws/install/nav2_lifecycle_manager/lib:/home/wb/ros_ws/install/nav2_util/lib:/home/wb/ros_ws/install/nav2_voxel_grid/lib:/home/wb/ros_ws/install/nav2_msgs/lib:${LD_LIBRARY_PATH} PYTHONPATH=/home/wb/ros_ws/install/nav2_msgs/local/lib/python3.10/dist-packages:/home/wb/ros_ws/install/nav2_common/local/lib/python3.10/dist-packages:${PYTHONPATH} /usr/bin/cmake --install /home/wb/ros_ws/build/nav2_costmap_2d
[205.555s] -- Install configuration: "Release"
[205.560s] -- Installing: /home/wb/ros_ws/install/nav2_costmap_2d/lib/liblayers.so
[205.563s] -- Set runtime path of "/home/wb/ros_ws/install/nav2_costmap_2d/lib/liblayers.so" to ""
[205.563s] -- Installing: /home/wb/ros_ws/install/nav2_costmap_2d/lib/libfilters.so
[205.563s] -- Set runtime path of "/home/wb/ros_ws/install/nav2_costmap_2d/lib/libfilters.so" to ""
[205.564s] -- Installing: /home/wb/ros_ws/install/nav2_costmap_2d/lib/libnav2_costmap_2d_core.so
[205.567s] -- Set runtime path of "/home/wb/ros_ws/install/nav2_costmap_2d/lib/libnav2_costmap_2d_core.so" to ""
[205.567s] -- Installing: /home/wb/ros_ws/install/nav2_costmap_2d/lib/libnav2_costmap_2d_client.so
[205.569s] -- Set runtime path of "/home/wb/ros_ws/install/nav2_costmap_2d/lib/libnav2_costmap_2d_client.so" to ""
[205.569s] -- Installing: /home/wb/ros_ws/install/nav2_costmap_2d/lib/nav2_costmap_2d/nav2_costmap_2d_markers
[205.570s] -- Set runtime path of "/home/wb/ros_ws/install/nav2_costmap_2d/lib/nav2_costmap_2d/nav2_costmap_2d_markers" to ""
[205.570s] -- Installing: /home/wb/ros_ws/install/nav2_costmap_2d/lib/nav2_costmap_2d/nav2_costmap_2d_cloud
[205.572s] -- Set runtime path of "/home/wb/ros_ws/install/nav2_costmap_2d/lib/nav2_costmap_2d/nav2_costmap_2d_cloud" to ""
[205.572s] -- Installing: /home/wb/ros_ws/install/nav2_costmap_2d/lib/nav2_costmap_2d/nav2_costmap_2d
[205.572s] -- Set runtime path of "/home/wb/ros_ws/install/nav2_costmap_2d/lib/nav2_costmap_2d/nav2_costmap_2d" to ""
[205.572s] -- Installing: /home/wb/ros_ws/install/nav2_costmap_2d/share/nav2_costmap_2d/costmap_plugins.xml
[205.572s] -- Installing: /home/wb/ros_ws/install/nav2_costmap_2d/include/nav2_costmap_2d
[205.572s] -- Installing: /home/wb/ros_ws/install/nav2_costmap_2d/include/nav2_costmap_2d/nav2_costmap_2d
[205.572s] -- Installing: /home/wb/ros_ws/install/nav2_costmap_2d/include/nav2_costmap_2d/nav2_costmap_2d/array_parser.hpp
[205.572s] -- Installing: /home/wb/ros_ws/install/nav2_costmap_2d/include/nav2_costmap_2d/nav2_costmap_2d/layer.hpp
[205.573s] -- Installing: /home/wb/ros_ws/install/nav2_costmap_2d/include/nav2_costmap_2d/nav2_costmap_2d/obstacle_layer.hpp
[205.573s] -- Installing: /home/wb/ros_ws/install/nav2_costmap_2d/include/nav2_costmap_2d/nav2_costmap_2d/costmap_filters
[205.573s] -- Installing: /home/wb/ros_ws/install/nav2_costmap_2d/include/nav2_costmap_2d/nav2_costmap_2d/costmap_filters/binary_filter.hpp
[205.573s] -- Installing: /home/wb/ros_ws/install/nav2_costmap_2d/include/nav2_costmap_2d/nav2_costmap_2d/costmap_filters/filter_values.hpp
[205.573s] -- Installing: /home/wb/ros_ws/install/nav2_costmap_2d/include/nav2_costmap_2d/nav2_costmap_2d/costmap_filters/speed_filter.hpp
[205.573s] -- Installing: /home/wb/ros_ws/install/nav2_costmap_2d/include/nav2_costmap_2d/nav2_costmap_2d/costmap_filters/costmap_filter.hpp
[205.573s] -- Installing: /home/wb/ros_ws/install/nav2_costmap_2d/include/nav2_costmap_2d/nav2_costmap_2d/costmap_filters/keepout_filter.hpp
[205.573s] -- Installing: /home/wb/ros_ws/install/nav2_costmap_2d/include/nav2_costmap_2d/nav2_costmap_2d/costmap_layer.hpp
[205.573s] -- Installing: /home/wb/ros_ws/install/nav2_costmap_2d/include/nav2_costmap_2d/nav2_costmap_2d/observation_buffer.hpp
[205.573s] -- Installing: /home/wb/ros_ws/install/nav2_costmap_2d/include/nav2_costmap_2d/nav2_costmap_2d/costmap_2d_ros.hpp
[205.573s] -- Installing: /home/wb/ros_ws/install/nav2_costmap_2d/include/nav2_costmap_2d/nav2_costmap_2d/footprint_collision_checker.hpp
[205.573s] -- Installing: /home/wb/ros_ws/install/nav2_costmap_2d/include/nav2_costmap_2d/nav2_costmap_2d/footprint_subscriber.hpp
[205.573s] -- Installing: /home/wb/ros_ws/install/nav2_costmap_2d/include/nav2_costmap_2d/nav2_costmap_2d/clear_costmap_service.hpp
[205.574s] -- Installing: /home/wb/ros_ws/install/nav2_costmap_2d/include/nav2_costmap_2d/nav2_costmap_2d/costmap_topic_collision_checker.hpp
[205.574s] -- Installing: /home/wb/ros_ws/install/nav2_costmap_2d/include/nav2_costmap_2d/nav2_costmap_2d/inflation_layer.hpp
[205.574s] -- Installing: /home/wb/ros_ws/install/nav2_costmap_2d/include/nav2_costmap_2d/nav2_costmap_2d/denoise
[205.574s] -- Installing: /home/wb/ros_ws/install/nav2_costmap_2d/include/nav2_costmap_2d/nav2_costmap_2d/denoise/image.hpp
[205.574s] -- Installing: /home/wb/ros_ws/install/nav2_costmap_2d/include/nav2_costmap_2d/nav2_costmap_2d/denoise/image_processing.hpp
[205.574s] -- Installing: /home/wb/ros_ws/install/nav2_costmap_2d/include/nav2_costmap_2d/nav2_costmap_2d/costmap_2d_publisher.hpp
[205.574s] -- Installing: /home/wb/ros_ws/install/nav2_costmap_2d/include/nav2_costmap_2d/nav2_costmap_2d/costmap_math.hpp
[205.574s] -- Installing: /home/wb/ros_ws/install/nav2_costmap_2d/include/nav2_costmap_2d/nav2_costmap_2d/cost_values.hpp
[205.574s] -- Installing: /home/wb/ros_ws/install/nav2_costmap_2d/include/nav2_costmap_2d/nav2_costmap_2d/range_sensor_layer.hpp
[205.574s] -- Installing: /home/wb/ros_ws/install/nav2_costmap_2d/include/nav2_costmap_2d/nav2_costmap_2d/static_layer.hpp
[205.574s] -- Installing: /home/wb/ros_ws/install/nav2_costmap_2d/include/nav2_costmap_2d/nav2_costmap_2d/observation.hpp
[205.574s] -- Installing: /home/wb/ros_ws/install/nav2_costmap_2d/include/nav2_costmap_2d/nav2_costmap_2d/costmap_subscriber.hpp
[205.574s] -- Installing: /home/wb/ros_ws/install/nav2_costmap_2d/include/nav2_costmap_2d/nav2_costmap_2d/costmap_2d.hpp
[205.574s] -- Installing: /home/wb/ros_ws/install/nav2_costmap_2d/include/nav2_costmap_2d/nav2_costmap_2d/layered_costmap.hpp
[205.575s] -- Installing: /home/wb/ros_ws/install/nav2_costmap_2d/include/nav2_costmap_2d/nav2_costmap_2d/voxel_layer.hpp
[205.575s] -- Installing: /home/wb/ros_ws/install/nav2_costmap_2d/include/nav2_costmap_2d/nav2_costmap_2d/denoise_layer.hpp
[205.575s] -- Installing: /home/wb/ros_ws/install/nav2_costmap_2d/include/nav2_costmap_2d/nav2_costmap_2d/footprint.hpp
[205.575s] -- Installing: /home/wb/ros_ws/install/nav2_costmap_2d/include/nav2_costmap_2d/nav2_costmap_2d/exceptions.hpp
[205.575s] -- Installing: /home/wb/ros_ws/install/nav2_costmap_2d/share/nav2_costmap_2d/test/regression/order_layer.xml
[205.575s] -- Installing: /home/wb/ros_ws/install/nav2_costmap_2d/share/nav2_costmap_2d/environment/library_path.sh
[205.575s] -- Installing: /home/wb/ros_ws/install/nav2_costmap_2d/share/nav2_costmap_2d/environment/library_path.dsv
[205.575s] -- Up-to-date: /home/wb/ros_ws/install/nav2_costmap_2d/share/nav2_costmap_2d/costmap_plugins.xml
[205.575s] -- Installing: /home/wb/ros_ws/install/nav2_costmap_2d/share/ament_index/resource_index/package_run_dependencies/nav2_costmap_2d
[205.575s] -- Installing: /home/wb/ros_ws/install/nav2_costmap_2d/share/ament_index/resource_index/parent_prefix_path/nav2_costmap_2d
[205.576s] -- Installing: /home/wb/ros_ws/install/nav2_costmap_2d/share/nav2_costmap_2d/environment/ament_prefix_path.sh
[205.576s] -- Installing: /home/wb/ros_ws/install/nav2_costmap_2d/share/nav2_costmap_2d/environment/ament_prefix_path.dsv
[205.576s] -- Installing: /home/wb/ros_ws/install/nav2_costmap_2d/share/nav2_costmap_2d/environment/path.sh
[205.576s] -- Installing: /home/wb/ros_ws/install/nav2_costmap_2d/share/nav2_costmap_2d/environment/path.dsv
[205.576s] -- Installing: /home/wb/ros_ws/install/nav2_costmap_2d/share/nav2_costmap_2d/local_setup.bash
[205.576s] -- Installing: /home/wb/ros_ws/install/nav2_costmap_2d/share/nav2_costmap_2d/local_setup.sh
[205.576s] -- Installing: /home/wb/ros_ws/install/nav2_costmap_2d/share/nav2_costmap_2d/local_setup.zsh
[205.576s] -- Installing: /home/wb/ros_ws/install/nav2_costmap_2d/share/nav2_costmap_2d/local_setup.dsv
[205.576s] -- Installing: /home/wb/ros_ws/install/nav2_costmap_2d/share/nav2_costmap_2d/package.dsv
[205.576s] -- Installing: /home/wb/ros_ws/install/nav2_costmap_2d/share/ament_index/resource_index/packages/nav2_costmap_2d
[205.577s] -- Installing: /home/wb/ros_ws/install/nav2_costmap_2d/share/ament_index/resource_index/nav2_costmap_2d__pluginlib__plugin/nav2_costmap_2d
[205.577s] -- Installing: /home/wb/ros_ws/install/nav2_costmap_2d/share/nav2_costmap_2d/cmake/export_nav2_costmap_2dExport.cmake
[205.577s] -- Installing: /home/wb/ros_ws/install/nav2_costmap_2d/share/nav2_costmap_2d/cmake/export_nav2_costmap_2dExport-release.cmake
[205.577s] -- Installing: /home/wb/ros_ws/install/nav2_costmap_2d/share/nav2_costmap_2d/cmake/ament_cmake_export_targets-extras.cmake
[205.578s] -- Installing: /home/wb/ros_ws/install/nav2_costmap_2d/share/nav2_costmap_2d/cmake/ament_cmake_export_dependencies-extras.cmake
[205.578s] -- Installing: /home/wb/ros_ws/install/nav2_costmap_2d/share/nav2_costmap_2d/cmake/nav2_costmap_2dConfig.cmake
[205.578s] -- Installing: /home/wb/ros_ws/install/nav2_costmap_2d/share/nav2_costmap_2d/cmake/nav2_costmap_2dConfig-version.cmake
[205.578s] -- Installing: /home/wb/ros_ws/install/nav2_costmap_2d/share/nav2_costmap_2d/package.xml
[205.578s] -- Installing: /home/wb/ros_ws/install/nav2_costmap_2d/lib/liborder_layer.so
[205.578s] -- Set runtime path of "/home/wb/ros_ws/install/nav2_costmap_2d/lib/liborder_layer.so" to ""
[205.580s] Invoked command in '/home/wb/ros_ws/build/nav2_costmap_2d' returned '0': AMENT_PREFIX_PATH=/home/wb/ros_ws/install/nav2_map_server:/home/wb/ros_ws/install/nav2_lifecycle_manager:/home/wb/ros_ws/install/nav2_util:/home/wb/ros_ws/install/nav2_voxel_grid:/home/wb/ros_ws/install/nav2_msgs:/home/wb/ros_ws/install/nav2_common:${AMENT_PREFIX_PATH} CMAKE_PREFIX_PATH=/home/wb/ros_ws/install/nav2_map_server:/home/wb/ros_ws/install/nav2_lifecycle_manager:/home/wb/ros_ws/install/nav2_util:/home/wb/ros_ws/install/nav2_voxel_grid:/home/wb/ros_ws/install/nav2_msgs:/home/wb/ros_ws/install/nav2_common:/home/wb/ros_ws/install/simple_robot:/home/wb/ros_ws/install/my_robot_navigation:/home/wb/ros_ws/install/my_robot_simulation:/home/wb/ros_ws/install/my_robot_description:/opt/ros/humble LD_LIBRARY_PATH=/home/wb/ros_ws/install/nav2_map_server/lib:/home/wb/ros_ws/install/nav2_lifecycle_manager/lib:/home/wb/ros_ws/install/nav2_util/lib:/home/wb/ros_ws/install/nav2_voxel_grid/lib:/home/wb/ros_ws/install/nav2_msgs/lib:${LD_LIBRARY_PATH} PYTHONPATH=/home/wb/ros_ws/install/nav2_msgs/local/lib/python3.10/dist-packages:/home/wb/ros_ws/install/nav2_common/local/lib/python3.10/dist-packages:${PYTHONPATH} /usr/bin/cmake --install /home/wb/ros_ws/build/nav2_costmap_2d
