[0.020s] Invoking command in '/home/wb/ros_ws/build/nav2_common': CMAKE_PREFIX_PATH=${CMAKE_PREFIX_PATH}:/home/wb/ros_ws/install/nav2_simple_commander:/opt/ros/humble /usr/bin/cmake /home/wb/ros_ws/src/navigation2/nav2_common -DAMENT_CMAKE_SYMLINK_INSTALL=1 -DCMAKE_INSTALL_PREFIX=/home/wb/ros_ws/install/nav2_common
[0.045s] -- Found ament_cmake_core: 1.3.11 (/opt/ros/humble/share/ament_cmake_core/cmake)
[0.177s] -- Found Python3: /usr/bin/python3 (found version "3.10.12") found components: Interpreter 
[0.227s] -- Override CMake install command with custom implementation using symlinks instead of copying resources
[0.227s] -- Found ament_cmake_python: 1.3.11 (/opt/ros/humble/share/ament_cmake_python/cmake)
[0.347s] -- Configuring done
[0.349s] -- Generating done
[0.350s] -- Build files have been written to: /home/wb/ros_ws/build/nav2_common
[0.353s] Invoked command in '/home/wb/ros_ws/build/nav2_common' returned '0': CMAKE_PREFIX_PATH=${CMAKE_PREFIX_PATH}:/home/wb/ros_ws/install/nav2_simple_commander:/opt/ros/humble /usr/bin/cmake /home/wb/ros_ws/src/navigation2/nav2_common -DAMENT_CMAKE_SYMLINK_INSTALL=1 -DCMAKE_INSTALL_PREFIX=/home/wb/ros_ws/install/nav2_common
[0.354s] Invoking command in '/home/wb/ros_ws/build/nav2_common': CMAKE_PREFIX_PATH=${CMAKE_PREFIX_PATH}:/home/wb/ros_ws/install/nav2_simple_commander:/opt/ros/humble /usr/bin/cmake --build /home/wb/ros_ws/build/nav2_common -- -j4 -l4
[0.408s] Built target ament_cmake_python_symlink_nav2_common
[0.617s] running egg_info
[0.620s] creating nav2_common.egg-info
[0.620s] writing nav2_common.egg-info/PKG-INFO
[0.621s] writing dependency_links to nav2_common.egg-info/dependency_links.txt
[0.621s] writing top-level names to nav2_common.egg-info/top_level.txt
[0.621s] writing manifest file 'nav2_common.egg-info/SOURCES.txt'
[0.627s] reading manifest file 'nav2_common.egg-info/SOURCES.txt'
[0.627s] writing manifest file 'nav2_common.egg-info/SOURCES.txt'
[0.648s] Built target ament_cmake_python_build_nav2_common_egg
[0.658s] Invoked command in '/home/wb/ros_ws/build/nav2_common' returned '0': CMAKE_PREFIX_PATH=${CMAKE_PREFIX_PATH}:/home/wb/ros_ws/install/nav2_simple_commander:/opt/ros/humble /usr/bin/cmake --build /home/wb/ros_ws/build/nav2_common -- -j4 -l4
[0.667s] Invoking command in '/home/wb/ros_ws/build/nav2_common': CMAKE_PREFIX_PATH=${CMAKE_PREFIX_PATH}:/home/wb/ros_ws/install/nav2_simple_commander:/opt/ros/humble /usr/bin/cmake --install /home/wb/ros_ws/build/nav2_common
[0.675s] -- Install configuration: ""
[0.675s] -- Execute custom install script
[0.676s] -- Symlinking: /home/wb/ros_ws/install/nav2_common/share/nav2_common/environment/pythonpath.sh
[0.684s] -- Symlinking: /home/wb/ros_ws/install/nav2_common/share/nav2_common/environment/pythonpath.dsv
[0.694s] -- Symlinking: /home/wb/ros_ws/install/nav2_common/local/lib/python3.10/dist-packages/nav2_common-1.1.18-py3.10.egg-info/PKG-INFO
[0.699s] -- Symlinking: /home/wb/ros_ws/install/nav2_common/local/lib/python3.10/dist-packages/nav2_common-1.1.18-py3.10.egg-info/SOURCES.txt
[0.706s] -- Symlinking: /home/wb/ros_ws/install/nav2_common/local/lib/python3.10/dist-packages/nav2_common-1.1.18-py3.10.egg-info/dependency_links.txt
[0.713s] -- Symlinking: /home/wb/ros_ws/install/nav2_common/local/lib/python3.10/dist-packages/nav2_common-1.1.18-py3.10.egg-info/top_level.txt
[0.721s] -- Symlinking: /home/wb/ros_ws/install/nav2_common/local/lib/python3.10/dist-packages/nav2_common/__init__.py
[0.728s] -- Symlinking: /home/wb/ros_ws/install/nav2_common/local/lib/python3.10/dist-packages/nav2_common/launch/__init__.py
[0.737s] -- Symlinking: /home/wb/ros_ws/install/nav2_common/local/lib/python3.10/dist-packages/nav2_common/launch/has_node_params.py
[0.744s] -- Symlinking: /home/wb/ros_ws/install/nav2_common/local/lib/python3.10/dist-packages/nav2_common/launch/parse_multirobot_pose.py
[0.752s] -- Symlinking: /home/wb/ros_ws/install/nav2_common/local/lib/python3.10/dist-packages/nav2_common/launch/replace_string.py
[0.759s] -- Symlinking: /home/wb/ros_ws/install/nav2_common/local/lib/python3.10/dist-packages/nav2_common/launch/rewritten_yaml.py
[0.767s] -- Symlinking: /home/wb/ros_ws/install/nav2_common/share/ament_index/resource_index/package_run_dependencies/nav2_common
[0.774s] -- Symlinking: /home/wb/ros_ws/install/nav2_common/share/ament_index/resource_index/parent_prefix_path/nav2_common
[0.781s] -- Symlinking: /home/wb/ros_ws/install/nav2_common/share/nav2_common/environment/ament_prefix_path.sh
[0.789s] -- Symlinking: /home/wb/ros_ws/install/nav2_common/share/nav2_common/environment/ament_prefix_path.dsv
[0.796s] -- Symlinking: /home/wb/ros_ws/install/nav2_common/share/nav2_common/environment/path.sh
[0.803s] -- Symlinking: /home/wb/ros_ws/install/nav2_common/share/nav2_common/environment/path.dsv
[0.811s] -- Symlinking: /home/wb/ros_ws/install/nav2_common/share/nav2_common/local_setup.bash
[0.818s] -- Symlinking: /home/wb/ros_ws/install/nav2_common/share/nav2_common/local_setup.sh
[0.825s] -- Symlinking: /home/wb/ros_ws/install/nav2_common/share/nav2_common/local_setup.zsh
[0.834s] -- Symlinking: /home/wb/ros_ws/install/nav2_common/share/nav2_common/local_setup.dsv
[0.845s] -- Symlinking: /home/wb/ros_ws/install/nav2_common/share/nav2_common/package.dsv
[0.853s] -- Symlinking: /home/wb/ros_ws/install/nav2_common/share/ament_index/resource_index/packages/nav2_common
[0.862s] -- Symlinking: /home/wb/ros_ws/install/nav2_common/share/nav2_common/cmake/nav2_common-extras.cmake
[0.873s] -- Symlinking: /home/wb/ros_ws/install/nav2_common/share/nav2_common/cmake/nav2_commonConfig.cmake
[0.882s] -- Symlinking: /home/wb/ros_ws/install/nav2_common/share/nav2_common/cmake/nav2_commonConfig-version.cmake
[0.887s] -- Symlinking: /home/wb/ros_ws/install/nav2_common/share/nav2_common/package.xml
[0.894s] -- Symlinking: /home/wb/ros_ws/install/nav2_common/share/nav2_common/cmake/nav2_package.cmake
[0.932s] Listing '/home/wb/ros_ws/install/nav2_common/local/lib/python3.10/dist-packages/nav2_common'...
[0.932s] Compiling '/home/wb/ros_ws/install/nav2_common/local/lib/python3.10/dist-packages/nav2_common/__init__.py'...
[0.932s] Listing '/home/wb/ros_ws/install/nav2_common/local/lib/python3.10/dist-packages/nav2_common/launch'...
[0.932s] Compiling '/home/wb/ros_ws/install/nav2_common/local/lib/python3.10/dist-packages/nav2_common/launch/__init__.py'...
[0.932s] Compiling '/home/wb/ros_ws/install/nav2_common/local/lib/python3.10/dist-packages/nav2_common/launch/has_node_params.py'...
[0.932s] Compiling '/home/wb/ros_ws/install/nav2_common/local/lib/python3.10/dist-packages/nav2_common/launch/parse_multirobot_pose.py'...
[0.932s] Compiling '/home/wb/ros_ws/install/nav2_common/local/lib/python3.10/dist-packages/nav2_common/launch/replace_string.py'...
[0.933s] Compiling '/home/wb/ros_ws/install/nav2_common/local/lib/python3.10/dist-packages/nav2_common/launch/rewritten_yaml.py'...
[0.938s] Invoked command in '/home/wb/ros_ws/build/nav2_common' returned '0': CMAKE_PREFIX_PATH=${CMAKE_PREFIX_PATH}:/home/wb/ros_ws/install/nav2_simple_commander:/opt/ros/humble /usr/bin/cmake --install /home/wb/ros_ws/build/nav2_common
