[0.026s] Invoking command in '/home/wb/ros_ws/build/my_robot_simulation': CMAKE_PREFIX_PATH=${CMAKE_PREFIX_PATH}:/home/wb/ros_ws/install/orb_slam3_ai:/home/wb/ros_ws/install/my_robot_vision:/opt/ros/humble /usr/bin/cmake /home/wb/ros_ws/src/my_robot_simulation -DCMAKE_INSTALL_PREFIX=/home/wb/ros_ws/install/my_robot_simulation
[0.221s] -- The C compiler identification is GNU 11.4.0
[0.221s] -- The CXX compiler identification is GNU 11.4.0
[0.221s] -- Detecting C compiler ABI info
[0.221s] -- Detecting C compiler ABI info - done
[0.221s] -- Check for working C compiler: /usr/bin/cc - skipped
[0.221s] -- Detecting C compile features
[0.221s] -- Detecting C compile features - done
[0.221s] -- Detecting CXX compiler ABI info
[0.250s] -- Detecting CXX compiler ABI info - done
[0.255s] -- Check for working CXX compiler: /usr/bin/c++ - skipped
[0.255s] -- Detecting CXX compile features
[0.255s] -- Detecting CXX compile features - done
[0.257s] -- Found ament_cmake: 1.3.11 (/opt/ros/humble/share/ament_cmake/cmake)
[0.383s] -- Found Python3: /usr/bin/python3 (found version "3.10.12") found components: Interpreter 
[0.511s] -- Found ament_lint_auto: 0.12.12 (/opt/ros/humble/share/ament_lint_auto/cmake)
[0.642s] -- Added test 'flake8' to check Python code syntax and style conventions
[0.642s] -- Added test 'lint_cmake' to check CMake code style
[0.643s] -- Added test 'pep257' to check Python code against some of the docstring style conventions in PEP 257
[0.643s] -- Added test 'xmllint' to check XML markup files
[0.648s] -- Configuring done
[0.654s] -- Generating done
[0.654s] -- Build files have been written to: /home/wb/ros_ws/build/my_robot_simulation
[0.667s] Invoked command in '/home/wb/ros_ws/build/my_robot_simulation' returned '0': CMAKE_PREFIX_PATH=${CMAKE_PREFIX_PATH}:/home/wb/ros_ws/install/orb_slam3_ai:/home/wb/ros_ws/install/my_robot_vision:/opt/ros/humble /usr/bin/cmake /home/wb/ros_ws/src/my_robot_simulation -DCMAKE_INSTALL_PREFIX=/home/wb/ros_ws/install/my_robot_simulation
[0.667s] Invoking command in '/home/wb/ros_ws/build/my_robot_simulation': CMAKE_PREFIX_PATH=${CMAKE_PREFIX_PATH}:/home/wb/ros_ws/install/orb_slam3_ai:/home/wb/ros_ws/install/my_robot_vision:/opt/ros/humble /usr/bin/cmake --build /home/wb/ros_ws/build/my_robot_simulation -- -j4 -l4
[0.742s] Invoked command in '/home/wb/ros_ws/build/my_robot_simulation' returned '0': CMAKE_PREFIX_PATH=${CMAKE_PREFIX_PATH}:/home/wb/ros_ws/install/orb_slam3_ai:/home/wb/ros_ws/install/my_robot_vision:/opt/ros/humble /usr/bin/cmake --build /home/wb/ros_ws/build/my_robot_simulation -- -j4 -l4
[0.753s] Invoking command in '/home/wb/ros_ws/build/my_robot_simulation': CMAKE_PREFIX_PATH=${CMAKE_PREFIX_PATH}:/home/wb/ros_ws/install/orb_slam3_ai:/home/wb/ros_ws/install/my_robot_vision:/opt/ros/humble /usr/bin/cmake --install /home/wb/ros_ws/build/my_robot_simulation
[0.773s] -- Install configuration: ""
[0.773s] -- Installing: /home/wb/ros_ws/install/my_robot_simulation/share/ament_index/resource_index/package_run_dependencies/my_robot_simulation
[0.773s] -- Installing: /home/wb/ros_ws/install/my_robot_simulation/share/ament_index/resource_index/parent_prefix_path/my_robot_simulation
[0.773s] -- Installing: /home/wb/ros_ws/install/my_robot_simulation/share/my_robot_simulation/environment/ament_prefix_path.sh
[0.773s] -- Installing: /home/wb/ros_ws/install/my_robot_simulation/share/my_robot_simulation/environment/ament_prefix_path.dsv
[0.773s] -- Installing: /home/wb/ros_ws/install/my_robot_simulation/share/my_robot_simulation/environment/path.sh
[0.773s] -- Installing: /home/wb/ros_ws/install/my_robot_simulation/share/my_robot_simulation/environment/path.dsv
[0.773s] -- Installing: /home/wb/ros_ws/install/my_robot_simulation/share/my_robot_simulation/local_setup.bash
[0.773s] -- Installing: /home/wb/ros_ws/install/my_robot_simulation/share/my_robot_simulation/local_setup.sh
[0.773s] -- Installing: /home/wb/ros_ws/install/my_robot_simulation/share/my_robot_simulation/local_setup.zsh
[0.773s] -- Installing: /home/wb/ros_ws/install/my_robot_simulation/share/my_robot_simulation/local_setup.dsv
[0.773s] -- Installing: /home/wb/ros_ws/install/my_robot_simulation/share/my_robot_simulation/package.dsv
[0.773s] -- Installing: /home/wb/ros_ws/install/my_robot_simulation/share/ament_index/resource_index/packages/my_robot_simulation
[0.773s] -- Installing: /home/wb/ros_ws/install/my_robot_simulation/share/my_robot_simulation/cmake/my_robot_simulationConfig.cmake
[0.773s] -- Installing: /home/wb/ros_ws/install/my_robot_simulation/share/my_robot_simulation/cmake/my_robot_simulationConfig-version.cmake
[0.773s] -- Installing: /home/wb/ros_ws/install/my_robot_simulation/share/my_robot_simulation/package.xml
[0.773s] -- Installing: /home/wb/ros_ws/install/my_robot_simulation/share/my_robot_simulation/launch
[0.774s] -- Installing: /home/wb/ros_ws/install/my_robot_simulation/share/my_robot_simulation/launch/combined.launch.py
[0.774s] -- Installing: /home/wb/ros_ws/install/my_robot_simulation/share/my_robot_simulation/launch/my_hex_arena.launch.py
[0.774s] -- Installing: /home/wb/ros_ws/install/my_robot_simulation/share/my_robot_simulation/worlds
[0.780s] -- Installing: /home/wb/ros_ws/install/my_robot_simulation/share/my_robot_simulation/worlds/my_hex_arena.yaml
[0.780s] -- Installing: /home/wb/ros_ws/install/my_robot_simulation/share/my_robot_simulation/worlds/my_hex_arena.world
[0.780s] -- Installing: /home/wb/ros_ws/install/my_robot_simulation/share/my_robot_simulation/worlds/gen_hex_arena_map.py
[0.780s] -- Installing: /home/wb/ros_ws/install/my_robot_simulation/share/my_robot_simulation/worlds/my_hex_arena.pgm
[0.786s] -- Installing: /home/wb/ros_ws/install/my_robot_simulation/share/my_robot_simulation/config
[0.790s] -- Installing: /home/wb/ros_ws/install/my_robot_simulation/share/my_robot_simulation/config/simulation_params.yaml
[0.798s] Invoked command in '/home/wb/ros_ws/build/my_robot_simulation' returned '0': CMAKE_PREFIX_PATH=${CMAKE_PREFIX_PATH}:/home/wb/ros_ws/install/orb_slam3_ai:/home/wb/ros_ws/install/my_robot_vision:/opt/ros/humble /usr/bin/cmake --install /home/wb/ros_ws/build/my_robot_simulation
