[0.036s] Invoking command in '/home/wb/ros_ws/build/nav2_controller': AMENT_PREFIX_PATH=/home/wb/ros_ws/install/nav2_core:/home/wb/ros_ws/install/nav2_costmap_2d:/home/wb/ros_ws/install/nav_2d_utils:/home/wb/ros_ws/install/nav2_map_server:/home/wb/ros_ws/install/nav2_lifecycle_manager:/home/wb/ros_ws/install/nav2_util:/home/wb/ros_ws/install/nav2_voxel_grid:/home/wb/ros_ws/install/nav2_msgs:/home/wb/ros_ws/install/nav_2d_msgs:/home/wb/ros_ws/install/nav2_common:${AMENT_PREFIX_PATH} CMAKE_PREFIX_PATH=/home/wb/ros_ws/install/nav2_core:/home/wb/ros_ws/install/nav2_costmap_2d:/home/wb/ros_ws/install/nav_2d_utils:/home/wb/ros_ws/install/nav2_map_server:/home/wb/ros_ws/install/nav2_lifecycle_manager:/home/wb/ros_ws/install/nav2_util:/home/wb/ros_ws/install/nav2_voxel_grid:/home/wb/ros_ws/install/nav2_msgs:/home/wb/ros_ws/install/nav_2d_msgs:/home/wb/ros_ws/install/nav2_common:/home/wb/ros_ws/install/simple_robot:/home/wb/ros_ws/install/my_robot_navigation:/home/wb/ros_ws/install/my_robot_simulation:/home/wb/ros_ws/install/my_robot_description:/opt/ros/humble LD_LIBRARY_PATH=/home/wb/ros_ws/install/nav2_costmap_2d/lib:/home/wb/ros_ws/install/nav_2d_utils/lib:/home/wb/ros_ws/install/nav2_map_server/lib:/home/wb/ros_ws/install/nav2_lifecycle_manager/lib:/home/wb/ros_ws/install/nav2_util/lib:/home/wb/ros_ws/install/nav2_voxel_grid/lib:/home/wb/ros_ws/install/nav2_msgs/lib:/home/wb/ros_ws/install/nav_2d_msgs/lib:${LD_LIBRARY_PATH} PYTHONPATH=/home/wb/ros_ws/install/nav2_msgs/local/lib/python3.10/dist-packages:/home/wb/ros_ws/install/nav_2d_msgs/local/lib/python3.10/dist-packages:/home/wb/ros_ws/install/nav2_common/local/lib/python3.10/dist-packages:${PYTHONPATH} /usr/bin/cmake /home/wb/ros_ws/src/navigation2/nav2_controller -DCMAKE_INSTALL_PREFIX=/home/wb/ros_ws/install/nav2_controller
[0.085s] -- The C compiler identification is GNU 11.4.0
[0.131s] -- The CXX compiler identification is GNU 11.4.0
[0.139s] -- Detecting C compiler ABI info
[0.213s] -- Detecting C compiler ABI info - done
[0.220s] -- Check for working C compiler: /usr/bin/cc - skipped
[0.220s] -- Detecting C compile features
[0.220s] -- Detecting C compile features - done
[0.222s] -- Detecting CXX compiler ABI info
[0.316s] -- Detecting CXX compiler ABI info - done
[0.325s] -- Check for working CXX compiler: /usr/bin/c++ - skipped
[0.325s] -- Detecting CXX compile features
[0.328s] -- Detecting CXX compile features - done
[0.335s] -- Found ament_cmake: 1.3.11 (/opt/ros/humble/share/ament_cmake/cmake)
[0.478s] -- Found Python3: /usr/bin/python3 (found version "3.10.12") found components: Interpreter 
[0.559s] -- Found nav2_core: 1.1.18 (/home/wb/ros_ws/install/nav2_core/share/nav2_core/cmake)
[0.606s] -- Found rosidl_generator_c: 3.1.6 (/opt/ros/humble/share/rosidl_generator_c/cmake)
[0.612s] -- Found rosidl_adapter: 3.1.6 (/opt/ros/humble/share/rosidl_adapter/cmake)
[0.621s] -- Found rosidl_generator_cpp: 3.1.6 (/opt/ros/humble/share/rosidl_generator_cpp/cmake)
[0.632s] -- Using all available rosidl_typesupport_c: rosidl_typesupport_fastrtps_c;rosidl_typesupport_introspection_c
[0.648s] -- Using all available rosidl_typesupport_cpp: rosidl_typesupport_fastrtps_cpp;rosidl_typesupport_introspection_cpp
[0.695s] -- Found rmw_implementation_cmake: 6.1.2 (/opt/ros/humble/share/rmw_implementation_cmake/cmake)
[0.695s] -- Found rmw_fastrtps_cpp: 6.2.7 (/opt/ros/humble/share/rmw_fastrtps_cpp/cmake)
[0.783s] -- Found OpenSSL: /usr/lib/x86_64-linux-gnu/libcrypto.so (found version "3.0.2")  
[0.804s] -- Found FastRTPS: /opt/ros/humble/include  
[0.838s] -- Using RMW implementation 'rmw_fastrtps_cpp' as default
[0.849s] -- Looking for pthread.h
[0.914s] -- Looking for pthread.h - found
[0.914s] -- Performing Test CMAKE_HAVE_LIBC_PTHREAD
[0.984s] -- Performing Test CMAKE_HAVE_LIBC_PTHREAD - Success
[0.987s] -- Found Threads: TRUE  
[1.234s] -- Found Eigen3: TRUE (found version "3.4.0") 
[1.234s] -- Ensuring Eigen3 include directory is part of orocos-kdl CMake target
[1.319s] -- Found nav2_common: 1.1.18 (/home/wb/ros_ws/install/nav2_common/share/nav2_common/cmake)
[1.320s] -- Found nav_2d_utils: 1.1.18 (/home/wb/ros_ws/install/nav_2d_utils/share/nav_2d_utils/cmake)
[1.339s] -- Setting build type to Release as none was specified.
[1.890s] -- Found ament_lint_auto: 0.12.12 (/opt/ros/humble/share/ament_lint_auto/cmake)
[1.969s] -- Found gtest sources under '/opt/ros/humble/src/gtest_vendor': C++ tests using 'Google Test' will be built
[2.165s] -- Found gtest sources under '/opt/ros/humble/src/gtest_vendor': C++ tests using 'Google Test' will be built
[2.231s] -- Added test 'cppcheck' to perform static code analysis on C / C++ code
[2.232s] -- Configured cppcheck include dirs: /home/wb/ros_ws/src/navigation2/nav2_controller/include
[2.232s] -- Configured cppcheck exclude dirs and/or files: 
[2.234s] -- Added test 'cpplint' to check C / C++ code against the Google style
[2.234s] -- Configured cpplint exclude dirs and/or files: 
[2.237s] -- Added test 'lint_cmake' to check CMake code style
[2.237s] -- Added test 'uncrustify' to check C / C++ code style
[2.237s] -- Configured uncrustify additional arguments: 
[2.237s] -- Added test 'xmllint' to check XML markup files
[2.240s] -- Configuring done
[2.988s] -- Generating done
[3.019s] -- Build files have been written to: /home/wb/ros_ws/build/nav2_controller
[3.034s] Invoked command in '/home/wb/ros_ws/build/nav2_controller' returned '0': AMENT_PREFIX_PATH=/home/wb/ros_ws/install/nav2_core:/home/wb/ros_ws/install/nav2_costmap_2d:/home/wb/ros_ws/install/nav_2d_utils:/home/wb/ros_ws/install/nav2_map_server:/home/wb/ros_ws/install/nav2_lifecycle_manager:/home/wb/ros_ws/install/nav2_util:/home/wb/ros_ws/install/nav2_voxel_grid:/home/wb/ros_ws/install/nav2_msgs:/home/wb/ros_ws/install/nav_2d_msgs:/home/wb/ros_ws/install/nav2_common:${AMENT_PREFIX_PATH} CMAKE_PREFIX_PATH=/home/wb/ros_ws/install/nav2_core:/home/wb/ros_ws/install/nav2_costmap_2d:/home/wb/ros_ws/install/nav_2d_utils:/home/wb/ros_ws/install/nav2_map_server:/home/wb/ros_ws/install/nav2_lifecycle_manager:/home/wb/ros_ws/install/nav2_util:/home/wb/ros_ws/install/nav2_voxel_grid:/home/wb/ros_ws/install/nav2_msgs:/home/wb/ros_ws/install/nav_2d_msgs:/home/wb/ros_ws/install/nav2_common:/home/wb/ros_ws/install/simple_robot:/home/wb/ros_ws/install/my_robot_navigation:/home/wb/ros_ws/install/my_robot_simulation:/home/wb/ros_ws/install/my_robot_description:/opt/ros/humble LD_LIBRARY_PATH=/home/wb/ros_ws/install/nav2_costmap_2d/lib:/home/wb/ros_ws/install/nav_2d_utils/lib:/home/wb/ros_ws/install/nav2_map_server/lib:/home/wb/ros_ws/install/nav2_lifecycle_manager/lib:/home/wb/ros_ws/install/nav2_util/lib:/home/wb/ros_ws/install/nav2_voxel_grid/lib:/home/wb/ros_ws/install/nav2_msgs/lib:/home/wb/ros_ws/install/nav_2d_msgs/lib:${LD_LIBRARY_PATH} PYTHONPATH=/home/wb/ros_ws/install/nav2_msgs/local/lib/python3.10/dist-packages:/home/wb/ros_ws/install/nav_2d_msgs/local/lib/python3.10/dist-packages:/home/wb/ros_ws/install/nav2_common/local/lib/python3.10/dist-packages:${PYTHONPATH} /usr/bin/cmake /home/wb/ros_ws/src/navigation2/nav2_controller -DCMAKE_INSTALL_PREFIX=/home/wb/ros_ws/install/nav2_controller
[3.034s] Invoking command in '/home/wb/ros_ws/build/nav2_controller': AMENT_PREFIX_PATH=/home/wb/ros_ws/install/nav2_core:/home/wb/ros_ws/install/nav2_costmap_2d:/home/wb/ros_ws/install/nav_2d_utils:/home/wb/ros_ws/install/nav2_map_server:/home/wb/ros_ws/install/nav2_lifecycle_manager:/home/wb/ros_ws/install/nav2_util:/home/wb/ros_ws/install/nav2_voxel_grid:/home/wb/ros_ws/install/nav2_msgs:/home/wb/ros_ws/install/nav_2d_msgs:/home/wb/ros_ws/install/nav2_common:${AMENT_PREFIX_PATH} CMAKE_PREFIX_PATH=/home/wb/ros_ws/install/nav2_core:/home/wb/ros_ws/install/nav2_costmap_2d:/home/wb/ros_ws/install/nav_2d_utils:/home/wb/ros_ws/install/nav2_map_server:/home/wb/ros_ws/install/nav2_lifecycle_manager:/home/wb/ros_ws/install/nav2_util:/home/wb/ros_ws/install/nav2_voxel_grid:/home/wb/ros_ws/install/nav2_msgs:/home/wb/ros_ws/install/nav_2d_msgs:/home/wb/ros_ws/install/nav2_common:/home/wb/ros_ws/install/simple_robot:/home/wb/ros_ws/install/my_robot_navigation:/home/wb/ros_ws/install/my_robot_simulation:/home/wb/ros_ws/install/my_robot_description:/opt/ros/humble LD_LIBRARY_PATH=/home/wb/ros_ws/install/nav2_costmap_2d/lib:/home/wb/ros_ws/install/nav_2d_utils/lib:/home/wb/ros_ws/install/nav2_map_server/lib:/home/wb/ros_ws/install/nav2_lifecycle_manager/lib:/home/wb/ros_ws/install/nav2_util/lib:/home/wb/ros_ws/install/nav2_voxel_grid/lib:/home/wb/ros_ws/install/nav2_msgs/lib:/home/wb/ros_ws/install/nav_2d_msgs/lib:${LD_LIBRARY_PATH} PYTHONPATH=/home/wb/ros_ws/install/nav2_msgs/local/lib/python3.10/dist-packages:/home/wb/ros_ws/install/nav_2d_msgs/local/lib/python3.10/dist-packages:/home/wb/ros_ws/install/nav2_common/local/lib/python3.10/dist-packages:${PYTHONPATH} /usr/bin/cmake --build /home/wb/ros_ws/build/nav2_controller -- -j4 -l4
[3.087s] [  4%] [32mBuilding CXX object CMakeFiles/controller_server_core.dir/src/controller_server.cpp.o[0m
[23.966s] [  8%] [32m[1mLinking CXX shared library libcontroller_server_core.so[0m
[24.474s] [  8%] Built target controller_server_core
[24.499s] [ 12%] [32mBuilding CXX object CMakeFiles/position_goal_checker.dir/plugins/position_goal_checker.cpp.o[0m
[29.403s] [ 16%] [32m[1mLinking CXX shared library libposition_goal_checker.so[0m
[29.657s] [ 16%] Built target position_goal_checker
[29.679s] [ 20%] [32mBuilding CXX object gtest/CMakeFiles/gtest_main.dir/src/gtest_main.cc.o[0m
[30.402s] [ 25%] [32m[1mLinking CXX static library libgtest_main.a[0m
[30.440s] [ 25%] Built target gtest_main
[30.462s] [ 29%] [32mBuilding CXX object gtest/CMakeFiles/gtest.dir/src/gtest-all.cc.o[0m
[35.754s] [ 33%] [32m[1mLinking CXX static library libgtest.a[0m
[35.803s] [ 33%] Built target gtest
[35.827s] [ 37%] [32mBuilding CXX object CMakeFiles/controller_server.dir/src/main.cpp.o[0m
[41.701s] [ 41%] [32m[1mLinking CXX executable controller_server[0m
[42.013s] [ 41%] Built target controller_server
[42.037s] [ 45%] [32mBuilding CXX object test/CMakeFiles/test_dynamic_parameters.dir/test_dynamic_parameters.cpp.o[0m
[49.159s] [ 50%] [32m[1mLinking CXX executable test_dynamic_parameters[0m
[49.494s] [ 50%] Built target test_dynamic_parameters
[49.518s] [ 54%] [32mBuilding CXX object CMakeFiles/simple_goal_checker.dir/plugins/simple_goal_checker.cpp.o[0m
[54.500s] [ 58%] [32m[1mLinking CXX shared library libsimple_goal_checker.so[0m
[54.896s] [ 58%] Built target simple_goal_checker
[54.921s] [ 62%] [32mBuilding CXX object CMakeFiles/simple_progress_checker.dir/plugins/simple_progress_checker.cpp.o[0m
[58.471s] [ 66%] [32m[1mLinking CXX shared library libsimple_progress_checker.so[0m
[58.788s] [ 66%] Built target simple_progress_checker
[58.857s] [ 70%] [32mBuilding CXX object CMakeFiles/stopped_goal_checker.dir/plugins/stopped_goal_checker.cpp.o[0m
[63.412s] [ 75%] [32m[1mLinking CXX shared library libstopped_goal_checker.so[0m
[63.690s] [ 75%] Built target stopped_goal_checker
[63.719s] [ 79%] [32mBuilding CXX object CMakeFiles/pose_progress_checker.dir/plugins/pose_progress_checker.cpp.o[0m
[66.743s] [ 83%] [32m[1mLinking CXX shared library libpose_progress_checker.so[0m
[66.997s] [ 83%] Built target pose_progress_checker
[67.020s] [ 87%] [32mBuilding CXX object plugins/test/CMakeFiles/gctest.dir/goal_checker.cpp.o[0m
[72.485s] [ 91%] [32m[1mLinking CXX executable gctest[0m
[72.752s] [ 91%] Built target gctest
[72.779s] [ 95%] [32mBuilding CXX object plugins/test/CMakeFiles/pctest.dir/progress_checker.cpp.o[0m
[76.864s] [100%] [32m[1mLinking CXX executable pctest[0m
[77.106s] [100%] Built target pctest
[77.121s] Invoked command in '/home/wb/ros_ws/build/nav2_controller' returned '0': AMENT_PREFIX_PATH=/home/wb/ros_ws/install/nav2_core:/home/wb/ros_ws/install/nav2_costmap_2d:/home/wb/ros_ws/install/nav_2d_utils:/home/wb/ros_ws/install/nav2_map_server:/home/wb/ros_ws/install/nav2_lifecycle_manager:/home/wb/ros_ws/install/nav2_util:/home/wb/ros_ws/install/nav2_voxel_grid:/home/wb/ros_ws/install/nav2_msgs:/home/wb/ros_ws/install/nav_2d_msgs:/home/wb/ros_ws/install/nav2_common:${AMENT_PREFIX_PATH} CMAKE_PREFIX_PATH=/home/wb/ros_ws/install/nav2_core:/home/wb/ros_ws/install/nav2_costmap_2d:/home/wb/ros_ws/install/nav_2d_utils:/home/wb/ros_ws/install/nav2_map_server:/home/wb/ros_ws/install/nav2_lifecycle_manager:/home/wb/ros_ws/install/nav2_util:/home/wb/ros_ws/install/nav2_voxel_grid:/home/wb/ros_ws/install/nav2_msgs:/home/wb/ros_ws/install/nav_2d_msgs:/home/wb/ros_ws/install/nav2_common:/home/wb/ros_ws/install/simple_robot:/home/wb/ros_ws/install/my_robot_navigation:/home/wb/ros_ws/install/my_robot_simulation:/home/wb/ros_ws/install/my_robot_description:/opt/ros/humble LD_LIBRARY_PATH=/home/wb/ros_ws/install/nav2_costmap_2d/lib:/home/wb/ros_ws/install/nav_2d_utils/lib:/home/wb/ros_ws/install/nav2_map_server/lib:/home/wb/ros_ws/install/nav2_lifecycle_manager/lib:/home/wb/ros_ws/install/nav2_util/lib:/home/wb/ros_ws/install/nav2_voxel_grid/lib:/home/wb/ros_ws/install/nav2_msgs/lib:/home/wb/ros_ws/install/nav_2d_msgs/lib:${LD_LIBRARY_PATH} PYTHONPATH=/home/wb/ros_ws/install/nav2_msgs/local/lib/python3.10/dist-packages:/home/wb/ros_ws/install/nav_2d_msgs/local/lib/python3.10/dist-packages:/home/wb/ros_ws/install/nav2_common/local/lib/python3.10/dist-packages:${PYTHONPATH} /usr/bin/cmake --build /home/wb/ros_ws/build/nav2_controller -- -j4 -l4
[77.122s] Invoking command in '/home/wb/ros_ws/build/nav2_controller': AMENT_PREFIX_PATH=/home/wb/ros_ws/install/nav2_core:/home/wb/ros_ws/install/nav2_costmap_2d:/home/wb/ros_ws/install/nav_2d_utils:/home/wb/ros_ws/install/nav2_map_server:/home/wb/ros_ws/install/nav2_lifecycle_manager:/home/wb/ros_ws/install/nav2_util:/home/wb/ros_ws/install/nav2_voxel_grid:/home/wb/ros_ws/install/nav2_msgs:/home/wb/ros_ws/install/nav_2d_msgs:/home/wb/ros_ws/install/nav2_common:${AMENT_PREFIX_PATH} CMAKE_PREFIX_PATH=/home/wb/ros_ws/install/nav2_core:/home/wb/ros_ws/install/nav2_costmap_2d:/home/wb/ros_ws/install/nav_2d_utils:/home/wb/ros_ws/install/nav2_map_server:/home/wb/ros_ws/install/nav2_lifecycle_manager:/home/wb/ros_ws/install/nav2_util:/home/wb/ros_ws/install/nav2_voxel_grid:/home/wb/ros_ws/install/nav2_msgs:/home/wb/ros_ws/install/nav_2d_msgs:/home/wb/ros_ws/install/nav2_common:/home/wb/ros_ws/install/simple_robot:/home/wb/ros_ws/install/my_robot_navigation:/home/wb/ros_ws/install/my_robot_simulation:/home/wb/ros_ws/install/my_robot_description:/opt/ros/humble LD_LIBRARY_PATH=/home/wb/ros_ws/install/nav2_costmap_2d/lib:/home/wb/ros_ws/install/nav_2d_utils/lib:/home/wb/ros_ws/install/nav2_map_server/lib:/home/wb/ros_ws/install/nav2_lifecycle_manager/lib:/home/wb/ros_ws/install/nav2_util/lib:/home/wb/ros_ws/install/nav2_voxel_grid/lib:/home/wb/ros_ws/install/nav2_msgs/lib:/home/wb/ros_ws/install/nav_2d_msgs/lib:${LD_LIBRARY_PATH} PYTHONPATH=/home/wb/ros_ws/install/nav2_msgs/local/lib/python3.10/dist-packages:/home/wb/ros_ws/install/nav_2d_msgs/local/lib/python3.10/dist-packages:/home/wb/ros_ws/install/nav2_common/local/lib/python3.10/dist-packages:${PYTHONPATH} /usr/bin/cmake --install /home/wb/ros_ws/build/nav2_controller
[77.134s] -- Install configuration: "Release"
[77.134s] -- Installing: /home/wb/ros_ws/install/nav2_controller/lib/libsimple_progress_checker.so
[77.136s] -- Set runtime path of "/home/wb/ros_ws/install/nav2_controller/lib/libsimple_progress_checker.so" to ""
[77.137s] -- Installing: /home/wb/ros_ws/install/nav2_controller/lib/libpose_progress_checker.so
[77.138s] -- Set runtime path of "/home/wb/ros_ws/install/nav2_controller/lib/libpose_progress_checker.so" to ""
[77.138s] -- Installing: /home/wb/ros_ws/install/nav2_controller/lib/libsimple_goal_checker.so
[77.141s] -- Set runtime path of "/home/wb/ros_ws/install/nav2_controller/lib/libsimple_goal_checker.so" to ""
[77.142s] -- Installing: /home/wb/ros_ws/install/nav2_controller/lib/libstopped_goal_checker.so
[77.144s] -- Set runtime path of "/home/wb/ros_ws/install/nav2_controller/lib/libstopped_goal_checker.so" to ""
[77.146s] -- Installing: /home/wb/ros_ws/install/nav2_controller/lib/libposition_goal_checker.so
[77.147s] -- Set runtime path of "/home/wb/ros_ws/install/nav2_controller/lib/libposition_goal_checker.so" to ""
[77.148s] -- Installing: /home/wb/ros_ws/install/nav2_controller/lib/libcontroller_server_core.so
[77.157s] -- Set runtime path of "/home/wb/ros_ws/install/nav2_controller/lib/libcontroller_server_core.so" to ""
[77.159s] -- Installing: /home/wb/ros_ws/install/nav2_controller/lib/nav2_controller/controller_server
[77.160s] -- Set runtime path of "/home/wb/ros_ws/install/nav2_controller/lib/nav2_controller/controller_server" to ""
[77.161s] -- Installing: /home/wb/ros_ws/install/nav2_controller/include/
[77.161s] -- Installing: /home/wb/ros_ws/install/nav2_controller/include//nav2_controller
[77.164s] -- Installing: /home/wb/ros_ws/install/nav2_controller/include//nav2_controller/plugins
[77.164s] -- Installing: /home/wb/ros_ws/install/nav2_controller/include//nav2_controller/plugins/simple_progress_checker.hpp
[77.164s] -- Installing: /home/wb/ros_ws/install/nav2_controller/include//nav2_controller/plugins/position_goal_checker.hpp
[77.166s] -- Installing: /home/wb/ros_ws/install/nav2_controller/include//nav2_controller/plugins/pose_progress_checker.hpp
[77.167s] -- Installing: /home/wb/ros_ws/install/nav2_controller/include//nav2_controller/plugins/simple_goal_checker.hpp
[77.167s] -- Installing: /home/wb/ros_ws/install/nav2_controller/include//nav2_controller/plugins/stopped_goal_checker.hpp
[77.168s] -- Installing: /home/wb/ros_ws/install/nav2_controller/include//nav2_controller/controller_server.hpp
[77.168s] -- Installing: /home/wb/ros_ws/install/nav2_controller/share/nav2_controller/environment/library_path.sh
[77.168s] -- Installing: /home/wb/ros_ws/install/nav2_controller/share/nav2_controller/environment/library_path.dsv
[77.169s] -- Installing: /home/wb/ros_ws/install/nav2_controller/share/nav2_controller/plugins.xml
[77.170s] -- Installing: /home/wb/ros_ws/install/nav2_controller/share/ament_index/resource_index/package_run_dependencies/nav2_controller
[77.170s] -- Installing: /home/wb/ros_ws/install/nav2_controller/share/ament_index/resource_index/parent_prefix_path/nav2_controller
[77.170s] -- Installing: /home/wb/ros_ws/install/nav2_controller/share/nav2_controller/environment/ament_prefix_path.sh
[77.171s] -- Installing: /home/wb/ros_ws/install/nav2_controller/share/nav2_controller/environment/ament_prefix_path.dsv
[77.171s] -- Installing: /home/wb/ros_ws/install/nav2_controller/share/nav2_controller/environment/path.sh
[77.172s] -- Installing: /home/wb/ros_ws/install/nav2_controller/share/nav2_controller/environment/path.dsv
[77.172s] -- Installing: /home/wb/ros_ws/install/nav2_controller/share/nav2_controller/local_setup.bash
[77.172s] -- Installing: /home/wb/ros_ws/install/nav2_controller/share/nav2_controller/local_setup.sh
[77.173s] -- Installing: /home/wb/ros_ws/install/nav2_controller/share/nav2_controller/local_setup.zsh
[77.173s] -- Installing: /home/wb/ros_ws/install/nav2_controller/share/nav2_controller/local_setup.dsv
[77.173s] -- Installing: /home/wb/ros_ws/install/nav2_controller/share/nav2_controller/package.dsv
[77.174s] -- Installing: /home/wb/ros_ws/install/nav2_controller/share/ament_index/resource_index/packages/nav2_controller
[77.174s] -- Installing: /home/wb/ros_ws/install/nav2_controller/share/ament_index/resource_index/nav2_core__pluginlib__plugin/nav2_controller
[77.176s] -- Installing: /home/wb/ros_ws/install/nav2_controller/share/ament_index/resource_index/rclcpp_components/nav2_controller
[77.176s] -- Installing: /home/wb/ros_ws/install/nav2_controller/share/nav2_controller/cmake/ament_cmake_export_include_directories-extras.cmake
[77.177s] -- Installing: /home/wb/ros_ws/install/nav2_controller/share/nav2_controller/cmake/ament_cmake_export_libraries-extras.cmake
[77.177s] -- Installing: /home/wb/ros_ws/install/nav2_controller/share/nav2_controller/cmake/ament_cmake_export_dependencies-extras.cmake
[77.177s] -- Installing: /home/wb/ros_ws/install/nav2_controller/share/nav2_controller/cmake/nav2_controllerConfig.cmake
[77.178s] -- Installing: /home/wb/ros_ws/install/nav2_controller/share/nav2_controller/cmake/nav2_controllerConfig-version.cmake
[77.178s] -- Installing: /home/wb/ros_ws/install/nav2_controller/share/nav2_controller/package.xml
[77.180s] Invoked command in '/home/wb/ros_ws/build/nav2_controller' returned '0': AMENT_PREFIX_PATH=/home/wb/ros_ws/install/nav2_core:/home/wb/ros_ws/install/nav2_costmap_2d:/home/wb/ros_ws/install/nav_2d_utils:/home/wb/ros_ws/install/nav2_map_server:/home/wb/ros_ws/install/nav2_lifecycle_manager:/home/wb/ros_ws/install/nav2_util:/home/wb/ros_ws/install/nav2_voxel_grid:/home/wb/ros_ws/install/nav2_msgs:/home/wb/ros_ws/install/nav_2d_msgs:/home/wb/ros_ws/install/nav2_common:${AMENT_PREFIX_PATH} CMAKE_PREFIX_PATH=/home/wb/ros_ws/install/nav2_core:/home/wb/ros_ws/install/nav2_costmap_2d:/home/wb/ros_ws/install/nav_2d_utils:/home/wb/ros_ws/install/nav2_map_server:/home/wb/ros_ws/install/nav2_lifecycle_manager:/home/wb/ros_ws/install/nav2_util:/home/wb/ros_ws/install/nav2_voxel_grid:/home/wb/ros_ws/install/nav2_msgs:/home/wb/ros_ws/install/nav_2d_msgs:/home/wb/ros_ws/install/nav2_common:/home/wb/ros_ws/install/simple_robot:/home/wb/ros_ws/install/my_robot_navigation:/home/wb/ros_ws/install/my_robot_simulation:/home/wb/ros_ws/install/my_robot_description:/opt/ros/humble LD_LIBRARY_PATH=/home/wb/ros_ws/install/nav2_costmap_2d/lib:/home/wb/ros_ws/install/nav_2d_utils/lib:/home/wb/ros_ws/install/nav2_map_server/lib:/home/wb/ros_ws/install/nav2_lifecycle_manager/lib:/home/wb/ros_ws/install/nav2_util/lib:/home/wb/ros_ws/install/nav2_voxel_grid/lib:/home/wb/ros_ws/install/nav2_msgs/lib:/home/wb/ros_ws/install/nav_2d_msgs/lib:${LD_LIBRARY_PATH} PYTHONPATH=/home/wb/ros_ws/install/nav2_msgs/local/lib/python3.10/dist-packages:/home/wb/ros_ws/install/nav_2d_msgs/local/lib/python3.10/dist-packages:/home/wb/ros_ws/install/nav2_common/local/lib/python3.10/dist-packages:${PYTHONPATH} /usr/bin/cmake --install /home/wb/ros_ws/build/nav2_controller
