[0.019s] Invoking command in '/home/wb/ros_ws/build/simple_robot': CMAKE_PREFIX_PATH=${CMAKE_PREFIX_PATH}:/opt/ros/humble /usr/bin/cmake /home/wb/ros_ws/src/simple_robot -DAMENT_CMAKE_SYMLINK_INSTALL=1 -DCMAKE_INSTALL_PREFIX=/home/wb/ros_ws/install/simple_robot
[0.028s] -- Found ament_cmake_auto: 1.3.11 (/opt/ros/humble/share/ament_cmake_auto/cmake)
[0.116s] -- Override CMake install command with custom implementation using symlinks instead of copying resources
[0.122s] -- Found ament_lint_auto: 0.12.12 (/opt/ros/humble/share/ament_lint_auto/cmake)
[0.123s] -- Found ros_gz_sim: 0.244.17 (/opt/ros/humble/share/ros_gz_sim/cmake)
[0.145s] -- Found rosidl_generator_c: 3.1.6 (/opt/ros/humble/share/rosidl_generator_c/cmake)
[0.147s] -- Found rosidl_adapter: 3.1.6 (/opt/ros/humble/share/rosidl_adapter/cmake)
[0.152s] -- Found rosidl_generator_cpp: 3.1.6 (/opt/ros/humble/share/rosidl_generator_cpp/cmake)
[0.159s] -- Using all available rosidl_typesupport_c: rosidl_typesupport_fastrtps_c;rosidl_typesupport_introspection_c
[0.168s] -- Using all available rosidl_typesupport_cpp: rosidl_typesupport_fastrtps_cpp;rosidl_typesupport_introspection_cpp
[0.192s] -- Found rmw_implementation_cmake: 6.1.2 (/opt/ros/humble/share/rmw_implementation_cmake/cmake)
[0.192s] -- Found rmw_fastrtps_cpp: 6.2.7 (/opt/ros/humble/share/rmw_fastrtps_cpp/cmake)
[0.265s] -- Using RMW implementation 'rmw_fastrtps_cpp' as default
[0.303s] -- Found xacro: 2.0.13 (/opt/ros/humble/share/xacro/cmake)
[0.303s] -- Found robot_state_publisher: 3.0.3 (/opt/ros/humble/share/robot_state_publisher/cmake)
[0.314s] -- Found eigen3_cmake_module: 0.1.1 (/opt/ros/humble/share/eigen3_cmake_module/cmake)
[0.315s] -- Ensuring Eigen3 include directory is part of orocos-kdl CMake target
[0.396s] -- Found gazebo_ros: 3.9.0 (/opt/ros/humble/share/gazebo_ros/cmake)
[0.420s] -- Found DART: /usr/include (Required is at least version "6.6") found components: dart 
[0.440s] -- Found Protobuf: /usr/lib/x86_64-linux-gnu/libprotobuf.so (found version "3.12.4") 
[0.441s] -- Looking for ignition-math6 -- found version 6.15.1
[0.444s] -- Searching for dependencies of ignition-math6
[0.445s] -- Looking for OGRE...
[0.450s] -- Found Ogre Ghadamon (1.9.0)
[0.450s] -- Found OGRE: optimized;/usr/lib/x86_64-linux-gnu/libOgreMain.so;debug;/usr/lib/x86_64-linux-gnu/libOgreMain.so
[0.457s] -- Looking for OGRE_Paging...
[0.457s] -- Found OGRE_Paging: optimized;/usr/lib/x86_64-linux-gnu/libOgrePaging.so;debug;/usr/lib/x86_64-linux-gnu/libOgrePaging.so
[0.457s] -- Looking for OGRE_Terrain...
[0.457s] -- Found OGRE_Terrain: optimized;/usr/lib/x86_64-linux-gnu/libOgreTerrain.so;debug;/usr/lib/x86_64-linux-gnu/libOgreTerrain.so
[0.457s] -- Looking for OGRE_Property...
[0.457s] -- Found OGRE_Property: optimized;/usr/lib/x86_64-linux-gnu/libOgreProperty.so;debug;/usr/lib/x86_64-linux-gnu/libOgreProperty.so
[0.457s] -- Looking for OGRE_RTShaderSystem...
[0.457s] -- Found OGRE_RTShaderSystem: optimized;/usr/lib/x86_64-linux-gnu/libOgreRTShaderSystem.so;debug;/usr/lib/x86_64-linux-gnu/libOgreRTShaderSystem.so
[0.457s] -- Looking for OGRE_Volume...
[0.457s] -- Found OGRE_Volume: optimized;/usr/lib/x86_64-linux-gnu/libOgreVolume.so;debug;/usr/lib/x86_64-linux-gnu/libOgreVolume.so
[0.457s] -- Looking for OGRE_Overlay...
[0.457s] -- Found OGRE_Overlay: optimized;/usr/lib/x86_64-linux-gnu/libOgreOverlay.so;debug;/usr/lib/x86_64-linux-gnu/libOgreOverlay.so
[0.528s] -- Looking for ignition-math6 -- found version 6.15.1
[0.528s] -- Looking for ignition-transport8 -- found version 8.2.1
[0.528s] -- Searching for dependencies of ignition-transport8
[0.540s] -- Found Protobuf: /usr/lib/x86_64-linux-gnu/libprotobuf.so (found suitable version "3.12.4", minimum required is "3") 
[0.546s] -- Config-file not installed for ZeroMQ -- checking for pkg-config
[0.550s] -- Checking for module 'libzmq >= 4'
[0.562s] --   Found libzmq , version 4.3.4
[0.596s] -- Checking for module 'uuid'
[0.607s] --   Found uuid, version 2.37.2
[0.634s] -- Looking for ignition-msgs5 -- found version 5.8.1
[0.635s] -- Searching for dependencies of ignition-msgs5
[0.647s] -- Looking for ignition-math6 -- found version 6.15.1
[0.653s] -- Looking for ignition-msgs5 -- found version 5.8.1
[0.653s] -- Looking for ignition-common3 -- found version 3.14.0
[0.654s] -- Searching for dependencies of ignition-common3
[0.654s] -- Looking for dlfcn.h - found
[0.654s] -- Looking for libdl - found
[0.662s] -- Searching for <ignition-common3> component [graphics]
[0.663s] -- Looking for ignition-common3-graphics -- found version 3.14.0
[0.663s] -- Searching for dependencies of ignition-common3-graphics
[0.663s] -- Looking for ignition-math6 -- found version 6.15.1
[0.664s] -- Looking for ignition-fuel_tools4 -- found version 4.4.0
[0.664s] -- Searching for dependencies of ignition-fuel_tools4
[0.690s] -- Checking for module 'jsoncpp'
[0.701s] --   Found jsoncpp, version 1.9.5
[0.735s] -- Checking for module 'libzip'
[0.746s] --   Found libzip, version 1.7.3
[0.775s] -- Looking for ignition-common3 -- found version 3.14.0
[0.775s] -- Looking for ignition-math6 -- found version 6.15.1
[0.775s] -- Looking for ignition-msgs5 -- found version 5.8.1
[0.777s] -- Gazebo version: 11.10
[0.876s] -- Configuring done
[0.881s] -- Generating done
[0.883s] -- Build files have been written to: /home/wb/ros_ws/build/simple_robot
[0.892s] Invoked command in '/home/wb/ros_ws/build/simple_robot' returned '0': CMAKE_PREFIX_PATH=${CMAKE_PREFIX_PATH}:/opt/ros/humble /usr/bin/cmake /home/wb/ros_ws/src/simple_robot -DAMENT_CMAKE_SYMLINK_INSTALL=1 -DCMAKE_INSTALL_PREFIX=/home/wb/ros_ws/install/simple_robot
[0.893s] Invoking command in '/home/wb/ros_ws/build/simple_robot': CMAKE_PREFIX_PATH=${CMAKE_PREFIX_PATH}:/opt/ros/humble /usr/bin/cmake --build /home/wb/ros_ws/build/simple_robot -- -j4 -l4
[0.930s] Invoked command in '/home/wb/ros_ws/build/simple_robot' returned '0': CMAKE_PREFIX_PATH=${CMAKE_PREFIX_PATH}:/opt/ros/humble /usr/bin/cmake --build /home/wb/ros_ws/build/simple_robot -- -j4 -l4
[0.931s] Invoking command in '/home/wb/ros_ws/build/simple_robot': CMAKE_PREFIX_PATH=${CMAKE_PREFIX_PATH}:/opt/ros/humble /usr/bin/cmake --install /home/wb/ros_ws/build/simple_robot
[0.938s] -- Install configuration: ""
[0.939s] -- Execute custom install script
[0.939s] -- Symlinking: /home/wb/ros_ws/install/simple_robot/share/simple_robot/urdf/simple_robot.urdf
[0.946s] -- Symlinking: /home/wb/ros_ws/install/simple_robot/share/simple_robot/launch/gazebo.launch.py
[0.952s] -- Symlinking: /home/wb/ros_ws/install/simple_robot/share/simple_robot/worlds/my_hex_arena.world
[0.959s] -- Symlinking: /home/wb/ros_ws/install/simple_robot/share/ament_index/resource_index/package_run_dependencies/simple_robot
[0.966s] -- Symlinking: /home/wb/ros_ws/install/simple_robot/share/ament_index/resource_index/parent_prefix_path/simple_robot
[0.976s] -- Symlinking: /home/wb/ros_ws/install/simple_robot/share/simple_robot/environment/ament_prefix_path.sh
[0.986s] -- Symlinking: /home/wb/ros_ws/install/simple_robot/share/simple_robot/environment/ament_prefix_path.dsv
[0.995s] -- Symlinking: /home/wb/ros_ws/install/simple_robot/share/simple_robot/environment/path.sh
[1.007s] -- Symlinking: /home/wb/ros_ws/install/simple_robot/share/simple_robot/environment/path.dsv
[1.019s] -- Symlinking: /home/wb/ros_ws/install/simple_robot/share/simple_robot/local_setup.bash
[1.028s] -- Symlinking: /home/wb/ros_ws/install/simple_robot/share/simple_robot/local_setup.sh
[1.037s] -- Symlinking: /home/wb/ros_ws/install/simple_robot/share/simple_robot/local_setup.zsh
[1.045s] -- Symlinking: /home/wb/ros_ws/install/simple_robot/share/simple_robot/local_setup.dsv
[1.053s] -- Symlinking: /home/wb/ros_ws/install/simple_robot/share/simple_robot/package.dsv
[1.059s] -- Symlinking: /home/wb/ros_ws/install/simple_robot/share/ament_index/resource_index/packages/simple_robot
[1.066s] -- Symlinking: /home/wb/ros_ws/install/simple_robot/share/simple_robot/cmake/simple_robotConfig.cmake
[1.073s] -- Symlinking: /home/wb/ros_ws/install/simple_robot/share/simple_robot/cmake/simple_robotConfig-version.cmake
[1.079s] -- Symlinking: /home/wb/ros_ws/install/simple_robot/share/simple_robot/package.xml
[1.087s] Invoked command in '/home/wb/ros_ws/build/simple_robot' returned '0': CMAKE_PREFIX_PATH=${CMAKE_PREFIX_PATH}:/opt/ros/humble /usr/bin/cmake --install /home/wb/ros_ws/build/simple_robot
