[0.620s] Invoking command in '/home/wb/ros_ws/src/orb_slam3_ai': PYTHONPATH=/home/wb/ros_ws/build/orb_slam3_ai/prefix_override:/usr/lib/python3/dist-packages/colcon_core/task/python/colcon_distutils_commands:/home/wb/ros_ws/install/orb_slam3_ai/lib/python3.10/site-packages:${PYTHONPATH} /usr/bin/python3 -W ignore:setup.py install is deprecated -W ignore:easy_install command is deprecated setup.py egg_info --egg-base ../../build/orb_slam3_ai build --build-base /home/wb/ros_ws/build/orb_slam3_ai/build install --record /home/wb/ros_ws/build/orb_slam3_ai/install.log --single-version-externally-managed install_data
[0.842s] running egg_info
[0.843s] writing ../../build/orb_slam3_ai/orb_slam3_ai.egg-info/PKG-INFO
[0.845s] writing dependency_links to ../../build/orb_slam3_ai/orb_slam3_ai.egg-info/dependency_links.txt
[0.845s] writing entry points to ../../build/orb_slam3_ai/orb_slam3_ai.egg-info/entry_points.txt
[0.845s] writing requirements to ../../build/orb_slam3_ai/orb_slam3_ai.egg-info/requires.txt
[0.845s] writing top-level names to ../../build/orb_slam3_ai/orb_slam3_ai.egg-info/top_level.txt
[0.848s] reading manifest file '../../build/orb_slam3_ai/orb_slam3_ai.egg-info/SOURCES.txt'
[0.849s] writing manifest file '../../build/orb_slam3_ai/orb_slam3_ai.egg-info/SOURCES.txt'
[0.850s] running build
[0.850s] running build_py
[0.852s] running install
[0.852s] running install_lib
[0.853s] running install_data
[0.854s] copying launch/orb_slam3_ai.launch.py -> /home/wb/ros_ws/install/orb_slam3_ai/share/orb_slam3_ai/launch
[0.854s] copying config/orb_slam3_params.yaml -> /home/wb/ros_ws/install/orb_slam3_ai/share/orb_slam3_ai/config
[0.854s] running install_egg_info
[0.856s] removing '/home/wb/ros_ws/install/orb_slam3_ai/lib/python3.10/site-packages/orb_slam3_ai-1.0.0-py3.10.egg-info' (and everything under it)
[0.856s] Copying ../../build/orb_slam3_ai/orb_slam3_ai.egg-info to /home/wb/ros_ws/install/orb_slam3_ai/lib/python3.10/site-packages/orb_slam3_ai-1.0.0-py3.10.egg-info
[0.857s] running install_scripts
[0.874s] Installing orb_slam3_ai_node script to /home/wb/ros_ws/install/orb_slam3_ai/lib/orb_slam3_ai
[0.875s] writing list of installed files to '/home/wb/ros_ws/build/orb_slam3_ai/install.log'
[0.910s] Invoked command in '/home/wb/ros_ws/src/orb_slam3_ai' returned '0': PYTHONPATH=/home/wb/ros_ws/build/orb_slam3_ai/prefix_override:/usr/lib/python3/dist-packages/colcon_core/task/python/colcon_distutils_commands:/home/wb/ros_ws/install/orb_slam3_ai/lib/python3.10/site-packages:${PYTHONPATH} /usr/bin/python3 -W ignore:setup.py install is deprecated -W ignore:easy_install command is deprecated setup.py egg_info --egg-base ../../build/orb_slam3_ai build --build-base /home/wb/ros_ws/build/orb_slam3_ai/build install --record /home/wb/ros_ws/build/orb_slam3_ai/install.log --single-version-externally-managed install_data
