[0.652s] Invoking command in '/home/wb/ros_ws/src/orb_slam3_ai': PYTHONPATH=/home/wb/ros_ws/build/orb_slam3_ai/prefix_override:/usr/lib/python3/dist-packages/colcon_core/task/python/colcon_distutils_commands:/home/wb/ros_ws/install/orb_slam3_ai/lib/python3.10/site-packages:${PYTHONPATH} /usr/bin/python3 -W ignore:setup.py install is deprecated -W ignore:easy_install command is deprecated setup.py egg_info --egg-base ../../build/orb_slam3_ai build --build-base /home/wb/ros_ws/build/orb_slam3_ai/build install --record /home/wb/ros_ws/build/orb_slam3_ai/install.log --single-version-externally-managed install_data
[0.820s] running egg_info
[0.820s] writing ../../build/orb_slam3_ai/orb_slam3_ai.egg-info/PKG-INFO
[0.820s] writing dependency_links to ../../build/orb_slam3_ai/orb_slam3_ai.egg-info/dependency_links.txt
[0.820s] writing entry points to ../../build/orb_slam3_ai/orb_slam3_ai.egg-info/entry_points.txt
[0.820s] writing requirements to ../../build/orb_slam3_ai/orb_slam3_ai.egg-info/requires.txt
[0.820s] writing top-level names to ../../build/orb_slam3_ai/orb_slam3_ai.egg-info/top_level.txt
[0.822s] reading manifest file '../../build/orb_slam3_ai/orb_slam3_ai.egg-info/SOURCES.txt'
[0.827s] writing manifest file '../../build/orb_slam3_ai/orb_slam3_ai.egg-info/SOURCES.txt'
[0.827s] running build
[0.827s] running build_py
[0.827s] running install
[0.827s] running install_lib
[0.828s] running install_data
[0.828s] running install_egg_info
[0.828s] removing '/home/wb/ros_ws/install/orb_slam3_ai/lib/python3.10/site-packages/orb_slam3_ai-1.0.0-py3.10.egg-info' (and everything under it)
[0.828s] Copying ../../build/orb_slam3_ai/orb_slam3_ai.egg-info to /home/wb/ros_ws/install/orb_slam3_ai/lib/python3.10/site-packages/orb_slam3_ai-1.0.0-py3.10.egg-info
[0.828s] running install_scripts
[0.843s] Installing orb_slam3_ai_node script to /home/wb/ros_ws/install/orb_slam3_ai/lib/orb_slam3_ai
[0.843s] writing list of installed files to '/home/wb/ros_ws/build/orb_slam3_ai/install.log'
[0.860s] Invoked command in '/home/wb/ros_ws/src/orb_slam3_ai' returned '0': PYTHONPATH=/home/wb/ros_ws/build/orb_slam3_ai/prefix_override:/usr/lib/python3/dist-packages/colcon_core/task/python/colcon_distutils_commands:/home/wb/ros_ws/install/orb_slam3_ai/lib/python3.10/site-packages:${PYTHONPATH} /usr/bin/python3 -W ignore:setup.py install is deprecated -W ignore:easy_install command is deprecated setup.py egg_info --egg-base ../../build/orb_slam3_ai build --build-base /home/wb/ros_ws/build/orb_slam3_ai/build install --record /home/wb/ros_ws/build/orb_slam3_ai/install.log --single-version-externally-managed install_data
