[0.022s] Invoking command in '/home/wb/ros_ws/build/my_robot_navigation': CMAKE_PREFIX_PATH=/home/wb/ros_ws/install/my_robot_simulation:/home/wb/ros_ws/install/my_robot_description:/home/wb/ros_ws/install/my_robot_navigation:/home/wb/ros_ws/install/orb_slam3_ai:/home/wb/ros_ws/install/my_robot_vision:/opt/ros/humble /usr/bin/cmake /home/wb/ros_ws/src/my_robot_navigation -DCMAKE_INSTALL_PREFIX=/home/wb/ros_ws/install/my_robot_navigation
[0.084s] -- The C compiler identification is GNU 11.4.0
[0.143s] -- The CXX compiler identification is GNU 11.4.0
[0.148s] -- Detecting C compiler ABI info
[0.225s] -- Detecting C compiler ABI info - done
[0.233s] -- Check for working C compiler: /usr/bin/cc - skipped
[0.233s] -- Detecting C compile features
[0.233s] -- Detecting C compile features - done
[0.237s] -- Detecting CXX compiler ABI info
[0.336s] -- Detecting CXX compiler ABI info - done
[0.339s] -- Check for working CXX compiler: /usr/bin/c++ - skipped
[0.340s] -- Detecting CXX compile features
[0.340s] -- Detecting CXX compile features - done
[0.342s] -- Found ament_cmake: 1.3.11 (/opt/ros/humble/share/ament_cmake/cmake)
[0.456s] -- Found Python3: /usr/bin/python3 (found version "3.10.12") found components: Interpreter 
[0.526s] -- Found rclcpp: 16.0.12 (/opt/ros/humble/share/rclcpp/cmake)
[0.557s] -- Found rosidl_generator_c: 3.1.6 (/opt/ros/humble/share/rosidl_generator_c/cmake)
[0.561s] -- Found rosidl_adapter: 3.1.6 (/opt/ros/humble/share/rosidl_adapter/cmake)
[0.567s] -- Found rosidl_generator_cpp: 3.1.6 (/opt/ros/humble/share/rosidl_generator_cpp/cmake)
[0.576s] -- Using all available rosidl_typesupport_c: rosidl_typesupport_fastrtps_c;rosidl_typesupport_introspection_c
[0.588s] -- Using all available rosidl_typesupport_cpp: rosidl_typesupport_fastrtps_cpp;rosidl_typesupport_introspection_cpp
[0.619s] -- Found rmw_implementation_cmake: 6.1.2 (/opt/ros/humble/share/rmw_implementation_cmake/cmake)
[0.621s] -- Found rmw_fastrtps_cpp: 6.2.7 (/opt/ros/humble/share/rmw_fastrtps_cpp/cmake)
[0.690s] -- Found OpenSSL: /usr/lib/x86_64-linux-gnu/libcrypto.so (found version "3.0.2")  
[0.708s] -- Found FastRTPS: /opt/ros/humble/include  
[0.738s] -- Using RMW implementation 'rmw_fastrtps_cpp' as default
[0.744s] -- Looking for pthread.h
[0.799s] -- Looking for pthread.h - found
[0.800s] -- Performing Test CMAKE_HAVE_LIBC_PTHREAD
[0.860s] -- Performing Test CMAKE_HAVE_LIBC_PTHREAD - Success
[0.860s] -- Found Threads: TRUE  
[0.893s] -- Found rclpy: 3.3.16 (/opt/ros/humble/share/rclpy/cmake)
[0.894s] -- Found ament_lint_auto: 0.12.12 (/opt/ros/humble/share/ament_lint_auto/cmake)
[0.952s] -- Added test 'flake8' to check Python code syntax and style conventions
[0.953s] -- Added test 'lint_cmake' to check CMake code style
[0.953s] -- Added test 'pep257' to check Python code against some of the docstring style conventions in PEP 257
[0.954s] -- Added test 'xmllint' to check XML markup files
[0.956s] -- Configuring done
[0.960s] -- Generating done
[0.960s] -- Build files have been written to: /home/wb/ros_ws/build/my_robot_navigation
[0.967s] Invoked command in '/home/wb/ros_ws/build/my_robot_navigation' returned '0': CMAKE_PREFIX_PATH=/home/wb/ros_ws/install/my_robot_simulation:/home/wb/ros_ws/install/my_robot_description:/home/wb/ros_ws/install/my_robot_navigation:/home/wb/ros_ws/install/orb_slam3_ai:/home/wb/ros_ws/install/my_robot_vision:/opt/ros/humble /usr/bin/cmake /home/wb/ros_ws/src/my_robot_navigation -DCMAKE_INSTALL_PREFIX=/home/wb/ros_ws/install/my_robot_navigation
[0.970s] Invoking command in '/home/wb/ros_ws/build/my_robot_navigation': CMAKE_PREFIX_PATH=/home/wb/ros_ws/install/my_robot_simulation:/home/wb/ros_ws/install/my_robot_description:/home/wb/ros_ws/install/my_robot_navigation:/home/wb/ros_ws/install/orb_slam3_ai:/home/wb/ros_ws/install/my_robot_vision:/opt/ros/humble /usr/bin/cmake --build /home/wb/ros_ws/build/my_robot_navigation -- -j4 -l4
[0.999s] Invoked command in '/home/wb/ros_ws/build/my_robot_navigation' returned '0': CMAKE_PREFIX_PATH=/home/wb/ros_ws/install/my_robot_simulation:/home/wb/ros_ws/install/my_robot_description:/home/wb/ros_ws/install/my_robot_navigation:/home/wb/ros_ws/install/orb_slam3_ai:/home/wb/ros_ws/install/my_robot_vision:/opt/ros/humble /usr/bin/cmake --build /home/wb/ros_ws/build/my_robot_navigation -- -j4 -l4
[1.001s] Invoking command in '/home/wb/ros_ws/build/my_robot_navigation': CMAKE_PREFIX_PATH=/home/wb/ros_ws/install/my_robot_simulation:/home/wb/ros_ws/install/my_robot_description:/home/wb/ros_ws/install/my_robot_navigation:/home/wb/ros_ws/install/orb_slam3_ai:/home/wb/ros_ws/install/my_robot_vision:/opt/ros/humble /usr/bin/cmake --install /home/wb/ros_ws/build/my_robot_navigation
[1.007s] -- Install configuration: ""
[1.007s] -- Installing: /home/wb/ros_ws/install/my_robot_navigation/share/my_robot_navigation/launch
[1.007s] -- Installing: /home/wb/ros_ws/install/my_robot_navigation/share/my_robot_navigation/launch/slam_navigation.launch.py
[1.007s] -- Installing: /home/wb/ros_ws/install/my_robot_navigation/share/my_robot_navigation/launch/navigation.launch.py
[1.007s] -- Installing: /home/wb/ros_ws/install/my_robot_navigation/share/my_robot_navigation/launch/slam.launch.py
[1.008s] -- Installing: /home/wb/ros_ws/install/my_robot_navigation/share/my_robot_navigation/config
[1.008s] -- Installing: /home/wb/ros_ws/install/my_robot_navigation/share/my_robot_navigation/config/slam_toolbox_config.yaml
[1.008s] -- Installing: /home/wb/ros_ws/install/my_robot_navigation/share/my_robot_navigation/config/nav2_params.yaml
[1.008s] -- Installing: /home/wb/ros_ws/install/my_robot_navigation/share/my_robot_navigation/maps
[1.008s] -- Installing: /home/wb/ros_ws/install/my_robot_navigation/share/my_robot_navigation/maps/my_hex_arena.yaml
[1.008s] -- Installing: /home/wb/ros_ws/install/my_robot_navigation/share/my_robot_navigation/maps/my_hex_arena.pgm
[1.012s] -- Installing: /home/wb/ros_ws/install/my_robot_navigation/share/my_robot_navigation/maps/my_robot_map.pgm
[1.012s] -- Installing: /home/wb/ros_ws/install/my_robot_navigation/share/my_robot_navigation/maps/my_robot_map.yaml
[1.012s] -- Installing: /home/wb/ros_ws/install/my_robot_navigation/share/my_robot_navigation/scripts
[1.012s] -- Installing: /home/wb/ros_ws/install/my_robot_navigation/share/my_robot_navigation/scripts/save_map.py
[1.012s] -- Installing: /home/wb/ros_ws/install/my_robot_navigation/share/my_robot_navigation/scripts/map_manager.py
[1.012s] -- Installing: /home/wb/ros_ws/install/my_robot_navigation/share/ament_index/resource_index/package_run_dependencies/my_robot_navigation
[1.012s] -- Installing: /home/wb/ros_ws/install/my_robot_navigation/share/ament_index/resource_index/parent_prefix_path/my_robot_navigation
[1.013s] -- Installing: /home/wb/ros_ws/install/my_robot_navigation/share/my_robot_navigation/environment/ament_prefix_path.sh
[1.013s] -- Installing: /home/wb/ros_ws/install/my_robot_navigation/share/my_robot_navigation/environment/ament_prefix_path.dsv
[1.013s] -- Installing: /home/wb/ros_ws/install/my_robot_navigation/share/my_robot_navigation/environment/path.sh
[1.013s] -- Installing: /home/wb/ros_ws/install/my_robot_navigation/share/my_robot_navigation/environment/path.dsv
[1.013s] -- Installing: /home/wb/ros_ws/install/my_robot_navigation/share/my_robot_navigation/local_setup.bash
[1.013s] -- Installing: /home/wb/ros_ws/install/my_robot_navigation/share/my_robot_navigation/local_setup.sh
[1.013s] -- Installing: /home/wb/ros_ws/install/my_robot_navigation/share/my_robot_navigation/local_setup.zsh
[1.013s] -- Installing: /home/wb/ros_ws/install/my_robot_navigation/share/my_robot_navigation/local_setup.dsv
[1.014s] -- Installing: /home/wb/ros_ws/install/my_robot_navigation/share/my_robot_navigation/package.dsv
[1.014s] -- Installing: /home/wb/ros_ws/install/my_robot_navigation/share/ament_index/resource_index/packages/my_robot_navigation
[1.014s] -- Installing: /home/wb/ros_ws/install/my_robot_navigation/share/my_robot_navigation/cmake/my_robot_navigationConfig.cmake
[1.014s] -- Installing: /home/wb/ros_ws/install/my_robot_navigation/share/my_robot_navigation/cmake/my_robot_navigationConfig-version.cmake
[1.014s] -- Installing: /home/wb/ros_ws/install/my_robot_navigation/share/my_robot_navigation/package.xml
[1.015s] Invoked command in '/home/wb/ros_ws/build/my_robot_navigation' returned '0': CMAKE_PREFIX_PATH=/home/wb/ros_ws/install/my_robot_simulation:/home/wb/ros_ws/install/my_robot_description:/home/wb/ros_ws/install/my_robot_navigation:/home/wb/ros_ws/install/orb_slam3_ai:/home/wb/ros_ws/install/my_robot_vision:/opt/ros/humble /usr/bin/cmake --install /home/wb/ros_ws/build/my_robot_navigation
