[0.713s] Invoking command in '/home/wb/ros_ws/src/orb_slam3_ai': PYTHONPATH=/home/wb/ros_ws/build/orb_slam3_ai/prefix_override:/usr/lib/python3/dist-packages/colcon_core/task/python/colcon_distutils_commands:/home/wb/ros_ws/install/orb_slam3_ai/lib/python3.10/site-packages:${PYTHONPATH} /usr/bin/python3 -W ignore:setup.py install is deprecated -W ignore:easy_install command is deprecated setup.py egg_info --egg-base ../../build/orb_slam3_ai build --build-base /home/wb/ros_ws/build/orb_slam3_ai/build install --record /home/wb/ros_ws/build/orb_slam3_ai/install.log --single-version-externally-managed install_data
[1.008s] running egg_info
[1.009s] writing ../../build/orb_slam3_ai/orb_slam3_ai.egg-info/PKG-INFO
[1.009s] writing dependency_links to ../../build/orb_slam3_ai/orb_slam3_ai.egg-info/dependency_links.txt
[1.010s] writing entry points to ../../build/orb_slam3_ai/orb_slam3_ai.egg-info/entry_points.txt
[1.010s] writing requirements to ../../build/orb_slam3_ai/orb_slam3_ai.egg-info/requires.txt
[1.011s] writing top-level names to ../../build/orb_slam3_ai/orb_slam3_ai.egg-info/top_level.txt
[1.013s] reading manifest file '../../build/orb_slam3_ai/orb_slam3_ai.egg-info/SOURCES.txt'
[1.014s] writing manifest file '../../build/orb_slam3_ai/orb_slam3_ai.egg-info/SOURCES.txt'
[1.015s] running build
[1.015s] running build_py
[1.015s] copying orb_slam3_ai/orb_slam3_ai_node.py -> /home/wb/ros_ws/build/orb_slam3_ai/build/lib/orb_slam3_ai
[1.016s] running install
[1.016s] running install_lib
[1.017s] copying /home/wb/ros_ws/build/orb_slam3_ai/build/lib/orb_slam3_ai/orb_slam3_ai_node.py -> /home/wb/ros_ws/install/orb_slam3_ai/lib/python3.10/site-packages/orb_slam3_ai
[1.019s] byte-compiling /home/wb/ros_ws/install/orb_slam3_ai/lib/python3.10/site-packages/orb_slam3_ai/orb_slam3_ai_node.py to orb_slam3_ai_node.cpython-310.pyc
[1.024s] running install_data
[1.024s] copying launch/orb_slam3_ai.launch.py -> /home/wb/ros_ws/install/orb_slam3_ai/share/orb_slam3_ai/launch
[1.024s] running install_egg_info
[1.026s] removing '/home/wb/ros_ws/install/orb_slam3_ai/lib/python3.10/site-packages/orb_slam3_ai-1.0.0-py3.10.egg-info' (and everything under it)
[1.026s] Copying ../../build/orb_slam3_ai/orb_slam3_ai.egg-info to /home/wb/ros_ws/install/orb_slam3_ai/lib/python3.10/site-packages/orb_slam3_ai-1.0.0-py3.10.egg-info
[1.028s] running install_scripts
[1.059s] Installing orb_slam3_ai_node script to /home/wb/ros_ws/install/orb_slam3_ai/lib/orb_slam3_ai
[1.060s] writing list of installed files to '/home/wb/ros_ws/build/orb_slam3_ai/install.log'
[1.080s] Invoked command in '/home/wb/ros_ws/src/orb_slam3_ai' returned '0': PYTHONPATH=/home/wb/ros_ws/build/orb_slam3_ai/prefix_override:/usr/lib/python3/dist-packages/colcon_core/task/python/colcon_distutils_commands:/home/wb/ros_ws/install/orb_slam3_ai/lib/python3.10/site-packages:${PYTHONPATH} /usr/bin/python3 -W ignore:setup.py install is deprecated -W ignore:easy_install command is deprecated setup.py egg_info --egg-base ../../build/orb_slam3_ai build --build-base /home/wb/ros_ws/build/orb_slam3_ai/build install --record /home/wb/ros_ws/build/orb_slam3_ai/install.log --single-version-externally-managed install_data
