[0.014s] Invoking command in '/home/wb/ros_ws/build/simple_robot': CMAKE_PREFIX_PATH=/opt/ros/humble /usr/bin/cmake /home/wb/ros_ws/src/simple_robot -DCMAKE_INSTALL_PREFIX=/home/wb/ros_ws/install/simple_robot
[0.059s] -- The C compiler identification is GNU 11.4.0
[0.103s] -- The CXX compiler identification is GNU 11.4.0
[0.109s] -- Detecting C compiler ABI info
[0.166s] -- Detecting C compiler ABI info - done
[0.170s] -- Check for working C compiler: /usr/bin/cc - skipped
[0.170s] -- Detecting C compile features
[0.170s] -- Detecting C compile features - done
[0.172s] -- Detecting CXX compiler ABI info
[0.241s] -- Detecting CXX compiler ABI info - done
[0.244s] -- Check for working CXX compiler: /usr/bin/c++ - skipped
[0.245s] -- Detecting CXX compile features
[0.245s] -- Detecting CXX compile features - done
[0.247s] -- Found ament_cmake_auto: 1.3.11 (/opt/ros/humble/share/ament_cmake_auto/cmake)
[0.366s] -- Found Python3: /usr/bin/python3 (found version "3.10.12") found components: Interpreter 
[0.454s] -- Found ament_lint_auto: 0.12.12 (/opt/ros/humble/share/ament_lint_auto/cmake)
[0.457s] -- Found ros_gz_sim: 0.244.17 (/opt/ros/humble/share/ros_gz_sim/cmake)
[0.513s] -- Found rosidl_generator_c: 3.1.6 (/opt/ros/humble/share/rosidl_generator_c/cmake)
[0.518s] -- Found rosidl_adapter: 3.1.6 (/opt/ros/humble/share/rosidl_adapter/cmake)
[0.533s] -- Found rosidl_generator_cpp: 3.1.6 (/opt/ros/humble/share/rosidl_generator_cpp/cmake)
[0.551s] -- Using all available rosidl_typesupport_c: rosidl_typesupport_fastrtps_c;rosidl_typesupport_introspection_c
[0.569s] -- Using all available rosidl_typesupport_cpp: rosidl_typesupport_fastrtps_cpp;rosidl_typesupport_introspection_cpp
[0.625s] -- Found rmw_implementation_cmake: 6.1.2 (/opt/ros/humble/share/rmw_implementation_cmake/cmake)
[0.628s] -- Found rmw_fastrtps_cpp: 6.2.7 (/opt/ros/humble/share/rmw_fastrtps_cpp/cmake)
[0.709s] -- Found OpenSSL: /usr/lib/x86_64-linux-gnu/libcrypto.so (found version "3.0.2")  
[0.732s] -- Found FastRTPS: /opt/ros/humble/include  
[0.758s] -- Using RMW implementation 'rmw_fastrtps_cpp' as default
[0.768s] -- Looking for pthread.h
[0.839s] -- Looking for pthread.h - found
[0.839s] -- Performing Test CMAKE_HAVE_LIBC_PTHREAD
[0.903s] -- Performing Test CMAKE_HAVE_LIBC_PTHREAD - Success
[0.904s] -- Found Threads: TRUE  
[0.967s] -- Found xacro: 2.0.13 (/opt/ros/humble/share/xacro/cmake)
[0.969s] -- Found robot_state_publisher: 3.0.3 (/opt/ros/humble/share/robot_state_publisher/cmake)
[0.999s] -- Found eigen3_cmake_module: 0.1.1 (/opt/ros/humble/share/eigen3_cmake_module/cmake)
[1.000s] -- Found Eigen3: TRUE (found version "3.4.0") 
[1.000s] -- Ensuring Eigen3 include directory is part of orocos-kdl CMake target
[1.156s] -- Found gazebo_ros: 3.9.0 (/opt/ros/humble/share/gazebo_ros/cmake)
[1.166s] -- Found PkgConfig: /usr/bin/pkg-config (found version "0.29.2") 
[1.166s] -- Checking for module 'bullet>=2.82'
[1.177s] --   Found bullet, version 3.05
[1.263s] -- Found fcl: /usr/include (found suitable version "0.7.0", minimum required is "0.5.0") 
[1.308s] -- Found assimp: /usr/include (found version "5.2.0") 
[1.330s] -- Found DART: /usr/include (Required is at least version "6.6") found components: dart 
[1.356s] -- Found Boost: /usr/lib/x86_64-linux-gnu/cmake/Boost-1.74.0/BoostConfig.cmake (found suitable version "1.74.0", minimum required is "1.40.0") found components: thread system filesystem program_options regex iostreams date_time 
[1.375s] -- Found Protobuf: /usr/lib/x86_64-linux-gnu/libprotobuf.so (found version "3.12.4") 
[1.381s] -- Looking for ignition-math6 -- found version 6.15.1
[1.390s] -- Searching for dependencies of ignition-math6
[1.392s] -- Looking for OGRE...
[1.393s] -- OGRE_PREFIX_WATCH changed.
[1.397s] -- Checking for module 'OGRE'
[1.407s] --   Found OGRE, version 1.9.0
[1.438s] -- Found Ogre Ghadamon (1.9.0)
[1.444s] -- Found OGRE: optimized;/usr/lib/x86_64-linux-gnu/libOgreMain.so;debug;/usr/lib/x86_64-linux-gnu/libOgreMain.so
[1.451s] -- Looking for OGRE_Paging...
[1.454s] -- Found OGRE_Paging: optimized;/usr/lib/x86_64-linux-gnu/libOgrePaging.so;debug;/usr/lib/x86_64-linux-gnu/libOgrePaging.so
[1.454s] -- Looking for OGRE_Terrain...
[1.457s] -- Found OGRE_Terrain: optimized;/usr/lib/x86_64-linux-gnu/libOgreTerrain.so;debug;/usr/lib/x86_64-linux-gnu/libOgreTerrain.so
[1.457s] -- Looking for OGRE_Property...
[1.463s] -- Found OGRE_Property: optimized;/usr/lib/x86_64-linux-gnu/libOgreProperty.so;debug;/usr/lib/x86_64-linux-gnu/libOgreProperty.so
[1.463s] -- Looking for OGRE_RTShaderSystem...
[1.464s] -- Found OGRE_RTShaderSystem: optimized;/usr/lib/x86_64-linux-gnu/libOgreRTShaderSystem.so;debug;/usr/lib/x86_64-linux-gnu/libOgreRTShaderSystem.so
[1.464s] -- Looking for OGRE_Volume...
[1.467s] -- Found OGRE_Volume: optimized;/usr/lib/x86_64-linux-gnu/libOgreVolume.so;debug;/usr/lib/x86_64-linux-gnu/libOgreVolume.so
[1.467s] -- Looking for OGRE_Overlay...
[1.470s] -- Found OGRE_Overlay: optimized;/usr/lib/x86_64-linux-gnu/libOgreOverlay.so;debug;/usr/lib/x86_64-linux-gnu/libOgreOverlay.so
[1.538s] -- Looking for ignition-math6 -- found version 6.15.1
[1.542s] -- Looking for ignition-transport8 -- found version 8.2.1
[1.542s] -- Searching for dependencies of ignition-transport8
[1.554s] -- Found Protobuf: /usr/lib/x86_64-linux-gnu/libprotobuf.so (found suitable version "3.12.4", minimum required is "3") 
[1.561s] -- Config-file not installed for ZeroMQ -- checking for pkg-config
[1.565s] -- Checking for module 'libzmq >= 4'
[1.580s] --   Found libzmq , version 4.3.4
[1.615s] -- Found ZeroMQ: TRUE (Required is at least version "4") 
[1.621s] -- Checking for module 'uuid'
[1.637s] --   Found uuid, version 2.37.2
[1.666s] -- Found UUID: TRUE  
[1.668s] -- Looking for ignition-msgs5 -- found version 5.8.1
[1.668s] -- Searching for dependencies of ignition-msgs5
[1.681s] -- Looking for ignition-math6 -- found version 6.15.1
[1.685s] -- Checking for module 'tinyxml2'
[1.696s] --   Found tinyxml2, version 9.0.0
[1.728s] -- Looking for ignition-msgs5 -- found version 5.8.1
[1.730s] -- Looking for ignition-common3 -- found version 3.14.0
[1.731s] -- Searching for dependencies of ignition-common3
[1.731s] -- Looking for dlfcn.h - found
[1.732s] -- Looking for libdl - found
[1.733s] -- Found DL: TRUE  
[1.743s] -- Found tinyobjloader: /usr/lib/x86_64-linux-gnu/cmake/tinyobjloader/tinyobjloader-config.cmake (found version "2.0.0") 
[1.744s] -- Searching for <ignition-common3> component [graphics]
[1.746s] -- Looking for ignition-common3-graphics -- found version 3.14.0
[1.746s] -- Searching for dependencies of ignition-common3-graphics
[1.747s] -- Looking for ignition-math6 -- found version 6.15.1
[1.750s] -- Looking for ignition-fuel_tools4 -- found version 4.4.0
[1.750s] -- Searching for dependencies of ignition-fuel_tools4
[1.838s] -- Found CURL: /usr/lib/x86_64-linux-gnu/libcurl.so (found version "7.81.0")  
[1.847s] -- Checking for module 'jsoncpp'
[1.859s] --   Found jsoncpp, version 1.9.5
[1.887s] -- Found JSONCPP: TRUE  
[1.892s] -- Checking for module 'libzip'
[1.903s] --   Found libzip, version 1.7.3
[1.933s] -- Found ZIP: TRUE  
[1.934s] -- Looking for ignition-common3 -- found version 3.14.0
[1.934s] -- Looking for ignition-math6 -- found version 6.15.1
[1.934s] -- Looking for ignition-msgs5 -- found version 5.8.1
[1.939s] -- Gazebo version: 11.10
[1.939s] -- Checking for module 'tbb'
[1.952s] --   Found tbb, version 2021.5.0
[2.072s] -- Configuring done
[2.077s] -- Generating done
[2.079s] -- Build files have been written to: /home/wb/ros_ws/build/simple_robot
[2.089s] Invoked command in '/home/wb/ros_ws/build/simple_robot' returned '0': CMAKE_PREFIX_PATH=/opt/ros/humble /usr/bin/cmake /home/wb/ros_ws/src/simple_robot -DCMAKE_INSTALL_PREFIX=/home/wb/ros_ws/install/simple_robot
[2.091s] Invoking command in '/home/wb/ros_ws/build/simple_robot': CMAKE_PREFIX_PATH=/opt/ros/humble /usr/bin/cmake --build /home/wb/ros_ws/build/simple_robot -- -j4 -l4
[2.124s] Invoked command in '/home/wb/ros_ws/build/simple_robot' returned '0': CMAKE_PREFIX_PATH=/opt/ros/humble /usr/bin/cmake --build /home/wb/ros_ws/build/simple_robot -- -j4 -l4
[2.126s] Invoking command in '/home/wb/ros_ws/build/simple_robot': CMAKE_PREFIX_PATH=/opt/ros/humble /usr/bin/cmake --install /home/wb/ros_ws/build/simple_robot
[2.134s] -- Install configuration: ""
[2.134s] -- Installing: /home/wb/ros_ws/install/simple_robot/share/simple_robot/urdf
[2.134s] -- Installing: /home/wb/ros_ws/install/simple_robot/share/simple_robot/urdf/simple_robot.urdf
[2.136s] -- Installing: /home/wb/ros_ws/install/simple_robot/share/simple_robot/launch
[2.136s] -- Installing: /home/wb/ros_ws/install/simple_robot/share/simple_robot/launch/gazebo.launch.py
[2.137s] -- Installing: /home/wb/ros_ws/install/simple_robot/share/simple_robot/worlds
[2.137s] -- Installing: /home/wb/ros_ws/install/simple_robot/share/simple_robot/worlds/my_hex_arena.world
[2.137s] -- Installing: /home/wb/ros_ws/install/simple_robot/share/ament_index/resource_index/package_run_dependencies/simple_robot
[2.137s] -- Installing: /home/wb/ros_ws/install/simple_robot/share/ament_index/resource_index/parent_prefix_path/simple_robot
[2.137s] -- Installing: /home/wb/ros_ws/install/simple_robot/share/simple_robot/environment/ament_prefix_path.sh
[2.138s] -- Installing: /home/wb/ros_ws/install/simple_robot/share/simple_robot/environment/ament_prefix_path.dsv
[2.138s] -- Installing: /home/wb/ros_ws/install/simple_robot/share/simple_robot/environment/path.sh
[2.138s] -- Installing: /home/wb/ros_ws/install/simple_robot/share/simple_robot/environment/path.dsv
[2.138s] -- Installing: /home/wb/ros_ws/install/simple_robot/share/simple_robot/local_setup.bash
[2.138s] -- Installing: /home/wb/ros_ws/install/simple_robot/share/simple_robot/local_setup.sh
[2.138s] -- Installing: /home/wb/ros_ws/install/simple_robot/share/simple_robot/local_setup.zsh
[2.138s] -- Installing: /home/wb/ros_ws/install/simple_robot/share/simple_robot/local_setup.dsv
[2.138s] -- Installing: /home/wb/ros_ws/install/simple_robot/share/simple_robot/package.dsv
[2.139s] -- Installing: /home/wb/ros_ws/install/simple_robot/share/ament_index/resource_index/packages/simple_robot
[2.139s] -- Installing: /home/wb/ros_ws/install/simple_robot/share/simple_robot/cmake/simple_robotConfig.cmake
[2.139s] -- Installing: /home/wb/ros_ws/install/simple_robot/share/simple_robot/cmake/simple_robotConfig-version.cmake
[2.139s] -- Installing: /home/wb/ros_ws/install/simple_robot/share/simple_robot/package.xml
[2.141s] Invoked command in '/home/wb/ros_ws/build/simple_robot' returned '0': CMAKE_PREFIX_PATH=/opt/ros/humble /usr/bin/cmake --install /home/wb/ros_ws/build/simple_robot
