[0.794s] Invoking command in '/home/wb/ros_ws/src/my_robot_vision': PYTHONPATH=/home/wb/ros_ws/build/my_robot_vision/prefix_override:/usr/lib/python3/dist-packages/colcon_core/task/python/colcon_distutils_commands:/home/wb/ros_ws/install/my_robot_vision/lib/python3.10/site-packages:${PYTHONPATH} /usr/bin/python3 -W ignore:setup.py install is deprecated -W ignore:easy_install command is deprecated setup.py egg_info --egg-base ../../build/my_robot_vision build --build-base /home/wb/ros_ws/build/my_robot_vision/build install --record /home/wb/ros_ws/build/my_robot_vision/install.log --single-version-externally-managed install_data
[1.129s] running egg_info
[1.130s] writing ../../build/my_robot_vision/my_robot_vision.egg-info/PKG-INFO
[1.130s] writing dependency_links to ../../build/my_robot_vision/my_robot_vision.egg-info/dependency_links.txt
[1.131s] writing entry points to ../../build/my_robot_vision/my_robot_vision.egg-info/entry_points.txt
[1.131s] writing requirements to ../../build/my_robot_vision/my_robot_vision.egg-info/requires.txt
[1.131s] writing top-level names to ../../build/my_robot_vision/my_robot_vision.egg-info/top_level.txt
[1.132s] reading manifest file '../../build/my_robot_vision/my_robot_vision.egg-info/SOURCES.txt'
[1.133s] writing manifest file '../../build/my_robot_vision/my_robot_vision.egg-info/SOURCES.txt'
[1.133s] running build
[1.133s] running build_py
[1.133s] running install
[1.133s] running install_lib
[1.135s] running install_data
[1.135s] running install_egg_info
[1.136s] removing '/home/wb/ros_ws/install/my_robot_vision/lib/python3.10/site-packages/my_robot_vision-0.0.0-py3.10.egg-info' (and everything under it)
[1.136s] Copying ../../build/my_robot_vision/my_robot_vision.egg-info to /home/wb/ros_ws/install/my_robot_vision/lib/python3.10/site-packages/my_robot_vision-0.0.0-py3.10.egg-info
[1.137s] running install_scripts
[1.160s] Installing apple_detector script to /home/wb/ros_ws/install/my_robot_vision/lib/my_robot_vision
[1.160s] writing list of installed files to '/home/wb/ros_ws/build/my_robot_vision/install.log'
[1.180s] Invoked command in '/home/wb/ros_ws/src/my_robot_vision' returned '0': PYTHONPATH=/home/wb/ros_ws/build/my_robot_vision/prefix_override:/usr/lib/python3/dist-packages/colcon_core/task/python/colcon_distutils_commands:/home/wb/ros_ws/install/my_robot_vision/lib/python3.10/site-packages:${PYTHONPATH} /usr/bin/python3 -W ignore:setup.py install is deprecated -W ignore:easy_install command is deprecated setup.py egg_info --egg-base ../../build/my_robot_vision build --build-base /home/wb/ros_ws/build/my_robot_vision/build install --record /home/wb/ros_ws/build/my_robot_vision/install.log --single-version-externally-managed install_data
