[0.021s] Invoking command in '/home/wb/ros_ws/build/simple_robot': CMAKE_PREFIX_PATH=${CMAKE_PREFIX_PATH}:/opt/ros/humble /usr/bin/cmake /home/wb/ros_ws/src/simple_robot -DCMAKE_INSTALL_PREFIX=/home/wb/ros_ws/install/simple_robot
[0.031s] -- Found ament_cmake_auto: 1.3.11 (/opt/ros/humble/share/ament_cmake_auto/cmake)
[0.120s] -- Override CMake install command with custom implementation using symlinks instead of copying resources
[0.127s] -- Found ament_lint_auto: 0.12.12 (/opt/ros/humble/share/ament_lint_auto/cmake)
[0.128s] -- Found ros_gz_sim: 0.244.17 (/opt/ros/humble/share/ros_gz_sim/cmake)
[0.150s] -- Found rosidl_generator_c: 3.1.6 (/opt/ros/humble/share/rosidl_generator_c/cmake)
[0.152s] -- Found rosidl_adapter: 3.1.6 (/opt/ros/humble/share/rosidl_adapter/cmake)
[0.157s] -- Found rosidl_generator_cpp: 3.1.6 (/opt/ros/humble/share/rosidl_generator_cpp/cmake)
[0.167s] -- Using all available rosidl_typesupport_c: rosidl_typesupport_fastrtps_c;rosidl_typesupport_introspection_c
[0.173s] -- Using all available rosidl_typesupport_cpp: rosidl_typesupport_fastrtps_cpp;rosidl_typesupport_introspection_cpp
[0.199s] -- Found rmw_implementation_cmake: 6.1.2 (/opt/ros/humble/share/rmw_implementation_cmake/cmake)
[0.199s] -- Found rmw_fastrtps_cpp: 6.2.7 (/opt/ros/humble/share/rmw_fastrtps_cpp/cmake)
[0.269s] -- Using RMW implementation 'rmw_fastrtps_cpp' as default
[0.302s] -- Found xacro: 2.0.13 (/opt/ros/humble/share/xacro/cmake)
[0.302s] -- Found robot_state_publisher: 3.0.3 (/opt/ros/humble/share/robot_state_publisher/cmake)
[0.313s] -- Found eigen3_cmake_module: 0.1.1 (/opt/ros/humble/share/eigen3_cmake_module/cmake)
[0.314s] -- Ensuring Eigen3 include directory is part of orocos-kdl CMake target
[0.415s] -- Found gazebo_ros: 3.9.0 (/opt/ros/humble/share/gazebo_ros/cmake)
[0.451s] -- Found DART: /usr/include (Required is at least version "6.6") found components: dart 
[0.475s] -- Found Protobuf: /usr/lib/x86_64-linux-gnu/libprotobuf.so (found version "3.12.4") 
[0.477s] -- Looking for ignition-math6 -- found version 6.15.1
[0.480s] -- Searching for dependencies of ignition-math6
[0.481s] -- Looking for OGRE...
[0.486s] -- Found Ogre Ghadamon (1.9.0)
[0.487s] -- Found OGRE: optimized;/usr/lib/x86_64-linux-gnu/libOgreMain.so;debug;/usr/lib/x86_64-linux-gnu/libOgreMain.so
[0.493s] -- Looking for OGRE_Paging...
[0.494s] -- Found OGRE_Paging: optimized;/usr/lib/x86_64-linux-gnu/libOgrePaging.so;debug;/usr/lib/x86_64-linux-gnu/libOgrePaging.so
[0.494s] -- Looking for OGRE_Terrain...
[0.494s] -- Found OGRE_Terrain: optimized;/usr/lib/x86_64-linux-gnu/libOgreTerrain.so;debug;/usr/lib/x86_64-linux-gnu/libOgreTerrain.so
[0.494s] -- Looking for OGRE_Property...
[0.494s] -- Found OGRE_Property: optimized;/usr/lib/x86_64-linux-gnu/libOgreProperty.so;debug;/usr/lib/x86_64-linux-gnu/libOgreProperty.so
[0.494s] -- Looking for OGRE_RTShaderSystem...
[0.494s] -- Found OGRE_RTShaderSystem: optimized;/usr/lib/x86_64-linux-gnu/libOgreRTShaderSystem.so;debug;/usr/lib/x86_64-linux-gnu/libOgreRTShaderSystem.so
[0.494s] -- Looking for OGRE_Volume...
[0.494s] -- Found OGRE_Volume: optimized;/usr/lib/x86_64-linux-gnu/libOgreVolume.so;debug;/usr/lib/x86_64-linux-gnu/libOgreVolume.so
[0.494s] -- Looking for OGRE_Overlay...
[0.494s] -- Found OGRE_Overlay: optimized;/usr/lib/x86_64-linux-gnu/libOgreOverlay.so;debug;/usr/lib/x86_64-linux-gnu/libOgreOverlay.so
[0.566s] -- Looking for ignition-math6 -- found version 6.15.1
[0.566s] -- Looking for ignition-transport8 -- found version 8.2.1
[0.567s] -- Searching for dependencies of ignition-transport8
[0.578s] -- Found Protobuf: /usr/lib/x86_64-linux-gnu/libprotobuf.so (found suitable version "3.12.4", minimum required is "3") 
[0.584s] -- Config-file not installed for ZeroMQ -- checking for pkg-config
[0.588s] -- Checking for module 'libzmq >= 4'
[0.601s] --   Found libzmq , version 4.3.4
[0.639s] -- Checking for module 'uuid'
[0.650s] --   Found uuid, version 2.37.2
[0.679s] -- Looking for ignition-msgs5 -- found version 5.8.1
[0.679s] -- Searching for dependencies of ignition-msgs5
[0.692s] -- Looking for ignition-math6 -- found version 6.15.1
[0.698s] -- Looking for ignition-msgs5 -- found version 5.8.1
[0.699s] -- Looking for ignition-common3 -- found version 3.14.0
[0.699s] -- Searching for dependencies of ignition-common3
[0.699s] -- Looking for dlfcn.h - found
[0.699s] -- Looking for libdl - found
[0.708s] -- Searching for <ignition-common3> component [graphics]
[0.709s] -- Looking for ignition-common3-graphics -- found version 3.14.0
[0.709s] -- Searching for dependencies of ignition-common3-graphics
[0.709s] -- Looking for ignition-math6 -- found version 6.15.1
[0.710s] -- Looking for ignition-fuel_tools4 -- found version 4.4.0
[0.710s] -- Searching for dependencies of ignition-fuel_tools4
[0.741s] -- Checking for module 'jsoncpp'
[0.752s] --   Found jsoncpp, version 1.9.5
[0.787s] -- Checking for module 'libzip'
[0.798s] --   Found libzip, version 1.7.3
[0.827s] -- Looking for ignition-common3 -- found version 3.14.0
[0.827s] -- Looking for ignition-math6 -- found version 6.15.1
[0.827s] -- Looking for ignition-msgs5 -- found version 5.8.1
[0.828s] -- Gazebo version: 11.10
[0.956s] -- Configuring done
[0.964s] -- Generating done
[0.968s] -- Build files have been written to: /home/wb/ros_ws/build/simple_robot
[0.981s] Invoked command in '/home/wb/ros_ws/build/simple_robot' returned '0': CMAKE_PREFIX_PATH=${CMAKE_PREFIX_PATH}:/opt/ros/humble /usr/bin/cmake /home/wb/ros_ws/src/simple_robot -DCMAKE_INSTALL_PREFIX=/home/wb/ros_ws/install/simple_robot
[0.984s] Invoking command in '/home/wb/ros_ws/build/simple_robot': CMAKE_PREFIX_PATH=${CMAKE_PREFIX_PATH}:/opt/ros/humble /usr/bin/cmake --build /home/wb/ros_ws/build/simple_robot -- -j4 -l4
[1.040s] Invoked command in '/home/wb/ros_ws/build/simple_robot' returned '0': CMAKE_PREFIX_PATH=${CMAKE_PREFIX_PATH}:/opt/ros/humble /usr/bin/cmake --build /home/wb/ros_ws/build/simple_robot -- -j4 -l4
[1.042s] Invoking command in '/home/wb/ros_ws/build/simple_robot': CMAKE_PREFIX_PATH=${CMAKE_PREFIX_PATH}:/opt/ros/humble /usr/bin/cmake --install /home/wb/ros_ws/build/simple_robot
[1.050s] -- Install configuration: ""
[1.051s] -- Execute custom install script
[1.051s] -- Up-to-date symlink: /home/wb/ros_ws/install/simple_robot/share/simple_robot/urdf/simple_robot.urdf
[1.052s] -- Up-to-date symlink: /home/wb/ros_ws/install/simple_robot/share/simple_robot/launch/gazebo.launch.py
[1.052s] -- Up-to-date symlink: /home/wb/ros_ws/install/simple_robot/share/simple_robot/worlds/my_hex_arena.world
[1.053s] -- Up-to-date symlink: /home/wb/ros_ws/install/simple_robot/share/ament_index/resource_index/package_run_dependencies/simple_robot
[1.053s] -- Up-to-date symlink: /home/wb/ros_ws/install/simple_robot/share/ament_index/resource_index/parent_prefix_path/simple_robot
[1.053s] -- Up-to-date symlink: /home/wb/ros_ws/install/simple_robot/share/simple_robot/environment/ament_prefix_path.sh
[1.054s] -- Up-to-date symlink: /home/wb/ros_ws/install/simple_robot/share/simple_robot/environment/ament_prefix_path.dsv
[1.054s] -- Up-to-date symlink: /home/wb/ros_ws/install/simple_robot/share/simple_robot/environment/path.sh
[1.054s] -- Up-to-date symlink: /home/wb/ros_ws/install/simple_robot/share/simple_robot/environment/path.dsv
[1.054s] -- Up-to-date symlink: /home/wb/ros_ws/install/simple_robot/share/simple_robot/local_setup.bash
[1.054s] -- Up-to-date symlink: /home/wb/ros_ws/install/simple_robot/share/simple_robot/local_setup.sh
[1.054s] -- Up-to-date symlink: /home/wb/ros_ws/install/simple_robot/share/simple_robot/local_setup.zsh
[1.055s] -- Up-to-date symlink: /home/wb/ros_ws/install/simple_robot/share/simple_robot/local_setup.dsv
[1.055s] -- Symlinking: /home/wb/ros_ws/install/simple_robot/share/simple_robot/package.dsv
[1.064s] -- Up-to-date symlink: /home/wb/ros_ws/install/simple_robot/share/ament_index/resource_index/packages/simple_robot
[1.065s] -- Up-to-date symlink: /home/wb/ros_ws/install/simple_robot/share/simple_robot/cmake/simple_robotConfig.cmake
[1.065s] -- Up-to-date symlink: /home/wb/ros_ws/install/simple_robot/share/simple_robot/cmake/simple_robotConfig-version.cmake
[1.065s] -- Up-to-date symlink: /home/wb/ros_ws/install/simple_robot/share/simple_robot/package.xml
[1.067s] Invoked command in '/home/wb/ros_ws/build/simple_robot' returned '0': CMAKE_PREFIX_PATH=${CMAKE_PREFIX_PATH}:/opt/ros/humble /usr/bin/cmake --install /home/wb/ros_ws/build/simple_robot
