[0.182s] DEBUG:colcon:Command line arguments: ['/usr/bin/colcon', 'build']
[0.182s] DEBUG:colcon:Parsed command line arguments: Namespace(log_base=None, log_level=None, verb_name='build', build_base='build', install_base='install', merge_install=False, symlink_install=False, test_result_base=None, continue_on_error=False, executor='parallel', parallel_workers=4, event_handlers=None, ignore_user_meta=False, metas=['./colcon.meta'], base_paths=['.'], packages_ignore=None, packages_ignore_regex=None, paths=None, packages_up_to=None, packages_up_to_regex=None, packages_above=None, packages_above_and_dependencies=None, packages_above_depth=None, packages_select_by_dep=None, packages_skip_by_dep=None, packages_skip_up_to=None, packages_select_build_failed=False, packages_skip_build_finished=False, packages_select_test_failures=False, packages_skip_test_passed=False, packages_select=None, packages_skip=None, packages_select_regex=None, packages_skip_regex=None, packages_start=None, packages_end=None, allow_overriding=[], cmake_args=None, cmake_target=None, cmake_target_skip_unavailable=False, cmake_clean_cache=False, cmake_clean_first=False, cmake_force_configure=False, ament_cmake_args=None, catkin_cmake_args=None, catkin_skip_building_tests=False, mixin_files=None, mixin=None, verb_parser=<colcon_mixin.mixin.mixin_argument.MixinArgumentDecorator object at 0x7e91eb12fc40>, verb_extension=<colcon_core.verb.build.BuildVerb object at 0x7e91eb12f550>, main=<bound method BuildVerb.main of <colcon_core.verb.build.BuildVerb object at 0x7e91eb12f550>>, mixin_verb=('build',))
[0.409s] Level 1:colcon.colcon_core.package_discovery:discover_packages(colcon_meta) check parameters
[0.409s] Level 1:colcon.colcon_core.package_discovery:discover_packages(recursive) check parameters
[0.409s] Level 1:colcon.colcon_core.package_discovery:discover_packages(ignore) check parameters
[0.409s] Level 1:colcon.colcon_core.package_discovery:discover_packages(path) check parameters
[0.409s] Level 1:colcon.colcon_core.package_discovery:discover_packages(colcon_meta) discover
[0.409s] Level 1:colcon.colcon_core.package_discovery:discover_packages(recursive) discover
[0.409s] INFO:colcon.colcon_core.package_discovery:Crawling recursively for packages in '/home/wb/ros_ws'
[0.409s] Level 1:colcon.colcon_core.package_identification:_identify(.) by extensions ['ignore', 'ignore_ament_install']
[0.409s] Level 1:colcon.colcon_core.package_identification:_identify(.) by extension 'ignore'
[0.409s] Level 1:colcon.colcon_core.package_identification:_identify(.) by extension 'ignore_ament_install'
[0.409s] Level 1:colcon.colcon_core.package_identification:_identify(.) by extensions ['colcon_pkg']
[0.409s] Level 1:colcon.colcon_core.package_identification:_identify(.) by extension 'colcon_pkg'
[0.409s] Level 1:colcon.colcon_core.package_identification:_identify(.) by extensions ['colcon_meta']
[0.409s] Level 1:colcon.colcon_core.package_identification:_identify(.) by extension 'colcon_meta'
[0.409s] Level 1:colcon.colcon_core.package_identification:_identify(.) by extensions ['ros']
[0.409s] Level 1:colcon.colcon_core.package_identification:_identify(.) by extension 'ros'
[0.422s] Level 1:colcon.colcon_core.package_identification:_identify(.) by extensions ['cmake', 'python']
[0.422s] Level 1:colcon.colcon_core.package_identification:_identify(.) by extension 'cmake'
[0.422s] Level 1:colcon.colcon_core.package_identification:_identify(.) by extension 'python'
[0.422s] Level 1:colcon.colcon_core.package_identification:_identify(.) by extensions ['python_setup_py']
[0.422s] Level 1:colcon.colcon_core.package_identification:_identify(.) by extension 'python_setup_py'
[0.422s] Level 1:colcon.colcon_core.package_identification:_identify(build) by extensions ['ignore', 'ignore_ament_install']
[0.422s] Level 1:colcon.colcon_core.package_identification:_identify(build) by extension 'ignore'
[0.422s] Level 1:colcon.colcon_core.package_identification:_identify(build) ignored
[0.422s] Level 1:colcon.colcon_core.package_identification:_identify(install) by extensions ['ignore', 'ignore_ament_install']
[0.422s] Level 1:colcon.colcon_core.package_identification:_identify(install) by extension 'ignore'
[0.422s] Level 1:colcon.colcon_core.package_identification:_identify(install) ignored
[0.422s] Level 1:colcon.colcon_core.package_identification:_identify(log) by extensions ['ignore', 'ignore_ament_install']
[0.423s] Level 1:colcon.colcon_core.package_identification:_identify(log) by extension 'ignore'
[0.423s] Level 1:colcon.colcon_core.package_identification:_identify(log) ignored
[0.423s] Level 1:colcon.colcon_core.package_identification:_identify(src) by extensions ['ignore', 'ignore_ament_install']
[0.423s] Level 1:colcon.colcon_core.package_identification:_identify(src) by extension 'ignore'
[0.423s] Level 1:colcon.colcon_core.package_identification:_identify(src) by extension 'ignore_ament_install'
[0.423s] Level 1:colcon.colcon_core.package_identification:_identify(src) by extensions ['colcon_pkg']
[0.423s] Level 1:colcon.colcon_core.package_identification:_identify(src) by extension 'colcon_pkg'
[0.423s] Level 1:colcon.colcon_core.package_identification:_identify(src) by extensions ['colcon_meta']
[0.423s] Level 1:colcon.colcon_core.package_identification:_identify(src) by extension 'colcon_meta'
[0.423s] Level 1:colcon.colcon_core.package_identification:_identify(src) by extensions ['ros']
[0.423s] Level 1:colcon.colcon_core.package_identification:_identify(src) by extension 'ros'
[0.423s] Level 1:colcon.colcon_core.package_identification:_identify(src) by extensions ['cmake', 'python']
[0.423s] Level 1:colcon.colcon_core.package_identification:_identify(src) by extension 'cmake'
[0.423s] Level 1:colcon.colcon_core.package_identification:_identify(src) by extension 'python'
[0.423s] Level 1:colcon.colcon_core.package_identification:_identify(src) by extensions ['python_setup_py']
[0.423s] Level 1:colcon.colcon_core.package_identification:_identify(src) by extension 'python_setup_py'
[0.423s] Level 1:colcon.colcon_core.package_identification:_identify(src/my_robot_description) by extensions ['ignore', 'ignore_ament_install']
[0.423s] Level 1:colcon.colcon_core.package_identification:_identify(src/my_robot_description) by extension 'ignore'
[0.424s] Level 1:colcon.colcon_core.package_identification:_identify(src/my_robot_description) by extension 'ignore_ament_install'
[0.424s] Level 1:colcon.colcon_core.package_identification:_identify(src/my_robot_description) by extensions ['colcon_pkg']
[0.424s] Level 1:colcon.colcon_core.package_identification:_identify(src/my_robot_description) by extension 'colcon_pkg'
[0.424s] Level 1:colcon.colcon_core.package_identification:_identify(src/my_robot_description) by extensions ['colcon_meta']
[0.424s] Level 1:colcon.colcon_core.package_identification:_identify(src/my_robot_description) by extension 'colcon_meta'
[0.424s] Level 1:colcon.colcon_core.package_identification:_identify(src/my_robot_description) by extensions ['ros']
[0.424s] Level 1:colcon.colcon_core.package_identification:_identify(src/my_robot_description) by extension 'ros'
[0.427s] DEBUG:colcon.colcon_core.package_identification:Package 'src/my_robot_description' with type 'ros.ament_cmake' and name 'my_robot_description'
[0.427s] Level 1:colcon.colcon_core.package_identification:_identify(src/my_robot_navigation) by extensions ['ignore', 'ignore_ament_install']
[0.427s] Level 1:colcon.colcon_core.package_identification:_identify(src/my_robot_navigation) by extension 'ignore'
[0.427s] Level 1:colcon.colcon_core.package_identification:_identify(src/my_robot_navigation) by extension 'ignore_ament_install'
[0.427s] Level 1:colcon.colcon_core.package_identification:_identify(src/my_robot_navigation) by extensions ['colcon_pkg']
[0.427s] Level 1:colcon.colcon_core.package_identification:_identify(src/my_robot_navigation) by extension 'colcon_pkg'
[0.427s] Level 1:colcon.colcon_core.package_identification:_identify(src/my_robot_navigation) by extensions ['colcon_meta']
[0.427s] Level 1:colcon.colcon_core.package_identification:_identify(src/my_robot_navigation) by extension 'colcon_meta'
[0.427s] Level 1:colcon.colcon_core.package_identification:_identify(src/my_robot_navigation) by extensions ['ros']
[0.428s] Level 1:colcon.colcon_core.package_identification:_identify(src/my_robot_navigation) by extension 'ros'
[0.429s] DEBUG:colcon.colcon_core.package_identification:Package 'src/my_robot_navigation' with type 'ros.ament_cmake' and name 'my_robot_navigation'
[0.429s] Level 1:colcon.colcon_core.package_identification:_identify(src/my_robot_simulation) by extensions ['ignore', 'ignore_ament_install']
[0.430s] Level 1:colcon.colcon_core.package_identification:_identify(src/my_robot_simulation) by extension 'ignore'
[0.430s] Level 1:colcon.colcon_core.package_identification:_identify(src/my_robot_simulation) by extension 'ignore_ament_install'
[0.430s] Level 1:colcon.colcon_core.package_identification:_identify(src/my_robot_simulation) by extensions ['colcon_pkg']
[0.430s] Level 1:colcon.colcon_core.package_identification:_identify(src/my_robot_simulation) by extension 'colcon_pkg'
[0.430s] Level 1:colcon.colcon_core.package_identification:_identify(src/my_robot_simulation) by extensions ['colcon_meta']
[0.430s] Level 1:colcon.colcon_core.package_identification:_identify(src/my_robot_simulation) by extension 'colcon_meta'
[0.430s] Level 1:colcon.colcon_core.package_identification:_identify(src/my_robot_simulation) by extensions ['ros']
[0.430s] Level 1:colcon.colcon_core.package_identification:_identify(src/my_robot_simulation) by extension 'ros'
[0.430s] DEBUG:colcon.colcon_core.package_identification:Package 'src/my_robot_simulation' with type 'ros.ament_cmake' and name 'my_robot_simulation'
[0.430s] Level 1:colcon.colcon_core.package_discovery:discover_packages(recursive) using defaults
[0.430s] Level 1:colcon.colcon_core.package_discovery:discover_packages(ignore) discover
[0.430s] Level 1:colcon.colcon_core.package_discovery:discover_packages(ignore) using defaults
[0.431s] Level 1:colcon.colcon_core.package_discovery:discover_packages(path) discover
[0.431s] Level 1:colcon.colcon_core.package_discovery:discover_packages(path) using defaults
[0.463s] Level 1:colcon.colcon_core.package_discovery:discover_packages(prefix_path) check parameters
[0.463s] Level 1:colcon.colcon_core.package_discovery:discover_packages(prefix_path) discover
[0.466s] DEBUG:colcon.colcon_installed_package_information.package_discovery:Found 3 installed packages in /home/wb/ros_ws/install
[0.468s] DEBUG:colcon.colcon_installed_package_information.package_discovery:Found 265 installed packages in /opt/ros/humble
[0.469s] Level 1:colcon.colcon_core.package_discovery:discover_packages(prefix_path) using defaults
[0.493s] Level 5:colcon.colcon_core.verb:set package 'my_robot_description' build argument 'cmake_args' from command line to 'None'
[0.493s] Level 5:colcon.colcon_core.verb:set package 'my_robot_description' build argument 'cmake_target' from command line to 'None'
[0.494s] Level 5:colcon.colcon_core.verb:set package 'my_robot_description' build argument 'cmake_target_skip_unavailable' from command line to 'False'
[0.494s] Level 5:colcon.colcon_core.verb:set package 'my_robot_description' build argument 'cmake_clean_cache' from command line to 'False'
[0.494s] Level 5:colcon.colcon_core.verb:set package 'my_robot_description' build argument 'cmake_clean_first' from command line to 'False'
[0.494s] Level 5:colcon.colcon_core.verb:set package 'my_robot_description' build argument 'cmake_force_configure' from command line to 'False'
[0.494s] Level 5:colcon.colcon_core.verb:set package 'my_robot_description' build argument 'ament_cmake_args' from command line to 'None'
[0.494s] Level 5:colcon.colcon_core.verb:set package 'my_robot_description' build argument 'catkin_cmake_args' from command line to 'None'
[0.494s] Level 5:colcon.colcon_core.verb:set package 'my_robot_description' build argument 'catkin_skip_building_tests' from command line to 'False'
[0.494s] DEBUG:colcon.colcon_core.verb:Building package 'my_robot_description' with the following arguments: {'ament_cmake_args': None, 'build_base': '/home/wb/ros_ws/build/my_robot_description', 'catkin_cmake_args': None, 'catkin_skip_building_tests': False, 'cmake_args': None, 'cmake_clean_cache': False, 'cmake_clean_first': False, 'cmake_force_configure': False, 'cmake_target': None, 'cmake_target_skip_unavailable': False, 'install_base': '/home/wb/ros_ws/install/my_robot_description', 'merge_install': False, 'path': '/home/wb/ros_ws/src/my_robot_description', 'symlink_install': False, 'test_result_base': None}
[0.494s] Level 5:colcon.colcon_core.verb:set package 'my_robot_simulation' build argument 'cmake_args' from command line to 'None'
[0.494s] Level 5:colcon.colcon_core.verb:set package 'my_robot_simulation' build argument 'cmake_target' from command line to 'None'
[0.494s] Level 5:colcon.colcon_core.verb:set package 'my_robot_simulation' build argument 'cmake_target_skip_unavailable' from command line to 'False'
[0.494s] Level 5:colcon.colcon_core.verb:set package 'my_robot_simulation' build argument 'cmake_clean_cache' from command line to 'False'
[0.494s] Level 5:colcon.colcon_core.verb:set package 'my_robot_simulation' build argument 'cmake_clean_first' from command line to 'False'
[0.494s] Level 5:colcon.colcon_core.verb:set package 'my_robot_simulation' build argument 'cmake_force_configure' from command line to 'False'
[0.494s] Level 5:colcon.colcon_core.verb:set package 'my_robot_simulation' build argument 'ament_cmake_args' from command line to 'None'
[0.494s] Level 5:colcon.colcon_core.verb:set package 'my_robot_simulation' build argument 'catkin_cmake_args' from command line to 'None'
[0.494s] Level 5:colcon.colcon_core.verb:set package 'my_robot_simulation' build argument 'catkin_skip_building_tests' from command line to 'False'
[0.494s] DEBUG:colcon.colcon_core.verb:Building package 'my_robot_simulation' with the following arguments: {'ament_cmake_args': None, 'build_base': '/home/wb/ros_ws/build/my_robot_simulation', 'catkin_cmake_args': None, 'catkin_skip_building_tests': False, 'cmake_args': None, 'cmake_clean_cache': False, 'cmake_clean_first': False, 'cmake_force_configure': False, 'cmake_target': None, 'cmake_target_skip_unavailable': False, 'install_base': '/home/wb/ros_ws/install/my_robot_simulation', 'merge_install': False, 'path': '/home/wb/ros_ws/src/my_robot_simulation', 'symlink_install': False, 'test_result_base': None}
[0.494s] Level 5:colcon.colcon_core.verb:set package 'my_robot_navigation' build argument 'cmake_args' from command line to 'None'
[0.494s] Level 5:colcon.colcon_core.verb:set package 'my_robot_navigation' build argument 'cmake_target' from command line to 'None'
[0.494s] Level 5:colcon.colcon_core.verb:set package 'my_robot_navigation' build argument 'cmake_target_skip_unavailable' from command line to 'False'
[0.494s] Level 5:colcon.colcon_core.verb:set package 'my_robot_navigation' build argument 'cmake_clean_cache' from command line to 'False'
[0.494s] Level 5:colcon.colcon_core.verb:set package 'my_robot_navigation' build argument 'cmake_clean_first' from command line to 'False'
[0.494s] Level 5:colcon.colcon_core.verb:set package 'my_robot_navigation' build argument 'cmake_force_configure' from command line to 'False'
[0.494s] Level 5:colcon.colcon_core.verb:set package 'my_robot_navigation' build argument 'ament_cmake_args' from command line to 'None'
[0.494s] Level 5:colcon.colcon_core.verb:set package 'my_robot_navigation' build argument 'catkin_cmake_args' from command line to 'None'
[0.494s] Level 5:colcon.colcon_core.verb:set package 'my_robot_navigation' build argument 'catkin_skip_building_tests' from command line to 'False'
[0.495s] DEBUG:colcon.colcon_core.verb:Building package 'my_robot_navigation' with the following arguments: {'ament_cmake_args': None, 'build_base': '/home/wb/ros_ws/build/my_robot_navigation', 'catkin_cmake_args': None, 'catkin_skip_building_tests': False, 'cmake_args': None, 'cmake_clean_cache': False, 'cmake_clean_first': False, 'cmake_force_configure': False, 'cmake_target': None, 'cmake_target_skip_unavailable': False, 'install_base': '/home/wb/ros_ws/install/my_robot_navigation', 'merge_install': False, 'path': '/home/wb/ros_ws/src/my_robot_navigation', 'symlink_install': False, 'test_result_base': None}
[0.495s] INFO:colcon.colcon_core.executor:Executing jobs using 'parallel' executor
[0.496s] DEBUG:colcon.colcon_parallel_executor.executor.parallel:run_until_complete
[0.496s] INFO:colcon.colcon_ros.task.ament_cmake.build:Building ROS package in '/home/wb/ros_ws/src/my_robot_description' with build type 'ament_cmake'
[0.496s] INFO:colcon.colcon_cmake.task.cmake.build:Building CMake package in '/home/wb/ros_ws/src/my_robot_description'
[0.500s] INFO:colcon.colcon_core.plugin_system:Skipping extension 'colcon_core.shell.bat': Not used on non-Windows systems
[0.500s] INFO:colcon.colcon_core.shell:Skip shell extension 'powershell' for command environment: Not usable outside of PowerShell
[0.500s] DEBUG:colcon.colcon_core.shell:Skip shell extension 'dsv' for command environment
[0.504s] INFO:colcon.colcon_ros.task.ament_cmake.build:Building ROS package in '/home/wb/ros_ws/src/my_robot_simulation' with build type 'ament_cmake'
[0.504s] INFO:colcon.colcon_cmake.task.cmake.build:Building CMake package in '/home/wb/ros_ws/src/my_robot_simulation'
[0.504s] INFO:colcon.colcon_core.shell:Skip shell extension 'powershell' for command environment: Not usable outside of PowerShell
[0.504s] DEBUG:colcon.colcon_core.shell:Skip shell extension 'dsv' for command environment
[0.511s] DEBUG:colcon.colcon_core.event_handler.log_command:Invoking command in '/home/wb/ros_ws/build/my_robot_description': CMAKE_PREFIX_PATH=${CMAKE_PREFIX_PATH}:/opt/ros/humble /usr/bin/cmake --build /home/wb/ros_ws/build/my_robot_description -- -j4 -l4
[0.517s] DEBUG:colcon.colcon_core.event_handler.log_command:Invoking command in '/home/wb/ros_ws/build/my_robot_simulation': CMAKE_PREFIX_PATH=${CMAKE_PREFIX_PATH}:/opt/ros/humble /usr/bin/cmake --build /home/wb/ros_ws/build/my_robot_simulation -- -j4 -l4
[0.839s] DEBUG:colcon.colcon_core.event_handler.log_command:Invoked command in '/home/wb/ros_ws/build/my_robot_description' returned '0': CMAKE_PREFIX_PATH=${CMAKE_PREFIX_PATH}:/opt/ros/humble /usr/bin/cmake --build /home/wb/ros_ws/build/my_robot_description -- -j4 -l4
[0.848s] DEBUG:colcon.colcon_core.event_handler.log_command:Invoking command in '/home/wb/ros_ws/build/my_robot_description': CMAKE_PREFIX_PATH=${CMAKE_PREFIX_PATH}:/opt/ros/humble /usr/bin/cmake --install /home/wb/ros_ws/build/my_robot_description
[0.849s] DEBUG:colcon.colcon_core.event_handler.log_command:Invoked command in '/home/wb/ros_ws/build/my_robot_simulation' returned '0': CMAKE_PREFIX_PATH=${CMAKE_PREFIX_PATH}:/opt/ros/humble /usr/bin/cmake --build /home/wb/ros_ws/build/my_robot_simulation -- -j4 -l4
[0.851s] DEBUG:colcon.colcon_core.event_handler.log_command:Invoking command in '/home/wb/ros_ws/build/my_robot_simulation': CMAKE_PREFIX_PATH=${CMAKE_PREFIX_PATH}:/opt/ros/humble /usr/bin/cmake --install /home/wb/ros_ws/build/my_robot_simulation
[0.876s] Level 1:colcon.colcon_core.environment:create_environment_scripts_only(my_robot_simulation)
[0.876s] DEBUG:colcon.colcon_core.event_handler.log_command:Invoked command in '/home/wb/ros_ws/build/my_robot_simulation' returned '0': CMAKE_PREFIX_PATH=${CMAKE_PREFIX_PATH}:/opt/ros/humble /usr/bin/cmake --install /home/wb/ros_ws/build/my_robot_simulation
[0.882s] Level 1:colcon.colcon_core.environment:checking '/home/wb/ros_ws/install/my_robot_simulation' for CMake module files
[0.882s] Level 1:colcon.colcon_core.environment:checking '/home/wb/ros_ws/install/my_robot_simulation' for CMake config files
[0.882s] Level 1:colcon.colcon_core.shell:create_environment_hook('my_robot_simulation', 'cmake_prefix_path')
[0.883s] INFO:colcon.colcon_core.shell:Creating environment hook '/home/wb/ros_ws/install/my_robot_simulation/share/my_robot_simulation/hook/cmake_prefix_path.ps1'
[0.883s] INFO:colcon.colcon_core.shell:Creating environment descriptor '/home/wb/ros_ws/install/my_robot_simulation/share/my_robot_simulation/hook/cmake_prefix_path.dsv'
[0.884s] INFO:colcon.colcon_core.shell:Creating environment hook '/home/wb/ros_ws/install/my_robot_simulation/share/my_robot_simulation/hook/cmake_prefix_path.sh'
[0.885s] Level 1:colcon.colcon_core.environment:checking '/home/wb/ros_ws/install/my_robot_simulation/bin'
[0.885s] Level 1:colcon.colcon_core.environment:checking '/home/wb/ros_ws/install/my_robot_simulation/lib/pkgconfig/my_robot_simulation.pc'
[0.886s] Level 1:colcon.colcon_core.environment:checking '/home/wb/ros_ws/install/my_robot_simulation/lib/python3.10/site-packages'
[0.886s] Level 1:colcon.colcon_core.environment:checking '/home/wb/ros_ws/install/my_robot_simulation/bin'
[0.886s] INFO:colcon.colcon_core.shell:Creating package script '/home/wb/ros_ws/install/my_robot_simulation/share/my_robot_simulation/package.ps1'
[0.887s] INFO:colcon.colcon_core.shell:Creating package descriptor '/home/wb/ros_ws/install/my_robot_simulation/share/my_robot_simulation/package.dsv'
[0.888s] INFO:colcon.colcon_core.shell:Creating package script '/home/wb/ros_ws/install/my_robot_simulation/share/my_robot_simulation/package.sh'
[0.889s] INFO:colcon.colcon_core.shell:Creating package script '/home/wb/ros_ws/install/my_robot_simulation/share/my_robot_simulation/package.bash'
[0.890s] INFO:colcon.colcon_core.shell:Creating package script '/home/wb/ros_ws/install/my_robot_simulation/share/my_robot_simulation/package.zsh'
[0.890s] Level 1:colcon.colcon_core.environment:create_file_with_runtime_dependencies(/home/wb/ros_ws/install/my_robot_simulation/share/colcon-core/packages/my_robot_simulation)
[0.891s] Level 1:colcon.colcon_core.environment:create_environment_scripts_only(my_robot_simulation)
[0.891s] Level 1:colcon.colcon_core.environment:checking '/home/wb/ros_ws/install/my_robot_simulation' for CMake module files
[0.891s] Level 1:colcon.colcon_core.environment:checking '/home/wb/ros_ws/install/my_robot_simulation' for CMake config files
[0.892s] Level 1:colcon.colcon_core.shell:create_environment_hook('my_robot_simulation', 'cmake_prefix_path')
[0.892s] INFO:colcon.colcon_core.shell:Creating environment hook '/home/wb/ros_ws/install/my_robot_simulation/share/my_robot_simulation/hook/cmake_prefix_path.ps1'
[0.892s] INFO:colcon.colcon_core.shell:Creating environment descriptor '/home/wb/ros_ws/install/my_robot_simulation/share/my_robot_simulation/hook/cmake_prefix_path.dsv'
[0.893s] INFO:colcon.colcon_core.shell:Creating environment hook '/home/wb/ros_ws/install/my_robot_simulation/share/my_robot_simulation/hook/cmake_prefix_path.sh'
[0.893s] Level 1:colcon.colcon_core.environment:checking '/home/wb/ros_ws/install/my_robot_simulation/bin'
[0.893s] Level 1:colcon.colcon_core.environment:checking '/home/wb/ros_ws/install/my_robot_simulation/lib/pkgconfig/my_robot_simulation.pc'
[0.894s] Level 1:colcon.colcon_core.environment:checking '/home/wb/ros_ws/install/my_robot_simulation/lib/python3.10/site-packages'
[0.894s] Level 1:colcon.colcon_core.environment:checking '/home/wb/ros_ws/install/my_robot_simulation/bin'
[0.894s] INFO:colcon.colcon_core.shell:Creating package script '/home/wb/ros_ws/install/my_robot_simulation/share/my_robot_simulation/package.ps1'
[0.896s] INFO:colcon.colcon_core.shell:Creating package descriptor '/home/wb/ros_ws/install/my_robot_simulation/share/my_robot_simulation/package.dsv'
[0.897s] INFO:colcon.colcon_core.shell:Creating package script '/home/wb/ros_ws/install/my_robot_simulation/share/my_robot_simulation/package.sh'
[0.897s] INFO:colcon.colcon_core.shell:Creating package script '/home/wb/ros_ws/install/my_robot_simulation/share/my_robot_simulation/package.bash'
[0.897s] INFO:colcon.colcon_core.shell:Creating package script '/home/wb/ros_ws/install/my_robot_simulation/share/my_robot_simulation/package.zsh'
[0.898s] Level 1:colcon.colcon_core.environment:create_file_with_runtime_dependencies(/home/wb/ros_ws/install/my_robot_simulation/share/colcon-core/packages/my_robot_simulation)
[0.904s] Level 1:colcon.colcon_core.environment:create_environment_scripts_only(my_robot_description)
[0.905s] DEBUG:colcon.colcon_core.event_handler.log_command:Invoked command in '/home/wb/ros_ws/build/my_robot_description' returned '0': CMAKE_PREFIX_PATH=${CMAKE_PREFIX_PATH}:/opt/ros/humble /usr/bin/cmake --install /home/wb/ros_ws/build/my_robot_description
[0.905s] Level 1:colcon.colcon_core.environment:checking '/home/wb/ros_ws/install/my_robot_description' for CMake module files
[0.906s] Level 1:colcon.colcon_core.environment:checking '/home/wb/ros_ws/install/my_robot_description' for CMake config files
[0.906s] Level 1:colcon.colcon_core.shell:create_environment_hook('my_robot_description', 'cmake_prefix_path')
[0.906s] INFO:colcon.colcon_core.shell:Creating environment hook '/home/wb/ros_ws/install/my_robot_description/share/my_robot_description/hook/cmake_prefix_path.ps1'
[0.906s] INFO:colcon.colcon_core.shell:Creating environment descriptor '/home/wb/ros_ws/install/my_robot_description/share/my_robot_description/hook/cmake_prefix_path.dsv'
[0.907s] INFO:colcon.colcon_core.shell:Creating environment hook '/home/wb/ros_ws/install/my_robot_description/share/my_robot_description/hook/cmake_prefix_path.sh'
[0.907s] Level 1:colcon.colcon_core.environment:checking '/home/wb/ros_ws/install/my_robot_description/bin'
[0.907s] Level 1:colcon.colcon_core.environment:checking '/home/wb/ros_ws/install/my_robot_description/lib/pkgconfig/my_robot_description.pc'
[0.907s] Level 1:colcon.colcon_core.environment:checking '/home/wb/ros_ws/install/my_robot_description/lib/python3.10/site-packages'
[0.907s] Level 1:colcon.colcon_core.environment:checking '/home/wb/ros_ws/install/my_robot_description/bin'
[0.908s] INFO:colcon.colcon_core.shell:Creating package script '/home/wb/ros_ws/install/my_robot_description/share/my_robot_description/package.ps1'
[0.908s] INFO:colcon.colcon_core.shell:Creating package descriptor '/home/wb/ros_ws/install/my_robot_description/share/my_robot_description/package.dsv'
[0.908s] INFO:colcon.colcon_core.shell:Creating package script '/home/wb/ros_ws/install/my_robot_description/share/my_robot_description/package.sh'
[0.909s] INFO:colcon.colcon_core.shell:Creating package script '/home/wb/ros_ws/install/my_robot_description/share/my_robot_description/package.bash'
[0.909s] INFO:colcon.colcon_core.shell:Creating package script '/home/wb/ros_ws/install/my_robot_description/share/my_robot_description/package.zsh'
[0.910s] Level 1:colcon.colcon_core.environment:create_file_with_runtime_dependencies(/home/wb/ros_ws/install/my_robot_description/share/colcon-core/packages/my_robot_description)
[0.910s] Level 1:colcon.colcon_core.environment:create_environment_scripts_only(my_robot_description)
[0.910s] Level 1:colcon.colcon_core.environment:checking '/home/wb/ros_ws/install/my_robot_description' for CMake module files
[0.911s] Level 1:colcon.colcon_core.environment:checking '/home/wb/ros_ws/install/my_robot_description' for CMake config files
[0.911s] Level 1:colcon.colcon_core.shell:create_environment_hook('my_robot_description', 'cmake_prefix_path')
[0.911s] INFO:colcon.colcon_core.shell:Creating environment hook '/home/wb/ros_ws/install/my_robot_description/share/my_robot_description/hook/cmake_prefix_path.ps1'
[0.912s] INFO:colcon.colcon_core.shell:Creating environment descriptor '/home/wb/ros_ws/install/my_robot_description/share/my_robot_description/hook/cmake_prefix_path.dsv'
[0.912s] INFO:colcon.colcon_core.shell:Creating environment hook '/home/wb/ros_ws/install/my_robot_description/share/my_robot_description/hook/cmake_prefix_path.sh'
[0.912s] Level 1:colcon.colcon_core.environment:checking '/home/wb/ros_ws/install/my_robot_description/bin'
[0.912s] Level 1:colcon.colcon_core.environment:checking '/home/wb/ros_ws/install/my_robot_description/lib/pkgconfig/my_robot_description.pc'
[0.912s] Level 1:colcon.colcon_core.environment:checking '/home/wb/ros_ws/install/my_robot_description/lib/python3.10/site-packages'
[0.913s] Level 1:colcon.colcon_core.environment:checking '/home/wb/ros_ws/install/my_robot_description/bin'
[0.913s] INFO:colcon.colcon_core.shell:Creating package script '/home/wb/ros_ws/install/my_robot_description/share/my_robot_description/package.ps1'
[0.913s] INFO:colcon.colcon_core.shell:Creating package descriptor '/home/wb/ros_ws/install/my_robot_description/share/my_robot_description/package.dsv'
[0.914s] INFO:colcon.colcon_core.shell:Creating package script '/home/wb/ros_ws/install/my_robot_description/share/my_robot_description/package.sh'
[0.914s] INFO:colcon.colcon_core.shell:Creating package script '/home/wb/ros_ws/install/my_robot_description/share/my_robot_description/package.bash'
[0.914s] INFO:colcon.colcon_core.shell:Creating package script '/home/wb/ros_ws/install/my_robot_description/share/my_robot_description/package.zsh'
[0.915s] Level 1:colcon.colcon_core.environment:create_file_with_runtime_dependencies(/home/wb/ros_ws/install/my_robot_description/share/colcon-core/packages/my_robot_description)
[0.915s] INFO:colcon.colcon_ros.task.ament_cmake.build:Building ROS package in '/home/wb/ros_ws/src/my_robot_navigation' with build type 'ament_cmake'
[0.915s] INFO:colcon.colcon_cmake.task.cmake.build:Building CMake package in '/home/wb/ros_ws/src/my_robot_navigation'
[0.915s] INFO:colcon.colcon_core.shell:Skip shell extension 'powershell' for command environment: Not usable outside of PowerShell
[0.915s] DEBUG:colcon.colcon_core.shell:Skip shell extension 'dsv' for command environment
[0.925s] DEBUG:colcon.colcon_core.event_handler.log_command:Invoking command in '/home/wb/ros_ws/build/my_robot_navigation': CMAKE_PREFIX_PATH=/home/wb/ros_ws/install/my_robot_simulation:/home/wb/ros_ws/install/my_robot_description:/home/wb/ros_ws/install/simple_robot:/opt/ros/humble /usr/bin/cmake /home/wb/ros_ws/src/my_robot_navigation -DCMAKE_INSTALL_PREFIX=/home/wb/ros_ws/install/my_robot_navigation
[2.271s] DEBUG:colcon.colcon_core.event_handler.log_command:Invoked command in '/home/wb/ros_ws/build/my_robot_navigation' returned '0': CMAKE_PREFIX_PATH=/home/wb/ros_ws/install/my_robot_simulation:/home/wb/ros_ws/install/my_robot_description:/home/wb/ros_ws/install/simple_robot:/opt/ros/humble /usr/bin/cmake /home/wb/ros_ws/src/my_robot_navigation -DCMAKE_INSTALL_PREFIX=/home/wb/ros_ws/install/my_robot_navigation
[2.272s] DEBUG:colcon.colcon_core.event_handler.log_command:Invoking command in '/home/wb/ros_ws/build/my_robot_navigation': CMAKE_PREFIX_PATH=/home/wb/ros_ws/install/my_robot_simulation:/home/wb/ros_ws/install/my_robot_description:/home/wb/ros_ws/install/simple_robot:/opt/ros/humble /usr/bin/cmake --build /home/wb/ros_ws/build/my_robot_navigation -- -j4 -l4
[2.305s] DEBUG:colcon.colcon_core.event_handler.log_command:Invoked command in '/home/wb/ros_ws/build/my_robot_navigation' returned '0': CMAKE_PREFIX_PATH=/home/wb/ros_ws/install/my_robot_simulation:/home/wb/ros_ws/install/my_robot_description:/home/wb/ros_ws/install/simple_robot:/opt/ros/humble /usr/bin/cmake --build /home/wb/ros_ws/build/my_robot_navigation -- -j4 -l4
[2.306s] DEBUG:colcon.colcon_core.event_handler.log_command:Invoking command in '/home/wb/ros_ws/build/my_robot_navigation': CMAKE_PREFIX_PATH=/home/wb/ros_ws/install/my_robot_simulation:/home/wb/ros_ws/install/my_robot_description:/home/wb/ros_ws/install/simple_robot:/opt/ros/humble /usr/bin/cmake --install /home/wb/ros_ws/build/my_robot_navigation
[2.317s] Level 1:colcon.colcon_core.environment:create_environment_scripts_only(my_robot_navigation)
[2.317s] Level 1:colcon.colcon_core.environment:checking '/home/wb/ros_ws/install/my_robot_navigation' for CMake module files
[2.317s] DEBUG:colcon.colcon_core.event_handler.log_command:Invoked command in '/home/wb/ros_ws/build/my_robot_navigation' returned '0': CMAKE_PREFIX_PATH=/home/wb/ros_ws/install/my_robot_simulation:/home/wb/ros_ws/install/my_robot_description:/home/wb/ros_ws/install/simple_robot:/opt/ros/humble /usr/bin/cmake --install /home/wb/ros_ws/build/my_robot_navigation
[2.318s] Level 1:colcon.colcon_core.environment:checking '/home/wb/ros_ws/install/my_robot_navigation' for CMake config files
[2.318s] Level 1:colcon.colcon_core.shell:create_environment_hook('my_robot_navigation', 'cmake_prefix_path')
[2.318s] INFO:colcon.colcon_core.shell:Creating environment hook '/home/wb/ros_ws/install/my_robot_navigation/share/my_robot_navigation/hook/cmake_prefix_path.ps1'
[2.319s] INFO:colcon.colcon_core.shell:Creating environment descriptor '/home/wb/ros_ws/install/my_robot_navigation/share/my_robot_navigation/hook/cmake_prefix_path.dsv'
[2.319s] INFO:colcon.colcon_core.shell:Creating environment hook '/home/wb/ros_ws/install/my_robot_navigation/share/my_robot_navigation/hook/cmake_prefix_path.sh'
[2.319s] Level 1:colcon.colcon_core.environment:checking '/home/wb/ros_ws/install/my_robot_navigation/bin'
[2.319s] Level 1:colcon.colcon_core.environment:checking '/home/wb/ros_ws/install/my_robot_navigation/lib/pkgconfig/my_robot_navigation.pc'
[2.320s] Level 1:colcon.colcon_core.environment:checking '/home/wb/ros_ws/install/my_robot_navigation/lib/python3.10/site-packages'
[2.320s] Level 1:colcon.colcon_core.environment:checking '/home/wb/ros_ws/install/my_robot_navigation/bin'
[2.320s] INFO:colcon.colcon_core.shell:Creating package script '/home/wb/ros_ws/install/my_robot_navigation/share/my_robot_navigation/package.ps1'
[2.320s] INFO:colcon.colcon_core.shell:Creating package descriptor '/home/wb/ros_ws/install/my_robot_navigation/share/my_robot_navigation/package.dsv'
[2.321s] INFO:colcon.colcon_core.shell:Creating package script '/home/wb/ros_ws/install/my_robot_navigation/share/my_robot_navigation/package.sh'
[2.321s] INFO:colcon.colcon_core.shell:Creating package script '/home/wb/ros_ws/install/my_robot_navigation/share/my_robot_navigation/package.bash'
[2.321s] INFO:colcon.colcon_core.shell:Creating package script '/home/wb/ros_ws/install/my_robot_navigation/share/my_robot_navigation/package.zsh'
[2.321s] Level 1:colcon.colcon_core.environment:create_file_with_runtime_dependencies(/home/wb/ros_ws/install/my_robot_navigation/share/colcon-core/packages/my_robot_navigation)
[2.322s] Level 1:colcon.colcon_core.environment:create_environment_scripts_only(my_robot_navigation)
[2.322s] Level 1:colcon.colcon_core.environment:checking '/home/wb/ros_ws/install/my_robot_navigation' for CMake module files
[2.322s] Level 1:colcon.colcon_core.environment:checking '/home/wb/ros_ws/install/my_robot_navigation' for CMake config files
[2.323s] Level 1:colcon.colcon_core.shell:create_environment_hook('my_robot_navigation', 'cmake_prefix_path')
[2.323s] INFO:colcon.colcon_core.shell:Creating environment hook '/home/wb/ros_ws/install/my_robot_navigation/share/my_robot_navigation/hook/cmake_prefix_path.ps1'
[2.323s] INFO:colcon.colcon_core.shell:Creating environment descriptor '/home/wb/ros_ws/install/my_robot_navigation/share/my_robot_navigation/hook/cmake_prefix_path.dsv'
[2.323s] INFO:colcon.colcon_core.shell:Creating environment hook '/home/wb/ros_ws/install/my_robot_navigation/share/my_robot_navigation/hook/cmake_prefix_path.sh'
[2.324s] Level 1:colcon.colcon_core.environment:checking '/home/wb/ros_ws/install/my_robot_navigation/bin'
[2.324s] Level 1:colcon.colcon_core.environment:checking '/home/wb/ros_ws/install/my_robot_navigation/lib/pkgconfig/my_robot_navigation.pc'
[2.324s] Level 1:colcon.colcon_core.environment:checking '/home/wb/ros_ws/install/my_robot_navigation/lib/python3.10/site-packages'
[2.324s] Level 1:colcon.colcon_core.environment:checking '/home/wb/ros_ws/install/my_robot_navigation/bin'
[2.324s] INFO:colcon.colcon_core.shell:Creating package script '/home/wb/ros_ws/install/my_robot_navigation/share/my_robot_navigation/package.ps1'
[2.325s] INFO:colcon.colcon_core.shell:Creating package descriptor '/home/wb/ros_ws/install/my_robot_navigation/share/my_robot_navigation/package.dsv'
[2.325s] INFO:colcon.colcon_core.shell:Creating package script '/home/wb/ros_ws/install/my_robot_navigation/share/my_robot_navigation/package.sh'
[2.326s] INFO:colcon.colcon_core.shell:Creating package script '/home/wb/ros_ws/install/my_robot_navigation/share/my_robot_navigation/package.bash'
[2.326s] INFO:colcon.colcon_core.shell:Creating package script '/home/wb/ros_ws/install/my_robot_navigation/share/my_robot_navigation/package.zsh'
[2.326s] Level 1:colcon.colcon_core.environment:create_file_with_runtime_dependencies(/home/wb/ros_ws/install/my_robot_navigation/share/colcon-core/packages/my_robot_navigation)
[2.327s] DEBUG:colcon.colcon_parallel_executor.executor.parallel:closing loop
[2.328s] DEBUG:colcon.colcon_parallel_executor.executor.parallel:loop closed
[2.328s] DEBUG:colcon.colcon_parallel_executor.executor.parallel:run_until_complete finished with '0'
[2.328s] DEBUG:colcon.colcon_core.event_reactor:joining thread
[2.335s] INFO:colcon.colcon_core.plugin_system:Skipping extension 'colcon_notification.desktop_notification.terminal_notifier': Not used on non-Darwin systems
[2.335s] INFO:colcon.colcon_core.plugin_system:Skipping extension 'colcon_notification.desktop_notification.win32': Not used on non-Windows systems
[2.335s] INFO:colcon.colcon_notification.desktop_notification:Sending desktop notification using 'notify2'
[2.351s] DEBUG:colcon.colcon_core.event_reactor:joined thread
[2.351s] INFO:colcon.colcon_core.shell:Creating prefix script '/home/wb/ros_ws/install/local_setup.ps1'
[2.353s] INFO:colcon.colcon_core.shell:Creating prefix util module '/home/wb/ros_ws/install/_local_setup_util_ps1.py'
[2.354s] INFO:colcon.colcon_core.shell:Creating prefix chain script '/home/wb/ros_ws/install/setup.ps1'
[2.355s] INFO:colcon.colcon_core.shell:Creating prefix script '/home/wb/ros_ws/install/local_setup.sh'
[2.356s] INFO:colcon.colcon_core.shell:Creating prefix util module '/home/wb/ros_ws/install/_local_setup_util_sh.py'
[2.357s] INFO:colcon.colcon_core.shell:Creating prefix chain script '/home/wb/ros_ws/install/setup.sh'
[2.358s] INFO:colcon.colcon_core.shell:Creating prefix script '/home/wb/ros_ws/install/local_setup.bash'
[2.359s] INFO:colcon.colcon_core.shell:Creating prefix chain script '/home/wb/ros_ws/install/setup.bash'
[2.360s] INFO:colcon.colcon_core.shell:Creating prefix script '/home/wb/ros_ws/install/local_setup.zsh'
[2.361s] INFO:colcon.colcon_core.shell:Creating prefix chain script '/home/wb/ros_ws/install/setup.zsh'
