[0.033s] Invoking command in '/home/wb/ros_ws/build/nav2_common': CMAKE_PREFIX_PATH=${CMAKE_PREFIX_PATH}:/home/wb/ros_ws/install/nav2_simple_commander:/home/wb/ros_ws/install/my_robot_vision:/opt/ros/humble /usr/bin/cmake --build /home/wb/ros_ws/build/nav2_common -- -j4 -l4
[0.143s] Built target ament_cmake_python_symlink_nav2_common
[0.405s] running egg_info
[0.406s] writing nav2_common.egg-info/PKG-INFO
[0.406s] writing dependency_links to nav2_common.egg-info/dependency_links.txt
[0.406s] writing top-level names to nav2_common.egg-info/top_level.txt
[0.408s] reading manifest file 'nav2_common.egg-info/SOURCES.txt'
[0.409s] writing manifest file 'nav2_common.egg-info/SOURCES.txt'
[0.434s] Built target ament_cmake_python_build_nav2_common_egg
[0.449s] Invoked command in '/home/wb/ros_ws/build/nav2_common' returned '0': CMAKE_PREFIX_PATH=${CMAKE_PREFIX_PATH}:/home/wb/ros_ws/install/nav2_simple_commander:/home/wb/ros_ws/install/my_robot_vision:/opt/ros/humble /usr/bin/cmake --build /home/wb/ros_ws/build/nav2_common -- -j4 -l4
[0.450s] Invoking command in '/home/wb/ros_ws/build/nav2_common': CMAKE_PREFIX_PATH=${CMAKE_PREFIX_PATH}:/home/wb/ros_ws/install/nav2_simple_commander:/home/wb/ros_ws/install/my_robot_vision:/opt/ros/humble /usr/bin/cmake --install /home/wb/ros_ws/build/nav2_common
[0.458s] -- Install configuration: ""
[0.463s] -- Execute custom install script
[0.463s] -- Up-to-date symlink: /home/wb/ros_ws/install/nav2_common/share/nav2_common/environment/pythonpath.sh
[0.464s] -- Up-to-date symlink: /home/wb/ros_ws/install/nav2_common/share/nav2_common/environment/pythonpath.dsv
[0.464s] -- Up-to-date symlink: /home/wb/ros_ws/install/nav2_common/local/lib/python3.10/dist-packages/nav2_common-1.1.18-py3.10.egg-info/PKG-INFO
[0.464s] -- Up-to-date symlink: /home/wb/ros_ws/install/nav2_common/local/lib/python3.10/dist-packages/nav2_common-1.1.18-py3.10.egg-info/SOURCES.txt
[0.465s] -- Up-to-date symlink: /home/wb/ros_ws/install/nav2_common/local/lib/python3.10/dist-packages/nav2_common-1.1.18-py3.10.egg-info/dependency_links.txt
[0.465s] -- Up-to-date symlink: /home/wb/ros_ws/install/nav2_common/local/lib/python3.10/dist-packages/nav2_common-1.1.18-py3.10.egg-info/top_level.txt
[0.465s] -- Up-to-date symlink: /home/wb/ros_ws/install/nav2_common/local/lib/python3.10/dist-packages/nav2_common/__init__.py
[0.465s] -- Up-to-date symlink: /home/wb/ros_ws/install/nav2_common/local/lib/python3.10/dist-packages/nav2_common/launch/__init__.py
[0.465s] -- Up-to-date symlink: /home/wb/ros_ws/install/nav2_common/local/lib/python3.10/dist-packages/nav2_common/launch/has_node_params.py
[0.465s] -- Up-to-date symlink: /home/wb/ros_ws/install/nav2_common/local/lib/python3.10/dist-packages/nav2_common/launch/parse_multirobot_pose.py
[0.465s] -- Up-to-date symlink: /home/wb/ros_ws/install/nav2_common/local/lib/python3.10/dist-packages/nav2_common/launch/replace_string.py
[0.465s] -- Up-to-date symlink: /home/wb/ros_ws/install/nav2_common/local/lib/python3.10/dist-packages/nav2_common/launch/rewritten_yaml.py
[0.466s] -- Up-to-date symlink: /home/wb/ros_ws/install/nav2_common/share/ament_index/resource_index/package_run_dependencies/nav2_common
[0.466s] -- Up-to-date symlink: /home/wb/ros_ws/install/nav2_common/share/ament_index/resource_index/parent_prefix_path/nav2_common
[0.466s] -- Up-to-date symlink: /home/wb/ros_ws/install/nav2_common/share/nav2_common/environment/ament_prefix_path.sh
[0.466s] -- Up-to-date symlink: /home/wb/ros_ws/install/nav2_common/share/nav2_common/environment/ament_prefix_path.dsv
[0.466s] -- Up-to-date symlink: /home/wb/ros_ws/install/nav2_common/share/nav2_common/environment/path.sh
[0.466s] -- Up-to-date symlink: /home/wb/ros_ws/install/nav2_common/share/nav2_common/environment/path.dsv
[0.466s] -- Up-to-date symlink: /home/wb/ros_ws/install/nav2_common/share/nav2_common/local_setup.bash
[0.466s] -- Up-to-date symlink: /home/wb/ros_ws/install/nav2_common/share/nav2_common/local_setup.sh
[0.466s] -- Up-to-date symlink: /home/wb/ros_ws/install/nav2_common/share/nav2_common/local_setup.zsh
[0.466s] -- Up-to-date symlink: /home/wb/ros_ws/install/nav2_common/share/nav2_common/local_setup.dsv
[0.466s] -- Symlinking: /home/wb/ros_ws/install/nav2_common/share/nav2_common/package.dsv
[0.482s] -- Up-to-date symlink: /home/wb/ros_ws/install/nav2_common/share/ament_index/resource_index/packages/nav2_common
[0.482s] -- Up-to-date symlink: /home/wb/ros_ws/install/nav2_common/share/nav2_common/cmake/nav2_common-extras.cmake
[0.482s] -- Up-to-date symlink: /home/wb/ros_ws/install/nav2_common/share/nav2_common/cmake/nav2_commonConfig.cmake
[0.483s] -- Up-to-date symlink: /home/wb/ros_ws/install/nav2_common/share/nav2_common/cmake/nav2_commonConfig-version.cmake
[0.483s] -- Up-to-date symlink: /home/wb/ros_ws/install/nav2_common/share/nav2_common/package.xml
[0.486s] -- Up-to-date symlink: /home/wb/ros_ws/install/nav2_common/share/nav2_common/cmake/nav2_package.cmake
[0.512s] Listing '/home/wb/ros_ws/install/nav2_common/local/lib/python3.10/dist-packages/nav2_common'...
[0.513s] Listing '/home/wb/ros_ws/install/nav2_common/local/lib/python3.10/dist-packages/nav2_common/launch'...
[0.534s] Invoked command in '/home/wb/ros_ws/build/nav2_common' returned '0': CMAKE_PREFIX_PATH=${CMAKE_PREFIX_PATH}:/home/wb/ros_ws/install/nav2_simple_commander:/home/wb/ros_ws/install/my_robot_vision:/opt/ros/humble /usr/bin/cmake --install /home/wb/ros_ws/build/nav2_common
