[0.516s] Invoking command in '/home/wb/ros_ws/src/orb_slam3_ai': PYTHONPATH=/home/wb/ros_ws/build/orb_slam3_ai/prefix_override:/usr/lib/python3/dist-packages/colcon_core/task/python/colcon_distutils_commands:/home/wb/ros_ws/install/orb_slam3_ai/lib/python3.10/site-packages:${PYTHONPATH} /usr/bin/python3 -W ignore:setup.py install is deprecated -W ignore:easy_install command is deprecated setup.py egg_info --egg-base ../../build/orb_slam3_ai build --build-base /home/wb/ros_ws/build/orb_slam3_ai/build install --record /home/wb/ros_ws/build/orb_slam3_ai/install.log --single-version-externally-managed install_data
[0.683s] running egg_info
[0.685s] writing ../../build/orb_slam3_ai/orb_slam3_ai.egg-info/PKG-INFO
[0.685s] writing dependency_links to ../../build/orb_slam3_ai/orb_slam3_ai.egg-info/dependency_links.txt
[0.685s] writing entry points to ../../build/orb_slam3_ai/orb_slam3_ai.egg-info/entry_points.txt
[0.685s] writing requirements to ../../build/orb_slam3_ai/orb_slam3_ai.egg-info/requires.txt
[0.685s] writing top-level names to ../../build/orb_slam3_ai/orb_slam3_ai.egg-info/top_level.txt
[0.685s] reading manifest file '../../build/orb_slam3_ai/orb_slam3_ai.egg-info/SOURCES.txt'
[0.687s] writing manifest file '../../build/orb_slam3_ai/orb_slam3_ai.egg-info/SOURCES.txt'
[0.687s] running build
[0.687s] running build_py
[0.687s] copying orb_slam3_ai/orb_slam3_ai_node.py -> /home/wb/ros_ws/build/orb_slam3_ai/build/lib/orb_slam3_ai
[0.687s] copying orb_slam3_ai/slam_ai_optimizer.py -> /home/wb/ros_ws/build/orb_slam3_ai/build/lib/orb_slam3_ai
[0.687s] running install
[0.688s] running install_lib
[0.688s] copying /home/wb/ros_ws/build/orb_slam3_ai/build/lib/orb_slam3_ai/orb_slam3_ai_node.py -> /home/wb/ros_ws/install/orb_slam3_ai/lib/python3.10/site-packages/orb_slam3_ai
[0.688s] copying /home/wb/ros_ws/build/orb_slam3_ai/build/lib/orb_slam3_ai/slam_ai_optimizer.py -> /home/wb/ros_ws/install/orb_slam3_ai/lib/python3.10/site-packages/orb_slam3_ai
[0.689s] byte-compiling /home/wb/ros_ws/install/orb_slam3_ai/lib/python3.10/site-packages/orb_slam3_ai/orb_slam3_ai_node.py to orb_slam3_ai_node.cpython-310.pyc
[0.691s] byte-compiling /home/wb/ros_ws/install/orb_slam3_ai/lib/python3.10/site-packages/orb_slam3_ai/slam_ai_optimizer.py to slam_ai_optimizer.cpython-310.pyc
[0.693s] running install_data
[0.693s] running install_egg_info
[0.695s] removing '/home/wb/ros_ws/install/orb_slam3_ai/lib/python3.10/site-packages/orb_slam3_ai-1.0.0-py3.10.egg-info' (and everything under it)
[0.695s] Copying ../../build/orb_slam3_ai/orb_slam3_ai.egg-info to /home/wb/ros_ws/install/orb_slam3_ai/lib/python3.10/site-packages/orb_slam3_ai-1.0.0-py3.10.egg-info
[0.696s] running install_scripts
[0.710s] Installing orb_slam3_ai_node script to /home/wb/ros_ws/install/orb_slam3_ai/lib/orb_slam3_ai
[0.710s] writing list of installed files to '/home/wb/ros_ws/build/orb_slam3_ai/install.log'
[0.724s] Invoked command in '/home/wb/ros_ws/src/orb_slam3_ai' returned '0': PYTHONPATH=/home/wb/ros_ws/build/orb_slam3_ai/prefix_override:/usr/lib/python3/dist-packages/colcon_core/task/python/colcon_distutils_commands:/home/wb/ros_ws/install/orb_slam3_ai/lib/python3.10/site-packages:${PYTHONPATH} /usr/bin/python3 -W ignore:setup.py install is deprecated -W ignore:easy_install command is deprecated setup.py egg_info --egg-base ../../build/orb_slam3_ai build --build-base /home/wb/ros_ws/build/orb_slam3_ai/build install --record /home/wb/ros_ws/build/orb_slam3_ai/install.log --single-version-externally-managed install_data
