[0.035s] Invoking command in '/home/wb/ros_ws/build/dwb_critics': AMENT_PREFIX_PATH=/home/wb/ros_ws/install/dwb_core:/home/wb/ros_ws/install/nav2_core:/home/wb/ros_ws/install/costmap_queue:/home/wb/ros_ws/install/nav2_costmap_2d:/home/wb/ros_ws/install/nav_2d_utils:/home/wb/ros_ws/install/nav2_map_server:/home/wb/ros_ws/install/nav2_lifecycle_manager:/home/wb/ros_ws/install/nav2_util:/home/wb/ros_ws/install/nav2_voxel_grid:/home/wb/ros_ws/install/nav2_msgs:/home/wb/ros_ws/install/dwb_msgs:/home/wb/ros_ws/install/nav_2d_msgs:/home/wb/ros_ws/install/nav2_common:${AMENT_PREFIX_PATH} CMAKE_PREFIX_PATH=/home/wb/ros_ws/install/dwb_core:/home/wb/ros_ws/install/nav2_core:/home/wb/ros_ws/install/costmap_queue:/home/wb/ros_ws/install/nav2_costmap_2d:/home/wb/ros_ws/install/nav_2d_utils:/home/wb/ros_ws/install/nav2_map_server:/home/wb/ros_ws/install/nav2_lifecycle_manager:/home/wb/ros_ws/install/nav2_util:/home/wb/ros_ws/install/nav2_voxel_grid:/home/wb/ros_ws/install/nav2_msgs:/home/wb/ros_ws/install/dwb_msgs:/home/wb/ros_ws/install/nav_2d_msgs:/home/wb/ros_ws/install/nav2_common:/home/wb/ros_ws/install/simple_robot:/home/wb/ros_ws/install/my_robot_navigation:/home/wb/ros_ws/install/my_robot_simulation:/home/wb/ros_ws/install/my_robot_description:/opt/ros/humble LD_LIBRARY_PATH=/home/wb/ros_ws/install/dwb_core/lib:/home/wb/ros_ws/install/costmap_queue/lib:/home/wb/ros_ws/install/nav2_costmap_2d/lib:/home/wb/ros_ws/install/nav_2d_utils/lib:/home/wb/ros_ws/install/nav2_map_server/lib:/home/wb/ros_ws/install/nav2_lifecycle_manager/lib:/home/wb/ros_ws/install/nav2_util/lib:/home/wb/ros_ws/install/nav2_voxel_grid/lib:/home/wb/ros_ws/install/nav2_msgs/lib:/home/wb/ros_ws/install/dwb_msgs/lib:/home/wb/ros_ws/install/nav_2d_msgs/lib:${LD_LIBRARY_PATH} PYTHONPATH=/home/wb/ros_ws/install/nav2_msgs/local/lib/python3.10/dist-packages:/home/wb/ros_ws/install/dwb_msgs/local/lib/python3.10/dist-packages:/home/wb/ros_ws/install/nav_2d_msgs/local/lib/python3.10/dist-packages:/home/wb/ros_ws/install/nav2_common/local/lib/python3.10/dist-packages:${PYTHONPATH} /usr/bin/cmake /home/wb/ros_ws/src/navigation2/nav2_dwb_controller/dwb_critics -DCMAKE_INSTALL_PREFIX=/home/wb/ros_ws/install/dwb_critics
[0.091s] -- The C compiler identification is GNU 11.4.0
[0.145s] -- The CXX compiler identification is GNU 11.4.0
[0.152s] -- Detecting C compiler ABI info
[0.228s] -- Detecting C compiler ABI info - done
[0.233s] -- Check for working C compiler: /usr/bin/cc - skipped
[0.234s] -- Detecting C compile features
[0.234s] -- Detecting C compile features - done
[0.237s] -- Detecting CXX compiler ABI info
[0.325s] -- Detecting CXX compiler ABI info - done
[0.329s] -- Check for working CXX compiler: /usr/bin/c++ - skipped
[0.330s] -- Detecting CXX compile features
[0.331s] -- Detecting CXX compile features - done
[0.336s] -- Found ament_cmake: 1.3.11 (/opt/ros/humble/share/ament_cmake/cmake)
[0.469s] -- Found Python3: /usr/bin/python3 (found version "3.10.12") found components: Interpreter 
[0.573s] -- Found nav2_common: 1.1.18 (/home/wb/ros_ws/install/nav2_common/share/nav2_common/cmake)
[0.576s] -- Found angles: 1.15.0 (/opt/ros/humble/share/angles/cmake)
[0.579s] -- Found nav2_costmap_2d: 1.1.18 (/home/wb/ros_ws/install/nav2_costmap_2d/share/nav2_costmap_2d/cmake)
[0.634s] -- Found rosidl_generator_c: 3.1.6 (/opt/ros/humble/share/rosidl_generator_c/cmake)
[0.642s] -- Found rosidl_adapter: 3.1.6 (/opt/ros/humble/share/rosidl_adapter/cmake)
[0.651s] -- Found rosidl_generator_cpp: 3.1.6 (/opt/ros/humble/share/rosidl_generator_cpp/cmake)
[0.664s] -- Using all available rosidl_typesupport_c: rosidl_typesupport_fastrtps_c;rosidl_typesupport_introspection_c
[0.681s] -- Using all available rosidl_typesupport_cpp: rosidl_typesupport_fastrtps_cpp;rosidl_typesupport_introspection_cpp
[0.772s] -- Found rmw_implementation_cmake: 6.1.2 (/opt/ros/humble/share/rmw_implementation_cmake/cmake)
[0.775s] -- Found rmw_fastrtps_cpp: 6.2.7 (/opt/ros/humble/share/rmw_fastrtps_cpp/cmake)
[0.866s] -- Found OpenSSL: /usr/lib/x86_64-linux-gnu/libcrypto.so (found version "3.0.2")  
[0.888s] -- Found FastRTPS: /opt/ros/humble/include  
[0.925s] -- Using RMW implementation 'rmw_fastrtps_cpp' as default
[0.939s] -- Looking for pthread.h
[1.015s] -- Looking for pthread.h - found
[1.016s] -- Performing Test CMAKE_HAVE_LIBC_PTHREAD
[1.096s] -- Performing Test CMAKE_HAVE_LIBC_PTHREAD - Success
[1.097s] -- Found Threads: TRUE  
[1.303s] -- Found Eigen3: TRUE (found version "3.4.0") 
[1.303s] -- Ensuring Eigen3 include directory is part of orocos-kdl CMake target
[1.404s] -- Found costmap_queue: 1.1.18 (/home/wb/ros_ws/install/costmap_queue/share/costmap_queue/cmake)
[1.406s] -- Found dwb_core: 1.1.18 (/home/wb/ros_ws/install/dwb_core/share/dwb_core/cmake)
[1.473s] -- Setting build type to Release as none was specified.
[1.861s] -- Found ament_lint_auto: 0.12.12 (/opt/ros/humble/share/ament_lint_auto/cmake)
[1.961s] -- Found gtest sources under '/opt/ros/humble/src/gtest_vendor': C++ tests using 'Google Test' will be built
[1.977s] -- Added test 'cppcheck' to perform static code analysis on C / C++ code
[1.977s] -- Configured cppcheck include dirs: /home/wb/ros_ws/src/navigation2/nav2_dwb_controller/dwb_critics/include
[1.978s] -- Configured cppcheck exclude dirs and/or files: 
[1.980s] -- Added test 'cpplint' to check C / C++ code against the Google style
[1.980s] -- Configured cpplint exclude dirs and/or files: 
[1.982s] -- Added test 'lint_cmake' to check CMake code style
[1.985s] -- Added test 'uncrustify' to check C / C++ code style
[1.985s] -- Configured uncrustify additional arguments: 
[1.986s] -- Added test 'xmllint' to check XML markup files
[1.991s] -- Configuring done
[2.350s] -- Generating done
[2.384s] -- Build files have been written to: /home/wb/ros_ws/build/dwb_critics
[2.399s] Invoked command in '/home/wb/ros_ws/build/dwb_critics' returned '0': AMENT_PREFIX_PATH=/home/wb/ros_ws/install/dwb_core:/home/wb/ros_ws/install/nav2_core:/home/wb/ros_ws/install/costmap_queue:/home/wb/ros_ws/install/nav2_costmap_2d:/home/wb/ros_ws/install/nav_2d_utils:/home/wb/ros_ws/install/nav2_map_server:/home/wb/ros_ws/install/nav2_lifecycle_manager:/home/wb/ros_ws/install/nav2_util:/home/wb/ros_ws/install/nav2_voxel_grid:/home/wb/ros_ws/install/nav2_msgs:/home/wb/ros_ws/install/dwb_msgs:/home/wb/ros_ws/install/nav_2d_msgs:/home/wb/ros_ws/install/nav2_common:${AMENT_PREFIX_PATH} CMAKE_PREFIX_PATH=/home/wb/ros_ws/install/dwb_core:/home/wb/ros_ws/install/nav2_core:/home/wb/ros_ws/install/costmap_queue:/home/wb/ros_ws/install/nav2_costmap_2d:/home/wb/ros_ws/install/nav_2d_utils:/home/wb/ros_ws/install/nav2_map_server:/home/wb/ros_ws/install/nav2_lifecycle_manager:/home/wb/ros_ws/install/nav2_util:/home/wb/ros_ws/install/nav2_voxel_grid:/home/wb/ros_ws/install/nav2_msgs:/home/wb/ros_ws/install/dwb_msgs:/home/wb/ros_ws/install/nav_2d_msgs:/home/wb/ros_ws/install/nav2_common:/home/wb/ros_ws/install/simple_robot:/home/wb/ros_ws/install/my_robot_navigation:/home/wb/ros_ws/install/my_robot_simulation:/home/wb/ros_ws/install/my_robot_description:/opt/ros/humble LD_LIBRARY_PATH=/home/wb/ros_ws/install/dwb_core/lib:/home/wb/ros_ws/install/costmap_queue/lib:/home/wb/ros_ws/install/nav2_costmap_2d/lib:/home/wb/ros_ws/install/nav_2d_utils/lib:/home/wb/ros_ws/install/nav2_map_server/lib:/home/wb/ros_ws/install/nav2_lifecycle_manager/lib:/home/wb/ros_ws/install/nav2_util/lib:/home/wb/ros_ws/install/nav2_voxel_grid/lib:/home/wb/ros_ws/install/nav2_msgs/lib:/home/wb/ros_ws/install/dwb_msgs/lib:/home/wb/ros_ws/install/nav_2d_msgs/lib:${LD_LIBRARY_PATH} PYTHONPATH=/home/wb/ros_ws/install/nav2_msgs/local/lib/python3.10/dist-packages:/home/wb/ros_ws/install/dwb_msgs/local/lib/python3.10/dist-packages:/home/wb/ros_ws/install/nav_2d_msgs/local/lib/python3.10/dist-packages:/home/wb/ros_ws/install/nav2_common/local/lib/python3.10/dist-packages:${PYTHONPATH} /usr/bin/cmake /home/wb/ros_ws/src/navigation2/nav2_dwb_controller/dwb_critics -DCMAKE_INSTALL_PREFIX=/home/wb/ros_ws/install/dwb_critics
[2.402s] Invoking command in '/home/wb/ros_ws/build/dwb_critics': AMENT_PREFIX_PATH=/home/wb/ros_ws/install/dwb_core:/home/wb/ros_ws/install/nav2_core:/home/wb/ros_ws/install/costmap_queue:/home/wb/ros_ws/install/nav2_costmap_2d:/home/wb/ros_ws/install/nav_2d_utils:/home/wb/ros_ws/install/nav2_map_server:/home/wb/ros_ws/install/nav2_lifecycle_manager:/home/wb/ros_ws/install/nav2_util:/home/wb/ros_ws/install/nav2_voxel_grid:/home/wb/ros_ws/install/nav2_msgs:/home/wb/ros_ws/install/dwb_msgs:/home/wb/ros_ws/install/nav_2d_msgs:/home/wb/ros_ws/install/nav2_common:${AMENT_PREFIX_PATH} CMAKE_PREFIX_PATH=/home/wb/ros_ws/install/dwb_core:/home/wb/ros_ws/install/nav2_core:/home/wb/ros_ws/install/costmap_queue:/home/wb/ros_ws/install/nav2_costmap_2d:/home/wb/ros_ws/install/nav_2d_utils:/home/wb/ros_ws/install/nav2_map_server:/home/wb/ros_ws/install/nav2_lifecycle_manager:/home/wb/ros_ws/install/nav2_util:/home/wb/ros_ws/install/nav2_voxel_grid:/home/wb/ros_ws/install/nav2_msgs:/home/wb/ros_ws/install/dwb_msgs:/home/wb/ros_ws/install/nav_2d_msgs:/home/wb/ros_ws/install/nav2_common:/home/wb/ros_ws/install/simple_robot:/home/wb/ros_ws/install/my_robot_navigation:/home/wb/ros_ws/install/my_robot_simulation:/home/wb/ros_ws/install/my_robot_description:/opt/ros/humble LD_LIBRARY_PATH=/home/wb/ros_ws/install/dwb_core/lib:/home/wb/ros_ws/install/costmap_queue/lib:/home/wb/ros_ws/install/nav2_costmap_2d/lib:/home/wb/ros_ws/install/nav_2d_utils/lib:/home/wb/ros_ws/install/nav2_map_server/lib:/home/wb/ros_ws/install/nav2_lifecycle_manager/lib:/home/wb/ros_ws/install/nav2_util/lib:/home/wb/ros_ws/install/nav2_voxel_grid/lib:/home/wb/ros_ws/install/nav2_msgs/lib:/home/wb/ros_ws/install/dwb_msgs/lib:/home/wb/ros_ws/install/nav_2d_msgs/lib:${LD_LIBRARY_PATH} PYTHONPATH=/home/wb/ros_ws/install/nav2_msgs/local/lib/python3.10/dist-packages:/home/wb/ros_ws/install/dwb_msgs/local/lib/python3.10/dist-packages:/home/wb/ros_ws/install/nav_2d_msgs/local/lib/python3.10/dist-packages:/home/wb/ros_ws/install/nav2_common/local/lib/python3.10/dist-packages:${PYTHONPATH} /usr/bin/cmake --build /home/wb/ros_ws/build/dwb_critics -- -j4 -l4
[2.464s] [  3%] [32mBuilding CXX object CMakeFiles/dwb_critics.dir/src/alignment_util.cpp.o[0m
[3.052s] [  7%] [32mBuilding CXX object CMakeFiles/dwb_critics.dir/src/map_grid.cpp.o[0m
[8.731s] [ 11%] [32mBuilding CXX object CMakeFiles/dwb_critics.dir/src/goal_dist.cpp.o[0m
[13.487s] [ 14%] [32mBuilding CXX object CMakeFiles/dwb_critics.dir/src/path_dist.cpp.o[0m
[18.231s] [ 18%] [32mBuilding CXX object CMakeFiles/dwb_critics.dir/src/goal_align.cpp.o[0m
[22.982s] [ 22%] [32mBuilding CXX object CMakeFiles/dwb_critics.dir/src/path_align.cpp.o[0m
[27.429s] [ 25%] [32mBuilding CXX object CMakeFiles/dwb_critics.dir/src/base_obstacle.cpp.o[0m
[31.990s] [ 29%] [32mBuilding CXX object CMakeFiles/dwb_critics.dir/src/obstacle_footprint.cpp.o[0m
[36.745s] [ 33%] [32mBuilding CXX object CMakeFiles/dwb_critics.dir/src/oscillation.cpp.o[0m
[41.834s] [ 37%] [32mBuilding CXX object CMakeFiles/dwb_critics.dir/src/prefer_forward.cpp.o[0m
[46.824s] [ 40%] [32mBuilding CXX object CMakeFiles/dwb_critics.dir/src/rotate_to_goal.cpp.o[0m
[51.714s] [ 44%] [32mBuilding CXX object CMakeFiles/dwb_critics.dir/src/twirling.cpp.o[0m
[56.954s] [ 48%] [32m[1mLinking CXX shared library libdwb_critics.so[0m
[57.261s] [ 48%] Built target dwb_critics
[57.294s] [ 51%] [32mBuilding CXX object gtest/CMakeFiles/gtest.dir/src/gtest-all.cc.o[0m
[63.464s] [ 55%] [32m[1mLinking CXX static library libgtest.a[0m
[63.549s] [ 55%] Built target gtest
[63.605s] [ 59%] [32mBuilding CXX object gtest/CMakeFiles/gtest_main.dir/src/gtest_main.cc.o[0m
[64.406s] [ 62%] [32m[1mLinking CXX static library libgtest_main.a[0m
[64.453s] [ 62%] Built target gtest_main
[64.483s] [ 66%] [32mBuilding CXX object test/CMakeFiles/prefer_forward_tests.dir/prefer_forward_test.cpp.o[0m
[69.828s] [ 70%] [32m[1mLinking CXX executable prefer_forward_tests[0m
[70.121s] [ 70%] Built target prefer_forward_tests
[70.144s] [ 74%] [32mBuilding CXX object test/CMakeFiles/alignment_util_tests.dir/alignment_util_test.cpp.o[0m
[73.073s] [ 77%] [32m[1mLinking CXX executable alignment_util_tests[0m
[73.289s] [ 77%] Built target alignment_util_tests
[73.315s] [ 81%] [32mBuilding CXX object test/CMakeFiles/twirling_tests.dir/twirling_test.cpp.o[0m
[78.221s] [ 85%] [32m[1mLinking CXX executable twirling_tests[0m
[78.481s] [ 85%] Built target twirling_tests
[78.505s] [ 88%] [32mBuilding CXX object test/CMakeFiles/obstacle_footprint_tests.dir/obstacle_footprint_test.cpp.o[0m
[83.747s] [ 92%] [32m[1mLinking CXX executable obstacle_footprint_tests[0m
[84.022s] [ 92%] Built target obstacle_footprint_tests
[84.044s] [ 96%] [32mBuilding CXX object test/CMakeFiles/base_obstacle_tests.dir/base_obstacle_test.cpp.o[0m
[89.060s] [100%] [32m[1mLinking CXX executable base_obstacle_tests[0m
[89.336s] [100%] Built target base_obstacle_tests
[89.354s] Invoked command in '/home/wb/ros_ws/build/dwb_critics' returned '0': AMENT_PREFIX_PATH=/home/wb/ros_ws/install/dwb_core:/home/wb/ros_ws/install/nav2_core:/home/wb/ros_ws/install/costmap_queue:/home/wb/ros_ws/install/nav2_costmap_2d:/home/wb/ros_ws/install/nav_2d_utils:/home/wb/ros_ws/install/nav2_map_server:/home/wb/ros_ws/install/nav2_lifecycle_manager:/home/wb/ros_ws/install/nav2_util:/home/wb/ros_ws/install/nav2_voxel_grid:/home/wb/ros_ws/install/nav2_msgs:/home/wb/ros_ws/install/dwb_msgs:/home/wb/ros_ws/install/nav_2d_msgs:/home/wb/ros_ws/install/nav2_common:${AMENT_PREFIX_PATH} CMAKE_PREFIX_PATH=/home/wb/ros_ws/install/dwb_core:/home/wb/ros_ws/install/nav2_core:/home/wb/ros_ws/install/costmap_queue:/home/wb/ros_ws/install/nav2_costmap_2d:/home/wb/ros_ws/install/nav_2d_utils:/home/wb/ros_ws/install/nav2_map_server:/home/wb/ros_ws/install/nav2_lifecycle_manager:/home/wb/ros_ws/install/nav2_util:/home/wb/ros_ws/install/nav2_voxel_grid:/home/wb/ros_ws/install/nav2_msgs:/home/wb/ros_ws/install/dwb_msgs:/home/wb/ros_ws/install/nav_2d_msgs:/home/wb/ros_ws/install/nav2_common:/home/wb/ros_ws/install/simple_robot:/home/wb/ros_ws/install/my_robot_navigation:/home/wb/ros_ws/install/my_robot_simulation:/home/wb/ros_ws/install/my_robot_description:/opt/ros/humble LD_LIBRARY_PATH=/home/wb/ros_ws/install/dwb_core/lib:/home/wb/ros_ws/install/costmap_queue/lib:/home/wb/ros_ws/install/nav2_costmap_2d/lib:/home/wb/ros_ws/install/nav_2d_utils/lib:/home/wb/ros_ws/install/nav2_map_server/lib:/home/wb/ros_ws/install/nav2_lifecycle_manager/lib:/home/wb/ros_ws/install/nav2_util/lib:/home/wb/ros_ws/install/nav2_voxel_grid/lib:/home/wb/ros_ws/install/nav2_msgs/lib:/home/wb/ros_ws/install/dwb_msgs/lib:/home/wb/ros_ws/install/nav_2d_msgs/lib:${LD_LIBRARY_PATH} PYTHONPATH=/home/wb/ros_ws/install/nav2_msgs/local/lib/python3.10/dist-packages:/home/wb/ros_ws/install/dwb_msgs/local/lib/python3.10/dist-packages:/home/wb/ros_ws/install/nav_2d_msgs/local/lib/python3.10/dist-packages:/home/wb/ros_ws/install/nav2_common/local/lib/python3.10/dist-packages:${PYTHONPATH} /usr/bin/cmake --build /home/wb/ros_ws/build/dwb_critics -- -j4 -l4
[89.355s] Invoking command in '/home/wb/ros_ws/build/dwb_critics': AMENT_PREFIX_PATH=/home/wb/ros_ws/install/dwb_core:/home/wb/ros_ws/install/nav2_core:/home/wb/ros_ws/install/costmap_queue:/home/wb/ros_ws/install/nav2_costmap_2d:/home/wb/ros_ws/install/nav_2d_utils:/home/wb/ros_ws/install/nav2_map_server:/home/wb/ros_ws/install/nav2_lifecycle_manager:/home/wb/ros_ws/install/nav2_util:/home/wb/ros_ws/install/nav2_voxel_grid:/home/wb/ros_ws/install/nav2_msgs:/home/wb/ros_ws/install/dwb_msgs:/home/wb/ros_ws/install/nav_2d_msgs:/home/wb/ros_ws/install/nav2_common:${AMENT_PREFIX_PATH} CMAKE_PREFIX_PATH=/home/wb/ros_ws/install/dwb_core:/home/wb/ros_ws/install/nav2_core:/home/wb/ros_ws/install/costmap_queue:/home/wb/ros_ws/install/nav2_costmap_2d:/home/wb/ros_ws/install/nav_2d_utils:/home/wb/ros_ws/install/nav2_map_server:/home/wb/ros_ws/install/nav2_lifecycle_manager:/home/wb/ros_ws/install/nav2_util:/home/wb/ros_ws/install/nav2_voxel_grid:/home/wb/ros_ws/install/nav2_msgs:/home/wb/ros_ws/install/dwb_msgs:/home/wb/ros_ws/install/nav_2d_msgs:/home/wb/ros_ws/install/nav2_common:/home/wb/ros_ws/install/simple_robot:/home/wb/ros_ws/install/my_robot_navigation:/home/wb/ros_ws/install/my_robot_simulation:/home/wb/ros_ws/install/my_robot_description:/opt/ros/humble LD_LIBRARY_PATH=/home/wb/ros_ws/install/dwb_core/lib:/home/wb/ros_ws/install/costmap_queue/lib:/home/wb/ros_ws/install/nav2_costmap_2d/lib:/home/wb/ros_ws/install/nav_2d_utils/lib:/home/wb/ros_ws/install/nav2_map_server/lib:/home/wb/ros_ws/install/nav2_lifecycle_manager/lib:/home/wb/ros_ws/install/nav2_util/lib:/home/wb/ros_ws/install/nav2_voxel_grid/lib:/home/wb/ros_ws/install/nav2_msgs/lib:/home/wb/ros_ws/install/dwb_msgs/lib:/home/wb/ros_ws/install/nav_2d_msgs/lib:${LD_LIBRARY_PATH} PYTHONPATH=/home/wb/ros_ws/install/nav2_msgs/local/lib/python3.10/dist-packages:/home/wb/ros_ws/install/dwb_msgs/local/lib/python3.10/dist-packages:/home/wb/ros_ws/install/nav_2d_msgs/local/lib/python3.10/dist-packages:/home/wb/ros_ws/install/nav2_common/local/lib/python3.10/dist-packages:${PYTHONPATH} /usr/bin/cmake --install /home/wb/ros_ws/build/dwb_critics
[89.361s] -- Install configuration: "Release"
[89.362s] -- Installing: /home/wb/ros_ws/install/dwb_critics/lib/libdwb_critics.so
[89.365s] -- Set runtime path of "/home/wb/ros_ws/install/dwb_critics/lib/libdwb_critics.so" to ""
[89.366s] -- Installing: /home/wb/ros_ws/install/dwb_critics/include/
[89.366s] -- Installing: /home/wb/ros_ws/install/dwb_critics/include//dwb_critics
[89.367s] -- Installing: /home/wb/ros_ws/install/dwb_critics/include//dwb_critics/twirling.hpp
[89.367s] -- Installing: /home/wb/ros_ws/install/dwb_critics/include//dwb_critics/oscillation.hpp
[89.368s] -- Installing: /home/wb/ros_ws/install/dwb_critics/include//dwb_critics/base_obstacle.hpp
[89.368s] -- Installing: /home/wb/ros_ws/install/dwb_critics/include//dwb_critics/alignment_util.hpp
[89.369s] -- Installing: /home/wb/ros_ws/install/dwb_critics/include//dwb_critics/goal_dist.hpp
[89.369s] -- Installing: /home/wb/ros_ws/install/dwb_critics/include//dwb_critics/obstacle_footprint.hpp
[89.370s] -- Installing: /home/wb/ros_ws/install/dwb_critics/include//dwb_critics/goal_align.hpp
[89.370s] -- Installing: /home/wb/ros_ws/install/dwb_critics/include//dwb_critics/map_grid.hpp
[89.371s] -- Installing: /home/wb/ros_ws/install/dwb_critics/include//dwb_critics/path_align.hpp
[89.371s] -- Installing: /home/wb/ros_ws/install/dwb_critics/include//dwb_critics/prefer_forward.hpp
[89.372s] -- Installing: /home/wb/ros_ws/install/dwb_critics/include//dwb_critics/rotate_to_goal.hpp
[89.372s] -- Installing: /home/wb/ros_ws/install/dwb_critics/include//dwb_critics/path_dist.hpp
[89.373s] -- Installing: /home/wb/ros_ws/install/dwb_critics/include//dwb_critics/line_iterator.hpp
[89.373s] -- Installing: /home/wb/ros_ws/install/dwb_critics/share/dwb_critics/default_critics.xml
[89.374s] -- Installing: /home/wb/ros_ws/install/dwb_critics/share/dwb_critics/environment/library_path.sh
[89.374s] -- Installing: /home/wb/ros_ws/install/dwb_critics/share/dwb_critics/environment/library_path.dsv
[89.374s] -- Up-to-date: /home/wb/ros_ws/install/dwb_critics/share/dwb_critics/default_critics.xml
[89.375s] -- Installing: /home/wb/ros_ws/install/dwb_critics/share/ament_index/resource_index/package_run_dependencies/dwb_critics
[89.375s] -- Installing: /home/wb/ros_ws/install/dwb_critics/share/ament_index/resource_index/parent_prefix_path/dwb_critics
[89.376s] -- Installing: /home/wb/ros_ws/install/dwb_critics/share/dwb_critics/environment/ament_prefix_path.sh
[89.376s] -- Installing: /home/wb/ros_ws/install/dwb_critics/share/dwb_critics/environment/ament_prefix_path.dsv
[89.377s] -- Installing: /home/wb/ros_ws/install/dwb_critics/share/dwb_critics/environment/path.sh
[89.377s] -- Installing: /home/wb/ros_ws/install/dwb_critics/share/dwb_critics/environment/path.dsv
[89.378s] -- Installing: /home/wb/ros_ws/install/dwb_critics/share/dwb_critics/local_setup.bash
[89.378s] -- Installing: /home/wb/ros_ws/install/dwb_critics/share/dwb_critics/local_setup.sh
[89.378s] -- Installing: /home/wb/ros_ws/install/dwb_critics/share/dwb_critics/local_setup.zsh
[89.379s] -- Installing: /home/wb/ros_ws/install/dwb_critics/share/dwb_critics/local_setup.dsv
[89.379s] -- Installing: /home/wb/ros_ws/install/dwb_critics/share/dwb_critics/package.dsv
[89.380s] -- Installing: /home/wb/ros_ws/install/dwb_critics/share/ament_index/resource_index/packages/dwb_critics
[89.380s] -- Installing: /home/wb/ros_ws/install/dwb_critics/share/ament_index/resource_index/dwb_core__pluginlib__plugin/dwb_critics
[89.381s] -- Installing: /home/wb/ros_ws/install/dwb_critics/share/dwb_critics/cmake/ament_cmake_export_include_directories-extras.cmake
[89.381s] -- Installing: /home/wb/ros_ws/install/dwb_critics/share/dwb_critics/cmake/ament_cmake_export_libraries-extras.cmake
[89.382s] -- Installing: /home/wb/ros_ws/install/dwb_critics/share/dwb_critics/cmake/ament_cmake_export_dependencies-extras.cmake
[89.382s] -- Installing: /home/wb/ros_ws/install/dwb_critics/share/dwb_critics/cmake/dwb_criticsConfig.cmake
[89.382s] -- Installing: /home/wb/ros_ws/install/dwb_critics/share/dwb_critics/cmake/dwb_criticsConfig-version.cmake
[89.383s] -- Installing: /home/wb/ros_ws/install/dwb_critics/share/dwb_critics/package.xml
[89.385s] Invoked command in '/home/wb/ros_ws/build/dwb_critics' returned '0': AMENT_PREFIX_PATH=/home/wb/ros_ws/install/dwb_core:/home/wb/ros_ws/install/nav2_core:/home/wb/ros_ws/install/costmap_queue:/home/wb/ros_ws/install/nav2_costmap_2d:/home/wb/ros_ws/install/nav_2d_utils:/home/wb/ros_ws/install/nav2_map_server:/home/wb/ros_ws/install/nav2_lifecycle_manager:/home/wb/ros_ws/install/nav2_util:/home/wb/ros_ws/install/nav2_voxel_grid:/home/wb/ros_ws/install/nav2_msgs:/home/wb/ros_ws/install/dwb_msgs:/home/wb/ros_ws/install/nav_2d_msgs:/home/wb/ros_ws/install/nav2_common:${AMENT_PREFIX_PATH} CMAKE_PREFIX_PATH=/home/wb/ros_ws/install/dwb_core:/home/wb/ros_ws/install/nav2_core:/home/wb/ros_ws/install/costmap_queue:/home/wb/ros_ws/install/nav2_costmap_2d:/home/wb/ros_ws/install/nav_2d_utils:/home/wb/ros_ws/install/nav2_map_server:/home/wb/ros_ws/install/nav2_lifecycle_manager:/home/wb/ros_ws/install/nav2_util:/home/wb/ros_ws/install/nav2_voxel_grid:/home/wb/ros_ws/install/nav2_msgs:/home/wb/ros_ws/install/dwb_msgs:/home/wb/ros_ws/install/nav_2d_msgs:/home/wb/ros_ws/install/nav2_common:/home/wb/ros_ws/install/simple_robot:/home/wb/ros_ws/install/my_robot_navigation:/home/wb/ros_ws/install/my_robot_simulation:/home/wb/ros_ws/install/my_robot_description:/opt/ros/humble LD_LIBRARY_PATH=/home/wb/ros_ws/install/dwb_core/lib:/home/wb/ros_ws/install/costmap_queue/lib:/home/wb/ros_ws/install/nav2_costmap_2d/lib:/home/wb/ros_ws/install/nav_2d_utils/lib:/home/wb/ros_ws/install/nav2_map_server/lib:/home/wb/ros_ws/install/nav2_lifecycle_manager/lib:/home/wb/ros_ws/install/nav2_util/lib:/home/wb/ros_ws/install/nav2_voxel_grid/lib:/home/wb/ros_ws/install/nav2_msgs/lib:/home/wb/ros_ws/install/dwb_msgs/lib:/home/wb/ros_ws/install/nav_2d_msgs/lib:${LD_LIBRARY_PATH} PYTHONPATH=/home/wb/ros_ws/install/nav2_msgs/local/lib/python3.10/dist-packages:/home/wb/ros_ws/install/dwb_msgs/local/lib/python3.10/dist-packages:/home/wb/ros_ws/install/nav_2d_msgs/local/lib/python3.10/dist-packages:/home/wb/ros_ws/install/nav2_common/local/lib/python3.10/dist-packages:${PYTHONPATH} /usr/bin/cmake --install /home/wb/ros_ws/build/dwb_critics
