[0.030s] Invoking command in '/home/wb/ros_ws/build/nav2_smoother': AMENT_PREFIX_PATH=/home/wb/ros_ws/install/nav2_core:/home/wb/ros_ws/install/nav2_costmap_2d:/home/wb/ros_ws/install/nav_2d_utils:/home/wb/ros_ws/install/nav2_map_server:/home/wb/ros_ws/install/nav2_lifecycle_manager:/home/wb/ros_ws/install/nav2_util:/home/wb/ros_ws/install/nav2_voxel_grid:/home/wb/ros_ws/install/nav2_msgs:/home/wb/ros_ws/install/nav_2d_msgs:/home/wb/ros_ws/install/nav2_common:${AMENT_PREFIX_PATH} CMAKE_PREFIX_PATH=/home/wb/ros_ws/install/nav2_core:/home/wb/ros_ws/install/nav2_costmap_2d:/home/wb/ros_ws/install/nav_2d_utils:/home/wb/ros_ws/install/nav2_map_server:/home/wb/ros_ws/install/nav2_lifecycle_manager:/home/wb/ros_ws/install/nav2_util:/home/wb/ros_ws/install/nav2_voxel_grid:/home/wb/ros_ws/install/nav2_msgs:/home/wb/ros_ws/install/nav_2d_msgs:/home/wb/ros_ws/install/nav2_common:/home/wb/ros_ws/install/simple_robot:/home/wb/ros_ws/install/my_robot_navigation:/home/wb/ros_ws/install/my_robot_simulation:/home/wb/ros_ws/install/my_robot_description:/opt/ros/humble LD_LIBRARY_PATH=/home/wb/ros_ws/install/nav2_costmap_2d/lib:/home/wb/ros_ws/install/nav_2d_utils/lib:/home/wb/ros_ws/install/nav2_map_server/lib:/home/wb/ros_ws/install/nav2_lifecycle_manager/lib:/home/wb/ros_ws/install/nav2_util/lib:/home/wb/ros_ws/install/nav2_voxel_grid/lib:/home/wb/ros_ws/install/nav2_msgs/lib:/home/wb/ros_ws/install/nav_2d_msgs/lib:${LD_LIBRARY_PATH} PYTHONPATH=/home/wb/ros_ws/install/nav2_msgs/local/lib/python3.10/dist-packages:/home/wb/ros_ws/install/nav_2d_msgs/local/lib/python3.10/dist-packages:/home/wb/ros_ws/install/nav2_common/local/lib/python3.10/dist-packages:${PYTHONPATH} /usr/bin/cmake /home/wb/ros_ws/src/navigation2/nav2_smoother -DCMAKE_INSTALL_PREFIX=/home/wb/ros_ws/install/nav2_smoother
[0.082s] -- The C compiler identification is GNU 11.4.0
[0.134s] -- The CXX compiler identification is GNU 11.4.0
[0.141s] -- Detecting C compiler ABI info
[0.216s] -- Detecting C compiler ABI info - done
[0.222s] -- Check for working C compiler: /usr/bin/cc - skipped
[0.223s] -- Detecting C compile features
[0.223s] -- Detecting C compile features - done
[0.225s] -- Detecting CXX compiler ABI info
[0.312s] -- Detecting CXX compiler ABI info - done
[0.316s] -- Check for working CXX compiler: /usr/bin/c++ - skipped
[0.316s] -- Detecting CXX compile features
[0.317s] -- Detecting CXX compile features - done
[0.321s] -- Found ament_cmake: 1.3.11 (/opt/ros/humble/share/ament_cmake/cmake)
[0.443s] -- Found Python3: /usr/bin/python3 (found version "3.10.12") found components: Interpreter 
[0.530s] -- Found nav2_core: 1.1.18 (/home/wb/ros_ws/install/nav2_core/share/nav2_core/cmake)
[0.581s] -- Found rosidl_generator_c: 3.1.6 (/opt/ros/humble/share/rosidl_generator_c/cmake)
[0.586s] -- Found rosidl_adapter: 3.1.6 (/opt/ros/humble/share/rosidl_adapter/cmake)
[0.595s] -- Found rosidl_generator_cpp: 3.1.6 (/opt/ros/humble/share/rosidl_generator_cpp/cmake)
[0.607s] -- Using all available rosidl_typesupport_c: rosidl_typesupport_fastrtps_c;rosidl_typesupport_introspection_c
[0.626s] -- Using all available rosidl_typesupport_cpp: rosidl_typesupport_fastrtps_cpp;rosidl_typesupport_introspection_cpp
[0.670s] -- Found rmw_implementation_cmake: 6.1.2 (/opt/ros/humble/share/rmw_implementation_cmake/cmake)
[0.674s] -- Found rmw_fastrtps_cpp: 6.2.7 (/opt/ros/humble/share/rmw_fastrtps_cpp/cmake)
[0.762s] -- Found OpenSSL: /usr/lib/x86_64-linux-gnu/libcrypto.so (found version "3.0.2")  
[0.785s] -- Found FastRTPS: /opt/ros/humble/include  
[0.821s] -- Using RMW implementation 'rmw_fastrtps_cpp' as default
[0.840s] -- Looking for pthread.h
[0.913s] -- Looking for pthread.h - found
[0.913s] -- Performing Test CMAKE_HAVE_LIBC_PTHREAD
[1.020s] -- Performing Test CMAKE_HAVE_LIBC_PTHREAD - Success
[1.020s] -- Found Threads: TRUE  
[1.266s] -- Found Eigen3: TRUE (found version "3.4.0") 
[1.267s] -- Ensuring Eigen3 include directory is part of orocos-kdl CMake target
[1.355s] -- Found nav2_common: 1.1.18 (/home/wb/ros_ws/install/nav2_common/share/nav2_common/cmake)
[1.357s] -- Found nav_2d_utils: 1.1.18 (/home/wb/ros_ws/install/nav_2d_utils/share/nav_2d_utils/cmake)
[1.375s] -- Setting build type to Release as none was specified.
[1.803s] -- Found ament_lint_auto: 0.12.12 (/opt/ros/humble/share/ament_lint_auto/cmake)
[1.890s] -- Found gtest sources under '/opt/ros/humble/src/gtest_vendor': C++ tests using 'Google Test' will be built
[2.090s] -- Added test 'cppcheck' to perform static code analysis on C / C++ code
[2.091s] -- Configured cppcheck include dirs: /home/wb/ros_ws/src/navigation2/nav2_smoother/include
[2.091s] -- Configured cppcheck exclude dirs and/or files: 
[2.093s] -- Added test 'cpplint' to check C / C++ code against the Google style
[2.095s] -- Configured cpplint exclude dirs and/or files: 
[2.095s] -- Added test 'lint_cmake' to check CMake code style
[2.096s] -- Added test 'uncrustify' to check C / C++ code style
[2.096s] -- Configured uncrustify additional arguments: 
[2.097s] -- Added test 'xmllint' to check XML markup files
[2.100s] -- Configuring done
[2.653s] -- Generating done
[2.678s] -- Build files have been written to: /home/wb/ros_ws/build/nav2_smoother
[2.693s] Invoked command in '/home/wb/ros_ws/build/nav2_smoother' returned '0': AMENT_PREFIX_PATH=/home/wb/ros_ws/install/nav2_core:/home/wb/ros_ws/install/nav2_costmap_2d:/home/wb/ros_ws/install/nav_2d_utils:/home/wb/ros_ws/install/nav2_map_server:/home/wb/ros_ws/install/nav2_lifecycle_manager:/home/wb/ros_ws/install/nav2_util:/home/wb/ros_ws/install/nav2_voxel_grid:/home/wb/ros_ws/install/nav2_msgs:/home/wb/ros_ws/install/nav_2d_msgs:/home/wb/ros_ws/install/nav2_common:${AMENT_PREFIX_PATH} CMAKE_PREFIX_PATH=/home/wb/ros_ws/install/nav2_core:/home/wb/ros_ws/install/nav2_costmap_2d:/home/wb/ros_ws/install/nav_2d_utils:/home/wb/ros_ws/install/nav2_map_server:/home/wb/ros_ws/install/nav2_lifecycle_manager:/home/wb/ros_ws/install/nav2_util:/home/wb/ros_ws/install/nav2_voxel_grid:/home/wb/ros_ws/install/nav2_msgs:/home/wb/ros_ws/install/nav_2d_msgs:/home/wb/ros_ws/install/nav2_common:/home/wb/ros_ws/install/simple_robot:/home/wb/ros_ws/install/my_robot_navigation:/home/wb/ros_ws/install/my_robot_simulation:/home/wb/ros_ws/install/my_robot_description:/opt/ros/humble LD_LIBRARY_PATH=/home/wb/ros_ws/install/nav2_costmap_2d/lib:/home/wb/ros_ws/install/nav_2d_utils/lib:/home/wb/ros_ws/install/nav2_map_server/lib:/home/wb/ros_ws/install/nav2_lifecycle_manager/lib:/home/wb/ros_ws/install/nav2_util/lib:/home/wb/ros_ws/install/nav2_voxel_grid/lib:/home/wb/ros_ws/install/nav2_msgs/lib:/home/wb/ros_ws/install/nav_2d_msgs/lib:${LD_LIBRARY_PATH} PYTHONPATH=/home/wb/ros_ws/install/nav2_msgs/local/lib/python3.10/dist-packages:/home/wb/ros_ws/install/nav_2d_msgs/local/lib/python3.10/dist-packages:/home/wb/ros_ws/install/nav2_common/local/lib/python3.10/dist-packages:${PYTHONPATH} /usr/bin/cmake /home/wb/ros_ws/src/navigation2/nav2_smoother -DCMAKE_INSTALL_PREFIX=/home/wb/ros_ws/install/nav2_smoother
[2.693s] Invoking command in '/home/wb/ros_ws/build/nav2_smoother': AMENT_PREFIX_PATH=/home/wb/ros_ws/install/nav2_core:/home/wb/ros_ws/install/nav2_costmap_2d:/home/wb/ros_ws/install/nav_2d_utils:/home/wb/ros_ws/install/nav2_map_server:/home/wb/ros_ws/install/nav2_lifecycle_manager:/home/wb/ros_ws/install/nav2_util:/home/wb/ros_ws/install/nav2_voxel_grid:/home/wb/ros_ws/install/nav2_msgs:/home/wb/ros_ws/install/nav_2d_msgs:/home/wb/ros_ws/install/nav2_common:${AMENT_PREFIX_PATH} CMAKE_PREFIX_PATH=/home/wb/ros_ws/install/nav2_core:/home/wb/ros_ws/install/nav2_costmap_2d:/home/wb/ros_ws/install/nav_2d_utils:/home/wb/ros_ws/install/nav2_map_server:/home/wb/ros_ws/install/nav2_lifecycle_manager:/home/wb/ros_ws/install/nav2_util:/home/wb/ros_ws/install/nav2_voxel_grid:/home/wb/ros_ws/install/nav2_msgs:/home/wb/ros_ws/install/nav_2d_msgs:/home/wb/ros_ws/install/nav2_common:/home/wb/ros_ws/install/simple_robot:/home/wb/ros_ws/install/my_robot_navigation:/home/wb/ros_ws/install/my_robot_simulation:/home/wb/ros_ws/install/my_robot_description:/opt/ros/humble LD_LIBRARY_PATH=/home/wb/ros_ws/install/nav2_costmap_2d/lib:/home/wb/ros_ws/install/nav_2d_utils/lib:/home/wb/ros_ws/install/nav2_map_server/lib:/home/wb/ros_ws/install/nav2_lifecycle_manager/lib:/home/wb/ros_ws/install/nav2_util/lib:/home/wb/ros_ws/install/nav2_voxel_grid/lib:/home/wb/ros_ws/install/nav2_msgs/lib:/home/wb/ros_ws/install/nav_2d_msgs/lib:${LD_LIBRARY_PATH} PYTHONPATH=/home/wb/ros_ws/install/nav2_msgs/local/lib/python3.10/dist-packages:/home/wb/ros_ws/install/nav_2d_msgs/local/lib/python3.10/dist-packages:/home/wb/ros_ws/install/nav2_common/local/lib/python3.10/dist-packages:${PYTHONPATH} /usr/bin/cmake --build /home/wb/ros_ws/build/nav2_smoother -- -j4 -l4
[2.753s] [  5%] [32mBuilding CXX object CMakeFiles/smoother_server_core.dir/src/nav2_smoother.cpp.o[0m
[15.276s] [ 11%] [32m[1mLinking CXX shared library libsmoother_server_core.so[0m
[15.644s] [ 11%] Built target smoother_server_core
[15.665s] [ 16%] [32mBuilding CXX object gtest/CMakeFiles/gtest_main.dir/src/gtest_main.cc.o[0m
[16.345s] [ 22%] [32m[1mLinking CXX static library libgtest_main.a[0m
[16.377s] [ 22%] Built target gtest_main
[16.398s] [ 27%] [32mBuilding CXX object gtest/CMakeFiles/gtest.dir/src/gtest-all.cc.o[0m
[21.696s] [ 33%] [32m[1mLinking CXX static library libgtest.a[0m
[21.779s] [ 33%] Built target gtest
[21.822s] [ 38%] [32mBuilding CXX object CMakeFiles/smoother_server.dir/src/main.cpp.o[0m
[25.742s] [ 44%] [32m[1mLinking CXX executable smoother_server[0m
[26.027s] [ 44%] Built target smoother_server
[26.050s] [ 50%] [32mBuilding CXX object test/CMakeFiles/test_smoother_server.dir/test_smoother_server.cpp.o[0m
[33.172s] [ 55%] [32m[1mLinking CXX executable test_smoother_server[0m
[33.527s] [ 55%] Built target test_smoother_server
[33.552s] [ 61%] [32mBuilding CXX object CMakeFiles/savitzky_golay_smoother.dir/src/savitzky_golay_smoother.cpp.o[0m
[37.537s] [ 66%] [32m[1mLinking CXX shared library libsavitzky_golay_smoother.so[0m
[37.782s] [ 66%] Built target savitzky_golay_smoother
[37.806s] [ 72%] [32mBuilding CXX object CMakeFiles/simple_smoother.dir/src/simple_smoother.cpp.o[0m
[42.255s] [ 77%] [32m[1mLinking CXX shared library libsimple_smoother.so[0m
[42.677s] [ 77%] Built target simple_smoother
[42.737s] [ 83%] [32mBuilding CXX object test/CMakeFiles/test_savitzky_golay_smoother.dir/test_savitzky_golay_smoother.cpp.o[0m
[48.474s] [ 88%] [32m[1mLinking CXX executable test_savitzky_golay_smoother[0m
[48.791s] [ 88%] Built target test_savitzky_golay_smoother
[48.814s] [ 94%] [32mBuilding CXX object test/CMakeFiles/test_simple_smoother.dir/test_simple_smoother.cpp.o[0m
[53.762s] [100%] [32m[1mLinking CXX executable test_simple_smoother[0m
[54.060s] [100%] Built target test_simple_smoother
[54.070s] Invoked command in '/home/wb/ros_ws/build/nav2_smoother' returned '0': AMENT_PREFIX_PATH=/home/wb/ros_ws/install/nav2_core:/home/wb/ros_ws/install/nav2_costmap_2d:/home/wb/ros_ws/install/nav_2d_utils:/home/wb/ros_ws/install/nav2_map_server:/home/wb/ros_ws/install/nav2_lifecycle_manager:/home/wb/ros_ws/install/nav2_util:/home/wb/ros_ws/install/nav2_voxel_grid:/home/wb/ros_ws/install/nav2_msgs:/home/wb/ros_ws/install/nav_2d_msgs:/home/wb/ros_ws/install/nav2_common:${AMENT_PREFIX_PATH} CMAKE_PREFIX_PATH=/home/wb/ros_ws/install/nav2_core:/home/wb/ros_ws/install/nav2_costmap_2d:/home/wb/ros_ws/install/nav_2d_utils:/home/wb/ros_ws/install/nav2_map_server:/home/wb/ros_ws/install/nav2_lifecycle_manager:/home/wb/ros_ws/install/nav2_util:/home/wb/ros_ws/install/nav2_voxel_grid:/home/wb/ros_ws/install/nav2_msgs:/home/wb/ros_ws/install/nav_2d_msgs:/home/wb/ros_ws/install/nav2_common:/home/wb/ros_ws/install/simple_robot:/home/wb/ros_ws/install/my_robot_navigation:/home/wb/ros_ws/install/my_robot_simulation:/home/wb/ros_ws/install/my_robot_description:/opt/ros/humble LD_LIBRARY_PATH=/home/wb/ros_ws/install/nav2_costmap_2d/lib:/home/wb/ros_ws/install/nav_2d_utils/lib:/home/wb/ros_ws/install/nav2_map_server/lib:/home/wb/ros_ws/install/nav2_lifecycle_manager/lib:/home/wb/ros_ws/install/nav2_util/lib:/home/wb/ros_ws/install/nav2_voxel_grid/lib:/home/wb/ros_ws/install/nav2_msgs/lib:/home/wb/ros_ws/install/nav_2d_msgs/lib:${LD_LIBRARY_PATH} PYTHONPATH=/home/wb/ros_ws/install/nav2_msgs/local/lib/python3.10/dist-packages:/home/wb/ros_ws/install/nav_2d_msgs/local/lib/python3.10/dist-packages:/home/wb/ros_ws/install/nav2_common/local/lib/python3.10/dist-packages:${PYTHONPATH} /usr/bin/cmake --build /home/wb/ros_ws/build/nav2_smoother -- -j4 -l4
[54.074s] Invoking command in '/home/wb/ros_ws/build/nav2_smoother': AMENT_PREFIX_PATH=/home/wb/ros_ws/install/nav2_core:/home/wb/ros_ws/install/nav2_costmap_2d:/home/wb/ros_ws/install/nav_2d_utils:/home/wb/ros_ws/install/nav2_map_server:/home/wb/ros_ws/install/nav2_lifecycle_manager:/home/wb/ros_ws/install/nav2_util:/home/wb/ros_ws/install/nav2_voxel_grid:/home/wb/ros_ws/install/nav2_msgs:/home/wb/ros_ws/install/nav_2d_msgs:/home/wb/ros_ws/install/nav2_common:${AMENT_PREFIX_PATH} CMAKE_PREFIX_PATH=/home/wb/ros_ws/install/nav2_core:/home/wb/ros_ws/install/nav2_costmap_2d:/home/wb/ros_ws/install/nav_2d_utils:/home/wb/ros_ws/install/nav2_map_server:/home/wb/ros_ws/install/nav2_lifecycle_manager:/home/wb/ros_ws/install/nav2_util:/home/wb/ros_ws/install/nav2_voxel_grid:/home/wb/ros_ws/install/nav2_msgs:/home/wb/ros_ws/install/nav_2d_msgs:/home/wb/ros_ws/install/nav2_common:/home/wb/ros_ws/install/simple_robot:/home/wb/ros_ws/install/my_robot_navigation:/home/wb/ros_ws/install/my_robot_simulation:/home/wb/ros_ws/install/my_robot_description:/opt/ros/humble LD_LIBRARY_PATH=/home/wb/ros_ws/install/nav2_costmap_2d/lib:/home/wb/ros_ws/install/nav_2d_utils/lib:/home/wb/ros_ws/install/nav2_map_server/lib:/home/wb/ros_ws/install/nav2_lifecycle_manager/lib:/home/wb/ros_ws/install/nav2_util/lib:/home/wb/ros_ws/install/nav2_voxel_grid/lib:/home/wb/ros_ws/install/nav2_msgs/lib:/home/wb/ros_ws/install/nav_2d_msgs/lib:${LD_LIBRARY_PATH} PYTHONPATH=/home/wb/ros_ws/install/nav2_msgs/local/lib/python3.10/dist-packages:/home/wb/ros_ws/install/nav_2d_msgs/local/lib/python3.10/dist-packages:/home/wb/ros_ws/install/nav2_common/local/lib/python3.10/dist-packages:${PYTHONPATH} /usr/bin/cmake --install /home/wb/ros_ws/build/nav2_smoother
[54.079s] -- Install configuration: "Release"
[54.079s] -- Installing: /home/wb/ros_ws/install/nav2_smoother/share/nav2_smoother/plugins.xml
[54.079s] -- Installing: /home/wb/ros_ws/install/nav2_smoother/lib/libsmoother_server_core.so
[54.081s] -- Set runtime path of "/home/wb/ros_ws/install/nav2_smoother/lib/libsmoother_server_core.so" to ""
[54.081s] -- Installing: /home/wb/ros_ws/install/nav2_smoother/lib/libsimple_smoother.so
[54.082s] -- Set runtime path of "/home/wb/ros_ws/install/nav2_smoother/lib/libsimple_smoother.so" to ""
[54.082s] -- Installing: /home/wb/ros_ws/install/nav2_smoother/lib/libsavitzky_golay_smoother.so
[54.082s] -- Set runtime path of "/home/wb/ros_ws/install/nav2_smoother/lib/libsavitzky_golay_smoother.so" to ""
[54.083s] -- Installing: /home/wb/ros_ws/install/nav2_smoother/lib/nav2_smoother/smoother_server
[54.083s] -- Set runtime path of "/home/wb/ros_ws/install/nav2_smoother/lib/nav2_smoother/smoother_server" to ""
[54.083s] -- Installing: /home/wb/ros_ws/install/nav2_smoother/include/
[54.085s] -- Installing: /home/wb/ros_ws/install/nav2_smoother/include//nav2_smoother
[54.085s] -- Installing: /home/wb/ros_ws/install/nav2_smoother/include//nav2_smoother/simple_smoother.hpp
[54.085s] -- Installing: /home/wb/ros_ws/install/nav2_smoother/include//nav2_smoother/savitzky_golay_smoother.hpp
[54.085s] -- Installing: /home/wb/ros_ws/install/nav2_smoother/include//nav2_smoother/nav2_smoother.hpp
[54.086s] -- Installing: /home/wb/ros_ws/install/nav2_smoother/include//nav2_smoother/smoother_utils.hpp
[54.086s] -- Installing: /home/wb/ros_ws/install/nav2_smoother/share/nav2_smoother/environment/library_path.sh
[54.086s] -- Installing: /home/wb/ros_ws/install/nav2_smoother/share/nav2_smoother/environment/library_path.dsv
[54.086s] -- Installing: /home/wb/ros_ws/install/nav2_smoother/share/ament_index/resource_index/package_run_dependencies/nav2_smoother
[54.086s] -- Installing: /home/wb/ros_ws/install/nav2_smoother/share/ament_index/resource_index/parent_prefix_path/nav2_smoother
[54.086s] -- Installing: /home/wb/ros_ws/install/nav2_smoother/share/nav2_smoother/environment/ament_prefix_path.sh
[54.086s] -- Installing: /home/wb/ros_ws/install/nav2_smoother/share/nav2_smoother/environment/ament_prefix_path.dsv
[54.086s] -- Installing: /home/wb/ros_ws/install/nav2_smoother/share/nav2_smoother/environment/path.sh
[54.086s] -- Installing: /home/wb/ros_ws/install/nav2_smoother/share/nav2_smoother/environment/path.dsv
[54.086s] -- Installing: /home/wb/ros_ws/install/nav2_smoother/share/nav2_smoother/local_setup.bash
[54.086s] -- Installing: /home/wb/ros_ws/install/nav2_smoother/share/nav2_smoother/local_setup.sh
[54.086s] -- Installing: /home/wb/ros_ws/install/nav2_smoother/share/nav2_smoother/local_setup.zsh
[54.086s] -- Installing: /home/wb/ros_ws/install/nav2_smoother/share/nav2_smoother/local_setup.dsv
[54.086s] -- Installing: /home/wb/ros_ws/install/nav2_smoother/share/nav2_smoother/package.dsv
[54.086s] -- Installing: /home/wb/ros_ws/install/nav2_smoother/share/ament_index/resource_index/packages/nav2_smoother
[54.086s] -- Installing: /home/wb/ros_ws/install/nav2_smoother/share/ament_index/resource_index/nav2_core__pluginlib__plugin/nav2_smoother
[54.086s] -- Installing: /home/wb/ros_ws/install/nav2_smoother/share/ament_index/resource_index/rclcpp_components/nav2_smoother
[54.086s] -- Installing: /home/wb/ros_ws/install/nav2_smoother/share/nav2_smoother/cmake/ament_cmake_export_include_directories-extras.cmake
[54.086s] -- Installing: /home/wb/ros_ws/install/nav2_smoother/share/nav2_smoother/cmake/ament_cmake_export_libraries-extras.cmake
[54.086s] -- Installing: /home/wb/ros_ws/install/nav2_smoother/share/nav2_smoother/cmake/ament_cmake_export_dependencies-extras.cmake
[54.087s] -- Installing: /home/wb/ros_ws/install/nav2_smoother/share/nav2_smoother/cmake/nav2_smootherConfig.cmake
[54.087s] -- Installing: /home/wb/ros_ws/install/nav2_smoother/share/nav2_smoother/cmake/nav2_smootherConfig-version.cmake
[54.087s] -- Installing: /home/wb/ros_ws/install/nav2_smoother/share/nav2_smoother/package.xml
[54.088s] Invoked command in '/home/wb/ros_ws/build/nav2_smoother' returned '0': AMENT_PREFIX_PATH=/home/wb/ros_ws/install/nav2_core:/home/wb/ros_ws/install/nav2_costmap_2d:/home/wb/ros_ws/install/nav_2d_utils:/home/wb/ros_ws/install/nav2_map_server:/home/wb/ros_ws/install/nav2_lifecycle_manager:/home/wb/ros_ws/install/nav2_util:/home/wb/ros_ws/install/nav2_voxel_grid:/home/wb/ros_ws/install/nav2_msgs:/home/wb/ros_ws/install/nav_2d_msgs:/home/wb/ros_ws/install/nav2_common:${AMENT_PREFIX_PATH} CMAKE_PREFIX_PATH=/home/wb/ros_ws/install/nav2_core:/home/wb/ros_ws/install/nav2_costmap_2d:/home/wb/ros_ws/install/nav_2d_utils:/home/wb/ros_ws/install/nav2_map_server:/home/wb/ros_ws/install/nav2_lifecycle_manager:/home/wb/ros_ws/install/nav2_util:/home/wb/ros_ws/install/nav2_voxel_grid:/home/wb/ros_ws/install/nav2_msgs:/home/wb/ros_ws/install/nav_2d_msgs:/home/wb/ros_ws/install/nav2_common:/home/wb/ros_ws/install/simple_robot:/home/wb/ros_ws/install/my_robot_navigation:/home/wb/ros_ws/install/my_robot_simulation:/home/wb/ros_ws/install/my_robot_description:/opt/ros/humble LD_LIBRARY_PATH=/home/wb/ros_ws/install/nav2_costmap_2d/lib:/home/wb/ros_ws/install/nav_2d_utils/lib:/home/wb/ros_ws/install/nav2_map_server/lib:/home/wb/ros_ws/install/nav2_lifecycle_manager/lib:/home/wb/ros_ws/install/nav2_util/lib:/home/wb/ros_ws/install/nav2_voxel_grid/lib:/home/wb/ros_ws/install/nav2_msgs/lib:/home/wb/ros_ws/install/nav_2d_msgs/lib:${LD_LIBRARY_PATH} PYTHONPATH=/home/wb/ros_ws/install/nav2_msgs/local/lib/python3.10/dist-packages:/home/wb/ros_ws/install/nav_2d_msgs/local/lib/python3.10/dist-packages:/home/wb/ros_ws/install/nav2_common/local/lib/python3.10/dist-packages:${PYTHONPATH} /usr/bin/cmake --install /home/wb/ros_ws/build/nav2_smoother
