[0.049s] Invoking command in '/home/wb/ros_ws/build/nav2_behavior_tree': CMAKE_PREFIX_PATH=/home/wb/ros_ws/install/nav2_util:/home/wb/ros_ws/install/nav2_msgs:/home/wb/ros_ws/install/nav2_common:/home/wb/ros_ws/install/nav2_system_tests:/home/wb/ros_ws/install/my_robot_navigation:/home/wb/ros_ws/install/nav2_bringup:/home/wb/ros_ws/install/navigation2:/home/wb/ros_ws/install/nav2_smoother:/home/wb/ros_ws/install/nav2_rotation_shim_controller:/home/wb/ros_ws/install/nav2_graceful_controller:/home/wb/ros_ws/install/nav2_dwb_controller:/home/wb/ros_ws/install/nav2_controller:/home/wb/ros_ws/install/dwb_plugins:/home/wb/ros_ws/install/dwb_critics:/home/wb/ros_ws/install/dwb_core:/home/wb/ros_ws/install/nav_2d_utils:/home/wb/ros_ws/install/dwb_msgs:/home/wb/ros_ws/install/nav_2d_msgs:/home/wb/ros_ws/install/nav2_waypoint_follower:/home/wb/ros_ws/install/nav2_theta_star_planner:/home/wb/ros_ws/install/nav2_smac_planner:/home/wb/ros_ws/install/nav2_regulated_pure_pursuit_controller:/home/wb/ros_ws/install/nav2_planner:/home/wb/ros_ws/install/nav2_navfn_planner:/home/wb/ros_ws/install/nav2_mppi_controller:/home/wb/ros_ws/install/nav2_constrained_smoother:/home/wb/ros_ws/install/nav2_bt_navigator:/home/wb/ros_ws/install/nav2_behaviors:/home/wb/ros_ws/install/nav2_core:/home/wb/ros_ws/install/nav2_collision_monitor:/home/wb/ros_ws/install/costmap_queue:/home/wb/ros_ws/install/nav2_costmap_2d:/home/wb/ros_ws/install/nav2_voxel_grid:/home/wb/ros_ws/install/nav2_velocity_smoother:/home/wb/ros_ws/install/nav2_rviz_plugins:/home/wb/ros_ws/install/nav2_map_server:/home/wb/ros_ws/install/nav2_lifecycle_manager:/home/wb/ros_ws/install/nav2_behavior_tree:/home/wb/ros_ws/install/nav2_amcl:/home/wb/ros_ws/install/my_robot_simulation:/home/wb/ros_ws/install/my_robot_description:/home/wb/ros_ws/install/nav2_simple_commander:/opt/ros/humble LD_LIBRARY_PATH=/home/wb/ros_ws/install/nav2_util/lib:/home/wb/ros_ws/install/nav2_msgs/lib:/opt/ros/humble/lib:/home/wb/ros_ws/install/nav2_smoother/lib:/home/wb/ros_ws/install/nav2_rotation_shim_controller/lib:/home/wb/ros_ws/install/nav2_graceful_controller/lib:/home/wb/ros_ws/install/nav2_controller/lib:/home/wb/ros_ws/install/dwb_plugins/lib:/home/wb/ros_ws/install/dwb_critics/lib:/home/wb/ros_ws/install/dwb_core/lib:/home/wb/ros_ws/install/nav_2d_utils/lib:/home/wb/ros_ws/install/dwb_msgs/lib:/home/wb/ros_ws/install/nav_2d_msgs/lib:/home/wb/ros_ws/install/nav2_waypoint_follower/lib:/home/wb/ros_ws/install/nav2_theta_star_planner/lib:/home/wb/ros_ws/install/nav2_smac_planner/lib:/home/wb/ros_ws/install/nav2_regulated_pure_pursuit_controller/lib:/home/wb/ros_ws/install/nav2_planner/lib:/home/wb/ros_ws/install/nav2_navfn_planner/lib:/home/wb/ros_ws/install/nav2_mppi_controller/lib:/home/wb/ros_ws/install/nav2_constrained_smoother/lib:/home/wb/ros_ws/install/nav2_bt_navigator/lib:/home/wb/ros_ws/install/nav2_behaviors/lib:/home/wb/ros_ws/install/nav2_collision_monitor/lib:/home/wb/ros_ws/install/costmap_queue/lib:/home/wb/ros_ws/install/nav2_costmap_2d/lib:/home/wb/ros_ws/install/nav2_voxel_grid/lib:/home/wb/ros_ws/install/nav2_velocity_smoother/lib:/home/wb/ros_ws/install/nav2_rviz_plugins/lib:/home/wb/ros_ws/install/nav2_map_server/lib:/home/wb/ros_ws/install/nav2_lifecycle_manager/lib:/home/wb/ros_ws/install/nav2_behavior_tree/lib:/home/wb/ros_ws/install/nav2_amcl/lib:/usr/lib/x86_64-linux-gnu/gazebo-11/plugins:/opt/ros/humble/opt/rviz_ogre_vendor/lib:/opt/ros/humble/lib/x86_64-linux-gnu:/opt/ros/humble/lib /usr/bin/cmake --build /home/wb/ros_ws/build/nav2_behavior_tree -- -j4 -l4
[0.190s] [  1%] Built target nav2_behavior_tree
[0.190s] [  2%] Built target nav2_compute_path_to_pose_action_bt_node
[0.209s] [  3%] Built target nav2_compute_path_through_poses_action_bt_node
[0.245s] [  4%] Built target nav2_controller_cancel_bt_node
[0.276s] [  5%] Built target nav2_back_up_cancel_bt_node
[0.282s] [  6%] Built target nav2_wait_cancel_bt_node
[0.288s] [  7%] Built target nav2_spin_cancel_bt_node
[0.399s] [  8%] Built target nav2_assisted_teleop_cancel_bt_node
[0.429s] [  8%] Built target nav2_smooth_path_action_bt_node
[0.447s] [  9%] Built target nav2_follow_path_action_bt_node
[0.452s] [ 10%] Built target nav2_drive_on_heading_cancel_bt_node
[0.495s] [ 11%] Built target nav2_back_up_action_bt_node
[0.533s] [ 12%] Built target nav2_drive_on_heading_bt_node
[0.553s] [ 13%] Built target nav2_spin_action_bt_node
[0.592s] [ 14%] Built target nav2_wait_action_bt_node
[0.671s] [ 15%] Built target nav2_assisted_teleop_action_bt_node
[0.683s] [ 16%] Built target nav2_clear_costmap_service_bt_node
[0.696s] [ 17%] Built target nav2_transform_available_condition_bt_node
[0.712s] [ 18%] Built target nav2_is_stuck_condition_bt_node
[0.754s] [ 19%] Built target nav2_goal_reached_condition_bt_node
[0.812s] [ 19%] Built target nav2_goal_updated_condition_bt_node
[0.834s] [ 20%] Built target nav2_is_path_valid_condition_bt_node
[0.834s] [ 21%] Built target nav2_globally_updated_goal_condition_bt_node
[0.925s] [ 23%] Built target nav2_path_expiring_timer_condition
[0.930s] [ 23%] Built target nav2_time_expired_condition_bt_node
[1.018s] [ 24%] Built target nav2_distance_traveled_condition_bt_node
[1.098s] [ 25%] Built target nav2_initial_pose_received_condition_bt_node
[1.151s] [ 26%] Built target nav2_is_battery_charging_condition_bt_node
[1.151s] [ 27%] Built target nav2_is_battery_low_condition_bt_node
[1.254s] [ 28%] Built target nav2_reinitialize_global_localization_service_bt_node
[1.294s] [ 30%] Built target nav2_rate_controller_bt_node
[1.294s] [ 30%] Built target nav2_distance_controller_bt_node
[1.299s] [ 31%] Built target nav2_speed_controller_bt_node
[1.323s] [ 32%] Built target nav2_truncate_path_action_bt_node
[1.359s] [ 33%] Built target nav2_path_longer_on_approach_bt_node
[1.376s] [ 34%] Built target nav2_goal_updater_node_bt_node
[1.385s] [ 35%] Built target nav2_recovery_node_bt_node
[1.388s] [ 36%] Built target nav2_truncate_path_local_action_bt_node
[1.429s] [ 37%] Built target nav2_navigate_to_pose_action_bt_node
[1.455s] [ 38%] Built target nav2_navigate_through_poses_action_bt_node
[1.457s] [ 39%] Built target nav2_remove_passed_goals_action_bt_node
[1.470s] [ 40%] Built target nav2_get_pose_from_path_action_bt_node
[1.476s] [ 41%] Built target nav2_pipeline_sequence_bt_node
[1.509s] [ 42%] Built target nav2_single_trigger_bt_node
[1.510s] [ 43%] Built target nav2_round_robin_node_bt_node
[1.524s] [ 44%] Built target nav2_planner_selector_bt_node
[1.554s] [ 45%] Built target nav2_controller_selector_bt_node
[1.558s] [ 46%] Built target nav2_goal_checker_selector_bt_node
[1.570s] [ 48%] Built target nav2_progress_checker_selector_bt_node
[1.570s] [ 48%] Built target nav2_smoother_selector_bt_node
[1.592s] [ 49%] Built target gtest_main
[1.607s] [ 50%] Built target nav2_goal_updated_controller_bt_node
[1.611s] [ 50%] Built target gtest
[1.660s] [ 51%] Built target test_bt_conversions
[1.666s] [ 52%] Built target test_condition_path_expiring_timer
[1.677s] [ 53%] Built target test_condition_distance_traveled
[1.684s] [ 53%] Built target test_condition_time_expired
[1.733s] [ 54%] Built target test_condition_goal_reached
[1.735s] [ 55%] Built target test_condition_goal_updated
[1.742s] [ 56%] Built target test_condition_globally_updated_goal
[1.765s] [ 57%] Built target test_condition_initial_pose_received
[1.788s] [ 58%] Built target test_condition_is_stuck
[1.803s] [ 59%] Built target test_condition_is_battery_charging
[1.819s] [ 60%] Built target test_condition_transform_available
[1.849s] [ 61%] Built target test_condition_is_battery_low
[1.852s] [ 62%] Built target test_condition_is_path_valid
[1.869s] [ 63%] Built target test_decorator_speed_controller
[1.870s] [ 64%] Built target test_decorator_distance_controller
[1.917s] [ 65%] Built target test_decorator_rate_controller
[1.934s] [ 66%] Built target test_goal_updater_node
[1.940s] [ 67%] Built target test_single_trigger_node
[1.956s] [ 68%] Built target test_goal_updated_controller
[1.998s] [ 69%] Built target test_decorator_path_longer_on_approach
[2.004s] [ 70%] Built target test_control_pipeline_sequence
[2.019s] [ 71%] Built target test_control_recovery_node
[2.026s] [ 72%] Built target test_control_round_robin_node
[2.079s] [ 73%] Built target test_action_spin_action
[2.086s] [ 74%] Built target test_bt_action_node
[2.120s] [ 75%] Built target test_action_drive_on_heading
[2.127s] [ 76%] Built target test_action_back_up_action
[2.165s] [ 77%] Built target test_action_assisted_teleop_action
[2.209s] [ 78%] Built target test_action_wait_action
[2.241s] [ 79%] Built target test_action_controller_cancel_action
[2.246s] [ 80%] Built target test_action_wait_cancel_action
[2.267s] [ 81%] Built target test_action_spin_cancel_action
[2.292s] [ 82%] Built target test_action_back_up_cancel_action
[2.328s] [ 83%] Built target test_action_assisted_teleop_cancel_action
[2.345s] [ 84%] Built target test_action_drive_on_heading_cancel_action
[2.356s] [ 85%] Built target test_action_clear_costmap_service
[2.394s] [ 86%] Built target test_action_compute_path_to_pose_action
[2.394s] [ 87%] Built target test_action_reinitialize_global_localization_service
[2.420s] [ 88%] Built target test_action_compute_path_through_poses_action
[2.445s] [ 89%] Built target test_action_smooth_path_action
[2.458s] [ 90%] Built target test_action_navigate_to_pose_action
[2.462s] [ 90%] Built target test_action_follow_path_action
[2.475s] [ 91%] Built target test_action_navigate_through_poses_action
[2.524s] [ 92%] Built target test_remove_passed_goals_action
[2.534s] [ 93%] Built target test_get_pose_from_path_action
[2.534s] [ 94%] Built target test_truncate_path_local_action
[2.534s] [ 95%] Built target test_truncate_path_action
[2.574s] [ 96%] Built target test_planner_selector_node
[2.600s] [ 97%] Built target test_controller_selector_node
[2.601s] [ 98%] Built target test_smoother_selector_node
[2.603s] [ 99%] Built target test_goal_checker_selector_node
[2.625s] [100%] Built target test_progress_checker_selector_node
[2.649s] Invoked command in '/home/wb/ros_ws/build/nav2_behavior_tree' returned '0': CMAKE_PREFIX_PATH=/home/wb/ros_ws/install/nav2_util:/home/wb/ros_ws/install/nav2_msgs:/home/wb/ros_ws/install/nav2_common:/home/wb/ros_ws/install/nav2_system_tests:/home/wb/ros_ws/install/my_robot_navigation:/home/wb/ros_ws/install/nav2_bringup:/home/wb/ros_ws/install/navigation2:/home/wb/ros_ws/install/nav2_smoother:/home/wb/ros_ws/install/nav2_rotation_shim_controller:/home/wb/ros_ws/install/nav2_graceful_controller:/home/wb/ros_ws/install/nav2_dwb_controller:/home/wb/ros_ws/install/nav2_controller:/home/wb/ros_ws/install/dwb_plugins:/home/wb/ros_ws/install/dwb_critics:/home/wb/ros_ws/install/dwb_core:/home/wb/ros_ws/install/nav_2d_utils:/home/wb/ros_ws/install/dwb_msgs:/home/wb/ros_ws/install/nav_2d_msgs:/home/wb/ros_ws/install/nav2_waypoint_follower:/home/wb/ros_ws/install/nav2_theta_star_planner:/home/wb/ros_ws/install/nav2_smac_planner:/home/wb/ros_ws/install/nav2_regulated_pure_pursuit_controller:/home/wb/ros_ws/install/nav2_planner:/home/wb/ros_ws/install/nav2_navfn_planner:/home/wb/ros_ws/install/nav2_mppi_controller:/home/wb/ros_ws/install/nav2_constrained_smoother:/home/wb/ros_ws/install/nav2_bt_navigator:/home/wb/ros_ws/install/nav2_behaviors:/home/wb/ros_ws/install/nav2_core:/home/wb/ros_ws/install/nav2_collision_monitor:/home/wb/ros_ws/install/costmap_queue:/home/wb/ros_ws/install/nav2_costmap_2d:/home/wb/ros_ws/install/nav2_voxel_grid:/home/wb/ros_ws/install/nav2_velocity_smoother:/home/wb/ros_ws/install/nav2_rviz_plugins:/home/wb/ros_ws/install/nav2_map_server:/home/wb/ros_ws/install/nav2_lifecycle_manager:/home/wb/ros_ws/install/nav2_behavior_tree:/home/wb/ros_ws/install/nav2_amcl:/home/wb/ros_ws/install/my_robot_simulation:/home/wb/ros_ws/install/my_robot_description:/home/wb/ros_ws/install/nav2_simple_commander:/opt/ros/humble LD_LIBRARY_PATH=/home/wb/ros_ws/install/nav2_util/lib:/home/wb/ros_ws/install/nav2_msgs/lib:/opt/ros/humble/lib:/home/wb/ros_ws/install/nav2_smoother/lib:/home/wb/ros_ws/install/nav2_rotation_shim_controller/lib:/home/wb/ros_ws/install/nav2_graceful_controller/lib:/home/wb/ros_ws/install/nav2_controller/lib:/home/wb/ros_ws/install/dwb_plugins/lib:/home/wb/ros_ws/install/dwb_critics/lib:/home/wb/ros_ws/install/dwb_core/lib:/home/wb/ros_ws/install/nav_2d_utils/lib:/home/wb/ros_ws/install/dwb_msgs/lib:/home/wb/ros_ws/install/nav_2d_msgs/lib:/home/wb/ros_ws/install/nav2_waypoint_follower/lib:/home/wb/ros_ws/install/nav2_theta_star_planner/lib:/home/wb/ros_ws/install/nav2_smac_planner/lib:/home/wb/ros_ws/install/nav2_regulated_pure_pursuit_controller/lib:/home/wb/ros_ws/install/nav2_planner/lib:/home/wb/ros_ws/install/nav2_navfn_planner/lib:/home/wb/ros_ws/install/nav2_mppi_controller/lib:/home/wb/ros_ws/install/nav2_constrained_smoother/lib:/home/wb/ros_ws/install/nav2_bt_navigator/lib:/home/wb/ros_ws/install/nav2_behaviors/lib:/home/wb/ros_ws/install/nav2_collision_monitor/lib:/home/wb/ros_ws/install/costmap_queue/lib:/home/wb/ros_ws/install/nav2_costmap_2d/lib:/home/wb/ros_ws/install/nav2_voxel_grid/lib:/home/wb/ros_ws/install/nav2_velocity_smoother/lib:/home/wb/ros_ws/install/nav2_rviz_plugins/lib:/home/wb/ros_ws/install/nav2_map_server/lib:/home/wb/ros_ws/install/nav2_lifecycle_manager/lib:/home/wb/ros_ws/install/nav2_behavior_tree/lib:/home/wb/ros_ws/install/nav2_amcl/lib:/usr/lib/x86_64-linux-gnu/gazebo-11/plugins:/opt/ros/humble/opt/rviz_ogre_vendor/lib:/opt/ros/humble/lib/x86_64-linux-gnu:/opt/ros/humble/lib /usr/bin/cmake --build /home/wb/ros_ws/build/nav2_behavior_tree -- -j4 -l4
[2.651s] Invoking command in '/home/wb/ros_ws/build/nav2_behavior_tree': CMAKE_PREFIX_PATH=/home/wb/ros_ws/install/nav2_util:/home/wb/ros_ws/install/nav2_msgs:/home/wb/ros_ws/install/nav2_common:/home/wb/ros_ws/install/nav2_system_tests:/home/wb/ros_ws/install/my_robot_navigation:/home/wb/ros_ws/install/nav2_bringup:/home/wb/ros_ws/install/navigation2:/home/wb/ros_ws/install/nav2_smoother:/home/wb/ros_ws/install/nav2_rotation_shim_controller:/home/wb/ros_ws/install/nav2_graceful_controller:/home/wb/ros_ws/install/nav2_dwb_controller:/home/wb/ros_ws/install/nav2_controller:/home/wb/ros_ws/install/dwb_plugins:/home/wb/ros_ws/install/dwb_critics:/home/wb/ros_ws/install/dwb_core:/home/wb/ros_ws/install/nav_2d_utils:/home/wb/ros_ws/install/dwb_msgs:/home/wb/ros_ws/install/nav_2d_msgs:/home/wb/ros_ws/install/nav2_waypoint_follower:/home/wb/ros_ws/install/nav2_theta_star_planner:/home/wb/ros_ws/install/nav2_smac_planner:/home/wb/ros_ws/install/nav2_regulated_pure_pursuit_controller:/home/wb/ros_ws/install/nav2_planner:/home/wb/ros_ws/install/nav2_navfn_planner:/home/wb/ros_ws/install/nav2_mppi_controller:/home/wb/ros_ws/install/nav2_constrained_smoother:/home/wb/ros_ws/install/nav2_bt_navigator:/home/wb/ros_ws/install/nav2_behaviors:/home/wb/ros_ws/install/nav2_core:/home/wb/ros_ws/install/nav2_collision_monitor:/home/wb/ros_ws/install/costmap_queue:/home/wb/ros_ws/install/nav2_costmap_2d:/home/wb/ros_ws/install/nav2_voxel_grid:/home/wb/ros_ws/install/nav2_velocity_smoother:/home/wb/ros_ws/install/nav2_rviz_plugins:/home/wb/ros_ws/install/nav2_map_server:/home/wb/ros_ws/install/nav2_lifecycle_manager:/home/wb/ros_ws/install/nav2_behavior_tree:/home/wb/ros_ws/install/nav2_amcl:/home/wb/ros_ws/install/my_robot_simulation:/home/wb/ros_ws/install/my_robot_description:/home/wb/ros_ws/install/nav2_simple_commander:/opt/ros/humble LD_LIBRARY_PATH=/home/wb/ros_ws/install/nav2_util/lib:/home/wb/ros_ws/install/nav2_msgs/lib:/opt/ros/humble/lib:/home/wb/ros_ws/install/nav2_smoother/lib:/home/wb/ros_ws/install/nav2_rotation_shim_controller/lib:/home/wb/ros_ws/install/nav2_graceful_controller/lib:/home/wb/ros_ws/install/nav2_controller/lib:/home/wb/ros_ws/install/dwb_plugins/lib:/home/wb/ros_ws/install/dwb_critics/lib:/home/wb/ros_ws/install/dwb_core/lib:/home/wb/ros_ws/install/nav_2d_utils/lib:/home/wb/ros_ws/install/dwb_msgs/lib:/home/wb/ros_ws/install/nav_2d_msgs/lib:/home/wb/ros_ws/install/nav2_waypoint_follower/lib:/home/wb/ros_ws/install/nav2_theta_star_planner/lib:/home/wb/ros_ws/install/nav2_smac_planner/lib:/home/wb/ros_ws/install/nav2_regulated_pure_pursuit_controller/lib:/home/wb/ros_ws/install/nav2_planner/lib:/home/wb/ros_ws/install/nav2_navfn_planner/lib:/home/wb/ros_ws/install/nav2_mppi_controller/lib:/home/wb/ros_ws/install/nav2_constrained_smoother/lib:/home/wb/ros_ws/install/nav2_bt_navigator/lib:/home/wb/ros_ws/install/nav2_behaviors/lib:/home/wb/ros_ws/install/nav2_collision_monitor/lib:/home/wb/ros_ws/install/costmap_queue/lib:/home/wb/ros_ws/install/nav2_costmap_2d/lib:/home/wb/ros_ws/install/nav2_voxel_grid/lib:/home/wb/ros_ws/install/nav2_velocity_smoother/lib:/home/wb/ros_ws/install/nav2_rviz_plugins/lib:/home/wb/ros_ws/install/nav2_map_server/lib:/home/wb/ros_ws/install/nav2_lifecycle_manager/lib:/home/wb/ros_ws/install/nav2_behavior_tree/lib:/home/wb/ros_ws/install/nav2_amcl/lib:/usr/lib/x86_64-linux-gnu/gazebo-11/plugins:/opt/ros/humble/opt/rviz_ogre_vendor/lib:/opt/ros/humble/lib/x86_64-linux-gnu:/opt/ros/humble/lib /usr/bin/cmake --install /home/wb/ros_ws/build/nav2_behavior_tree
[2.667s] -- Install configuration: "Release"
[2.667s] -- Execute custom install script
[2.668s] -- Up-to-date symlink: /home/wb/ros_ws/install/nav2_behavior_tree/lib/libnav2_behavior_tree.so
[2.668s] -- Up-to-date symlink: /home/wb/ros_ws/install/nav2_behavior_tree/lib/libnav2_compute_path_to_pose_action_bt_node.so
[2.670s] -- Up-to-date symlink: /home/wb/ros_ws/install/nav2_behavior_tree/lib/libnav2_compute_path_through_poses_action_bt_node.so
[2.672s] -- Up-to-date symlink: /home/wb/ros_ws/install/nav2_behavior_tree/lib/libnav2_controller_cancel_bt_node.so
[2.673s] -- Up-to-date symlink: /home/wb/ros_ws/install/nav2_behavior_tree/lib/libnav2_wait_cancel_bt_node.so
[2.673s] -- Up-to-date symlink: /home/wb/ros_ws/install/nav2_behavior_tree/lib/libnav2_spin_cancel_bt_node.so
[2.673s] -- Up-to-date symlink: /home/wb/ros_ws/install/nav2_behavior_tree/lib/libnav2_back_up_cancel_bt_node.so
[2.674s] -- Up-to-date symlink: /home/wb/ros_ws/install/nav2_behavior_tree/lib/libnav2_assisted_teleop_cancel_bt_node.so
[2.674s] -- Up-to-date symlink: /home/wb/ros_ws/install/nav2_behavior_tree/lib/libnav2_drive_on_heading_cancel_bt_node.so
[2.674s] -- Up-to-date symlink: /home/wb/ros_ws/install/nav2_behavior_tree/lib/libnav2_smooth_path_action_bt_node.so
[2.674s] -- Up-to-date symlink: /home/wb/ros_ws/install/nav2_behavior_tree/lib/libnav2_follow_path_action_bt_node.so
[2.674s] -- Up-to-date symlink: /home/wb/ros_ws/install/nav2_behavior_tree/lib/libnav2_back_up_action_bt_node.so
[2.674s] -- Up-to-date symlink: /home/wb/ros_ws/install/nav2_behavior_tree/lib/libnav2_drive_on_heading_bt_node.so
[2.675s] -- Up-to-date symlink: /home/wb/ros_ws/install/nav2_behavior_tree/lib/libnav2_spin_action_bt_node.so
[2.675s] -- Up-to-date symlink: /home/wb/ros_ws/install/nav2_behavior_tree/lib/libnav2_wait_action_bt_node.so
[2.675s] -- Up-to-date symlink: /home/wb/ros_ws/install/nav2_behavior_tree/lib/libnav2_assisted_teleop_action_bt_node.so
[2.677s] -- Up-to-date symlink: /home/wb/ros_ws/install/nav2_behavior_tree/lib/libnav2_clear_costmap_service_bt_node.so
[2.678s] -- Up-to-date symlink: /home/wb/ros_ws/install/nav2_behavior_tree/lib/libnav2_is_stuck_condition_bt_node.so
[2.678s] -- Up-to-date symlink: /home/wb/ros_ws/install/nav2_behavior_tree/lib/libnav2_transform_available_condition_bt_node.so
[2.678s] -- Up-to-date symlink: /home/wb/ros_ws/install/nav2_behavior_tree/lib/libnav2_goal_reached_condition_bt_node.so
[2.678s] -- Up-to-date symlink: /home/wb/ros_ws/install/nav2_behavior_tree/lib/libnav2_globally_updated_goal_condition_bt_node.so
[2.678s] -- Up-to-date symlink: /home/wb/ros_ws/install/nav2_behavior_tree/lib/libnav2_goal_updated_condition_bt_node.so
[2.678s] -- Up-to-date symlink: /home/wb/ros_ws/install/nav2_behavior_tree/lib/libnav2_is_path_valid_condition_bt_node.so
[2.678s] -- Up-to-date symlink: /home/wb/ros_ws/install/nav2_behavior_tree/lib/libnav2_time_expired_condition_bt_node.so
[2.678s] -- Up-to-date symlink: /home/wb/ros_ws/install/nav2_behavior_tree/lib/libnav2_path_expiring_timer_condition.so
[2.678s] -- Up-to-date symlink: /home/wb/ros_ws/install/nav2_behavior_tree/lib/libnav2_distance_traveled_condition_bt_node.so
[2.679s] -- Up-to-date symlink: /home/wb/ros_ws/install/nav2_behavior_tree/lib/libnav2_initial_pose_received_condition_bt_node.so
[2.679s] -- Up-to-date symlink: /home/wb/ros_ws/install/nav2_behavior_tree/lib/libnav2_is_battery_charging_condition_bt_node.so
[2.679s] -- Up-to-date symlink: /home/wb/ros_ws/install/nav2_behavior_tree/lib/libnav2_is_battery_low_condition_bt_node.so
[2.680s] -- Up-to-date symlink: /home/wb/ros_ws/install/nav2_behavior_tree/lib/libnav2_reinitialize_global_localization_service_bt_node.so
[2.680s] -- Up-to-date symlink: /home/wb/ros_ws/install/nav2_behavior_tree/lib/libnav2_rate_controller_bt_node.so
[2.681s] -- Up-to-date symlink: /home/wb/ros_ws/install/nav2_behavior_tree/lib/libnav2_distance_controller_bt_node.so
[2.681s] -- Up-to-date symlink: /home/wb/ros_ws/install/nav2_behavior_tree/lib/libnav2_speed_controller_bt_node.so
[2.681s] -- Up-to-date symlink: /home/wb/ros_ws/install/nav2_behavior_tree/lib/libnav2_truncate_path_action_bt_node.so
[2.682s] -- Up-to-date symlink: /home/wb/ros_ws/install/nav2_behavior_tree/lib/libnav2_truncate_path_local_action_bt_node.so
[2.682s] -- Up-to-date symlink: /home/wb/ros_ws/install/nav2_behavior_tree/lib/libnav2_goal_updater_node_bt_node.so
[2.682s] -- Up-to-date symlink: /home/wb/ros_ws/install/nav2_behavior_tree/lib/libnav2_path_longer_on_approach_bt_node.so
[2.682s] -- Up-to-date symlink: /home/wb/ros_ws/install/nav2_behavior_tree/lib/libnav2_recovery_node_bt_node.so
[2.682s] -- Up-to-date symlink: /home/wb/ros_ws/install/nav2_behavior_tree/lib/libnav2_navigate_to_pose_action_bt_node.so
[2.682s] -- Up-to-date symlink: /home/wb/ros_ws/install/nav2_behavior_tree/lib/libnav2_navigate_through_poses_action_bt_node.so
[2.682s] -- Up-to-date symlink: /home/wb/ros_ws/install/nav2_behavior_tree/lib/libnav2_remove_passed_goals_action_bt_node.so
[2.683s] -- Up-to-date symlink: /home/wb/ros_ws/install/nav2_behavior_tree/lib/libnav2_get_pose_from_path_action_bt_node.so
[2.684s] -- Up-to-date symlink: /home/wb/ros_ws/install/nav2_behavior_tree/lib/libnav2_pipeline_sequence_bt_node.so
[2.684s] -- Up-to-date symlink: /home/wb/ros_ws/install/nav2_behavior_tree/lib/libnav2_round_robin_node_bt_node.so
[2.684s] -- Up-to-date symlink: /home/wb/ros_ws/install/nav2_behavior_tree/lib/libnav2_single_trigger_bt_node.so
[2.685s] -- Up-to-date symlink: /home/wb/ros_ws/install/nav2_behavior_tree/lib/libnav2_planner_selector_bt_node.so
[2.685s] -- Up-to-date symlink: /home/wb/ros_ws/install/nav2_behavior_tree/lib/libnav2_controller_selector_bt_node.so
[2.685s] -- Up-to-date symlink: /home/wb/ros_ws/install/nav2_behavior_tree/lib/libnav2_smoother_selector_bt_node.so
[2.685s] -- Up-to-date symlink: /home/wb/ros_ws/install/nav2_behavior_tree/lib/libnav2_goal_checker_selector_bt_node.so
[2.685s] -- Up-to-date symlink: /home/wb/ros_ws/install/nav2_behavior_tree/lib/libnav2_progress_checker_selector_bt_node.so
[2.685s] -- Up-to-date symlink: /home/wb/ros_ws/install/nav2_behavior_tree/lib/libnav2_goal_updated_controller_bt_node.so
[2.686s] -- Up-to-date symlink: /home/wb/ros_ws/install/nav2_behavior_tree/include//nav2_behavior_tree/behavior_tree_engine.hpp
[2.686s] -- Up-to-date symlink: /home/wb/ros_ws/install/nav2_behavior_tree/include//nav2_behavior_tree/bt_action_node.hpp
[2.686s] -- Up-to-date symlink: /home/wb/ros_ws/install/nav2_behavior_tree/include//nav2_behavior_tree/bt_action_server.hpp
[2.686s] -- Up-to-date symlink: /home/wb/ros_ws/install/nav2_behavior_tree/include//nav2_behavior_tree/bt_action_server_impl.hpp
[2.686s] -- Up-to-date symlink: /home/wb/ros_ws/install/nav2_behavior_tree/include//nav2_behavior_tree/bt_cancel_action_node.hpp
[2.687s] -- Up-to-date symlink: /home/wb/ros_ws/install/nav2_behavior_tree/include//nav2_behavior_tree/bt_conversions.hpp
[2.687s] -- Up-to-date symlink: /home/wb/ros_ws/install/nav2_behavior_tree/include//nav2_behavior_tree/bt_service_node.hpp
[2.687s] -- Up-to-date symlink: /home/wb/ros_ws/install/nav2_behavior_tree/include//nav2_behavior_tree/plugins/action/assisted_teleop_action.hpp
[2.687s] -- Up-to-date symlink: /home/wb/ros_ws/install/nav2_behavior_tree/include//nav2_behavior_tree/plugins/action/assisted_teleop_cancel_node.hpp
[2.687s] -- Up-to-date symlink: /home/wb/ros_ws/install/nav2_behavior_tree/include//nav2_behavior_tree/plugins/action/back_up_action.hpp
[2.687s] -- Up-to-date symlink: /home/wb/ros_ws/install/nav2_behavior_tree/include//nav2_behavior_tree/plugins/action/back_up_cancel_node.hpp
[2.687s] -- Up-to-date symlink: /home/wb/ros_ws/install/nav2_behavior_tree/include//nav2_behavior_tree/plugins/action/clear_costmap_service.hpp
[2.687s] -- Up-to-date symlink: /home/wb/ros_ws/install/nav2_behavior_tree/include//nav2_behavior_tree/plugins/action/compute_path_through_poses_action.hpp
[2.687s] -- Up-to-date symlink: /home/wb/ros_ws/install/nav2_behavior_tree/include//nav2_behavior_tree/plugins/action/compute_path_to_pose_action.hpp
[2.687s] -- Up-to-date symlink: /home/wb/ros_ws/install/nav2_behavior_tree/include//nav2_behavior_tree/plugins/action/controller_cancel_node.hpp
[2.687s] -- Up-to-date symlink: /home/wb/ros_ws/install/nav2_behavior_tree/include//nav2_behavior_tree/plugins/action/controller_selector_node.hpp
[2.687s] -- Up-to-date symlink: /home/wb/ros_ws/install/nav2_behavior_tree/include//nav2_behavior_tree/plugins/action/drive_on_heading_action.hpp
[2.687s] -- Up-to-date symlink: /home/wb/ros_ws/install/nav2_behavior_tree/include//nav2_behavior_tree/plugins/action/drive_on_heading_cancel_node.hpp
[2.687s] -- Up-to-date symlink: /home/wb/ros_ws/install/nav2_behavior_tree/include//nav2_behavior_tree/plugins/action/follow_path_action.hpp
[2.687s] -- Up-to-date symlink: /home/wb/ros_ws/install/nav2_behavior_tree/include//nav2_behavior_tree/plugins/action/get_pose_from_path_action.hpp
[2.687s] -- Up-to-date symlink: /home/wb/ros_ws/install/nav2_behavior_tree/include//nav2_behavior_tree/plugins/action/goal_checker_selector_node.hpp
[2.687s] -- Up-to-date symlink: /home/wb/ros_ws/install/nav2_behavior_tree/include//nav2_behavior_tree/plugins/action/navigate_through_poses_action.hpp
[2.687s] -- Up-to-date symlink: /home/wb/ros_ws/install/nav2_behavior_tree/include//nav2_behavior_tree/plugins/action/navigate_to_pose_action.hpp
[2.687s] -- Up-to-date symlink: /home/wb/ros_ws/install/nav2_behavior_tree/include//nav2_behavior_tree/plugins/action/planner_selector_node.hpp
[2.687s] -- Up-to-date symlink: /home/wb/ros_ws/install/nav2_behavior_tree/include//nav2_behavior_tree/plugins/action/progress_checker_selector_node.hpp
[2.687s] -- Up-to-date symlink: /home/wb/ros_ws/install/nav2_behavior_tree/include//nav2_behavior_tree/plugins/action/reinitialize_global_localization_service.hpp
[2.688s] -- Up-to-date symlink: /home/wb/ros_ws/install/nav2_behavior_tree/include//nav2_behavior_tree/plugins/action/remove_passed_goals_action.hpp
[2.688s] -- Up-to-date symlink: /home/wb/ros_ws/install/nav2_behavior_tree/include//nav2_behavior_tree/plugins/action/smooth_path_action.hpp
[2.688s] -- Up-to-date symlink: /home/wb/ros_ws/install/nav2_behavior_tree/include//nav2_behavior_tree/plugins/action/smoother_selector_node.hpp
[2.688s] -- Up-to-date symlink: /home/wb/ros_ws/install/nav2_behavior_tree/include//nav2_behavior_tree/plugins/action/spin_action.hpp
[2.690s] -- Up-to-date symlink: /home/wb/ros_ws/install/nav2_behavior_tree/include//nav2_behavior_tree/plugins/action/spin_cancel_node.hpp
[2.691s] -- Up-to-date symlink: /home/wb/ros_ws/install/nav2_behavior_tree/include//nav2_behavior_tree/plugins/action/truncate_path_action.hpp
[2.693s] -- Up-to-date symlink: /home/wb/ros_ws/install/nav2_behavior_tree/include//nav2_behavior_tree/plugins/action/truncate_path_local_action.hpp
[2.693s] -- Up-to-date symlink: /home/wb/ros_ws/install/nav2_behavior_tree/include//nav2_behavior_tree/plugins/action/wait_action.hpp
[2.693s] -- Up-to-date symlink: /home/wb/ros_ws/install/nav2_behavior_tree/include//nav2_behavior_tree/plugins/action/wait_cancel_node.hpp
[2.693s] -- Up-to-date symlink: /home/wb/ros_ws/install/nav2_behavior_tree/include//nav2_behavior_tree/plugins/condition/distance_traveled_condition.hpp
[2.693s] -- Up-to-date symlink: /home/wb/ros_ws/install/nav2_behavior_tree/include//nav2_behavior_tree/plugins/condition/globally_updated_goal_condition.hpp
[2.693s] -- Up-to-date symlink: /home/wb/ros_ws/install/nav2_behavior_tree/include//nav2_behavior_tree/plugins/condition/goal_reached_condition.hpp
[2.693s] -- Up-to-date symlink: /home/wb/ros_ws/install/nav2_behavior_tree/include//nav2_behavior_tree/plugins/condition/goal_updated_condition.hpp
[2.693s] -- Up-to-date symlink: /home/wb/ros_ws/install/nav2_behavior_tree/include//nav2_behavior_tree/plugins/condition/initial_pose_received_condition.hpp
[2.694s] -- Up-to-date symlink: /home/wb/ros_ws/install/nav2_behavior_tree/include//nav2_behavior_tree/plugins/condition/is_battery_charging_condition.hpp
[2.694s] -- Up-to-date symlink: /home/wb/ros_ws/install/nav2_behavior_tree/include//nav2_behavior_tree/plugins/condition/is_battery_low_condition.hpp
[2.694s] -- Up-to-date symlink: /home/wb/ros_ws/install/nav2_behavior_tree/include//nav2_behavior_tree/plugins/condition/is_path_valid_condition.hpp
[2.694s] -- Up-to-date symlink: /home/wb/ros_ws/install/nav2_behavior_tree/include//nav2_behavior_tree/plugins/condition/is_stuck_condition.hpp
[2.694s] -- Up-to-date symlink: /home/wb/ros_ws/install/nav2_behavior_tree/include//nav2_behavior_tree/plugins/condition/path_expiring_timer_condition.hpp
[2.694s] -- Up-to-date symlink: /home/wb/ros_ws/install/nav2_behavior_tree/include//nav2_behavior_tree/plugins/condition/time_expired_condition.hpp
[2.694s] -- Up-to-date symlink: /home/wb/ros_ws/install/nav2_behavior_tree/include//nav2_behavior_tree/plugins/condition/transform_available_condition.hpp
[2.694s] -- Up-to-date symlink: /home/wb/ros_ws/install/nav2_behavior_tree/include//nav2_behavior_tree/plugins/control/pipeline_sequence.hpp
[2.694s] -- Up-to-date symlink: /home/wb/ros_ws/install/nav2_behavior_tree/include//nav2_behavior_tree/plugins/control/recovery_node.hpp
[2.694s] -- Up-to-date symlink: /home/wb/ros_ws/install/nav2_behavior_tree/include//nav2_behavior_tree/plugins/control/round_robin_node.hpp
[2.694s] -- Up-to-date symlink: /home/wb/ros_ws/install/nav2_behavior_tree/include//nav2_behavior_tree/plugins/decorator/distance_controller.hpp
[2.694s] -- Up-to-date symlink: /home/wb/ros_ws/install/nav2_behavior_tree/include//nav2_behavior_tree/plugins/decorator/goal_updated_controller.hpp
[2.694s] -- Up-to-date symlink: /home/wb/ros_ws/install/nav2_behavior_tree/include//nav2_behavior_tree/plugins/decorator/goal_updater_node.hpp
[2.694s] -- Up-to-date symlink: /home/wb/ros_ws/install/nav2_behavior_tree/include//nav2_behavior_tree/plugins/decorator/path_longer_on_approach.hpp
[2.694s] -- Up-to-date symlink: /home/wb/ros_ws/install/nav2_behavior_tree/include//nav2_behavior_tree/plugins/decorator/rate_controller.hpp
[2.694s] -- Up-to-date symlink: /home/wb/ros_ws/install/nav2_behavior_tree/include//nav2_behavior_tree/plugins/decorator/single_trigger_node.hpp
[2.694s] -- Up-to-date symlink: /home/wb/ros_ws/install/nav2_behavior_tree/include//nav2_behavior_tree/plugins/decorator/speed_controller.hpp
[2.694s] -- Up-to-date symlink: /home/wb/ros_ws/install/nav2_behavior_tree/include//nav2_behavior_tree/ros_topic_logger.hpp
[2.694s] -- Up-to-date symlink: /home/wb/ros_ws/install/nav2_behavior_tree/share/nav2_behavior_tree/nav2_tree_nodes.xml
[2.694s] -- Up-to-date symlink: /home/wb/ros_ws/install/nav2_behavior_tree/share/nav2_behavior_tree/environment/library_path.sh
[2.695s] -- Up-to-date symlink: /home/wb/ros_ws/install/nav2_behavior_tree/share/nav2_behavior_tree/environment/library_path.dsv
[2.695s] -- Up-to-date symlink: /home/wb/ros_ws/install/nav2_behavior_tree/share/ament_index/resource_index/package_run_dependencies/nav2_behavior_tree
[2.695s] -- Up-to-date symlink: /home/wb/ros_ws/install/nav2_behavior_tree/share/ament_index/resource_index/parent_prefix_path/nav2_behavior_tree
[2.695s] -- Up-to-date symlink: /home/wb/ros_ws/install/nav2_behavior_tree/share/nav2_behavior_tree/environment/ament_prefix_path.sh
[2.695s] -- Up-to-date symlink: /home/wb/ros_ws/install/nav2_behavior_tree/share/nav2_behavior_tree/environment/ament_prefix_path.dsv
[2.695s] -- Up-to-date symlink: /home/wb/ros_ws/install/nav2_behavior_tree/share/nav2_behavior_tree/environment/path.sh
[2.695s] -- Up-to-date symlink: /home/wb/ros_ws/install/nav2_behavior_tree/share/nav2_behavior_tree/environment/path.dsv
[2.695s] -- Up-to-date symlink: /home/wb/ros_ws/install/nav2_behavior_tree/share/nav2_behavior_tree/local_setup.bash
[2.695s] -- Up-to-date symlink: /home/wb/ros_ws/install/nav2_behavior_tree/share/nav2_behavior_tree/local_setup.sh
[2.695s] -- Up-to-date symlink: /home/wb/ros_ws/install/nav2_behavior_tree/share/nav2_behavior_tree/local_setup.zsh
[2.695s] -- Up-to-date symlink: /home/wb/ros_ws/install/nav2_behavior_tree/share/nav2_behavior_tree/local_setup.dsv
[2.695s] -- Symlinking: /home/wb/ros_ws/install/nav2_behavior_tree/share/nav2_behavior_tree/package.dsv
[2.706s] -- Up-to-date symlink: /home/wb/ros_ws/install/nav2_behavior_tree/share/ament_index/resource_index/packages/nav2_behavior_tree
[2.707s] -- Up-to-date symlink: /home/wb/ros_ws/install/nav2_behavior_tree/share/nav2_behavior_tree/cmake/ament_cmake_export_include_directories-extras.cmake
[2.707s] -- Up-to-date symlink: /home/wb/ros_ws/install/nav2_behavior_tree/share/nav2_behavior_tree/cmake/ament_cmake_export_libraries-extras.cmake
[2.708s] -- Up-to-date symlink: /home/wb/ros_ws/install/nav2_behavior_tree/share/nav2_behavior_tree/cmake/ament_cmake_export_dependencies-extras.cmake
[2.708s] -- Up-to-date symlink: /home/wb/ros_ws/install/nav2_behavior_tree/share/nav2_behavior_tree/cmake/nav2_behavior_treeConfig.cmake
[2.710s] -- Up-to-date symlink: /home/wb/ros_ws/install/nav2_behavior_tree/share/nav2_behavior_tree/cmake/nav2_behavior_treeConfig-version.cmake
[2.716s] -- Up-to-date symlink: /home/wb/ros_ws/install/nav2_behavior_tree/share/nav2_behavior_tree/package.xml
[2.733s] Invoked command in '/home/wb/ros_ws/build/nav2_behavior_tree' returned '0': CMAKE_PREFIX_PATH=/home/wb/ros_ws/install/nav2_util:/home/wb/ros_ws/install/nav2_msgs:/home/wb/ros_ws/install/nav2_common:/home/wb/ros_ws/install/nav2_system_tests:/home/wb/ros_ws/install/my_robot_navigation:/home/wb/ros_ws/install/nav2_bringup:/home/wb/ros_ws/install/navigation2:/home/wb/ros_ws/install/nav2_smoother:/home/wb/ros_ws/install/nav2_rotation_shim_controller:/home/wb/ros_ws/install/nav2_graceful_controller:/home/wb/ros_ws/install/nav2_dwb_controller:/home/wb/ros_ws/install/nav2_controller:/home/wb/ros_ws/install/dwb_plugins:/home/wb/ros_ws/install/dwb_critics:/home/wb/ros_ws/install/dwb_core:/home/wb/ros_ws/install/nav_2d_utils:/home/wb/ros_ws/install/dwb_msgs:/home/wb/ros_ws/install/nav_2d_msgs:/home/wb/ros_ws/install/nav2_waypoint_follower:/home/wb/ros_ws/install/nav2_theta_star_planner:/home/wb/ros_ws/install/nav2_smac_planner:/home/wb/ros_ws/install/nav2_regulated_pure_pursuit_controller:/home/wb/ros_ws/install/nav2_planner:/home/wb/ros_ws/install/nav2_navfn_planner:/home/wb/ros_ws/install/nav2_mppi_controller:/home/wb/ros_ws/install/nav2_constrained_smoother:/home/wb/ros_ws/install/nav2_bt_navigator:/home/wb/ros_ws/install/nav2_behaviors:/home/wb/ros_ws/install/nav2_core:/home/wb/ros_ws/install/nav2_collision_monitor:/home/wb/ros_ws/install/costmap_queue:/home/wb/ros_ws/install/nav2_costmap_2d:/home/wb/ros_ws/install/nav2_voxel_grid:/home/wb/ros_ws/install/nav2_velocity_smoother:/home/wb/ros_ws/install/nav2_rviz_plugins:/home/wb/ros_ws/install/nav2_map_server:/home/wb/ros_ws/install/nav2_lifecycle_manager:/home/wb/ros_ws/install/nav2_behavior_tree:/home/wb/ros_ws/install/nav2_amcl:/home/wb/ros_ws/install/my_robot_simulation:/home/wb/ros_ws/install/my_robot_description:/home/wb/ros_ws/install/nav2_simple_commander:/opt/ros/humble LD_LIBRARY_PATH=/home/wb/ros_ws/install/nav2_util/lib:/home/wb/ros_ws/install/nav2_msgs/lib:/opt/ros/humble/lib:/home/wb/ros_ws/install/nav2_smoother/lib:/home/wb/ros_ws/install/nav2_rotation_shim_controller/lib:/home/wb/ros_ws/install/nav2_graceful_controller/lib:/home/wb/ros_ws/install/nav2_controller/lib:/home/wb/ros_ws/install/dwb_plugins/lib:/home/wb/ros_ws/install/dwb_critics/lib:/home/wb/ros_ws/install/dwb_core/lib:/home/wb/ros_ws/install/nav_2d_utils/lib:/home/wb/ros_ws/install/dwb_msgs/lib:/home/wb/ros_ws/install/nav_2d_msgs/lib:/home/wb/ros_ws/install/nav2_waypoint_follower/lib:/home/wb/ros_ws/install/nav2_theta_star_planner/lib:/home/wb/ros_ws/install/nav2_smac_planner/lib:/home/wb/ros_ws/install/nav2_regulated_pure_pursuit_controller/lib:/home/wb/ros_ws/install/nav2_planner/lib:/home/wb/ros_ws/install/nav2_navfn_planner/lib:/home/wb/ros_ws/install/nav2_mppi_controller/lib:/home/wb/ros_ws/install/nav2_constrained_smoother/lib:/home/wb/ros_ws/install/nav2_bt_navigator/lib:/home/wb/ros_ws/install/nav2_behaviors/lib:/home/wb/ros_ws/install/nav2_collision_monitor/lib:/home/wb/ros_ws/install/costmap_queue/lib:/home/wb/ros_ws/install/nav2_costmap_2d/lib:/home/wb/ros_ws/install/nav2_voxel_grid/lib:/home/wb/ros_ws/install/nav2_velocity_smoother/lib:/home/wb/ros_ws/install/nav2_rviz_plugins/lib:/home/wb/ros_ws/install/nav2_map_server/lib:/home/wb/ros_ws/install/nav2_lifecycle_manager/lib:/home/wb/ros_ws/install/nav2_behavior_tree/lib:/home/wb/ros_ws/install/nav2_amcl/lib:/usr/lib/x86_64-linux-gnu/gazebo-11/plugins:/opt/ros/humble/opt/rviz_ogre_vendor/lib:/opt/ros/humble/lib/x86_64-linux-gnu:/opt/ros/humble/lib /usr/bin/cmake --install /home/wb/ros_ws/build/nav2_behavior_tree
