[0.008s] Invoking command in '/home/wb/ros_ws/build/my_robot_description': CMAKE_PREFIX_PATH=${CMAKE_PREFIX_PATH}:/opt/ros/humble /usr/bin/cmake /home/wb/ros_ws/src/my_robot_description -DCMAKE_INSTALL_PREFIX=/home/wb/ros_ws/install/my_robot_description
[0.032s] -- Found ament_cmake: 1.3.11 (/opt/ros/humble/share/ament_cmake/cmake)
[0.101s] -- Override CMake install command with custom implementation using symlinks instead of copying resources
[0.107s] -- Found ament_lint_auto: 0.12.12 (/opt/ros/humble/share/ament_lint_auto/cmake)
[0.156s] -- Added test 'flake8' to check Python code syntax and style conventions
[0.156s] -- Added test 'lint_cmake' to check CMake code style
[0.157s] -- Added test 'pep257' to check Python code against some of the docstring style conventions in PEP 257
[0.158s] -- Added test 'xmllint' to check XML markup files
[0.159s] -- Configuring done
[0.161s] -- Generating done
[0.163s] -- Build files have been written to: /home/wb/ros_ws/build/my_robot_description
[0.165s] Invoked command in '/home/wb/ros_ws/build/my_robot_description' returned '0': CMAKE_PREFIX_PATH=${CMAKE_PREFIX_PATH}:/opt/ros/humble /usr/bin/cmake /home/wb/ros_ws/src/my_robot_description -DCMAKE_INSTALL_PREFIX=/home/wb/ros_ws/install/my_robot_description
[0.167s] Invoking command in '/home/wb/ros_ws/build/my_robot_description': CMAKE_PREFIX_PATH=${CMAKE_PREFIX_PATH}:/opt/ros/humble /usr/bin/cmake --build /home/wb/ros_ws/build/my_robot_description -- -j4 -l4
[0.197s] Invoked command in '/home/wb/ros_ws/build/my_robot_description' returned '0': CMAKE_PREFIX_PATH=${CMAKE_PREFIX_PATH}:/opt/ros/humble /usr/bin/cmake --build /home/wb/ros_ws/build/my_robot_description -- -j4 -l4
[0.203s] Invoking command in '/home/wb/ros_ws/build/my_robot_description': CMAKE_PREFIX_PATH=${CMAKE_PREFIX_PATH}:/opt/ros/humble /usr/bin/cmake --install /home/wb/ros_ws/build/my_robot_description
[0.209s] -- Install configuration: ""
[0.209s] -- Execute custom install script
[0.209s] -- Up-to-date symlink: /home/wb/ros_ws/install/my_robot_description/share/ament_index/resource_index/package_run_dependencies/my_robot_description
[0.209s] -- Up-to-date symlink: /home/wb/ros_ws/install/my_robot_description/share/ament_index/resource_index/parent_prefix_path/my_robot_description
[0.210s] -- Up-to-date symlink: /home/wb/ros_ws/install/my_robot_description/share/my_robot_description/environment/ament_prefix_path.sh
[0.210s] -- Up-to-date symlink: /home/wb/ros_ws/install/my_robot_description/share/my_robot_description/environment/ament_prefix_path.dsv
[0.210s] -- Up-to-date symlink: /home/wb/ros_ws/install/my_robot_description/share/my_robot_description/environment/path.sh
[0.210s] -- Up-to-date symlink: /home/wb/ros_ws/install/my_robot_description/share/my_robot_description/environment/path.dsv
[0.210s] -- Up-to-date symlink: /home/wb/ros_ws/install/my_robot_description/share/my_robot_description/local_setup.bash
[0.210s] -- Up-to-date symlink: /home/wb/ros_ws/install/my_robot_description/share/my_robot_description/local_setup.sh
[0.210s] -- Up-to-date symlink: /home/wb/ros_ws/install/my_robot_description/share/my_robot_description/local_setup.zsh
[0.210s] -- Up-to-date symlink: /home/wb/ros_ws/install/my_robot_description/share/my_robot_description/local_setup.dsv
[0.210s] -- Symlinking: /home/wb/ros_ws/install/my_robot_description/share/my_robot_description/package.dsv
[0.217s] -- Up-to-date symlink: /home/wb/ros_ws/install/my_robot_description/share/ament_index/resource_index/packages/my_robot_description
[0.217s] -- Up-to-date symlink: /home/wb/ros_ws/install/my_robot_description/share/my_robot_description/cmake/my_robot_descriptionConfig.cmake
[0.217s] -- Up-to-date symlink: /home/wb/ros_ws/install/my_robot_description/share/my_robot_description/cmake/my_robot_descriptionConfig-version.cmake
[0.217s] -- Up-to-date symlink: /home/wb/ros_ws/install/my_robot_description/share/my_robot_description/package.xml
[0.217s] -- Up-to-date symlink: /home/wb/ros_ws/install/my_robot_description/share/my_robot_description/urdf/model.config
[0.218s] -- Up-to-date symlink: /home/wb/ros_ws/install/my_robot_description/share/my_robot_description/urdf/model.urdf
[0.218s] -- Up-to-date symlink: /home/wb/ros_ws/install/my_robot_description/share/my_robot_description/urdf/my_robot.urdf.xacro
[0.218s] -- Up-to-date symlink: /home/wb/ros_ws/install/my_robot_description/share/my_robot_description/worlds/my_robot_world.world
[0.218s] -- Up-to-date symlink: /home/wb/ros_ws/install/my_robot_description/share/my_robot_description/launch/my_robot_sim.launch.py
[0.218s] -- Up-to-date symlink: /home/wb/ros_ws/install/my_robot_description/share/my_robot_description/model.urdf
[0.219s] -- Up-to-date symlink: /home/wb/ros_ws/install/my_robot_description/share/my_robot_description/model.config
[0.220s] Invoked command in '/home/wb/ros_ws/build/my_robot_description' returned '0': CMAKE_PREFIX_PATH=${CMAKE_PREFIX_PATH}:/opt/ros/humble /usr/bin/cmake --install /home/wb/ros_ws/build/my_robot_description
